[2025-02-15 13:54:23,327] {scheduler_job.py:182} INFO - Started process (PID=93) to work on /home/airflow/.local/lib/python3.6/site-packages/airflow/example_dags/example_dag_decorator.py
[2025-02-15 13:54:23,330] {scheduler_job.py:633} INFO - Processing file /home/airflow/.local/lib/python3.6/site-packages/airflow/example_dags/example_dag_decorator.py for tasks to queue
[2025-02-15 13:54:23,334] {logging_mixin.py:104} INFO - [2025-02-15 13:54:23,331] {dagbag.py:496} INFO - Filling up the DagBag from /home/airflow/.local/lib/python3.6/site-packages/airflow/example_dags/example_dag_decorator.py
[2025-02-15 13:54:23,446] {scheduler_job.py:643} INFO - DAG(s) dict_keys(['example_dag_decorator']) retrieved from /home/airflow/.local/lib/python3.6/site-packages/airflow/example_dags/example_dag_decorator.py
[2025-02-15 13:54:24,693] {logging_mixin.py:104} INFO - [2025-02-15 13:54:24,693] {dag.py:1833} INFO - Sync 1 DAGs
[2025-02-15 13:54:24,753] {logging_mixin.py:104} INFO - [2025-02-15 13:54:24,753] {dag.py:2306} INFO - Setting next_dagrun for example_dag_decorator to None
[2025-02-15 13:54:24,812] {scheduler_job.py:190} INFO - Processing /home/airflow/.local/lib/python3.6/site-packages/airflow/example_dags/example_dag_decorator.py took 1.496 seconds
[2025-02-15 13:54:57,477] {scheduler_job.py:182} INFO - Started process (PID=141) to work on /home/airflow/.local/lib/python3.6/site-packages/airflow/example_dags/example_dag_decorator.py
[2025-02-15 13:54:57,489] {scheduler_job.py:633} INFO - Processing file /home/airflow/.local/lib/python3.6/site-packages/airflow/example_dags/example_dag_decorator.py for tasks to queue
[2025-02-15 13:54:57,493] {logging_mixin.py:104} INFO - [2025-02-15 13:54:57,492] {dagbag.py:496} INFO - Filling up the DagBag from /home/airflow/.local/lib/python3.6/site-packages/airflow/example_dags/example_dag_decorator.py
[2025-02-15 13:54:57,672] {scheduler_job.py:643} INFO - DAG(s) dict_keys(['example_dag_decorator']) retrieved from /home/airflow/.local/lib/python3.6/site-packages/airflow/example_dags/example_dag_decorator.py
[2025-02-15 13:54:59,649] {logging_mixin.py:104} INFO - [2025-02-15 13:54:59,649] {dag.py:1833} INFO - Sync 1 DAGs
[2025-02-15 13:54:59,841] {logging_mixin.py:104} INFO - [2025-02-15 13:54:59,841] {dag.py:2306} INFO - Setting next_dagrun for example_dag_decorator to None
[2025-02-15 13:55:00,044] {scheduler_job.py:190} INFO - Processing /home/airflow/.local/lib/python3.6/site-packages/airflow/example_dags/example_dag_decorator.py took 2.593 seconds
[2025-02-15 13:55:30,194] {scheduler_job.py:182} INFO - Started process (PID=185) to work on /home/airflow/.local/lib/python3.6/site-packages/airflow/example_dags/example_dag_decorator.py
[2025-02-15 13:55:30,196] {scheduler_job.py:633} INFO - Processing file /home/airflow/.local/lib/python3.6/site-packages/airflow/example_dags/example_dag_decorator.py for tasks to queue
[2025-02-15 13:55:30,198] {logging_mixin.py:104} INFO - [2025-02-15 13:55:30,197] {dagbag.py:496} INFO - Filling up the DagBag from /home/airflow/.local/lib/python3.6/site-packages/airflow/example_dags/example_dag_decorator.py
[2025-02-15 13:55:30,252] {scheduler_job.py:643} INFO - DAG(s) dict_keys(['example_dag_decorator']) retrieved from /home/airflow/.local/lib/python3.6/site-packages/airflow/example_dags/example_dag_decorator.py
[2025-02-15 13:55:30,862] {logging_mixin.py:104} INFO - [2025-02-15 13:55:30,862] {dag.py:1833} INFO - Sync 1 DAGs
[2025-02-15 13:55:30,891] {logging_mixin.py:104} INFO - [2025-02-15 13:55:30,891] {dag.py:2306} INFO - Setting next_dagrun for example_dag_decorator to None
[2025-02-15 13:55:30,923] {scheduler_job.py:190} INFO - Processing /home/airflow/.local/lib/python3.6/site-packages/airflow/example_dags/example_dag_decorator.py took 0.736 seconds
[2025-02-15 13:56:01,308] {scheduler_job.py:182} INFO - Started process (PID=246) to work on /home/airflow/.local/lib/python3.6/site-packages/airflow/example_dags/example_dag_decorator.py
[2025-02-15 13:56:01,310] {scheduler_job.py:633} INFO - Processing file /home/airflow/.local/lib/python3.6/site-packages/airflow/example_dags/example_dag_decorator.py for tasks to queue
[2025-02-15 13:56:01,311] {logging_mixin.py:104} INFO - [2025-02-15 13:56:01,311] {dagbag.py:496} INFO - Filling up the DagBag from /home/airflow/.local/lib/python3.6/site-packages/airflow/example_dags/example_dag_decorator.py
[2025-02-15 13:56:01,337] {scheduler_job.py:643} INFO - DAG(s) dict_keys(['example_dag_decorator']) retrieved from /home/airflow/.local/lib/python3.6/site-packages/airflow/example_dags/example_dag_decorator.py
[2025-02-15 13:56:01,688] {logging_mixin.py:104} INFO - [2025-02-15 13:56:01,688] {dag.py:1833} INFO - Sync 1 DAGs
[2025-02-15 13:56:01,708] {logging_mixin.py:104} INFO - [2025-02-15 13:56:01,708] {dag.py:2306} INFO - Setting next_dagrun for example_dag_decorator to None
[2025-02-15 13:56:01,727] {scheduler_job.py:190} INFO - Processing /home/airflow/.local/lib/python3.6/site-packages/airflow/example_dags/example_dag_decorator.py took 0.423 seconds
[2025-02-15 13:56:31,880] {scheduler_job.py:182} INFO - Started process (PID=297) to work on /home/airflow/.local/lib/python3.6/site-packages/airflow/example_dags/example_dag_decorator.py
[2025-02-15 13:56:31,882] {scheduler_job.py:633} INFO - Processing file /home/airflow/.local/lib/python3.6/site-packages/airflow/example_dags/example_dag_decorator.py for tasks to queue
[2025-02-15 13:56:31,883] {logging_mixin.py:104} INFO - [2025-02-15 13:56:31,883] {dagbag.py:496} INFO - Filling up the DagBag from /home/airflow/.local/lib/python3.6/site-packages/airflow/example_dags/example_dag_decorator.py
[2025-02-15 13:56:31,910] {scheduler_job.py:643} INFO - DAG(s) dict_keys(['example_dag_decorator']) retrieved from /home/airflow/.local/lib/python3.6/site-packages/airflow/example_dags/example_dag_decorator.py
[2025-02-15 13:56:32,290] {logging_mixin.py:104} INFO - [2025-02-15 13:56:32,289] {dag.py:1833} INFO - Sync 1 DAGs
[2025-02-15 13:56:32,307] {logging_mixin.py:104} INFO - [2025-02-15 13:56:32,307] {dag.py:2306} INFO - Setting next_dagrun for example_dag_decorator to None
[2025-02-15 13:56:32,327] {scheduler_job.py:190} INFO - Processing /home/airflow/.local/lib/python3.6/site-packages/airflow/example_dags/example_dag_decorator.py took 0.454 seconds
[2025-02-15 13:57:02,434] {scheduler_job.py:182} INFO - Started process (PID=348) to work on /home/airflow/.local/lib/python3.6/site-packages/airflow/example_dags/example_dag_decorator.py
[2025-02-15 13:57:02,436] {scheduler_job.py:633} INFO - Processing file /home/airflow/.local/lib/python3.6/site-packages/airflow/example_dags/example_dag_decorator.py for tasks to queue
[2025-02-15 13:57:02,437] {logging_mixin.py:104} INFO - [2025-02-15 13:57:02,437] {dagbag.py:496} INFO - Filling up the DagBag from /home/airflow/.local/lib/python3.6/site-packages/airflow/example_dags/example_dag_decorator.py
[2025-02-15 13:57:02,469] {scheduler_job.py:643} INFO - DAG(s) dict_keys(['example_dag_decorator']) retrieved from /home/airflow/.local/lib/python3.6/site-packages/airflow/example_dags/example_dag_decorator.py
[2025-02-15 13:57:02,806] {logging_mixin.py:104} INFO - [2025-02-15 13:57:02,806] {dag.py:1833} INFO - Sync 1 DAGs
[2025-02-15 13:57:02,826] {logging_mixin.py:104} INFO - [2025-02-15 13:57:02,826] {dag.py:2306} INFO - Setting next_dagrun for example_dag_decorator to None
[2025-02-15 13:57:02,853] {scheduler_job.py:190} INFO - Processing /home/airflow/.local/lib/python3.6/site-packages/airflow/example_dags/example_dag_decorator.py took 0.424 seconds
[2025-02-15 13:57:33,543] {scheduler_job.py:182} INFO - Started process (PID=399) to work on /home/airflow/.local/lib/python3.6/site-packages/airflow/example_dags/example_dag_decorator.py
[2025-02-15 13:57:33,548] {scheduler_job.py:633} INFO - Processing file /home/airflow/.local/lib/python3.6/site-packages/airflow/example_dags/example_dag_decorator.py for tasks to queue
[2025-02-15 13:57:33,551] {logging_mixin.py:104} INFO - [2025-02-15 13:57:33,550] {dagbag.py:496} INFO - Filling up the DagBag from /home/airflow/.local/lib/python3.6/site-packages/airflow/example_dags/example_dag_decorator.py
[2025-02-15 13:57:33,607] {scheduler_job.py:643} INFO - DAG(s) dict_keys(['example_dag_decorator']) retrieved from /home/airflow/.local/lib/python3.6/site-packages/airflow/example_dags/example_dag_decorator.py
[2025-02-15 13:57:34,011] {logging_mixin.py:104} INFO - [2025-02-15 13:57:34,011] {dag.py:1833} INFO - Sync 1 DAGs
[2025-02-15 13:57:34,035] {logging_mixin.py:104} INFO - [2025-02-15 13:57:34,035] {dag.py:2306} INFO - Setting next_dagrun for example_dag_decorator to None
[2025-02-15 13:57:34,053] {scheduler_job.py:190} INFO - Processing /home/airflow/.local/lib/python3.6/site-packages/airflow/example_dags/example_dag_decorator.py took 0.522 seconds
[2025-02-15 13:58:04,797] {scheduler_job.py:182} INFO - Started process (PID=451) to work on /home/airflow/.local/lib/python3.6/site-packages/airflow/example_dags/example_dag_decorator.py
[2025-02-15 13:58:04,799] {scheduler_job.py:633} INFO - Processing file /home/airflow/.local/lib/python3.6/site-packages/airflow/example_dags/example_dag_decorator.py for tasks to queue
[2025-02-15 13:58:04,800] {logging_mixin.py:104} INFO - [2025-02-15 13:58:04,800] {dagbag.py:496} INFO - Filling up the DagBag from /home/airflow/.local/lib/python3.6/site-packages/airflow/example_dags/example_dag_decorator.py
[2025-02-15 13:58:04,827] {scheduler_job.py:643} INFO - DAG(s) dict_keys(['example_dag_decorator']) retrieved from /home/airflow/.local/lib/python3.6/site-packages/airflow/example_dags/example_dag_decorator.py
[2025-02-15 13:58:05,050] {logging_mixin.py:104} INFO - [2025-02-15 13:58:05,050] {dag.py:1833} INFO - Sync 1 DAGs
[2025-02-15 13:58:05,064] {logging_mixin.py:104} INFO - [2025-02-15 13:58:05,064] {dag.py:2306} INFO - Setting next_dagrun for example_dag_decorator to None
[2025-02-15 13:58:05,077] {scheduler_job.py:190} INFO - Processing /home/airflow/.local/lib/python3.6/site-packages/airflow/example_dags/example_dag_decorator.py took 0.288 seconds
[2025-02-15 13:58:35,282] {scheduler_job.py:182} INFO - Started process (PID=512) to work on /home/airflow/.local/lib/python3.6/site-packages/airflow/example_dags/example_dag_decorator.py
[2025-02-15 13:58:35,290] {scheduler_job.py:633} INFO - Processing file /home/airflow/.local/lib/python3.6/site-packages/airflow/example_dags/example_dag_decorator.py for tasks to queue
[2025-02-15 13:58:35,291] {logging_mixin.py:104} INFO - [2025-02-15 13:58:35,291] {dagbag.py:496} INFO - Filling up the DagBag from /home/airflow/.local/lib/python3.6/site-packages/airflow/example_dags/example_dag_decorator.py
[2025-02-15 13:58:35,420] {scheduler_job.py:643} INFO - DAG(s) dict_keys(['example_dag_decorator']) retrieved from /home/airflow/.local/lib/python3.6/site-packages/airflow/example_dags/example_dag_decorator.py
[2025-02-15 13:58:35,656] {logging_mixin.py:104} INFO - [2025-02-15 13:58:35,656] {dag.py:1833} INFO - Sync 1 DAGs
[2025-02-15 13:58:35,687] {logging_mixin.py:104} INFO - [2025-02-15 13:58:35,686] {dag.py:2306} INFO - Setting next_dagrun for example_dag_decorator to None
[2025-02-15 13:58:35,704] {scheduler_job.py:190} INFO - Processing /home/airflow/.local/lib/python3.6/site-packages/airflow/example_dags/example_dag_decorator.py took 0.426 seconds
[2025-02-15 13:59:06,517] {scheduler_job.py:182} INFO - Started process (PID=571) to work on /home/airflow/.local/lib/python3.6/site-packages/airflow/example_dags/example_dag_decorator.py
[2025-02-15 13:59:06,522] {scheduler_job.py:633} INFO - Processing file /home/airflow/.local/lib/python3.6/site-packages/airflow/example_dags/example_dag_decorator.py for tasks to queue
[2025-02-15 13:59:06,523] {logging_mixin.py:104} INFO - [2025-02-15 13:59:06,523] {dagbag.py:496} INFO - Filling up the DagBag from /home/airflow/.local/lib/python3.6/site-packages/airflow/example_dags/example_dag_decorator.py
[2025-02-15 13:59:06,541] {scheduler_job.py:643} INFO - DAG(s) dict_keys(['example_dag_decorator']) retrieved from /home/airflow/.local/lib/python3.6/site-packages/airflow/example_dags/example_dag_decorator.py
[2025-02-15 13:59:06,759] {logging_mixin.py:104} INFO - [2025-02-15 13:59:06,759] {dag.py:1833} INFO - Sync 1 DAGs
[2025-02-15 13:59:06,773] {logging_mixin.py:104} INFO - [2025-02-15 13:59:06,773] {dag.py:2306} INFO - Setting next_dagrun for example_dag_decorator to None
[2025-02-15 13:59:06,786] {scheduler_job.py:190} INFO - Processing /home/airflow/.local/lib/python3.6/site-packages/airflow/example_dags/example_dag_decorator.py took 0.272 seconds
[2025-02-15 13:59:37,047] {scheduler_job.py:182} INFO - Started process (PID=626) to work on /home/airflow/.local/lib/python3.6/site-packages/airflow/example_dags/example_dag_decorator.py
[2025-02-15 13:59:37,048] {scheduler_job.py:633} INFO - Processing file /home/airflow/.local/lib/python3.6/site-packages/airflow/example_dags/example_dag_decorator.py for tasks to queue
[2025-02-15 13:59:37,049] {logging_mixin.py:104} INFO - [2025-02-15 13:59:37,049] {dagbag.py:496} INFO - Filling up the DagBag from /home/airflow/.local/lib/python3.6/site-packages/airflow/example_dags/example_dag_decorator.py
[2025-02-15 13:59:37,090] {scheduler_job.py:643} INFO - DAG(s) dict_keys(['example_dag_decorator']) retrieved from /home/airflow/.local/lib/python3.6/site-packages/airflow/example_dags/example_dag_decorator.py
[2025-02-15 13:59:37,484] {logging_mixin.py:104} INFO - [2025-02-15 13:59:37,484] {dag.py:1833} INFO - Sync 1 DAGs
[2025-02-15 13:59:37,503] {logging_mixin.py:104} INFO - [2025-02-15 13:59:37,503] {dag.py:2306} INFO - Setting next_dagrun for example_dag_decorator to None
[2025-02-15 13:59:37,535] {scheduler_job.py:190} INFO - Processing /home/airflow/.local/lib/python3.6/site-packages/airflow/example_dags/example_dag_decorator.py took 0.492 seconds
[2025-02-15 14:00:08,674] {scheduler_job.py:182} INFO - Started process (PID=690) to work on /home/airflow/.local/lib/python3.6/site-packages/airflow/example_dags/example_dag_decorator.py
[2025-02-15 14:00:08,677] {scheduler_job.py:633} INFO - Processing file /home/airflow/.local/lib/python3.6/site-packages/airflow/example_dags/example_dag_decorator.py for tasks to queue
[2025-02-15 14:00:08,678] {logging_mixin.py:104} INFO - [2025-02-15 14:00:08,678] {dagbag.py:496} INFO - Filling up the DagBag from /home/airflow/.local/lib/python3.6/site-packages/airflow/example_dags/example_dag_decorator.py
[2025-02-15 14:00:08,715] {scheduler_job.py:643} INFO - DAG(s) dict_keys(['example_dag_decorator']) retrieved from /home/airflow/.local/lib/python3.6/site-packages/airflow/example_dags/example_dag_decorator.py
[2025-02-15 14:00:09,061] {logging_mixin.py:104} INFO - [2025-02-15 14:00:09,061] {dag.py:1833} INFO - Sync 1 DAGs
[2025-02-15 14:00:09,142] {logging_mixin.py:104} INFO - [2025-02-15 14:00:09,142] {dag.py:2306} INFO - Setting next_dagrun for example_dag_decorator to None
[2025-02-15 14:00:09,211] {scheduler_job.py:190} INFO - Processing /home/airflow/.local/lib/python3.6/site-packages/airflow/example_dags/example_dag_decorator.py took 0.543 seconds
[2025-02-15 14:01:31,930] {scheduler_job.py:182} INFO - Started process (PID=92) to work on /home/airflow/.local/lib/python3.6/site-packages/airflow/example_dags/example_dag_decorator.py
[2025-02-15 14:01:31,934] {scheduler_job.py:633} INFO - Processing file /home/airflow/.local/lib/python3.6/site-packages/airflow/example_dags/example_dag_decorator.py for tasks to queue
[2025-02-15 14:01:31,937] {logging_mixin.py:104} INFO - [2025-02-15 14:01:31,936] {dagbag.py:496} INFO - Filling up the DagBag from /home/airflow/.local/lib/python3.6/site-packages/airflow/example_dags/example_dag_decorator.py
[2025-02-15 14:01:32,003] {scheduler_job.py:643} INFO - DAG(s) dict_keys(['example_dag_decorator']) retrieved from /home/airflow/.local/lib/python3.6/site-packages/airflow/example_dags/example_dag_decorator.py
[2025-02-15 14:01:32,805] {logging_mixin.py:104} INFO - [2025-02-15 14:01:32,804] {dag.py:1833} INFO - Sync 1 DAGs
[2025-02-15 14:01:32,856] {logging_mixin.py:104} INFO - [2025-02-15 14:01:32,856] {dag.py:2306} INFO - Setting next_dagrun for example_dag_decorator to None
[2025-02-15 14:01:32,906] {scheduler_job.py:190} INFO - Processing /home/airflow/.local/lib/python3.6/site-packages/airflow/example_dags/example_dag_decorator.py took 0.984 seconds
[2025-02-15 14:07:38,108] {scheduler_job.py:182} INFO - Started process (PID=387) to work on /home/airflow/.local/lib/python3.6/site-packages/airflow/example_dags/example_dag_decorator.py
[2025-02-15 14:07:38,112] {scheduler_job.py:633} INFO - Processing file /home/airflow/.local/lib/python3.6/site-packages/airflow/example_dags/example_dag_decorator.py for tasks to queue
[2025-02-15 14:07:38,117] {logging_mixin.py:104} INFO - [2025-02-15 14:07:38,116] {dagbag.py:496} INFO - Filling up the DagBag from /home/airflow/.local/lib/python3.6/site-packages/airflow/example_dags/example_dag_decorator.py
[2025-02-15 14:07:38,205] {scheduler_job.py:643} INFO - DAG(s) dict_keys(['example_dag_decorator']) retrieved from /home/airflow/.local/lib/python3.6/site-packages/airflow/example_dags/example_dag_decorator.py
[2025-02-15 14:07:47,762] {logging_mixin.py:104} INFO - [2025-02-15 14:07:47,759] {dag.py:1833} INFO - Sync 1 DAGs
[2025-02-15 14:07:47,787] {logging_mixin.py:104} INFO - [2025-02-15 14:07:47,785] {dag.py:1852} INFO - Creating ORM DAG for example_dag_decorator
[2025-02-15 14:07:47,802] {logging_mixin.py:104} INFO - [2025-02-15 14:07:47,802] {dag.py:2306} INFO - Setting next_dagrun for example_dag_decorator to None
[2025-02-15 14:07:47,837] {scheduler_job.py:190} INFO - Processing /home/airflow/.local/lib/python3.6/site-packages/airflow/example_dags/example_dag_decorator.py took 9.739 seconds
[2025-02-15 14:08:19,000] {scheduler_job.py:182} INFO - Started process (PID=468) to work on /home/airflow/.local/lib/python3.6/site-packages/airflow/example_dags/example_dag_decorator.py
[2025-02-15 14:08:19,002] {scheduler_job.py:633} INFO - Processing file /home/airflow/.local/lib/python3.6/site-packages/airflow/example_dags/example_dag_decorator.py for tasks to queue
[2025-02-15 14:08:19,003] {logging_mixin.py:104} INFO - [2025-02-15 14:08:19,002] {dagbag.py:496} INFO - Filling up the DagBag from /home/airflow/.local/lib/python3.6/site-packages/airflow/example_dags/example_dag_decorator.py
[2025-02-15 14:08:19,039] {scheduler_job.py:643} INFO - DAG(s) dict_keys(['example_dag_decorator']) retrieved from /home/airflow/.local/lib/python3.6/site-packages/airflow/example_dags/example_dag_decorator.py
[2025-02-15 14:08:19,563] {logging_mixin.py:104} INFO - [2025-02-15 14:08:19,562] {dag.py:1833} INFO - Sync 1 DAGs
[2025-02-15 14:08:19,604] {logging_mixin.py:104} INFO - [2025-02-15 14:08:19,603] {dag.py:2306} INFO - Setting next_dagrun for example_dag_decorator to None
[2025-02-15 14:08:19,636] {scheduler_job.py:190} INFO - Processing /home/airflow/.local/lib/python3.6/site-packages/airflow/example_dags/example_dag_decorator.py took 0.641 seconds
[2025-02-15 14:08:49,813] {scheduler_job.py:182} INFO - Started process (PID=526) to work on /home/airflow/.local/lib/python3.6/site-packages/airflow/example_dags/example_dag_decorator.py
[2025-02-15 14:08:49,816] {scheduler_job.py:633} INFO - Processing file /home/airflow/.local/lib/python3.6/site-packages/airflow/example_dags/example_dag_decorator.py for tasks to queue
[2025-02-15 14:08:49,817] {logging_mixin.py:104} INFO - [2025-02-15 14:08:49,817] {dagbag.py:496} INFO - Filling up the DagBag from /home/airflow/.local/lib/python3.6/site-packages/airflow/example_dags/example_dag_decorator.py
[2025-02-15 14:08:49,862] {scheduler_job.py:643} INFO - DAG(s) dict_keys(['example_dag_decorator']) retrieved from /home/airflow/.local/lib/python3.6/site-packages/airflow/example_dags/example_dag_decorator.py
[2025-02-15 14:08:50,302] {logging_mixin.py:104} INFO - [2025-02-15 14:08:50,302] {dag.py:1833} INFO - Sync 1 DAGs
[2025-02-15 14:08:50,326] {logging_mixin.py:104} INFO - [2025-02-15 14:08:50,325] {dag.py:2306} INFO - Setting next_dagrun for example_dag_decorator to None
[2025-02-15 14:08:50,348] {scheduler_job.py:190} INFO - Processing /home/airflow/.local/lib/python3.6/site-packages/airflow/example_dags/example_dag_decorator.py took 0.544 seconds
[2025-02-15 14:09:21,407] {scheduler_job.py:182} INFO - Started process (PID=593) to work on /home/airflow/.local/lib/python3.6/site-packages/airflow/example_dags/example_dag_decorator.py
[2025-02-15 14:09:21,416] {scheduler_job.py:633} INFO - Processing file /home/airflow/.local/lib/python3.6/site-packages/airflow/example_dags/example_dag_decorator.py for tasks to queue
[2025-02-15 14:09:21,419] {logging_mixin.py:104} INFO - [2025-02-15 14:09:21,418] {dagbag.py:496} INFO - Filling up the DagBag from /home/airflow/.local/lib/python3.6/site-packages/airflow/example_dags/example_dag_decorator.py
[2025-02-15 14:09:21,501] {scheduler_job.py:643} INFO - DAG(s) dict_keys(['example_dag_decorator']) retrieved from /home/airflow/.local/lib/python3.6/site-packages/airflow/example_dags/example_dag_decorator.py
[2025-02-15 14:09:21,788] {logging_mixin.py:104} INFO - [2025-02-15 14:09:21,788] {dag.py:1833} INFO - Sync 1 DAGs
[2025-02-15 14:09:21,804] {logging_mixin.py:104} INFO - [2025-02-15 14:09:21,804] {dag.py:2306} INFO - Setting next_dagrun for example_dag_decorator to None
[2025-02-15 14:09:21,822] {scheduler_job.py:190} INFO - Processing /home/airflow/.local/lib/python3.6/site-packages/airflow/example_dags/example_dag_decorator.py took 0.432 seconds
[2025-02-15 14:09:51,917] {scheduler_job.py:182} INFO - Started process (PID=645) to work on /home/airflow/.local/lib/python3.6/site-packages/airflow/example_dags/example_dag_decorator.py
[2025-02-15 14:09:51,918] {scheduler_job.py:633} INFO - Processing file /home/airflow/.local/lib/python3.6/site-packages/airflow/example_dags/example_dag_decorator.py for tasks to queue
[2025-02-15 14:09:51,919] {logging_mixin.py:104} INFO - [2025-02-15 14:09:51,919] {dagbag.py:496} INFO - Filling up the DagBag from /home/airflow/.local/lib/python3.6/site-packages/airflow/example_dags/example_dag_decorator.py
[2025-02-15 14:09:51,955] {scheduler_job.py:643} INFO - DAG(s) dict_keys(['example_dag_decorator']) retrieved from /home/airflow/.local/lib/python3.6/site-packages/airflow/example_dags/example_dag_decorator.py
[2025-02-15 14:09:52,304] {logging_mixin.py:104} INFO - [2025-02-15 14:09:52,304] {dag.py:1833} INFO - Sync 1 DAGs
[2025-02-15 14:09:52,337] {logging_mixin.py:104} INFO - [2025-02-15 14:09:52,337] {dag.py:2306} INFO - Setting next_dagrun for example_dag_decorator to None
[2025-02-15 14:09:52,365] {scheduler_job.py:190} INFO - Processing /home/airflow/.local/lib/python3.6/site-packages/airflow/example_dags/example_dag_decorator.py took 0.455 seconds
[2025-02-15 14:10:23,352] {scheduler_job.py:182} INFO - Started process (PID=708) to work on /home/airflow/.local/lib/python3.6/site-packages/airflow/example_dags/example_dag_decorator.py
[2025-02-15 14:10:23,353] {scheduler_job.py:633} INFO - Processing file /home/airflow/.local/lib/python3.6/site-packages/airflow/example_dags/example_dag_decorator.py for tasks to queue
[2025-02-15 14:10:23,354] {logging_mixin.py:104} INFO - [2025-02-15 14:10:23,354] {dagbag.py:496} INFO - Filling up the DagBag from /home/airflow/.local/lib/python3.6/site-packages/airflow/example_dags/example_dag_decorator.py
[2025-02-15 14:10:23,374] {scheduler_job.py:643} INFO - DAG(s) dict_keys(['example_dag_decorator']) retrieved from /home/airflow/.local/lib/python3.6/site-packages/airflow/example_dags/example_dag_decorator.py
[2025-02-15 14:10:23,559] {logging_mixin.py:104} INFO - [2025-02-15 14:10:23,559] {dag.py:1833} INFO - Sync 1 DAGs
[2025-02-15 14:10:23,571] {logging_mixin.py:104} INFO - [2025-02-15 14:10:23,571] {dag.py:2306} INFO - Setting next_dagrun for example_dag_decorator to None
[2025-02-15 14:10:23,587] {scheduler_job.py:190} INFO - Processing /home/airflow/.local/lib/python3.6/site-packages/airflow/example_dags/example_dag_decorator.py took 0.238 seconds
[2025-02-15 14:10:53,604] {scheduler_job.py:182} INFO - Started process (PID=760) to work on /home/airflow/.local/lib/python3.6/site-packages/airflow/example_dags/example_dag_decorator.py
[2025-02-15 14:10:53,605] {scheduler_job.py:633} INFO - Processing file /home/airflow/.local/lib/python3.6/site-packages/airflow/example_dags/example_dag_decorator.py for tasks to queue
[2025-02-15 14:10:53,606] {logging_mixin.py:104} INFO - [2025-02-15 14:10:53,606] {dagbag.py:496} INFO - Filling up the DagBag from /home/airflow/.local/lib/python3.6/site-packages/airflow/example_dags/example_dag_decorator.py
[2025-02-15 14:10:53,628] {scheduler_job.py:643} INFO - DAG(s) dict_keys(['example_dag_decorator']) retrieved from /home/airflow/.local/lib/python3.6/site-packages/airflow/example_dags/example_dag_decorator.py
[2025-02-15 14:10:53,825] {logging_mixin.py:104} INFO - [2025-02-15 14:10:53,824] {dag.py:1833} INFO - Sync 1 DAGs
[2025-02-15 14:10:53,842] {logging_mixin.py:104} INFO - [2025-02-15 14:10:53,842] {dag.py:2306} INFO - Setting next_dagrun for example_dag_decorator to None
[2025-02-15 14:10:53,856] {scheduler_job.py:190} INFO - Processing /home/airflow/.local/lib/python3.6/site-packages/airflow/example_dags/example_dag_decorator.py took 0.256 seconds
[2025-02-15 14:11:23,972] {scheduler_job.py:182} INFO - Started process (PID=822) to work on /home/airflow/.local/lib/python3.6/site-packages/airflow/example_dags/example_dag_decorator.py
[2025-02-15 14:11:23,974] {scheduler_job.py:633} INFO - Processing file /home/airflow/.local/lib/python3.6/site-packages/airflow/example_dags/example_dag_decorator.py for tasks to queue
[2025-02-15 14:11:23,975] {logging_mixin.py:104} INFO - [2025-02-15 14:11:23,975] {dagbag.py:496} INFO - Filling up the DagBag from /home/airflow/.local/lib/python3.6/site-packages/airflow/example_dags/example_dag_decorator.py
[2025-02-15 14:11:24,009] {scheduler_job.py:643} INFO - DAG(s) dict_keys(['example_dag_decorator']) retrieved from /home/airflow/.local/lib/python3.6/site-packages/airflow/example_dags/example_dag_decorator.py
[2025-02-15 14:11:24,246] {logging_mixin.py:104} INFO - [2025-02-15 14:11:24,246] {dag.py:1833} INFO - Sync 1 DAGs
[2025-02-15 14:11:24,263] {logging_mixin.py:104} INFO - [2025-02-15 14:11:24,263] {dag.py:2306} INFO - Setting next_dagrun for example_dag_decorator to None
[2025-02-15 14:11:24,279] {scheduler_job.py:190} INFO - Processing /home/airflow/.local/lib/python3.6/site-packages/airflow/example_dags/example_dag_decorator.py took 0.314 seconds
[2025-02-15 14:11:54,973] {scheduler_job.py:182} INFO - Started process (PID=874) to work on /home/airflow/.local/lib/python3.6/site-packages/airflow/example_dags/example_dag_decorator.py
[2025-02-15 14:11:54,976] {scheduler_job.py:633} INFO - Processing file /home/airflow/.local/lib/python3.6/site-packages/airflow/example_dags/example_dag_decorator.py for tasks to queue
[2025-02-15 14:11:54,977] {logging_mixin.py:104} INFO - [2025-02-15 14:11:54,977] {dagbag.py:496} INFO - Filling up the DagBag from /home/airflow/.local/lib/python3.6/site-packages/airflow/example_dags/example_dag_decorator.py
[2025-02-15 14:11:55,013] {scheduler_job.py:643} INFO - DAG(s) dict_keys(['example_dag_decorator']) retrieved from /home/airflow/.local/lib/python3.6/site-packages/airflow/example_dags/example_dag_decorator.py
[2025-02-15 14:11:55,335] {logging_mixin.py:104} INFO - [2025-02-15 14:11:55,335] {dag.py:1833} INFO - Sync 1 DAGs
[2025-02-15 14:11:55,349] {logging_mixin.py:104} INFO - [2025-02-15 14:11:55,349] {dag.py:2306} INFO - Setting next_dagrun for example_dag_decorator to None
[2025-02-15 14:11:55,368] {scheduler_job.py:190} INFO - Processing /home/airflow/.local/lib/python3.6/site-packages/airflow/example_dags/example_dag_decorator.py took 0.401 seconds
[2025-02-15 14:12:26,180] {scheduler_job.py:182} INFO - Started process (PID=937) to work on /home/airflow/.local/lib/python3.6/site-packages/airflow/example_dags/example_dag_decorator.py
[2025-02-15 14:12:26,181] {scheduler_job.py:633} INFO - Processing file /home/airflow/.local/lib/python3.6/site-packages/airflow/example_dags/example_dag_decorator.py for tasks to queue
[2025-02-15 14:12:26,182] {logging_mixin.py:104} INFO - [2025-02-15 14:12:26,182] {dagbag.py:496} INFO - Filling up the DagBag from /home/airflow/.local/lib/python3.6/site-packages/airflow/example_dags/example_dag_decorator.py
[2025-02-15 14:12:26,206] {scheduler_job.py:643} INFO - DAG(s) dict_keys(['example_dag_decorator']) retrieved from /home/airflow/.local/lib/python3.6/site-packages/airflow/example_dags/example_dag_decorator.py
[2025-02-15 14:12:26,391] {logging_mixin.py:104} INFO - [2025-02-15 14:12:26,391] {dag.py:1833} INFO - Sync 1 DAGs
[2025-02-15 14:12:26,406] {logging_mixin.py:104} INFO - [2025-02-15 14:12:26,406] {dag.py:2306} INFO - Setting next_dagrun for example_dag_decorator to None
[2025-02-15 14:12:26,421] {scheduler_job.py:190} INFO - Processing /home/airflow/.local/lib/python3.6/site-packages/airflow/example_dags/example_dag_decorator.py took 0.247 seconds
[2025-02-15 14:12:57,074] {scheduler_job.py:182} INFO - Started process (PID=991) to work on /home/airflow/.local/lib/python3.6/site-packages/airflow/example_dags/example_dag_decorator.py
[2025-02-15 14:12:57,076] {scheduler_job.py:633} INFO - Processing file /home/airflow/.local/lib/python3.6/site-packages/airflow/example_dags/example_dag_decorator.py for tasks to queue
[2025-02-15 14:12:57,077] {logging_mixin.py:104} INFO - [2025-02-15 14:12:57,077] {dagbag.py:496} INFO - Filling up the DagBag from /home/airflow/.local/lib/python3.6/site-packages/airflow/example_dags/example_dag_decorator.py
[2025-02-15 14:12:57,104] {scheduler_job.py:643} INFO - DAG(s) dict_keys(['example_dag_decorator']) retrieved from /home/airflow/.local/lib/python3.6/site-packages/airflow/example_dags/example_dag_decorator.py
[2025-02-15 14:12:57,138] {logging_mixin.py:104} INFO - [2025-02-15 14:12:57,138] {dag.py:1833} INFO - Sync 1 DAGs
[2025-02-15 14:12:57,162] {logging_mixin.py:104} INFO - [2025-02-15 14:12:57,162] {dag.py:2306} INFO - Setting next_dagrun for example_dag_decorator to None
[2025-02-15 14:12:57,177] {scheduler_job.py:190} INFO - Processing /home/airflow/.local/lib/python3.6/site-packages/airflow/example_dags/example_dag_decorator.py took 0.109 seconds
[2025-02-15 14:13:27,486] {scheduler_job.py:182} INFO - Started process (PID=1053) to work on /home/airflow/.local/lib/python3.6/site-packages/airflow/example_dags/example_dag_decorator.py
[2025-02-15 14:13:27,487] {scheduler_job.py:633} INFO - Processing file /home/airflow/.local/lib/python3.6/site-packages/airflow/example_dags/example_dag_decorator.py for tasks to queue
[2025-02-15 14:13:27,488] {logging_mixin.py:104} INFO - [2025-02-15 14:13:27,488] {dagbag.py:496} INFO - Filling up the DagBag from /home/airflow/.local/lib/python3.6/site-packages/airflow/example_dags/example_dag_decorator.py
[2025-02-15 14:13:27,505] {scheduler_job.py:643} INFO - DAG(s) dict_keys(['example_dag_decorator']) retrieved from /home/airflow/.local/lib/python3.6/site-packages/airflow/example_dags/example_dag_decorator.py
[2025-02-15 14:13:27,694] {logging_mixin.py:104} INFO - [2025-02-15 14:13:27,694] {dag.py:1833} INFO - Sync 1 DAGs
[2025-02-15 14:13:27,706] {logging_mixin.py:104} INFO - [2025-02-15 14:13:27,706] {dag.py:2306} INFO - Setting next_dagrun for example_dag_decorator to None
[2025-02-15 14:13:27,717] {scheduler_job.py:190} INFO - Processing /home/airflow/.local/lib/python3.6/site-packages/airflow/example_dags/example_dag_decorator.py took 0.233 seconds
[2025-02-15 14:15:13,740] {scheduler_job.py:182} INFO - Started process (PID=85) to work on /home/airflow/.local/lib/python3.6/site-packages/airflow/example_dags/example_dag_decorator.py
[2025-02-15 14:15:13,743] {scheduler_job.py:633} INFO - Processing file /home/airflow/.local/lib/python3.6/site-packages/airflow/example_dags/example_dag_decorator.py for tasks to queue
[2025-02-15 14:15:13,747] {logging_mixin.py:104} INFO - [2025-02-15 14:15:13,746] {dagbag.py:496} INFO - Filling up the DagBag from /home/airflow/.local/lib/python3.6/site-packages/airflow/example_dags/example_dag_decorator.py
[2025-02-15 14:15:13,836] {scheduler_job.py:643} INFO - DAG(s) dict_keys(['example_dag_decorator']) retrieved from /home/airflow/.local/lib/python3.6/site-packages/airflow/example_dags/example_dag_decorator.py
[2025-02-15 14:15:14,936] {logging_mixin.py:104} INFO - [2025-02-15 14:15:14,935] {dag.py:1833} INFO - Sync 1 DAGs
[2025-02-15 14:15:14,973] {logging_mixin.py:104} INFO - [2025-02-15 14:15:14,973] {dag.py:2306} INFO - Setting next_dagrun for example_dag_decorator to None
[2025-02-15 14:15:15,007] {scheduler_job.py:190} INFO - Processing /home/airflow/.local/lib/python3.6/site-packages/airflow/example_dags/example_dag_decorator.py took 1.279 seconds
[2025-02-15 14:15:49,471] {scheduler_job.py:182} INFO - Started process (PID=137) to work on /home/airflow/.local/lib/python3.6/site-packages/airflow/example_dags/example_dag_decorator.py
[2025-02-15 14:15:49,507] {scheduler_job.py:633} INFO - Processing file /home/airflow/.local/lib/python3.6/site-packages/airflow/example_dags/example_dag_decorator.py for tasks to queue
[2025-02-15 14:15:49,510] {logging_mixin.py:104} INFO - [2025-02-15 14:15:49,509] {dagbag.py:496} INFO - Filling up the DagBag from /home/airflow/.local/lib/python3.6/site-packages/airflow/example_dags/example_dag_decorator.py
[2025-02-15 14:15:49,822] {scheduler_job.py:643} INFO - DAG(s) dict_keys(['example_dag_decorator']) retrieved from /home/airflow/.local/lib/python3.6/site-packages/airflow/example_dags/example_dag_decorator.py
[2025-02-15 14:15:52,910] {logging_mixin.py:104} INFO - [2025-02-15 14:15:52,902] {dag.py:1833} INFO - Sync 1 DAGs
[2025-02-15 14:15:53,133] {logging_mixin.py:104} INFO - [2025-02-15 14:15:53,133] {dag.py:2306} INFO - Setting next_dagrun for example_dag_decorator to None
[2025-02-15 14:15:53,220] {scheduler_job.py:190} INFO - Processing /home/airflow/.local/lib/python3.6/site-packages/airflow/example_dags/example_dag_decorator.py took 3.775 seconds
[2025-02-15 14:21:21,072] {scheduler_job.py:182} INFO - Started process (PID=192) to work on /home/airflow/.local/lib/python3.6/site-packages/airflow/example_dags/example_dag_decorator.py
[2025-02-15 14:21:21,097] {scheduler_job.py:633} INFO - Processing file /home/airflow/.local/lib/python3.6/site-packages/airflow/example_dags/example_dag_decorator.py for tasks to queue
[2025-02-15 14:21:21,098] {logging_mixin.py:104} INFO - [2025-02-15 14:21:21,098] {dagbag.py:496} INFO - Filling up the DagBag from /home/airflow/.local/lib/python3.6/site-packages/airflow/example_dags/example_dag_decorator.py
[2025-02-15 14:21:21,206] {scheduler_job.py:643} INFO - DAG(s) dict_keys(['example_dag_decorator']) retrieved from /home/airflow/.local/lib/python3.6/site-packages/airflow/example_dags/example_dag_decorator.py
[2025-02-15 14:21:21,904] {logging_mixin.py:104} INFO - [2025-02-15 14:21:21,904] {dag.py:1833} INFO - Sync 1 DAGs
[2025-02-15 14:21:21,926] {logging_mixin.py:104} INFO - [2025-02-15 14:21:21,926] {dag.py:2306} INFO - Setting next_dagrun for example_dag_decorator to None
[2025-02-15 14:21:21,960] {scheduler_job.py:190} INFO - Processing /home/airflow/.local/lib/python3.6/site-packages/airflow/example_dags/example_dag_decorator.py took 0.895 seconds
[2025-02-15 14:21:53,278] {scheduler_job.py:182} INFO - Started process (PID=243) to work on /home/airflow/.local/lib/python3.6/site-packages/airflow/example_dags/example_dag_decorator.py
[2025-02-15 14:21:53,282] {scheduler_job.py:633} INFO - Processing file /home/airflow/.local/lib/python3.6/site-packages/airflow/example_dags/example_dag_decorator.py for tasks to queue
[2025-02-15 14:21:53,288] {logging_mixin.py:104} INFO - [2025-02-15 14:21:53,288] {dagbag.py:496} INFO - Filling up the DagBag from /home/airflow/.local/lib/python3.6/site-packages/airflow/example_dags/example_dag_decorator.py
[2025-02-15 14:21:53,406] {scheduler_job.py:643} INFO - DAG(s) dict_keys(['example_dag_decorator']) retrieved from /home/airflow/.local/lib/python3.6/site-packages/airflow/example_dags/example_dag_decorator.py
[2025-02-15 14:21:55,701] {logging_mixin.py:104} INFO - [2025-02-15 14:21:55,701] {dag.py:1833} INFO - Sync 1 DAGs
[2025-02-15 14:21:55,848] {logging_mixin.py:104} INFO - [2025-02-15 14:21:55,848] {dag.py:2306} INFO - Setting next_dagrun for example_dag_decorator to None
[2025-02-15 14:21:55,938] {scheduler_job.py:190} INFO - Processing /home/airflow/.local/lib/python3.6/site-packages/airflow/example_dags/example_dag_decorator.py took 2.674 seconds
[2025-02-15 14:22:26,052] {scheduler_job.py:182} INFO - Started process (PID=286) to work on /home/airflow/.local/lib/python3.6/site-packages/airflow/example_dags/example_dag_decorator.py
[2025-02-15 14:22:26,054] {scheduler_job.py:633} INFO - Processing file /home/airflow/.local/lib/python3.6/site-packages/airflow/example_dags/example_dag_decorator.py for tasks to queue
[2025-02-15 14:22:26,055] {logging_mixin.py:104} INFO - [2025-02-15 14:22:26,055] {dagbag.py:496} INFO - Filling up the DagBag from /home/airflow/.local/lib/python3.6/site-packages/airflow/example_dags/example_dag_decorator.py
[2025-02-15 14:22:26,090] {scheduler_job.py:643} INFO - DAG(s) dict_keys(['example_dag_decorator']) retrieved from /home/airflow/.local/lib/python3.6/site-packages/airflow/example_dags/example_dag_decorator.py
[2025-02-15 14:22:26,415] {logging_mixin.py:104} INFO - [2025-02-15 14:22:26,415] {dag.py:1833} INFO - Sync 1 DAGs
[2025-02-15 14:22:26,425] {logging_mixin.py:104} INFO - [2025-02-15 14:22:26,425] {dag.py:2306} INFO - Setting next_dagrun for example_dag_decorator to None
[2025-02-15 14:22:26,440] {scheduler_job.py:190} INFO - Processing /home/airflow/.local/lib/python3.6/site-packages/airflow/example_dags/example_dag_decorator.py took 0.396 seconds
[2025-02-15 14:22:56,510] {scheduler_job.py:182} INFO - Started process (PID=348) to work on /home/airflow/.local/lib/python3.6/site-packages/airflow/example_dags/example_dag_decorator.py
[2025-02-15 14:22:56,514] {scheduler_job.py:633} INFO - Processing file /home/airflow/.local/lib/python3.6/site-packages/airflow/example_dags/example_dag_decorator.py for tasks to queue
[2025-02-15 14:22:56,522] {logging_mixin.py:104} INFO - [2025-02-15 14:22:56,520] {dagbag.py:496} INFO - Filling up the DagBag from /home/airflow/.local/lib/python3.6/site-packages/airflow/example_dags/example_dag_decorator.py
[2025-02-15 14:22:56,578] {scheduler_job.py:643} INFO - DAG(s) dict_keys(['example_dag_decorator']) retrieved from /home/airflow/.local/lib/python3.6/site-packages/airflow/example_dags/example_dag_decorator.py
[2025-02-15 14:22:57,074] {logging_mixin.py:104} INFO - [2025-02-15 14:22:57,074] {dag.py:1833} INFO - Sync 1 DAGs
[2025-02-15 14:22:57,094] {logging_mixin.py:104} INFO - [2025-02-15 14:22:57,094] {dag.py:2306} INFO - Setting next_dagrun for example_dag_decorator to None
[2025-02-15 14:22:57,119] {scheduler_job.py:190} INFO - Processing /home/airflow/.local/lib/python3.6/site-packages/airflow/example_dags/example_dag_decorator.py took 0.620 seconds
[2025-02-15 14:25:12,072] {scheduler_job.py:182} INFO - Started process (PID=84) to work on /home/airflow/.local/lib/python3.6/site-packages/airflow/example_dags/example_dag_decorator.py
[2025-02-15 14:25:12,081] {scheduler_job.py:633} INFO - Processing file /home/airflow/.local/lib/python3.6/site-packages/airflow/example_dags/example_dag_decorator.py for tasks to queue
[2025-02-15 14:25:12,083] {logging_mixin.py:104} INFO - [2025-02-15 14:25:12,083] {dagbag.py:496} INFO - Filling up the DagBag from /home/airflow/.local/lib/python3.6/site-packages/airflow/example_dags/example_dag_decorator.py
[2025-02-15 14:25:12,159] {scheduler_job.py:643} INFO - DAG(s) dict_keys(['example_dag_decorator']) retrieved from /home/airflow/.local/lib/python3.6/site-packages/airflow/example_dags/example_dag_decorator.py
[2025-02-15 14:25:12,767] {logging_mixin.py:104} INFO - [2025-02-15 14:25:12,767] {dag.py:1833} INFO - Sync 1 DAGs
[2025-02-15 14:25:12,806] {logging_mixin.py:104} INFO - [2025-02-15 14:25:12,806] {dag.py:2306} INFO - Setting next_dagrun for example_dag_decorator to None
[2025-02-15 14:25:12,834] {scheduler_job.py:190} INFO - Processing /home/airflow/.local/lib/python3.6/site-packages/airflow/example_dags/example_dag_decorator.py took 0.801 seconds
[2025-02-15 14:25:43,499] {scheduler_job.py:182} INFO - Started process (PID=137) to work on /home/airflow/.local/lib/python3.6/site-packages/airflow/example_dags/example_dag_decorator.py
[2025-02-15 14:25:43,505] {scheduler_job.py:633} INFO - Processing file /home/airflow/.local/lib/python3.6/site-packages/airflow/example_dags/example_dag_decorator.py for tasks to queue
[2025-02-15 14:25:43,507] {logging_mixin.py:104} INFO - [2025-02-15 14:25:43,506] {dagbag.py:496} INFO - Filling up the DagBag from /home/airflow/.local/lib/python3.6/site-packages/airflow/example_dags/example_dag_decorator.py
[2025-02-15 14:25:43,610] {scheduler_job.py:643} INFO - DAG(s) dict_keys(['example_dag_decorator']) retrieved from /home/airflow/.local/lib/python3.6/site-packages/airflow/example_dags/example_dag_decorator.py
[2025-02-15 14:25:44,120] {logging_mixin.py:104} INFO - [2025-02-15 14:25:44,119] {dag.py:1833} INFO - Sync 1 DAGs
[2025-02-15 14:25:44,142] {logging_mixin.py:104} INFO - [2025-02-15 14:25:44,142] {dag.py:2306} INFO - Setting next_dagrun for example_dag_decorator to None
[2025-02-15 14:25:44,163] {scheduler_job.py:190} INFO - Processing /home/airflow/.local/lib/python3.6/site-packages/airflow/example_dags/example_dag_decorator.py took 0.677 seconds
[2025-02-15 14:26:15,010] {scheduler_job.py:182} INFO - Started process (PID=199) to work on /home/airflow/.local/lib/python3.6/site-packages/airflow/example_dags/example_dag_decorator.py
[2025-02-15 14:26:15,013] {scheduler_job.py:633} INFO - Processing file /home/airflow/.local/lib/python3.6/site-packages/airflow/example_dags/example_dag_decorator.py for tasks to queue
[2025-02-15 14:26:15,014] {logging_mixin.py:104} INFO - [2025-02-15 14:26:15,014] {dagbag.py:496} INFO - Filling up the DagBag from /home/airflow/.local/lib/python3.6/site-packages/airflow/example_dags/example_dag_decorator.py
[2025-02-15 14:26:15,060] {scheduler_job.py:643} INFO - DAG(s) dict_keys(['example_dag_decorator']) retrieved from /home/airflow/.local/lib/python3.6/site-packages/airflow/example_dags/example_dag_decorator.py
[2025-02-15 14:26:15,522] {logging_mixin.py:104} INFO - [2025-02-15 14:26:15,521] {dag.py:1833} INFO - Sync 1 DAGs
[2025-02-15 14:26:15,564] {logging_mixin.py:104} INFO - [2025-02-15 14:26:15,564] {dag.py:2306} INFO - Setting next_dagrun for example_dag_decorator to None
[2025-02-15 14:26:15,600] {scheduler_job.py:190} INFO - Processing /home/airflow/.local/lib/python3.6/site-packages/airflow/example_dags/example_dag_decorator.py took 0.598 seconds
[2025-02-15 14:26:45,758] {scheduler_job.py:182} INFO - Started process (PID=252) to work on /home/airflow/.local/lib/python3.6/site-packages/airflow/example_dags/example_dag_decorator.py
[2025-02-15 14:26:45,760] {scheduler_job.py:633} INFO - Processing file /home/airflow/.local/lib/python3.6/site-packages/airflow/example_dags/example_dag_decorator.py for tasks to queue
[2025-02-15 14:26:45,762] {logging_mixin.py:104} INFO - [2025-02-15 14:26:45,762] {dagbag.py:496} INFO - Filling up the DagBag from /home/airflow/.local/lib/python3.6/site-packages/airflow/example_dags/example_dag_decorator.py
[2025-02-15 14:26:45,817] {scheduler_job.py:643} INFO - DAG(s) dict_keys(['example_dag_decorator']) retrieved from /home/airflow/.local/lib/python3.6/site-packages/airflow/example_dags/example_dag_decorator.py
[2025-02-15 14:26:46,111] {logging_mixin.py:104} INFO - [2025-02-15 14:26:46,110] {dag.py:1833} INFO - Sync 1 DAGs
[2025-02-15 14:26:46,135] {logging_mixin.py:104} INFO - [2025-02-15 14:26:46,135] {dag.py:2306} INFO - Setting next_dagrun for example_dag_decorator to None
[2025-02-15 14:26:46,160] {scheduler_job.py:190} INFO - Processing /home/airflow/.local/lib/python3.6/site-packages/airflow/example_dags/example_dag_decorator.py took 0.408 seconds
[2025-02-15 14:27:16,968] {scheduler_job.py:182} INFO - Started process (PID=311) to work on /home/airflow/.local/lib/python3.6/site-packages/airflow/example_dags/example_dag_decorator.py
[2025-02-15 14:27:16,970] {scheduler_job.py:633} INFO - Processing file /home/airflow/.local/lib/python3.6/site-packages/airflow/example_dags/example_dag_decorator.py for tasks to queue
[2025-02-15 14:27:16,971] {logging_mixin.py:104} INFO - [2025-02-15 14:27:16,971] {dagbag.py:496} INFO - Filling up the DagBag from /home/airflow/.local/lib/python3.6/site-packages/airflow/example_dags/example_dag_decorator.py
[2025-02-15 14:27:16,992] {scheduler_job.py:643} INFO - DAG(s) dict_keys(['example_dag_decorator']) retrieved from /home/airflow/.local/lib/python3.6/site-packages/airflow/example_dags/example_dag_decorator.py
[2025-02-15 14:27:17,198] {logging_mixin.py:104} INFO - [2025-02-15 14:27:17,198] {dag.py:1833} INFO - Sync 1 DAGs
[2025-02-15 14:27:17,213] {logging_mixin.py:104} INFO - [2025-02-15 14:27:17,213] {dag.py:2306} INFO - Setting next_dagrun for example_dag_decorator to None
[2025-02-15 14:27:17,227] {scheduler_job.py:190} INFO - Processing /home/airflow/.local/lib/python3.6/site-packages/airflow/example_dags/example_dag_decorator.py took 0.264 seconds
[2025-02-15 14:27:47,497] {scheduler_job.py:182} INFO - Started process (PID=366) to work on /home/airflow/.local/lib/python3.6/site-packages/airflow/example_dags/example_dag_decorator.py
[2025-02-15 14:27:47,502] {scheduler_job.py:633} INFO - Processing file /home/airflow/.local/lib/python3.6/site-packages/airflow/example_dags/example_dag_decorator.py for tasks to queue
[2025-02-15 14:27:47,504] {logging_mixin.py:104} INFO - [2025-02-15 14:27:47,503] {dagbag.py:496} INFO - Filling up the DagBag from /home/airflow/.local/lib/python3.6/site-packages/airflow/example_dags/example_dag_decorator.py
[2025-02-15 14:27:47,535] {scheduler_job.py:643} INFO - DAG(s) dict_keys(['example_dag_decorator']) retrieved from /home/airflow/.local/lib/python3.6/site-packages/airflow/example_dags/example_dag_decorator.py
[2025-02-15 14:27:47,828] {logging_mixin.py:104} INFO - [2025-02-15 14:27:47,828] {dag.py:1833} INFO - Sync 1 DAGs
[2025-02-15 14:27:47,849] {logging_mixin.py:104} INFO - [2025-02-15 14:27:47,849] {dag.py:2306} INFO - Setting next_dagrun for example_dag_decorator to None
[2025-02-15 14:27:47,871] {scheduler_job.py:190} INFO - Processing /home/airflow/.local/lib/python3.6/site-packages/airflow/example_dags/example_dag_decorator.py took 0.383 seconds
[2025-02-15 14:28:18,599] {scheduler_job.py:182} INFO - Started process (PID=427) to work on /home/airflow/.local/lib/python3.6/site-packages/airflow/example_dags/example_dag_decorator.py
[2025-02-15 14:28:18,601] {scheduler_job.py:633} INFO - Processing file /home/airflow/.local/lib/python3.6/site-packages/airflow/example_dags/example_dag_decorator.py for tasks to queue
[2025-02-15 14:28:18,603] {logging_mixin.py:104} INFO - [2025-02-15 14:28:18,603] {dagbag.py:496} INFO - Filling up the DagBag from /home/airflow/.local/lib/python3.6/site-packages/airflow/example_dags/example_dag_decorator.py
[2025-02-15 14:28:18,689] {scheduler_job.py:643} INFO - DAG(s) dict_keys(['example_dag_decorator']) retrieved from /home/airflow/.local/lib/python3.6/site-packages/airflow/example_dags/example_dag_decorator.py
[2025-02-15 14:28:18,754] {logging_mixin.py:104} INFO - [2025-02-15 14:28:18,754] {dag.py:1833} INFO - Sync 1 DAGs
[2025-02-15 14:28:18,833] {logging_mixin.py:104} INFO - [2025-02-15 14:28:18,833] {dag.py:2306} INFO - Setting next_dagrun for example_dag_decorator to None
[2025-02-15 14:28:18,852] {scheduler_job.py:190} INFO - Processing /home/airflow/.local/lib/python3.6/site-packages/airflow/example_dags/example_dag_decorator.py took 0.263 seconds
[2025-02-15 14:28:49,586] {scheduler_job.py:182} INFO - Started process (PID=480) to work on /home/airflow/.local/lib/python3.6/site-packages/airflow/example_dags/example_dag_decorator.py
[2025-02-15 14:28:49,591] {scheduler_job.py:633} INFO - Processing file /home/airflow/.local/lib/python3.6/site-packages/airflow/example_dags/example_dag_decorator.py for tasks to queue
[2025-02-15 14:28:49,592] {logging_mixin.py:104} INFO - [2025-02-15 14:28:49,592] {dagbag.py:496} INFO - Filling up the DagBag from /home/airflow/.local/lib/python3.6/site-packages/airflow/example_dags/example_dag_decorator.py
[2025-02-15 14:28:49,622] {scheduler_job.py:643} INFO - DAG(s) dict_keys(['example_dag_decorator']) retrieved from /home/airflow/.local/lib/python3.6/site-packages/airflow/example_dags/example_dag_decorator.py
[2025-02-15 14:28:50,112] {logging_mixin.py:104} INFO - [2025-02-15 14:28:50,112] {dag.py:1833} INFO - Sync 1 DAGs
[2025-02-15 14:28:50,159] {logging_mixin.py:104} INFO - [2025-02-15 14:28:50,158] {dag.py:2306} INFO - Setting next_dagrun for example_dag_decorator to None
[2025-02-15 14:28:50,199] {scheduler_job.py:190} INFO - Processing /home/airflow/.local/lib/python3.6/site-packages/airflow/example_dags/example_dag_decorator.py took 0.616 seconds
[2025-02-15 14:29:21,109] {scheduler_job.py:182} INFO - Started process (PID=538) to work on /home/airflow/.local/lib/python3.6/site-packages/airflow/example_dags/example_dag_decorator.py
[2025-02-15 14:29:21,110] {scheduler_job.py:633} INFO - Processing file /home/airflow/.local/lib/python3.6/site-packages/airflow/example_dags/example_dag_decorator.py for tasks to queue
[2025-02-15 14:29:21,111] {logging_mixin.py:104} INFO - [2025-02-15 14:29:21,111] {dagbag.py:496} INFO - Filling up the DagBag from /home/airflow/.local/lib/python3.6/site-packages/airflow/example_dags/example_dag_decorator.py
[2025-02-15 14:29:21,144] {scheduler_job.py:643} INFO - DAG(s) dict_keys(['example_dag_decorator']) retrieved from /home/airflow/.local/lib/python3.6/site-packages/airflow/example_dags/example_dag_decorator.py
[2025-02-15 14:29:21,373] {logging_mixin.py:104} INFO - [2025-02-15 14:29:21,373] {dag.py:1833} INFO - Sync 1 DAGs
[2025-02-15 14:29:21,387] {logging_mixin.py:104} INFO - [2025-02-15 14:29:21,387] {dag.py:2306} INFO - Setting next_dagrun for example_dag_decorator to None
[2025-02-15 14:29:21,407] {scheduler_job.py:190} INFO - Processing /home/airflow/.local/lib/python3.6/site-packages/airflow/example_dags/example_dag_decorator.py took 0.301 seconds
[2025-02-15 14:29:51,495] {scheduler_job.py:182} INFO - Started process (PID=593) to work on /home/airflow/.local/lib/python3.6/site-packages/airflow/example_dags/example_dag_decorator.py
[2025-02-15 14:29:51,498] {scheduler_job.py:633} INFO - Processing file /home/airflow/.local/lib/python3.6/site-packages/airflow/example_dags/example_dag_decorator.py for tasks to queue
[2025-02-15 14:29:51,500] {logging_mixin.py:104} INFO - [2025-02-15 14:29:51,500] {dagbag.py:496} INFO - Filling up the DagBag from /home/airflow/.local/lib/python3.6/site-packages/airflow/example_dags/example_dag_decorator.py
[2025-02-15 14:29:51,523] {scheduler_job.py:643} INFO - DAG(s) dict_keys(['example_dag_decorator']) retrieved from /home/airflow/.local/lib/python3.6/site-packages/airflow/example_dags/example_dag_decorator.py
[2025-02-15 14:29:51,689] {logging_mixin.py:104} INFO - [2025-02-15 14:29:51,689] {dag.py:1833} INFO - Sync 1 DAGs
[2025-02-15 14:29:51,701] {logging_mixin.py:104} INFO - [2025-02-15 14:29:51,701] {dag.py:2306} INFO - Setting next_dagrun for example_dag_decorator to None
[2025-02-15 14:29:51,716] {scheduler_job.py:190} INFO - Processing /home/airflow/.local/lib/python3.6/site-packages/airflow/example_dags/example_dag_decorator.py took 0.230 seconds
[2025-02-15 14:30:22,540] {scheduler_job.py:182} INFO - Started process (PID=645) to work on /home/airflow/.local/lib/python3.6/site-packages/airflow/example_dags/example_dag_decorator.py
[2025-02-15 14:30:22,542] {scheduler_job.py:633} INFO - Processing file /home/airflow/.local/lib/python3.6/site-packages/airflow/example_dags/example_dag_decorator.py for tasks to queue
[2025-02-15 14:30:22,544] {logging_mixin.py:104} INFO - [2025-02-15 14:30:22,544] {dagbag.py:496} INFO - Filling up the DagBag from /home/airflow/.local/lib/python3.6/site-packages/airflow/example_dags/example_dag_decorator.py
[2025-02-15 14:30:22,597] {scheduler_job.py:643} INFO - DAG(s) dict_keys(['example_dag_decorator']) retrieved from /home/airflow/.local/lib/python3.6/site-packages/airflow/example_dags/example_dag_decorator.py
[2025-02-15 14:30:23,026] {logging_mixin.py:104} INFO - [2025-02-15 14:30:23,025] {dag.py:1833} INFO - Sync 1 DAGs
[2025-02-15 14:30:23,052] {logging_mixin.py:104} INFO - [2025-02-15 14:30:23,052] {dag.py:2306} INFO - Setting next_dagrun for example_dag_decorator to None
[2025-02-15 14:30:23,077] {scheduler_job.py:190} INFO - Processing /home/airflow/.local/lib/python3.6/site-packages/airflow/example_dags/example_dag_decorator.py took 0.547 seconds
[2025-02-15 14:30:53,798] {scheduler_job.py:182} INFO - Started process (PID=697) to work on /home/airflow/.local/lib/python3.6/site-packages/airflow/example_dags/example_dag_decorator.py
[2025-02-15 14:30:53,799] {scheduler_job.py:633} INFO - Processing file /home/airflow/.local/lib/python3.6/site-packages/airflow/example_dags/example_dag_decorator.py for tasks to queue
[2025-02-15 14:30:53,800] {logging_mixin.py:104} INFO - [2025-02-15 14:30:53,800] {dagbag.py:496} INFO - Filling up the DagBag from /home/airflow/.local/lib/python3.6/site-packages/airflow/example_dags/example_dag_decorator.py
[2025-02-15 14:30:53,820] {scheduler_job.py:643} INFO - DAG(s) dict_keys(['example_dag_decorator']) retrieved from /home/airflow/.local/lib/python3.6/site-packages/airflow/example_dags/example_dag_decorator.py
[2025-02-15 14:30:54,020] {logging_mixin.py:104} INFO - [2025-02-15 14:30:54,020] {dag.py:1833} INFO - Sync 1 DAGs
[2025-02-15 14:30:54,034] {logging_mixin.py:104} INFO - [2025-02-15 14:30:54,034] {dag.py:2306} INFO - Setting next_dagrun for example_dag_decorator to None
[2025-02-15 14:30:54,050] {scheduler_job.py:190} INFO - Processing /home/airflow/.local/lib/python3.6/site-packages/airflow/example_dags/example_dag_decorator.py took 0.255 seconds
[2025-02-15 14:31:24,087] {scheduler_job.py:182} INFO - Started process (PID=759) to work on /home/airflow/.local/lib/python3.6/site-packages/airflow/example_dags/example_dag_decorator.py
[2025-02-15 14:31:24,089] {scheduler_job.py:633} INFO - Processing file /home/airflow/.local/lib/python3.6/site-packages/airflow/example_dags/example_dag_decorator.py for tasks to queue
[2025-02-15 14:31:24,090] {logging_mixin.py:104} INFO - [2025-02-15 14:31:24,090] {dagbag.py:496} INFO - Filling up the DagBag from /home/airflow/.local/lib/python3.6/site-packages/airflow/example_dags/example_dag_decorator.py
[2025-02-15 14:31:24,124] {scheduler_job.py:643} INFO - DAG(s) dict_keys(['example_dag_decorator']) retrieved from /home/airflow/.local/lib/python3.6/site-packages/airflow/example_dags/example_dag_decorator.py
[2025-02-15 14:31:24,166] {logging_mixin.py:104} INFO - [2025-02-15 14:31:24,166] {dag.py:1833} INFO - Sync 1 DAGs
[2025-02-15 14:31:24,202] {logging_mixin.py:104} INFO - [2025-02-15 14:31:24,201] {dag.py:2306} INFO - Setting next_dagrun for example_dag_decorator to None
[2025-02-15 14:31:24,219] {scheduler_job.py:190} INFO - Processing /home/airflow/.local/lib/python3.6/site-packages/airflow/example_dags/example_dag_decorator.py took 0.138 seconds
[2025-02-15 14:31:55,124] {scheduler_job.py:182} INFO - Started process (PID=811) to work on /home/airflow/.local/lib/python3.6/site-packages/airflow/example_dags/example_dag_decorator.py
[2025-02-15 14:31:55,127] {scheduler_job.py:633} INFO - Processing file /home/airflow/.local/lib/python3.6/site-packages/airflow/example_dags/example_dag_decorator.py for tasks to queue
[2025-02-15 14:31:55,129] {logging_mixin.py:104} INFO - [2025-02-15 14:31:55,129] {dagbag.py:496} INFO - Filling up the DagBag from /home/airflow/.local/lib/python3.6/site-packages/airflow/example_dags/example_dag_decorator.py
[2025-02-15 14:31:55,177] {scheduler_job.py:643} INFO - DAG(s) dict_keys(['example_dag_decorator']) retrieved from /home/airflow/.local/lib/python3.6/site-packages/airflow/example_dags/example_dag_decorator.py
[2025-02-15 14:31:55,516] {logging_mixin.py:104} INFO - [2025-02-15 14:31:55,516] {dag.py:1833} INFO - Sync 1 DAGs
[2025-02-15 14:31:55,536] {logging_mixin.py:104} INFO - [2025-02-15 14:31:55,536] {dag.py:2306} INFO - Setting next_dagrun for example_dag_decorator to None
[2025-02-15 14:31:55,554] {scheduler_job.py:190} INFO - Processing /home/airflow/.local/lib/python3.6/site-packages/airflow/example_dags/example_dag_decorator.py took 0.439 seconds
[2025-02-15 14:32:25,767] {scheduler_job.py:182} INFO - Started process (PID=873) to work on /home/airflow/.local/lib/python3.6/site-packages/airflow/example_dags/example_dag_decorator.py
[2025-02-15 14:32:25,769] {scheduler_job.py:633} INFO - Processing file /home/airflow/.local/lib/python3.6/site-packages/airflow/example_dags/example_dag_decorator.py for tasks to queue
[2025-02-15 14:32:25,770] {logging_mixin.py:104} INFO - [2025-02-15 14:32:25,770] {dagbag.py:496} INFO - Filling up the DagBag from /home/airflow/.local/lib/python3.6/site-packages/airflow/example_dags/example_dag_decorator.py
[2025-02-15 14:32:25,812] {scheduler_job.py:643} INFO - DAG(s) dict_keys(['example_dag_decorator']) retrieved from /home/airflow/.local/lib/python3.6/site-packages/airflow/example_dags/example_dag_decorator.py
[2025-02-15 14:32:26,260] {logging_mixin.py:104} INFO - [2025-02-15 14:32:26,260] {dag.py:1833} INFO - Sync 1 DAGs
[2025-02-15 14:32:26,290] {logging_mixin.py:104} INFO - [2025-02-15 14:32:26,290] {dag.py:2306} INFO - Setting next_dagrun for example_dag_decorator to None
[2025-02-15 14:32:26,313] {scheduler_job.py:190} INFO - Processing /home/airflow/.local/lib/python3.6/site-packages/airflow/example_dags/example_dag_decorator.py took 0.551 seconds
[2025-02-15 14:32:57,028] {scheduler_job.py:182} INFO - Started process (PID=925) to work on /home/airflow/.local/lib/python3.6/site-packages/airflow/example_dags/example_dag_decorator.py
[2025-02-15 14:32:57,029] {scheduler_job.py:633} INFO - Processing file /home/airflow/.local/lib/python3.6/site-packages/airflow/example_dags/example_dag_decorator.py for tasks to queue
[2025-02-15 14:32:57,030] {logging_mixin.py:104} INFO - [2025-02-15 14:32:57,030] {dagbag.py:496} INFO - Filling up the DagBag from /home/airflow/.local/lib/python3.6/site-packages/airflow/example_dags/example_dag_decorator.py
[2025-02-15 14:32:57,049] {scheduler_job.py:643} INFO - DAG(s) dict_keys(['example_dag_decorator']) retrieved from /home/airflow/.local/lib/python3.6/site-packages/airflow/example_dags/example_dag_decorator.py
[2025-02-15 14:32:57,074] {logging_mixin.py:104} INFO - [2025-02-15 14:32:57,074] {dag.py:1833} INFO - Sync 1 DAGs
[2025-02-15 14:32:57,089] {logging_mixin.py:104} INFO - [2025-02-15 14:32:57,089] {dag.py:2306} INFO - Setting next_dagrun for example_dag_decorator to None
[2025-02-15 14:32:57,100] {scheduler_job.py:190} INFO - Processing /home/airflow/.local/lib/python3.6/site-packages/airflow/example_dags/example_dag_decorator.py took 0.076 seconds
[2025-02-15 14:33:27,656] {scheduler_job.py:182} INFO - Started process (PID=977) to work on /home/airflow/.local/lib/python3.6/site-packages/airflow/example_dags/example_dag_decorator.py
[2025-02-15 14:33:27,657] {scheduler_job.py:633} INFO - Processing file /home/airflow/.local/lib/python3.6/site-packages/airflow/example_dags/example_dag_decorator.py for tasks to queue
[2025-02-15 14:33:27,658] {logging_mixin.py:104} INFO - [2025-02-15 14:33:27,657] {dagbag.py:496} INFO - Filling up the DagBag from /home/airflow/.local/lib/python3.6/site-packages/airflow/example_dags/example_dag_decorator.py
[2025-02-15 14:33:27,678] {scheduler_job.py:643} INFO - DAG(s) dict_keys(['example_dag_decorator']) retrieved from /home/airflow/.local/lib/python3.6/site-packages/airflow/example_dags/example_dag_decorator.py
[2025-02-15 14:33:27,704] {logging_mixin.py:104} INFO - [2025-02-15 14:33:27,703] {dag.py:1833} INFO - Sync 1 DAGs
[2025-02-15 14:33:27,722] {logging_mixin.py:104} INFO - [2025-02-15 14:33:27,722] {dag.py:2306} INFO - Setting next_dagrun for example_dag_decorator to None
[2025-02-15 14:33:27,738] {scheduler_job.py:190} INFO - Processing /home/airflow/.local/lib/python3.6/site-packages/airflow/example_dags/example_dag_decorator.py took 0.087 seconds
[2025-02-15 14:33:58,367] {scheduler_job.py:182} INFO - Started process (PID=1039) to work on /home/airflow/.local/lib/python3.6/site-packages/airflow/example_dags/example_dag_decorator.py
[2025-02-15 14:33:58,368] {scheduler_job.py:633} INFO - Processing file /home/airflow/.local/lib/python3.6/site-packages/airflow/example_dags/example_dag_decorator.py for tasks to queue
[2025-02-15 14:33:58,369] {logging_mixin.py:104} INFO - [2025-02-15 14:33:58,369] {dagbag.py:496} INFO - Filling up the DagBag from /home/airflow/.local/lib/python3.6/site-packages/airflow/example_dags/example_dag_decorator.py
[2025-02-15 14:33:58,395] {scheduler_job.py:643} INFO - DAG(s) dict_keys(['example_dag_decorator']) retrieved from /home/airflow/.local/lib/python3.6/site-packages/airflow/example_dags/example_dag_decorator.py
[2025-02-15 14:33:58,717] {logging_mixin.py:104} INFO - [2025-02-15 14:33:58,717] {dag.py:1833} INFO - Sync 1 DAGs
[2025-02-15 14:33:58,735] {logging_mixin.py:104} INFO - [2025-02-15 14:33:58,735] {dag.py:2306} INFO - Setting next_dagrun for example_dag_decorator to None
[2025-02-15 14:33:58,752] {scheduler_job.py:190} INFO - Processing /home/airflow/.local/lib/python3.6/site-packages/airflow/example_dags/example_dag_decorator.py took 0.390 seconds
[2025-02-15 14:34:28,777] {scheduler_job.py:182} INFO - Started process (PID=1091) to work on /home/airflow/.local/lib/python3.6/site-packages/airflow/example_dags/example_dag_decorator.py
[2025-02-15 14:34:28,778] {scheduler_job.py:633} INFO - Processing file /home/airflow/.local/lib/python3.6/site-packages/airflow/example_dags/example_dag_decorator.py for tasks to queue
[2025-02-15 14:34:28,779] {logging_mixin.py:104} INFO - [2025-02-15 14:34:28,779] {dagbag.py:496} INFO - Filling up the DagBag from /home/airflow/.local/lib/python3.6/site-packages/airflow/example_dags/example_dag_decorator.py
[2025-02-15 14:34:28,799] {scheduler_job.py:643} INFO - DAG(s) dict_keys(['example_dag_decorator']) retrieved from /home/airflow/.local/lib/python3.6/site-packages/airflow/example_dags/example_dag_decorator.py
[2025-02-15 14:34:28,826] {logging_mixin.py:104} INFO - [2025-02-15 14:34:28,826] {dag.py:1833} INFO - Sync 1 DAGs
[2025-02-15 14:34:28,840] {logging_mixin.py:104} INFO - [2025-02-15 14:34:28,840] {dag.py:2306} INFO - Setting next_dagrun for example_dag_decorator to None
[2025-02-15 14:34:28,856] {scheduler_job.py:190} INFO - Processing /home/airflow/.local/lib/python3.6/site-packages/airflow/example_dags/example_dag_decorator.py took 0.084 seconds
[2025-02-15 14:38:25,588] {scheduler_job.py:182} INFO - Started process (PID=1162) to work on /home/airflow/.local/lib/python3.6/site-packages/airflow/example_dags/example_dag_decorator.py
[2025-02-15 14:38:25,591] {scheduler_job.py:633} INFO - Processing file /home/airflow/.local/lib/python3.6/site-packages/airflow/example_dags/example_dag_decorator.py for tasks to queue
[2025-02-15 14:38:25,593] {logging_mixin.py:104} INFO - [2025-02-15 14:38:25,592] {dagbag.py:496} INFO - Filling up the DagBag from /home/airflow/.local/lib/python3.6/site-packages/airflow/example_dags/example_dag_decorator.py
[2025-02-15 14:38:25,630] {scheduler_job.py:643} INFO - DAG(s) dict_keys(['example_dag_decorator']) retrieved from /home/airflow/.local/lib/python3.6/site-packages/airflow/example_dags/example_dag_decorator.py
[2025-02-15 14:38:26,013] {logging_mixin.py:104} INFO - [2025-02-15 14:38:26,013] {dag.py:1833} INFO - Sync 1 DAGs
[2025-02-15 14:38:26,024] {logging_mixin.py:104} INFO - [2025-02-15 14:38:26,024] {dag.py:2306} INFO - Setting next_dagrun for example_dag_decorator to None
[2025-02-15 14:38:26,039] {scheduler_job.py:190} INFO - Processing /home/airflow/.local/lib/python3.6/site-packages/airflow/example_dags/example_dag_decorator.py took 0.456 seconds
[2025-02-15 14:38:57,336] {scheduler_job.py:182} INFO - Started process (PID=1224) to work on /home/airflow/.local/lib/python3.6/site-packages/airflow/example_dags/example_dag_decorator.py
[2025-02-15 14:38:57,339] {scheduler_job.py:633} INFO - Processing file /home/airflow/.local/lib/python3.6/site-packages/airflow/example_dags/example_dag_decorator.py for tasks to queue
[2025-02-15 14:38:57,345] {logging_mixin.py:104} INFO - [2025-02-15 14:38:57,344] {dagbag.py:496} INFO - Filling up the DagBag from /home/airflow/.local/lib/python3.6/site-packages/airflow/example_dags/example_dag_decorator.py
[2025-02-15 14:38:57,399] {scheduler_job.py:643} INFO - DAG(s) dict_keys(['example_dag_decorator']) retrieved from /home/airflow/.local/lib/python3.6/site-packages/airflow/example_dags/example_dag_decorator.py
[2025-02-15 14:38:57,459] {logging_mixin.py:104} INFO - [2025-02-15 14:38:57,459] {dag.py:1833} INFO - Sync 1 DAGs
[2025-02-15 14:38:57,492] {logging_mixin.py:104} INFO - [2025-02-15 14:38:57,491] {dag.py:2306} INFO - Setting next_dagrun for example_dag_decorator to None
[2025-02-15 14:38:57,534] {scheduler_job.py:190} INFO - Processing /home/airflow/.local/lib/python3.6/site-packages/airflow/example_dags/example_dag_decorator.py took 0.206 seconds
[2025-02-15 14:44:09,205] {scheduler_job.py:182} INFO - Started process (PID=1269) to work on /home/airflow/.local/lib/python3.6/site-packages/airflow/example_dags/example_dag_decorator.py
[2025-02-15 14:44:09,209] {scheduler_job.py:633} INFO - Processing file /home/airflow/.local/lib/python3.6/site-packages/airflow/example_dags/example_dag_decorator.py for tasks to queue
[2025-02-15 14:44:09,211] {logging_mixin.py:104} INFO - [2025-02-15 14:44:09,211] {dagbag.py:496} INFO - Filling up the DagBag from /home/airflow/.local/lib/python3.6/site-packages/airflow/example_dags/example_dag_decorator.py
[2025-02-15 14:44:09,395] {scheduler_job.py:643} INFO - DAG(s) dict_keys(['example_dag_decorator']) retrieved from /home/airflow/.local/lib/python3.6/site-packages/airflow/example_dags/example_dag_decorator.py
[2025-02-15 14:44:10,871] {logging_mixin.py:104} INFO - [2025-02-15 14:44:10,871] {dag.py:1833} INFO - Sync 1 DAGs
[2025-02-15 14:44:10,906] {logging_mixin.py:104} INFO - [2025-02-15 14:44:10,906] {dag.py:2306} INFO - Setting next_dagrun for example_dag_decorator to None
[2025-02-15 14:44:10,930] {scheduler_job.py:190} INFO - Processing /home/airflow/.local/lib/python3.6/site-packages/airflow/example_dags/example_dag_decorator.py took 1.737 seconds
[2025-02-15 14:44:41,425] {scheduler_job.py:182} INFO - Started process (PID=1312) to work on /home/airflow/.local/lib/python3.6/site-packages/airflow/example_dags/example_dag_decorator.py
[2025-02-15 14:44:41,427] {scheduler_job.py:633} INFO - Processing file /home/airflow/.local/lib/python3.6/site-packages/airflow/example_dags/example_dag_decorator.py for tasks to queue
[2025-02-15 14:44:41,430] {logging_mixin.py:104} INFO - [2025-02-15 14:44:41,430] {dagbag.py:496} INFO - Filling up the DagBag from /home/airflow/.local/lib/python3.6/site-packages/airflow/example_dags/example_dag_decorator.py
[2025-02-15 14:44:41,459] {scheduler_job.py:643} INFO - DAG(s) dict_keys(['example_dag_decorator']) retrieved from /home/airflow/.local/lib/python3.6/site-packages/airflow/example_dags/example_dag_decorator.py
[2025-02-15 14:44:41,986] {logging_mixin.py:104} INFO - [2025-02-15 14:44:41,985] {dag.py:1833} INFO - Sync 1 DAGs
[2025-02-15 14:44:42,000] {logging_mixin.py:104} INFO - [2025-02-15 14:44:42,000] {dag.py:2306} INFO - Setting next_dagrun for example_dag_decorator to None
[2025-02-15 14:44:42,023] {scheduler_job.py:190} INFO - Processing /home/airflow/.local/lib/python3.6/site-packages/airflow/example_dags/example_dag_decorator.py took 0.602 seconds
[2025-02-15 14:46:20,590] {scheduler_job.py:182} INFO - Started process (PID=84) to work on /home/airflow/.local/lib/python3.6/site-packages/airflow/example_dags/example_dag_decorator.py
[2025-02-15 14:46:20,617] {scheduler_job.py:633} INFO - Processing file /home/airflow/.local/lib/python3.6/site-packages/airflow/example_dags/example_dag_decorator.py for tasks to queue
[2025-02-15 14:46:20,620] {logging_mixin.py:104} INFO - [2025-02-15 14:46:20,619] {dagbag.py:496} INFO - Filling up the DagBag from /home/airflow/.local/lib/python3.6/site-packages/airflow/example_dags/example_dag_decorator.py
[2025-02-15 14:46:20,729] {scheduler_job.py:643} INFO - DAG(s) dict_keys(['example_dag_decorator']) retrieved from /home/airflow/.local/lib/python3.6/site-packages/airflow/example_dags/example_dag_decorator.py
[2025-02-15 14:46:21,604] {logging_mixin.py:104} INFO - [2025-02-15 14:46:21,604] {dag.py:1833} INFO - Sync 1 DAGs
[2025-02-15 14:46:21,645] {logging_mixin.py:104} INFO - [2025-02-15 14:46:21,644] {dag.py:2306} INFO - Setting next_dagrun for example_dag_decorator to None
[2025-02-15 14:46:21,677] {scheduler_job.py:190} INFO - Processing /home/airflow/.local/lib/python3.6/site-packages/airflow/example_dags/example_dag_decorator.py took 1.116 seconds
[2025-02-15 14:46:52,932] {scheduler_job.py:182} INFO - Started process (PID=136) to work on /home/airflow/.local/lib/python3.6/site-packages/airflow/example_dags/example_dag_decorator.py
[2025-02-15 14:46:52,945] {scheduler_job.py:633} INFO - Processing file /home/airflow/.local/lib/python3.6/site-packages/airflow/example_dags/example_dag_decorator.py for tasks to queue
[2025-02-15 14:46:52,947] {logging_mixin.py:104} INFO - [2025-02-15 14:46:52,947] {dagbag.py:496} INFO - Filling up the DagBag from /home/airflow/.local/lib/python3.6/site-packages/airflow/example_dags/example_dag_decorator.py
[2025-02-15 14:46:53,113] {scheduler_job.py:643} INFO - DAG(s) dict_keys(['example_dag_decorator']) retrieved from /home/airflow/.local/lib/python3.6/site-packages/airflow/example_dags/example_dag_decorator.py
[2025-02-15 14:46:53,899] {logging_mixin.py:104} INFO - [2025-02-15 14:46:53,899] {dag.py:1833} INFO - Sync 1 DAGs
[2025-02-15 14:46:53,956] {logging_mixin.py:104} INFO - [2025-02-15 14:46:53,955] {dag.py:2306} INFO - Setting next_dagrun for example_dag_decorator to None
[2025-02-15 14:46:54,004] {scheduler_job.py:190} INFO - Processing /home/airflow/.local/lib/python3.6/site-packages/airflow/example_dags/example_dag_decorator.py took 1.107 seconds
[2025-02-15 14:47:24,521] {scheduler_job.py:182} INFO - Started process (PID=188) to work on /home/airflow/.local/lib/python3.6/site-packages/airflow/example_dags/example_dag_decorator.py
[2025-02-15 14:47:24,522] {scheduler_job.py:633} INFO - Processing file /home/airflow/.local/lib/python3.6/site-packages/airflow/example_dags/example_dag_decorator.py for tasks to queue
[2025-02-15 14:47:24,524] {logging_mixin.py:104} INFO - [2025-02-15 14:47:24,523] {dagbag.py:496} INFO - Filling up the DagBag from /home/airflow/.local/lib/python3.6/site-packages/airflow/example_dags/example_dag_decorator.py
[2025-02-15 14:47:24,557] {scheduler_job.py:643} INFO - DAG(s) dict_keys(['example_dag_decorator']) retrieved from /home/airflow/.local/lib/python3.6/site-packages/airflow/example_dags/example_dag_decorator.py
[2025-02-15 14:47:24,813] {logging_mixin.py:104} INFO - [2025-02-15 14:47:24,813] {dag.py:1833} INFO - Sync 1 DAGs
[2025-02-15 14:47:24,831] {logging_mixin.py:104} INFO - [2025-02-15 14:47:24,831] {dag.py:2306} INFO - Setting next_dagrun for example_dag_decorator to None
[2025-02-15 14:47:24,852] {scheduler_job.py:190} INFO - Processing /home/airflow/.local/lib/python3.6/site-packages/airflow/example_dags/example_dag_decorator.py took 0.337 seconds
[2025-02-15 14:47:55,395] {scheduler_job.py:182} INFO - Started process (PID=247) to work on /home/airflow/.local/lib/python3.6/site-packages/airflow/example_dags/example_dag_decorator.py
[2025-02-15 14:47:55,403] {scheduler_job.py:633} INFO - Processing file /home/airflow/.local/lib/python3.6/site-packages/airflow/example_dags/example_dag_decorator.py for tasks to queue
[2025-02-15 14:47:55,405] {logging_mixin.py:104} INFO - [2025-02-15 14:47:55,404] {dagbag.py:496} INFO - Filling up the DagBag from /home/airflow/.local/lib/python3.6/site-packages/airflow/example_dags/example_dag_decorator.py
[2025-02-15 14:47:55,463] {scheduler_job.py:643} INFO - DAG(s) dict_keys(['example_dag_decorator']) retrieved from /home/airflow/.local/lib/python3.6/site-packages/airflow/example_dags/example_dag_decorator.py
[2025-02-15 14:47:56,087] {logging_mixin.py:104} INFO - [2025-02-15 14:47:56,086] {dag.py:1833} INFO - Sync 1 DAGs
[2025-02-15 14:47:56,166] {logging_mixin.py:104} INFO - [2025-02-15 14:47:56,166] {dag.py:2306} INFO - Setting next_dagrun for example_dag_decorator to None
[2025-02-15 14:47:56,192] {scheduler_job.py:190} INFO - Processing /home/airflow/.local/lib/python3.6/site-packages/airflow/example_dags/example_dag_decorator.py took 0.805 seconds
[2025-02-15 14:48:26,991] {scheduler_job.py:182} INFO - Started process (PID=302) to work on /home/airflow/.local/lib/python3.6/site-packages/airflow/example_dags/example_dag_decorator.py
[2025-02-15 14:48:26,997] {scheduler_job.py:633} INFO - Processing file /home/airflow/.local/lib/python3.6/site-packages/airflow/example_dags/example_dag_decorator.py for tasks to queue
[2025-02-15 14:48:26,998] {logging_mixin.py:104} INFO - [2025-02-15 14:48:26,998] {dagbag.py:496} INFO - Filling up the DagBag from /home/airflow/.local/lib/python3.6/site-packages/airflow/example_dags/example_dag_decorator.py
[2025-02-15 14:48:27,024] {scheduler_job.py:643} INFO - DAG(s) dict_keys(['example_dag_decorator']) retrieved from /home/airflow/.local/lib/python3.6/site-packages/airflow/example_dags/example_dag_decorator.py
[2025-02-15 14:48:27,216] {logging_mixin.py:104} INFO - [2025-02-15 14:48:27,216] {dag.py:1833} INFO - Sync 1 DAGs
[2025-02-15 14:48:27,228] {logging_mixin.py:104} INFO - [2025-02-15 14:48:27,228] {dag.py:2306} INFO - Setting next_dagrun for example_dag_decorator to None
[2025-02-15 14:48:27,245] {scheduler_job.py:190} INFO - Processing /home/airflow/.local/lib/python3.6/site-packages/airflow/example_dags/example_dag_decorator.py took 0.259 seconds
[2025-02-15 14:48:58,058] {scheduler_job.py:182} INFO - Started process (PID=354) to work on /home/airflow/.local/lib/python3.6/site-packages/airflow/example_dags/example_dag_decorator.py
[2025-02-15 14:48:58,060] {scheduler_job.py:633} INFO - Processing file /home/airflow/.local/lib/python3.6/site-packages/airflow/example_dags/example_dag_decorator.py for tasks to queue
[2025-02-15 14:48:58,062] {logging_mixin.py:104} INFO - [2025-02-15 14:48:58,061] {dagbag.py:496} INFO - Filling up the DagBag from /home/airflow/.local/lib/python3.6/site-packages/airflow/example_dags/example_dag_decorator.py
[2025-02-15 14:48:58,089] {scheduler_job.py:643} INFO - DAG(s) dict_keys(['example_dag_decorator']) retrieved from /home/airflow/.local/lib/python3.6/site-packages/airflow/example_dags/example_dag_decorator.py
[2025-02-15 14:48:58,320] {logging_mixin.py:104} INFO - [2025-02-15 14:48:58,320] {dag.py:1833} INFO - Sync 1 DAGs
[2025-02-15 14:48:58,339] {logging_mixin.py:104} INFO - [2025-02-15 14:48:58,338] {dag.py:2306} INFO - Setting next_dagrun for example_dag_decorator to None
[2025-02-15 14:48:58,352] {scheduler_job.py:190} INFO - Processing /home/airflow/.local/lib/python3.6/site-packages/airflow/example_dags/example_dag_decorator.py took 0.303 seconds
[2025-02-15 14:49:28,599] {scheduler_job.py:182} INFO - Started process (PID=416) to work on /home/airflow/.local/lib/python3.6/site-packages/airflow/example_dags/example_dag_decorator.py
[2025-02-15 14:49:28,603] {scheduler_job.py:633} INFO - Processing file /home/airflow/.local/lib/python3.6/site-packages/airflow/example_dags/example_dag_decorator.py for tasks to queue
[2025-02-15 14:49:28,604] {logging_mixin.py:104} INFO - [2025-02-15 14:49:28,604] {dagbag.py:496} INFO - Filling up the DagBag from /home/airflow/.local/lib/python3.6/site-packages/airflow/example_dags/example_dag_decorator.py
[2025-02-15 14:49:28,637] {scheduler_job.py:643} INFO - DAG(s) dict_keys(['example_dag_decorator']) retrieved from /home/airflow/.local/lib/python3.6/site-packages/airflow/example_dags/example_dag_decorator.py
[2025-02-15 14:49:28,679] {logging_mixin.py:104} INFO - [2025-02-15 14:49:28,679] {dag.py:1833} INFO - Sync 1 DAGs
[2025-02-15 14:49:28,705] {logging_mixin.py:104} INFO - [2025-02-15 14:49:28,705] {dag.py:2306} INFO - Setting next_dagrun for example_dag_decorator to None
[2025-02-15 14:49:28,722] {scheduler_job.py:190} INFO - Processing /home/airflow/.local/lib/python3.6/site-packages/airflow/example_dags/example_dag_decorator.py took 0.128 seconds
[2025-02-15 14:49:59,266] {scheduler_job.py:182} INFO - Started process (PID=468) to work on /home/airflow/.local/lib/python3.6/site-packages/airflow/example_dags/example_dag_decorator.py
[2025-02-15 14:49:59,269] {scheduler_job.py:633} INFO - Processing file /home/airflow/.local/lib/python3.6/site-packages/airflow/example_dags/example_dag_decorator.py for tasks to queue
[2025-02-15 14:49:59,270] {logging_mixin.py:104} INFO - [2025-02-15 14:49:59,270] {dagbag.py:496} INFO - Filling up the DagBag from /home/airflow/.local/lib/python3.6/site-packages/airflow/example_dags/example_dag_decorator.py
[2025-02-15 14:49:59,296] {scheduler_job.py:643} INFO - DAG(s) dict_keys(['example_dag_decorator']) retrieved from /home/airflow/.local/lib/python3.6/site-packages/airflow/example_dags/example_dag_decorator.py
[2025-02-15 14:49:59,636] {logging_mixin.py:104} INFO - [2025-02-15 14:49:59,636] {dag.py:1833} INFO - Sync 1 DAGs
[2025-02-15 14:49:59,664] {logging_mixin.py:104} INFO - [2025-02-15 14:49:59,664] {dag.py:2306} INFO - Setting next_dagrun for example_dag_decorator to None
[2025-02-15 14:49:59,684] {scheduler_job.py:190} INFO - Processing /home/airflow/.local/lib/python3.6/site-packages/airflow/example_dags/example_dag_decorator.py took 0.422 seconds
[2025-02-15 14:50:29,736] {scheduler_job.py:182} INFO - Started process (PID=530) to work on /home/airflow/.local/lib/python3.6/site-packages/airflow/example_dags/example_dag_decorator.py
[2025-02-15 14:50:29,738] {scheduler_job.py:633} INFO - Processing file /home/airflow/.local/lib/python3.6/site-packages/airflow/example_dags/example_dag_decorator.py for tasks to queue
[2025-02-15 14:50:29,739] {logging_mixin.py:104} INFO - [2025-02-15 14:50:29,739] {dagbag.py:496} INFO - Filling up the DagBag from /home/airflow/.local/lib/python3.6/site-packages/airflow/example_dags/example_dag_decorator.py
[2025-02-15 14:50:29,764] {scheduler_job.py:643} INFO - DAG(s) dict_keys(['example_dag_decorator']) retrieved from /home/airflow/.local/lib/python3.6/site-packages/airflow/example_dags/example_dag_decorator.py
[2025-02-15 14:50:30,044] {logging_mixin.py:104} INFO - [2025-02-15 14:50:30,044] {dag.py:1833} INFO - Sync 1 DAGs
[2025-02-15 14:50:30,063] {logging_mixin.py:104} INFO - [2025-02-15 14:50:30,063] {dag.py:2306} INFO - Setting next_dagrun for example_dag_decorator to None
[2025-02-15 14:50:30,085] {scheduler_job.py:190} INFO - Processing /home/airflow/.local/lib/python3.6/site-packages/airflow/example_dags/example_dag_decorator.py took 0.354 seconds
[2025-02-15 14:51:00,281] {scheduler_job.py:182} INFO - Started process (PID=582) to work on /home/airflow/.local/lib/python3.6/site-packages/airflow/example_dags/example_dag_decorator.py
[2025-02-15 14:51:00,283] {scheduler_job.py:633} INFO - Processing file /home/airflow/.local/lib/python3.6/site-packages/airflow/example_dags/example_dag_decorator.py for tasks to queue
[2025-02-15 14:51:00,284] {logging_mixin.py:104} INFO - [2025-02-15 14:51:00,284] {dagbag.py:496} INFO - Filling up the DagBag from /home/airflow/.local/lib/python3.6/site-packages/airflow/example_dags/example_dag_decorator.py
[2025-02-15 14:51:00,313] {scheduler_job.py:643} INFO - DAG(s) dict_keys(['example_dag_decorator']) retrieved from /home/airflow/.local/lib/python3.6/site-packages/airflow/example_dags/example_dag_decorator.py
[2025-02-15 14:51:00,570] {logging_mixin.py:104} INFO - [2025-02-15 14:51:00,570] {dag.py:1833} INFO - Sync 1 DAGs
[2025-02-15 14:51:00,588] {logging_mixin.py:104} INFO - [2025-02-15 14:51:00,588] {dag.py:2306} INFO - Setting next_dagrun for example_dag_decorator to None
[2025-02-15 14:51:00,605] {scheduler_job.py:190} INFO - Processing /home/airflow/.local/lib/python3.6/site-packages/airflow/example_dags/example_dag_decorator.py took 0.330 seconds
[2025-02-15 14:51:30,699] {scheduler_job.py:182} INFO - Started process (PID=634) to work on /home/airflow/.local/lib/python3.6/site-packages/airflow/example_dags/example_dag_decorator.py
[2025-02-15 14:51:30,701] {scheduler_job.py:633} INFO - Processing file /home/airflow/.local/lib/python3.6/site-packages/airflow/example_dags/example_dag_decorator.py for tasks to queue
[2025-02-15 14:51:30,701] {logging_mixin.py:104} INFO - [2025-02-15 14:51:30,701] {dagbag.py:496} INFO - Filling up the DagBag from /home/airflow/.local/lib/python3.6/site-packages/airflow/example_dags/example_dag_decorator.py
[2025-02-15 14:51:30,720] {scheduler_job.py:643} INFO - DAG(s) dict_keys(['example_dag_decorator']) retrieved from /home/airflow/.local/lib/python3.6/site-packages/airflow/example_dags/example_dag_decorator.py
[2025-02-15 14:51:30,920] {logging_mixin.py:104} INFO - [2025-02-15 14:51:30,920] {dag.py:1833} INFO - Sync 1 DAGs
[2025-02-15 14:51:30,933] {logging_mixin.py:104} INFO - [2025-02-15 14:51:30,933] {dag.py:2306} INFO - Setting next_dagrun for example_dag_decorator to None
[2025-02-15 14:51:30,950] {scheduler_job.py:190} INFO - Processing /home/airflow/.local/lib/python3.6/site-packages/airflow/example_dags/example_dag_decorator.py took 0.255 seconds
[2025-02-15 14:52:01,879] {scheduler_job.py:182} INFO - Started process (PID=697) to work on /home/airflow/.local/lib/python3.6/site-packages/airflow/example_dags/example_dag_decorator.py
[2025-02-15 14:52:01,884] {scheduler_job.py:633} INFO - Processing file /home/airflow/.local/lib/python3.6/site-packages/airflow/example_dags/example_dag_decorator.py for tasks to queue
[2025-02-15 14:52:01,886] {logging_mixin.py:104} INFO - [2025-02-15 14:52:01,886] {dagbag.py:496} INFO - Filling up the DagBag from /home/airflow/.local/lib/python3.6/site-packages/airflow/example_dags/example_dag_decorator.py
[2025-02-15 14:52:01,968] {scheduler_job.py:643} INFO - DAG(s) dict_keys(['example_dag_decorator']) retrieved from /home/airflow/.local/lib/python3.6/site-packages/airflow/example_dags/example_dag_decorator.py
[2025-02-15 14:52:02,787] {logging_mixin.py:104} INFO - [2025-02-15 14:52:02,786] {dag.py:1833} INFO - Sync 1 DAGs
[2025-02-15 14:52:02,854] {logging_mixin.py:104} INFO - [2025-02-15 14:52:02,853] {dag.py:2306} INFO - Setting next_dagrun for example_dag_decorator to None
[2025-02-15 14:52:02,896] {scheduler_job.py:190} INFO - Processing /home/airflow/.local/lib/python3.6/site-packages/airflow/example_dags/example_dag_decorator.py took 1.042 seconds
[2025-02-15 15:12:41,799] {scheduler_job.py:182} INFO - Started process (PID=743) to work on /home/airflow/.local/lib/python3.6/site-packages/airflow/example_dags/example_dag_decorator.py
[2025-02-15 15:12:41,802] {scheduler_job.py:633} INFO - Processing file /home/airflow/.local/lib/python3.6/site-packages/airflow/example_dags/example_dag_decorator.py for tasks to queue
[2025-02-15 15:12:41,804] {logging_mixin.py:104} INFO - [2025-02-15 15:12:41,803] {dagbag.py:496} INFO - Filling up the DagBag from /home/airflow/.local/lib/python3.6/site-packages/airflow/example_dags/example_dag_decorator.py
[2025-02-15 15:12:41,843] {scheduler_job.py:643} INFO - DAG(s) dict_keys(['example_dag_decorator']) retrieved from /home/airflow/.local/lib/python3.6/site-packages/airflow/example_dags/example_dag_decorator.py
[2025-02-15 15:12:42,284] {logging_mixin.py:104} INFO - [2025-02-15 15:12:42,284] {dag.py:1833} INFO - Sync 1 DAGs
[2025-02-15 15:12:42,301] {logging_mixin.py:104} INFO - [2025-02-15 15:12:42,300] {dag.py:2306} INFO - Setting next_dagrun for example_dag_decorator to None
[2025-02-15 15:12:42,329] {scheduler_job.py:190} INFO - Processing /home/airflow/.local/lib/python3.6/site-packages/airflow/example_dags/example_dag_decorator.py took 0.535 seconds
[2025-02-15 15:13:12,647] {scheduler_job.py:182} INFO - Started process (PID=797) to work on /home/airflow/.local/lib/python3.6/site-packages/airflow/example_dags/example_dag_decorator.py
[2025-02-15 15:13:12,649] {scheduler_job.py:633} INFO - Processing file /home/airflow/.local/lib/python3.6/site-packages/airflow/example_dags/example_dag_decorator.py for tasks to queue
[2025-02-15 15:13:12,651] {logging_mixin.py:104} INFO - [2025-02-15 15:13:12,651] {dagbag.py:496} INFO - Filling up the DagBag from /home/airflow/.local/lib/python3.6/site-packages/airflow/example_dags/example_dag_decorator.py
[2025-02-15 15:13:12,701] {scheduler_job.py:643} INFO - DAG(s) dict_keys(['example_dag_decorator']) retrieved from /home/airflow/.local/lib/python3.6/site-packages/airflow/example_dags/example_dag_decorator.py
[2025-02-15 15:13:12,770] {logging_mixin.py:104} INFO - [2025-02-15 15:13:12,770] {dag.py:1833} INFO - Sync 1 DAGs
[2025-02-15 15:13:12,826] {logging_mixin.py:104} INFO - [2025-02-15 15:13:12,826] {dag.py:2306} INFO - Setting next_dagrun for example_dag_decorator to None
[2025-02-15 15:20:42,933] {scheduler_job.py:182} INFO - Started process (PID=93) to work on /home/airflow/.local/lib/python3.6/site-packages/airflow/example_dags/example_dag_decorator.py
[2025-02-15 15:20:42,947] {scheduler_job.py:633} INFO - Processing file /home/airflow/.local/lib/python3.6/site-packages/airflow/example_dags/example_dag_decorator.py for tasks to queue
[2025-02-15 15:20:42,949] {logging_mixin.py:104} INFO - [2025-02-15 15:20:42,948] {dagbag.py:496} INFO - Filling up the DagBag from /home/airflow/.local/lib/python3.6/site-packages/airflow/example_dags/example_dag_decorator.py
[2025-02-15 15:20:43,110] {scheduler_job.py:643} INFO - DAG(s) dict_keys(['example_dag_decorator']) retrieved from /home/airflow/.local/lib/python3.6/site-packages/airflow/example_dags/example_dag_decorator.py
[2025-02-15 15:20:44,377] {logging_mixin.py:104} INFO - [2025-02-15 15:20:44,376] {dag.py:1833} INFO - Sync 1 DAGs
[2025-02-15 15:20:44,502] {logging_mixin.py:104} INFO - [2025-02-15 15:20:44,501] {dag.py:2306} INFO - Setting next_dagrun for example_dag_decorator to None
[2025-02-15 15:20:44,678] {scheduler_job.py:190} INFO - Processing /home/airflow/.local/lib/python3.6/site-packages/airflow/example_dags/example_dag_decorator.py took 1.764 seconds
[2025-02-15 15:21:19,750] {scheduler_job.py:182} INFO - Started process (PID=146) to work on /home/airflow/.local/lib/python3.6/site-packages/airflow/example_dags/example_dag_decorator.py
[2025-02-15 15:21:19,785] {scheduler_job.py:633} INFO - Processing file /home/airflow/.local/lib/python3.6/site-packages/airflow/example_dags/example_dag_decorator.py for tasks to queue
[2025-02-15 15:21:19,787] {logging_mixin.py:104} INFO - [2025-02-15 15:21:19,787] {dagbag.py:496} INFO - Filling up the DagBag from /home/airflow/.local/lib/python3.6/site-packages/airflow/example_dags/example_dag_decorator.py
[2025-02-15 15:21:20,134] {scheduler_job.py:643} INFO - DAG(s) dict_keys(['example_dag_decorator']) retrieved from /home/airflow/.local/lib/python3.6/site-packages/airflow/example_dags/example_dag_decorator.py
[2025-02-15 15:21:22,544] {logging_mixin.py:104} INFO - [2025-02-15 15:21:22,544] {dag.py:1833} INFO - Sync 1 DAGs
[2025-02-15 15:21:23,009] {logging_mixin.py:104} INFO - [2025-02-15 15:21:23,009] {dag.py:2306} INFO - Setting next_dagrun for example_dag_decorator to None
[2025-02-15 15:21:23,257] {scheduler_job.py:190} INFO - Processing /home/airflow/.local/lib/python3.6/site-packages/airflow/example_dags/example_dag_decorator.py took 3.563 seconds
[2025-02-15 15:22:08,818] {scheduler_job.py:182} INFO - Started process (PID=200) to work on /home/airflow/.local/lib/python3.6/site-packages/airflow/example_dags/example_dag_decorator.py
[2025-02-15 15:22:08,846] {scheduler_job.py:633} INFO - Processing file /home/airflow/.local/lib/python3.6/site-packages/airflow/example_dags/example_dag_decorator.py for tasks to queue
[2025-02-15 15:22:08,855] {logging_mixin.py:104} INFO - [2025-02-15 15:22:08,854] {dagbag.py:496} INFO - Filling up the DagBag from /home/airflow/.local/lib/python3.6/site-packages/airflow/example_dags/example_dag_decorator.py
[2025-02-15 15:22:11,357] {scheduler_job.py:643} INFO - DAG(s) dict_keys(['example_dag_decorator']) retrieved from /home/airflow/.local/lib/python3.6/site-packages/airflow/example_dags/example_dag_decorator.py
[2025-02-15 15:22:25,810] {logging_mixin.py:104} INFO - [2025-02-15 15:22:25,809] {dag.py:1833} INFO - Sync 1 DAGs
[2025-02-15 15:22:26,135] {logging_mixin.py:104} INFO - [2025-02-15 15:22:26,135] {dag.py:2306} INFO - Setting next_dagrun for example_dag_decorator to None
[2025-02-15 15:22:26,279] {scheduler_job.py:190} INFO - Processing /home/airflow/.local/lib/python3.6/site-packages/airflow/example_dags/example_dag_decorator.py took 17.006 seconds
