[2025-02-15 13:53:56,239] {scheduler_job.py:182} INFO - Started process (PID=55) to work on /home/airflow/.local/lib/python3.6/site-packages/airflow/example_dags/example_branch_labels.py
[2025-02-15 13:53:56,441] {scheduler_job.py:633} INFO - Processing file /home/airflow/.local/lib/python3.6/site-packages/airflow/example_dags/example_branch_labels.py for tasks to queue
[2025-02-15 13:53:56,531] {logging_mixin.py:104} INFO - [2025-02-15 13:53:56,530] {dagbag.py:496} INFO - Filling up the DagBag from /home/airflow/.local/lib/python3.6/site-packages/airflow/example_dags/example_branch_labels.py
[2025-02-15 13:53:56,583] {scheduler_job.py:643} INFO - DAG(s) dict_keys(['example_branch_labels']) retrieved from /home/airflow/.local/lib/python3.6/site-packages/airflow/example_dags/example_branch_labels.py
[2025-02-15 13:53:59,041] {logging_mixin.py:104} INFO - [2025-02-15 13:53:59,021] {dag.py:1833} INFO - Sync 1 DAGs
[2025-02-15 13:53:59,211] {logging_mixin.py:104} INFO - [2025-02-15 13:53:59,210] {dag.py:2306} INFO - Setting next_dagrun for example_branch_labels to 2025-02-13 00:00:00+00:00
[2025-02-15 13:53:59,290] {scheduler_job.py:190} INFO - Processing /home/airflow/.local/lib/python3.6/site-packages/airflow/example_dags/example_branch_labels.py took 3.126 seconds
[2025-02-15 13:54:29,586] {scheduler_job.py:182} INFO - Started process (PID=97) to work on /home/airflow/.local/lib/python3.6/site-packages/airflow/example_dags/example_branch_labels.py
[2025-02-15 13:54:29,596] {scheduler_job.py:633} INFO - Processing file /home/airflow/.local/lib/python3.6/site-packages/airflow/example_dags/example_branch_labels.py for tasks to queue
[2025-02-15 13:54:29,613] {logging_mixin.py:104} INFO - [2025-02-15 13:54:29,613] {dagbag.py:496} INFO - Filling up the DagBag from /home/airflow/.local/lib/python3.6/site-packages/airflow/example_dags/example_branch_labels.py
[2025-02-15 13:54:29,877] {scheduler_job.py:643} INFO - DAG(s) dict_keys(['example_branch_labels']) retrieved from /home/airflow/.local/lib/python3.6/site-packages/airflow/example_dags/example_branch_labels.py
[2025-02-15 13:54:30,063] {logging_mixin.py:104} INFO - [2025-02-15 13:54:30,063] {dag.py:1833} INFO - Sync 1 DAGs
[2025-02-15 13:54:30,164] {logging_mixin.py:104} INFO - [2025-02-15 13:54:30,163] {dag.py:2306} INFO - Setting next_dagrun for example_branch_labels to 2025-02-13 00:00:00+00:00
[2025-02-15 13:54:30,222] {scheduler_job.py:190} INFO - Processing /home/airflow/.local/lib/python3.6/site-packages/airflow/example_dags/example_branch_labels.py took 0.730 seconds
[2025-02-15 13:55:01,296] {scheduler_job.py:182} INFO - Started process (PID=145) to work on /home/airflow/.local/lib/python3.6/site-packages/airflow/example_dags/example_branch_labels.py
[2025-02-15 13:55:01,338] {scheduler_job.py:633} INFO - Processing file /home/airflow/.local/lib/python3.6/site-packages/airflow/example_dags/example_branch_labels.py for tasks to queue
[2025-02-15 13:55:01,360] {logging_mixin.py:104} INFO - [2025-02-15 13:55:01,340] {dagbag.py:496} INFO - Filling up the DagBag from /home/airflow/.local/lib/python3.6/site-packages/airflow/example_dags/example_branch_labels.py
[2025-02-15 13:55:01,580] {scheduler_job.py:643} INFO - DAG(s) dict_keys(['example_branch_labels']) retrieved from /home/airflow/.local/lib/python3.6/site-packages/airflow/example_dags/example_branch_labels.py
[2025-02-15 13:55:02,720] {logging_mixin.py:104} INFO - [2025-02-15 13:55:02,719] {dag.py:1833} INFO - Sync 1 DAGs
[2025-02-15 13:55:03,453] {logging_mixin.py:104} INFO - [2025-02-15 13:55:03,452] {dag.py:2306} INFO - Setting next_dagrun for example_branch_labels to 2025-02-13 00:00:00+00:00
[2025-02-15 13:55:04,410] {scheduler_job.py:190} INFO - Processing /home/airflow/.local/lib/python3.6/site-packages/airflow/example_dags/example_branch_labels.py took 3.124 seconds
[2025-02-15 13:55:34,978] {scheduler_job.py:182} INFO - Started process (PID=197) to work on /home/airflow/.local/lib/python3.6/site-packages/airflow/example_dags/example_branch_labels.py
[2025-02-15 13:55:34,983] {scheduler_job.py:633} INFO - Processing file /home/airflow/.local/lib/python3.6/site-packages/airflow/example_dags/example_branch_labels.py for tasks to queue
[2025-02-15 13:55:34,985] {logging_mixin.py:104} INFO - [2025-02-15 13:55:34,985] {dagbag.py:496} INFO - Filling up the DagBag from /home/airflow/.local/lib/python3.6/site-packages/airflow/example_dags/example_branch_labels.py
[2025-02-15 13:55:35,053] {scheduler_job.py:643} INFO - DAG(s) dict_keys(['example_branch_labels']) retrieved from /home/airflow/.local/lib/python3.6/site-packages/airflow/example_dags/example_branch_labels.py
[2025-02-15 13:55:35,141] {logging_mixin.py:104} INFO - [2025-02-15 13:55:35,140] {dag.py:1833} INFO - Sync 1 DAGs
[2025-02-15 13:55:35,176] {logging_mixin.py:104} INFO - [2025-02-15 13:55:35,176] {dag.py:2306} INFO - Setting next_dagrun for example_branch_labels to 2025-02-13 00:00:00+00:00
[2025-02-15 13:55:35,198] {scheduler_job.py:190} INFO - Processing /home/airflow/.local/lib/python3.6/site-packages/airflow/example_dags/example_branch_labels.py took 0.228 seconds
[2025-02-15 13:56:05,418] {scheduler_job.py:182} INFO - Started process (PID=248) to work on /home/airflow/.local/lib/python3.6/site-packages/airflow/example_dags/example_branch_labels.py
[2025-02-15 13:56:05,425] {scheduler_job.py:633} INFO - Processing file /home/airflow/.local/lib/python3.6/site-packages/airflow/example_dags/example_branch_labels.py for tasks to queue
[2025-02-15 13:56:05,431] {logging_mixin.py:104} INFO - [2025-02-15 13:56:05,431] {dagbag.py:496} INFO - Filling up the DagBag from /home/airflow/.local/lib/python3.6/site-packages/airflow/example_dags/example_branch_labels.py
[2025-02-15 13:56:05,463] {scheduler_job.py:643} INFO - DAG(s) dict_keys(['example_branch_labels']) retrieved from /home/airflow/.local/lib/python3.6/site-packages/airflow/example_dags/example_branch_labels.py
[2025-02-15 13:56:05,517] {logging_mixin.py:104} INFO - [2025-02-15 13:56:05,517] {dag.py:1833} INFO - Sync 1 DAGs
[2025-02-15 13:56:05,556] {logging_mixin.py:104} INFO - [2025-02-15 13:56:05,556] {dag.py:2306} INFO - Setting next_dagrun for example_branch_labels to 2025-02-13 00:00:00+00:00
[2025-02-15 13:56:05,572] {scheduler_job.py:190} INFO - Processing /home/airflow/.local/lib/python3.6/site-packages/airflow/example_dags/example_branch_labels.py took 0.172 seconds
[2025-02-15 13:56:35,920] {scheduler_job.py:182} INFO - Started process (PID=299) to work on /home/airflow/.local/lib/python3.6/site-packages/airflow/example_dags/example_branch_labels.py
[2025-02-15 13:56:35,923] {scheduler_job.py:633} INFO - Processing file /home/airflow/.local/lib/python3.6/site-packages/airflow/example_dags/example_branch_labels.py for tasks to queue
[2025-02-15 13:56:35,925] {logging_mixin.py:104} INFO - [2025-02-15 13:56:35,924] {dagbag.py:496} INFO - Filling up the DagBag from /home/airflow/.local/lib/python3.6/site-packages/airflow/example_dags/example_branch_labels.py
[2025-02-15 13:56:35,949] {scheduler_job.py:643} INFO - DAG(s) dict_keys(['example_branch_labels']) retrieved from /home/airflow/.local/lib/python3.6/site-packages/airflow/example_dags/example_branch_labels.py
[2025-02-15 13:56:35,987] {logging_mixin.py:104} INFO - [2025-02-15 13:56:35,987] {dag.py:1833} INFO - Sync 1 DAGs
[2025-02-15 13:56:36,019] {logging_mixin.py:104} INFO - [2025-02-15 13:56:36,019] {dag.py:2306} INFO - Setting next_dagrun for example_branch_labels to 2025-02-13 00:00:00+00:00
[2025-02-15 13:56:36,037] {scheduler_job.py:190} INFO - Processing /home/airflow/.local/lib/python3.6/site-packages/airflow/example_dags/example_branch_labels.py took 0.130 seconds
[2025-02-15 13:57:06,462] {scheduler_job.py:182} INFO - Started process (PID=359) to work on /home/airflow/.local/lib/python3.6/site-packages/airflow/example_dags/example_branch_labels.py
[2025-02-15 13:57:06,464] {scheduler_job.py:633} INFO - Processing file /home/airflow/.local/lib/python3.6/site-packages/airflow/example_dags/example_branch_labels.py for tasks to queue
[2025-02-15 13:57:06,465] {logging_mixin.py:104} INFO - [2025-02-15 13:57:06,465] {dagbag.py:496} INFO - Filling up the DagBag from /home/airflow/.local/lib/python3.6/site-packages/airflow/example_dags/example_branch_labels.py
[2025-02-15 13:57:06,484] {scheduler_job.py:643} INFO - DAG(s) dict_keys(['example_branch_labels']) retrieved from /home/airflow/.local/lib/python3.6/site-packages/airflow/example_dags/example_branch_labels.py
[2025-02-15 13:57:06,576] {logging_mixin.py:104} INFO - [2025-02-15 13:57:06,576] {dag.py:1833} INFO - Sync 1 DAGs
[2025-02-15 13:57:06,648] {logging_mixin.py:104} INFO - [2025-02-15 13:57:06,648] {dag.py:2306} INFO - Setting next_dagrun for example_branch_labels to 2025-02-13 00:00:00+00:00
[2025-02-15 13:57:06,672] {scheduler_job.py:190} INFO - Processing /home/airflow/.local/lib/python3.6/site-packages/airflow/example_dags/example_branch_labels.py took 0.217 seconds
[2025-02-15 13:57:36,838] {scheduler_job.py:182} INFO - Started process (PID=401) to work on /home/airflow/.local/lib/python3.6/site-packages/airflow/example_dags/example_branch_labels.py
[2025-02-15 13:57:36,844] {scheduler_job.py:633} INFO - Processing file /home/airflow/.local/lib/python3.6/site-packages/airflow/example_dags/example_branch_labels.py for tasks to queue
[2025-02-15 13:57:36,848] {logging_mixin.py:104} INFO - [2025-02-15 13:57:36,847] {dagbag.py:496} INFO - Filling up the DagBag from /home/airflow/.local/lib/python3.6/site-packages/airflow/example_dags/example_branch_labels.py
[2025-02-15 13:57:36,890] {scheduler_job.py:643} INFO - DAG(s) dict_keys(['example_branch_labels']) retrieved from /home/airflow/.local/lib/python3.6/site-packages/airflow/example_dags/example_branch_labels.py
[2025-02-15 13:57:36,964] {logging_mixin.py:104} INFO - [2025-02-15 13:57:36,964] {dag.py:1833} INFO - Sync 1 DAGs
[2025-02-15 13:57:37,008] {logging_mixin.py:104} INFO - [2025-02-15 13:57:37,008] {dag.py:2306} INFO - Setting next_dagrun for example_branch_labels to 2025-02-13 00:00:00+00:00
[2025-02-15 13:57:37,028] {scheduler_job.py:190} INFO - Processing /home/airflow/.local/lib/python3.6/site-packages/airflow/example_dags/example_branch_labels.py took 0.200 seconds
[2025-02-15 13:58:07,103] {scheduler_job.py:182} INFO - Started process (PID=462) to work on /home/airflow/.local/lib/python3.6/site-packages/airflow/example_dags/example_branch_labels.py
[2025-02-15 13:58:07,108] {scheduler_job.py:633} INFO - Processing file /home/airflow/.local/lib/python3.6/site-packages/airflow/example_dags/example_branch_labels.py for tasks to queue
[2025-02-15 13:58:07,111] {logging_mixin.py:104} INFO - [2025-02-15 13:58:07,110] {dagbag.py:496} INFO - Filling up the DagBag from /home/airflow/.local/lib/python3.6/site-packages/airflow/example_dags/example_branch_labels.py
[2025-02-15 13:58:07,135] {scheduler_job.py:643} INFO - DAG(s) dict_keys(['example_branch_labels']) retrieved from /home/airflow/.local/lib/python3.6/site-packages/airflow/example_dags/example_branch_labels.py
[2025-02-15 13:58:07,184] {logging_mixin.py:104} INFO - [2025-02-15 13:58:07,183] {dag.py:1833} INFO - Sync 1 DAGs
[2025-02-15 13:58:07,223] {logging_mixin.py:104} INFO - [2025-02-15 13:58:07,223] {dag.py:2306} INFO - Setting next_dagrun for example_branch_labels to 2025-02-13 00:00:00+00:00
[2025-02-15 13:58:07,241] {scheduler_job.py:190} INFO - Processing /home/airflow/.local/lib/python3.6/site-packages/airflow/example_dags/example_branch_labels.py took 0.144 seconds
[2025-02-15 13:58:37,414] {scheduler_job.py:182} INFO - Started process (PID=513) to work on /home/airflow/.local/lib/python3.6/site-packages/airflow/example_dags/example_branch_labels.py
[2025-02-15 13:58:37,417] {scheduler_job.py:633} INFO - Processing file /home/airflow/.local/lib/python3.6/site-packages/airflow/example_dags/example_branch_labels.py for tasks to queue
[2025-02-15 13:58:37,418] {logging_mixin.py:104} INFO - [2025-02-15 13:58:37,418] {dagbag.py:496} INFO - Filling up the DagBag from /home/airflow/.local/lib/python3.6/site-packages/airflow/example_dags/example_branch_labels.py
[2025-02-15 13:58:37,437] {scheduler_job.py:643} INFO - DAG(s) dict_keys(['example_branch_labels']) retrieved from /home/airflow/.local/lib/python3.6/site-packages/airflow/example_dags/example_branch_labels.py
[2025-02-15 13:58:37,466] {logging_mixin.py:104} INFO - [2025-02-15 13:58:37,466] {dag.py:1833} INFO - Sync 1 DAGs
[2025-02-15 13:58:37,485] {logging_mixin.py:104} INFO - [2025-02-15 13:58:37,485] {dag.py:2306} INFO - Setting next_dagrun for example_branch_labels to 2025-02-13 00:00:00+00:00
[2025-02-15 13:58:37,496] {scheduler_job.py:190} INFO - Processing /home/airflow/.local/lib/python3.6/site-packages/airflow/example_dags/example_branch_labels.py took 0.087 seconds
[2025-02-15 13:59:07,680] {scheduler_job.py:182} INFO - Started process (PID=575) to work on /home/airflow/.local/lib/python3.6/site-packages/airflow/example_dags/example_branch_labels.py
[2025-02-15 13:59:07,682] {scheduler_job.py:633} INFO - Processing file /home/airflow/.local/lib/python3.6/site-packages/airflow/example_dags/example_branch_labels.py for tasks to queue
[2025-02-15 13:59:07,684] {logging_mixin.py:104} INFO - [2025-02-15 13:59:07,684] {dagbag.py:496} INFO - Filling up the DagBag from /home/airflow/.local/lib/python3.6/site-packages/airflow/example_dags/example_branch_labels.py
[2025-02-15 13:59:07,699] {scheduler_job.py:643} INFO - DAG(s) dict_keys(['example_branch_labels']) retrieved from /home/airflow/.local/lib/python3.6/site-packages/airflow/example_dags/example_branch_labels.py
[2025-02-15 13:59:07,727] {logging_mixin.py:104} INFO - [2025-02-15 13:59:07,727] {dag.py:1833} INFO - Sync 1 DAGs
[2025-02-15 13:59:07,750] {logging_mixin.py:104} INFO - [2025-02-15 13:59:07,749] {dag.py:2306} INFO - Setting next_dagrun for example_branch_labels to 2025-02-13 00:00:00+00:00
[2025-02-15 13:59:07,763] {scheduler_job.py:190} INFO - Processing /home/airflow/.local/lib/python3.6/site-packages/airflow/example_dags/example_branch_labels.py took 0.091 seconds
[2025-02-15 13:59:38,158] {scheduler_job.py:182} INFO - Started process (PID=627) to work on /home/airflow/.local/lib/python3.6/site-packages/airflow/example_dags/example_branch_labels.py
[2025-02-15 13:59:38,165] {scheduler_job.py:633} INFO - Processing file /home/airflow/.local/lib/python3.6/site-packages/airflow/example_dags/example_branch_labels.py for tasks to queue
[2025-02-15 13:59:38,167] {logging_mixin.py:104} INFO - [2025-02-15 13:59:38,166] {dagbag.py:496} INFO - Filling up the DagBag from /home/airflow/.local/lib/python3.6/site-packages/airflow/example_dags/example_branch_labels.py
[2025-02-15 13:59:38,195] {scheduler_job.py:643} INFO - DAG(s) dict_keys(['example_branch_labels']) retrieved from /home/airflow/.local/lib/python3.6/site-packages/airflow/example_dags/example_branch_labels.py
[2025-02-15 13:59:38,230] {logging_mixin.py:104} INFO - [2025-02-15 13:59:38,230] {dag.py:1833} INFO - Sync 1 DAGs
[2025-02-15 13:59:38,256] {logging_mixin.py:104} INFO - [2025-02-15 13:59:38,256] {dag.py:2306} INFO - Setting next_dagrun for example_branch_labels to 2025-02-13 00:00:00+00:00
[2025-02-15 13:59:38,269] {scheduler_job.py:190} INFO - Processing /home/airflow/.local/lib/python3.6/site-packages/airflow/example_dags/example_branch_labels.py took 0.121 seconds
[2025-02-15 14:00:08,392] {scheduler_job.py:182} INFO - Started process (PID=688) to work on /home/airflow/.local/lib/python3.6/site-packages/airflow/example_dags/example_branch_labels.py
[2025-02-15 14:00:08,398] {scheduler_job.py:633} INFO - Processing file /home/airflow/.local/lib/python3.6/site-packages/airflow/example_dags/example_branch_labels.py for tasks to queue
[2025-02-15 14:00:08,401] {logging_mixin.py:104} INFO - [2025-02-15 14:00:08,401] {dagbag.py:496} INFO - Filling up the DagBag from /home/airflow/.local/lib/python3.6/site-packages/airflow/example_dags/example_branch_labels.py
[2025-02-15 14:00:08,451] {scheduler_job.py:643} INFO - DAG(s) dict_keys(['example_branch_labels']) retrieved from /home/airflow/.local/lib/python3.6/site-packages/airflow/example_dags/example_branch_labels.py
[2025-02-15 14:00:08,556] {logging_mixin.py:104} INFO - [2025-02-15 14:00:08,556] {dag.py:1833} INFO - Sync 1 DAGs
[2025-02-15 14:00:08,626] {logging_mixin.py:104} INFO - [2025-02-15 14:00:08,626] {dag.py:2306} INFO - Setting next_dagrun for example_branch_labels to 2025-02-13 00:00:00+00:00
[2025-02-15 14:00:08,650] {scheduler_job.py:190} INFO - Processing /home/airflow/.local/lib/python3.6/site-packages/airflow/example_dags/example_branch_labels.py took 0.285 seconds
[2025-02-15 14:01:27,432] {scheduler_job.py:182} INFO - Started process (PID=56) to work on /home/airflow/.local/lib/python3.6/site-packages/airflow/example_dags/example_branch_labels.py
[2025-02-15 14:01:27,442] {scheduler_job.py:633} INFO - Processing file /home/airflow/.local/lib/python3.6/site-packages/airflow/example_dags/example_branch_labels.py for tasks to queue
[2025-02-15 14:01:27,444] {logging_mixin.py:104} INFO - [2025-02-15 14:01:27,444] {dagbag.py:496} INFO - Filling up the DagBag from /home/airflow/.local/lib/python3.6/site-packages/airflow/example_dags/example_branch_labels.py
[2025-02-15 14:01:27,496] {scheduler_job.py:643} INFO - DAG(s) dict_keys(['example_branch_labels']) retrieved from /home/airflow/.local/lib/python3.6/site-packages/airflow/example_dags/example_branch_labels.py
[2025-02-15 14:01:27,599] {logging_mixin.py:104} INFO - [2025-02-15 14:01:27,599] {dag.py:1833} INFO - Sync 1 DAGs
[2025-02-15 14:01:27,676] {logging_mixin.py:104} INFO - [2025-02-15 14:01:27,676] {dag.py:2306} INFO - Setting next_dagrun for example_branch_labels to 2025-02-13 00:00:00+00:00
[2025-02-15 14:01:27,714] {scheduler_job.py:190} INFO - Processing /home/airflow/.local/lib/python3.6/site-packages/airflow/example_dags/example_branch_labels.py took 0.303 seconds
[2025-02-15 14:01:58,029] {scheduler_job.py:182} INFO - Started process (PID=107) to work on /home/airflow/.local/lib/python3.6/site-packages/airflow/example_dags/example_branch_labels.py
[2025-02-15 14:01:58,035] {scheduler_job.py:633} INFO - Processing file /home/airflow/.local/lib/python3.6/site-packages/airflow/example_dags/example_branch_labels.py for tasks to queue
[2025-02-15 14:01:58,037] {logging_mixin.py:104} INFO - [2025-02-15 14:01:58,036] {dagbag.py:496} INFO - Filling up the DagBag from /home/airflow/.local/lib/python3.6/site-packages/airflow/example_dags/example_branch_labels.py
[2025-02-15 14:01:58,122] {scheduler_job.py:643} INFO - DAG(s) dict_keys(['example_branch_labels']) retrieved from /home/airflow/.local/lib/python3.6/site-packages/airflow/example_dags/example_branch_labels.py
[2025-02-15 14:01:58,221] {logging_mixin.py:104} INFO - [2025-02-15 14:01:58,221] {dag.py:1833} INFO - Sync 1 DAGs
[2025-02-15 14:01:58,274] {logging_mixin.py:104} INFO - [2025-02-15 14:01:58,274] {dag.py:2306} INFO - Setting next_dagrun for example_branch_labels to 2025-02-13 00:00:00+00:00
[2025-02-15 14:01:58,297] {scheduler_job.py:190} INFO - Processing /home/airflow/.local/lib/python3.6/site-packages/airflow/example_dags/example_branch_labels.py took 0.277 seconds
[2025-02-15 14:05:51,709] {scheduler_job.py:182} INFO - Started process (PID=91) to work on /home/airflow/.local/lib/python3.6/site-packages/airflow/example_dags/example_branch_labels.py
[2025-02-15 14:05:51,716] {scheduler_job.py:633} INFO - Processing file /home/airflow/.local/lib/python3.6/site-packages/airflow/example_dags/example_branch_labels.py for tasks to queue
[2025-02-15 14:05:51,726] {logging_mixin.py:104} INFO - [2025-02-15 14:05:51,724] {dagbag.py:496} INFO - Filling up the DagBag from /home/airflow/.local/lib/python3.6/site-packages/airflow/example_dags/example_branch_labels.py
[2025-02-15 14:05:51,868] {scheduler_job.py:643} INFO - DAG(s) dict_keys(['example_branch_labels']) retrieved from /home/airflow/.local/lib/python3.6/site-packages/airflow/example_dags/example_branch_labels.py
[2025-02-15 14:06:14,746] {logging_mixin.py:104} INFO - [2025-02-15 14:06:14,742] {dag.py:1833} INFO - Sync 1 DAGs
[2025-02-15 14:06:14,788] {logging_mixin.py:104} INFO - [2025-02-15 14:06:14,785] {dag.py:1852} INFO - Creating ORM DAG for example_branch_labels
[2025-02-15 14:06:14,811] {logging_mixin.py:104} INFO - [2025-02-15 14:06:14,811] {dag.py:2306} INFO - Setting next_dagrun for example_branch_labels to 2025-02-13 00:00:00+00:00
[2025-02-15 14:06:14,840] {scheduler_job.py:190} INFO - Processing /home/airflow/.local/lib/python3.6/site-packages/airflow/example_dags/example_branch_labels.py took 25.532 seconds
[2025-02-15 14:07:48,004] {scheduler_job.py:182} INFO - Started process (PID=408) to work on /home/airflow/.local/lib/python3.6/site-packages/airflow/example_dags/example_branch_labels.py
[2025-02-15 14:07:48,008] {scheduler_job.py:633} INFO - Processing file /home/airflow/.local/lib/python3.6/site-packages/airflow/example_dags/example_branch_labels.py for tasks to queue
[2025-02-15 14:07:48,012] {logging_mixin.py:104} INFO - [2025-02-15 14:07:48,011] {dagbag.py:496} INFO - Filling up the DagBag from /home/airflow/.local/lib/python3.6/site-packages/airflow/example_dags/example_branch_labels.py
[2025-02-15 14:07:48,075] {scheduler_job.py:643} INFO - DAG(s) dict_keys(['example_branch_labels']) retrieved from /home/airflow/.local/lib/python3.6/site-packages/airflow/example_dags/example_branch_labels.py
[2025-02-15 14:07:48,162] {logging_mixin.py:104} INFO - [2025-02-15 14:07:48,161] {dag.py:1833} INFO - Sync 1 DAGs
[2025-02-15 14:07:48,232] {logging_mixin.py:104} INFO - [2025-02-15 14:07:48,232] {dag.py:2306} INFO - Setting next_dagrun for example_branch_labels to 2025-02-13 00:00:00+00:00
[2025-02-15 14:07:48,257] {scheduler_job.py:190} INFO - Processing /home/airflow/.local/lib/python3.6/site-packages/airflow/example_dags/example_branch_labels.py took 0.270 seconds
[2025-02-15 14:08:18,834] {scheduler_job.py:182} INFO - Started process (PID=460) to work on /home/airflow/.local/lib/python3.6/site-packages/airflow/example_dags/example_branch_labels.py
[2025-02-15 14:08:18,836] {scheduler_job.py:633} INFO - Processing file /home/airflow/.local/lib/python3.6/site-packages/airflow/example_dags/example_branch_labels.py for tasks to queue
[2025-02-15 14:08:18,838] {logging_mixin.py:104} INFO - [2025-02-15 14:08:18,838] {dagbag.py:496} INFO - Filling up the DagBag from /home/airflow/.local/lib/python3.6/site-packages/airflow/example_dags/example_branch_labels.py
[2025-02-15 14:08:18,880] {scheduler_job.py:643} INFO - DAG(s) dict_keys(['example_branch_labels']) retrieved from /home/airflow/.local/lib/python3.6/site-packages/airflow/example_dags/example_branch_labels.py
[2025-02-15 14:08:18,931] {logging_mixin.py:104} INFO - [2025-02-15 14:08:18,930] {dag.py:1833} INFO - Sync 1 DAGs
[2025-02-15 14:08:18,962] {logging_mixin.py:104} INFO - [2025-02-15 14:08:18,962] {dag.py:2306} INFO - Setting next_dagrun for example_branch_labels to 2025-02-13 00:00:00+00:00
[2025-02-15 14:08:18,979] {scheduler_job.py:190} INFO - Processing /home/airflow/.local/lib/python3.6/site-packages/airflow/example_dags/example_branch_labels.py took 0.153 seconds
[2025-02-15 14:08:49,110] {scheduler_job.py:182} INFO - Started process (PID=521) to work on /home/airflow/.local/lib/python3.6/site-packages/airflow/example_dags/example_branch_labels.py
[2025-02-15 14:08:49,112] {scheduler_job.py:633} INFO - Processing file /home/airflow/.local/lib/python3.6/site-packages/airflow/example_dags/example_branch_labels.py for tasks to queue
[2025-02-15 14:08:49,114] {logging_mixin.py:104} INFO - [2025-02-15 14:08:49,114] {dagbag.py:496} INFO - Filling up the DagBag from /home/airflow/.local/lib/python3.6/site-packages/airflow/example_dags/example_branch_labels.py
[2025-02-15 14:08:49,152] {scheduler_job.py:643} INFO - DAG(s) dict_keys(['example_branch_labels']) retrieved from /home/airflow/.local/lib/python3.6/site-packages/airflow/example_dags/example_branch_labels.py
[2025-02-15 14:08:49,223] {logging_mixin.py:104} INFO - [2025-02-15 14:08:49,223] {dag.py:1833} INFO - Sync 1 DAGs
[2025-02-15 14:08:49,270] {logging_mixin.py:104} INFO - [2025-02-15 14:08:49,270] {dag.py:2306} INFO - Setting next_dagrun for example_branch_labels to 2025-02-13 00:00:00+00:00
[2025-02-15 14:08:49,297] {scheduler_job.py:190} INFO - Processing /home/airflow/.local/lib/python3.6/site-packages/airflow/example_dags/example_branch_labels.py took 0.202 seconds
[2025-02-15 14:09:19,778] {scheduler_job.py:182} INFO - Started process (PID=583) to work on /home/airflow/.local/lib/python3.6/site-packages/airflow/example_dags/example_branch_labels.py
[2025-02-15 14:09:19,780] {scheduler_job.py:633} INFO - Processing file /home/airflow/.local/lib/python3.6/site-packages/airflow/example_dags/example_branch_labels.py for tasks to queue
[2025-02-15 14:09:19,781] {logging_mixin.py:104} INFO - [2025-02-15 14:09:19,780] {dagbag.py:496} INFO - Filling up the DagBag from /home/airflow/.local/lib/python3.6/site-packages/airflow/example_dags/example_branch_labels.py
[2025-02-15 14:09:19,794] {scheduler_job.py:643} INFO - DAG(s) dict_keys(['example_branch_labels']) retrieved from /home/airflow/.local/lib/python3.6/site-packages/airflow/example_dags/example_branch_labels.py
[2025-02-15 14:09:19,823] {logging_mixin.py:104} INFO - [2025-02-15 14:09:19,823] {dag.py:1833} INFO - Sync 1 DAGs
[2025-02-15 14:09:19,846] {logging_mixin.py:104} INFO - [2025-02-15 14:09:19,846] {dag.py:2306} INFO - Setting next_dagrun for example_branch_labels to 2025-02-13 00:00:00+00:00
[2025-02-15 14:09:19,859] {scheduler_job.py:190} INFO - Processing /home/airflow/.local/lib/python3.6/site-packages/airflow/example_dags/example_branch_labels.py took 0.084 seconds
[2025-02-15 14:09:50,113] {scheduler_job.py:182} INFO - Started process (PID=635) to work on /home/airflow/.local/lib/python3.6/site-packages/airflow/example_dags/example_branch_labels.py
[2025-02-15 14:09:50,116] {scheduler_job.py:633} INFO - Processing file /home/airflow/.local/lib/python3.6/site-packages/airflow/example_dags/example_branch_labels.py for tasks to queue
[2025-02-15 14:09:50,119] {logging_mixin.py:104} INFO - [2025-02-15 14:09:50,118] {dagbag.py:496} INFO - Filling up the DagBag from /home/airflow/.local/lib/python3.6/site-packages/airflow/example_dags/example_branch_labels.py
[2025-02-15 14:09:50,142] {scheduler_job.py:643} INFO - DAG(s) dict_keys(['example_branch_labels']) retrieved from /home/airflow/.local/lib/python3.6/site-packages/airflow/example_dags/example_branch_labels.py
[2025-02-15 14:09:50,182] {logging_mixin.py:104} INFO - [2025-02-15 14:09:50,182] {dag.py:1833} INFO - Sync 1 DAGs
[2025-02-15 14:09:50,206] {logging_mixin.py:104} INFO - [2025-02-15 14:09:50,206] {dag.py:2306} INFO - Setting next_dagrun for example_branch_labels to 2025-02-13 00:00:00+00:00
[2025-02-15 14:09:50,221] {scheduler_job.py:190} INFO - Processing /home/airflow/.local/lib/python3.6/site-packages/airflow/example_dags/example_branch_labels.py took 0.114 seconds
[2025-02-15 14:10:20,438] {scheduler_job.py:182} INFO - Started process (PID=696) to work on /home/airflow/.local/lib/python3.6/site-packages/airflow/example_dags/example_branch_labels.py
[2025-02-15 14:10:20,440] {scheduler_job.py:633} INFO - Processing file /home/airflow/.local/lib/python3.6/site-packages/airflow/example_dags/example_branch_labels.py for tasks to queue
[2025-02-15 14:10:20,441] {logging_mixin.py:104} INFO - [2025-02-15 14:10:20,441] {dagbag.py:496} INFO - Filling up the DagBag from /home/airflow/.local/lib/python3.6/site-packages/airflow/example_dags/example_branch_labels.py
[2025-02-15 14:10:20,460] {scheduler_job.py:643} INFO - DAG(s) dict_keys(['example_branch_labels']) retrieved from /home/airflow/.local/lib/python3.6/site-packages/airflow/example_dags/example_branch_labels.py
[2025-02-15 14:10:20,502] {logging_mixin.py:104} INFO - [2025-02-15 14:10:20,502] {dag.py:1833} INFO - Sync 1 DAGs
[2025-02-15 14:10:20,545] {logging_mixin.py:104} INFO - [2025-02-15 14:10:20,545] {dag.py:2306} INFO - Setting next_dagrun for example_branch_labels to 2025-02-13 00:00:00+00:00
[2025-02-15 14:10:20,562] {scheduler_job.py:190} INFO - Processing /home/airflow/.local/lib/python3.6/site-packages/airflow/example_dags/example_branch_labels.py took 0.132 seconds
[2025-02-15 14:10:50,857] {scheduler_job.py:182} INFO - Started process (PID=748) to work on /home/airflow/.local/lib/python3.6/site-packages/airflow/example_dags/example_branch_labels.py
[2025-02-15 14:10:50,858] {scheduler_job.py:633} INFO - Processing file /home/airflow/.local/lib/python3.6/site-packages/airflow/example_dags/example_branch_labels.py for tasks to queue
[2025-02-15 14:10:50,859] {logging_mixin.py:104} INFO - [2025-02-15 14:10:50,859] {dagbag.py:496} INFO - Filling up the DagBag from /home/airflow/.local/lib/python3.6/site-packages/airflow/example_dags/example_branch_labels.py
[2025-02-15 14:10:50,874] {scheduler_job.py:643} INFO - DAG(s) dict_keys(['example_branch_labels']) retrieved from /home/airflow/.local/lib/python3.6/site-packages/airflow/example_dags/example_branch_labels.py
[2025-02-15 14:10:50,908] {logging_mixin.py:104} INFO - [2025-02-15 14:10:50,908] {dag.py:1833} INFO - Sync 1 DAGs
[2025-02-15 14:10:50,932] {logging_mixin.py:104} INFO - [2025-02-15 14:10:50,932] {dag.py:2306} INFO - Setting next_dagrun for example_branch_labels to 2025-02-13 00:00:00+00:00
[2025-02-15 14:10:50,943] {scheduler_job.py:190} INFO - Processing /home/airflow/.local/lib/python3.6/site-packages/airflow/example_dags/example_branch_labels.py took 0.091 seconds
[2025-02-15 14:11:21,165] {scheduler_job.py:182} INFO - Started process (PID=807) to work on /home/airflow/.local/lib/python3.6/site-packages/airflow/example_dags/example_branch_labels.py
[2025-02-15 14:11:21,166] {scheduler_job.py:633} INFO - Processing file /home/airflow/.local/lib/python3.6/site-packages/airflow/example_dags/example_branch_labels.py for tasks to queue
[2025-02-15 14:11:21,167] {logging_mixin.py:104} INFO - [2025-02-15 14:11:21,167] {dagbag.py:496} INFO - Filling up the DagBag from /home/airflow/.local/lib/python3.6/site-packages/airflow/example_dags/example_branch_labels.py
[2025-02-15 14:11:21,186] {scheduler_job.py:643} INFO - DAG(s) dict_keys(['example_branch_labels']) retrieved from /home/airflow/.local/lib/python3.6/site-packages/airflow/example_dags/example_branch_labels.py
[2025-02-15 14:11:21,216] {logging_mixin.py:104} INFO - [2025-02-15 14:11:21,216] {dag.py:1833} INFO - Sync 1 DAGs
[2025-02-15 14:11:21,237] {logging_mixin.py:104} INFO - [2025-02-15 14:11:21,237] {dag.py:2306} INFO - Setting next_dagrun for example_branch_labels to 2025-02-13 00:00:00+00:00
[2025-02-15 14:11:21,250] {scheduler_job.py:190} INFO - Processing /home/airflow/.local/lib/python3.6/site-packages/airflow/example_dags/example_branch_labels.py took 0.090 seconds
[2025-02-15 14:11:51,968] {scheduler_job.py:182} INFO - Started process (PID=862) to work on /home/airflow/.local/lib/python3.6/site-packages/airflow/example_dags/example_branch_labels.py
[2025-02-15 14:11:51,970] {scheduler_job.py:633} INFO - Processing file /home/airflow/.local/lib/python3.6/site-packages/airflow/example_dags/example_branch_labels.py for tasks to queue
[2025-02-15 14:11:51,971] {logging_mixin.py:104} INFO - [2025-02-15 14:11:51,971] {dagbag.py:496} INFO - Filling up the DagBag from /home/airflow/.local/lib/python3.6/site-packages/airflow/example_dags/example_branch_labels.py
[2025-02-15 14:11:51,988] {scheduler_job.py:643} INFO - DAG(s) dict_keys(['example_branch_labels']) retrieved from /home/airflow/.local/lib/python3.6/site-packages/airflow/example_dags/example_branch_labels.py
[2025-02-15 14:11:52,028] {logging_mixin.py:104} INFO - [2025-02-15 14:11:52,028] {dag.py:1833} INFO - Sync 1 DAGs
[2025-02-15 14:11:52,056] {logging_mixin.py:104} INFO - [2025-02-15 14:11:52,056] {dag.py:2306} INFO - Setting next_dagrun for example_branch_labels to 2025-02-13 00:00:00+00:00
[2025-02-15 14:11:52,074] {scheduler_job.py:190} INFO - Processing /home/airflow/.local/lib/python3.6/site-packages/airflow/example_dags/example_branch_labels.py took 0.111 seconds
[2025-02-15 14:12:22,138] {scheduler_job.py:182} INFO - Started process (PID=924) to work on /home/airflow/.local/lib/python3.6/site-packages/airflow/example_dags/example_branch_labels.py
[2025-02-15 14:12:22,139] {scheduler_job.py:633} INFO - Processing file /home/airflow/.local/lib/python3.6/site-packages/airflow/example_dags/example_branch_labels.py for tasks to queue
[2025-02-15 14:12:22,140] {logging_mixin.py:104} INFO - [2025-02-15 14:12:22,140] {dagbag.py:496} INFO - Filling up the DagBag from /home/airflow/.local/lib/python3.6/site-packages/airflow/example_dags/example_branch_labels.py
[2025-02-15 14:12:22,155] {scheduler_job.py:643} INFO - DAG(s) dict_keys(['example_branch_labels']) retrieved from /home/airflow/.local/lib/python3.6/site-packages/airflow/example_dags/example_branch_labels.py
[2025-02-15 14:12:22,185] {logging_mixin.py:104} INFO - [2025-02-15 14:12:22,185] {dag.py:1833} INFO - Sync 1 DAGs
[2025-02-15 14:12:22,208] {logging_mixin.py:104} INFO - [2025-02-15 14:12:22,208] {dag.py:2306} INFO - Setting next_dagrun for example_branch_labels to 2025-02-13 00:00:00+00:00
[2025-02-15 14:12:22,220] {scheduler_job.py:190} INFO - Processing /home/airflow/.local/lib/python3.6/site-packages/airflow/example_dags/example_branch_labels.py took 0.086 seconds
[2025-02-15 14:12:53,028] {scheduler_job.py:182} INFO - Started process (PID=977) to work on /home/airflow/.local/lib/python3.6/site-packages/airflow/example_dags/example_branch_labels.py
[2025-02-15 14:12:53,029] {scheduler_job.py:633} INFO - Processing file /home/airflow/.local/lib/python3.6/site-packages/airflow/example_dags/example_branch_labels.py for tasks to queue
[2025-02-15 14:12:53,030] {logging_mixin.py:104} INFO - [2025-02-15 14:12:53,030] {dagbag.py:496} INFO - Filling up the DagBag from /home/airflow/.local/lib/python3.6/site-packages/airflow/example_dags/example_branch_labels.py
[2025-02-15 14:12:53,044] {scheduler_job.py:643} INFO - DAG(s) dict_keys(['example_branch_labels']) retrieved from /home/airflow/.local/lib/python3.6/site-packages/airflow/example_dags/example_branch_labels.py
[2025-02-15 14:12:53,075] {logging_mixin.py:104} INFO - [2025-02-15 14:12:53,075] {dag.py:1833} INFO - Sync 1 DAGs
[2025-02-15 14:12:53,099] {logging_mixin.py:104} INFO - [2025-02-15 14:12:53,099] {dag.py:2306} INFO - Setting next_dagrun for example_branch_labels to 2025-02-13 00:00:00+00:00
[2025-02-15 14:12:53,111] {scheduler_job.py:190} INFO - Processing /home/airflow/.local/lib/python3.6/site-packages/airflow/example_dags/example_branch_labels.py took 0.087 seconds
[2025-02-15 14:13:23,383] {scheduler_job.py:182} INFO - Started process (PID=1038) to work on /home/airflow/.local/lib/python3.6/site-packages/airflow/example_dags/example_branch_labels.py
[2025-02-15 14:13:23,384] {scheduler_job.py:633} INFO - Processing file /home/airflow/.local/lib/python3.6/site-packages/airflow/example_dags/example_branch_labels.py for tasks to queue
[2025-02-15 14:13:23,385] {logging_mixin.py:104} INFO - [2025-02-15 14:13:23,385] {dagbag.py:496} INFO - Filling up the DagBag from /home/airflow/.local/lib/python3.6/site-packages/airflow/example_dags/example_branch_labels.py
[2025-02-15 14:13:23,400] {scheduler_job.py:643} INFO - DAG(s) dict_keys(['example_branch_labels']) retrieved from /home/airflow/.local/lib/python3.6/site-packages/airflow/example_dags/example_branch_labels.py
[2025-02-15 14:13:23,433] {logging_mixin.py:104} INFO - [2025-02-15 14:13:23,433] {dag.py:1833} INFO - Sync 1 DAGs
[2025-02-15 14:13:23,459] {logging_mixin.py:104} INFO - [2025-02-15 14:13:23,459] {dag.py:2306} INFO - Setting next_dagrun for example_branch_labels to 2025-02-13 00:00:00+00:00
[2025-02-15 14:13:23,471] {scheduler_job.py:190} INFO - Processing /home/airflow/.local/lib/python3.6/site-packages/airflow/example_dags/example_branch_labels.py took 0.092 seconds
[2025-02-15 14:13:53,898] {scheduler_job.py:182} INFO - Started process (PID=1091) to work on /home/airflow/.local/lib/python3.6/site-packages/airflow/example_dags/example_branch_labels.py
[2025-02-15 14:13:53,900] {scheduler_job.py:633} INFO - Processing file /home/airflow/.local/lib/python3.6/site-packages/airflow/example_dags/example_branch_labels.py for tasks to queue
[2025-02-15 14:13:53,900] {logging_mixin.py:104} INFO - [2025-02-15 14:13:53,900] {dagbag.py:496} INFO - Filling up the DagBag from /home/airflow/.local/lib/python3.6/site-packages/airflow/example_dags/example_branch_labels.py
[2025-02-15 14:13:53,914] {scheduler_job.py:643} INFO - DAG(s) dict_keys(['example_branch_labels']) retrieved from /home/airflow/.local/lib/python3.6/site-packages/airflow/example_dags/example_branch_labels.py
[2025-02-15 14:13:53,943] {logging_mixin.py:104} INFO - [2025-02-15 14:13:53,943] {dag.py:1833} INFO - Sync 1 DAGs
[2025-02-15 14:13:53,964] {logging_mixin.py:104} INFO - [2025-02-15 14:13:53,963] {dag.py:2306} INFO - Setting next_dagrun for example_branch_labels to 2025-02-13 00:00:00+00:00
[2025-02-15 14:13:53,976] {scheduler_job.py:190} INFO - Processing /home/airflow/.local/lib/python3.6/site-packages/airflow/example_dags/example_branch_labels.py took 0.081 seconds
[2025-02-15 14:15:03,552] {scheduler_job.py:182} INFO - Started process (PID=57) to work on /home/airflow/.local/lib/python3.6/site-packages/airflow/example_dags/example_branch_labels.py
[2025-02-15 14:15:03,572] {scheduler_job.py:633} INFO - Processing file /home/airflow/.local/lib/python3.6/site-packages/airflow/example_dags/example_branch_labels.py for tasks to queue
[2025-02-15 14:15:03,578] {logging_mixin.py:104} INFO - [2025-02-15 14:15:03,577] {dagbag.py:496} INFO - Filling up the DagBag from /home/airflow/.local/lib/python3.6/site-packages/airflow/example_dags/example_branch_labels.py
[2025-02-15 14:15:03,739] {scheduler_job.py:643} INFO - DAG(s) dict_keys(['example_branch_labels']) retrieved from /home/airflow/.local/lib/python3.6/site-packages/airflow/example_dags/example_branch_labels.py
[2025-02-15 14:15:03,873] {logging_mixin.py:104} INFO - [2025-02-15 14:15:03,873] {dag.py:1833} INFO - Sync 1 DAGs
[2025-02-15 14:15:04,021] {logging_mixin.py:104} INFO - [2025-02-15 14:15:04,021] {dag.py:2306} INFO - Setting next_dagrun for example_branch_labels to 2025-02-13 00:00:00+00:00
[2025-02-15 14:15:04,061] {scheduler_job.py:190} INFO - Processing /home/airflow/.local/lib/python3.6/site-packages/airflow/example_dags/example_branch_labels.py took 0.593 seconds
[2025-02-15 14:15:34,196] {scheduler_job.py:182} INFO - Started process (PID=106) to work on /home/airflow/.local/lib/python3.6/site-packages/airflow/example_dags/example_branch_labels.py
[2025-02-15 14:15:34,214] {scheduler_job.py:633} INFO - Processing file /home/airflow/.local/lib/python3.6/site-packages/airflow/example_dags/example_branch_labels.py for tasks to queue
[2025-02-15 14:15:34,217] {logging_mixin.py:104} INFO - [2025-02-15 14:15:34,216] {dagbag.py:496} INFO - Filling up the DagBag from /home/airflow/.local/lib/python3.6/site-packages/airflow/example_dags/example_branch_labels.py
[2025-02-15 14:15:34,298] {scheduler_job.py:643} INFO - DAG(s) dict_keys(['example_branch_labels']) retrieved from /home/airflow/.local/lib/python3.6/site-packages/airflow/example_dags/example_branch_labels.py
[2025-02-15 14:15:34,375] {logging_mixin.py:104} INFO - [2025-02-15 14:15:34,374] {dag.py:1833} INFO - Sync 1 DAGs
[2025-02-15 14:15:34,444] {logging_mixin.py:104} INFO - [2025-02-15 14:15:34,444] {dag.py:2306} INFO - Setting next_dagrun for example_branch_labels to 2025-02-13 00:00:00+00:00
[2025-02-15 14:15:34,483] {scheduler_job.py:190} INFO - Processing /home/airflow/.local/lib/python3.6/site-packages/airflow/example_dags/example_branch_labels.py took 0.297 seconds
[2025-02-15 14:21:10,770] {scheduler_job.py:182} INFO - Started process (PID=155) to work on /home/airflow/.local/lib/python3.6/site-packages/airflow/example_dags/example_branch_labels.py
[2025-02-15 14:21:10,781] {scheduler_job.py:633} INFO - Processing file /home/airflow/.local/lib/python3.6/site-packages/airflow/example_dags/example_branch_labels.py for tasks to queue
[2025-02-15 14:21:10,785] {logging_mixin.py:104} INFO - [2025-02-15 14:21:10,784] {dagbag.py:496} INFO - Filling up the DagBag from /home/airflow/.local/lib/python3.6/site-packages/airflow/example_dags/example_branch_labels.py
[2025-02-15 14:21:10,887] {scheduler_job.py:643} INFO - DAG(s) dict_keys(['example_branch_labels']) retrieved from /home/airflow/.local/lib/python3.6/site-packages/airflow/example_dags/example_branch_labels.py
[2025-02-15 14:21:11,076] {logging_mixin.py:104} INFO - [2025-02-15 14:21:11,076] {dag.py:1833} INFO - Sync 1 DAGs
[2025-02-15 14:21:11,237] {logging_mixin.py:104} INFO - [2025-02-15 14:21:11,237] {dag.py:2306} INFO - Setting next_dagrun for example_branch_labels to 2025-02-13 00:00:00+00:00
[2025-02-15 14:21:11,386] {scheduler_job.py:190} INFO - Processing /home/airflow/.local/lib/python3.6/site-packages/airflow/example_dags/example_branch_labels.py took 0.634 seconds
[2025-02-15 14:21:41,776] {scheduler_job.py:182} INFO - Started process (PID=207) to work on /home/airflow/.local/lib/python3.6/site-packages/airflow/example_dags/example_branch_labels.py
[2025-02-15 14:21:41,780] {scheduler_job.py:633} INFO - Processing file /home/airflow/.local/lib/python3.6/site-packages/airflow/example_dags/example_branch_labels.py for tasks to queue
[2025-02-15 14:21:41,783] {logging_mixin.py:104} INFO - [2025-02-15 14:21:41,783] {dagbag.py:496} INFO - Filling up the DagBag from /home/airflow/.local/lib/python3.6/site-packages/airflow/example_dags/example_branch_labels.py
[2025-02-15 14:21:41,830] {scheduler_job.py:643} INFO - DAG(s) dict_keys(['example_branch_labels']) retrieved from /home/airflow/.local/lib/python3.6/site-packages/airflow/example_dags/example_branch_labels.py
[2025-02-15 14:21:41,903] {logging_mixin.py:104} INFO - [2025-02-15 14:21:41,903] {dag.py:1833} INFO - Sync 1 DAGs
[2025-02-15 14:21:41,955] {logging_mixin.py:104} INFO - [2025-02-15 14:21:41,955] {dag.py:2306} INFO - Setting next_dagrun for example_branch_labels to 2025-02-13 00:00:00+00:00
[2025-02-15 14:21:41,986] {scheduler_job.py:190} INFO - Processing /home/airflow/.local/lib/python3.6/site-packages/airflow/example_dags/example_branch_labels.py took 0.222 seconds
[2025-02-15 14:22:12,418] {scheduler_job.py:182} INFO - Started process (PID=257) to work on /home/airflow/.local/lib/python3.6/site-packages/airflow/example_dags/example_branch_labels.py
[2025-02-15 14:22:12,421] {scheduler_job.py:633} INFO - Processing file /home/airflow/.local/lib/python3.6/site-packages/airflow/example_dags/example_branch_labels.py for tasks to queue
[2025-02-15 14:22:12,423] {logging_mixin.py:104} INFO - [2025-02-15 14:22:12,422] {dagbag.py:496} INFO - Filling up the DagBag from /home/airflow/.local/lib/python3.6/site-packages/airflow/example_dags/example_branch_labels.py
[2025-02-15 14:22:12,456] {scheduler_job.py:643} INFO - DAG(s) dict_keys(['example_branch_labels']) retrieved from /home/airflow/.local/lib/python3.6/site-packages/airflow/example_dags/example_branch_labels.py
[2025-02-15 14:22:12,527] {logging_mixin.py:104} INFO - [2025-02-15 14:22:12,527] {dag.py:1833} INFO - Sync 1 DAGs
[2025-02-15 14:22:12,565] {logging_mixin.py:104} INFO - [2025-02-15 14:22:12,565] {dag.py:2306} INFO - Setting next_dagrun for example_branch_labels to 2025-02-13 00:00:00+00:00
[2025-02-15 14:22:12,586] {scheduler_job.py:190} INFO - Processing /home/airflow/.local/lib/python3.6/site-packages/airflow/example_dags/example_branch_labels.py took 0.177 seconds
[2025-02-15 14:22:42,615] {scheduler_job.py:182} INFO - Started process (PID=310) to work on /home/airflow/.local/lib/python3.6/site-packages/airflow/example_dags/example_branch_labels.py
[2025-02-15 14:22:42,617] {scheduler_job.py:633} INFO - Processing file /home/airflow/.local/lib/python3.6/site-packages/airflow/example_dags/example_branch_labels.py for tasks to queue
[2025-02-15 14:22:42,618] {logging_mixin.py:104} INFO - [2025-02-15 14:22:42,618] {dagbag.py:496} INFO - Filling up the DagBag from /home/airflow/.local/lib/python3.6/site-packages/airflow/example_dags/example_branch_labels.py
[2025-02-15 14:22:42,632] {scheduler_job.py:643} INFO - DAG(s) dict_keys(['example_branch_labels']) retrieved from /home/airflow/.local/lib/python3.6/site-packages/airflow/example_dags/example_branch_labels.py
[2025-02-15 14:22:42,659] {logging_mixin.py:104} INFO - [2025-02-15 14:22:42,659] {dag.py:1833} INFO - Sync 1 DAGs
[2025-02-15 14:22:42,674] {logging_mixin.py:104} INFO - [2025-02-15 14:22:42,674] {dag.py:2306} INFO - Setting next_dagrun for example_branch_labels to 2025-02-13 00:00:00+00:00
[2025-02-15 14:22:42,688] {scheduler_job.py:190} INFO - Processing /home/airflow/.local/lib/python3.6/site-packages/airflow/example_dags/example_branch_labels.py took 0.076 seconds
[2025-02-15 14:25:00,546] {scheduler_job.py:182} INFO - Started process (PID=54) to work on /home/airflow/.local/lib/python3.6/site-packages/airflow/example_dags/example_branch_labels.py
[2025-02-15 14:25:00,549] {scheduler_job.py:633} INFO - Processing file /home/airflow/.local/lib/python3.6/site-packages/airflow/example_dags/example_branch_labels.py for tasks to queue
[2025-02-15 14:25:00,551] {logging_mixin.py:104} INFO - [2025-02-15 14:25:00,551] {dagbag.py:496} INFO - Filling up the DagBag from /home/airflow/.local/lib/python3.6/site-packages/airflow/example_dags/example_branch_labels.py
[2025-02-15 14:25:00,605] {scheduler_job.py:643} INFO - DAG(s) dict_keys(['example_branch_labels']) retrieved from /home/airflow/.local/lib/python3.6/site-packages/airflow/example_dags/example_branch_labels.py
[2025-02-15 14:25:00,775] {logging_mixin.py:104} INFO - [2025-02-15 14:25:00,774] {dag.py:1833} INFO - Sync 1 DAGs
[2025-02-15 14:25:00,850] {logging_mixin.py:104} INFO - [2025-02-15 14:25:00,849] {dag.py:2306} INFO - Setting next_dagrun for example_branch_labels to 2025-02-13 00:00:00+00:00
[2025-02-15 14:25:00,886] {scheduler_job.py:190} INFO - Processing /home/airflow/.local/lib/python3.6/site-packages/airflow/example_dags/example_branch_labels.py took 0.354 seconds
[2025-02-15 14:25:31,331] {scheduler_job.py:182} INFO - Started process (PID=99) to work on /home/airflow/.local/lib/python3.6/site-packages/airflow/example_dags/example_branch_labels.py
[2025-02-15 14:25:31,336] {scheduler_job.py:633} INFO - Processing file /home/airflow/.local/lib/python3.6/site-packages/airflow/example_dags/example_branch_labels.py for tasks to queue
[2025-02-15 14:25:31,338] {logging_mixin.py:104} INFO - [2025-02-15 14:25:31,337] {dagbag.py:496} INFO - Filling up the DagBag from /home/airflow/.local/lib/python3.6/site-packages/airflow/example_dags/example_branch_labels.py
[2025-02-15 14:25:31,382] {scheduler_job.py:643} INFO - DAG(s) dict_keys(['example_branch_labels']) retrieved from /home/airflow/.local/lib/python3.6/site-packages/airflow/example_dags/example_branch_labels.py
[2025-02-15 14:25:31,472] {logging_mixin.py:104} INFO - [2025-02-15 14:25:31,471] {dag.py:1833} INFO - Sync 1 DAGs
[2025-02-15 14:25:31,546] {logging_mixin.py:104} INFO - [2025-02-15 14:25:31,545] {dag.py:2306} INFO - Setting next_dagrun for example_branch_labels to 2025-02-13 00:00:00+00:00
[2025-02-15 14:25:31,571] {scheduler_job.py:190} INFO - Processing /home/airflow/.local/lib/python3.6/site-packages/airflow/example_dags/example_branch_labels.py took 0.251 seconds
[2025-02-15 14:26:02,413] {scheduler_job.py:182} INFO - Started process (PID=161) to work on /home/airflow/.local/lib/python3.6/site-packages/airflow/example_dags/example_branch_labels.py
[2025-02-15 14:26:02,414] {scheduler_job.py:633} INFO - Processing file /home/airflow/.local/lib/python3.6/site-packages/airflow/example_dags/example_branch_labels.py for tasks to queue
[2025-02-15 14:26:02,415] {logging_mixin.py:104} INFO - [2025-02-15 14:26:02,415] {dagbag.py:496} INFO - Filling up the DagBag from /home/airflow/.local/lib/python3.6/site-packages/airflow/example_dags/example_branch_labels.py
[2025-02-15 14:26:02,428] {scheduler_job.py:643} INFO - DAG(s) dict_keys(['example_branch_labels']) retrieved from /home/airflow/.local/lib/python3.6/site-packages/airflow/example_dags/example_branch_labels.py
[2025-02-15 14:26:02,455] {logging_mixin.py:104} INFO - [2025-02-15 14:26:02,455] {dag.py:1833} INFO - Sync 1 DAGs
[2025-02-15 14:26:02,476] {logging_mixin.py:104} INFO - [2025-02-15 14:26:02,476] {dag.py:2306} INFO - Setting next_dagrun for example_branch_labels to 2025-02-13 00:00:00+00:00
[2025-02-15 14:26:02,495] {scheduler_job.py:190} INFO - Processing /home/airflow/.local/lib/python3.6/site-packages/airflow/example_dags/example_branch_labels.py took 0.084 seconds
[2025-02-15 14:26:32,842] {scheduler_job.py:182} INFO - Started process (PID=214) to work on /home/airflow/.local/lib/python3.6/site-packages/airflow/example_dags/example_branch_labels.py
[2025-02-15 14:26:32,844] {scheduler_job.py:633} INFO - Processing file /home/airflow/.local/lib/python3.6/site-packages/airflow/example_dags/example_branch_labels.py for tasks to queue
[2025-02-15 14:26:32,846] {logging_mixin.py:104} INFO - [2025-02-15 14:26:32,845] {dagbag.py:496} INFO - Filling up the DagBag from /home/airflow/.local/lib/python3.6/site-packages/airflow/example_dags/example_branch_labels.py
[2025-02-15 14:26:32,862] {scheduler_job.py:643} INFO - DAG(s) dict_keys(['example_branch_labels']) retrieved from /home/airflow/.local/lib/python3.6/site-packages/airflow/example_dags/example_branch_labels.py
[2025-02-15 14:26:32,892] {logging_mixin.py:104} INFO - [2025-02-15 14:26:32,891] {dag.py:1833} INFO - Sync 1 DAGs
[2025-02-15 14:26:32,913] {logging_mixin.py:104} INFO - [2025-02-15 14:26:32,913] {dag.py:2306} INFO - Setting next_dagrun for example_branch_labels to 2025-02-13 00:00:00+00:00
[2025-02-15 14:26:32,923] {scheduler_job.py:190} INFO - Processing /home/airflow/.local/lib/python3.6/site-packages/airflow/example_dags/example_branch_labels.py took 0.087 seconds
[2025-02-15 14:27:03,020] {scheduler_job.py:182} INFO - Started process (PID=266) to work on /home/airflow/.local/lib/python3.6/site-packages/airflow/example_dags/example_branch_labels.py
[2025-02-15 14:27:03,022] {scheduler_job.py:633} INFO - Processing file /home/airflow/.local/lib/python3.6/site-packages/airflow/example_dags/example_branch_labels.py for tasks to queue
[2025-02-15 14:27:03,023] {logging_mixin.py:104} INFO - [2025-02-15 14:27:03,023] {dagbag.py:496} INFO - Filling up the DagBag from /home/airflow/.local/lib/python3.6/site-packages/airflow/example_dags/example_branch_labels.py
[2025-02-15 14:27:03,034] {scheduler_job.py:643} INFO - DAG(s) dict_keys(['example_branch_labels']) retrieved from /home/airflow/.local/lib/python3.6/site-packages/airflow/example_dags/example_branch_labels.py
[2025-02-15 14:27:03,061] {logging_mixin.py:104} INFO - [2025-02-15 14:27:03,061] {dag.py:1833} INFO - Sync 1 DAGs
[2025-02-15 14:27:03,080] {logging_mixin.py:104} INFO - [2025-02-15 14:27:03,080] {dag.py:2306} INFO - Setting next_dagrun for example_branch_labels to 2025-02-13 00:00:00+00:00
[2025-02-15 14:27:03,094] {scheduler_job.py:190} INFO - Processing /home/airflow/.local/lib/python3.6/site-packages/airflow/example_dags/example_branch_labels.py took 0.077 seconds
[2025-02-15 14:27:33,224] {scheduler_job.py:182} INFO - Started process (PID=328) to work on /home/airflow/.local/lib/python3.6/site-packages/airflow/example_dags/example_branch_labels.py
[2025-02-15 14:27:33,227] {scheduler_job.py:633} INFO - Processing file /home/airflow/.local/lib/python3.6/site-packages/airflow/example_dags/example_branch_labels.py for tasks to queue
[2025-02-15 14:27:33,229] {logging_mixin.py:104} INFO - [2025-02-15 14:27:33,229] {dagbag.py:496} INFO - Filling up the DagBag from /home/airflow/.local/lib/python3.6/site-packages/airflow/example_dags/example_branch_labels.py
[2025-02-15 14:27:33,266] {scheduler_job.py:643} INFO - DAG(s) dict_keys(['example_branch_labels']) retrieved from /home/airflow/.local/lib/python3.6/site-packages/airflow/example_dags/example_branch_labels.py
[2025-02-15 14:27:33,319] {logging_mixin.py:104} INFO - [2025-02-15 14:27:33,319] {dag.py:1833} INFO - Sync 1 DAGs
[2025-02-15 14:27:33,352] {logging_mixin.py:104} INFO - [2025-02-15 14:27:33,352] {dag.py:2306} INFO - Setting next_dagrun for example_branch_labels to 2025-02-13 00:00:00+00:00
[2025-02-15 14:27:33,367] {scheduler_job.py:190} INFO - Processing /home/airflow/.local/lib/python3.6/site-packages/airflow/example_dags/example_branch_labels.py took 0.153 seconds
[2025-02-15 14:28:03,793] {scheduler_job.py:182} INFO - Started process (PID=380) to work on /home/airflow/.local/lib/python3.6/site-packages/airflow/example_dags/example_branch_labels.py
[2025-02-15 14:28:03,795] {scheduler_job.py:633} INFO - Processing file /home/airflow/.local/lib/python3.6/site-packages/airflow/example_dags/example_branch_labels.py for tasks to queue
[2025-02-15 14:28:03,797] {logging_mixin.py:104} INFO - [2025-02-15 14:28:03,796] {dagbag.py:496} INFO - Filling up the DagBag from /home/airflow/.local/lib/python3.6/site-packages/airflow/example_dags/example_branch_labels.py
[2025-02-15 14:28:03,813] {scheduler_job.py:643} INFO - DAG(s) dict_keys(['example_branch_labels']) retrieved from /home/airflow/.local/lib/python3.6/site-packages/airflow/example_dags/example_branch_labels.py
[2025-02-15 14:28:03,841] {logging_mixin.py:104} INFO - [2025-02-15 14:28:03,841] {dag.py:1833} INFO - Sync 1 DAGs
[2025-02-15 14:28:03,862] {logging_mixin.py:104} INFO - [2025-02-15 14:28:03,861] {dag.py:2306} INFO - Setting next_dagrun for example_branch_labels to 2025-02-13 00:00:00+00:00
[2025-02-15 14:28:03,876] {scheduler_job.py:190} INFO - Processing /home/airflow/.local/lib/python3.6/site-packages/airflow/example_dags/example_branch_labels.py took 0.092 seconds
[2025-02-15 14:28:34,041] {scheduler_job.py:182} INFO - Started process (PID=442) to work on /home/airflow/.local/lib/python3.6/site-packages/airflow/example_dags/example_branch_labels.py
[2025-02-15 14:28:34,044] {scheduler_job.py:633} INFO - Processing file /home/airflow/.local/lib/python3.6/site-packages/airflow/example_dags/example_branch_labels.py for tasks to queue
[2025-02-15 14:28:34,046] {logging_mixin.py:104} INFO - [2025-02-15 14:28:34,045] {dagbag.py:496} INFO - Filling up the DagBag from /home/airflow/.local/lib/python3.6/site-packages/airflow/example_dags/example_branch_labels.py
[2025-02-15 14:28:34,068] {scheduler_job.py:643} INFO - DAG(s) dict_keys(['example_branch_labels']) retrieved from /home/airflow/.local/lib/python3.6/site-packages/airflow/example_dags/example_branch_labels.py
[2025-02-15 14:28:34,099] {logging_mixin.py:104} INFO - [2025-02-15 14:28:34,099] {dag.py:1833} INFO - Sync 1 DAGs
[2025-02-15 14:28:34,120] {logging_mixin.py:104} INFO - [2025-02-15 14:28:34,119] {dag.py:2306} INFO - Setting next_dagrun for example_branch_labels to 2025-02-13 00:00:00+00:00
[2025-02-15 14:28:34,134] {scheduler_job.py:190} INFO - Processing /home/airflow/.local/lib/python3.6/site-packages/airflow/example_dags/example_branch_labels.py took 0.100 seconds
[2025-02-15 14:29:04,405] {scheduler_job.py:182} INFO - Started process (PID=494) to work on /home/airflow/.local/lib/python3.6/site-packages/airflow/example_dags/example_branch_labels.py
[2025-02-15 14:29:04,407] {scheduler_job.py:633} INFO - Processing file /home/airflow/.local/lib/python3.6/site-packages/airflow/example_dags/example_branch_labels.py for tasks to queue
[2025-02-15 14:29:04,419] {logging_mixin.py:104} INFO - [2025-02-15 14:29:04,409] {dagbag.py:496} INFO - Filling up the DagBag from /home/airflow/.local/lib/python3.6/site-packages/airflow/example_dags/example_branch_labels.py
[2025-02-15 14:29:04,459] {scheduler_job.py:643} INFO - DAG(s) dict_keys(['example_branch_labels']) retrieved from /home/airflow/.local/lib/python3.6/site-packages/airflow/example_dags/example_branch_labels.py
[2025-02-15 14:29:04,577] {logging_mixin.py:104} INFO - [2025-02-15 14:29:04,577] {dag.py:1833} INFO - Sync 1 DAGs
[2025-02-15 14:29:04,627] {logging_mixin.py:104} INFO - [2025-02-15 14:29:04,627] {dag.py:2306} INFO - Setting next_dagrun for example_branch_labels to 2025-02-13 00:00:00+00:00
[2025-02-15 14:29:04,652] {scheduler_job.py:190} INFO - Processing /home/airflow/.local/lib/python3.6/site-packages/airflow/example_dags/example_branch_labels.py took 0.264 seconds
[2025-02-15 14:29:34,931] {scheduler_job.py:182} INFO - Started process (PID=554) to work on /home/airflow/.local/lib/python3.6/site-packages/airflow/example_dags/example_branch_labels.py
[2025-02-15 14:29:34,936] {scheduler_job.py:633} INFO - Processing file /home/airflow/.local/lib/python3.6/site-packages/airflow/example_dags/example_branch_labels.py for tasks to queue
[2025-02-15 14:29:34,938] {logging_mixin.py:104} INFO - [2025-02-15 14:29:34,938] {dagbag.py:496} INFO - Filling up the DagBag from /home/airflow/.local/lib/python3.6/site-packages/airflow/example_dags/example_branch_labels.py
[2025-02-15 14:29:35,004] {scheduler_job.py:643} INFO - DAG(s) dict_keys(['example_branch_labels']) retrieved from /home/airflow/.local/lib/python3.6/site-packages/airflow/example_dags/example_branch_labels.py
[2025-02-15 14:29:35,095] {logging_mixin.py:104} INFO - [2025-02-15 14:29:35,095] {dag.py:1833} INFO - Sync 1 DAGs
[2025-02-15 14:29:35,161] {logging_mixin.py:104} INFO - [2025-02-15 14:29:35,161] {dag.py:2306} INFO - Setting next_dagrun for example_branch_labels to 2025-02-13 00:00:00+00:00
[2025-02-15 14:29:35,195] {scheduler_job.py:190} INFO - Processing /home/airflow/.local/lib/python3.6/site-packages/airflow/example_dags/example_branch_labels.py took 0.276 seconds
[2025-02-15 14:30:06,091] {scheduler_job.py:182} INFO - Started process (PID=607) to work on /home/airflow/.local/lib/python3.6/site-packages/airflow/example_dags/example_branch_labels.py
[2025-02-15 14:30:06,100] {scheduler_job.py:633} INFO - Processing file /home/airflow/.local/lib/python3.6/site-packages/airflow/example_dags/example_branch_labels.py for tasks to queue
[2025-02-15 14:30:06,104] {logging_mixin.py:104} INFO - [2025-02-15 14:30:06,103] {dagbag.py:496} INFO - Filling up the DagBag from /home/airflow/.local/lib/python3.6/site-packages/airflow/example_dags/example_branch_labels.py
[2025-02-15 14:30:06,172] {scheduler_job.py:643} INFO - DAG(s) dict_keys(['example_branch_labels']) retrieved from /home/airflow/.local/lib/python3.6/site-packages/airflow/example_dags/example_branch_labels.py
[2025-02-15 14:30:06,267] {logging_mixin.py:104} INFO - [2025-02-15 14:30:06,266] {dag.py:1833} INFO - Sync 1 DAGs
[2025-02-15 14:30:06,334] {logging_mixin.py:104} INFO - [2025-02-15 14:30:06,333] {dag.py:2306} INFO - Setting next_dagrun for example_branch_labels to 2025-02-13 00:00:00+00:00
[2025-02-15 14:30:06,370] {scheduler_job.py:190} INFO - Processing /home/airflow/.local/lib/python3.6/site-packages/airflow/example_dags/example_branch_labels.py took 0.296 seconds
[2025-02-15 14:30:36,452] {scheduler_job.py:182} INFO - Started process (PID=659) to work on /home/airflow/.local/lib/python3.6/site-packages/airflow/example_dags/example_branch_labels.py
[2025-02-15 14:30:36,456] {scheduler_job.py:633} INFO - Processing file /home/airflow/.local/lib/python3.6/site-packages/airflow/example_dags/example_branch_labels.py for tasks to queue
[2025-02-15 14:30:36,459] {logging_mixin.py:104} INFO - [2025-02-15 14:30:36,458] {dagbag.py:496} INFO - Filling up the DagBag from /home/airflow/.local/lib/python3.6/site-packages/airflow/example_dags/example_branch_labels.py
[2025-02-15 14:30:36,504] {scheduler_job.py:643} INFO - DAG(s) dict_keys(['example_branch_labels']) retrieved from /home/airflow/.local/lib/python3.6/site-packages/airflow/example_dags/example_branch_labels.py
[2025-02-15 14:30:36,598] {logging_mixin.py:104} INFO - [2025-02-15 14:30:36,598] {dag.py:1833} INFO - Sync 1 DAGs
[2025-02-15 14:30:36,670] {logging_mixin.py:104} INFO - [2025-02-15 14:30:36,669] {dag.py:2306} INFO - Setting next_dagrun for example_branch_labels to 2025-02-13 00:00:00+00:00
[2025-02-15 14:30:36,706] {scheduler_job.py:190} INFO - Processing /home/airflow/.local/lib/python3.6/site-packages/airflow/example_dags/example_branch_labels.py took 0.267 seconds
[2025-02-15 14:31:06,992] {scheduler_job.py:182} INFO - Started process (PID=711) to work on /home/airflow/.local/lib/python3.6/site-packages/airflow/example_dags/example_branch_labels.py
[2025-02-15 14:31:06,994] {scheduler_job.py:633} INFO - Processing file /home/airflow/.local/lib/python3.6/site-packages/airflow/example_dags/example_branch_labels.py for tasks to queue
[2025-02-15 14:31:06,995] {logging_mixin.py:104} INFO - [2025-02-15 14:31:06,994] {dagbag.py:496} INFO - Filling up the DagBag from /home/airflow/.local/lib/python3.6/site-packages/airflow/example_dags/example_branch_labels.py
[2025-02-15 14:31:07,010] {scheduler_job.py:643} INFO - DAG(s) dict_keys(['example_branch_labels']) retrieved from /home/airflow/.local/lib/python3.6/site-packages/airflow/example_dags/example_branch_labels.py
[2025-02-15 14:31:07,038] {logging_mixin.py:104} INFO - [2025-02-15 14:31:07,038] {dag.py:1833} INFO - Sync 1 DAGs
[2025-02-15 14:31:07,057] {logging_mixin.py:104} INFO - [2025-02-15 14:31:07,057] {dag.py:2306} INFO - Setting next_dagrun for example_branch_labels to 2025-02-13 00:00:00+00:00
[2025-02-15 14:31:07,072] {scheduler_job.py:190} INFO - Processing /home/airflow/.local/lib/python3.6/site-packages/airflow/example_dags/example_branch_labels.py took 0.087 seconds
[2025-02-15 14:31:37,292] {scheduler_job.py:182} INFO - Started process (PID=773) to work on /home/airflow/.local/lib/python3.6/site-packages/airflow/example_dags/example_branch_labels.py
[2025-02-15 14:31:37,293] {scheduler_job.py:633} INFO - Processing file /home/airflow/.local/lib/python3.6/site-packages/airflow/example_dags/example_branch_labels.py for tasks to queue
[2025-02-15 14:31:37,294] {logging_mixin.py:104} INFO - [2025-02-15 14:31:37,294] {dagbag.py:496} INFO - Filling up the DagBag from /home/airflow/.local/lib/python3.6/site-packages/airflow/example_dags/example_branch_labels.py
[2025-02-15 14:31:37,317] {scheduler_job.py:643} INFO - DAG(s) dict_keys(['example_branch_labels']) retrieved from /home/airflow/.local/lib/python3.6/site-packages/airflow/example_dags/example_branch_labels.py
[2025-02-15 14:31:37,367] {logging_mixin.py:104} INFO - [2025-02-15 14:31:37,367] {dag.py:1833} INFO - Sync 1 DAGs
[2025-02-15 14:31:37,408] {logging_mixin.py:104} INFO - [2025-02-15 14:31:37,408] {dag.py:2306} INFO - Setting next_dagrun for example_branch_labels to 2025-02-13 00:00:00+00:00
[2025-02-15 14:31:37,426] {scheduler_job.py:190} INFO - Processing /home/airflow/.local/lib/python3.6/site-packages/airflow/example_dags/example_branch_labels.py took 0.139 seconds
[2025-02-15 14:32:07,674] {scheduler_job.py:182} INFO - Started process (PID=825) to work on /home/airflow/.local/lib/python3.6/site-packages/airflow/example_dags/example_branch_labels.py
[2025-02-15 14:32:07,676] {scheduler_job.py:633} INFO - Processing file /home/airflow/.local/lib/python3.6/site-packages/airflow/example_dags/example_branch_labels.py for tasks to queue
[2025-02-15 14:32:07,677] {logging_mixin.py:104} INFO - [2025-02-15 14:32:07,677] {dagbag.py:496} INFO - Filling up the DagBag from /home/airflow/.local/lib/python3.6/site-packages/airflow/example_dags/example_branch_labels.py
[2025-02-15 14:32:07,695] {scheduler_job.py:643} INFO - DAG(s) dict_keys(['example_branch_labels']) retrieved from /home/airflow/.local/lib/python3.6/site-packages/airflow/example_dags/example_branch_labels.py
[2025-02-15 14:32:07,740] {logging_mixin.py:104} INFO - [2025-02-15 14:32:07,739] {dag.py:1833} INFO - Sync 1 DAGs
[2025-02-15 14:32:07,779] {logging_mixin.py:104} INFO - [2025-02-15 14:32:07,779] {dag.py:2306} INFO - Setting next_dagrun for example_branch_labels to 2025-02-13 00:00:00+00:00
[2025-02-15 14:32:07,794] {scheduler_job.py:190} INFO - Processing /home/airflow/.local/lib/python3.6/site-packages/airflow/example_dags/example_branch_labels.py took 0.126 seconds
[2025-02-15 14:32:38,089] {scheduler_job.py:182} INFO - Started process (PID=884) to work on /home/airflow/.local/lib/python3.6/site-packages/airflow/example_dags/example_branch_labels.py
[2025-02-15 14:32:38,093] {scheduler_job.py:633} INFO - Processing file /home/airflow/.local/lib/python3.6/site-packages/airflow/example_dags/example_branch_labels.py for tasks to queue
[2025-02-15 14:32:38,095] {logging_mixin.py:104} INFO - [2025-02-15 14:32:38,095] {dagbag.py:496} INFO - Filling up the DagBag from /home/airflow/.local/lib/python3.6/site-packages/airflow/example_dags/example_branch_labels.py
[2025-02-15 14:32:38,120] {scheduler_job.py:643} INFO - DAG(s) dict_keys(['example_branch_labels']) retrieved from /home/airflow/.local/lib/python3.6/site-packages/airflow/example_dags/example_branch_labels.py
[2025-02-15 14:32:38,178] {logging_mixin.py:104} INFO - [2025-02-15 14:32:38,177] {dag.py:1833} INFO - Sync 1 DAGs
[2025-02-15 14:32:38,217] {logging_mixin.py:104} INFO - [2025-02-15 14:32:38,217] {dag.py:2306} INFO - Setting next_dagrun for example_branch_labels to 2025-02-13 00:00:00+00:00
[2025-02-15 14:32:38,237] {scheduler_job.py:190} INFO - Processing /home/airflow/.local/lib/python3.6/site-packages/airflow/example_dags/example_branch_labels.py took 0.155 seconds
[2025-02-15 14:33:08,279] {scheduler_job.py:182} INFO - Started process (PID=939) to work on /home/airflow/.local/lib/python3.6/site-packages/airflow/example_dags/example_branch_labels.py
[2025-02-15 14:33:08,285] {scheduler_job.py:633} INFO - Processing file /home/airflow/.local/lib/python3.6/site-packages/airflow/example_dags/example_branch_labels.py for tasks to queue
[2025-02-15 14:33:08,286] {logging_mixin.py:104} INFO - [2025-02-15 14:33:08,285] {dagbag.py:496} INFO - Filling up the DagBag from /home/airflow/.local/lib/python3.6/site-packages/airflow/example_dags/example_branch_labels.py
[2025-02-15 14:33:08,299] {scheduler_job.py:643} INFO - DAG(s) dict_keys(['example_branch_labels']) retrieved from /home/airflow/.local/lib/python3.6/site-packages/airflow/example_dags/example_branch_labels.py
[2025-02-15 14:33:08,328] {logging_mixin.py:104} INFO - [2025-02-15 14:33:08,328] {dag.py:1833} INFO - Sync 1 DAGs
[2025-02-15 14:33:08,347] {logging_mixin.py:104} INFO - [2025-02-15 14:33:08,347] {dag.py:2306} INFO - Setting next_dagrun for example_branch_labels to 2025-02-13 00:00:00+00:00
[2025-02-15 14:33:08,361] {scheduler_job.py:190} INFO - Processing /home/airflow/.local/lib/python3.6/site-packages/airflow/example_dags/example_branch_labels.py took 0.087 seconds
[2025-02-15 14:33:38,895] {scheduler_job.py:182} INFO - Started process (PID=991) to work on /home/airflow/.local/lib/python3.6/site-packages/airflow/example_dags/example_branch_labels.py
[2025-02-15 14:33:38,898] {scheduler_job.py:633} INFO - Processing file /home/airflow/.local/lib/python3.6/site-packages/airflow/example_dags/example_branch_labels.py for tasks to queue
[2025-02-15 14:33:38,905] {logging_mixin.py:104} INFO - [2025-02-15 14:33:38,904] {dagbag.py:496} INFO - Filling up the DagBag from /home/airflow/.local/lib/python3.6/site-packages/airflow/example_dags/example_branch_labels.py
[2025-02-15 14:33:38,940] {scheduler_job.py:643} INFO - DAG(s) dict_keys(['example_branch_labels']) retrieved from /home/airflow/.local/lib/python3.6/site-packages/airflow/example_dags/example_branch_labels.py
[2025-02-15 14:33:39,020] {logging_mixin.py:104} INFO - [2025-02-15 14:33:39,019] {dag.py:1833} INFO - Sync 1 DAGs
[2025-02-15 14:33:39,130] {logging_mixin.py:104} INFO - [2025-02-15 14:33:39,129] {dag.py:2306} INFO - Setting next_dagrun for example_branch_labels to 2025-02-13 00:00:00+00:00
[2025-02-15 14:33:39,175] {scheduler_job.py:190} INFO - Processing /home/airflow/.local/lib/python3.6/site-packages/airflow/example_dags/example_branch_labels.py took 0.293 seconds
[2025-02-15 14:34:09,857] {scheduler_job.py:182} INFO - Started process (PID=1053) to work on /home/airflow/.local/lib/python3.6/site-packages/airflow/example_dags/example_branch_labels.py
[2025-02-15 14:34:09,859] {scheduler_job.py:633} INFO - Processing file /home/airflow/.local/lib/python3.6/site-packages/airflow/example_dags/example_branch_labels.py for tasks to queue
[2025-02-15 14:34:09,860] {logging_mixin.py:104} INFO - [2025-02-15 14:34:09,860] {dagbag.py:496} INFO - Filling up the DagBag from /home/airflow/.local/lib/python3.6/site-packages/airflow/example_dags/example_branch_labels.py
[2025-02-15 14:34:09,875] {scheduler_job.py:643} INFO - DAG(s) dict_keys(['example_branch_labels']) retrieved from /home/airflow/.local/lib/python3.6/site-packages/airflow/example_dags/example_branch_labels.py
[2025-02-15 14:34:09,903] {logging_mixin.py:104} INFO - [2025-02-15 14:34:09,903] {dag.py:1833} INFO - Sync 1 DAGs
[2025-02-15 14:34:09,922] {logging_mixin.py:104} INFO - [2025-02-15 14:34:09,921] {dag.py:2306} INFO - Setting next_dagrun for example_branch_labels to 2025-02-13 00:00:00+00:00
[2025-02-15 14:34:09,936] {scheduler_job.py:190} INFO - Processing /home/airflow/.local/lib/python3.6/site-packages/airflow/example_dags/example_branch_labels.py took 0.084 seconds
[2025-02-15 14:34:40,187] {scheduler_job.py:182} INFO - Started process (PID=1105) to work on /home/airflow/.local/lib/python3.6/site-packages/airflow/example_dags/example_branch_labels.py
[2025-02-15 14:34:40,189] {scheduler_job.py:633} INFO - Processing file /home/airflow/.local/lib/python3.6/site-packages/airflow/example_dags/example_branch_labels.py for tasks to queue
[2025-02-15 14:34:40,190] {logging_mixin.py:104} INFO - [2025-02-15 14:34:40,190] {dagbag.py:496} INFO - Filling up the DagBag from /home/airflow/.local/lib/python3.6/site-packages/airflow/example_dags/example_branch_labels.py
[2025-02-15 14:34:40,214] {scheduler_job.py:643} INFO - DAG(s) dict_keys(['example_branch_labels']) retrieved from /home/airflow/.local/lib/python3.6/site-packages/airflow/example_dags/example_branch_labels.py
[2025-02-15 14:34:40,260] {logging_mixin.py:104} INFO - [2025-02-15 14:34:40,260] {dag.py:1833} INFO - Sync 1 DAGs
[2025-02-15 14:34:40,288] {logging_mixin.py:104} INFO - [2025-02-15 14:34:40,288] {dag.py:2306} INFO - Setting next_dagrun for example_branch_labels to 2025-02-13 00:00:00+00:00
[2025-02-15 14:34:40,305] {scheduler_job.py:190} INFO - Processing /home/airflow/.local/lib/python3.6/site-packages/airflow/example_dags/example_branch_labels.py took 0.125 seconds
[2025-02-15 14:38:19,266] {scheduler_job.py:182} INFO - Started process (PID=1135) to work on /home/airflow/.local/lib/python3.6/site-packages/airflow/example_dags/example_branch_labels.py
[2025-02-15 14:38:19,268] {scheduler_job.py:633} INFO - Processing file /home/airflow/.local/lib/python3.6/site-packages/airflow/example_dags/example_branch_labels.py for tasks to queue
[2025-02-15 14:38:19,270] {logging_mixin.py:104} INFO - [2025-02-15 14:38:19,270] {dagbag.py:496} INFO - Filling up the DagBag from /home/airflow/.local/lib/python3.6/site-packages/airflow/example_dags/example_branch_labels.py
[2025-02-15 14:38:19,306] {scheduler_job.py:643} INFO - DAG(s) dict_keys(['example_branch_labels']) retrieved from /home/airflow/.local/lib/python3.6/site-packages/airflow/example_dags/example_branch_labels.py
[2025-02-15 14:38:19,367] {logging_mixin.py:104} INFO - [2025-02-15 14:38:19,366] {dag.py:1833} INFO - Sync 1 DAGs
[2025-02-15 14:38:19,407] {logging_mixin.py:104} INFO - [2025-02-15 14:38:19,406] {dag.py:2306} INFO - Setting next_dagrun for example_branch_labels to 2025-02-13 00:00:00+00:00
[2025-02-15 14:38:19,426] {scheduler_job.py:190} INFO - Processing /home/airflow/.local/lib/python3.6/site-packages/airflow/example_dags/example_branch_labels.py took 0.168 seconds
[2025-02-15 14:38:49,528] {scheduler_job.py:182} INFO - Started process (PID=1187) to work on /home/airflow/.local/lib/python3.6/site-packages/airflow/example_dags/example_branch_labels.py
[2025-02-15 14:38:49,531] {scheduler_job.py:633} INFO - Processing file /home/airflow/.local/lib/python3.6/site-packages/airflow/example_dags/example_branch_labels.py for tasks to queue
[2025-02-15 14:38:49,534] {logging_mixin.py:104} INFO - [2025-02-15 14:38:49,533] {dagbag.py:496} INFO - Filling up the DagBag from /home/airflow/.local/lib/python3.6/site-packages/airflow/example_dags/example_branch_labels.py
[2025-02-15 14:38:49,566] {scheduler_job.py:643} INFO - DAG(s) dict_keys(['example_branch_labels']) retrieved from /home/airflow/.local/lib/python3.6/site-packages/airflow/example_dags/example_branch_labels.py
[2025-02-15 14:38:49,624] {logging_mixin.py:104} INFO - [2025-02-15 14:38:49,624] {dag.py:1833} INFO - Sync 1 DAGs
[2025-02-15 14:38:49,653] {logging_mixin.py:104} INFO - [2025-02-15 14:38:49,653] {dag.py:2306} INFO - Setting next_dagrun for example_branch_labels to 2025-02-13 00:00:00+00:00
[2025-02-15 14:38:49,677] {scheduler_job.py:190} INFO - Processing /home/airflow/.local/lib/python3.6/site-packages/airflow/example_dags/example_branch_labels.py took 0.160 seconds
[2025-02-15 14:43:58,378] {scheduler_job.py:182} INFO - Started process (PID=1232) to work on /home/airflow/.local/lib/python3.6/site-packages/airflow/example_dags/example_branch_labels.py
[2025-02-15 14:43:58,398] {scheduler_job.py:633} INFO - Processing file /home/airflow/.local/lib/python3.6/site-packages/airflow/example_dags/example_branch_labels.py for tasks to queue
[2025-02-15 14:43:58,401] {logging_mixin.py:104} INFO - [2025-02-15 14:43:58,401] {dagbag.py:496} INFO - Filling up the DagBag from /home/airflow/.local/lib/python3.6/site-packages/airflow/example_dags/example_branch_labels.py
[2025-02-15 14:43:58,484] {scheduler_job.py:643} INFO - DAG(s) dict_keys(['example_branch_labels']) retrieved from /home/airflow/.local/lib/python3.6/site-packages/airflow/example_dags/example_branch_labels.py
[2025-02-15 14:43:58,648] {logging_mixin.py:104} INFO - [2025-02-15 14:43:58,648] {dag.py:1833} INFO - Sync 1 DAGs
[2025-02-15 14:43:58,747] {logging_mixin.py:104} INFO - [2025-02-15 14:43:58,747] {dag.py:2306} INFO - Setting next_dagrun for example_branch_labels to 2025-02-13 00:00:00+00:00
[2025-02-15 14:43:58,782] {scheduler_job.py:190} INFO - Processing /home/airflow/.local/lib/python3.6/site-packages/airflow/example_dags/example_branch_labels.py took 0.426 seconds
[2025-02-15 14:44:29,522] {scheduler_job.py:182} INFO - Started process (PID=1284) to work on /home/airflow/.local/lib/python3.6/site-packages/airflow/example_dags/example_branch_labels.py
[2025-02-15 14:44:29,525] {scheduler_job.py:633} INFO - Processing file /home/airflow/.local/lib/python3.6/site-packages/airflow/example_dags/example_branch_labels.py for tasks to queue
[2025-02-15 14:44:29,528] {logging_mixin.py:104} INFO - [2025-02-15 14:44:29,527] {dagbag.py:496} INFO - Filling up the DagBag from /home/airflow/.local/lib/python3.6/site-packages/airflow/example_dags/example_branch_labels.py
[2025-02-15 14:44:29,583] {scheduler_job.py:643} INFO - DAG(s) dict_keys(['example_branch_labels']) retrieved from /home/airflow/.local/lib/python3.6/site-packages/airflow/example_dags/example_branch_labels.py
[2025-02-15 14:44:29,687] {logging_mixin.py:104} INFO - [2025-02-15 14:44:29,687] {dag.py:1833} INFO - Sync 1 DAGs
[2025-02-15 14:44:29,772] {logging_mixin.py:104} INFO - [2025-02-15 14:44:29,771] {dag.py:2306} INFO - Setting next_dagrun for example_branch_labels to 2025-02-13 00:00:00+00:00
[2025-02-15 14:44:29,832] {scheduler_job.py:190} INFO - Processing /home/airflow/.local/lib/python3.6/site-packages/airflow/example_dags/example_branch_labels.py took 0.325 seconds
[2025-02-15 14:46:08,374] {scheduler_job.py:182} INFO - Started process (PID=47) to work on /home/airflow/.local/lib/python3.6/site-packages/airflow/example_dags/example_branch_labels.py
[2025-02-15 14:46:08,381] {scheduler_job.py:633} INFO - Processing file /home/airflow/.local/lib/python3.6/site-packages/airflow/example_dags/example_branch_labels.py for tasks to queue
[2025-02-15 14:46:08,383] {logging_mixin.py:104} INFO - [2025-02-15 14:46:08,382] {dagbag.py:496} INFO - Filling up the DagBag from /home/airflow/.local/lib/python3.6/site-packages/airflow/example_dags/example_branch_labels.py
[2025-02-15 14:46:08,443] {scheduler_job.py:643} INFO - DAG(s) dict_keys(['example_branch_labels']) retrieved from /home/airflow/.local/lib/python3.6/site-packages/airflow/example_dags/example_branch_labels.py
[2025-02-15 14:46:08,566] {logging_mixin.py:104} INFO - [2025-02-15 14:46:08,566] {dag.py:1833} INFO - Sync 1 DAGs
[2025-02-15 14:46:08,641] {logging_mixin.py:104} INFO - [2025-02-15 14:46:08,641] {dag.py:2306} INFO - Setting next_dagrun for example_branch_labels to 2025-02-13 00:00:00+00:00
[2025-02-15 14:46:08,666] {scheduler_job.py:190} INFO - Processing /home/airflow/.local/lib/python3.6/site-packages/airflow/example_dags/example_branch_labels.py took 0.305 seconds
[2025-02-15 14:46:38,789] {scheduler_job.py:182} INFO - Started process (PID=98) to work on /home/airflow/.local/lib/python3.6/site-packages/airflow/example_dags/example_branch_labels.py
[2025-02-15 14:46:38,804] {scheduler_job.py:633} INFO - Processing file /home/airflow/.local/lib/python3.6/site-packages/airflow/example_dags/example_branch_labels.py for tasks to queue
[2025-02-15 14:46:38,806] {logging_mixin.py:104} INFO - [2025-02-15 14:46:38,806] {dagbag.py:496} INFO - Filling up the DagBag from /home/airflow/.local/lib/python3.6/site-packages/airflow/example_dags/example_branch_labels.py
[2025-02-15 14:46:38,851] {scheduler_job.py:643} INFO - DAG(s) dict_keys(['example_branch_labels']) retrieved from /home/airflow/.local/lib/python3.6/site-packages/airflow/example_dags/example_branch_labels.py
[2025-02-15 14:46:38,956] {logging_mixin.py:104} INFO - [2025-02-15 14:46:38,956] {dag.py:1833} INFO - Sync 1 DAGs
[2025-02-15 14:46:39,039] {logging_mixin.py:104} INFO - [2025-02-15 14:46:39,039] {dag.py:2306} INFO - Setting next_dagrun for example_branch_labels to 2025-02-13 00:00:00+00:00
[2025-02-15 14:46:39,094] {scheduler_job.py:190} INFO - Processing /home/airflow/.local/lib/python3.6/site-packages/airflow/example_dags/example_branch_labels.py took 0.317 seconds
[2025-02-15 14:47:10,088] {scheduler_job.py:182} INFO - Started process (PID=149) to work on /home/airflow/.local/lib/python3.6/site-packages/airflow/example_dags/example_branch_labels.py
[2025-02-15 14:47:10,091] {scheduler_job.py:633} INFO - Processing file /home/airflow/.local/lib/python3.6/site-packages/airflow/example_dags/example_branch_labels.py for tasks to queue
[2025-02-15 14:47:10,092] {logging_mixin.py:104} INFO - [2025-02-15 14:47:10,091] {dagbag.py:496} INFO - Filling up the DagBag from /home/airflow/.local/lib/python3.6/site-packages/airflow/example_dags/example_branch_labels.py
[2025-02-15 14:47:10,115] {scheduler_job.py:643} INFO - DAG(s) dict_keys(['example_branch_labels']) retrieved from /home/airflow/.local/lib/python3.6/site-packages/airflow/example_dags/example_branch_labels.py
[2025-02-15 14:47:10,146] {logging_mixin.py:104} INFO - [2025-02-15 14:47:10,146] {dag.py:1833} INFO - Sync 1 DAGs
[2025-02-15 14:47:10,167] {logging_mixin.py:104} INFO - [2025-02-15 14:47:10,167] {dag.py:2306} INFO - Setting next_dagrun for example_branch_labels to 2025-02-13 00:00:00+00:00
[2025-02-15 14:47:10,181] {scheduler_job.py:190} INFO - Processing /home/airflow/.local/lib/python3.6/site-packages/airflow/example_dags/example_branch_labels.py took 0.098 seconds
[2025-02-15 14:47:40,779] {scheduler_job.py:182} INFO - Started process (PID=201) to work on /home/airflow/.local/lib/python3.6/site-packages/airflow/example_dags/example_branch_labels.py
[2025-02-15 14:47:40,781] {scheduler_job.py:633} INFO - Processing file /home/airflow/.local/lib/python3.6/site-packages/airflow/example_dags/example_branch_labels.py for tasks to queue
[2025-02-15 14:47:40,781] {logging_mixin.py:104} INFO - [2025-02-15 14:47:40,781] {dagbag.py:496} INFO - Filling up the DagBag from /home/airflow/.local/lib/python3.6/site-packages/airflow/example_dags/example_branch_labels.py
[2025-02-15 14:47:40,799] {scheduler_job.py:643} INFO - DAG(s) dict_keys(['example_branch_labels']) retrieved from /home/airflow/.local/lib/python3.6/site-packages/airflow/example_dags/example_branch_labels.py
[2025-02-15 14:47:40,834] {logging_mixin.py:104} INFO - [2025-02-15 14:47:40,834] {dag.py:1833} INFO - Sync 1 DAGs
[2025-02-15 14:47:40,860] {logging_mixin.py:104} INFO - [2025-02-15 14:47:40,860] {dag.py:2306} INFO - Setting next_dagrun for example_branch_labels to 2025-02-13 00:00:00+00:00
[2025-02-15 14:47:40,872] {scheduler_job.py:190} INFO - Processing /home/airflow/.local/lib/python3.6/site-packages/airflow/example_dags/example_branch_labels.py took 0.096 seconds
[2025-02-15 14:48:11,431] {scheduler_job.py:182} INFO - Started process (PID=263) to work on /home/airflow/.local/lib/python3.6/site-packages/airflow/example_dags/example_branch_labels.py
[2025-02-15 14:48:11,440] {scheduler_job.py:633} INFO - Processing file /home/airflow/.local/lib/python3.6/site-packages/airflow/example_dags/example_branch_labels.py for tasks to queue
[2025-02-15 14:48:11,444] {logging_mixin.py:104} INFO - [2025-02-15 14:48:11,443] {dagbag.py:496} INFO - Filling up the DagBag from /home/airflow/.local/lib/python3.6/site-packages/airflow/example_dags/example_branch_labels.py
[2025-02-15 14:48:11,505] {scheduler_job.py:643} INFO - DAG(s) dict_keys(['example_branch_labels']) retrieved from /home/airflow/.local/lib/python3.6/site-packages/airflow/example_dags/example_branch_labels.py
[2025-02-15 14:48:11,607] {logging_mixin.py:104} INFO - [2025-02-15 14:48:11,607] {dag.py:1833} INFO - Sync 1 DAGs
[2025-02-15 14:48:11,821] {logging_mixin.py:104} INFO - [2025-02-15 14:48:11,820] {dag.py:2306} INFO - Setting next_dagrun for example_branch_labels to 2025-02-13 00:00:00+00:00
[2025-02-15 14:48:11,864] {scheduler_job.py:190} INFO - Processing /home/airflow/.local/lib/python3.6/site-packages/airflow/example_dags/example_branch_labels.py took 0.452 seconds
[2025-02-15 14:48:42,181] {scheduler_job.py:182} INFO - Started process (PID=315) to work on /home/airflow/.local/lib/python3.6/site-packages/airflow/example_dags/example_branch_labels.py
[2025-02-15 14:48:42,183] {scheduler_job.py:633} INFO - Processing file /home/airflow/.local/lib/python3.6/site-packages/airflow/example_dags/example_branch_labels.py for tasks to queue
[2025-02-15 14:48:42,184] {logging_mixin.py:104} INFO - [2025-02-15 14:48:42,183] {dagbag.py:496} INFO - Filling up the DagBag from /home/airflow/.local/lib/python3.6/site-packages/airflow/example_dags/example_branch_labels.py
[2025-02-15 14:48:42,198] {scheduler_job.py:643} INFO - DAG(s) dict_keys(['example_branch_labels']) retrieved from /home/airflow/.local/lib/python3.6/site-packages/airflow/example_dags/example_branch_labels.py
[2025-02-15 14:48:42,225] {logging_mixin.py:104} INFO - [2025-02-15 14:48:42,224] {dag.py:1833} INFO - Sync 1 DAGs
[2025-02-15 14:48:42,244] {logging_mixin.py:104} INFO - [2025-02-15 14:48:42,244] {dag.py:2306} INFO - Setting next_dagrun for example_branch_labels to 2025-02-13 00:00:00+00:00
[2025-02-15 14:48:42,258] {scheduler_job.py:190} INFO - Processing /home/airflow/.local/lib/python3.6/site-packages/airflow/example_dags/example_branch_labels.py took 0.082 seconds
[2025-02-15 14:49:12,364] {scheduler_job.py:182} INFO - Started process (PID=376) to work on /home/airflow/.local/lib/python3.6/site-packages/airflow/example_dags/example_branch_labels.py
[2025-02-15 14:49:12,369] {scheduler_job.py:633} INFO - Processing file /home/airflow/.local/lib/python3.6/site-packages/airflow/example_dags/example_branch_labels.py for tasks to queue
[2025-02-15 14:49:12,371] {logging_mixin.py:104} INFO - [2025-02-15 14:49:12,371] {dagbag.py:496} INFO - Filling up the DagBag from /home/airflow/.local/lib/python3.6/site-packages/airflow/example_dags/example_branch_labels.py
[2025-02-15 14:49:12,407] {scheduler_job.py:643} INFO - DAG(s) dict_keys(['example_branch_labels']) retrieved from /home/airflow/.local/lib/python3.6/site-packages/airflow/example_dags/example_branch_labels.py
[2025-02-15 14:49:12,481] {logging_mixin.py:104} INFO - [2025-02-15 14:49:12,481] {dag.py:1833} INFO - Sync 1 DAGs
[2025-02-15 14:49:12,534] {logging_mixin.py:104} INFO - [2025-02-15 14:49:12,534] {dag.py:2306} INFO - Setting next_dagrun for example_branch_labels to 2025-02-13 00:00:00+00:00
[2025-02-15 14:49:12,554] {scheduler_job.py:190} INFO - Processing /home/airflow/.local/lib/python3.6/site-packages/airflow/example_dags/example_branch_labels.py took 0.206 seconds
[2025-02-15 14:49:42,741] {scheduler_job.py:182} INFO - Started process (PID=429) to work on /home/airflow/.local/lib/python3.6/site-packages/airflow/example_dags/example_branch_labels.py
[2025-02-15 14:49:42,744] {scheduler_job.py:633} INFO - Processing file /home/airflow/.local/lib/python3.6/site-packages/airflow/example_dags/example_branch_labels.py for tasks to queue
[2025-02-15 14:49:42,744] {logging_mixin.py:104} INFO - [2025-02-15 14:49:42,744] {dagbag.py:496} INFO - Filling up the DagBag from /home/airflow/.local/lib/python3.6/site-packages/airflow/example_dags/example_branch_labels.py
[2025-02-15 14:49:42,760] {scheduler_job.py:643} INFO - DAG(s) dict_keys(['example_branch_labels']) retrieved from /home/airflow/.local/lib/python3.6/site-packages/airflow/example_dags/example_branch_labels.py
[2025-02-15 14:49:42,790] {logging_mixin.py:104} INFO - [2025-02-15 14:49:42,790] {dag.py:1833} INFO - Sync 1 DAGs
[2025-02-15 14:49:42,812] {logging_mixin.py:104} INFO - [2025-02-15 14:49:42,812] {dag.py:2306} INFO - Setting next_dagrun for example_branch_labels to 2025-02-13 00:00:00+00:00
[2025-02-15 14:49:42,827] {scheduler_job.py:190} INFO - Processing /home/airflow/.local/lib/python3.6/site-packages/airflow/example_dags/example_branch_labels.py took 0.090 seconds
[2025-02-15 14:50:12,915] {scheduler_job.py:182} INFO - Started process (PID=481) to work on /home/airflow/.local/lib/python3.6/site-packages/airflow/example_dags/example_branch_labels.py
[2025-02-15 14:50:12,918] {scheduler_job.py:633} INFO - Processing file /home/airflow/.local/lib/python3.6/site-packages/airflow/example_dags/example_branch_labels.py for tasks to queue
[2025-02-15 14:50:12,920] {logging_mixin.py:104} INFO - [2025-02-15 14:50:12,919] {dagbag.py:496} INFO - Filling up the DagBag from /home/airflow/.local/lib/python3.6/site-packages/airflow/example_dags/example_branch_labels.py
[2025-02-15 14:50:12,939] {scheduler_job.py:643} INFO - DAG(s) dict_keys(['example_branch_labels']) retrieved from /home/airflow/.local/lib/python3.6/site-packages/airflow/example_dags/example_branch_labels.py
[2025-02-15 14:50:12,972] {logging_mixin.py:104} INFO - [2025-02-15 14:50:12,972] {dag.py:1833} INFO - Sync 1 DAGs
[2025-02-15 14:50:12,998] {logging_mixin.py:104} INFO - [2025-02-15 14:50:12,998] {dag.py:2306} INFO - Setting next_dagrun for example_branch_labels to 2025-02-13 00:00:00+00:00
[2025-02-15 14:50:13,016] {scheduler_job.py:190} INFO - Processing /home/airflow/.local/lib/python3.6/site-packages/airflow/example_dags/example_branch_labels.py took 0.108 seconds
[2025-02-15 14:50:43,235] {scheduler_job.py:182} INFO - Started process (PID=543) to work on /home/airflow/.local/lib/python3.6/site-packages/airflow/example_dags/example_branch_labels.py
[2025-02-15 14:50:43,237] {scheduler_job.py:633} INFO - Processing file /home/airflow/.local/lib/python3.6/site-packages/airflow/example_dags/example_branch_labels.py for tasks to queue
[2025-02-15 14:50:43,239] {logging_mixin.py:104} INFO - [2025-02-15 14:50:43,238] {dagbag.py:496} INFO - Filling up the DagBag from /home/airflow/.local/lib/python3.6/site-packages/airflow/example_dags/example_branch_labels.py
[2025-02-15 14:50:43,257] {scheduler_job.py:643} INFO - DAG(s) dict_keys(['example_branch_labels']) retrieved from /home/airflow/.local/lib/python3.6/site-packages/airflow/example_dags/example_branch_labels.py
[2025-02-15 14:50:43,300] {logging_mixin.py:104} INFO - [2025-02-15 14:50:43,300] {dag.py:1833} INFO - Sync 1 DAGs
[2025-02-15 14:50:43,330] {logging_mixin.py:104} INFO - [2025-02-15 14:50:43,330] {dag.py:2306} INFO - Setting next_dagrun for example_branch_labels to 2025-02-13 00:00:00+00:00
[2025-02-15 14:50:43,345] {scheduler_job.py:190} INFO - Processing /home/airflow/.local/lib/python3.6/site-packages/airflow/example_dags/example_branch_labels.py took 0.116 seconds
[2025-02-15 14:51:13,496] {scheduler_job.py:182} INFO - Started process (PID=595) to work on /home/airflow/.local/lib/python3.6/site-packages/airflow/example_dags/example_branch_labels.py
[2025-02-15 14:51:13,497] {scheduler_job.py:633} INFO - Processing file /home/airflow/.local/lib/python3.6/site-packages/airflow/example_dags/example_branch_labels.py for tasks to queue
[2025-02-15 14:51:13,498] {logging_mixin.py:104} INFO - [2025-02-15 14:51:13,498] {dagbag.py:496} INFO - Filling up the DagBag from /home/airflow/.local/lib/python3.6/site-packages/airflow/example_dags/example_branch_labels.py
[2025-02-15 14:51:13,513] {scheduler_job.py:643} INFO - DAG(s) dict_keys(['example_branch_labels']) retrieved from /home/airflow/.local/lib/python3.6/site-packages/airflow/example_dags/example_branch_labels.py
[2025-02-15 14:51:13,546] {logging_mixin.py:104} INFO - [2025-02-15 14:51:13,546] {dag.py:1833} INFO - Sync 1 DAGs
[2025-02-15 14:51:13,566] {logging_mixin.py:104} INFO - [2025-02-15 14:51:13,566] {dag.py:2306} INFO - Setting next_dagrun for example_branch_labels to 2025-02-13 00:00:00+00:00
[2025-02-15 14:51:13,579] {scheduler_job.py:190} INFO - Processing /home/airflow/.local/lib/python3.6/site-packages/airflow/example_dags/example_branch_labels.py took 0.088 seconds
[2025-02-15 14:51:43,855] {scheduler_job.py:182} INFO - Started process (PID=648) to work on /home/airflow/.local/lib/python3.6/site-packages/airflow/example_dags/example_branch_labels.py
[2025-02-15 14:51:43,857] {scheduler_job.py:633} INFO - Processing file /home/airflow/.local/lib/python3.6/site-packages/airflow/example_dags/example_branch_labels.py for tasks to queue
[2025-02-15 14:51:43,858] {logging_mixin.py:104} INFO - [2025-02-15 14:51:43,858] {dagbag.py:496} INFO - Filling up the DagBag from /home/airflow/.local/lib/python3.6/site-packages/airflow/example_dags/example_branch_labels.py
[2025-02-15 14:51:43,871] {scheduler_job.py:643} INFO - DAG(s) dict_keys(['example_branch_labels']) retrieved from /home/airflow/.local/lib/python3.6/site-packages/airflow/example_dags/example_branch_labels.py
[2025-02-15 14:51:43,899] {logging_mixin.py:104} INFO - [2025-02-15 14:51:43,899] {dag.py:1833} INFO - Sync 1 DAGs
[2025-02-15 14:51:43,919] {logging_mixin.py:104} INFO - [2025-02-15 14:51:43,919] {dag.py:2306} INFO - Setting next_dagrun for example_branch_labels to 2025-02-13 00:00:00+00:00
[2025-02-15 14:51:43,932] {scheduler_job.py:190} INFO - Processing /home/airflow/.local/lib/python3.6/site-packages/airflow/example_dags/example_branch_labels.py took 0.082 seconds
[2025-02-15 15:12:31,902] {scheduler_job.py:182} INFO - Started process (PID=706) to work on /home/airflow/.local/lib/python3.6/site-packages/airflow/example_dags/example_branch_labels.py
[2025-02-15 15:12:31,905] {scheduler_job.py:633} INFO - Processing file /home/airflow/.local/lib/python3.6/site-packages/airflow/example_dags/example_branch_labels.py for tasks to queue
[2025-02-15 15:12:31,906] {logging_mixin.py:104} INFO - [2025-02-15 15:12:31,906] {dagbag.py:496} INFO - Filling up the DagBag from /home/airflow/.local/lib/python3.6/site-packages/airflow/example_dags/example_branch_labels.py
[2025-02-15 15:12:31,934] {scheduler_job.py:643} INFO - DAG(s) dict_keys(['example_branch_labels']) retrieved from /home/airflow/.local/lib/python3.6/site-packages/airflow/example_dags/example_branch_labels.py
[2025-02-15 15:12:31,986] {logging_mixin.py:104} INFO - [2025-02-15 15:12:31,985] {dag.py:1833} INFO - Sync 1 DAGs
[2025-02-15 15:12:32,024] {logging_mixin.py:104} INFO - [2025-02-15 15:12:32,024] {dag.py:2306} INFO - Setting next_dagrun for example_branch_labels to 2025-02-13 00:00:00+00:00
[2025-02-15 15:12:32,045] {scheduler_job.py:190} INFO - Processing /home/airflow/.local/lib/python3.6/site-packages/airflow/example_dags/example_branch_labels.py took 0.149 seconds
[2025-02-15 15:13:02,408] {scheduler_job.py:182} INFO - Started process (PID=758) to work on /home/airflow/.local/lib/python3.6/site-packages/airflow/example_dags/example_branch_labels.py
[2025-02-15 15:13:02,416] {scheduler_job.py:633} INFO - Processing file /home/airflow/.local/lib/python3.6/site-packages/airflow/example_dags/example_branch_labels.py for tasks to queue
[2025-02-15 15:13:02,418] {logging_mixin.py:104} INFO - [2025-02-15 15:13:02,418] {dagbag.py:496} INFO - Filling up the DagBag from /home/airflow/.local/lib/python3.6/site-packages/airflow/example_dags/example_branch_labels.py
[2025-02-15 15:13:02,473] {scheduler_job.py:643} INFO - DAG(s) dict_keys(['example_branch_labels']) retrieved from /home/airflow/.local/lib/python3.6/site-packages/airflow/example_dags/example_branch_labels.py
[2025-02-15 15:13:02,540] {logging_mixin.py:104} INFO - [2025-02-15 15:13:02,540] {dag.py:1833} INFO - Sync 1 DAGs
[2025-02-15 15:13:02,587] {logging_mixin.py:104} INFO - [2025-02-15 15:13:02,587] {dag.py:2306} INFO - Setting next_dagrun for example_branch_labels to 2025-02-13 00:00:00+00:00
[2025-02-15 15:13:02,607] {scheduler_job.py:190} INFO - Processing /home/airflow/.local/lib/python3.6/site-packages/airflow/example_dags/example_branch_labels.py took 0.211 seconds
[2025-02-15 15:20:25,337] {scheduler_job.py:182} INFO - Started process (PID=63) to work on /home/airflow/.local/lib/python3.6/site-packages/airflow/example_dags/example_branch_labels.py
[2025-02-15 15:20:25,359] {scheduler_job.py:633} INFO - Processing file /home/airflow/.local/lib/python3.6/site-packages/airflow/example_dags/example_branch_labels.py for tasks to queue
[2025-02-15 15:20:25,361] {logging_mixin.py:104} INFO - [2025-02-15 15:20:25,361] {dagbag.py:496} INFO - Filling up the DagBag from /home/airflow/.local/lib/python3.6/site-packages/airflow/example_dags/example_branch_labels.py
[2025-02-15 15:20:25,487] {scheduler_job.py:643} INFO - DAG(s) dict_keys(['example_branch_labels']) retrieved from /home/airflow/.local/lib/python3.6/site-packages/airflow/example_dags/example_branch_labels.py
[2025-02-15 15:20:25,759] {logging_mixin.py:104} INFO - [2025-02-15 15:20:25,759] {dag.py:1833} INFO - Sync 1 DAGs
[2025-02-15 15:20:25,930] {logging_mixin.py:104} INFO - [2025-02-15 15:20:25,929] {dag.py:2306} INFO - Setting next_dagrun for example_branch_labels to 2025-02-13 00:00:00+00:00
[2025-02-15 15:20:25,975] {scheduler_job.py:190} INFO - Processing /home/airflow/.local/lib/python3.6/site-packages/airflow/example_dags/example_branch_labels.py took 0.672 seconds
[2025-02-15 15:20:56,113] {scheduler_job.py:182} INFO - Started process (PID=108) to work on /home/airflow/.local/lib/python3.6/site-packages/airflow/example_dags/example_branch_labels.py
[2025-02-15 15:20:56,128] {scheduler_job.py:633} INFO - Processing file /home/airflow/.local/lib/python3.6/site-packages/airflow/example_dags/example_branch_labels.py for tasks to queue
[2025-02-15 15:20:56,142] {logging_mixin.py:104} INFO - [2025-02-15 15:20:56,141] {dagbag.py:496} INFO - Filling up the DagBag from /home/airflow/.local/lib/python3.6/site-packages/airflow/example_dags/example_branch_labels.py
[2025-02-15 15:20:56,254] {scheduler_job.py:643} INFO - DAG(s) dict_keys(['example_branch_labels']) retrieved from /home/airflow/.local/lib/python3.6/site-packages/airflow/example_dags/example_branch_labels.py
[2025-02-15 15:20:57,442] {logging_mixin.py:104} INFO - [2025-02-15 15:20:57,442] {dag.py:1833} INFO - Sync 1 DAGs
[2025-02-15 15:20:58,441] {logging_mixin.py:104} INFO - [2025-02-15 15:20:58,440] {dag.py:2306} INFO - Setting next_dagrun for example_branch_labels to 2025-02-13 00:00:00+00:00
[2025-02-15 15:20:58,701] {scheduler_job.py:190} INFO - Processing /home/airflow/.local/lib/python3.6/site-packages/airflow/example_dags/example_branch_labels.py took 2.608 seconds
[2025-02-15 15:21:30,213] {scheduler_job.py:182} INFO - Started process (PID=156) to work on /home/airflow/.local/lib/python3.6/site-packages/airflow/example_dags/example_branch_labels.py
[2025-02-15 15:21:30,221] {scheduler_job.py:633} INFO - Processing file /home/airflow/.local/lib/python3.6/site-packages/airflow/example_dags/example_branch_labels.py for tasks to queue
[2025-02-15 15:21:30,231] {logging_mixin.py:104} INFO - [2025-02-15 15:21:30,230] {dagbag.py:496} INFO - Filling up the DagBag from /home/airflow/.local/lib/python3.6/site-packages/airflow/example_dags/example_branch_labels.py
[2025-02-15 15:21:30,720] {scheduler_job.py:643} INFO - DAG(s) dict_keys(['example_branch_labels']) retrieved from /home/airflow/.local/lib/python3.6/site-packages/airflow/example_dags/example_branch_labels.py
[2025-02-15 15:21:32,872] {logging_mixin.py:104} INFO - [2025-02-15 15:21:32,862] {dag.py:1833} INFO - Sync 1 DAGs
[2025-02-15 15:21:33,241] {logging_mixin.py:104} INFO - [2025-02-15 15:21:33,241] {dag.py:2306} INFO - Setting next_dagrun for example_branch_labels to 2025-02-13 00:00:00+00:00
[2025-02-15 15:21:33,403] {scheduler_job.py:190} INFO - Processing /home/airflow/.local/lib/python3.6/site-packages/airflow/example_dags/example_branch_labels.py took 3.252 seconds
[2025-02-15 15:22:23,744] {scheduler_job.py:182} INFO - Started process (PID=210) to work on /home/airflow/.local/lib/python3.6/site-packages/airflow/example_dags/example_branch_labels.py
[2025-02-15 15:22:23,779] {scheduler_job.py:633} INFO - Processing file /home/airflow/.local/lib/python3.6/site-packages/airflow/example_dags/example_branch_labels.py for tasks to queue
[2025-02-15 15:22:23,782] {logging_mixin.py:104} INFO - [2025-02-15 15:22:23,781] {dagbag.py:496} INFO - Filling up the DagBag from /home/airflow/.local/lib/python3.6/site-packages/airflow/example_dags/example_branch_labels.py
[2025-02-15 15:22:24,143] {scheduler_job.py:643} INFO - DAG(s) dict_keys(['example_branch_labels']) retrieved from /home/airflow/.local/lib/python3.6/site-packages/airflow/example_dags/example_branch_labels.py
[2025-02-15 15:22:24,949] {logging_mixin.py:104} INFO - [2025-02-15 15:22:24,949] {dag.py:1833} INFO - Sync 1 DAGs
[2025-02-15 15:22:25,778] {logging_mixin.py:104} INFO - [2025-02-15 15:22:25,764] {dag.py:2306} INFO - Setting next_dagrun for example_branch_labels to 2025-02-13 00:00:00+00:00
[2025-02-15 15:22:25,980] {scheduler_job.py:190} INFO - Processing /home/airflow/.local/lib/python3.6/site-packages/airflow/example_dags/example_branch_labels.py took 2.269 seconds
