[2025-02-15 13:54:07,645] {scheduler_job.py:182} INFO - Started process (PID=66) to work on /home/airflow/.local/lib/python3.6/site-packages/airflow/example_dags/example_python_operator.py
[2025-02-15 13:54:07,653] {scheduler_job.py:633} INFO - Processing file /home/airflow/.local/lib/python3.6/site-packages/airflow/example_dags/example_python_operator.py for tasks to queue
[2025-02-15 13:54:07,658] {logging_mixin.py:104} INFO - [2025-02-15 13:54:07,656] {dagbag.py:496} INFO - Filling up the DagBag from /home/airflow/.local/lib/python3.6/site-packages/airflow/example_dags/example_python_operator.py
[2025-02-15 13:54:07,728] {scheduler_job.py:643} INFO - DAG(s) dict_keys(['example_python_operator']) retrieved from /home/airflow/.local/lib/python3.6/site-packages/airflow/example_dags/example_python_operator.py
[2025-02-15 13:54:10,409] {logging_mixin.py:104} INFO - [2025-02-15 13:54:10,409] {dag.py:1833} INFO - Sync 1 DAGs
[2025-02-15 13:54:10,648] {logging_mixin.py:104} INFO - [2025-02-15 13:54:10,647] {dag.py:2306} INFO - Setting next_dagrun for example_python_operator to None
[2025-02-15 13:54:10,934] {scheduler_job.py:190} INFO - Processing /home/airflow/.local/lib/python3.6/site-packages/airflow/example_dags/example_python_operator.py took 3.313 seconds
[2025-02-15 13:54:41,478] {scheduler_job.py:182} INFO - Started process (PID=115) to work on /home/airflow/.local/lib/python3.6/site-packages/airflow/example_dags/example_python_operator.py
[2025-02-15 13:54:41,481] {scheduler_job.py:633} INFO - Processing file /home/airflow/.local/lib/python3.6/site-packages/airflow/example_dags/example_python_operator.py for tasks to queue
[2025-02-15 13:54:41,484] {logging_mixin.py:104} INFO - [2025-02-15 13:54:41,483] {dagbag.py:496} INFO - Filling up the DagBag from /home/airflow/.local/lib/python3.6/site-packages/airflow/example_dags/example_python_operator.py
[2025-02-15 13:54:41,619] {scheduler_job.py:643} INFO - DAG(s) dict_keys(['example_python_operator']) retrieved from /home/airflow/.local/lib/python3.6/site-packages/airflow/example_dags/example_python_operator.py
[2025-02-15 13:54:41,770] {logging_mixin.py:104} INFO - [2025-02-15 13:54:41,770] {dag.py:1833} INFO - Sync 1 DAGs
[2025-02-15 13:54:41,968] {logging_mixin.py:104} INFO - [2025-02-15 13:54:41,967] {dag.py:2306} INFO - Setting next_dagrun for example_python_operator to None
[2025-02-15 13:54:42,159] {scheduler_job.py:190} INFO - Processing /home/airflow/.local/lib/python3.6/site-packages/airflow/example_dags/example_python_operator.py took 0.740 seconds
[2025-02-15 13:55:18,884] {scheduler_job.py:182} INFO - Started process (PID=165) to work on /home/airflow/.local/lib/python3.6/site-packages/airflow/example_dags/example_python_operator.py
[2025-02-15 13:55:18,895] {scheduler_job.py:633} INFO - Processing file /home/airflow/.local/lib/python3.6/site-packages/airflow/example_dags/example_python_operator.py for tasks to queue
[2025-02-15 13:55:18,901] {logging_mixin.py:104} INFO - [2025-02-15 13:55:18,900] {dagbag.py:496} INFO - Filling up the DagBag from /home/airflow/.local/lib/python3.6/site-packages/airflow/example_dags/example_python_operator.py
[2025-02-15 13:55:19,014] {scheduler_job.py:643} INFO - DAG(s) dict_keys(['example_python_operator']) retrieved from /home/airflow/.local/lib/python3.6/site-packages/airflow/example_dags/example_python_operator.py
[2025-02-15 13:55:19,504] {logging_mixin.py:104} INFO - [2025-02-15 13:55:19,503] {dag.py:1833} INFO - Sync 1 DAGs
[2025-02-15 13:55:19,933] {logging_mixin.py:104} INFO - [2025-02-15 13:55:19,933] {dag.py:2306} INFO - Setting next_dagrun for example_python_operator to None
[2025-02-15 13:55:20,062] {scheduler_job.py:190} INFO - Processing /home/airflow/.local/lib/python3.6/site-packages/airflow/example_dags/example_python_operator.py took 1.210 seconds
[2025-02-15 13:55:50,111] {scheduler_job.py:182} INFO - Started process (PID=216) to work on /home/airflow/.local/lib/python3.6/site-packages/airflow/example_dags/example_python_operator.py
[2025-02-15 13:55:50,113] {scheduler_job.py:633} INFO - Processing file /home/airflow/.local/lib/python3.6/site-packages/airflow/example_dags/example_python_operator.py for tasks to queue
[2025-02-15 13:55:50,115] {logging_mixin.py:104} INFO - [2025-02-15 13:55:50,114] {dagbag.py:496} INFO - Filling up the DagBag from /home/airflow/.local/lib/python3.6/site-packages/airflow/example_dags/example_python_operator.py
[2025-02-15 13:55:50,129] {scheduler_job.py:643} INFO - DAG(s) dict_keys(['example_python_operator']) retrieved from /home/airflow/.local/lib/python3.6/site-packages/airflow/example_dags/example_python_operator.py
[2025-02-15 13:55:50,161] {logging_mixin.py:104} INFO - [2025-02-15 13:55:50,161] {dag.py:1833} INFO - Sync 1 DAGs
[2025-02-15 13:55:50,180] {logging_mixin.py:104} INFO - [2025-02-15 13:55:50,180] {dag.py:2306} INFO - Setting next_dagrun for example_python_operator to None
[2025-02-15 13:55:50,198] {scheduler_job.py:190} INFO - Processing /home/airflow/.local/lib/python3.6/site-packages/airflow/example_dags/example_python_operator.py took 0.091 seconds
[2025-02-15 13:56:20,666] {scheduler_job.py:182} INFO - Started process (PID=267) to work on /home/airflow/.local/lib/python3.6/site-packages/airflow/example_dags/example_python_operator.py
[2025-02-15 13:56:20,668] {scheduler_job.py:633} INFO - Processing file /home/airflow/.local/lib/python3.6/site-packages/airflow/example_dags/example_python_operator.py for tasks to queue
[2025-02-15 13:56:20,670] {logging_mixin.py:104} INFO - [2025-02-15 13:56:20,670] {dagbag.py:496} INFO - Filling up the DagBag from /home/airflow/.local/lib/python3.6/site-packages/airflow/example_dags/example_python_operator.py
[2025-02-15 13:56:20,694] {scheduler_job.py:643} INFO - DAG(s) dict_keys(['example_python_operator']) retrieved from /home/airflow/.local/lib/python3.6/site-packages/airflow/example_dags/example_python_operator.py
[2025-02-15 13:56:20,783] {logging_mixin.py:104} INFO - [2025-02-15 13:56:20,782] {dag.py:1833} INFO - Sync 1 DAGs
[2025-02-15 13:56:20,828] {logging_mixin.py:104} INFO - [2025-02-15 13:56:20,828] {dag.py:2306} INFO - Setting next_dagrun for example_python_operator to None
[2025-02-15 13:56:20,862] {scheduler_job.py:190} INFO - Processing /home/airflow/.local/lib/python3.6/site-packages/airflow/example_dags/example_python_operator.py took 0.204 seconds
[2025-02-15 13:56:51,047] {scheduler_job.py:182} INFO - Started process (PID=318) to work on /home/airflow/.local/lib/python3.6/site-packages/airflow/example_dags/example_python_operator.py
[2025-02-15 13:56:51,053] {scheduler_job.py:633} INFO - Processing file /home/airflow/.local/lib/python3.6/site-packages/airflow/example_dags/example_python_operator.py for tasks to queue
[2025-02-15 13:56:51,058] {logging_mixin.py:104} INFO - [2025-02-15 13:56:51,057] {dagbag.py:496} INFO - Filling up the DagBag from /home/airflow/.local/lib/python3.6/site-packages/airflow/example_dags/example_python_operator.py
[2025-02-15 13:56:51,098] {scheduler_job.py:643} INFO - DAG(s) dict_keys(['example_python_operator']) retrieved from /home/airflow/.local/lib/python3.6/site-packages/airflow/example_dags/example_python_operator.py
[2025-02-15 13:56:51,189] {logging_mixin.py:104} INFO - [2025-02-15 13:56:51,188] {dag.py:1833} INFO - Sync 1 DAGs
[2025-02-15 13:56:51,253] {logging_mixin.py:104} INFO - [2025-02-15 13:56:51,252] {dag.py:2306} INFO - Setting next_dagrun for example_python_operator to None
[2025-02-15 13:56:51,285] {scheduler_job.py:190} INFO - Processing /home/airflow/.local/lib/python3.6/site-packages/airflow/example_dags/example_python_operator.py took 0.254 seconds
[2025-02-15 13:57:21,679] {scheduler_job.py:182} INFO - Started process (PID=378) to work on /home/airflow/.local/lib/python3.6/site-packages/airflow/example_dags/example_python_operator.py
[2025-02-15 13:57:21,695] {scheduler_job.py:633} INFO - Processing file /home/airflow/.local/lib/python3.6/site-packages/airflow/example_dags/example_python_operator.py for tasks to queue
[2025-02-15 13:57:21,711] {logging_mixin.py:104} INFO - [2025-02-15 13:57:21,708] {dagbag.py:496} INFO - Filling up the DagBag from /home/airflow/.local/lib/python3.6/site-packages/airflow/example_dags/example_python_operator.py
[2025-02-15 13:57:21,896] {scheduler_job.py:643} INFO - DAG(s) dict_keys(['example_python_operator']) retrieved from /home/airflow/.local/lib/python3.6/site-packages/airflow/example_dags/example_python_operator.py
[2025-02-15 13:57:22,079] {logging_mixin.py:104} INFO - [2025-02-15 13:57:22,079] {dag.py:1833} INFO - Sync 1 DAGs
[2025-02-15 13:57:22,151] {logging_mixin.py:104} INFO - [2025-02-15 13:57:22,151] {dag.py:2306} INFO - Setting next_dagrun for example_python_operator to None
[2025-02-15 13:57:22,254] {scheduler_job.py:190} INFO - Processing /home/airflow/.local/lib/python3.6/site-packages/airflow/example_dags/example_python_operator.py took 0.631 seconds
[2025-02-15 13:57:52,847] {scheduler_job.py:182} INFO - Started process (PID=430) to work on /home/airflow/.local/lib/python3.6/site-packages/airflow/example_dags/example_python_operator.py
[2025-02-15 13:57:52,851] {scheduler_job.py:633} INFO - Processing file /home/airflow/.local/lib/python3.6/site-packages/airflow/example_dags/example_python_operator.py for tasks to queue
[2025-02-15 13:57:52,853] {logging_mixin.py:104} INFO - [2025-02-15 13:57:52,853] {dagbag.py:496} INFO - Filling up the DagBag from /home/airflow/.local/lib/python3.6/site-packages/airflow/example_dags/example_python_operator.py
[2025-02-15 13:57:52,892] {scheduler_job.py:643} INFO - DAG(s) dict_keys(['example_python_operator']) retrieved from /home/airflow/.local/lib/python3.6/site-packages/airflow/example_dags/example_python_operator.py
[2025-02-15 13:57:52,960] {logging_mixin.py:104} INFO - [2025-02-15 13:57:52,960] {dag.py:1833} INFO - Sync 1 DAGs
[2025-02-15 13:57:53,003] {logging_mixin.py:104} INFO - [2025-02-15 13:57:53,003] {dag.py:2306} INFO - Setting next_dagrun for example_python_operator to None
[2025-02-15 13:57:53,043] {scheduler_job.py:190} INFO - Processing /home/airflow/.local/lib/python3.6/site-packages/airflow/example_dags/example_python_operator.py took 0.207 seconds
[2025-02-15 13:58:23,779] {scheduler_job.py:182} INFO - Started process (PID=480) to work on /home/airflow/.local/lib/python3.6/site-packages/airflow/example_dags/example_python_operator.py
[2025-02-15 13:58:23,782] {scheduler_job.py:633} INFO - Processing file /home/airflow/.local/lib/python3.6/site-packages/airflow/example_dags/example_python_operator.py for tasks to queue
[2025-02-15 13:58:23,783] {logging_mixin.py:104} INFO - [2025-02-15 13:58:23,783] {dagbag.py:496} INFO - Filling up the DagBag from /home/airflow/.local/lib/python3.6/site-packages/airflow/example_dags/example_python_operator.py
[2025-02-15 13:58:23,816] {scheduler_job.py:643} INFO - DAG(s) dict_keys(['example_python_operator']) retrieved from /home/airflow/.local/lib/python3.6/site-packages/airflow/example_dags/example_python_operator.py
[2025-02-15 13:58:23,871] {logging_mixin.py:104} INFO - [2025-02-15 13:58:23,871] {dag.py:1833} INFO - Sync 1 DAGs
[2025-02-15 13:58:23,903] {logging_mixin.py:104} INFO - [2025-02-15 13:58:23,902] {dag.py:2306} INFO - Setting next_dagrun for example_python_operator to None
[2025-02-15 13:58:23,928] {scheduler_job.py:190} INFO - Processing /home/airflow/.local/lib/python3.6/site-packages/airflow/example_dags/example_python_operator.py took 0.156 seconds
[2025-02-15 13:58:54,450] {scheduler_job.py:182} INFO - Started process (PID=541) to work on /home/airflow/.local/lib/python3.6/site-packages/airflow/example_dags/example_python_operator.py
[2025-02-15 13:58:54,453] {scheduler_job.py:633} INFO - Processing file /home/airflow/.local/lib/python3.6/site-packages/airflow/example_dags/example_python_operator.py for tasks to queue
[2025-02-15 13:58:54,455] {logging_mixin.py:104} INFO - [2025-02-15 13:58:54,455] {dagbag.py:496} INFO - Filling up the DagBag from /home/airflow/.local/lib/python3.6/site-packages/airflow/example_dags/example_python_operator.py
[2025-02-15 13:58:54,491] {scheduler_job.py:643} INFO - DAG(s) dict_keys(['example_python_operator']) retrieved from /home/airflow/.local/lib/python3.6/site-packages/airflow/example_dags/example_python_operator.py
[2025-02-15 13:58:54,551] {logging_mixin.py:104} INFO - [2025-02-15 13:58:54,551] {dag.py:1833} INFO - Sync 1 DAGs
[2025-02-15 13:58:54,580] {logging_mixin.py:104} INFO - [2025-02-15 13:58:54,579] {dag.py:2306} INFO - Setting next_dagrun for example_python_operator to None
[2025-02-15 13:58:54,596] {scheduler_job.py:190} INFO - Processing /home/airflow/.local/lib/python3.6/site-packages/airflow/example_dags/example_python_operator.py took 0.153 seconds
[2025-02-15 13:59:24,681] {scheduler_job.py:182} INFO - Started process (PID=594) to work on /home/airflow/.local/lib/python3.6/site-packages/airflow/example_dags/example_python_operator.py
[2025-02-15 13:59:24,686] {scheduler_job.py:633} INFO - Processing file /home/airflow/.local/lib/python3.6/site-packages/airflow/example_dags/example_python_operator.py for tasks to queue
[2025-02-15 13:59:24,689] {logging_mixin.py:104} INFO - [2025-02-15 13:59:24,688] {dagbag.py:496} INFO - Filling up the DagBag from /home/airflow/.local/lib/python3.6/site-packages/airflow/example_dags/example_python_operator.py
[2025-02-15 13:59:24,727] {scheduler_job.py:643} INFO - DAG(s) dict_keys(['example_python_operator']) retrieved from /home/airflow/.local/lib/python3.6/site-packages/airflow/example_dags/example_python_operator.py
[2025-02-15 13:59:24,781] {logging_mixin.py:104} INFO - [2025-02-15 13:59:24,781] {dag.py:1833} INFO - Sync 1 DAGs
[2025-02-15 13:59:24,835] {logging_mixin.py:104} INFO - [2025-02-15 13:59:24,835] {dag.py:2306} INFO - Setting next_dagrun for example_python_operator to None
[2025-02-15 13:59:24,857] {scheduler_job.py:190} INFO - Processing /home/airflow/.local/lib/python3.6/site-packages/airflow/example_dags/example_python_operator.py took 0.187 seconds
[2025-02-15 13:59:55,082] {scheduler_job.py:182} INFO - Started process (PID=656) to work on /home/airflow/.local/lib/python3.6/site-packages/airflow/example_dags/example_python_operator.py
[2025-02-15 13:59:55,085] {scheduler_job.py:633} INFO - Processing file /home/airflow/.local/lib/python3.6/site-packages/airflow/example_dags/example_python_operator.py for tasks to queue
[2025-02-15 13:59:55,087] {logging_mixin.py:104} INFO - [2025-02-15 13:59:55,087] {dagbag.py:496} INFO - Filling up the DagBag from /home/airflow/.local/lib/python3.6/site-packages/airflow/example_dags/example_python_operator.py
[2025-02-15 13:59:55,109] {scheduler_job.py:643} INFO - DAG(s) dict_keys(['example_python_operator']) retrieved from /home/airflow/.local/lib/python3.6/site-packages/airflow/example_dags/example_python_operator.py
[2025-02-15 13:59:55,137] {logging_mixin.py:104} INFO - [2025-02-15 13:59:55,137] {dag.py:1833} INFO - Sync 1 DAGs
[2025-02-15 13:59:55,155] {logging_mixin.py:104} INFO - [2025-02-15 13:59:55,155] {dag.py:2306} INFO - Setting next_dagrun for example_python_operator to None
[2025-02-15 13:59:55,176] {scheduler_job.py:190} INFO - Processing /home/airflow/.local/lib/python3.6/site-packages/airflow/example_dags/example_python_operator.py took 0.110 seconds
[2025-02-15 14:01:29,800] {scheduler_job.py:182} INFO - Started process (PID=66) to work on /home/airflow/.local/lib/python3.6/site-packages/airflow/example_dags/example_python_operator.py
[2025-02-15 14:01:29,804] {scheduler_job.py:633} INFO - Processing file /home/airflow/.local/lib/python3.6/site-packages/airflow/example_dags/example_python_operator.py for tasks to queue
[2025-02-15 14:01:29,806] {logging_mixin.py:104} INFO - [2025-02-15 14:01:29,806] {dagbag.py:496} INFO - Filling up the DagBag from /home/airflow/.local/lib/python3.6/site-packages/airflow/example_dags/example_python_operator.py
[2025-02-15 14:01:29,842] {scheduler_job.py:643} INFO - DAG(s) dict_keys(['example_python_operator']) retrieved from /home/airflow/.local/lib/python3.6/site-packages/airflow/example_dags/example_python_operator.py
[2025-02-15 14:01:29,919] {logging_mixin.py:104} INFO - [2025-02-15 14:01:29,918] {dag.py:1833} INFO - Sync 1 DAGs
[2025-02-15 14:01:29,970] {logging_mixin.py:104} INFO - [2025-02-15 14:01:29,969] {dag.py:2306} INFO - Setting next_dagrun for example_python_operator to None
[2025-02-15 14:01:30,013] {scheduler_job.py:190} INFO - Processing /home/airflow/.local/lib/python3.6/site-packages/airflow/example_dags/example_python_operator.py took 0.220 seconds
[2025-02-15 14:07:01,062] {scheduler_job.py:182} INFO - Started process (PID=212) to work on /home/airflow/.local/lib/python3.6/site-packages/airflow/example_dags/example_python_operator.py
[2025-02-15 14:07:01,067] {scheduler_job.py:633} INFO - Processing file /home/airflow/.local/lib/python3.6/site-packages/airflow/example_dags/example_python_operator.py for tasks to queue
[2025-02-15 14:07:01,069] {logging_mixin.py:104} INFO - [2025-02-15 14:07:01,068] {dagbag.py:496} INFO - Filling up the DagBag from /home/airflow/.local/lib/python3.6/site-packages/airflow/example_dags/example_python_operator.py
[2025-02-15 14:07:01,098] {scheduler_job.py:643} INFO - DAG(s) dict_keys(['example_python_operator']) retrieved from /home/airflow/.local/lib/python3.6/site-packages/airflow/example_dags/example_python_operator.py
[2025-02-15 14:07:05,659] {logging_mixin.py:104} INFO - [2025-02-15 14:07:05,657] {dag.py:1833} INFO - Sync 1 DAGs
[2025-02-15 14:07:05,689] {logging_mixin.py:104} INFO - [2025-02-15 14:07:05,686] {dag.py:1852} INFO - Creating ORM DAG for example_python_operator
[2025-02-15 14:07:05,704] {logging_mixin.py:104} INFO - [2025-02-15 14:07:05,704] {dag.py:2306} INFO - Setting next_dagrun for example_python_operator to None
[2025-02-15 14:07:05,740] {scheduler_job.py:190} INFO - Processing /home/airflow/.local/lib/python3.6/site-packages/airflow/example_dags/example_python_operator.py took 4.684 seconds
[2025-02-15 14:07:50,057] {scheduler_job.py:182} INFO - Started process (PID=418) to work on /home/airflow/.local/lib/python3.6/site-packages/airflow/example_dags/example_python_operator.py
[2025-02-15 14:07:50,061] {scheduler_job.py:633} INFO - Processing file /home/airflow/.local/lib/python3.6/site-packages/airflow/example_dags/example_python_operator.py for tasks to queue
[2025-02-15 14:07:50,063] {logging_mixin.py:104} INFO - [2025-02-15 14:07:50,063] {dagbag.py:496} INFO - Filling up the DagBag from /home/airflow/.local/lib/python3.6/site-packages/airflow/example_dags/example_python_operator.py
[2025-02-15 14:07:50,098] {scheduler_job.py:643} INFO - DAG(s) dict_keys(['example_python_operator']) retrieved from /home/airflow/.local/lib/python3.6/site-packages/airflow/example_dags/example_python_operator.py
[2025-02-15 14:07:50,165] {logging_mixin.py:104} INFO - [2025-02-15 14:07:50,164] {dag.py:1833} INFO - Sync 1 DAGs
[2025-02-15 14:07:50,209] {logging_mixin.py:104} INFO - [2025-02-15 14:07:50,209] {dag.py:2306} INFO - Setting next_dagrun for example_python_operator to None
[2025-02-15 14:07:50,237] {scheduler_job.py:190} INFO - Processing /home/airflow/.local/lib/python3.6/site-packages/airflow/example_dags/example_python_operator.py took 0.189 seconds
[2025-02-15 14:08:20,433] {scheduler_job.py:182} INFO - Started process (PID=479) to work on /home/airflow/.local/lib/python3.6/site-packages/airflow/example_dags/example_python_operator.py
[2025-02-15 14:08:20,436] {scheduler_job.py:633} INFO - Processing file /home/airflow/.local/lib/python3.6/site-packages/airflow/example_dags/example_python_operator.py for tasks to queue
[2025-02-15 14:08:20,438] {logging_mixin.py:104} INFO - [2025-02-15 14:08:20,437] {dagbag.py:496} INFO - Filling up the DagBag from /home/airflow/.local/lib/python3.6/site-packages/airflow/example_dags/example_python_operator.py
[2025-02-15 14:08:20,468] {scheduler_job.py:643} INFO - DAG(s) dict_keys(['example_python_operator']) retrieved from /home/airflow/.local/lib/python3.6/site-packages/airflow/example_dags/example_python_operator.py
[2025-02-15 14:08:20,510] {logging_mixin.py:104} INFO - [2025-02-15 14:08:20,510] {dag.py:1833} INFO - Sync 1 DAGs
[2025-02-15 14:08:20,529] {logging_mixin.py:104} INFO - [2025-02-15 14:08:20,529] {dag.py:2306} INFO - Setting next_dagrun for example_python_operator to None
[2025-02-15 14:08:20,546] {scheduler_job.py:190} INFO - Processing /home/airflow/.local/lib/python3.6/site-packages/airflow/example_dags/example_python_operator.py took 0.122 seconds
[2025-02-15 14:08:50,790] {scheduler_job.py:182} INFO - Started process (PID=531) to work on /home/airflow/.local/lib/python3.6/site-packages/airflow/example_dags/example_python_operator.py
[2025-02-15 14:08:50,791] {scheduler_job.py:633} INFO - Processing file /home/airflow/.local/lib/python3.6/site-packages/airflow/example_dags/example_python_operator.py for tasks to queue
[2025-02-15 14:08:50,792] {logging_mixin.py:104} INFO - [2025-02-15 14:08:50,792] {dagbag.py:496} INFO - Filling up the DagBag from /home/airflow/.local/lib/python3.6/site-packages/airflow/example_dags/example_python_operator.py
[2025-02-15 14:08:50,815] {scheduler_job.py:643} INFO - DAG(s) dict_keys(['example_python_operator']) retrieved from /home/airflow/.local/lib/python3.6/site-packages/airflow/example_dags/example_python_operator.py
[2025-02-15 14:08:50,852] {logging_mixin.py:104} INFO - [2025-02-15 14:08:50,852] {dag.py:1833} INFO - Sync 1 DAGs
[2025-02-15 14:08:50,875] {logging_mixin.py:104} INFO - [2025-02-15 14:08:50,874] {dag.py:2306} INFO - Setting next_dagrun for example_python_operator to None
[2025-02-15 14:08:50,893] {scheduler_job.py:190} INFO - Processing /home/airflow/.local/lib/python3.6/site-packages/airflow/example_dags/example_python_operator.py took 0.108 seconds
[2025-02-15 14:09:21,371] {scheduler_job.py:182} INFO - Started process (PID=592) to work on /home/airflow/.local/lib/python3.6/site-packages/airflow/example_dags/example_python_operator.py
[2025-02-15 14:09:21,373] {scheduler_job.py:633} INFO - Processing file /home/airflow/.local/lib/python3.6/site-packages/airflow/example_dags/example_python_operator.py for tasks to queue
[2025-02-15 14:09:21,374] {logging_mixin.py:104} INFO - [2025-02-15 14:09:21,374] {dagbag.py:496} INFO - Filling up the DagBag from /home/airflow/.local/lib/python3.6/site-packages/airflow/example_dags/example_python_operator.py
[2025-02-15 14:09:21,458] {scheduler_job.py:643} INFO - DAG(s) dict_keys(['example_python_operator']) retrieved from /home/airflow/.local/lib/python3.6/site-packages/airflow/example_dags/example_python_operator.py
[2025-02-15 14:09:21,535] {logging_mixin.py:104} INFO - [2025-02-15 14:09:21,534] {dag.py:1833} INFO - Sync 1 DAGs
[2025-02-15 14:09:21,572] {logging_mixin.py:104} INFO - [2025-02-15 14:09:21,571] {dag.py:2306} INFO - Setting next_dagrun for example_python_operator to None
[2025-02-15 14:09:21,593] {scheduler_job.py:190} INFO - Processing /home/airflow/.local/lib/python3.6/site-packages/airflow/example_dags/example_python_operator.py took 0.227 seconds
[2025-02-15 14:09:51,756] {scheduler_job.py:182} INFO - Started process (PID=644) to work on /home/airflow/.local/lib/python3.6/site-packages/airflow/example_dags/example_python_operator.py
[2025-02-15 14:09:51,758] {scheduler_job.py:633} INFO - Processing file /home/airflow/.local/lib/python3.6/site-packages/airflow/example_dags/example_python_operator.py for tasks to queue
[2025-02-15 14:09:51,760] {logging_mixin.py:104} INFO - [2025-02-15 14:09:51,760] {dagbag.py:496} INFO - Filling up the DagBag from /home/airflow/.local/lib/python3.6/site-packages/airflow/example_dags/example_python_operator.py
[2025-02-15 14:09:51,799] {scheduler_job.py:643} INFO - DAG(s) dict_keys(['example_python_operator']) retrieved from /home/airflow/.local/lib/python3.6/site-packages/airflow/example_dags/example_python_operator.py
[2025-02-15 14:09:51,836] {logging_mixin.py:104} INFO - [2025-02-15 14:09:51,835] {dag.py:1833} INFO - Sync 1 DAGs
[2025-02-15 14:09:51,859] {logging_mixin.py:104} INFO - [2025-02-15 14:09:51,859] {dag.py:2306} INFO - Setting next_dagrun for example_python_operator to None
[2025-02-15 14:09:51,881] {scheduler_job.py:190} INFO - Processing /home/airflow/.local/lib/python3.6/site-packages/airflow/example_dags/example_python_operator.py took 0.138 seconds
[2025-02-15 14:10:22,213] {scheduler_job.py:182} INFO - Started process (PID=705) to work on /home/airflow/.local/lib/python3.6/site-packages/airflow/example_dags/example_python_operator.py
[2025-02-15 14:10:22,214] {scheduler_job.py:633} INFO - Processing file /home/airflow/.local/lib/python3.6/site-packages/airflow/example_dags/example_python_operator.py for tasks to queue
[2025-02-15 14:10:22,215] {logging_mixin.py:104} INFO - [2025-02-15 14:10:22,215] {dagbag.py:496} INFO - Filling up the DagBag from /home/airflow/.local/lib/python3.6/site-packages/airflow/example_dags/example_python_operator.py
[2025-02-15 14:10:22,234] {scheduler_job.py:643} INFO - DAG(s) dict_keys(['example_python_operator']) retrieved from /home/airflow/.local/lib/python3.6/site-packages/airflow/example_dags/example_python_operator.py
[2025-02-15 14:10:22,269] {logging_mixin.py:104} INFO - [2025-02-15 14:10:22,269] {dag.py:1833} INFO - Sync 1 DAGs
[2025-02-15 14:10:22,289] {logging_mixin.py:104} INFO - [2025-02-15 14:10:22,288] {dag.py:2306} INFO - Setting next_dagrun for example_python_operator to None
[2025-02-15 14:10:22,305] {scheduler_job.py:190} INFO - Processing /home/airflow/.local/lib/python3.6/site-packages/airflow/example_dags/example_python_operator.py took 0.097 seconds
[2025-02-15 14:10:52,400] {scheduler_job.py:182} INFO - Started process (PID=757) to work on /home/airflow/.local/lib/python3.6/site-packages/airflow/example_dags/example_python_operator.py
[2025-02-15 14:10:52,401] {scheduler_job.py:633} INFO - Processing file /home/airflow/.local/lib/python3.6/site-packages/airflow/example_dags/example_python_operator.py for tasks to queue
[2025-02-15 14:10:52,401] {logging_mixin.py:104} INFO - [2025-02-15 14:10:52,401] {dagbag.py:496} INFO - Filling up the DagBag from /home/airflow/.local/lib/python3.6/site-packages/airflow/example_dags/example_python_operator.py
[2025-02-15 14:10:52,415] {scheduler_job.py:643} INFO - DAG(s) dict_keys(['example_python_operator']) retrieved from /home/airflow/.local/lib/python3.6/site-packages/airflow/example_dags/example_python_operator.py
[2025-02-15 14:10:52,442] {logging_mixin.py:104} INFO - [2025-02-15 14:10:52,442] {dag.py:1833} INFO - Sync 1 DAGs
[2025-02-15 14:10:52,458] {logging_mixin.py:104} INFO - [2025-02-15 14:10:52,458] {dag.py:2306} INFO - Setting next_dagrun for example_python_operator to None
[2025-02-15 14:10:52,472] {scheduler_job.py:190} INFO - Processing /home/airflow/.local/lib/python3.6/site-packages/airflow/example_dags/example_python_operator.py took 0.076 seconds
[2025-02-15 14:11:22,562] {scheduler_job.py:182} INFO - Started process (PID=818) to work on /home/airflow/.local/lib/python3.6/site-packages/airflow/example_dags/example_python_operator.py
[2025-02-15 14:11:22,564] {scheduler_job.py:633} INFO - Processing file /home/airflow/.local/lib/python3.6/site-packages/airflow/example_dags/example_python_operator.py for tasks to queue
[2025-02-15 14:11:22,565] {logging_mixin.py:104} INFO - [2025-02-15 14:11:22,565] {dagbag.py:496} INFO - Filling up the DagBag from /home/airflow/.local/lib/python3.6/site-packages/airflow/example_dags/example_python_operator.py
[2025-02-15 14:11:22,584] {scheduler_job.py:643} INFO - DAG(s) dict_keys(['example_python_operator']) retrieved from /home/airflow/.local/lib/python3.6/site-packages/airflow/example_dags/example_python_operator.py
[2025-02-15 14:11:22,630] {logging_mixin.py:104} INFO - [2025-02-15 14:11:22,630] {dag.py:1833} INFO - Sync 1 DAGs
[2025-02-15 14:11:22,663] {logging_mixin.py:104} INFO - [2025-02-15 14:11:22,662] {dag.py:2306} INFO - Setting next_dagrun for example_python_operator to None
[2025-02-15 14:11:22,682] {scheduler_job.py:190} INFO - Processing /home/airflow/.local/lib/python3.6/site-packages/airflow/example_dags/example_python_operator.py took 0.125 seconds
[2025-02-15 14:11:53,803] {scheduler_job.py:182} INFO - Started process (PID=871) to work on /home/airflow/.local/lib/python3.6/site-packages/airflow/example_dags/example_python_operator.py
[2025-02-15 14:11:53,805] {scheduler_job.py:633} INFO - Processing file /home/airflow/.local/lib/python3.6/site-packages/airflow/example_dags/example_python_operator.py for tasks to queue
[2025-02-15 14:11:53,806] {logging_mixin.py:104} INFO - [2025-02-15 14:11:53,805] {dagbag.py:496} INFO - Filling up the DagBag from /home/airflow/.local/lib/python3.6/site-packages/airflow/example_dags/example_python_operator.py
[2025-02-15 14:11:53,826] {scheduler_job.py:643} INFO - DAG(s) dict_keys(['example_python_operator']) retrieved from /home/airflow/.local/lib/python3.6/site-packages/airflow/example_dags/example_python_operator.py
[2025-02-15 14:11:53,868] {logging_mixin.py:104} INFO - [2025-02-15 14:11:53,867] {dag.py:1833} INFO - Sync 1 DAGs
[2025-02-15 14:11:53,900] {logging_mixin.py:104} INFO - [2025-02-15 14:11:53,900] {dag.py:2306} INFO - Setting next_dagrun for example_python_operator to None
[2025-02-15 14:11:53,920] {scheduler_job.py:190} INFO - Processing /home/airflow/.local/lib/python3.6/site-packages/airflow/example_dags/example_python_operator.py took 0.122 seconds
[2025-02-15 14:12:23,975] {scheduler_job.py:182} INFO - Started process (PID=934) to work on /home/airflow/.local/lib/python3.6/site-packages/airflow/example_dags/example_python_operator.py
[2025-02-15 14:12:23,976] {scheduler_job.py:633} INFO - Processing file /home/airflow/.local/lib/python3.6/site-packages/airflow/example_dags/example_python_operator.py for tasks to queue
[2025-02-15 14:12:23,977] {logging_mixin.py:104} INFO - [2025-02-15 14:12:23,977] {dagbag.py:496} INFO - Filling up the DagBag from /home/airflow/.local/lib/python3.6/site-packages/airflow/example_dags/example_python_operator.py
[2025-02-15 14:12:23,990] {scheduler_job.py:643} INFO - DAG(s) dict_keys(['example_python_operator']) retrieved from /home/airflow/.local/lib/python3.6/site-packages/airflow/example_dags/example_python_operator.py
[2025-02-15 14:12:24,017] {logging_mixin.py:104} INFO - [2025-02-15 14:12:24,017] {dag.py:1833} INFO - Sync 1 DAGs
[2025-02-15 14:12:24,033] {logging_mixin.py:104} INFO - [2025-02-15 14:12:24,033] {dag.py:2306} INFO - Setting next_dagrun for example_python_operator to None
[2025-02-15 14:12:24,047] {scheduler_job.py:190} INFO - Processing /home/airflow/.local/lib/python3.6/site-packages/airflow/example_dags/example_python_operator.py took 0.075 seconds
[2025-02-15 14:12:54,555] {scheduler_job.py:182} INFO - Started process (PID=986) to work on /home/airflow/.local/lib/python3.6/site-packages/airflow/example_dags/example_python_operator.py
[2025-02-15 14:12:54,556] {scheduler_job.py:633} INFO - Processing file /home/airflow/.local/lib/python3.6/site-packages/airflow/example_dags/example_python_operator.py for tasks to queue
[2025-02-15 14:12:54,557] {logging_mixin.py:104} INFO - [2025-02-15 14:12:54,557] {dagbag.py:496} INFO - Filling up the DagBag from /home/airflow/.local/lib/python3.6/site-packages/airflow/example_dags/example_python_operator.py
[2025-02-15 14:12:54,577] {scheduler_job.py:643} INFO - DAG(s) dict_keys(['example_python_operator']) retrieved from /home/airflow/.local/lib/python3.6/site-packages/airflow/example_dags/example_python_operator.py
[2025-02-15 14:12:54,618] {logging_mixin.py:104} INFO - [2025-02-15 14:12:54,618] {dag.py:1833} INFO - Sync 1 DAGs
[2025-02-15 14:12:54,642] {logging_mixin.py:104} INFO - [2025-02-15 14:12:54,642] {dag.py:2306} INFO - Setting next_dagrun for example_python_operator to None
[2025-02-15 14:12:54,656] {scheduler_job.py:190} INFO - Processing /home/airflow/.local/lib/python3.6/site-packages/airflow/example_dags/example_python_operator.py took 0.105 seconds
[2025-02-15 14:13:24,966] {scheduler_job.py:182} INFO - Started process (PID=1048) to work on /home/airflow/.local/lib/python3.6/site-packages/airflow/example_dags/example_python_operator.py
[2025-02-15 14:13:24,967] {scheduler_job.py:633} INFO - Processing file /home/airflow/.local/lib/python3.6/site-packages/airflow/example_dags/example_python_operator.py for tasks to queue
[2025-02-15 14:13:24,968] {logging_mixin.py:104} INFO - [2025-02-15 14:13:24,968] {dagbag.py:496} INFO - Filling up the DagBag from /home/airflow/.local/lib/python3.6/site-packages/airflow/example_dags/example_python_operator.py
[2025-02-15 14:13:24,985] {scheduler_job.py:643} INFO - DAG(s) dict_keys(['example_python_operator']) retrieved from /home/airflow/.local/lib/python3.6/site-packages/airflow/example_dags/example_python_operator.py
[2025-02-15 14:13:25,017] {logging_mixin.py:104} INFO - [2025-02-15 14:13:25,017] {dag.py:1833} INFO - Sync 1 DAGs
[2025-02-15 14:13:25,040] {logging_mixin.py:104} INFO - [2025-02-15 14:13:25,040] {dag.py:2306} INFO - Setting next_dagrun for example_python_operator to None
[2025-02-15 14:13:25,055] {scheduler_job.py:190} INFO - Processing /home/airflow/.local/lib/python3.6/site-packages/airflow/example_dags/example_python_operator.py took 0.093 seconds
[2025-02-15 14:13:55,520] {scheduler_job.py:182} INFO - Started process (PID=1100) to work on /home/airflow/.local/lib/python3.6/site-packages/airflow/example_dags/example_python_operator.py
[2025-02-15 14:13:55,521] {scheduler_job.py:633} INFO - Processing file /home/airflow/.local/lib/python3.6/site-packages/airflow/example_dags/example_python_operator.py for tasks to queue
[2025-02-15 14:13:55,522] {logging_mixin.py:104} INFO - [2025-02-15 14:13:55,522] {dagbag.py:496} INFO - Filling up the DagBag from /home/airflow/.local/lib/python3.6/site-packages/airflow/example_dags/example_python_operator.py
[2025-02-15 14:13:55,538] {scheduler_job.py:643} INFO - DAG(s) dict_keys(['example_python_operator']) retrieved from /home/airflow/.local/lib/python3.6/site-packages/airflow/example_dags/example_python_operator.py
[2025-02-15 14:13:55,565] {logging_mixin.py:104} INFO - [2025-02-15 14:13:55,564] {dag.py:1833} INFO - Sync 1 DAGs
[2025-02-15 14:13:55,582] {logging_mixin.py:104} INFO - [2025-02-15 14:13:55,582] {dag.py:2306} INFO - Setting next_dagrun for example_python_operator to None
[2025-02-15 14:13:55,594] {scheduler_job.py:190} INFO - Processing /home/airflow/.local/lib/python3.6/site-packages/airflow/example_dags/example_python_operator.py took 0.078 seconds
[2025-02-15 14:15:08,302] {scheduler_job.py:182} INFO - Started process (PID=68) to work on /home/airflow/.local/lib/python3.6/site-packages/airflow/example_dags/example_python_operator.py
[2025-02-15 14:15:08,304] {scheduler_job.py:633} INFO - Processing file /home/airflow/.local/lib/python3.6/site-packages/airflow/example_dags/example_python_operator.py for tasks to queue
[2025-02-15 14:15:08,306] {logging_mixin.py:104} INFO - [2025-02-15 14:15:08,306] {dagbag.py:496} INFO - Filling up the DagBag from /home/airflow/.local/lib/python3.6/site-packages/airflow/example_dags/example_python_operator.py
[2025-02-15 14:15:08,383] {scheduler_job.py:643} INFO - DAG(s) dict_keys(['example_python_operator']) retrieved from /home/airflow/.local/lib/python3.6/site-packages/airflow/example_dags/example_python_operator.py
[2025-02-15 14:15:08,509] {logging_mixin.py:104} INFO - [2025-02-15 14:15:08,508] {dag.py:1833} INFO - Sync 1 DAGs
[2025-02-15 14:15:08,615] {logging_mixin.py:104} INFO - [2025-02-15 14:15:08,615] {dag.py:2306} INFO - Setting next_dagrun for example_python_operator to None
[2025-02-15 14:15:08,689] {scheduler_job.py:190} INFO - Processing /home/airflow/.local/lib/python3.6/site-packages/airflow/example_dags/example_python_operator.py took 0.396 seconds
[2025-02-15 14:15:40,991] {scheduler_job.py:182} INFO - Started process (PID=120) to work on /home/airflow/.local/lib/python3.6/site-packages/airflow/example_dags/example_python_operator.py
[2025-02-15 14:15:42,530] {scheduler_job.py:633} INFO - Processing file /home/airflow/.local/lib/python3.6/site-packages/airflow/example_dags/example_python_operator.py for tasks to queue
[2025-02-15 14:15:42,543] {logging_mixin.py:104} INFO - [2025-02-15 14:15:42,542] {dagbag.py:496} INFO - Filling up the DagBag from /home/airflow/.local/lib/python3.6/site-packages/airflow/example_dags/example_python_operator.py
[2025-02-15 14:15:42,680] {scheduler_job.py:643} INFO - DAG(s) dict_keys(['example_python_operator']) retrieved from /home/airflow/.local/lib/python3.6/site-packages/airflow/example_dags/example_python_operator.py
[2025-02-15 14:15:43,003] {logging_mixin.py:104} INFO - [2025-02-15 14:15:43,002] {dag.py:1833} INFO - Sync 1 DAGs
[2025-02-15 14:15:43,103] {logging_mixin.py:104} INFO - [2025-02-15 14:15:43,103] {dag.py:2306} INFO - Setting next_dagrun for example_python_operator to None
[2025-02-15 14:15:43,203] {scheduler_job.py:190} INFO - Processing /home/airflow/.local/lib/python3.6/site-packages/airflow/example_dags/example_python_operator.py took 2.220 seconds
[2025-02-15 14:21:16,287] {scheduler_job.py:182} INFO - Started process (PID=174) to work on /home/airflow/.local/lib/python3.6/site-packages/airflow/example_dags/example_python_operator.py
[2025-02-15 14:21:16,319] {scheduler_job.py:633} INFO - Processing file /home/airflow/.local/lib/python3.6/site-packages/airflow/example_dags/example_python_operator.py for tasks to queue
[2025-02-15 14:21:16,320] {logging_mixin.py:104} INFO - [2025-02-15 14:21:16,320] {dagbag.py:496} INFO - Filling up the DagBag from /home/airflow/.local/lib/python3.6/site-packages/airflow/example_dags/example_python_operator.py
[2025-02-15 14:21:16,362] {scheduler_job.py:643} INFO - DAG(s) dict_keys(['example_python_operator']) retrieved from /home/airflow/.local/lib/python3.6/site-packages/airflow/example_dags/example_python_operator.py
[2025-02-15 14:21:16,433] {logging_mixin.py:104} INFO - [2025-02-15 14:21:16,432] {dag.py:1833} INFO - Sync 1 DAGs
[2025-02-15 14:21:16,465] {logging_mixin.py:104} INFO - [2025-02-15 14:21:16,465] {dag.py:2306} INFO - Setting next_dagrun for example_python_operator to None
[2025-02-15 14:21:16,510] {scheduler_job.py:190} INFO - Processing /home/airflow/.local/lib/python3.6/site-packages/airflow/example_dags/example_python_operator.py took 0.236 seconds
[2025-02-15 14:21:48,646] {scheduler_job.py:182} INFO - Started process (PID=217) to work on /home/airflow/.local/lib/python3.6/site-packages/airflow/example_dags/example_python_operator.py
[2025-02-15 14:21:48,650] {scheduler_job.py:633} INFO - Processing file /home/airflow/.local/lib/python3.6/site-packages/airflow/example_dags/example_python_operator.py for tasks to queue
[2025-02-15 14:21:48,654] {logging_mixin.py:104} INFO - [2025-02-15 14:21:48,653] {dagbag.py:496} INFO - Filling up the DagBag from /home/airflow/.local/lib/python3.6/site-packages/airflow/example_dags/example_python_operator.py
[2025-02-15 14:21:48,732] {scheduler_job.py:643} INFO - DAG(s) dict_keys(['example_python_operator']) retrieved from /home/airflow/.local/lib/python3.6/site-packages/airflow/example_dags/example_python_operator.py
[2025-02-15 14:21:48,813] {logging_mixin.py:104} INFO - [2025-02-15 14:21:48,813] {dag.py:1833} INFO - Sync 1 DAGs
[2025-02-15 14:21:48,857] {logging_mixin.py:104} INFO - [2025-02-15 14:21:48,856] {dag.py:2306} INFO - Setting next_dagrun for example_python_operator to None
[2025-02-15 14:21:48,886] {scheduler_job.py:190} INFO - Processing /home/airflow/.local/lib/python3.6/site-packages/airflow/example_dags/example_python_operator.py took 0.255 seconds
[2025-02-15 14:22:19,780] {scheduler_job.py:182} INFO - Started process (PID=268) to work on /home/airflow/.local/lib/python3.6/site-packages/airflow/example_dags/example_python_operator.py
[2025-02-15 14:22:19,783] {scheduler_job.py:633} INFO - Processing file /home/airflow/.local/lib/python3.6/site-packages/airflow/example_dags/example_python_operator.py for tasks to queue
[2025-02-15 14:22:19,785] {logging_mixin.py:104} INFO - [2025-02-15 14:22:19,784] {dagbag.py:496} INFO - Filling up the DagBag from /home/airflow/.local/lib/python3.6/site-packages/airflow/example_dags/example_python_operator.py
[2025-02-15 14:22:19,820] {scheduler_job.py:643} INFO - DAG(s) dict_keys(['example_python_operator']) retrieved from /home/airflow/.local/lib/python3.6/site-packages/airflow/example_dags/example_python_operator.py
[2025-02-15 14:22:19,887] {logging_mixin.py:104} INFO - [2025-02-15 14:22:19,886] {dag.py:1833} INFO - Sync 1 DAGs
[2025-02-15 14:22:19,913] {logging_mixin.py:104} INFO - [2025-02-15 14:22:19,913] {dag.py:2306} INFO - Setting next_dagrun for example_python_operator to None
[2025-02-15 14:22:19,946] {scheduler_job.py:190} INFO - Processing /home/airflow/.local/lib/python3.6/site-packages/airflow/example_dags/example_python_operator.py took 0.174 seconds
[2025-02-15 14:22:51,598] {scheduler_job.py:182} INFO - Started process (PID=320) to work on /home/airflow/.local/lib/python3.6/site-packages/airflow/example_dags/example_python_operator.py
[2025-02-15 14:22:51,601] {scheduler_job.py:633} INFO - Processing file /home/airflow/.local/lib/python3.6/site-packages/airflow/example_dags/example_python_operator.py for tasks to queue
[2025-02-15 14:22:51,603] {logging_mixin.py:104} INFO - [2025-02-15 14:22:51,603] {dagbag.py:496} INFO - Filling up the DagBag from /home/airflow/.local/lib/python3.6/site-packages/airflow/example_dags/example_python_operator.py
[2025-02-15 14:22:51,645] {scheduler_job.py:643} INFO - DAG(s) dict_keys(['example_python_operator']) retrieved from /home/airflow/.local/lib/python3.6/site-packages/airflow/example_dags/example_python_operator.py
[2025-02-15 14:22:51,707] {logging_mixin.py:104} INFO - [2025-02-15 14:22:51,707] {dag.py:1833} INFO - Sync 1 DAGs
[2025-02-15 14:22:51,735] {logging_mixin.py:104} INFO - [2025-02-15 14:22:51,735] {dag.py:2306} INFO - Setting next_dagrun for example_python_operator to None
[2025-02-15 14:22:51,758] {scheduler_job.py:190} INFO - Processing /home/airflow/.local/lib/python3.6/site-packages/airflow/example_dags/example_python_operator.py took 0.168 seconds
[2025-02-15 14:25:03,837] {scheduler_job.py:182} INFO - Started process (PID=67) to work on /home/airflow/.local/lib/python3.6/site-packages/airflow/example_dags/example_python_operator.py
[2025-02-15 14:25:03,840] {scheduler_job.py:633} INFO - Processing file /home/airflow/.local/lib/python3.6/site-packages/airflow/example_dags/example_python_operator.py for tasks to queue
[2025-02-15 14:25:03,843] {logging_mixin.py:104} INFO - [2025-02-15 14:25:03,843] {dagbag.py:496} INFO - Filling up the DagBag from /home/airflow/.local/lib/python3.6/site-packages/airflow/example_dags/example_python_operator.py
[2025-02-15 14:25:03,904] {scheduler_job.py:643} INFO - DAG(s) dict_keys(['example_python_operator']) retrieved from /home/airflow/.local/lib/python3.6/site-packages/airflow/example_dags/example_python_operator.py
[2025-02-15 14:25:04,000] {logging_mixin.py:104} INFO - [2025-02-15 14:25:03,999] {dag.py:1833} INFO - Sync 1 DAGs
[2025-02-15 14:25:04,054] {logging_mixin.py:104} INFO - [2025-02-15 14:25:04,054] {dag.py:2306} INFO - Setting next_dagrun for example_python_operator to None
[2025-02-15 14:25:04,087] {scheduler_job.py:190} INFO - Processing /home/airflow/.local/lib/python3.6/site-packages/airflow/example_dags/example_python_operator.py took 0.265 seconds
[2025-02-15 14:25:35,191] {scheduler_job.py:182} INFO - Started process (PID=119) to work on /home/airflow/.local/lib/python3.6/site-packages/airflow/example_dags/example_python_operator.py
[2025-02-15 14:25:35,195] {scheduler_job.py:633} INFO - Processing file /home/airflow/.local/lib/python3.6/site-packages/airflow/example_dags/example_python_operator.py for tasks to queue
[2025-02-15 14:25:35,198] {logging_mixin.py:104} INFO - [2025-02-15 14:25:35,198] {dagbag.py:496} INFO - Filling up the DagBag from /home/airflow/.local/lib/python3.6/site-packages/airflow/example_dags/example_python_operator.py
[2025-02-15 14:25:35,240] {scheduler_job.py:643} INFO - DAG(s) dict_keys(['example_python_operator']) retrieved from /home/airflow/.local/lib/python3.6/site-packages/airflow/example_dags/example_python_operator.py
[2025-02-15 14:25:35,315] {logging_mixin.py:104} INFO - [2025-02-15 14:25:35,315] {dag.py:1833} INFO - Sync 1 DAGs
[2025-02-15 14:25:35,364] {logging_mixin.py:104} INFO - [2025-02-15 14:25:35,363] {dag.py:2306} INFO - Setting next_dagrun for example_python_operator to None
[2025-02-15 14:25:35,398] {scheduler_job.py:190} INFO - Processing /home/airflow/.local/lib/python3.6/site-packages/airflow/example_dags/example_python_operator.py took 0.216 seconds
[2025-02-15 14:26:05,455] {scheduler_job.py:182} INFO - Started process (PID=172) to work on /home/airflow/.local/lib/python3.6/site-packages/airflow/example_dags/example_python_operator.py
[2025-02-15 14:26:05,456] {scheduler_job.py:633} INFO - Processing file /home/airflow/.local/lib/python3.6/site-packages/airflow/example_dags/example_python_operator.py for tasks to queue
[2025-02-15 14:26:05,457] {logging_mixin.py:104} INFO - [2025-02-15 14:26:05,456] {dagbag.py:496} INFO - Filling up the DagBag from /home/airflow/.local/lib/python3.6/site-packages/airflow/example_dags/example_python_operator.py
[2025-02-15 14:26:05,474] {scheduler_job.py:643} INFO - DAG(s) dict_keys(['example_python_operator']) retrieved from /home/airflow/.local/lib/python3.6/site-packages/airflow/example_dags/example_python_operator.py
[2025-02-15 14:26:05,504] {logging_mixin.py:104} INFO - [2025-02-15 14:26:05,504] {dag.py:1833} INFO - Sync 1 DAGs
[2025-02-15 14:26:05,521] {logging_mixin.py:104} INFO - [2025-02-15 14:26:05,521] {dag.py:2306} INFO - Setting next_dagrun for example_python_operator to None
[2025-02-15 14:26:05,533] {scheduler_job.py:190} INFO - Processing /home/airflow/.local/lib/python3.6/site-packages/airflow/example_dags/example_python_operator.py took 0.082 seconds
[2025-02-15 14:26:36,973] {scheduler_job.py:182} INFO - Started process (PID=224) to work on /home/airflow/.local/lib/python3.6/site-packages/airflow/example_dags/example_python_operator.py
[2025-02-15 14:26:36,975] {scheduler_job.py:633} INFO - Processing file /home/airflow/.local/lib/python3.6/site-packages/airflow/example_dags/example_python_operator.py for tasks to queue
[2025-02-15 14:26:36,976] {logging_mixin.py:104} INFO - [2025-02-15 14:26:36,976] {dagbag.py:496} INFO - Filling up the DagBag from /home/airflow/.local/lib/python3.6/site-packages/airflow/example_dags/example_python_operator.py
[2025-02-15 14:26:36,993] {scheduler_job.py:643} INFO - DAG(s) dict_keys(['example_python_operator']) retrieved from /home/airflow/.local/lib/python3.6/site-packages/airflow/example_dags/example_python_operator.py
[2025-02-15 14:26:37,026] {logging_mixin.py:104} INFO - [2025-02-15 14:26:37,025] {dag.py:1833} INFO - Sync 1 DAGs
[2025-02-15 14:26:37,045] {logging_mixin.py:104} INFO - [2025-02-15 14:26:37,045] {dag.py:2306} INFO - Setting next_dagrun for example_python_operator to None
[2025-02-15 14:26:37,062] {scheduler_job.py:190} INFO - Processing /home/airflow/.local/lib/python3.6/site-packages/airflow/example_dags/example_python_operator.py took 0.094 seconds
[2025-02-15 14:27:07,632] {scheduler_job.py:182} INFO - Started process (PID=286) to work on /home/airflow/.local/lib/python3.6/site-packages/airflow/example_dags/example_python_operator.py
[2025-02-15 14:27:07,634] {scheduler_job.py:633} INFO - Processing file /home/airflow/.local/lib/python3.6/site-packages/airflow/example_dags/example_python_operator.py for tasks to queue
[2025-02-15 14:27:07,635] {logging_mixin.py:104} INFO - [2025-02-15 14:27:07,635] {dagbag.py:496} INFO - Filling up the DagBag from /home/airflow/.local/lib/python3.6/site-packages/airflow/example_dags/example_python_operator.py
[2025-02-15 14:27:07,648] {scheduler_job.py:643} INFO - DAG(s) dict_keys(['example_python_operator']) retrieved from /home/airflow/.local/lib/python3.6/site-packages/airflow/example_dags/example_python_operator.py
[2025-02-15 14:27:07,674] {logging_mixin.py:104} INFO - [2025-02-15 14:27:07,674] {dag.py:1833} INFO - Sync 1 DAGs
[2025-02-15 14:27:07,689] {logging_mixin.py:104} INFO - [2025-02-15 14:27:07,689] {dag.py:2306} INFO - Setting next_dagrun for example_python_operator to None
[2025-02-15 14:27:07,704] {scheduler_job.py:190} INFO - Processing /home/airflow/.local/lib/python3.6/site-packages/airflow/example_dags/example_python_operator.py took 0.075 seconds
[2025-02-15 14:27:38,303] {scheduler_job.py:182} INFO - Started process (PID=338) to work on /home/airflow/.local/lib/python3.6/site-packages/airflow/example_dags/example_python_operator.py
[2025-02-15 14:27:38,305] {scheduler_job.py:633} INFO - Processing file /home/airflow/.local/lib/python3.6/site-packages/airflow/example_dags/example_python_operator.py for tasks to queue
[2025-02-15 14:27:38,306] {logging_mixin.py:104} INFO - [2025-02-15 14:27:38,306] {dagbag.py:496} INFO - Filling up the DagBag from /home/airflow/.local/lib/python3.6/site-packages/airflow/example_dags/example_python_operator.py
[2025-02-15 14:27:38,324] {scheduler_job.py:643} INFO - DAG(s) dict_keys(['example_python_operator']) retrieved from /home/airflow/.local/lib/python3.6/site-packages/airflow/example_dags/example_python_operator.py
[2025-02-15 14:27:38,351] {logging_mixin.py:104} INFO - [2025-02-15 14:27:38,351] {dag.py:1833} INFO - Sync 1 DAGs
[2025-02-15 14:27:38,367] {logging_mixin.py:104} INFO - [2025-02-15 14:27:38,367] {dag.py:2306} INFO - Setting next_dagrun for example_python_operator to None
[2025-02-15 14:27:38,382] {scheduler_job.py:190} INFO - Processing /home/airflow/.local/lib/python3.6/site-packages/airflow/example_dags/example_python_operator.py took 0.085 seconds
[2025-02-15 14:28:08,405] {scheduler_job.py:182} INFO - Started process (PID=400) to work on /home/airflow/.local/lib/python3.6/site-packages/airflow/example_dags/example_python_operator.py
[2025-02-15 14:28:08,406] {scheduler_job.py:633} INFO - Processing file /home/airflow/.local/lib/python3.6/site-packages/airflow/example_dags/example_python_operator.py for tasks to queue
[2025-02-15 14:28:08,407] {logging_mixin.py:104} INFO - [2025-02-15 14:28:08,407] {dagbag.py:496} INFO - Filling up the DagBag from /home/airflow/.local/lib/python3.6/site-packages/airflow/example_dags/example_python_operator.py
[2025-02-15 14:28:08,420] {scheduler_job.py:643} INFO - DAG(s) dict_keys(['example_python_operator']) retrieved from /home/airflow/.local/lib/python3.6/site-packages/airflow/example_dags/example_python_operator.py
[2025-02-15 14:28:08,448] {logging_mixin.py:104} INFO - [2025-02-15 14:28:08,448] {dag.py:1833} INFO - Sync 1 DAGs
[2025-02-15 14:28:08,471] {logging_mixin.py:104} INFO - [2025-02-15 14:28:08,471] {dag.py:2306} INFO - Setting next_dagrun for example_python_operator to None
[2025-02-15 14:28:08,487] {scheduler_job.py:190} INFO - Processing /home/airflow/.local/lib/python3.6/site-packages/airflow/example_dags/example_python_operator.py took 0.085 seconds
[2025-02-15 14:28:39,334] {scheduler_job.py:182} INFO - Started process (PID=452) to work on /home/airflow/.local/lib/python3.6/site-packages/airflow/example_dags/example_python_operator.py
[2025-02-15 14:28:39,336] {scheduler_job.py:633} INFO - Processing file /home/airflow/.local/lib/python3.6/site-packages/airflow/example_dags/example_python_operator.py for tasks to queue
[2025-02-15 14:28:39,337] {logging_mixin.py:104} INFO - [2025-02-15 14:28:39,337] {dagbag.py:496} INFO - Filling up the DagBag from /home/airflow/.local/lib/python3.6/site-packages/airflow/example_dags/example_python_operator.py
[2025-02-15 14:28:39,356] {scheduler_job.py:643} INFO - DAG(s) dict_keys(['example_python_operator']) retrieved from /home/airflow/.local/lib/python3.6/site-packages/airflow/example_dags/example_python_operator.py
[2025-02-15 14:28:39,396] {logging_mixin.py:104} INFO - [2025-02-15 14:28:39,396] {dag.py:1833} INFO - Sync 1 DAGs
[2025-02-15 14:28:39,418] {logging_mixin.py:104} INFO - [2025-02-15 14:28:39,418] {dag.py:2306} INFO - Setting next_dagrun for example_python_operator to None
[2025-02-15 14:28:39,436] {scheduler_job.py:190} INFO - Processing /home/airflow/.local/lib/python3.6/site-packages/airflow/example_dags/example_python_operator.py took 0.106 seconds
[2025-02-15 14:29:09,796] {scheduler_job.py:182} INFO - Started process (PID=513) to work on /home/airflow/.local/lib/python3.6/site-packages/airflow/example_dags/example_python_operator.py
[2025-02-15 14:29:09,799] {scheduler_job.py:633} INFO - Processing file /home/airflow/.local/lib/python3.6/site-packages/airflow/example_dags/example_python_operator.py for tasks to queue
[2025-02-15 14:29:09,800] {logging_mixin.py:104} INFO - [2025-02-15 14:29:09,800] {dagbag.py:496} INFO - Filling up the DagBag from /home/airflow/.local/lib/python3.6/site-packages/airflow/example_dags/example_python_operator.py
[2025-02-15 14:29:09,827] {scheduler_job.py:643} INFO - DAG(s) dict_keys(['example_python_operator']) retrieved from /home/airflow/.local/lib/python3.6/site-packages/airflow/example_dags/example_python_operator.py
[2025-02-15 14:29:09,880] {logging_mixin.py:104} INFO - [2025-02-15 14:29:09,880] {dag.py:1833} INFO - Sync 1 DAGs
[2025-02-15 14:29:09,915] {logging_mixin.py:104} INFO - [2025-02-15 14:29:09,914] {dag.py:2306} INFO - Setting next_dagrun for example_python_operator to None
[2025-02-15 14:29:09,938] {scheduler_job.py:190} INFO - Processing /home/airflow/.local/lib/python3.6/site-packages/airflow/example_dags/example_python_operator.py took 0.149 seconds
[2025-02-15 14:29:40,102] {scheduler_job.py:182} INFO - Started process (PID=565) to work on /home/airflow/.local/lib/python3.6/site-packages/airflow/example_dags/example_python_operator.py
[2025-02-15 14:29:40,103] {scheduler_job.py:633} INFO - Processing file /home/airflow/.local/lib/python3.6/site-packages/airflow/example_dags/example_python_operator.py for tasks to queue
[2025-02-15 14:29:40,104] {logging_mixin.py:104} INFO - [2025-02-15 14:29:40,104] {dagbag.py:496} INFO - Filling up the DagBag from /home/airflow/.local/lib/python3.6/site-packages/airflow/example_dags/example_python_operator.py
[2025-02-15 14:29:40,123] {scheduler_job.py:643} INFO - DAG(s) dict_keys(['example_python_operator']) retrieved from /home/airflow/.local/lib/python3.6/site-packages/airflow/example_dags/example_python_operator.py
[2025-02-15 14:29:40,159] {logging_mixin.py:104} INFO - [2025-02-15 14:29:40,159] {dag.py:1833} INFO - Sync 1 DAGs
[2025-02-15 14:29:40,179] {logging_mixin.py:104} INFO - [2025-02-15 14:29:40,179] {dag.py:2306} INFO - Setting next_dagrun for example_python_operator to None
[2025-02-15 14:29:40,193] {scheduler_job.py:190} INFO - Processing /home/airflow/.local/lib/python3.6/site-packages/airflow/example_dags/example_python_operator.py took 0.096 seconds
[2025-02-15 14:30:10,278] {scheduler_job.py:182} INFO - Started process (PID=616) to work on /home/airflow/.local/lib/python3.6/site-packages/airflow/example_dags/example_python_operator.py
[2025-02-15 14:30:10,281] {scheduler_job.py:633} INFO - Processing file /home/airflow/.local/lib/python3.6/site-packages/airflow/example_dags/example_python_operator.py for tasks to queue
[2025-02-15 14:30:10,282] {logging_mixin.py:104} INFO - [2025-02-15 14:30:10,282] {dagbag.py:496} INFO - Filling up the DagBag from /home/airflow/.local/lib/python3.6/site-packages/airflow/example_dags/example_python_operator.py
[2025-02-15 14:30:10,316] {scheduler_job.py:643} INFO - DAG(s) dict_keys(['example_python_operator']) retrieved from /home/airflow/.local/lib/python3.6/site-packages/airflow/example_dags/example_python_operator.py
[2025-02-15 14:30:10,382] {logging_mixin.py:104} INFO - [2025-02-15 14:30:10,382] {dag.py:1833} INFO - Sync 1 DAGs
[2025-02-15 14:30:10,425] {logging_mixin.py:104} INFO - [2025-02-15 14:30:10,425] {dag.py:2306} INFO - Setting next_dagrun for example_python_operator to None
[2025-02-15 14:30:10,454] {scheduler_job.py:190} INFO - Processing /home/airflow/.local/lib/python3.6/site-packages/airflow/example_dags/example_python_operator.py took 0.184 seconds
[2025-02-15 14:30:42,047] {scheduler_job.py:182} INFO - Started process (PID=676) to work on /home/airflow/.local/lib/python3.6/site-packages/airflow/example_dags/example_python_operator.py
[2025-02-15 14:30:42,049] {scheduler_job.py:633} INFO - Processing file /home/airflow/.local/lib/python3.6/site-packages/airflow/example_dags/example_python_operator.py for tasks to queue
[2025-02-15 14:30:42,051] {logging_mixin.py:104} INFO - [2025-02-15 14:30:42,050] {dagbag.py:496} INFO - Filling up the DagBag from /home/airflow/.local/lib/python3.6/site-packages/airflow/example_dags/example_python_operator.py
[2025-02-15 14:30:42,098] {scheduler_job.py:643} INFO - DAG(s) dict_keys(['example_python_operator']) retrieved from /home/airflow/.local/lib/python3.6/site-packages/airflow/example_dags/example_python_operator.py
[2025-02-15 14:30:42,179] {logging_mixin.py:104} INFO - [2025-02-15 14:30:42,179] {dag.py:1833} INFO - Sync 1 DAGs
[2025-02-15 14:30:42,216] {logging_mixin.py:104} INFO - [2025-02-15 14:30:42,216] {dag.py:2306} INFO - Setting next_dagrun for example_python_operator to None
[2025-02-15 14:30:42,247] {scheduler_job.py:190} INFO - Processing /home/airflow/.local/lib/python3.6/site-packages/airflow/example_dags/example_python_operator.py took 0.211 seconds
[2025-02-15 14:31:12,605] {scheduler_job.py:182} INFO - Started process (PID=731) to work on /home/airflow/.local/lib/python3.6/site-packages/airflow/example_dags/example_python_operator.py
[2025-02-15 14:31:12,606] {scheduler_job.py:633} INFO - Processing file /home/airflow/.local/lib/python3.6/site-packages/airflow/example_dags/example_python_operator.py for tasks to queue
[2025-02-15 14:31:12,607] {logging_mixin.py:104} INFO - [2025-02-15 14:31:12,607] {dagbag.py:496} INFO - Filling up the DagBag from /home/airflow/.local/lib/python3.6/site-packages/airflow/example_dags/example_python_operator.py
[2025-02-15 14:31:12,619] {scheduler_job.py:643} INFO - DAG(s) dict_keys(['example_python_operator']) retrieved from /home/airflow/.local/lib/python3.6/site-packages/airflow/example_dags/example_python_operator.py
[2025-02-15 14:31:12,644] {logging_mixin.py:104} INFO - [2025-02-15 14:31:12,644] {dag.py:1833} INFO - Sync 1 DAGs
[2025-02-15 14:31:12,657] {logging_mixin.py:104} INFO - [2025-02-15 14:31:12,657] {dag.py:2306} INFO - Setting next_dagrun for example_python_operator to None
[2025-02-15 14:31:12,667] {scheduler_job.py:190} INFO - Processing /home/airflow/.local/lib/python3.6/site-packages/airflow/example_dags/example_python_operator.py took 0.065 seconds
[2025-02-15 14:31:42,928] {scheduler_job.py:182} INFO - Started process (PID=783) to work on /home/airflow/.local/lib/python3.6/site-packages/airflow/example_dags/example_python_operator.py
[2025-02-15 14:31:42,929] {scheduler_job.py:633} INFO - Processing file /home/airflow/.local/lib/python3.6/site-packages/airflow/example_dags/example_python_operator.py for tasks to queue
[2025-02-15 14:31:42,929] {logging_mixin.py:104} INFO - [2025-02-15 14:31:42,929] {dagbag.py:496} INFO - Filling up the DagBag from /home/airflow/.local/lib/python3.6/site-packages/airflow/example_dags/example_python_operator.py
[2025-02-15 14:31:42,940] {scheduler_job.py:643} INFO - DAG(s) dict_keys(['example_python_operator']) retrieved from /home/airflow/.local/lib/python3.6/site-packages/airflow/example_dags/example_python_operator.py
[2025-02-15 14:31:42,965] {logging_mixin.py:104} INFO - [2025-02-15 14:31:42,965] {dag.py:1833} INFO - Sync 1 DAGs
[2025-02-15 14:31:42,978] {logging_mixin.py:104} INFO - [2025-02-15 14:31:42,978] {dag.py:2306} INFO - Setting next_dagrun for example_python_operator to None
[2025-02-15 14:31:42,989] {scheduler_job.py:190} INFO - Processing /home/airflow/.local/lib/python3.6/site-packages/airflow/example_dags/example_python_operator.py took 0.065 seconds
[2025-02-15 14:32:13,401] {scheduler_job.py:182} INFO - Started process (PID=845) to work on /home/airflow/.local/lib/python3.6/site-packages/airflow/example_dags/example_python_operator.py
[2025-02-15 14:32:13,403] {scheduler_job.py:633} INFO - Processing file /home/airflow/.local/lib/python3.6/site-packages/airflow/example_dags/example_python_operator.py for tasks to queue
[2025-02-15 14:32:13,405] {logging_mixin.py:104} INFO - [2025-02-15 14:32:13,405] {dagbag.py:496} INFO - Filling up the DagBag from /home/airflow/.local/lib/python3.6/site-packages/airflow/example_dags/example_python_operator.py
[2025-02-15 14:32:13,427] {scheduler_job.py:643} INFO - DAG(s) dict_keys(['example_python_operator']) retrieved from /home/airflow/.local/lib/python3.6/site-packages/airflow/example_dags/example_python_operator.py
[2025-02-15 14:32:13,472] {logging_mixin.py:104} INFO - [2025-02-15 14:32:13,471] {dag.py:1833} INFO - Sync 1 DAGs
[2025-02-15 14:32:13,503] {logging_mixin.py:104} INFO - [2025-02-15 14:32:13,503] {dag.py:2306} INFO - Setting next_dagrun for example_python_operator to None
[2025-02-15 14:32:13,521] {scheduler_job.py:190} INFO - Processing /home/airflow/.local/lib/python3.6/site-packages/airflow/example_dags/example_python_operator.py took 0.126 seconds
[2025-02-15 14:32:44,279] {scheduler_job.py:182} INFO - Started process (PID=897) to work on /home/airflow/.local/lib/python3.6/site-packages/airflow/example_dags/example_python_operator.py
[2025-02-15 14:32:44,281] {scheduler_job.py:633} INFO - Processing file /home/airflow/.local/lib/python3.6/site-packages/airflow/example_dags/example_python_operator.py for tasks to queue
[2025-02-15 14:32:44,282] {logging_mixin.py:104} INFO - [2025-02-15 14:32:44,282] {dagbag.py:496} INFO - Filling up the DagBag from /home/airflow/.local/lib/python3.6/site-packages/airflow/example_dags/example_python_operator.py
[2025-02-15 14:32:44,310] {scheduler_job.py:643} INFO - DAG(s) dict_keys(['example_python_operator']) retrieved from /home/airflow/.local/lib/python3.6/site-packages/airflow/example_dags/example_python_operator.py
[2025-02-15 14:32:44,365] {logging_mixin.py:104} INFO - [2025-02-15 14:32:44,365] {dag.py:1833} INFO - Sync 1 DAGs
[2025-02-15 14:32:44,395] {logging_mixin.py:104} INFO - [2025-02-15 14:32:44,395] {dag.py:2306} INFO - Setting next_dagrun for example_python_operator to None
[2025-02-15 14:32:44,417] {scheduler_job.py:190} INFO - Processing /home/airflow/.local/lib/python3.6/site-packages/airflow/example_dags/example_python_operator.py took 0.144 seconds
[2025-02-15 14:33:14,872] {scheduler_job.py:182} INFO - Started process (PID=949) to work on /home/airflow/.local/lib/python3.6/site-packages/airflow/example_dags/example_python_operator.py
[2025-02-15 14:33:14,873] {scheduler_job.py:633} INFO - Processing file /home/airflow/.local/lib/python3.6/site-packages/airflow/example_dags/example_python_operator.py for tasks to queue
[2025-02-15 14:33:14,874] {logging_mixin.py:104} INFO - [2025-02-15 14:33:14,874] {dagbag.py:496} INFO - Filling up the DagBag from /home/airflow/.local/lib/python3.6/site-packages/airflow/example_dags/example_python_operator.py
[2025-02-15 14:33:14,886] {scheduler_job.py:643} INFO - DAG(s) dict_keys(['example_python_operator']) retrieved from /home/airflow/.local/lib/python3.6/site-packages/airflow/example_dags/example_python_operator.py
[2025-02-15 14:33:14,912] {logging_mixin.py:104} INFO - [2025-02-15 14:33:14,912] {dag.py:1833} INFO - Sync 1 DAGs
[2025-02-15 14:33:14,929] {logging_mixin.py:104} INFO - [2025-02-15 14:33:14,929] {dag.py:2306} INFO - Setting next_dagrun for example_python_operator to None
[2025-02-15 14:33:14,944] {scheduler_job.py:190} INFO - Processing /home/airflow/.local/lib/python3.6/site-packages/airflow/example_dags/example_python_operator.py took 0.075 seconds
[2025-02-15 14:33:46,132] {scheduler_job.py:182} INFO - Started process (PID=1011) to work on /home/airflow/.local/lib/python3.6/site-packages/airflow/example_dags/example_python_operator.py
[2025-02-15 14:33:46,133] {scheduler_job.py:633} INFO - Processing file /home/airflow/.local/lib/python3.6/site-packages/airflow/example_dags/example_python_operator.py for tasks to queue
[2025-02-15 14:33:46,134] {logging_mixin.py:104} INFO - [2025-02-15 14:33:46,133] {dagbag.py:496} INFO - Filling up the DagBag from /home/airflow/.local/lib/python3.6/site-packages/airflow/example_dags/example_python_operator.py
[2025-02-15 14:33:46,152] {scheduler_job.py:643} INFO - DAG(s) dict_keys(['example_python_operator']) retrieved from /home/airflow/.local/lib/python3.6/site-packages/airflow/example_dags/example_python_operator.py
[2025-02-15 14:33:46,182] {logging_mixin.py:104} INFO - [2025-02-15 14:33:46,182] {dag.py:1833} INFO - Sync 1 DAGs
[2025-02-15 14:33:46,203] {logging_mixin.py:104} INFO - [2025-02-15 14:33:46,203] {dag.py:2306} INFO - Setting next_dagrun for example_python_operator to None
[2025-02-15 14:33:46,219] {scheduler_job.py:190} INFO - Processing /home/airflow/.local/lib/python3.6/site-packages/airflow/example_dags/example_python_operator.py took 0.091 seconds
[2025-02-15 14:34:16,657] {scheduler_job.py:182} INFO - Started process (PID=1063) to work on /home/airflow/.local/lib/python3.6/site-packages/airflow/example_dags/example_python_operator.py
[2025-02-15 14:34:16,659] {scheduler_job.py:633} INFO - Processing file /home/airflow/.local/lib/python3.6/site-packages/airflow/example_dags/example_python_operator.py for tasks to queue
[2025-02-15 14:34:16,660] {logging_mixin.py:104} INFO - [2025-02-15 14:34:16,660] {dagbag.py:496} INFO - Filling up the DagBag from /home/airflow/.local/lib/python3.6/site-packages/airflow/example_dags/example_python_operator.py
[2025-02-15 14:34:16,691] {scheduler_job.py:643} INFO - DAG(s) dict_keys(['example_python_operator']) retrieved from /home/airflow/.local/lib/python3.6/site-packages/airflow/example_dags/example_python_operator.py
[2025-02-15 14:34:16,739] {logging_mixin.py:104} INFO - [2025-02-15 14:34:16,739] {dag.py:1833} INFO - Sync 1 DAGs
[2025-02-15 14:34:16,772] {logging_mixin.py:104} INFO - [2025-02-15 14:34:16,772] {dag.py:2306} INFO - Setting next_dagrun for example_python_operator to None
[2025-02-15 14:34:16,794] {scheduler_job.py:190} INFO - Processing /home/airflow/.local/lib/python3.6/site-packages/airflow/example_dags/example_python_operator.py took 0.142 seconds
[2025-02-15 14:38:23,153] {scheduler_job.py:182} INFO - Started process (PID=1145) to work on /home/airflow/.local/lib/python3.6/site-packages/airflow/example_dags/example_python_operator.py
[2025-02-15 14:38:23,155] {scheduler_job.py:633} INFO - Processing file /home/airflow/.local/lib/python3.6/site-packages/airflow/example_dags/example_python_operator.py for tasks to queue
[2025-02-15 14:38:23,156] {logging_mixin.py:104} INFO - [2025-02-15 14:38:23,156] {dagbag.py:496} INFO - Filling up the DagBag from /home/airflow/.local/lib/python3.6/site-packages/airflow/example_dags/example_python_operator.py
[2025-02-15 14:38:23,180] {scheduler_job.py:643} INFO - DAG(s) dict_keys(['example_python_operator']) retrieved from /home/airflow/.local/lib/python3.6/site-packages/airflow/example_dags/example_python_operator.py
[2025-02-15 14:38:23,222] {logging_mixin.py:104} INFO - [2025-02-15 14:38:23,222] {dag.py:1833} INFO - Sync 1 DAGs
[2025-02-15 14:38:23,241] {logging_mixin.py:104} INFO - [2025-02-15 14:38:23,241] {dag.py:2306} INFO - Setting next_dagrun for example_python_operator to None
[2025-02-15 14:38:23,263] {scheduler_job.py:190} INFO - Processing /home/airflow/.local/lib/python3.6/site-packages/airflow/example_dags/example_python_operator.py took 0.116 seconds
[2025-02-15 14:38:54,249] {scheduler_job.py:182} INFO - Started process (PID=1206) to work on /home/airflow/.local/lib/python3.6/site-packages/airflow/example_dags/example_python_operator.py
[2025-02-15 14:38:54,252] {scheduler_job.py:633} INFO - Processing file /home/airflow/.local/lib/python3.6/site-packages/airflow/example_dags/example_python_operator.py for tasks to queue
[2025-02-15 14:38:54,254] {logging_mixin.py:104} INFO - [2025-02-15 14:38:54,254] {dagbag.py:496} INFO - Filling up the DagBag from /home/airflow/.local/lib/python3.6/site-packages/airflow/example_dags/example_python_operator.py
[2025-02-15 14:38:54,310] {scheduler_job.py:643} INFO - DAG(s) dict_keys(['example_python_operator']) retrieved from /home/airflow/.local/lib/python3.6/site-packages/airflow/example_dags/example_python_operator.py
[2025-02-15 14:38:54,415] {logging_mixin.py:104} INFO - [2025-02-15 14:38:54,414] {dag.py:1833} INFO - Sync 1 DAGs
[2025-02-15 14:38:54,456] {logging_mixin.py:104} INFO - [2025-02-15 14:38:54,456] {dag.py:2306} INFO - Setting next_dagrun for example_python_operator to None
[2025-02-15 14:38:54,505] {scheduler_job.py:190} INFO - Processing /home/airflow/.local/lib/python3.6/site-packages/airflow/example_dags/example_python_operator.py took 0.275 seconds
[2025-02-15 14:44:05,044] {scheduler_job.py:182} INFO - Started process (PID=1242) to work on /home/airflow/.local/lib/python3.6/site-packages/airflow/example_dags/example_python_operator.py
[2025-02-15 14:44:05,053] {scheduler_job.py:633} INFO - Processing file /home/airflow/.local/lib/python3.6/site-packages/airflow/example_dags/example_python_operator.py for tasks to queue
[2025-02-15 14:44:05,059] {logging_mixin.py:104} INFO - [2025-02-15 14:44:05,059] {dagbag.py:496} INFO - Filling up the DagBag from /home/airflow/.local/lib/python3.6/site-packages/airflow/example_dags/example_python_operator.py
[2025-02-15 14:44:05,147] {scheduler_job.py:643} INFO - DAG(s) dict_keys(['example_python_operator']) retrieved from /home/airflow/.local/lib/python3.6/site-packages/airflow/example_dags/example_python_operator.py
[2025-02-15 14:44:05,239] {logging_mixin.py:104} INFO - [2025-02-15 14:44:05,239] {dag.py:1833} INFO - Sync 1 DAGs
[2025-02-15 14:44:05,277] {logging_mixin.py:104} INFO - [2025-02-15 14:44:05,276] {dag.py:2306} INFO - Setting next_dagrun for example_python_operator to None
[2025-02-15 14:44:05,313] {scheduler_job.py:190} INFO - Processing /home/airflow/.local/lib/python3.6/site-packages/airflow/example_dags/example_python_operator.py took 0.282 seconds
[2025-02-15 14:44:35,563] {scheduler_job.py:182} INFO - Started process (PID=1294) to work on /home/airflow/.local/lib/python3.6/site-packages/airflow/example_dags/example_python_operator.py
[2025-02-15 14:44:35,565] {scheduler_job.py:633} INFO - Processing file /home/airflow/.local/lib/python3.6/site-packages/airflow/example_dags/example_python_operator.py for tasks to queue
[2025-02-15 14:44:35,568] {logging_mixin.py:104} INFO - [2025-02-15 14:44:35,567] {dagbag.py:496} INFO - Filling up the DagBag from /home/airflow/.local/lib/python3.6/site-packages/airflow/example_dags/example_python_operator.py
[2025-02-15 14:44:35,602] {scheduler_job.py:643} INFO - DAG(s) dict_keys(['example_python_operator']) retrieved from /home/airflow/.local/lib/python3.6/site-packages/airflow/example_dags/example_python_operator.py
[2025-02-15 14:44:35,656] {logging_mixin.py:104} INFO - [2025-02-15 14:44:35,656] {dag.py:1833} INFO - Sync 1 DAGs
[2025-02-15 14:44:35,676] {logging_mixin.py:104} INFO - [2025-02-15 14:44:35,675] {dag.py:2306} INFO - Setting next_dagrun for example_python_operator to None
[2025-02-15 14:44:35,700] {scheduler_job.py:190} INFO - Processing /home/airflow/.local/lib/python3.6/site-packages/airflow/example_dags/example_python_operator.py took 0.143 seconds
[2025-02-15 14:46:12,880] {scheduler_job.py:182} INFO - Started process (PID=66) to work on /home/airflow/.local/lib/python3.6/site-packages/airflow/example_dags/example_python_operator.py
[2025-02-15 14:46:12,885] {scheduler_job.py:633} INFO - Processing file /home/airflow/.local/lib/python3.6/site-packages/airflow/example_dags/example_python_operator.py for tasks to queue
[2025-02-15 14:46:12,894] {logging_mixin.py:104} INFO - [2025-02-15 14:46:12,894] {dagbag.py:496} INFO - Filling up the DagBag from /home/airflow/.local/lib/python3.6/site-packages/airflow/example_dags/example_python_operator.py
[2025-02-15 14:46:12,964] {scheduler_job.py:643} INFO - DAG(s) dict_keys(['example_python_operator']) retrieved from /home/airflow/.local/lib/python3.6/site-packages/airflow/example_dags/example_python_operator.py
[2025-02-15 14:46:13,082] {logging_mixin.py:104} INFO - [2025-02-15 14:46:13,082] {dag.py:1833} INFO - Sync 1 DAGs
[2025-02-15 14:46:13,131] {logging_mixin.py:104} INFO - [2025-02-15 14:46:13,131] {dag.py:2306} INFO - Setting next_dagrun for example_python_operator to None
[2025-02-15 14:46:13,194] {scheduler_job.py:190} INFO - Processing /home/airflow/.local/lib/python3.6/site-packages/airflow/example_dags/example_python_operator.py took 0.333 seconds
[2025-02-15 14:46:43,767] {scheduler_job.py:182} INFO - Started process (PID=115) to work on /home/airflow/.local/lib/python3.6/site-packages/airflow/example_dags/example_python_operator.py
[2025-02-15 14:46:43,771] {scheduler_job.py:633} INFO - Processing file /home/airflow/.local/lib/python3.6/site-packages/airflow/example_dags/example_python_operator.py for tasks to queue
[2025-02-15 14:46:43,773] {logging_mixin.py:104} INFO - [2025-02-15 14:46:43,773] {dagbag.py:496} INFO - Filling up the DagBag from /home/airflow/.local/lib/python3.6/site-packages/airflow/example_dags/example_python_operator.py
[2025-02-15 14:46:43,809] {scheduler_job.py:643} INFO - DAG(s) dict_keys(['example_python_operator']) retrieved from /home/airflow/.local/lib/python3.6/site-packages/airflow/example_dags/example_python_operator.py
[2025-02-15 14:46:43,872] {logging_mixin.py:104} INFO - [2025-02-15 14:46:43,872] {dag.py:1833} INFO - Sync 1 DAGs
[2025-02-15 14:46:43,912] {logging_mixin.py:104} INFO - [2025-02-15 14:46:43,912] {dag.py:2306} INFO - Setting next_dagrun for example_python_operator to None
[2025-02-15 14:46:43,942] {scheduler_job.py:190} INFO - Processing /home/airflow/.local/lib/python3.6/site-packages/airflow/example_dags/example_python_operator.py took 0.186 seconds
[2025-02-15 14:47:14,802] {scheduler_job.py:182} INFO - Started process (PID=160) to work on /home/airflow/.local/lib/python3.6/site-packages/airflow/example_dags/example_python_operator.py
[2025-02-15 14:47:14,812] {scheduler_job.py:633} INFO - Processing file /home/airflow/.local/lib/python3.6/site-packages/airflow/example_dags/example_python_operator.py for tasks to queue
[2025-02-15 14:47:14,815] {logging_mixin.py:104} INFO - [2025-02-15 14:47:14,815] {dagbag.py:496} INFO - Filling up the DagBag from /home/airflow/.local/lib/python3.6/site-packages/airflow/example_dags/example_python_operator.py
[2025-02-15 14:47:14,855] {scheduler_job.py:643} INFO - DAG(s) dict_keys(['example_python_operator']) retrieved from /home/airflow/.local/lib/python3.6/site-packages/airflow/example_dags/example_python_operator.py
[2025-02-15 14:47:14,991] {logging_mixin.py:104} INFO - [2025-02-15 14:47:14,991] {dag.py:1833} INFO - Sync 1 DAGs
[2025-02-15 14:47:15,050] {logging_mixin.py:104} INFO - [2025-02-15 14:47:15,050] {dag.py:2306} INFO - Setting next_dagrun for example_python_operator to None
[2025-02-15 14:47:15,075] {scheduler_job.py:190} INFO - Processing /home/airflow/.local/lib/python3.6/site-packages/airflow/example_dags/example_python_operator.py took 0.292 seconds
[2025-02-15 14:47:45,160] {scheduler_job.py:182} INFO - Started process (PID=221) to work on /home/airflow/.local/lib/python3.6/site-packages/airflow/example_dags/example_python_operator.py
[2025-02-15 14:47:45,166] {scheduler_job.py:633} INFO - Processing file /home/airflow/.local/lib/python3.6/site-packages/airflow/example_dags/example_python_operator.py for tasks to queue
[2025-02-15 14:47:45,167] {logging_mixin.py:104} INFO - [2025-02-15 14:47:45,167] {dagbag.py:496} INFO - Filling up the DagBag from /home/airflow/.local/lib/python3.6/site-packages/airflow/example_dags/example_python_operator.py
[2025-02-15 14:47:45,185] {scheduler_job.py:643} INFO - DAG(s) dict_keys(['example_python_operator']) retrieved from /home/airflow/.local/lib/python3.6/site-packages/airflow/example_dags/example_python_operator.py
[2025-02-15 14:47:45,211] {logging_mixin.py:104} INFO - [2025-02-15 14:47:45,211] {dag.py:1833} INFO - Sync 1 DAGs
[2025-02-15 14:47:45,226] {logging_mixin.py:104} INFO - [2025-02-15 14:47:45,226] {dag.py:2306} INFO - Setting next_dagrun for example_python_operator to None
[2025-02-15 14:47:45,237] {scheduler_job.py:190} INFO - Processing /home/airflow/.local/lib/python3.6/site-packages/airflow/example_dags/example_python_operator.py took 0.087 seconds
[2025-02-15 14:48:15,730] {scheduler_job.py:182} INFO - Started process (PID=273) to work on /home/airflow/.local/lib/python3.6/site-packages/airflow/example_dags/example_python_operator.py
[2025-02-15 14:48:15,737] {scheduler_job.py:633} INFO - Processing file /home/airflow/.local/lib/python3.6/site-packages/airflow/example_dags/example_python_operator.py for tasks to queue
[2025-02-15 14:48:15,738] {logging_mixin.py:104} INFO - [2025-02-15 14:48:15,738] {dagbag.py:496} INFO - Filling up the DagBag from /home/airflow/.local/lib/python3.6/site-packages/airflow/example_dags/example_python_operator.py
[2025-02-15 14:48:15,763] {scheduler_job.py:643} INFO - DAG(s) dict_keys(['example_python_operator']) retrieved from /home/airflow/.local/lib/python3.6/site-packages/airflow/example_dags/example_python_operator.py
[2025-02-15 14:48:15,807] {logging_mixin.py:104} INFO - [2025-02-15 14:48:15,807] {dag.py:1833} INFO - Sync 1 DAGs
[2025-02-15 14:48:15,830] {logging_mixin.py:104} INFO - [2025-02-15 14:48:15,829] {dag.py:2306} INFO - Setting next_dagrun for example_python_operator to None
[2025-02-15 14:48:15,848] {scheduler_job.py:190} INFO - Processing /home/airflow/.local/lib/python3.6/site-packages/airflow/example_dags/example_python_operator.py took 0.123 seconds
[2025-02-15 14:48:46,627] {scheduler_job.py:182} INFO - Started process (PID=325) to work on /home/airflow/.local/lib/python3.6/site-packages/airflow/example_dags/example_python_operator.py
[2025-02-15 14:48:46,628] {scheduler_job.py:633} INFO - Processing file /home/airflow/.local/lib/python3.6/site-packages/airflow/example_dags/example_python_operator.py for tasks to queue
[2025-02-15 14:48:46,630] {logging_mixin.py:104} INFO - [2025-02-15 14:48:46,629] {dagbag.py:496} INFO - Filling up the DagBag from /home/airflow/.local/lib/python3.6/site-packages/airflow/example_dags/example_python_operator.py
[2025-02-15 14:48:46,646] {scheduler_job.py:643} INFO - DAG(s) dict_keys(['example_python_operator']) retrieved from /home/airflow/.local/lib/python3.6/site-packages/airflow/example_dags/example_python_operator.py
[2025-02-15 14:48:46,672] {logging_mixin.py:104} INFO - [2025-02-15 14:48:46,671] {dag.py:1833} INFO - Sync 1 DAGs
[2025-02-15 14:48:46,686] {logging_mixin.py:104} INFO - [2025-02-15 14:48:46,686] {dag.py:2306} INFO - Setting next_dagrun for example_python_operator to None
[2025-02-15 14:48:46,697] {scheduler_job.py:190} INFO - Processing /home/airflow/.local/lib/python3.6/site-packages/airflow/example_dags/example_python_operator.py took 0.076 seconds
[2025-02-15 14:49:17,125] {scheduler_job.py:182} INFO - Started process (PID=387) to work on /home/airflow/.local/lib/python3.6/site-packages/airflow/example_dags/example_python_operator.py
[2025-02-15 14:49:17,131] {scheduler_job.py:633} INFO - Processing file /home/airflow/.local/lib/python3.6/site-packages/airflow/example_dags/example_python_operator.py for tasks to queue
[2025-02-15 14:49:17,132] {logging_mixin.py:104} INFO - [2025-02-15 14:49:17,131] {dagbag.py:496} INFO - Filling up the DagBag from /home/airflow/.local/lib/python3.6/site-packages/airflow/example_dags/example_python_operator.py
[2025-02-15 14:49:17,149] {scheduler_job.py:643} INFO - DAG(s) dict_keys(['example_python_operator']) retrieved from /home/airflow/.local/lib/python3.6/site-packages/airflow/example_dags/example_python_operator.py
[2025-02-15 14:49:17,181] {logging_mixin.py:104} INFO - [2025-02-15 14:49:17,181] {dag.py:1833} INFO - Sync 1 DAGs
[2025-02-15 14:49:17,201] {logging_mixin.py:104} INFO - [2025-02-15 14:49:17,200] {dag.py:2306} INFO - Setting next_dagrun for example_python_operator to None
[2025-02-15 14:49:17,220] {scheduler_job.py:190} INFO - Processing /home/airflow/.local/lib/python3.6/site-packages/airflow/example_dags/example_python_operator.py took 0.099 seconds
[2025-02-15 14:49:47,279] {scheduler_job.py:182} INFO - Started process (PID=439) to work on /home/airflow/.local/lib/python3.6/site-packages/airflow/example_dags/example_python_operator.py
[2025-02-15 14:49:47,282] {scheduler_job.py:633} INFO - Processing file /home/airflow/.local/lib/python3.6/site-packages/airflow/example_dags/example_python_operator.py for tasks to queue
[2025-02-15 14:49:47,282] {logging_mixin.py:104} INFO - [2025-02-15 14:49:47,282] {dagbag.py:496} INFO - Filling up the DagBag from /home/airflow/.local/lib/python3.6/site-packages/airflow/example_dags/example_python_operator.py
[2025-02-15 14:49:47,299] {scheduler_job.py:643} INFO - DAG(s) dict_keys(['example_python_operator']) retrieved from /home/airflow/.local/lib/python3.6/site-packages/airflow/example_dags/example_python_operator.py
[2025-02-15 14:49:47,328] {logging_mixin.py:104} INFO - [2025-02-15 14:49:47,328] {dag.py:1833} INFO - Sync 1 DAGs
[2025-02-15 14:49:47,349] {logging_mixin.py:104} INFO - [2025-02-15 14:49:47,349] {dag.py:2306} INFO - Setting next_dagrun for example_python_operator to None
[2025-02-15 14:49:47,369] {scheduler_job.py:190} INFO - Processing /home/airflow/.local/lib/python3.6/site-packages/airflow/example_dags/example_python_operator.py took 0.094 seconds
[2025-02-15 14:50:17,442] {scheduler_job.py:182} INFO - Started process (PID=501) to work on /home/airflow/.local/lib/python3.6/site-packages/airflow/example_dags/example_python_operator.py
[2025-02-15 14:50:17,445] {scheduler_job.py:633} INFO - Processing file /home/airflow/.local/lib/python3.6/site-packages/airflow/example_dags/example_python_operator.py for tasks to queue
[2025-02-15 14:50:17,447] {logging_mixin.py:104} INFO - [2025-02-15 14:50:17,447] {dagbag.py:496} INFO - Filling up the DagBag from /home/airflow/.local/lib/python3.6/site-packages/airflow/example_dags/example_python_operator.py
[2025-02-15 14:50:17,480] {scheduler_job.py:643} INFO - DAG(s) dict_keys(['example_python_operator']) retrieved from /home/airflow/.local/lib/python3.6/site-packages/airflow/example_dags/example_python_operator.py
[2025-02-15 14:50:17,529] {logging_mixin.py:104} INFO - [2025-02-15 14:50:17,529] {dag.py:1833} INFO - Sync 1 DAGs
[2025-02-15 14:50:17,558] {logging_mixin.py:104} INFO - [2025-02-15 14:50:17,558] {dag.py:2306} INFO - Setting next_dagrun for example_python_operator to None
[2025-02-15 14:50:17,581] {scheduler_job.py:190} INFO - Processing /home/airflow/.local/lib/python3.6/site-packages/airflow/example_dags/example_python_operator.py took 0.148 seconds
[2025-02-15 14:50:47,650] {scheduler_job.py:182} INFO - Started process (PID=552) to work on /home/airflow/.local/lib/python3.6/site-packages/airflow/example_dags/example_python_operator.py
[2025-02-15 14:50:47,651] {scheduler_job.py:633} INFO - Processing file /home/airflow/.local/lib/python3.6/site-packages/airflow/example_dags/example_python_operator.py for tasks to queue
[2025-02-15 14:50:47,652] {logging_mixin.py:104} INFO - [2025-02-15 14:50:47,652] {dagbag.py:496} INFO - Filling up the DagBag from /home/airflow/.local/lib/python3.6/site-packages/airflow/example_dags/example_python_operator.py
[2025-02-15 14:50:47,666] {scheduler_job.py:643} INFO - DAG(s) dict_keys(['example_python_operator']) retrieved from /home/airflow/.local/lib/python3.6/site-packages/airflow/example_dags/example_python_operator.py
[2025-02-15 14:50:47,693] {logging_mixin.py:104} INFO - [2025-02-15 14:50:47,693] {dag.py:1833} INFO - Sync 1 DAGs
[2025-02-15 14:50:47,710] {logging_mixin.py:104} INFO - [2025-02-15 14:50:47,710] {dag.py:2306} INFO - Setting next_dagrun for example_python_operator to None
[2025-02-15 14:50:47,727] {scheduler_job.py:190} INFO - Processing /home/airflow/.local/lib/python3.6/site-packages/airflow/example_dags/example_python_operator.py took 0.083 seconds
[2025-02-15 14:51:17,873] {scheduler_job.py:182} INFO - Started process (PID=604) to work on /home/airflow/.local/lib/python3.6/site-packages/airflow/example_dags/example_python_operator.py
[2025-02-15 14:51:17,874] {scheduler_job.py:633} INFO - Processing file /home/airflow/.local/lib/python3.6/site-packages/airflow/example_dags/example_python_operator.py for tasks to queue
[2025-02-15 14:51:17,875] {logging_mixin.py:104} INFO - [2025-02-15 14:51:17,875] {dagbag.py:496} INFO - Filling up the DagBag from /home/airflow/.local/lib/python3.6/site-packages/airflow/example_dags/example_python_operator.py
[2025-02-15 14:51:17,887] {scheduler_job.py:643} INFO - DAG(s) dict_keys(['example_python_operator']) retrieved from /home/airflow/.local/lib/python3.6/site-packages/airflow/example_dags/example_python_operator.py
[2025-02-15 14:51:17,911] {logging_mixin.py:104} INFO - [2025-02-15 14:51:17,911] {dag.py:1833} INFO - Sync 1 DAGs
[2025-02-15 14:51:17,927] {logging_mixin.py:104} INFO - [2025-02-15 14:51:17,927] {dag.py:2306} INFO - Setting next_dagrun for example_python_operator to None
[2025-02-15 14:51:17,939] {scheduler_job.py:190} INFO - Processing /home/airflow/.local/lib/python3.6/site-packages/airflow/example_dags/example_python_operator.py took 0.069 seconds
[2025-02-15 14:51:48,239] {scheduler_job.py:182} INFO - Started process (PID=667) to work on /home/airflow/.local/lib/python3.6/site-packages/airflow/example_dags/example_python_operator.py
[2025-02-15 14:51:48,244] {scheduler_job.py:633} INFO - Processing file /home/airflow/.local/lib/python3.6/site-packages/airflow/example_dags/example_python_operator.py for tasks to queue
[2025-02-15 14:51:48,245] {logging_mixin.py:104} INFO - [2025-02-15 14:51:48,245] {dagbag.py:496} INFO - Filling up the DagBag from /home/airflow/.local/lib/python3.6/site-packages/airflow/example_dags/example_python_operator.py
[2025-02-15 14:51:48,276] {scheduler_job.py:643} INFO - DAG(s) dict_keys(['example_python_operator']) retrieved from /home/airflow/.local/lib/python3.6/site-packages/airflow/example_dags/example_python_operator.py
[2025-02-15 14:51:48,316] {logging_mixin.py:104} INFO - [2025-02-15 14:51:48,316] {dag.py:1833} INFO - Sync 1 DAGs
[2025-02-15 14:51:48,345] {logging_mixin.py:104} INFO - [2025-02-15 14:51:48,345] {dag.py:2306} INFO - Setting next_dagrun for example_python_operator to None
[2025-02-15 14:51:48,362] {scheduler_job.py:190} INFO - Processing /home/airflow/.local/lib/python3.6/site-packages/airflow/example_dags/example_python_operator.py took 0.131 seconds
[2025-02-15 15:12:38,647] {scheduler_job.py:182} INFO - Started process (PID=726) to work on /home/airflow/.local/lib/python3.6/site-packages/airflow/example_dags/example_python_operator.py
[2025-02-15 15:12:38,650] {scheduler_job.py:633} INFO - Processing file /home/airflow/.local/lib/python3.6/site-packages/airflow/example_dags/example_python_operator.py for tasks to queue
[2025-02-15 15:12:38,651] {logging_mixin.py:104} INFO - [2025-02-15 15:12:38,651] {dagbag.py:496} INFO - Filling up the DagBag from /home/airflow/.local/lib/python3.6/site-packages/airflow/example_dags/example_python_operator.py
[2025-02-15 15:12:38,683] {scheduler_job.py:643} INFO - DAG(s) dict_keys(['example_python_operator']) retrieved from /home/airflow/.local/lib/python3.6/site-packages/airflow/example_dags/example_python_operator.py
[2025-02-15 15:12:38,736] {logging_mixin.py:104} INFO - [2025-02-15 15:12:38,736] {dag.py:1833} INFO - Sync 1 DAGs
[2025-02-15 15:12:38,764] {logging_mixin.py:104} INFO - [2025-02-15 15:12:38,764] {dag.py:2306} INFO - Setting next_dagrun for example_python_operator to None
[2025-02-15 15:12:38,787] {scheduler_job.py:190} INFO - Processing /home/airflow/.local/lib/python3.6/site-packages/airflow/example_dags/example_python_operator.py took 0.149 seconds
[2025-02-15 15:13:09,936] {scheduler_job.py:182} INFO - Started process (PID=779) to work on /home/airflow/.local/lib/python3.6/site-packages/airflow/example_dags/example_python_operator.py
[2025-02-15 15:13:09,937] {scheduler_job.py:633} INFO - Processing file /home/airflow/.local/lib/python3.6/site-packages/airflow/example_dags/example_python_operator.py for tasks to queue
[2025-02-15 15:13:09,939] {logging_mixin.py:104} INFO - [2025-02-15 15:13:09,938] {dagbag.py:496} INFO - Filling up the DagBag from /home/airflow/.local/lib/python3.6/site-packages/airflow/example_dags/example_python_operator.py
[2025-02-15 15:13:09,980] {scheduler_job.py:643} INFO - DAG(s) dict_keys(['example_python_operator']) retrieved from /home/airflow/.local/lib/python3.6/site-packages/airflow/example_dags/example_python_operator.py
[2025-02-15 15:13:10,057] {logging_mixin.py:104} INFO - [2025-02-15 15:13:10,056] {dag.py:1833} INFO - Sync 1 DAGs
[2025-02-15 15:13:10,091] {logging_mixin.py:104} INFO - [2025-02-15 15:13:10,091] {dag.py:2306} INFO - Setting next_dagrun for example_python_operator to None
[2025-02-15 15:13:10,121] {scheduler_job.py:190} INFO - Processing /home/airflow/.local/lib/python3.6/site-packages/airflow/example_dags/example_python_operator.py took 0.191 seconds
[2025-02-15 15:20:34,915] {scheduler_job.py:182} INFO - Started process (PID=76) to work on /home/airflow/.local/lib/python3.6/site-packages/airflow/example_dags/example_python_operator.py
[2025-02-15 15:20:34,939] {scheduler_job.py:633} INFO - Processing file /home/airflow/.local/lib/python3.6/site-packages/airflow/example_dags/example_python_operator.py for tasks to queue
[2025-02-15 15:20:34,959] {logging_mixin.py:104} INFO - [2025-02-15 15:20:34,958] {dagbag.py:496} INFO - Filling up the DagBag from /home/airflow/.local/lib/python3.6/site-packages/airflow/example_dags/example_python_operator.py
[2025-02-15 15:20:35,099] {scheduler_job.py:643} INFO - DAG(s) dict_keys(['example_python_operator']) retrieved from /home/airflow/.local/lib/python3.6/site-packages/airflow/example_dags/example_python_operator.py
[2025-02-15 15:20:35,329] {logging_mixin.py:104} INFO - [2025-02-15 15:20:35,329] {dag.py:1833} INFO - Sync 1 DAGs
[2025-02-15 15:20:35,489] {logging_mixin.py:104} INFO - [2025-02-15 15:20:35,489] {dag.py:2306} INFO - Setting next_dagrun for example_python_operator to None
[2025-02-15 15:20:35,613] {scheduler_job.py:190} INFO - Processing /home/airflow/.local/lib/python3.6/site-packages/airflow/example_dags/example_python_operator.py took 0.724 seconds
[2025-02-15 15:21:06,122] {scheduler_job.py:182} INFO - Started process (PID=119) to work on /home/airflow/.local/lib/python3.6/site-packages/airflow/example_dags/example_python_operator.py
[2025-02-15 15:21:06,130] {scheduler_job.py:633} INFO - Processing file /home/airflow/.local/lib/python3.6/site-packages/airflow/example_dags/example_python_operator.py for tasks to queue
[2025-02-15 15:21:06,147] {logging_mixin.py:104} INFO - [2025-02-15 15:21:06,146] {dagbag.py:496} INFO - Filling up the DagBag from /home/airflow/.local/lib/python3.6/site-packages/airflow/example_dags/example_python_operator.py
[2025-02-15 15:21:06,268] {scheduler_job.py:643} INFO - DAG(s) dict_keys(['example_python_operator']) retrieved from /home/airflow/.local/lib/python3.6/site-packages/airflow/example_dags/example_python_operator.py
[2025-02-15 15:21:06,424] {logging_mixin.py:104} INFO - [2025-02-15 15:21:06,424] {dag.py:1833} INFO - Sync 1 DAGs
[2025-02-15 15:21:06,483] {logging_mixin.py:104} INFO - [2025-02-15 15:21:06,482] {dag.py:2306} INFO - Setting next_dagrun for example_python_operator to None
[2025-02-15 15:21:06,541] {scheduler_job.py:190} INFO - Processing /home/airflow/.local/lib/python3.6/site-packages/airflow/example_dags/example_python_operator.py took 0.429 seconds
[2025-02-15 15:21:44,903] {scheduler_job.py:182} INFO - Started process (PID=171) to work on /home/airflow/.local/lib/python3.6/site-packages/airflow/example_dags/example_python_operator.py
[2025-02-15 15:21:44,911] {scheduler_job.py:633} INFO - Processing file /home/airflow/.local/lib/python3.6/site-packages/airflow/example_dags/example_python_operator.py for tasks to queue
[2025-02-15 15:21:44,921] {logging_mixin.py:104} INFO - [2025-02-15 15:21:44,921] {dagbag.py:496} INFO - Filling up the DagBag from /home/airflow/.local/lib/python3.6/site-packages/airflow/example_dags/example_python_operator.py
[2025-02-15 15:21:45,286] {scheduler_job.py:643} INFO - DAG(s) dict_keys(['example_python_operator']) retrieved from /home/airflow/.local/lib/python3.6/site-packages/airflow/example_dags/example_python_operator.py
[2025-02-15 15:21:47,197] {logging_mixin.py:104} INFO - [2025-02-15 15:21:47,191] {dag.py:1833} INFO - Sync 1 DAGs
[2025-02-15 15:21:47,383] {logging_mixin.py:104} INFO - [2025-02-15 15:21:47,383] {dag.py:2306} INFO - Setting next_dagrun for example_python_operator to None
[2025-02-15 15:21:47,474] {scheduler_job.py:190} INFO - Processing /home/airflow/.local/lib/python3.6/site-packages/airflow/example_dags/example_python_operator.py took 2.602 seconds
