[2025-02-15 13:53:51,478] {scheduler_job.py:182} INFO - Started process (PID=52) to work on /home/airflow/.local/lib/python3.6/site-packages/airflow/example_dags/example_skip_dag.py
[2025-02-15 13:53:51,513] {scheduler_job.py:633} INFO - Processing file /home/airflow/.local/lib/python3.6/site-packages/airflow/example_dags/example_skip_dag.py for tasks to queue
[2025-02-15 13:53:51,515] {logging_mixin.py:104} INFO - [2025-02-15 13:53:51,515] {dagbag.py:496} INFO - Filling up the DagBag from /home/airflow/.local/lib/python3.6/site-packages/airflow/example_dags/example_skip_dag.py
[2025-02-15 13:53:51,758] {scheduler_job.py:643} INFO - DAG(s) dict_keys(['example_skip_dag']) retrieved from /home/airflow/.local/lib/python3.6/site-packages/airflow/example_dags/example_skip_dag.py
[2025-02-15 13:53:55,306] {logging_mixin.py:104} INFO - [2025-02-15 13:53:55,306] {dag.py:1833} INFO - Sync 1 DAGs
[2025-02-15 13:53:55,498] {logging_mixin.py:104} INFO - [2025-02-15 13:53:55,498] {dag.py:2306} INFO - Setting next_dagrun for example_skip_dag to 2025-02-13 00:00:00+00:00
[2025-02-15 13:53:56,231] {scheduler_job.py:190} INFO - Processing /home/airflow/.local/lib/python3.6/site-packages/airflow/example_dags/example_skip_dag.py took 4.789 seconds
[2025-02-15 13:54:27,135] {scheduler_job.py:182} INFO - Started process (PID=96) to work on /home/airflow/.local/lib/python3.6/site-packages/airflow/example_dags/example_skip_dag.py
[2025-02-15 13:54:27,154] {scheduler_job.py:633} INFO - Processing file /home/airflow/.local/lib/python3.6/site-packages/airflow/example_dags/example_skip_dag.py for tasks to queue
[2025-02-15 13:54:27,182] {logging_mixin.py:104} INFO - [2025-02-15 13:54:27,181] {dagbag.py:496} INFO - Filling up the DagBag from /home/airflow/.local/lib/python3.6/site-packages/airflow/example_dags/example_skip_dag.py
[2025-02-15 13:54:27,523] {scheduler_job.py:643} INFO - DAG(s) dict_keys(['example_skip_dag']) retrieved from /home/airflow/.local/lib/python3.6/site-packages/airflow/example_dags/example_skip_dag.py
[2025-02-15 13:54:27,854] {logging_mixin.py:104} INFO - [2025-02-15 13:54:27,854] {dag.py:1833} INFO - Sync 1 DAGs
[2025-02-15 13:54:28,120] {logging_mixin.py:104} INFO - [2025-02-15 13:54:28,120] {dag.py:2306} INFO - Setting next_dagrun for example_skip_dag to 2025-02-13 00:00:00+00:00
[2025-02-15 13:54:28,312] {scheduler_job.py:190} INFO - Processing /home/airflow/.local/lib/python3.6/site-packages/airflow/example_dags/example_skip_dag.py took 1.277 seconds
[2025-02-15 13:54:59,760] {scheduler_job.py:182} INFO - Started process (PID=144) to work on /home/airflow/.local/lib/python3.6/site-packages/airflow/example_dags/example_skip_dag.py
[2025-02-15 13:54:59,766] {scheduler_job.py:633} INFO - Processing file /home/airflow/.local/lib/python3.6/site-packages/airflow/example_dags/example_skip_dag.py for tasks to queue
[2025-02-15 13:54:59,776] {logging_mixin.py:104} INFO - [2025-02-15 13:54:59,775] {dagbag.py:496} INFO - Filling up the DagBag from /home/airflow/.local/lib/python3.6/site-packages/airflow/example_dags/example_skip_dag.py
[2025-02-15 13:54:59,951] {scheduler_job.py:643} INFO - DAG(s) dict_keys(['example_skip_dag']) retrieved from /home/airflow/.local/lib/python3.6/site-packages/airflow/example_dags/example_skip_dag.py
[2025-02-15 13:55:00,281] {logging_mixin.py:104} INFO - [2025-02-15 13:55:00,281] {dag.py:1833} INFO - Sync 1 DAGs
[2025-02-15 13:55:00,827] {logging_mixin.py:104} INFO - [2025-02-15 13:55:00,826] {dag.py:2306} INFO - Setting next_dagrun for example_skip_dag to 2025-02-13 00:00:00+00:00
[2025-02-15 13:55:01,256] {scheduler_job.py:190} INFO - Processing /home/airflow/.local/lib/python3.6/site-packages/airflow/example_dags/example_skip_dag.py took 1.522 seconds
[2025-02-15 13:55:31,963] {scheduler_job.py:182} INFO - Started process (PID=195) to work on /home/airflow/.local/lib/python3.6/site-packages/airflow/example_dags/example_skip_dag.py
[2025-02-15 13:55:31,968] {scheduler_job.py:633} INFO - Processing file /home/airflow/.local/lib/python3.6/site-packages/airflow/example_dags/example_skip_dag.py for tasks to queue
[2025-02-15 13:55:31,970] {logging_mixin.py:104} INFO - [2025-02-15 13:55:31,970] {dagbag.py:496} INFO - Filling up the DagBag from /home/airflow/.local/lib/python3.6/site-packages/airflow/example_dags/example_skip_dag.py
[2025-02-15 13:55:32,012] {scheduler_job.py:643} INFO - DAG(s) dict_keys(['example_skip_dag']) retrieved from /home/airflow/.local/lib/python3.6/site-packages/airflow/example_dags/example_skip_dag.py
[2025-02-15 13:55:32,086] {logging_mixin.py:104} INFO - [2025-02-15 13:55:32,086] {dag.py:1833} INFO - Sync 1 DAGs
[2025-02-15 13:55:32,131] {logging_mixin.py:104} INFO - [2025-02-15 13:55:32,130] {dag.py:2306} INFO - Setting next_dagrun for example_skip_dag to 2025-02-13 00:00:00+00:00
[2025-02-15 13:55:32,158] {scheduler_job.py:190} INFO - Processing /home/airflow/.local/lib/python3.6/site-packages/airflow/example_dags/example_skip_dag.py took 0.202 seconds
[2025-02-15 13:56:02,369] {scheduler_job.py:182} INFO - Started process (PID=247) to work on /home/airflow/.local/lib/python3.6/site-packages/airflow/example_dags/example_skip_dag.py
[2025-02-15 13:56:02,370] {scheduler_job.py:633} INFO - Processing file /home/airflow/.local/lib/python3.6/site-packages/airflow/example_dags/example_skip_dag.py for tasks to queue
[2025-02-15 13:56:02,371] {logging_mixin.py:104} INFO - [2025-02-15 13:56:02,371] {dagbag.py:496} INFO - Filling up the DagBag from /home/airflow/.local/lib/python3.6/site-packages/airflow/example_dags/example_skip_dag.py
[2025-02-15 13:56:02,387] {scheduler_job.py:643} INFO - DAG(s) dict_keys(['example_skip_dag']) retrieved from /home/airflow/.local/lib/python3.6/site-packages/airflow/example_dags/example_skip_dag.py
[2025-02-15 13:56:02,425] {logging_mixin.py:104} INFO - [2025-02-15 13:56:02,425] {dag.py:1833} INFO - Sync 1 DAGs
[2025-02-15 13:56:02,450] {logging_mixin.py:104} INFO - [2025-02-15 13:56:02,450] {dag.py:2306} INFO - Setting next_dagrun for example_skip_dag to 2025-02-13 00:00:00+00:00
[2025-02-15 13:56:02,470] {scheduler_job.py:190} INFO - Processing /home/airflow/.local/lib/python3.6/site-packages/airflow/example_dags/example_skip_dag.py took 0.106 seconds
[2025-02-15 13:56:32,885] {scheduler_job.py:182} INFO - Started process (PID=298) to work on /home/airflow/.local/lib/python3.6/site-packages/airflow/example_dags/example_skip_dag.py
[2025-02-15 13:56:32,887] {scheduler_job.py:633} INFO - Processing file /home/airflow/.local/lib/python3.6/site-packages/airflow/example_dags/example_skip_dag.py for tasks to queue
[2025-02-15 13:56:32,888] {logging_mixin.py:104} INFO - [2025-02-15 13:56:32,888] {dagbag.py:496} INFO - Filling up the DagBag from /home/airflow/.local/lib/python3.6/site-packages/airflow/example_dags/example_skip_dag.py
[2025-02-15 13:56:32,902] {scheduler_job.py:643} INFO - DAG(s) dict_keys(['example_skip_dag']) retrieved from /home/airflow/.local/lib/python3.6/site-packages/airflow/example_dags/example_skip_dag.py
[2025-02-15 13:56:32,937] {logging_mixin.py:104} INFO - [2025-02-15 13:56:32,937] {dag.py:1833} INFO - Sync 1 DAGs
[2025-02-15 13:56:32,970] {logging_mixin.py:104} INFO - [2025-02-15 13:56:32,969] {dag.py:2306} INFO - Setting next_dagrun for example_skip_dag to 2025-02-13 00:00:00+00:00
[2025-02-15 13:56:32,988] {scheduler_job.py:190} INFO - Processing /home/airflow/.local/lib/python3.6/site-packages/airflow/example_dags/example_skip_dag.py took 0.107 seconds
[2025-02-15 13:57:03,445] {scheduler_job.py:182} INFO - Started process (PID=349) to work on /home/airflow/.local/lib/python3.6/site-packages/airflow/example_dags/example_skip_dag.py
[2025-02-15 13:57:03,447] {scheduler_job.py:633} INFO - Processing file /home/airflow/.local/lib/python3.6/site-packages/airflow/example_dags/example_skip_dag.py for tasks to queue
[2025-02-15 13:57:03,449] {logging_mixin.py:104} INFO - [2025-02-15 13:57:03,448] {dagbag.py:496} INFO - Filling up the DagBag from /home/airflow/.local/lib/python3.6/site-packages/airflow/example_dags/example_skip_dag.py
[2025-02-15 13:57:03,473] {scheduler_job.py:643} INFO - DAG(s) dict_keys(['example_skip_dag']) retrieved from /home/airflow/.local/lib/python3.6/site-packages/airflow/example_dags/example_skip_dag.py
[2025-02-15 13:57:03,515] {logging_mixin.py:104} INFO - [2025-02-15 13:57:03,515] {dag.py:1833} INFO - Sync 1 DAGs
[2025-02-15 13:57:03,546] {logging_mixin.py:104} INFO - [2025-02-15 13:57:03,546] {dag.py:2306} INFO - Setting next_dagrun for example_skip_dag to 2025-02-13 00:00:00+00:00
[2025-02-15 13:57:03,561] {scheduler_job.py:190} INFO - Processing /home/airflow/.local/lib/python3.6/site-packages/airflow/example_dags/example_skip_dag.py took 0.125 seconds
[2025-02-15 13:57:33,622] {scheduler_job.py:182} INFO - Started process (PID=400) to work on /home/airflow/.local/lib/python3.6/site-packages/airflow/example_dags/example_skip_dag.py
[2025-02-15 13:57:33,626] {scheduler_job.py:633} INFO - Processing file /home/airflow/.local/lib/python3.6/site-packages/airflow/example_dags/example_skip_dag.py for tasks to queue
[2025-02-15 13:57:33,628] {logging_mixin.py:104} INFO - [2025-02-15 13:57:33,628] {dagbag.py:496} INFO - Filling up the DagBag from /home/airflow/.local/lib/python3.6/site-packages/airflow/example_dags/example_skip_dag.py
[2025-02-15 13:57:33,659] {scheduler_job.py:643} INFO - DAG(s) dict_keys(['example_skip_dag']) retrieved from /home/airflow/.local/lib/python3.6/site-packages/airflow/example_dags/example_skip_dag.py
[2025-02-15 13:57:33,715] {logging_mixin.py:104} INFO - [2025-02-15 13:57:33,714] {dag.py:1833} INFO - Sync 1 DAGs
[2025-02-15 13:57:33,769] {logging_mixin.py:104} INFO - [2025-02-15 13:57:33,769] {dag.py:2306} INFO - Setting next_dagrun for example_skip_dag to 2025-02-13 00:00:00+00:00
[2025-02-15 13:57:33,789] {scheduler_job.py:190} INFO - Processing /home/airflow/.local/lib/python3.6/site-packages/airflow/example_dags/example_skip_dag.py took 0.178 seconds
[2025-02-15 13:58:04,794] {scheduler_job.py:182} INFO - Started process (PID=450) to work on /home/airflow/.local/lib/python3.6/site-packages/airflow/example_dags/example_skip_dag.py
[2025-02-15 13:58:04,797] {scheduler_job.py:633} INFO - Processing file /home/airflow/.local/lib/python3.6/site-packages/airflow/example_dags/example_skip_dag.py for tasks to queue
[2025-02-15 13:58:04,799] {logging_mixin.py:104} INFO - [2025-02-15 13:58:04,798] {dagbag.py:496} INFO - Filling up the DagBag from /home/airflow/.local/lib/python3.6/site-packages/airflow/example_dags/example_skip_dag.py
[2025-02-15 13:58:04,816] {scheduler_job.py:643} INFO - DAG(s) dict_keys(['example_skip_dag']) retrieved from /home/airflow/.local/lib/python3.6/site-packages/airflow/example_dags/example_skip_dag.py
[2025-02-15 13:58:04,849] {logging_mixin.py:104} INFO - [2025-02-15 13:58:04,849] {dag.py:1833} INFO - Sync 1 DAGs
[2025-02-15 13:58:04,869] {logging_mixin.py:104} INFO - [2025-02-15 13:58:04,868] {dag.py:2306} INFO - Setting next_dagrun for example_skip_dag to 2025-02-13 00:00:00+00:00
[2025-02-15 13:58:04,889] {scheduler_job.py:190} INFO - Processing /home/airflow/.local/lib/python3.6/site-packages/airflow/example_dags/example_skip_dag.py took 0.105 seconds
[2025-02-15 13:58:35,277] {scheduler_job.py:182} INFO - Started process (PID=511) to work on /home/airflow/.local/lib/python3.6/site-packages/airflow/example_dags/example_skip_dag.py
[2025-02-15 13:58:35,290] {scheduler_job.py:633} INFO - Processing file /home/airflow/.local/lib/python3.6/site-packages/airflow/example_dags/example_skip_dag.py for tasks to queue
[2025-02-15 13:58:35,291] {logging_mixin.py:104} INFO - [2025-02-15 13:58:35,291] {dagbag.py:496} INFO - Filling up the DagBag from /home/airflow/.local/lib/python3.6/site-packages/airflow/example_dags/example_skip_dag.py
[2025-02-15 13:58:35,316] {scheduler_job.py:643} INFO - DAG(s) dict_keys(['example_skip_dag']) retrieved from /home/airflow/.local/lib/python3.6/site-packages/airflow/example_dags/example_skip_dag.py
[2025-02-15 13:58:35,345] {logging_mixin.py:104} INFO - [2025-02-15 13:58:35,345] {dag.py:1833} INFO - Sync 1 DAGs
[2025-02-15 13:58:35,363] {logging_mixin.py:104} INFO - [2025-02-15 13:58:35,363] {dag.py:2306} INFO - Setting next_dagrun for example_skip_dag to 2025-02-13 00:00:00+00:00
[2025-02-15 13:58:35,385] {scheduler_job.py:190} INFO - Processing /home/airflow/.local/lib/python3.6/site-packages/airflow/example_dags/example_skip_dag.py took 0.112 seconds
[2025-02-15 13:59:05,507] {scheduler_job.py:182} INFO - Started process (PID=563) to work on /home/airflow/.local/lib/python3.6/site-packages/airflow/example_dags/example_skip_dag.py
[2025-02-15 13:59:05,516] {scheduler_job.py:633} INFO - Processing file /home/airflow/.local/lib/python3.6/site-packages/airflow/example_dags/example_skip_dag.py for tasks to queue
[2025-02-15 13:59:05,519] {logging_mixin.py:104} INFO - [2025-02-15 13:59:05,519] {dagbag.py:496} INFO - Filling up the DagBag from /home/airflow/.local/lib/python3.6/site-packages/airflow/example_dags/example_skip_dag.py
[2025-02-15 13:59:05,552] {scheduler_job.py:643} INFO - DAG(s) dict_keys(['example_skip_dag']) retrieved from /home/airflow/.local/lib/python3.6/site-packages/airflow/example_dags/example_skip_dag.py
[2025-02-15 13:59:05,610] {logging_mixin.py:104} INFO - [2025-02-15 13:59:05,610] {dag.py:1833} INFO - Sync 1 DAGs
[2025-02-15 13:59:05,636] {logging_mixin.py:104} INFO - [2025-02-15 13:59:05,636] {dag.py:2306} INFO - Setting next_dagrun for example_skip_dag to 2025-02-13 00:00:00+00:00
[2025-02-15 13:59:05,648] {scheduler_job.py:190} INFO - Processing /home/airflow/.local/lib/python3.6/site-packages/airflow/example_dags/example_skip_dag.py took 0.155 seconds
[2025-02-15 13:59:36,031] {scheduler_job.py:182} INFO - Started process (PID=625) to work on /home/airflow/.local/lib/python3.6/site-packages/airflow/example_dags/example_skip_dag.py
[2025-02-15 13:59:36,032] {scheduler_job.py:633} INFO - Processing file /home/airflow/.local/lib/python3.6/site-packages/airflow/example_dags/example_skip_dag.py for tasks to queue
[2025-02-15 13:59:36,033] {logging_mixin.py:104} INFO - [2025-02-15 13:59:36,033] {dagbag.py:496} INFO - Filling up the DagBag from /home/airflow/.local/lib/python3.6/site-packages/airflow/example_dags/example_skip_dag.py
[2025-02-15 13:59:36,046] {scheduler_job.py:643} INFO - DAG(s) dict_keys(['example_skip_dag']) retrieved from /home/airflow/.local/lib/python3.6/site-packages/airflow/example_dags/example_skip_dag.py
[2025-02-15 13:59:36,075] {logging_mixin.py:104} INFO - [2025-02-15 13:59:36,075] {dag.py:1833} INFO - Sync 1 DAGs
[2025-02-15 13:59:36,093] {logging_mixin.py:104} INFO - [2025-02-15 13:59:36,093] {dag.py:2306} INFO - Setting next_dagrun for example_skip_dag to 2025-02-13 00:00:00+00:00
[2025-02-15 13:59:36,109] {scheduler_job.py:190} INFO - Processing /home/airflow/.local/lib/python3.6/site-packages/airflow/example_dags/example_skip_dag.py took 0.082 seconds
[2025-02-15 14:00:06,297] {scheduler_job.py:182} INFO - Started process (PID=687) to work on /home/airflow/.local/lib/python3.6/site-packages/airflow/example_dags/example_skip_dag.py
[2025-02-15 14:00:06,300] {scheduler_job.py:633} INFO - Processing file /home/airflow/.local/lib/python3.6/site-packages/airflow/example_dags/example_skip_dag.py for tasks to queue
[2025-02-15 14:00:06,302] {logging_mixin.py:104} INFO - [2025-02-15 14:00:06,301] {dagbag.py:496} INFO - Filling up the DagBag from /home/airflow/.local/lib/python3.6/site-packages/airflow/example_dags/example_skip_dag.py
[2025-02-15 14:00:06,324] {scheduler_job.py:643} INFO - DAG(s) dict_keys(['example_skip_dag']) retrieved from /home/airflow/.local/lib/python3.6/site-packages/airflow/example_dags/example_skip_dag.py
[2025-02-15 14:00:06,412] {logging_mixin.py:104} INFO - [2025-02-15 14:00:06,412] {dag.py:1833} INFO - Sync 1 DAGs
[2025-02-15 14:00:06,459] {logging_mixin.py:104} INFO - [2025-02-15 14:00:06,459] {dag.py:2306} INFO - Setting next_dagrun for example_skip_dag to 2025-02-13 00:00:00+00:00
[2025-02-15 14:00:06,484] {scheduler_job.py:190} INFO - Processing /home/airflow/.local/lib/python3.6/site-packages/airflow/example_dags/example_skip_dag.py took 0.197 seconds
[2025-02-15 14:01:27,027] {scheduler_job.py:182} INFO - Started process (PID=55) to work on /home/airflow/.local/lib/python3.6/site-packages/airflow/example_dags/example_skip_dag.py
[2025-02-15 14:01:27,033] {scheduler_job.py:633} INFO - Processing file /home/airflow/.local/lib/python3.6/site-packages/airflow/example_dags/example_skip_dag.py for tasks to queue
[2025-02-15 14:01:27,034] {logging_mixin.py:104} INFO - [2025-02-15 14:01:27,034] {dagbag.py:496} INFO - Filling up the DagBag from /home/airflow/.local/lib/python3.6/site-packages/airflow/example_dags/example_skip_dag.py
[2025-02-15 14:01:27,075] {scheduler_job.py:643} INFO - DAG(s) dict_keys(['example_skip_dag']) retrieved from /home/airflow/.local/lib/python3.6/site-packages/airflow/example_dags/example_skip_dag.py
[2025-02-15 14:01:27,178] {logging_mixin.py:104} INFO - [2025-02-15 14:01:27,177] {dag.py:1833} INFO - Sync 1 DAGs
[2025-02-15 14:01:27,291] {logging_mixin.py:104} INFO - [2025-02-15 14:01:27,291] {dag.py:2306} INFO - Setting next_dagrun for example_skip_dag to 2025-02-13 00:00:00+00:00
[2025-02-15 14:01:27,355] {scheduler_job.py:190} INFO - Processing /home/airflow/.local/lib/python3.6/site-packages/airflow/example_dags/example_skip_dag.py took 0.345 seconds
[2025-02-15 14:01:57,460] {scheduler_job.py:182} INFO - Started process (PID=106) to work on /home/airflow/.local/lib/python3.6/site-packages/airflow/example_dags/example_skip_dag.py
[2025-02-15 14:01:57,476] {scheduler_job.py:633} INFO - Processing file /home/airflow/.local/lib/python3.6/site-packages/airflow/example_dags/example_skip_dag.py for tasks to queue
[2025-02-15 14:01:57,493] {logging_mixin.py:104} INFO - [2025-02-15 14:01:57,492] {dagbag.py:496} INFO - Filling up the DagBag from /home/airflow/.local/lib/python3.6/site-packages/airflow/example_dags/example_skip_dag.py
[2025-02-15 14:01:57,553] {scheduler_job.py:643} INFO - DAG(s) dict_keys(['example_skip_dag']) retrieved from /home/airflow/.local/lib/python3.6/site-packages/airflow/example_dags/example_skip_dag.py
[2025-02-15 14:01:57,704] {logging_mixin.py:104} INFO - [2025-02-15 14:01:57,704] {dag.py:1833} INFO - Sync 1 DAGs
[2025-02-15 14:01:57,898] {logging_mixin.py:104} INFO - [2025-02-15 14:01:57,897] {dag.py:2306} INFO - Setting next_dagrun for example_skip_dag to 2025-02-13 00:00:00+00:00
[2025-02-15 14:01:57,957] {scheduler_job.py:190} INFO - Processing /home/airflow/.local/lib/python3.6/site-packages/airflow/example_dags/example_skip_dag.py took 0.528 seconds
[2025-02-15 14:05:13,176] {scheduler_job.py:182} INFO - Started process (PID=55) to work on /home/airflow/.local/lib/python3.6/site-packages/airflow/example_dags/example_skip_dag.py
[2025-02-15 14:05:13,181] {scheduler_job.py:633} INFO - Processing file /home/airflow/.local/lib/python3.6/site-packages/airflow/example_dags/example_skip_dag.py for tasks to queue
[2025-02-15 14:05:13,189] {logging_mixin.py:104} INFO - [2025-02-15 14:05:13,189] {dagbag.py:496} INFO - Filling up the DagBag from /home/airflow/.local/lib/python3.6/site-packages/airflow/example_dags/example_skip_dag.py
[2025-02-15 14:05:13,262] {scheduler_job.py:643} INFO - DAG(s) dict_keys(['example_skip_dag']) retrieved from /home/airflow/.local/lib/python3.6/site-packages/airflow/example_dags/example_skip_dag.py
[2025-02-15 14:05:51,503] {logging_mixin.py:104} INFO - [2025-02-15 14:05:51,499] {dag.py:1833} INFO - Sync 1 DAGs
[2025-02-15 14:05:51,539] {logging_mixin.py:104} INFO - [2025-02-15 14:05:51,536] {dag.py:1852} INFO - Creating ORM DAG for example_skip_dag
[2025-02-15 14:05:51,554] {logging_mixin.py:104} INFO - [2025-02-15 14:05:51,554] {dag.py:2306} INFO - Setting next_dagrun for example_skip_dag to 2025-02-13 00:00:00+00:00
[2025-02-15 14:05:51,589] {scheduler_job.py:190} INFO - Processing /home/airflow/.local/lib/python3.6/site-packages/airflow/example_dags/example_skip_dag.py took 38.434 seconds
[2025-02-15 14:07:47,967] {scheduler_job.py:182} INFO - Started process (PID=407) to work on /home/airflow/.local/lib/python3.6/site-packages/airflow/example_dags/example_skip_dag.py
[2025-02-15 14:07:47,976] {scheduler_job.py:633} INFO - Processing file /home/airflow/.local/lib/python3.6/site-packages/airflow/example_dags/example_skip_dag.py for tasks to queue
[2025-02-15 14:07:47,978] {logging_mixin.py:104} INFO - [2025-02-15 14:07:47,978] {dagbag.py:496} INFO - Filling up the DagBag from /home/airflow/.local/lib/python3.6/site-packages/airflow/example_dags/example_skip_dag.py
[2025-02-15 14:07:48,040] {scheduler_job.py:643} INFO - DAG(s) dict_keys(['example_skip_dag']) retrieved from /home/airflow/.local/lib/python3.6/site-packages/airflow/example_dags/example_skip_dag.py
[2025-02-15 14:07:48,153] {logging_mixin.py:104} INFO - [2025-02-15 14:07:48,152] {dag.py:1833} INFO - Sync 1 DAGs
[2025-02-15 14:07:48,225] {logging_mixin.py:104} INFO - [2025-02-15 14:07:48,223] {dag.py:2306} INFO - Setting next_dagrun for example_skip_dag to 2025-02-13 00:00:00+00:00
[2025-02-15 14:07:48,253] {scheduler_job.py:190} INFO - Processing /home/airflow/.local/lib/python3.6/site-packages/airflow/example_dags/example_skip_dag.py took 0.305 seconds
[2025-02-15 14:08:18,758] {scheduler_job.py:182} INFO - Started process (PID=458) to work on /home/airflow/.local/lib/python3.6/site-packages/airflow/example_dags/example_skip_dag.py
[2025-02-15 14:08:18,759] {scheduler_job.py:633} INFO - Processing file /home/airflow/.local/lib/python3.6/site-packages/airflow/example_dags/example_skip_dag.py for tasks to queue
[2025-02-15 14:08:18,761] {logging_mixin.py:104} INFO - [2025-02-15 14:08:18,761] {dagbag.py:496} INFO - Filling up the DagBag from /home/airflow/.local/lib/python3.6/site-packages/airflow/example_dags/example_skip_dag.py
[2025-02-15 14:08:18,779] {scheduler_job.py:643} INFO - DAG(s) dict_keys(['example_skip_dag']) retrieved from /home/airflow/.local/lib/python3.6/site-packages/airflow/example_dags/example_skip_dag.py
[2025-02-15 14:08:18,829] {logging_mixin.py:104} INFO - [2025-02-15 14:08:18,828] {dag.py:1833} INFO - Sync 1 DAGs
[2025-02-15 14:08:18,869] {logging_mixin.py:104} INFO - [2025-02-15 14:08:18,869] {dag.py:2306} INFO - Setting next_dagrun for example_skip_dag to 2025-02-13 00:00:00+00:00
[2025-02-15 14:08:18,895] {scheduler_job.py:190} INFO - Processing /home/airflow/.local/lib/python3.6/site-packages/airflow/example_dags/example_skip_dag.py took 0.141 seconds
[2025-02-15 14:08:49,095] {scheduler_job.py:182} INFO - Started process (PID=520) to work on /home/airflow/.local/lib/python3.6/site-packages/airflow/example_dags/example_skip_dag.py
[2025-02-15 14:08:49,098] {scheduler_job.py:633} INFO - Processing file /home/airflow/.local/lib/python3.6/site-packages/airflow/example_dags/example_skip_dag.py for tasks to queue
[2025-02-15 14:08:49,100] {logging_mixin.py:104} INFO - [2025-02-15 14:08:49,100] {dagbag.py:496} INFO - Filling up the DagBag from /home/airflow/.local/lib/python3.6/site-packages/airflow/example_dags/example_skip_dag.py
[2025-02-15 14:08:49,136] {scheduler_job.py:643} INFO - DAG(s) dict_keys(['example_skip_dag']) retrieved from /home/airflow/.local/lib/python3.6/site-packages/airflow/example_dags/example_skip_dag.py
[2025-02-15 14:08:49,203] {logging_mixin.py:104} INFO - [2025-02-15 14:08:49,203] {dag.py:1833} INFO - Sync 1 DAGs
[2025-02-15 14:08:49,245] {logging_mixin.py:104} INFO - [2025-02-15 14:08:49,244] {dag.py:2306} INFO - Setting next_dagrun for example_skip_dag to 2025-02-13 00:00:00+00:00
[2025-02-15 14:08:49,275] {scheduler_job.py:190} INFO - Processing /home/airflow/.local/lib/python3.6/site-packages/airflow/example_dags/example_skip_dag.py took 0.191 seconds
[2025-02-15 14:09:19,733] {scheduler_job.py:182} INFO - Started process (PID=582) to work on /home/airflow/.local/lib/python3.6/site-packages/airflow/example_dags/example_skip_dag.py
[2025-02-15 14:09:19,735] {scheduler_job.py:633} INFO - Processing file /home/airflow/.local/lib/python3.6/site-packages/airflow/example_dags/example_skip_dag.py for tasks to queue
[2025-02-15 14:09:19,736] {logging_mixin.py:104} INFO - [2025-02-15 14:09:19,736] {dagbag.py:496} INFO - Filling up the DagBag from /home/airflow/.local/lib/python3.6/site-packages/airflow/example_dags/example_skip_dag.py
[2025-02-15 14:09:19,753] {scheduler_job.py:643} INFO - DAG(s) dict_keys(['example_skip_dag']) retrieved from /home/airflow/.local/lib/python3.6/site-packages/airflow/example_dags/example_skip_dag.py
[2025-02-15 14:09:19,782] {logging_mixin.py:104} INFO - [2025-02-15 14:09:19,782] {dag.py:1833} INFO - Sync 1 DAGs
[2025-02-15 14:09:19,800] {logging_mixin.py:104} INFO - [2025-02-15 14:09:19,800] {dag.py:2306} INFO - Setting next_dagrun for example_skip_dag to 2025-02-13 00:00:00+00:00
[2025-02-15 14:09:19,812] {scheduler_job.py:190} INFO - Processing /home/airflow/.local/lib/python3.6/site-packages/airflow/example_dags/example_skip_dag.py took 0.083 seconds
[2025-02-15 14:09:50,034] {scheduler_job.py:182} INFO - Started process (PID=634) to work on /home/airflow/.local/lib/python3.6/site-packages/airflow/example_dags/example_skip_dag.py
[2025-02-15 14:09:50,036] {scheduler_job.py:633} INFO - Processing file /home/airflow/.local/lib/python3.6/site-packages/airflow/example_dags/example_skip_dag.py for tasks to queue
[2025-02-15 14:09:50,038] {logging_mixin.py:104} INFO - [2025-02-15 14:09:50,038] {dagbag.py:496} INFO - Filling up the DagBag from /home/airflow/.local/lib/python3.6/site-packages/airflow/example_dags/example_skip_dag.py
[2025-02-15 14:09:50,061] {scheduler_job.py:643} INFO - DAG(s) dict_keys(['example_skip_dag']) retrieved from /home/airflow/.local/lib/python3.6/site-packages/airflow/example_dags/example_skip_dag.py
[2025-02-15 14:09:50,106] {logging_mixin.py:104} INFO - [2025-02-15 14:09:50,106] {dag.py:1833} INFO - Sync 1 DAGs
[2025-02-15 14:09:50,140] {logging_mixin.py:104} INFO - [2025-02-15 14:09:50,140] {dag.py:2306} INFO - Setting next_dagrun for example_skip_dag to 2025-02-13 00:00:00+00:00
[2025-02-15 14:09:50,156] {scheduler_job.py:190} INFO - Processing /home/airflow/.local/lib/python3.6/site-packages/airflow/example_dags/example_skip_dag.py took 0.135 seconds
[2025-02-15 14:10:20,372] {scheduler_job.py:182} INFO - Started process (PID=695) to work on /home/airflow/.local/lib/python3.6/site-packages/airflow/example_dags/example_skip_dag.py
[2025-02-15 14:10:20,373] {scheduler_job.py:633} INFO - Processing file /home/airflow/.local/lib/python3.6/site-packages/airflow/example_dags/example_skip_dag.py for tasks to queue
[2025-02-15 14:10:20,374] {logging_mixin.py:104} INFO - [2025-02-15 14:10:20,374] {dagbag.py:496} INFO - Filling up the DagBag from /home/airflow/.local/lib/python3.6/site-packages/airflow/example_dags/example_skip_dag.py
[2025-02-15 14:10:20,396] {scheduler_job.py:643} INFO - DAG(s) dict_keys(['example_skip_dag']) retrieved from /home/airflow/.local/lib/python3.6/site-packages/airflow/example_dags/example_skip_dag.py
[2025-02-15 14:10:20,438] {logging_mixin.py:104} INFO - [2025-02-15 14:10:20,438] {dag.py:1833} INFO - Sync 1 DAGs
[2025-02-15 14:10:20,463] {logging_mixin.py:104} INFO - [2025-02-15 14:10:20,463] {dag.py:2306} INFO - Setting next_dagrun for example_skip_dag to 2025-02-13 00:00:00+00:00
[2025-02-15 14:10:20,483] {scheduler_job.py:190} INFO - Processing /home/airflow/.local/lib/python3.6/site-packages/airflow/example_dags/example_skip_dag.py took 0.117 seconds
[2025-02-15 14:10:50,810] {scheduler_job.py:182} INFO - Started process (PID=747) to work on /home/airflow/.local/lib/python3.6/site-packages/airflow/example_dags/example_skip_dag.py
[2025-02-15 14:10:50,811] {scheduler_job.py:633} INFO - Processing file /home/airflow/.local/lib/python3.6/site-packages/airflow/example_dags/example_skip_dag.py for tasks to queue
[2025-02-15 14:10:50,812] {logging_mixin.py:104} INFO - [2025-02-15 14:10:50,812] {dagbag.py:496} INFO - Filling up the DagBag from /home/airflow/.local/lib/python3.6/site-packages/airflow/example_dags/example_skip_dag.py
[2025-02-15 14:10:50,829] {scheduler_job.py:643} INFO - DAG(s) dict_keys(['example_skip_dag']) retrieved from /home/airflow/.local/lib/python3.6/site-packages/airflow/example_dags/example_skip_dag.py
[2025-02-15 14:10:50,862] {logging_mixin.py:104} INFO - [2025-02-15 14:10:50,862] {dag.py:1833} INFO - Sync 1 DAGs
[2025-02-15 14:10:50,882] {logging_mixin.py:104} INFO - [2025-02-15 14:10:50,882] {dag.py:2306} INFO - Setting next_dagrun for example_skip_dag to 2025-02-13 00:00:00+00:00
[2025-02-15 14:10:50,898] {scheduler_job.py:190} INFO - Processing /home/airflow/.local/lib/python3.6/site-packages/airflow/example_dags/example_skip_dag.py took 0.092 seconds
[2025-02-15 14:11:21,116] {scheduler_job.py:182} INFO - Started process (PID=806) to work on /home/airflow/.local/lib/python3.6/site-packages/airflow/example_dags/example_skip_dag.py
[2025-02-15 14:11:21,117] {scheduler_job.py:633} INFO - Processing file /home/airflow/.local/lib/python3.6/site-packages/airflow/example_dags/example_skip_dag.py for tasks to queue
[2025-02-15 14:11:21,118] {logging_mixin.py:104} INFO - [2025-02-15 14:11:21,118] {dagbag.py:496} INFO - Filling up the DagBag from /home/airflow/.local/lib/python3.6/site-packages/airflow/example_dags/example_skip_dag.py
[2025-02-15 14:11:21,136] {scheduler_job.py:643} INFO - DAG(s) dict_keys(['example_skip_dag']) retrieved from /home/airflow/.local/lib/python3.6/site-packages/airflow/example_dags/example_skip_dag.py
[2025-02-15 14:11:21,170] {logging_mixin.py:104} INFO - [2025-02-15 14:11:21,170] {dag.py:1833} INFO - Sync 1 DAGs
[2025-02-15 14:11:21,188] {logging_mixin.py:104} INFO - [2025-02-15 14:11:21,188] {dag.py:2306} INFO - Setting next_dagrun for example_skip_dag to 2025-02-13 00:00:00+00:00
[2025-02-15 14:11:21,203] {scheduler_job.py:190} INFO - Processing /home/airflow/.local/lib/python3.6/site-packages/airflow/example_dags/example_skip_dag.py took 0.092 seconds
[2025-02-15 14:11:51,914] {scheduler_job.py:182} INFO - Started process (PID=861) to work on /home/airflow/.local/lib/python3.6/site-packages/airflow/example_dags/example_skip_dag.py
[2025-02-15 14:11:51,917] {scheduler_job.py:633} INFO - Processing file /home/airflow/.local/lib/python3.6/site-packages/airflow/example_dags/example_skip_dag.py for tasks to queue
[2025-02-15 14:11:51,918] {logging_mixin.py:104} INFO - [2025-02-15 14:11:51,918] {dagbag.py:496} INFO - Filling up the DagBag from /home/airflow/.local/lib/python3.6/site-packages/airflow/example_dags/example_skip_dag.py
[2025-02-15 14:11:51,936] {scheduler_job.py:643} INFO - DAG(s) dict_keys(['example_skip_dag']) retrieved from /home/airflow/.local/lib/python3.6/site-packages/airflow/example_dags/example_skip_dag.py
[2025-02-15 14:11:51,971] {logging_mixin.py:104} INFO - [2025-02-15 14:11:51,971] {dag.py:1833} INFO - Sync 1 DAGs
[2025-02-15 14:11:51,994] {logging_mixin.py:104} INFO - [2025-02-15 14:11:51,994] {dag.py:2306} INFO - Setting next_dagrun for example_skip_dag to 2025-02-13 00:00:00+00:00
[2025-02-15 14:11:52,014] {scheduler_job.py:190} INFO - Processing /home/airflow/.local/lib/python3.6/site-packages/airflow/example_dags/example_skip_dag.py took 0.106 seconds
[2025-02-15 14:12:22,134] {scheduler_job.py:182} INFO - Started process (PID=923) to work on /home/airflow/.local/lib/python3.6/site-packages/airflow/example_dags/example_skip_dag.py
[2025-02-15 14:12:22,136] {scheduler_job.py:633} INFO - Processing file /home/airflow/.local/lib/python3.6/site-packages/airflow/example_dags/example_skip_dag.py for tasks to queue
[2025-02-15 14:12:22,137] {logging_mixin.py:104} INFO - [2025-02-15 14:12:22,137] {dagbag.py:496} INFO - Filling up the DagBag from /home/airflow/.local/lib/python3.6/site-packages/airflow/example_dags/example_skip_dag.py
[2025-02-15 14:12:22,151] {scheduler_job.py:643} INFO - DAG(s) dict_keys(['example_skip_dag']) retrieved from /home/airflow/.local/lib/python3.6/site-packages/airflow/example_dags/example_skip_dag.py
[2025-02-15 14:12:22,183] {logging_mixin.py:104} INFO - [2025-02-15 14:12:22,183] {dag.py:1833} INFO - Sync 1 DAGs
[2025-02-15 14:12:22,203] {logging_mixin.py:104} INFO - [2025-02-15 14:12:22,202] {dag.py:2306} INFO - Setting next_dagrun for example_skip_dag to 2025-02-13 00:00:00+00:00
[2025-02-15 14:12:22,218] {scheduler_job.py:190} INFO - Processing /home/airflow/.local/lib/python3.6/site-packages/airflow/example_dags/example_skip_dag.py took 0.088 seconds
[2025-02-15 14:12:52,976] {scheduler_job.py:182} INFO - Started process (PID=976) to work on /home/airflow/.local/lib/python3.6/site-packages/airflow/example_dags/example_skip_dag.py
[2025-02-15 14:12:52,978] {scheduler_job.py:633} INFO - Processing file /home/airflow/.local/lib/python3.6/site-packages/airflow/example_dags/example_skip_dag.py for tasks to queue
[2025-02-15 14:12:52,979] {logging_mixin.py:104} INFO - [2025-02-15 14:12:52,979] {dagbag.py:496} INFO - Filling up the DagBag from /home/airflow/.local/lib/python3.6/site-packages/airflow/example_dags/example_skip_dag.py
[2025-02-15 14:12:52,997] {scheduler_job.py:643} INFO - DAG(s) dict_keys(['example_skip_dag']) retrieved from /home/airflow/.local/lib/python3.6/site-packages/airflow/example_dags/example_skip_dag.py
[2025-02-15 14:12:53,028] {logging_mixin.py:104} INFO - [2025-02-15 14:12:53,027] {dag.py:1833} INFO - Sync 1 DAGs
[2025-02-15 14:12:53,046] {logging_mixin.py:104} INFO - [2025-02-15 14:12:53,046] {dag.py:2306} INFO - Setting next_dagrun for example_skip_dag to 2025-02-13 00:00:00+00:00
[2025-02-15 14:12:53,059] {scheduler_job.py:190} INFO - Processing /home/airflow/.local/lib/python3.6/site-packages/airflow/example_dags/example_skip_dag.py took 0.088 seconds
[2025-02-15 14:13:23,324] {scheduler_job.py:182} INFO - Started process (PID=1037) to work on /home/airflow/.local/lib/python3.6/site-packages/airflow/example_dags/example_skip_dag.py
[2025-02-15 14:13:23,325] {scheduler_job.py:633} INFO - Processing file /home/airflow/.local/lib/python3.6/site-packages/airflow/example_dags/example_skip_dag.py for tasks to queue
[2025-02-15 14:13:23,326] {logging_mixin.py:104} INFO - [2025-02-15 14:13:23,326] {dagbag.py:496} INFO - Filling up the DagBag from /home/airflow/.local/lib/python3.6/site-packages/airflow/example_dags/example_skip_dag.py
[2025-02-15 14:13:23,340] {scheduler_job.py:643} INFO - DAG(s) dict_keys(['example_skip_dag']) retrieved from /home/airflow/.local/lib/python3.6/site-packages/airflow/example_dags/example_skip_dag.py
[2025-02-15 14:13:23,378] {logging_mixin.py:104} INFO - [2025-02-15 14:13:23,378] {dag.py:1833} INFO - Sync 1 DAGs
[2025-02-15 14:13:23,405] {logging_mixin.py:104} INFO - [2025-02-15 14:13:23,405] {dag.py:2306} INFO - Setting next_dagrun for example_skip_dag to 2025-02-13 00:00:00+00:00
[2025-02-15 14:13:23,420] {scheduler_job.py:190} INFO - Processing /home/airflow/.local/lib/python3.6/site-packages/airflow/example_dags/example_skip_dag.py took 0.100 seconds
[2025-02-15 14:13:53,851] {scheduler_job.py:182} INFO - Started process (PID=1090) to work on /home/airflow/.local/lib/python3.6/site-packages/airflow/example_dags/example_skip_dag.py
[2025-02-15 14:13:53,852] {scheduler_job.py:633} INFO - Processing file /home/airflow/.local/lib/python3.6/site-packages/airflow/example_dags/example_skip_dag.py for tasks to queue
[2025-02-15 14:13:53,853] {logging_mixin.py:104} INFO - [2025-02-15 14:13:53,853] {dagbag.py:496} INFO - Filling up the DagBag from /home/airflow/.local/lib/python3.6/site-packages/airflow/example_dags/example_skip_dag.py
[2025-02-15 14:13:53,867] {scheduler_job.py:643} INFO - DAG(s) dict_keys(['example_skip_dag']) retrieved from /home/airflow/.local/lib/python3.6/site-packages/airflow/example_dags/example_skip_dag.py
[2025-02-15 14:13:53,898] {logging_mixin.py:104} INFO - [2025-02-15 14:13:53,897] {dag.py:1833} INFO - Sync 1 DAGs
[2025-02-15 14:13:53,915] {logging_mixin.py:104} INFO - [2025-02-15 14:13:53,915] {dag.py:2306} INFO - Setting next_dagrun for example_skip_dag to 2025-02-13 00:00:00+00:00
[2025-02-15 14:13:53,929] {scheduler_job.py:190} INFO - Processing /home/airflow/.local/lib/python3.6/site-packages/airflow/example_dags/example_skip_dag.py took 0.082 seconds
[2025-02-15 14:15:02,885] {scheduler_job.py:182} INFO - Started process (PID=56) to work on /home/airflow/.local/lib/python3.6/site-packages/airflow/example_dags/example_skip_dag.py
[2025-02-15 14:15:02,889] {scheduler_job.py:633} INFO - Processing file /home/airflow/.local/lib/python3.6/site-packages/airflow/example_dags/example_skip_dag.py for tasks to queue
[2025-02-15 14:15:02,894] {logging_mixin.py:104} INFO - [2025-02-15 14:15:02,894] {dagbag.py:496} INFO - Filling up the DagBag from /home/airflow/.local/lib/python3.6/site-packages/airflow/example_dags/example_skip_dag.py
[2025-02-15 14:15:02,963] {scheduler_job.py:643} INFO - DAG(s) dict_keys(['example_skip_dag']) retrieved from /home/airflow/.local/lib/python3.6/site-packages/airflow/example_dags/example_skip_dag.py
[2025-02-15 14:15:03,286] {logging_mixin.py:104} INFO - [2025-02-15 14:15:03,286] {dag.py:1833} INFO - Sync 1 DAGs
[2025-02-15 14:15:03,386] {logging_mixin.py:104} INFO - [2025-02-15 14:15:03,384] {dag.py:2306} INFO - Setting next_dagrun for example_skip_dag to 2025-02-13 00:00:00+00:00
[2025-02-15 14:15:03,435] {scheduler_job.py:190} INFO - Processing /home/airflow/.local/lib/python3.6/site-packages/airflow/example_dags/example_skip_dag.py took 0.559 seconds
[2025-02-15 14:15:34,188] {scheduler_job.py:182} INFO - Started process (PID=105) to work on /home/airflow/.local/lib/python3.6/site-packages/airflow/example_dags/example_skip_dag.py
[2025-02-15 14:15:34,193] {scheduler_job.py:633} INFO - Processing file /home/airflow/.local/lib/python3.6/site-packages/airflow/example_dags/example_skip_dag.py for tasks to queue
[2025-02-15 14:15:34,195] {logging_mixin.py:104} INFO - [2025-02-15 14:15:34,194] {dagbag.py:496} INFO - Filling up the DagBag from /home/airflow/.local/lib/python3.6/site-packages/airflow/example_dags/example_skip_dag.py
[2025-02-15 14:15:34,323] {scheduler_job.py:643} INFO - DAG(s) dict_keys(['example_skip_dag']) retrieved from /home/airflow/.local/lib/python3.6/site-packages/airflow/example_dags/example_skip_dag.py
[2025-02-15 14:15:34,465] {logging_mixin.py:104} INFO - [2025-02-15 14:15:34,464] {dag.py:1833} INFO - Sync 1 DAGs
[2025-02-15 14:15:34,516] {logging_mixin.py:104} INFO - [2025-02-15 14:15:34,515] {dag.py:2306} INFO - Setting next_dagrun for example_skip_dag to 2025-02-13 00:00:00+00:00
[2025-02-15 14:15:34,556] {scheduler_job.py:190} INFO - Processing /home/airflow/.local/lib/python3.6/site-packages/airflow/example_dags/example_skip_dag.py took 0.377 seconds
[2025-02-15 14:16:05,709] {scheduler_job.py:182} INFO - Started process (PID=150) to work on /home/airflow/.local/lib/python3.6/site-packages/airflow/example_dags/example_skip_dag.py
[2025-02-15 14:16:06,729] {scheduler_job.py:633} INFO - Processing file /home/airflow/.local/lib/python3.6/site-packages/airflow/example_dags/example_skip_dag.py for tasks to queue
[2025-02-15 14:16:06,781] {logging_mixin.py:104} INFO - [2025-02-15 14:16:06,773] {dagbag.py:496} INFO - Filling up the DagBag from /home/airflow/.local/lib/python3.6/site-packages/airflow/example_dags/example_skip_dag.py
[2025-02-15 14:18:07,880] {scheduler_job.py:643} INFO - DAG(s) dict_keys(['example_skip_dag']) retrieved from /home/airflow/.local/lib/python3.6/site-packages/airflow/example_dags/example_skip_dag.py
[2025-02-15 14:21:10,185] {scheduler_job.py:182} INFO - Started process (PID=154) to work on /home/airflow/.local/lib/python3.6/site-packages/airflow/example_dags/example_skip_dag.py
[2025-02-15 14:21:10,201] {scheduler_job.py:633} INFO - Processing file /home/airflow/.local/lib/python3.6/site-packages/airflow/example_dags/example_skip_dag.py for tasks to queue
[2025-02-15 14:21:10,203] {logging_mixin.py:104} INFO - [2025-02-15 14:21:10,203] {dagbag.py:496} INFO - Filling up the DagBag from /home/airflow/.local/lib/python3.6/site-packages/airflow/example_dags/example_skip_dag.py
[2025-02-15 14:21:10,339] {scheduler_job.py:643} INFO - DAG(s) dict_keys(['example_skip_dag']) retrieved from /home/airflow/.local/lib/python3.6/site-packages/airflow/example_dags/example_skip_dag.py
[2025-02-15 14:21:10,551] {logging_mixin.py:104} INFO - [2025-02-15 14:21:10,550] {dag.py:1833} INFO - Sync 1 DAGs
[2025-02-15 14:21:10,602] {logging_mixin.py:104} INFO - [2025-02-15 14:21:10,601] {dag.py:2306} INFO - Setting next_dagrun for example_skip_dag to 2025-02-13 00:00:00+00:00
[2025-02-15 14:21:10,702] {scheduler_job.py:190} INFO - Processing /home/airflow/.local/lib/python3.6/site-packages/airflow/example_dags/example_skip_dag.py took 0.558 seconds
[2025-02-15 14:21:41,403] {scheduler_job.py:182} INFO - Started process (PID=206) to work on /home/airflow/.local/lib/python3.6/site-packages/airflow/example_dags/example_skip_dag.py
[2025-02-15 14:21:41,408] {scheduler_job.py:633} INFO - Processing file /home/airflow/.local/lib/python3.6/site-packages/airflow/example_dags/example_skip_dag.py for tasks to queue
[2025-02-15 14:21:41,412] {logging_mixin.py:104} INFO - [2025-02-15 14:21:41,410] {dagbag.py:496} INFO - Filling up the DagBag from /home/airflow/.local/lib/python3.6/site-packages/airflow/example_dags/example_skip_dag.py
[2025-02-15 14:21:41,503] {scheduler_job.py:643} INFO - DAG(s) dict_keys(['example_skip_dag']) retrieved from /home/airflow/.local/lib/python3.6/site-packages/airflow/example_dags/example_skip_dag.py
[2025-02-15 14:21:41,626] {logging_mixin.py:104} INFO - [2025-02-15 14:21:41,625] {dag.py:1833} INFO - Sync 1 DAGs
[2025-02-15 14:21:41,676] {logging_mixin.py:104} INFO - [2025-02-15 14:21:41,675] {dag.py:2306} INFO - Setting next_dagrun for example_skip_dag to 2025-02-13 00:00:00+00:00
[2025-02-15 14:21:41,722] {scheduler_job.py:190} INFO - Processing /home/airflow/.local/lib/python3.6/site-packages/airflow/example_dags/example_skip_dag.py took 0.335 seconds
[2025-02-15 14:22:12,168] {scheduler_job.py:182} INFO - Started process (PID=256) to work on /home/airflow/.local/lib/python3.6/site-packages/airflow/example_dags/example_skip_dag.py
[2025-02-15 14:22:12,171] {scheduler_job.py:633} INFO - Processing file /home/airflow/.local/lib/python3.6/site-packages/airflow/example_dags/example_skip_dag.py for tasks to queue
[2025-02-15 14:22:12,173] {logging_mixin.py:104} INFO - [2025-02-15 14:22:12,173] {dagbag.py:496} INFO - Filling up the DagBag from /home/airflow/.local/lib/python3.6/site-packages/airflow/example_dags/example_skip_dag.py
[2025-02-15 14:22:12,217] {scheduler_job.py:643} INFO - DAG(s) dict_keys(['example_skip_dag']) retrieved from /home/airflow/.local/lib/python3.6/site-packages/airflow/example_dags/example_skip_dag.py
[2025-02-15 14:22:12,301] {logging_mixin.py:104} INFO - [2025-02-15 14:22:12,301] {dag.py:1833} INFO - Sync 1 DAGs
[2025-02-15 14:22:12,339] {logging_mixin.py:104} INFO - [2025-02-15 14:22:12,339] {dag.py:2306} INFO - Setting next_dagrun for example_skip_dag to 2025-02-13 00:00:00+00:00
[2025-02-15 14:22:12,374] {scheduler_job.py:190} INFO - Processing /home/airflow/.local/lib/python3.6/site-packages/airflow/example_dags/example_skip_dag.py took 0.218 seconds
[2025-02-15 14:22:42,528] {scheduler_job.py:182} INFO - Started process (PID=309) to work on /home/airflow/.local/lib/python3.6/site-packages/airflow/example_dags/example_skip_dag.py
[2025-02-15 14:22:42,530] {scheduler_job.py:633} INFO - Processing file /home/airflow/.local/lib/python3.6/site-packages/airflow/example_dags/example_skip_dag.py for tasks to queue
[2025-02-15 14:22:42,530] {logging_mixin.py:104} INFO - [2025-02-15 14:22:42,530] {dagbag.py:496} INFO - Filling up the DagBag from /home/airflow/.local/lib/python3.6/site-packages/airflow/example_dags/example_skip_dag.py
[2025-02-15 14:22:42,541] {scheduler_job.py:643} INFO - DAG(s) dict_keys(['example_skip_dag']) retrieved from /home/airflow/.local/lib/python3.6/site-packages/airflow/example_dags/example_skip_dag.py
[2025-02-15 14:22:42,568] {logging_mixin.py:104} INFO - [2025-02-15 14:22:42,568] {dag.py:1833} INFO - Sync 1 DAGs
[2025-02-15 14:22:42,580] {logging_mixin.py:104} INFO - [2025-02-15 14:22:42,580] {dag.py:2306} INFO - Setting next_dagrun for example_skip_dag to 2025-02-13 00:00:00+00:00
[2025-02-15 14:22:42,600] {scheduler_job.py:190} INFO - Processing /home/airflow/.local/lib/python3.6/site-packages/airflow/example_dags/example_skip_dag.py took 0.075 seconds
[2025-02-15 14:25:00,300] {scheduler_job.py:182} INFO - Started process (PID=53) to work on /home/airflow/.local/lib/python3.6/site-packages/airflow/example_dags/example_skip_dag.py
[2025-02-15 14:25:00,330] {scheduler_job.py:633} INFO - Processing file /home/airflow/.local/lib/python3.6/site-packages/airflow/example_dags/example_skip_dag.py for tasks to queue
[2025-02-15 14:25:00,333] {logging_mixin.py:104} INFO - [2025-02-15 14:25:00,332] {dagbag.py:496} INFO - Filling up the DagBag from /home/airflow/.local/lib/python3.6/site-packages/airflow/example_dags/example_skip_dag.py
[2025-02-15 14:25:00,385] {scheduler_job.py:643} INFO - DAG(s) dict_keys(['example_skip_dag']) retrieved from /home/airflow/.local/lib/python3.6/site-packages/airflow/example_dags/example_skip_dag.py
[2025-02-15 14:25:00,509] {logging_mixin.py:104} INFO - [2025-02-15 14:25:00,509] {dag.py:1833} INFO - Sync 1 DAGs
[2025-02-15 14:25:00,627] {logging_mixin.py:104} INFO - [2025-02-15 14:25:00,626] {dag.py:2306} INFO - Setting next_dagrun for example_skip_dag to 2025-02-13 00:00:00+00:00
[2025-02-15 14:25:00,696] {scheduler_job.py:190} INFO - Processing /home/airflow/.local/lib/python3.6/site-packages/airflow/example_dags/example_skip_dag.py took 0.438 seconds
[2025-02-15 14:25:30,880] {scheduler_job.py:182} INFO - Started process (PID=98) to work on /home/airflow/.local/lib/python3.6/site-packages/airflow/example_dags/example_skip_dag.py
[2025-02-15 14:25:30,886] {scheduler_job.py:633} INFO - Processing file /home/airflow/.local/lib/python3.6/site-packages/airflow/example_dags/example_skip_dag.py for tasks to queue
[2025-02-15 14:25:30,892] {logging_mixin.py:104} INFO - [2025-02-15 14:25:30,891] {dagbag.py:496} INFO - Filling up the DagBag from /home/airflow/.local/lib/python3.6/site-packages/airflow/example_dags/example_skip_dag.py
[2025-02-15 14:25:30,961] {scheduler_job.py:643} INFO - DAG(s) dict_keys(['example_skip_dag']) retrieved from /home/airflow/.local/lib/python3.6/site-packages/airflow/example_dags/example_skip_dag.py
[2025-02-15 14:25:31,086] {logging_mixin.py:104} INFO - [2025-02-15 14:25:31,085] {dag.py:1833} INFO - Sync 1 DAGs
[2025-02-15 14:25:31,244] {logging_mixin.py:104} INFO - [2025-02-15 14:25:31,244] {dag.py:2306} INFO - Setting next_dagrun for example_skip_dag to 2025-02-13 00:00:00+00:00
[2025-02-15 14:25:31,285] {scheduler_job.py:190} INFO - Processing /home/airflow/.local/lib/python3.6/site-packages/airflow/example_dags/example_skip_dag.py took 0.422 seconds
[2025-02-15 14:26:01,409] {scheduler_job.py:182} INFO - Started process (PID=151) to work on /home/airflow/.local/lib/python3.6/site-packages/airflow/example_dags/example_skip_dag.py
[2025-02-15 14:26:01,411] {scheduler_job.py:633} INFO - Processing file /home/airflow/.local/lib/python3.6/site-packages/airflow/example_dags/example_skip_dag.py for tasks to queue
[2025-02-15 14:26:01,412] {logging_mixin.py:104} INFO - [2025-02-15 14:26:01,412] {dagbag.py:496} INFO - Filling up the DagBag from /home/airflow/.local/lib/python3.6/site-packages/airflow/example_dags/example_skip_dag.py
[2025-02-15 14:26:01,428] {scheduler_job.py:643} INFO - DAG(s) dict_keys(['example_skip_dag']) retrieved from /home/airflow/.local/lib/python3.6/site-packages/airflow/example_dags/example_skip_dag.py
[2025-02-15 14:26:01,456] {logging_mixin.py:104} INFO - [2025-02-15 14:26:01,456] {dag.py:1833} INFO - Sync 1 DAGs
[2025-02-15 14:26:01,479] {logging_mixin.py:104} INFO - [2025-02-15 14:26:01,479] {dag.py:2306} INFO - Setting next_dagrun for example_skip_dag to 2025-02-13 00:00:00+00:00
[2025-02-15 14:26:01,495] {scheduler_job.py:190} INFO - Processing /home/airflow/.local/lib/python3.6/site-packages/airflow/example_dags/example_skip_dag.py took 0.089 seconds
[2025-02-15 14:26:31,777] {scheduler_job.py:182} INFO - Started process (PID=213) to work on /home/airflow/.local/lib/python3.6/site-packages/airflow/example_dags/example_skip_dag.py
[2025-02-15 14:26:31,779] {scheduler_job.py:633} INFO - Processing file /home/airflow/.local/lib/python3.6/site-packages/airflow/example_dags/example_skip_dag.py for tasks to queue
[2025-02-15 14:26:31,780] {logging_mixin.py:104} INFO - [2025-02-15 14:26:31,779] {dagbag.py:496} INFO - Filling up the DagBag from /home/airflow/.local/lib/python3.6/site-packages/airflow/example_dags/example_skip_dag.py
[2025-02-15 14:26:31,793] {scheduler_job.py:643} INFO - DAG(s) dict_keys(['example_skip_dag']) retrieved from /home/airflow/.local/lib/python3.6/site-packages/airflow/example_dags/example_skip_dag.py
[2025-02-15 14:26:31,826] {logging_mixin.py:104} INFO - [2025-02-15 14:26:31,826] {dag.py:1833} INFO - Sync 1 DAGs
[2025-02-15 14:26:31,847] {logging_mixin.py:104} INFO - [2025-02-15 14:26:31,847] {dag.py:2306} INFO - Setting next_dagrun for example_skip_dag to 2025-02-13 00:00:00+00:00
[2025-02-15 14:26:31,860] {scheduler_job.py:190} INFO - Processing /home/airflow/.local/lib/python3.6/site-packages/airflow/example_dags/example_skip_dag.py took 0.087 seconds
[2025-02-15 14:27:01,969] {scheduler_job.py:182} INFO - Started process (PID=265) to work on /home/airflow/.local/lib/python3.6/site-packages/airflow/example_dags/example_skip_dag.py
[2025-02-15 14:27:01,971] {scheduler_job.py:633} INFO - Processing file /home/airflow/.local/lib/python3.6/site-packages/airflow/example_dags/example_skip_dag.py for tasks to queue
[2025-02-15 14:27:01,972] {logging_mixin.py:104} INFO - [2025-02-15 14:27:01,971] {dagbag.py:496} INFO - Filling up the DagBag from /home/airflow/.local/lib/python3.6/site-packages/airflow/example_dags/example_skip_dag.py
[2025-02-15 14:27:01,986] {scheduler_job.py:643} INFO - DAG(s) dict_keys(['example_skip_dag']) retrieved from /home/airflow/.local/lib/python3.6/site-packages/airflow/example_dags/example_skip_dag.py
[2025-02-15 14:27:02,017] {logging_mixin.py:104} INFO - [2025-02-15 14:27:02,017] {dag.py:1833} INFO - Sync 1 DAGs
[2025-02-15 14:27:02,035] {logging_mixin.py:104} INFO - [2025-02-15 14:27:02,035] {dag.py:2306} INFO - Setting next_dagrun for example_skip_dag to 2025-02-13 00:00:00+00:00
[2025-02-15 14:27:02,048] {scheduler_job.py:190} INFO - Processing /home/airflow/.local/lib/python3.6/site-packages/airflow/example_dags/example_skip_dag.py took 0.084 seconds
[2025-02-15 14:27:32,153] {scheduler_job.py:182} INFO - Started process (PID=327) to work on /home/airflow/.local/lib/python3.6/site-packages/airflow/example_dags/example_skip_dag.py
[2025-02-15 14:27:32,155] {scheduler_job.py:633} INFO - Processing file /home/airflow/.local/lib/python3.6/site-packages/airflow/example_dags/example_skip_dag.py for tasks to queue
[2025-02-15 14:27:32,155] {logging_mixin.py:104} INFO - [2025-02-15 14:27:32,155] {dagbag.py:496} INFO - Filling up the DagBag from /home/airflow/.local/lib/python3.6/site-packages/airflow/example_dags/example_skip_dag.py
[2025-02-15 14:27:32,169] {scheduler_job.py:643} INFO - DAG(s) dict_keys(['example_skip_dag']) retrieved from /home/airflow/.local/lib/python3.6/site-packages/airflow/example_dags/example_skip_dag.py
[2025-02-15 14:27:32,201] {logging_mixin.py:104} INFO - [2025-02-15 14:27:32,201] {dag.py:1833} INFO - Sync 1 DAGs
[2025-02-15 14:27:32,217] {logging_mixin.py:104} INFO - [2025-02-15 14:27:32,217] {dag.py:2306} INFO - Setting next_dagrun for example_skip_dag to 2025-02-13 00:00:00+00:00
[2025-02-15 14:27:32,228] {scheduler_job.py:190} INFO - Processing /home/airflow/.local/lib/python3.6/site-packages/airflow/example_dags/example_skip_dag.py took 0.079 seconds
[2025-02-15 14:28:02,708] {scheduler_job.py:182} INFO - Started process (PID=379) to work on /home/airflow/.local/lib/python3.6/site-packages/airflow/example_dags/example_skip_dag.py
[2025-02-15 14:28:02,710] {scheduler_job.py:633} INFO - Processing file /home/airflow/.local/lib/python3.6/site-packages/airflow/example_dags/example_skip_dag.py for tasks to queue
[2025-02-15 14:28:02,711] {logging_mixin.py:104} INFO - [2025-02-15 14:28:02,711] {dagbag.py:496} INFO - Filling up the DagBag from /home/airflow/.local/lib/python3.6/site-packages/airflow/example_dags/example_skip_dag.py
[2025-02-15 14:28:02,737] {scheduler_job.py:643} INFO - DAG(s) dict_keys(['example_skip_dag']) retrieved from /home/airflow/.local/lib/python3.6/site-packages/airflow/example_dags/example_skip_dag.py
[2025-02-15 14:28:02,779] {logging_mixin.py:104} INFO - [2025-02-15 14:28:02,778] {dag.py:1833} INFO - Sync 1 DAGs
[2025-02-15 14:28:02,804] {logging_mixin.py:104} INFO - [2025-02-15 14:28:02,803] {dag.py:2306} INFO - Setting next_dagrun for example_skip_dag to 2025-02-13 00:00:00+00:00
[2025-02-15 14:28:02,828] {scheduler_job.py:190} INFO - Processing /home/airflow/.local/lib/python3.6/site-packages/airflow/example_dags/example_skip_dag.py took 0.125 seconds
[2025-02-15 14:28:32,978] {scheduler_job.py:182} INFO - Started process (PID=441) to work on /home/airflow/.local/lib/python3.6/site-packages/airflow/example_dags/example_skip_dag.py
[2025-02-15 14:28:32,980] {scheduler_job.py:633} INFO - Processing file /home/airflow/.local/lib/python3.6/site-packages/airflow/example_dags/example_skip_dag.py for tasks to queue
[2025-02-15 14:28:32,981] {logging_mixin.py:104} INFO - [2025-02-15 14:28:32,981] {dagbag.py:496} INFO - Filling up the DagBag from /home/airflow/.local/lib/python3.6/site-packages/airflow/example_dags/example_skip_dag.py
[2025-02-15 14:28:32,998] {scheduler_job.py:643} INFO - DAG(s) dict_keys(['example_skip_dag']) retrieved from /home/airflow/.local/lib/python3.6/site-packages/airflow/example_dags/example_skip_dag.py
[2025-02-15 14:28:33,035] {logging_mixin.py:104} INFO - [2025-02-15 14:28:33,035] {dag.py:1833} INFO - Sync 1 DAGs
[2025-02-15 14:28:33,051] {logging_mixin.py:104} INFO - [2025-02-15 14:28:33,051] {dag.py:2306} INFO - Setting next_dagrun for example_skip_dag to 2025-02-13 00:00:00+00:00
[2025-02-15 14:28:33,063] {scheduler_job.py:190} INFO - Processing /home/airflow/.local/lib/python3.6/site-packages/airflow/example_dags/example_skip_dag.py took 0.089 seconds
[2025-02-15 14:29:03,336] {scheduler_job.py:182} INFO - Started process (PID=493) to work on /home/airflow/.local/lib/python3.6/site-packages/airflow/example_dags/example_skip_dag.py
[2025-02-15 14:29:03,337] {scheduler_job.py:633} INFO - Processing file /home/airflow/.local/lib/python3.6/site-packages/airflow/example_dags/example_skip_dag.py for tasks to queue
[2025-02-15 14:29:03,338] {logging_mixin.py:104} INFO - [2025-02-15 14:29:03,338] {dagbag.py:496} INFO - Filling up the DagBag from /home/airflow/.local/lib/python3.6/site-packages/airflow/example_dags/example_skip_dag.py
[2025-02-15 14:29:03,351] {scheduler_job.py:643} INFO - DAG(s) dict_keys(['example_skip_dag']) retrieved from /home/airflow/.local/lib/python3.6/site-packages/airflow/example_dags/example_skip_dag.py
[2025-02-15 14:29:03,384] {logging_mixin.py:104} INFO - [2025-02-15 14:29:03,383] {dag.py:1833} INFO - Sync 1 DAGs
[2025-02-15 14:29:03,401] {logging_mixin.py:104} INFO - [2025-02-15 14:29:03,401] {dag.py:2306} INFO - Setting next_dagrun for example_skip_dag to 2025-02-13 00:00:00+00:00
[2025-02-15 14:29:03,414] {scheduler_job.py:190} INFO - Processing /home/airflow/.local/lib/python3.6/site-packages/airflow/example_dags/example_skip_dag.py took 0.082 seconds
[2025-02-15 14:29:33,750] {scheduler_job.py:182} INFO - Started process (PID=551) to work on /home/airflow/.local/lib/python3.6/site-packages/airflow/example_dags/example_skip_dag.py
[2025-02-15 14:29:33,753] {scheduler_job.py:633} INFO - Processing file /home/airflow/.local/lib/python3.6/site-packages/airflow/example_dags/example_skip_dag.py for tasks to queue
[2025-02-15 14:29:33,757] {logging_mixin.py:104} INFO - [2025-02-15 14:29:33,756] {dagbag.py:496} INFO - Filling up the DagBag from /home/airflow/.local/lib/python3.6/site-packages/airflow/example_dags/example_skip_dag.py
[2025-02-15 14:29:33,798] {scheduler_job.py:643} INFO - DAG(s) dict_keys(['example_skip_dag']) retrieved from /home/airflow/.local/lib/python3.6/site-packages/airflow/example_dags/example_skip_dag.py
[2025-02-15 14:29:33,906] {logging_mixin.py:104} INFO - [2025-02-15 14:29:33,905] {dag.py:1833} INFO - Sync 1 DAGs
[2025-02-15 14:29:33,962] {logging_mixin.py:104} INFO - [2025-02-15 14:29:33,962] {dag.py:2306} INFO - Setting next_dagrun for example_skip_dag to 2025-02-13 00:00:00+00:00
[2025-02-15 14:29:33,991] {scheduler_job.py:190} INFO - Processing /home/airflow/.local/lib/python3.6/site-packages/airflow/example_dags/example_skip_dag.py took 0.254 seconds
[2025-02-15 14:30:04,815] {scheduler_job.py:182} INFO - Started process (PID=606) to work on /home/airflow/.local/lib/python3.6/site-packages/airflow/example_dags/example_skip_dag.py
[2025-02-15 14:30:04,818] {scheduler_job.py:633} INFO - Processing file /home/airflow/.local/lib/python3.6/site-packages/airflow/example_dags/example_skip_dag.py for tasks to queue
[2025-02-15 14:30:04,820] {logging_mixin.py:104} INFO - [2025-02-15 14:30:04,819] {dagbag.py:496} INFO - Filling up the DagBag from /home/airflow/.local/lib/python3.6/site-packages/airflow/example_dags/example_skip_dag.py
[2025-02-15 14:30:04,856] {scheduler_job.py:643} INFO - DAG(s) dict_keys(['example_skip_dag']) retrieved from /home/airflow/.local/lib/python3.6/site-packages/airflow/example_dags/example_skip_dag.py
[2025-02-15 14:30:04,942] {logging_mixin.py:104} INFO - [2025-02-15 14:30:04,942] {dag.py:1833} INFO - Sync 1 DAGs
[2025-02-15 14:30:04,994] {logging_mixin.py:104} INFO - [2025-02-15 14:30:04,993] {dag.py:2306} INFO - Setting next_dagrun for example_skip_dag to 2025-02-13 00:00:00+00:00
[2025-02-15 14:30:05,024] {scheduler_job.py:190} INFO - Processing /home/airflow/.local/lib/python3.6/site-packages/airflow/example_dags/example_skip_dag.py took 0.219 seconds
[2025-02-15 14:30:35,222] {scheduler_job.py:182} INFO - Started process (PID=658) to work on /home/airflow/.local/lib/python3.6/site-packages/airflow/example_dags/example_skip_dag.py
[2025-02-15 14:30:35,229] {scheduler_job.py:633} INFO - Processing file /home/airflow/.local/lib/python3.6/site-packages/airflow/example_dags/example_skip_dag.py for tasks to queue
[2025-02-15 14:30:35,233] {logging_mixin.py:104} INFO - [2025-02-15 14:30:35,232] {dagbag.py:496} INFO - Filling up the DagBag from /home/airflow/.local/lib/python3.6/site-packages/airflow/example_dags/example_skip_dag.py
[2025-02-15 14:30:35,292] {scheduler_job.py:643} INFO - DAG(s) dict_keys(['example_skip_dag']) retrieved from /home/airflow/.local/lib/python3.6/site-packages/airflow/example_dags/example_skip_dag.py
[2025-02-15 14:30:35,343] {logging_mixin.py:104} INFO - [2025-02-15 14:30:35,342] {dag.py:1833} INFO - Sync 1 DAGs
[2025-02-15 14:30:35,376] {logging_mixin.py:104} INFO - [2025-02-15 14:30:35,376] {dag.py:2306} INFO - Setting next_dagrun for example_skip_dag to 2025-02-13 00:00:00+00:00
[2025-02-15 14:30:35,404] {scheduler_job.py:190} INFO - Processing /home/airflow/.local/lib/python3.6/site-packages/airflow/example_dags/example_skip_dag.py took 0.203 seconds
[2025-02-15 14:31:05,931] {scheduler_job.py:182} INFO - Started process (PID=710) to work on /home/airflow/.local/lib/python3.6/site-packages/airflow/example_dags/example_skip_dag.py
[2025-02-15 14:31:05,932] {scheduler_job.py:633} INFO - Processing file /home/airflow/.local/lib/python3.6/site-packages/airflow/example_dags/example_skip_dag.py for tasks to queue
[2025-02-15 14:31:05,933] {logging_mixin.py:104} INFO - [2025-02-15 14:31:05,933] {dagbag.py:496} INFO - Filling up the DagBag from /home/airflow/.local/lib/python3.6/site-packages/airflow/example_dags/example_skip_dag.py
[2025-02-15 14:31:05,950] {scheduler_job.py:643} INFO - DAG(s) dict_keys(['example_skip_dag']) retrieved from /home/airflow/.local/lib/python3.6/site-packages/airflow/example_dags/example_skip_dag.py
[2025-02-15 14:31:05,984] {logging_mixin.py:104} INFO - [2025-02-15 14:31:05,984] {dag.py:1833} INFO - Sync 1 DAGs
[2025-02-15 14:31:06,005] {logging_mixin.py:104} INFO - [2025-02-15 14:31:06,005] {dag.py:2306} INFO - Setting next_dagrun for example_skip_dag to 2025-02-13 00:00:00+00:00
[2025-02-15 14:31:06,025] {scheduler_job.py:190} INFO - Processing /home/airflow/.local/lib/python3.6/site-packages/airflow/example_dags/example_skip_dag.py took 0.099 seconds
[2025-02-15 14:31:36,153] {scheduler_job.py:182} INFO - Started process (PID=772) to work on /home/airflow/.local/lib/python3.6/site-packages/airflow/example_dags/example_skip_dag.py
[2025-02-15 14:31:36,154] {scheduler_job.py:633} INFO - Processing file /home/airflow/.local/lib/python3.6/site-packages/airflow/example_dags/example_skip_dag.py for tasks to queue
[2025-02-15 14:31:36,156] {logging_mixin.py:104} INFO - [2025-02-15 14:31:36,155] {dagbag.py:496} INFO - Filling up the DagBag from /home/airflow/.local/lib/python3.6/site-packages/airflow/example_dags/example_skip_dag.py
[2025-02-15 14:31:36,181] {scheduler_job.py:643} INFO - DAG(s) dict_keys(['example_skip_dag']) retrieved from /home/airflow/.local/lib/python3.6/site-packages/airflow/example_dags/example_skip_dag.py
[2025-02-15 14:31:36,227] {logging_mixin.py:104} INFO - [2025-02-15 14:31:36,227] {dag.py:1833} INFO - Sync 1 DAGs
[2025-02-15 14:31:36,251] {logging_mixin.py:104} INFO - [2025-02-15 14:31:36,251] {dag.py:2306} INFO - Setting next_dagrun for example_skip_dag to 2025-02-13 00:00:00+00:00
[2025-02-15 14:31:36,269] {scheduler_job.py:190} INFO - Processing /home/airflow/.local/lib/python3.6/site-packages/airflow/example_dags/example_skip_dag.py took 0.124 seconds
[2025-02-15 14:32:06,618] {scheduler_job.py:182} INFO - Started process (PID=824) to work on /home/airflow/.local/lib/python3.6/site-packages/airflow/example_dags/example_skip_dag.py
[2025-02-15 14:32:06,622] {scheduler_job.py:633} INFO - Processing file /home/airflow/.local/lib/python3.6/site-packages/airflow/example_dags/example_skip_dag.py for tasks to queue
[2025-02-15 14:32:06,623] {logging_mixin.py:104} INFO - [2025-02-15 14:32:06,623] {dagbag.py:496} INFO - Filling up the DagBag from /home/airflow/.local/lib/python3.6/site-packages/airflow/example_dags/example_skip_dag.py
[2025-02-15 14:32:06,643] {scheduler_job.py:643} INFO - DAG(s) dict_keys(['example_skip_dag']) retrieved from /home/airflow/.local/lib/python3.6/site-packages/airflow/example_dags/example_skip_dag.py
[2025-02-15 14:32:06,688] {logging_mixin.py:104} INFO - [2025-02-15 14:32:06,687] {dag.py:1833} INFO - Sync 1 DAGs
[2025-02-15 14:32:06,723] {logging_mixin.py:104} INFO - [2025-02-15 14:32:06,723] {dag.py:2306} INFO - Setting next_dagrun for example_skip_dag to 2025-02-13 00:00:00+00:00
[2025-02-15 14:32:06,740] {scheduler_job.py:190} INFO - Processing /home/airflow/.local/lib/python3.6/site-packages/airflow/example_dags/example_skip_dag.py took 0.129 seconds
[2025-02-15 14:32:36,875] {scheduler_job.py:182} INFO - Started process (PID=876) to work on /home/airflow/.local/lib/python3.6/site-packages/airflow/example_dags/example_skip_dag.py
[2025-02-15 14:32:36,878] {scheduler_job.py:633} INFO - Processing file /home/airflow/.local/lib/python3.6/site-packages/airflow/example_dags/example_skip_dag.py for tasks to queue
[2025-02-15 14:32:36,879] {logging_mixin.py:104} INFO - [2025-02-15 14:32:36,879] {dagbag.py:496} INFO - Filling up the DagBag from /home/airflow/.local/lib/python3.6/site-packages/airflow/example_dags/example_skip_dag.py
[2025-02-15 14:32:36,909] {scheduler_job.py:643} INFO - DAG(s) dict_keys(['example_skip_dag']) retrieved from /home/airflow/.local/lib/python3.6/site-packages/airflow/example_dags/example_skip_dag.py
[2025-02-15 14:32:36,985] {logging_mixin.py:104} INFO - [2025-02-15 14:32:36,985] {dag.py:1833} INFO - Sync 1 DAGs
[2025-02-15 14:32:37,027] {logging_mixin.py:104} INFO - [2025-02-15 14:32:37,027] {dag.py:2306} INFO - Setting next_dagrun for example_skip_dag to 2025-02-13 00:00:00+00:00
[2025-02-15 14:32:37,054] {scheduler_job.py:190} INFO - Processing /home/airflow/.local/lib/python3.6/site-packages/airflow/example_dags/example_skip_dag.py took 0.187 seconds
[2025-02-15 14:33:07,081] {scheduler_job.py:182} INFO - Started process (PID=937) to work on /home/airflow/.local/lib/python3.6/site-packages/airflow/example_dags/example_skip_dag.py
[2025-02-15 14:33:07,083] {scheduler_job.py:633} INFO - Processing file /home/airflow/.local/lib/python3.6/site-packages/airflow/example_dags/example_skip_dag.py for tasks to queue
[2025-02-15 14:33:07,084] {logging_mixin.py:104} INFO - [2025-02-15 14:33:07,083] {dagbag.py:496} INFO - Filling up the DagBag from /home/airflow/.local/lib/python3.6/site-packages/airflow/example_dags/example_skip_dag.py
[2025-02-15 14:33:07,099] {scheduler_job.py:643} INFO - DAG(s) dict_keys(['example_skip_dag']) retrieved from /home/airflow/.local/lib/python3.6/site-packages/airflow/example_dags/example_skip_dag.py
[2025-02-15 14:33:07,140] {logging_mixin.py:104} INFO - [2025-02-15 14:33:07,139] {dag.py:1833} INFO - Sync 1 DAGs
[2025-02-15 14:33:07,167] {logging_mixin.py:104} INFO - [2025-02-15 14:33:07,166] {dag.py:2306} INFO - Setting next_dagrun for example_skip_dag to 2025-02-13 00:00:00+00:00
[2025-02-15 14:33:07,186] {scheduler_job.py:190} INFO - Processing /home/airflow/.local/lib/python3.6/site-packages/airflow/example_dags/example_skip_dag.py took 0.110 seconds
[2025-02-15 14:33:37,786] {scheduler_job.py:182} INFO - Started process (PID=990) to work on /home/airflow/.local/lib/python3.6/site-packages/airflow/example_dags/example_skip_dag.py
[2025-02-15 14:33:37,787] {scheduler_job.py:633} INFO - Processing file /home/airflow/.local/lib/python3.6/site-packages/airflow/example_dags/example_skip_dag.py for tasks to queue
[2025-02-15 14:33:37,787] {logging_mixin.py:104} INFO - [2025-02-15 14:33:37,787] {dagbag.py:496} INFO - Filling up the DagBag from /home/airflow/.local/lib/python3.6/site-packages/airflow/example_dags/example_skip_dag.py
[2025-02-15 14:33:37,798] {scheduler_job.py:643} INFO - DAG(s) dict_keys(['example_skip_dag']) retrieved from /home/airflow/.local/lib/python3.6/site-packages/airflow/example_dags/example_skip_dag.py
[2025-02-15 14:33:37,825] {logging_mixin.py:104} INFO - [2025-02-15 14:33:37,825] {dag.py:1833} INFO - Sync 1 DAGs
[2025-02-15 14:33:37,842] {logging_mixin.py:104} INFO - [2025-02-15 14:33:37,842] {dag.py:2306} INFO - Setting next_dagrun for example_skip_dag to 2025-02-13 00:00:00+00:00
[2025-02-15 14:33:37,859] {scheduler_job.py:190} INFO - Processing /home/airflow/.local/lib/python3.6/site-packages/airflow/example_dags/example_skip_dag.py took 0.076 seconds
[2025-02-15 14:34:08,816] {scheduler_job.py:182} INFO - Started process (PID=1052) to work on /home/airflow/.local/lib/python3.6/site-packages/airflow/example_dags/example_skip_dag.py
[2025-02-15 14:34:08,818] {scheduler_job.py:633} INFO - Processing file /home/airflow/.local/lib/python3.6/site-packages/airflow/example_dags/example_skip_dag.py for tasks to queue
[2025-02-15 14:34:08,818] {logging_mixin.py:104} INFO - [2025-02-15 14:34:08,818] {dagbag.py:496} INFO - Filling up the DagBag from /home/airflow/.local/lib/python3.6/site-packages/airflow/example_dags/example_skip_dag.py
[2025-02-15 14:34:08,832] {scheduler_job.py:643} INFO - DAG(s) dict_keys(['example_skip_dag']) retrieved from /home/airflow/.local/lib/python3.6/site-packages/airflow/example_dags/example_skip_dag.py
[2025-02-15 14:34:08,863] {logging_mixin.py:104} INFO - [2025-02-15 14:34:08,863] {dag.py:1833} INFO - Sync 1 DAGs
[2025-02-15 14:34:08,885] {logging_mixin.py:104} INFO - [2025-02-15 14:34:08,885] {dag.py:2306} INFO - Setting next_dagrun for example_skip_dag to 2025-02-13 00:00:00+00:00
[2025-02-15 14:34:08,905] {scheduler_job.py:190} INFO - Processing /home/airflow/.local/lib/python3.6/site-packages/airflow/example_dags/example_skip_dag.py took 0.093 seconds
[2025-02-15 14:34:38,992] {scheduler_job.py:182} INFO - Started process (PID=1104) to work on /home/airflow/.local/lib/python3.6/site-packages/airflow/example_dags/example_skip_dag.py
[2025-02-15 14:34:38,997] {scheduler_job.py:633} INFO - Processing file /home/airflow/.local/lib/python3.6/site-packages/airflow/example_dags/example_skip_dag.py for tasks to queue
[2025-02-15 14:34:38,998] {logging_mixin.py:104} INFO - [2025-02-15 14:34:38,998] {dagbag.py:496} INFO - Filling up the DagBag from /home/airflow/.local/lib/python3.6/site-packages/airflow/example_dags/example_skip_dag.py
[2025-02-15 14:34:39,023] {scheduler_job.py:643} INFO - DAG(s) dict_keys(['example_skip_dag']) retrieved from /home/airflow/.local/lib/python3.6/site-packages/airflow/example_dags/example_skip_dag.py
[2025-02-15 14:34:39,080] {logging_mixin.py:104} INFO - [2025-02-15 14:34:39,080] {dag.py:1833} INFO - Sync 1 DAGs
[2025-02-15 14:34:39,123] {logging_mixin.py:104} INFO - [2025-02-15 14:34:39,123] {dag.py:2306} INFO - Setting next_dagrun for example_skip_dag to 2025-02-13 00:00:00+00:00
[2025-02-15 14:34:39,150] {scheduler_job.py:190} INFO - Processing /home/airflow/.local/lib/python3.6/site-packages/airflow/example_dags/example_skip_dag.py took 0.166 seconds
[2025-02-15 14:36:49,218] {scheduler_job.py:182} INFO - Started process (PID=1130) to work on /home/airflow/.local/lib/python3.6/site-packages/airflow/example_dags/example_skip_dag.py
[2025-02-15 14:36:49,744] {scheduler_job.py:633} INFO - Processing file /home/airflow/.local/lib/python3.6/site-packages/airflow/example_dags/example_skip_dag.py for tasks to queue
[2025-02-15 14:36:50,021] {logging_mixin.py:104} INFO - [2025-02-15 14:36:49,963] {dagbag.py:496} INFO - Filling up the DagBag from /home/airflow/.local/lib/python3.6/site-packages/airflow/example_dags/example_skip_dag.py
[2025-02-15 14:37:00,673] {scheduler_job.py:643} INFO - DAG(s) dict_keys(['example_skip_dag']) retrieved from /home/airflow/.local/lib/python3.6/site-packages/airflow/example_dags/example_skip_dag.py
[2025-02-15 14:38:16,951] {logging_mixin.py:104} INFO - [2025-02-15 14:38:16,949] {dag.py:1833} INFO - Sync 1 DAGs
[2025-02-15 14:38:17,091] {logging_mixin.py:104} INFO - [2025-02-15 14:38:17,091] {dag.py:2306} INFO - Setting next_dagrun for example_skip_dag to 2025-02-13 00:00:00+00:00
[2025-02-15 14:38:17,218] {scheduler_job.py:190} INFO - Processing /home/airflow/.local/lib/python3.6/site-packages/airflow/example_dags/example_skip_dag.py took 90.056 seconds
[2025-02-15 14:38:19,160] {scheduler_job.py:182} INFO - Started process (PID=1134) to work on /home/airflow/.local/lib/python3.6/site-packages/airflow/example_dags/example_skip_dag.py
[2025-02-15 14:38:19,163] {scheduler_job.py:633} INFO - Processing file /home/airflow/.local/lib/python3.6/site-packages/airflow/example_dags/example_skip_dag.py for tasks to queue
[2025-02-15 14:38:19,165] {logging_mixin.py:104} INFO - [2025-02-15 14:38:19,165] {dagbag.py:496} INFO - Filling up the DagBag from /home/airflow/.local/lib/python3.6/site-packages/airflow/example_dags/example_skip_dag.py
[2025-02-15 14:38:19,194] {scheduler_job.py:643} INFO - DAG(s) dict_keys(['example_skip_dag']) retrieved from /home/airflow/.local/lib/python3.6/site-packages/airflow/example_dags/example_skip_dag.py
[2025-02-15 14:38:19,256] {logging_mixin.py:104} INFO - [2025-02-15 14:38:19,255] {dag.py:1833} INFO - Sync 1 DAGs
[2025-02-15 14:38:19,287] {logging_mixin.py:104} INFO - [2025-02-15 14:38:19,286] {dag.py:2306} INFO - Setting next_dagrun for example_skip_dag to 2025-02-13 00:00:00+00:00
[2025-02-15 14:38:19,311] {scheduler_job.py:190} INFO - Processing /home/airflow/.local/lib/python3.6/site-packages/airflow/example_dags/example_skip_dag.py took 0.157 seconds
[2025-02-15 14:38:49,522] {scheduler_job.py:182} INFO - Started process (PID=1186) to work on /home/airflow/.local/lib/python3.6/site-packages/airflow/example_dags/example_skip_dag.py
[2025-02-15 14:38:49,527] {scheduler_job.py:633} INFO - Processing file /home/airflow/.local/lib/python3.6/site-packages/airflow/example_dags/example_skip_dag.py for tasks to queue
[2025-02-15 14:38:49,530] {logging_mixin.py:104} INFO - [2025-02-15 14:38:49,529] {dagbag.py:496} INFO - Filling up the DagBag from /home/airflow/.local/lib/python3.6/site-packages/airflow/example_dags/example_skip_dag.py
[2025-02-15 14:38:49,566] {scheduler_job.py:643} INFO - DAG(s) dict_keys(['example_skip_dag']) retrieved from /home/airflow/.local/lib/python3.6/site-packages/airflow/example_dags/example_skip_dag.py
[2025-02-15 14:38:49,624] {logging_mixin.py:104} INFO - [2025-02-15 14:38:49,623] {dag.py:1833} INFO - Sync 1 DAGs
[2025-02-15 14:38:49,649] {logging_mixin.py:104} INFO - [2025-02-15 14:38:49,649] {dag.py:2306} INFO - Setting next_dagrun for example_skip_dag to 2025-02-13 00:00:00+00:00
[2025-02-15 14:38:49,680] {scheduler_job.py:190} INFO - Processing /home/airflow/.local/lib/python3.6/site-packages/airflow/example_dags/example_skip_dag.py took 0.170 seconds
[2025-02-15 14:43:57,547] {scheduler_job.py:182} INFO - Started process (PID=1231) to work on /home/airflow/.local/lib/python3.6/site-packages/airflow/example_dags/example_skip_dag.py
[2025-02-15 14:43:57,558] {scheduler_job.py:633} INFO - Processing file /home/airflow/.local/lib/python3.6/site-packages/airflow/example_dags/example_skip_dag.py for tasks to queue
[2025-02-15 14:43:57,560] {logging_mixin.py:104} INFO - [2025-02-15 14:43:57,560] {dagbag.py:496} INFO - Filling up the DagBag from /home/airflow/.local/lib/python3.6/site-packages/airflow/example_dags/example_skip_dag.py
[2025-02-15 14:43:57,738] {scheduler_job.py:643} INFO - DAG(s) dict_keys(['example_skip_dag']) retrieved from /home/airflow/.local/lib/python3.6/site-packages/airflow/example_dags/example_skip_dag.py
[2025-02-15 14:43:58,004] {logging_mixin.py:104} INFO - [2025-02-15 14:43:58,003] {dag.py:1833} INFO - Sync 1 DAGs
[2025-02-15 14:43:58,138] {logging_mixin.py:104} INFO - [2025-02-15 14:43:58,137] {dag.py:2306} INFO - Setting next_dagrun for example_skip_dag to 2025-02-13 00:00:00+00:00
[2025-02-15 14:43:58,279] {scheduler_job.py:190} INFO - Processing /home/airflow/.local/lib/python3.6/site-packages/airflow/example_dags/example_skip_dag.py took 0.769 seconds
[2025-02-15 14:44:29,125] {scheduler_job.py:182} INFO - Started process (PID=1283) to work on /home/airflow/.local/lib/python3.6/site-packages/airflow/example_dags/example_skip_dag.py
[2025-02-15 14:44:29,135] {scheduler_job.py:633} INFO - Processing file /home/airflow/.local/lib/python3.6/site-packages/airflow/example_dags/example_skip_dag.py for tasks to queue
[2025-02-15 14:44:29,144] {logging_mixin.py:104} INFO - [2025-02-15 14:44:29,144] {dagbag.py:496} INFO - Filling up the DagBag from /home/airflow/.local/lib/python3.6/site-packages/airflow/example_dags/example_skip_dag.py
[2025-02-15 14:44:29,239] {scheduler_job.py:643} INFO - DAG(s) dict_keys(['example_skip_dag']) retrieved from /home/airflow/.local/lib/python3.6/site-packages/airflow/example_dags/example_skip_dag.py
[2025-02-15 14:44:29,420] {logging_mixin.py:104} INFO - [2025-02-15 14:44:29,419] {dag.py:1833} INFO - Sync 1 DAGs
[2025-02-15 14:44:29,494] {logging_mixin.py:104} INFO - [2025-02-15 14:44:29,493] {dag.py:2306} INFO - Setting next_dagrun for example_skip_dag to 2025-02-13 00:00:00+00:00
[2025-02-15 14:44:29,540] {scheduler_job.py:190} INFO - Processing /home/airflow/.local/lib/python3.6/site-packages/airflow/example_dags/example_skip_dag.py took 0.454 seconds
[2025-02-15 14:46:08,070] {scheduler_job.py:182} INFO - Started process (PID=46) to work on /home/airflow/.local/lib/python3.6/site-packages/airflow/example_dags/example_skip_dag.py
[2025-02-15 14:46:08,074] {scheduler_job.py:633} INFO - Processing file /home/airflow/.local/lib/python3.6/site-packages/airflow/example_dags/example_skip_dag.py for tasks to queue
[2025-02-15 14:46:08,076] {logging_mixin.py:104} INFO - [2025-02-15 14:46:08,075] {dagbag.py:496} INFO - Filling up the DagBag from /home/airflow/.local/lib/python3.6/site-packages/airflow/example_dags/example_skip_dag.py
[2025-02-15 14:46:08,114] {scheduler_job.py:643} INFO - DAG(s) dict_keys(['example_skip_dag']) retrieved from /home/airflow/.local/lib/python3.6/site-packages/airflow/example_dags/example_skip_dag.py
[2025-02-15 14:46:08,208] {logging_mixin.py:104} INFO - [2025-02-15 14:46:08,208] {dag.py:1833} INFO - Sync 1 DAGs
[2025-02-15 14:46:08,294] {logging_mixin.py:104} INFO - [2025-02-15 14:46:08,294] {dag.py:2306} INFO - Setting next_dagrun for example_skip_dag to 2025-02-13 00:00:00+00:00
[2025-02-15 14:46:08,328] {scheduler_job.py:190} INFO - Processing /home/airflow/.local/lib/python3.6/site-packages/airflow/example_dags/example_skip_dag.py took 0.267 seconds
[2025-02-15 14:46:38,455] {scheduler_job.py:182} INFO - Started process (PID=97) to work on /home/airflow/.local/lib/python3.6/site-packages/airflow/example_dags/example_skip_dag.py
[2025-02-15 14:46:38,460] {scheduler_job.py:633} INFO - Processing file /home/airflow/.local/lib/python3.6/site-packages/airflow/example_dags/example_skip_dag.py for tasks to queue
[2025-02-15 14:46:38,462] {logging_mixin.py:104} INFO - [2025-02-15 14:46:38,462] {dagbag.py:496} INFO - Filling up the DagBag from /home/airflow/.local/lib/python3.6/site-packages/airflow/example_dags/example_skip_dag.py
[2025-02-15 14:46:38,513] {scheduler_job.py:643} INFO - DAG(s) dict_keys(['example_skip_dag']) retrieved from /home/airflow/.local/lib/python3.6/site-packages/airflow/example_dags/example_skip_dag.py
[2025-02-15 14:46:38,615] {logging_mixin.py:104} INFO - [2025-02-15 14:46:38,615] {dag.py:1833} INFO - Sync 1 DAGs
[2025-02-15 14:46:38,710] {logging_mixin.py:104} INFO - [2025-02-15 14:46:38,709] {dag.py:2306} INFO - Setting next_dagrun for example_skip_dag to 2025-02-13 00:00:00+00:00
[2025-02-15 14:46:38,749] {scheduler_job.py:190} INFO - Processing /home/airflow/.local/lib/python3.6/site-packages/airflow/example_dags/example_skip_dag.py took 0.308 seconds
[2025-02-15 14:47:09,004] {scheduler_job.py:182} INFO - Started process (PID=148) to work on /home/airflow/.local/lib/python3.6/site-packages/airflow/example_dags/example_skip_dag.py
[2025-02-15 14:47:09,006] {scheduler_job.py:633} INFO - Processing file /home/airflow/.local/lib/python3.6/site-packages/airflow/example_dags/example_skip_dag.py for tasks to queue
[2025-02-15 14:47:09,007] {logging_mixin.py:104} INFO - [2025-02-15 14:47:09,006] {dagbag.py:496} INFO - Filling up the DagBag from /home/airflow/.local/lib/python3.6/site-packages/airflow/example_dags/example_skip_dag.py
[2025-02-15 14:47:09,036] {scheduler_job.py:643} INFO - DAG(s) dict_keys(['example_skip_dag']) retrieved from /home/airflow/.local/lib/python3.6/site-packages/airflow/example_dags/example_skip_dag.py
[2025-02-15 14:47:09,066] {logging_mixin.py:104} INFO - [2025-02-15 14:47:09,066] {dag.py:1833} INFO - Sync 1 DAGs
[2025-02-15 14:47:09,084] {logging_mixin.py:104} INFO - [2025-02-15 14:47:09,084] {dag.py:2306} INFO - Setting next_dagrun for example_skip_dag to 2025-02-13 00:00:00+00:00
[2025-02-15 14:47:09,097] {scheduler_job.py:190} INFO - Processing /home/airflow/.local/lib/python3.6/site-packages/airflow/example_dags/example_skip_dag.py took 0.097 seconds
[2025-02-15 14:47:39,700] {scheduler_job.py:182} INFO - Started process (PID=200) to work on /home/airflow/.local/lib/python3.6/site-packages/airflow/example_dags/example_skip_dag.py
[2025-02-15 14:47:39,702] {scheduler_job.py:633} INFO - Processing file /home/airflow/.local/lib/python3.6/site-packages/airflow/example_dags/example_skip_dag.py for tasks to queue
[2025-02-15 14:47:39,703] {logging_mixin.py:104} INFO - [2025-02-15 14:47:39,703] {dagbag.py:496} INFO - Filling up the DagBag from /home/airflow/.local/lib/python3.6/site-packages/airflow/example_dags/example_skip_dag.py
[2025-02-15 14:47:39,729] {scheduler_job.py:643} INFO - DAG(s) dict_keys(['example_skip_dag']) retrieved from /home/airflow/.local/lib/python3.6/site-packages/airflow/example_dags/example_skip_dag.py
[2025-02-15 14:47:39,761] {logging_mixin.py:104} INFO - [2025-02-15 14:47:39,761] {dag.py:1833} INFO - Sync 1 DAGs
[2025-02-15 14:47:39,781] {logging_mixin.py:104} INFO - [2025-02-15 14:47:39,781] {dag.py:2306} INFO - Setting next_dagrun for example_skip_dag to 2025-02-13 00:00:00+00:00
[2025-02-15 14:47:39,792] {scheduler_job.py:190} INFO - Processing /home/airflow/.local/lib/python3.6/site-packages/airflow/example_dags/example_skip_dag.py took 0.100 seconds
[2025-02-15 14:48:10,278] {scheduler_job.py:182} INFO - Started process (PID=262) to work on /home/airflow/.local/lib/python3.6/site-packages/airflow/example_dags/example_skip_dag.py
[2025-02-15 14:48:10,281] {scheduler_job.py:633} INFO - Processing file /home/airflow/.local/lib/python3.6/site-packages/airflow/example_dags/example_skip_dag.py for tasks to queue
[2025-02-15 14:48:10,282] {logging_mixin.py:104} INFO - [2025-02-15 14:48:10,282] {dagbag.py:496} INFO - Filling up the DagBag from /home/airflow/.local/lib/python3.6/site-packages/airflow/example_dags/example_skip_dag.py
[2025-02-15 14:48:10,316] {scheduler_job.py:643} INFO - DAG(s) dict_keys(['example_skip_dag']) retrieved from /home/airflow/.local/lib/python3.6/site-packages/airflow/example_dags/example_skip_dag.py
[2025-02-15 14:48:10,373] {logging_mixin.py:104} INFO - [2025-02-15 14:48:10,373] {dag.py:1833} INFO - Sync 1 DAGs
[2025-02-15 14:48:10,406] {logging_mixin.py:104} INFO - [2025-02-15 14:48:10,406] {dag.py:2306} INFO - Setting next_dagrun for example_skip_dag to 2025-02-13 00:00:00+00:00
[2025-02-15 14:48:10,423] {scheduler_job.py:190} INFO - Processing /home/airflow/.local/lib/python3.6/site-packages/airflow/example_dags/example_skip_dag.py took 0.152 seconds
[2025-02-15 14:48:41,104] {scheduler_job.py:182} INFO - Started process (PID=314) to work on /home/airflow/.local/lib/python3.6/site-packages/airflow/example_dags/example_skip_dag.py
[2025-02-15 14:48:41,106] {scheduler_job.py:633} INFO - Processing file /home/airflow/.local/lib/python3.6/site-packages/airflow/example_dags/example_skip_dag.py for tasks to queue
[2025-02-15 14:48:41,107] {logging_mixin.py:104} INFO - [2025-02-15 14:48:41,107] {dagbag.py:496} INFO - Filling up the DagBag from /home/airflow/.local/lib/python3.6/site-packages/airflow/example_dags/example_skip_dag.py
[2025-02-15 14:48:41,121] {scheduler_job.py:643} INFO - DAG(s) dict_keys(['example_skip_dag']) retrieved from /home/airflow/.local/lib/python3.6/site-packages/airflow/example_dags/example_skip_dag.py
[2025-02-15 14:48:41,147] {logging_mixin.py:104} INFO - [2025-02-15 14:48:41,147] {dag.py:1833} INFO - Sync 1 DAGs
[2025-02-15 14:48:41,163] {logging_mixin.py:104} INFO - [2025-02-15 14:48:41,163] {dag.py:2306} INFO - Setting next_dagrun for example_skip_dag to 2025-02-13 00:00:00+00:00
[2025-02-15 14:48:41,174] {scheduler_job.py:190} INFO - Processing /home/airflow/.local/lib/python3.6/site-packages/airflow/example_dags/example_skip_dag.py took 0.076 seconds
[2025-02-15 14:49:11,252] {scheduler_job.py:182} INFO - Started process (PID=366) to work on /home/airflow/.local/lib/python3.6/site-packages/airflow/example_dags/example_skip_dag.py
[2025-02-15 14:49:11,253] {scheduler_job.py:633} INFO - Processing file /home/airflow/.local/lib/python3.6/site-packages/airflow/example_dags/example_skip_dag.py for tasks to queue
[2025-02-15 14:49:11,254] {logging_mixin.py:104} INFO - [2025-02-15 14:49:11,254] {dagbag.py:496} INFO - Filling up the DagBag from /home/airflow/.local/lib/python3.6/site-packages/airflow/example_dags/example_skip_dag.py
[2025-02-15 14:49:11,274] {scheduler_job.py:643} INFO - DAG(s) dict_keys(['example_skip_dag']) retrieved from /home/airflow/.local/lib/python3.6/site-packages/airflow/example_dags/example_skip_dag.py
[2025-02-15 14:49:11,322] {logging_mixin.py:104} INFO - [2025-02-15 14:49:11,322] {dag.py:1833} INFO - Sync 1 DAGs
[2025-02-15 14:49:11,356] {logging_mixin.py:104} INFO - [2025-02-15 14:49:11,356] {dag.py:2306} INFO - Setting next_dagrun for example_skip_dag to 2025-02-13 00:00:00+00:00
[2025-02-15 14:49:11,378] {scheduler_job.py:190} INFO - Processing /home/airflow/.local/lib/python3.6/site-packages/airflow/example_dags/example_skip_dag.py took 0.131 seconds
[2025-02-15 14:49:41,664] {scheduler_job.py:182} INFO - Started process (PID=428) to work on /home/airflow/.local/lib/python3.6/site-packages/airflow/example_dags/example_skip_dag.py
[2025-02-15 14:49:41,668] {scheduler_job.py:633} INFO - Processing file /home/airflow/.local/lib/python3.6/site-packages/airflow/example_dags/example_skip_dag.py for tasks to queue
[2025-02-15 14:49:41,669] {logging_mixin.py:104} INFO - [2025-02-15 14:49:41,669] {dagbag.py:496} INFO - Filling up the DagBag from /home/airflow/.local/lib/python3.6/site-packages/airflow/example_dags/example_skip_dag.py
[2025-02-15 14:49:41,686] {scheduler_job.py:643} INFO - DAG(s) dict_keys(['example_skip_dag']) retrieved from /home/airflow/.local/lib/python3.6/site-packages/airflow/example_dags/example_skip_dag.py
[2025-02-15 14:49:41,727] {logging_mixin.py:104} INFO - [2025-02-15 14:49:41,727] {dag.py:1833} INFO - Sync 1 DAGs
[2025-02-15 14:49:41,749] {logging_mixin.py:104} INFO - [2025-02-15 14:49:41,749] {dag.py:2306} INFO - Setting next_dagrun for example_skip_dag to 2025-02-13 00:00:00+00:00
[2025-02-15 14:49:41,765] {scheduler_job.py:190} INFO - Processing /home/airflow/.local/lib/python3.6/site-packages/airflow/example_dags/example_skip_dag.py took 0.105 seconds
[2025-02-15 14:50:11,809] {scheduler_job.py:182} INFO - Started process (PID=480) to work on /home/airflow/.local/lib/python3.6/site-packages/airflow/example_dags/example_skip_dag.py
[2025-02-15 14:50:11,810] {scheduler_job.py:633} INFO - Processing file /home/airflow/.local/lib/python3.6/site-packages/airflow/example_dags/example_skip_dag.py for tasks to queue
[2025-02-15 14:50:11,811] {logging_mixin.py:104} INFO - [2025-02-15 14:50:11,811] {dagbag.py:496} INFO - Filling up the DagBag from /home/airflow/.local/lib/python3.6/site-packages/airflow/example_dags/example_skip_dag.py
[2025-02-15 14:50:11,824] {scheduler_job.py:643} INFO - DAG(s) dict_keys(['example_skip_dag']) retrieved from /home/airflow/.local/lib/python3.6/site-packages/airflow/example_dags/example_skip_dag.py
[2025-02-15 14:50:11,856] {logging_mixin.py:104} INFO - [2025-02-15 14:50:11,856] {dag.py:1833} INFO - Sync 1 DAGs
[2025-02-15 14:50:11,876] {logging_mixin.py:104} INFO - [2025-02-15 14:50:11,876] {dag.py:2306} INFO - Setting next_dagrun for example_skip_dag to 2025-02-13 00:00:00+00:00
[2025-02-15 14:50:11,891] {scheduler_job.py:190} INFO - Processing /home/airflow/.local/lib/python3.6/site-packages/airflow/example_dags/example_skip_dag.py took 0.085 seconds
[2025-02-15 14:50:42,153] {scheduler_job.py:182} INFO - Started process (PID=542) to work on /home/airflow/.local/lib/python3.6/site-packages/airflow/example_dags/example_skip_dag.py
[2025-02-15 14:50:42,156] {scheduler_job.py:633} INFO - Processing file /home/airflow/.local/lib/python3.6/site-packages/airflow/example_dags/example_skip_dag.py for tasks to queue
[2025-02-15 14:50:42,157] {logging_mixin.py:104} INFO - [2025-02-15 14:50:42,157] {dagbag.py:496} INFO - Filling up the DagBag from /home/airflow/.local/lib/python3.6/site-packages/airflow/example_dags/example_skip_dag.py
[2025-02-15 14:50:42,182] {scheduler_job.py:643} INFO - DAG(s) dict_keys(['example_skip_dag']) retrieved from /home/airflow/.local/lib/python3.6/site-packages/airflow/example_dags/example_skip_dag.py
[2025-02-15 14:50:42,231] {logging_mixin.py:104} INFO - [2025-02-15 14:50:42,231] {dag.py:1833} INFO - Sync 1 DAGs
[2025-02-15 14:50:42,255] {logging_mixin.py:104} INFO - [2025-02-15 14:50:42,254] {dag.py:2306} INFO - Setting next_dagrun for example_skip_dag to 2025-02-13 00:00:00+00:00
[2025-02-15 14:50:42,275] {scheduler_job.py:190} INFO - Processing /home/airflow/.local/lib/python3.6/site-packages/airflow/example_dags/example_skip_dag.py took 0.129 seconds
[2025-02-15 14:51:12,441] {scheduler_job.py:182} INFO - Started process (PID=594) to work on /home/airflow/.local/lib/python3.6/site-packages/airflow/example_dags/example_skip_dag.py
[2025-02-15 14:51:12,443] {scheduler_job.py:633} INFO - Processing file /home/airflow/.local/lib/python3.6/site-packages/airflow/example_dags/example_skip_dag.py for tasks to queue
[2025-02-15 14:51:12,444] {logging_mixin.py:104} INFO - [2025-02-15 14:51:12,444] {dagbag.py:496} INFO - Filling up the DagBag from /home/airflow/.local/lib/python3.6/site-packages/airflow/example_dags/example_skip_dag.py
[2025-02-15 14:51:12,459] {scheduler_job.py:643} INFO - DAG(s) dict_keys(['example_skip_dag']) retrieved from /home/airflow/.local/lib/python3.6/site-packages/airflow/example_dags/example_skip_dag.py
[2025-02-15 14:51:12,486] {logging_mixin.py:104} INFO - [2025-02-15 14:51:12,486] {dag.py:1833} INFO - Sync 1 DAGs
[2025-02-15 14:51:12,500] {logging_mixin.py:104} INFO - [2025-02-15 14:51:12,500] {dag.py:2306} INFO - Setting next_dagrun for example_skip_dag to 2025-02-13 00:00:00+00:00
[2025-02-15 14:51:12,513] {scheduler_job.py:190} INFO - Processing /home/airflow/.local/lib/python3.6/site-packages/airflow/example_dags/example_skip_dag.py took 0.080 seconds
[2025-02-15 14:51:42,779] {scheduler_job.py:182} INFO - Started process (PID=647) to work on /home/airflow/.local/lib/python3.6/site-packages/airflow/example_dags/example_skip_dag.py
[2025-02-15 14:51:42,781] {scheduler_job.py:633} INFO - Processing file /home/airflow/.local/lib/python3.6/site-packages/airflow/example_dags/example_skip_dag.py for tasks to queue
[2025-02-15 14:51:42,782] {logging_mixin.py:104} INFO - [2025-02-15 14:51:42,782] {dagbag.py:496} INFO - Filling up the DagBag from /home/airflow/.local/lib/python3.6/site-packages/airflow/example_dags/example_skip_dag.py
[2025-02-15 14:51:42,798] {scheduler_job.py:643} INFO - DAG(s) dict_keys(['example_skip_dag']) retrieved from /home/airflow/.local/lib/python3.6/site-packages/airflow/example_dags/example_skip_dag.py
[2025-02-15 14:51:42,833] {logging_mixin.py:104} INFO - [2025-02-15 14:51:42,833] {dag.py:1833} INFO - Sync 1 DAGs
[2025-02-15 14:51:42,854] {logging_mixin.py:104} INFO - [2025-02-15 14:51:42,854] {dag.py:2306} INFO - Setting next_dagrun for example_skip_dag to 2025-02-13 00:00:00+00:00
[2025-02-15 14:51:42,874] {scheduler_job.py:190} INFO - Processing /home/airflow/.local/lib/python3.6/site-packages/airflow/example_dags/example_skip_dag.py took 0.099 seconds
[2025-02-15 14:53:16,983] {scheduler_job.py:182} INFO - Started process (PID=700) to work on /home/airflow/.local/lib/python3.6/site-packages/airflow/example_dags/example_skip_dag.py
[2025-02-15 14:53:17,143] {scheduler_job.py:633} INFO - Processing file /home/airflow/.local/lib/python3.6/site-packages/airflow/example_dags/example_skip_dag.py for tasks to queue
[2025-02-15 14:53:17,219] {logging_mixin.py:104} INFO - [2025-02-15 14:53:17,192] {dagbag.py:496} INFO - Filling up the DagBag from /home/airflow/.local/lib/python3.6/site-packages/airflow/example_dags/example_skip_dag.py
[2025-02-15 14:53:19,115] {scheduler_job.py:643} INFO - DAG(s) dict_keys(['example_skip_dag']) retrieved from /home/airflow/.local/lib/python3.6/site-packages/airflow/example_dags/example_skip_dag.py
[2025-02-15 15:12:31,766] {scheduler_job.py:182} INFO - Started process (PID=705) to work on /home/airflow/.local/lib/python3.6/site-packages/airflow/example_dags/example_skip_dag.py
[2025-02-15 15:12:31,769] {scheduler_job.py:633} INFO - Processing file /home/airflow/.local/lib/python3.6/site-packages/airflow/example_dags/example_skip_dag.py for tasks to queue
[2025-02-15 15:12:31,770] {logging_mixin.py:104} INFO - [2025-02-15 15:12:31,770] {dagbag.py:496} INFO - Filling up the DagBag from /home/airflow/.local/lib/python3.6/site-packages/airflow/example_dags/example_skip_dag.py
[2025-02-15 15:12:31,797] {scheduler_job.py:643} INFO - DAG(s) dict_keys(['example_skip_dag']) retrieved from /home/airflow/.local/lib/python3.6/site-packages/airflow/example_dags/example_skip_dag.py
[2025-02-15 15:12:31,885] {logging_mixin.py:104} INFO - [2025-02-15 15:12:31,884] {dag.py:1833} INFO - Sync 1 DAGs
[2025-02-15 15:12:31,911] {logging_mixin.py:104} INFO - [2025-02-15 15:12:31,911] {dag.py:2306} INFO - Setting next_dagrun for example_skip_dag to 2025-02-13 00:00:00+00:00
[2025-02-15 15:12:31,930] {scheduler_job.py:190} INFO - Processing /home/airflow/.local/lib/python3.6/site-packages/airflow/example_dags/example_skip_dag.py took 0.174 seconds
[2025-02-15 15:13:02,215] {scheduler_job.py:182} INFO - Started process (PID=757) to work on /home/airflow/.local/lib/python3.6/site-packages/airflow/example_dags/example_skip_dag.py
[2025-02-15 15:13:02,218] {scheduler_job.py:633} INFO - Processing file /home/airflow/.local/lib/python3.6/site-packages/airflow/example_dags/example_skip_dag.py for tasks to queue
[2025-02-15 15:13:02,221] {logging_mixin.py:104} INFO - [2025-02-15 15:13:02,220] {dagbag.py:496} INFO - Filling up the DagBag from /home/airflow/.local/lib/python3.6/site-packages/airflow/example_dags/example_skip_dag.py
[2025-02-15 15:13:02,268] {scheduler_job.py:643} INFO - DAG(s) dict_keys(['example_skip_dag']) retrieved from /home/airflow/.local/lib/python3.6/site-packages/airflow/example_dags/example_skip_dag.py
[2025-02-15 15:13:02,387] {logging_mixin.py:104} INFO - [2025-02-15 15:13:02,386] {dag.py:1833} INFO - Sync 1 DAGs
[2025-02-15 15:13:02,431] {logging_mixin.py:104} INFO - [2025-02-15 15:13:02,431] {dag.py:2306} INFO - Setting next_dagrun for example_skip_dag to 2025-02-13 00:00:00+00:00
[2025-02-15 15:13:02,476] {scheduler_job.py:190} INFO - Processing /home/airflow/.local/lib/python3.6/site-packages/airflow/example_dags/example_skip_dag.py took 0.271 seconds
[2025-02-15 15:20:24,552] {scheduler_job.py:182} INFO - Started process (PID=62) to work on /home/airflow/.local/lib/python3.6/site-packages/airflow/example_dags/example_skip_dag.py
[2025-02-15 15:20:24,572] {scheduler_job.py:633} INFO - Processing file /home/airflow/.local/lib/python3.6/site-packages/airflow/example_dags/example_skip_dag.py for tasks to queue
[2025-02-15 15:20:24,574] {logging_mixin.py:104} INFO - [2025-02-15 15:20:24,573] {dagbag.py:496} INFO - Filling up the DagBag from /home/airflow/.local/lib/python3.6/site-packages/airflow/example_dags/example_skip_dag.py
[2025-02-15 15:20:24,699] {scheduler_job.py:643} INFO - DAG(s) dict_keys(['example_skip_dag']) retrieved from /home/airflow/.local/lib/python3.6/site-packages/airflow/example_dags/example_skip_dag.py
[2025-02-15 15:20:24,876] {logging_mixin.py:104} INFO - [2025-02-15 15:20:24,876] {dag.py:1833} INFO - Sync 1 DAGs
[2025-02-15 15:20:25,026] {logging_mixin.py:104} INFO - [2025-02-15 15:20:25,026] {dag.py:2306} INFO - Setting next_dagrun for example_skip_dag to 2025-02-13 00:00:00+00:00
[2025-02-15 15:20:25,216] {scheduler_job.py:190} INFO - Processing /home/airflow/.local/lib/python3.6/site-packages/airflow/example_dags/example_skip_dag.py took 0.684 seconds
[2025-02-15 15:20:55,424] {scheduler_job.py:182} INFO - Started process (PID=107) to work on /home/airflow/.local/lib/python3.6/site-packages/airflow/example_dags/example_skip_dag.py
[2025-02-15 15:20:55,439] {scheduler_job.py:633} INFO - Processing file /home/airflow/.local/lib/python3.6/site-packages/airflow/example_dags/example_skip_dag.py for tasks to queue
[2025-02-15 15:20:55,441] {logging_mixin.py:104} INFO - [2025-02-15 15:20:55,440] {dagbag.py:496} INFO - Filling up the DagBag from /home/airflow/.local/lib/python3.6/site-packages/airflow/example_dags/example_skip_dag.py
[2025-02-15 15:20:55,572] {scheduler_job.py:643} INFO - DAG(s) dict_keys(['example_skip_dag']) retrieved from /home/airflow/.local/lib/python3.6/site-packages/airflow/example_dags/example_skip_dag.py
[2025-02-15 15:20:55,768] {logging_mixin.py:104} INFO - [2025-02-15 15:20:55,768] {dag.py:1833} INFO - Sync 1 DAGs
[2025-02-15 15:20:55,920] {logging_mixin.py:104} INFO - [2025-02-15 15:20:55,920] {dag.py:2306} INFO - Setting next_dagrun for example_skip_dag to 2025-02-13 00:00:00+00:00
[2025-02-15 15:20:55,999] {scheduler_job.py:190} INFO - Processing /home/airflow/.local/lib/python3.6/site-packages/airflow/example_dags/example_skip_dag.py took 0.609 seconds
[2025-02-15 15:21:26,650] {scheduler_job.py:182} INFO - Started process (PID=149) to work on /home/airflow/.local/lib/python3.6/site-packages/airflow/example_dags/example_skip_dag.py
[2025-02-15 15:21:26,662] {scheduler_job.py:633} INFO - Processing file /home/airflow/.local/lib/python3.6/site-packages/airflow/example_dags/example_skip_dag.py for tasks to queue
[2025-02-15 15:21:26,665] {logging_mixin.py:104} INFO - [2025-02-15 15:21:26,664] {dagbag.py:496} INFO - Filling up the DagBag from /home/airflow/.local/lib/python3.6/site-packages/airflow/example_dags/example_skip_dag.py
[2025-02-15 15:21:26,816] {scheduler_job.py:643} INFO - DAG(s) dict_keys(['example_skip_dag']) retrieved from /home/airflow/.local/lib/python3.6/site-packages/airflow/example_dags/example_skip_dag.py
[2025-02-15 15:21:29,032] {logging_mixin.py:104} INFO - [2025-02-15 15:21:29,031] {dag.py:1833} INFO - Sync 1 DAGs
[2025-02-15 15:21:30,492] {logging_mixin.py:104} INFO - [2025-02-15 15:21:30,491] {dag.py:2306} INFO - Setting next_dagrun for example_skip_dag to 2025-02-13 00:00:00+00:00
[2025-02-15 15:21:31,434] {scheduler_job.py:190} INFO - Processing /home/airflow/.local/lib/python3.6/site-packages/airflow/example_dags/example_skip_dag.py took 4.829 seconds
[2025-02-15 15:22:21,431] {scheduler_job.py:182} INFO - Started process (PID=209) to work on /home/airflow/.local/lib/python3.6/site-packages/airflow/example_dags/example_skip_dag.py
[2025-02-15 15:22:21,478] {scheduler_job.py:633} INFO - Processing file /home/airflow/.local/lib/python3.6/site-packages/airflow/example_dags/example_skip_dag.py for tasks to queue
[2025-02-15 15:22:21,492] {logging_mixin.py:104} INFO - [2025-02-15 15:22:21,491] {dagbag.py:496} INFO - Filling up the DagBag from /home/airflow/.local/lib/python3.6/site-packages/airflow/example_dags/example_skip_dag.py
[2025-02-15 15:22:21,799] {scheduler_job.py:643} INFO - DAG(s) dict_keys(['example_skip_dag']) retrieved from /home/airflow/.local/lib/python3.6/site-packages/airflow/example_dags/example_skip_dag.py
[2025-02-15 15:22:22,660] {logging_mixin.py:104} INFO - [2025-02-15 15:22:22,659] {dag.py:1833} INFO - Sync 1 DAGs
[2025-02-15 15:22:23,117] {logging_mixin.py:104} INFO - [2025-02-15 15:22:23,116] {dag.py:2306} INFO - Setting next_dagrun for example_skip_dag to 2025-02-13 00:00:00+00:00
[2025-02-15 15:22:23,616] {scheduler_job.py:190} INFO - Processing /home/airflow/.local/lib/python3.6/site-packages/airflow/example_dags/example_skip_dag.py took 2.199 seconds
