[2025-02-15 13:54:21,631] {scheduler_job.py:182} INFO - Started process (PID=90) to work on /home/airflow/.local/lib/python3.6/site-packages/airflow/example_dags/example_kubernetes_executor.py
[2025-02-15 13:54:21,634] {scheduler_job.py:633} INFO - Processing file /home/airflow/.local/lib/python3.6/site-packages/airflow/example_dags/example_kubernetes_executor.py for tasks to queue
[2025-02-15 13:54:21,636] {logging_mixin.py:104} INFO - [2025-02-15 13:54:21,635] {dagbag.py:496} INFO - Filling up the DagBag from /home/airflow/.local/lib/python3.6/site-packages/airflow/example_dags/example_kubernetes_executor.py
[2025-02-15 13:54:21,712] {scheduler_job.py:643} INFO - DAG(s) dict_keys(['example_kubernetes_executor']) retrieved from /home/airflow/.local/lib/python3.6/site-packages/airflow/example_dags/example_kubernetes_executor.py
[2025-02-15 13:54:22,894] {logging_mixin.py:104} INFO - [2025-02-15 13:54:22,893] {dag.py:1833} INFO - Sync 1 DAGs
[2025-02-15 13:54:23,034] {logging_mixin.py:104} INFO - [2025-02-15 13:54:23,034] {dag.py:2306} INFO - Setting next_dagrun for example_kubernetes_executor to None
[2025-02-15 13:54:23,156] {scheduler_job.py:190} INFO - Processing /home/airflow/.local/lib/python3.6/site-packages/airflow/example_dags/example_kubernetes_executor.py took 1.554 seconds
[2025-02-15 13:54:55,130] {scheduler_job.py:182} INFO - Started process (PID=138) to work on /home/airflow/.local/lib/python3.6/site-packages/airflow/example_dags/example_kubernetes_executor.py
[2025-02-15 13:54:55,161] {scheduler_job.py:633} INFO - Processing file /home/airflow/.local/lib/python3.6/site-packages/airflow/example_dags/example_kubernetes_executor.py for tasks to queue
[2025-02-15 13:54:55,168] {logging_mixin.py:104} INFO - [2025-02-15 13:54:55,164] {dagbag.py:496} INFO - Filling up the DagBag from /home/airflow/.local/lib/python3.6/site-packages/airflow/example_dags/example_kubernetes_executor.py
[2025-02-15 13:54:55,354] {scheduler_job.py:643} INFO - DAG(s) dict_keys(['example_kubernetes_executor']) retrieved from /home/airflow/.local/lib/python3.6/site-packages/airflow/example_dags/example_kubernetes_executor.py
[2025-02-15 13:54:56,023] {logging_mixin.py:104} INFO - [2025-02-15 13:54:56,022] {dag.py:1833} INFO - Sync 1 DAGs
[2025-02-15 13:54:56,376] {logging_mixin.py:104} INFO - [2025-02-15 13:54:56,376] {dag.py:2306} INFO - Setting next_dagrun for example_kubernetes_executor to None
[2025-02-15 13:54:56,587] {scheduler_job.py:190} INFO - Processing /home/airflow/.local/lib/python3.6/site-packages/airflow/example_dags/example_kubernetes_executor.py took 1.477 seconds
[2025-02-15 13:55:27,137] {scheduler_job.py:182} INFO - Started process (PID=180) to work on /home/airflow/.local/lib/python3.6/site-packages/airflow/example_dags/example_kubernetes_executor.py
[2025-02-15 13:55:27,154] {scheduler_job.py:633} INFO - Processing file /home/airflow/.local/lib/python3.6/site-packages/airflow/example_dags/example_kubernetes_executor.py for tasks to queue
[2025-02-15 13:55:27,187] {logging_mixin.py:104} INFO - [2025-02-15 13:55:27,187] {dagbag.py:496} INFO - Filling up the DagBag from /home/airflow/.local/lib/python3.6/site-packages/airflow/example_dags/example_kubernetes_executor.py
[2025-02-15 13:55:27,270] {scheduler_job.py:643} INFO - DAG(s) dict_keys(['example_kubernetes_executor']) retrieved from /home/airflow/.local/lib/python3.6/site-packages/airflow/example_dags/example_kubernetes_executor.py
[2025-02-15 13:55:27,531] {logging_mixin.py:104} INFO - [2025-02-15 13:55:27,531] {dag.py:1833} INFO - Sync 1 DAGs
[2025-02-15 13:55:27,657] {logging_mixin.py:104} INFO - [2025-02-15 13:55:27,657] {dag.py:2306} INFO - Setting next_dagrun for example_kubernetes_executor to None
[2025-02-15 13:55:27,769] {scheduler_job.py:190} INFO - Processing /home/airflow/.local/lib/python3.6/site-packages/airflow/example_dags/example_kubernetes_executor.py took 0.681 seconds
[2025-02-15 13:55:58,058] {scheduler_job.py:182} INFO - Started process (PID=240) to work on /home/airflow/.local/lib/python3.6/site-packages/airflow/example_dags/example_kubernetes_executor.py
[2025-02-15 13:55:58,059] {scheduler_job.py:633} INFO - Processing file /home/airflow/.local/lib/python3.6/site-packages/airflow/example_dags/example_kubernetes_executor.py for tasks to queue
[2025-02-15 13:55:58,062] {logging_mixin.py:104} INFO - [2025-02-15 13:55:58,060] {dagbag.py:496} INFO - Filling up the DagBag from /home/airflow/.local/lib/python3.6/site-packages/airflow/example_dags/example_kubernetes_executor.py
[2025-02-15 13:55:58,087] {scheduler_job.py:643} INFO - DAG(s) dict_keys(['example_kubernetes_executor']) retrieved from /home/airflow/.local/lib/python3.6/site-packages/airflow/example_dags/example_kubernetes_executor.py
[2025-02-15 13:55:58,134] {logging_mixin.py:104} INFO - [2025-02-15 13:55:58,133] {dag.py:1833} INFO - Sync 1 DAGs
[2025-02-15 13:55:58,158] {logging_mixin.py:104} INFO - [2025-02-15 13:55:58,157] {dag.py:2306} INFO - Setting next_dagrun for example_kubernetes_executor to None
[2025-02-15 13:55:58,177] {scheduler_job.py:190} INFO - Processing /home/airflow/.local/lib/python3.6/site-packages/airflow/example_dags/example_kubernetes_executor.py took 0.126 seconds
[2025-02-15 13:56:29,108] {scheduler_job.py:182} INFO - Started process (PID=292) to work on /home/airflow/.local/lib/python3.6/site-packages/airflow/example_dags/example_kubernetes_executor.py
[2025-02-15 13:56:29,112] {scheduler_job.py:633} INFO - Processing file /home/airflow/.local/lib/python3.6/site-packages/airflow/example_dags/example_kubernetes_executor.py for tasks to queue
[2025-02-15 13:56:29,114] {logging_mixin.py:104} INFO - [2025-02-15 13:56:29,114] {dagbag.py:496} INFO - Filling up the DagBag from /home/airflow/.local/lib/python3.6/site-packages/airflow/example_dags/example_kubernetes_executor.py
[2025-02-15 13:56:29,150] {scheduler_job.py:643} INFO - DAG(s) dict_keys(['example_kubernetes_executor']) retrieved from /home/airflow/.local/lib/python3.6/site-packages/airflow/example_dags/example_kubernetes_executor.py
[2025-02-15 13:56:29,235] {logging_mixin.py:104} INFO - [2025-02-15 13:56:29,234] {dag.py:1833} INFO - Sync 1 DAGs
[2025-02-15 13:56:29,281] {logging_mixin.py:104} INFO - [2025-02-15 13:56:29,281] {dag.py:2306} INFO - Setting next_dagrun for example_kubernetes_executor to None
[2025-02-15 13:56:29,314] {scheduler_job.py:190} INFO - Processing /home/airflow/.local/lib/python3.6/site-packages/airflow/example_dags/example_kubernetes_executor.py took 0.217 seconds
[2025-02-15 13:56:59,679] {scheduler_job.py:182} INFO - Started process (PID=343) to work on /home/airflow/.local/lib/python3.6/site-packages/airflow/example_dags/example_kubernetes_executor.py
[2025-02-15 13:56:59,682] {scheduler_job.py:633} INFO - Processing file /home/airflow/.local/lib/python3.6/site-packages/airflow/example_dags/example_kubernetes_executor.py for tasks to queue
[2025-02-15 13:56:59,685] {logging_mixin.py:104} INFO - [2025-02-15 13:56:59,684] {dagbag.py:496} INFO - Filling up the DagBag from /home/airflow/.local/lib/python3.6/site-packages/airflow/example_dags/example_kubernetes_executor.py
[2025-02-15 13:56:59,722] {scheduler_job.py:643} INFO - DAG(s) dict_keys(['example_kubernetes_executor']) retrieved from /home/airflow/.local/lib/python3.6/site-packages/airflow/example_dags/example_kubernetes_executor.py
[2025-02-15 13:56:59,776] {logging_mixin.py:104} INFO - [2025-02-15 13:56:59,775] {dag.py:1833} INFO - Sync 1 DAGs
[2025-02-15 13:56:59,812] {logging_mixin.py:104} INFO - [2025-02-15 13:56:59,812] {dag.py:2306} INFO - Setting next_dagrun for example_kubernetes_executor to None
[2025-02-15 13:56:59,833] {scheduler_job.py:190} INFO - Processing /home/airflow/.local/lib/python3.6/site-packages/airflow/example_dags/example_kubernetes_executor.py took 0.163 seconds
[2025-02-15 13:57:31,087] {scheduler_job.py:182} INFO - Started process (PID=394) to work on /home/airflow/.local/lib/python3.6/site-packages/airflow/example_dags/example_kubernetes_executor.py
[2025-02-15 13:57:31,089] {scheduler_job.py:633} INFO - Processing file /home/airflow/.local/lib/python3.6/site-packages/airflow/example_dags/example_kubernetes_executor.py for tasks to queue
[2025-02-15 13:57:31,090] {logging_mixin.py:104} INFO - [2025-02-15 13:57:31,090] {dagbag.py:496} INFO - Filling up the DagBag from /home/airflow/.local/lib/python3.6/site-packages/airflow/example_dags/example_kubernetes_executor.py
[2025-02-15 13:57:31,115] {scheduler_job.py:643} INFO - DAG(s) dict_keys(['example_kubernetes_executor']) retrieved from /home/airflow/.local/lib/python3.6/site-packages/airflow/example_dags/example_kubernetes_executor.py
[2025-02-15 13:57:31,151] {logging_mixin.py:104} INFO - [2025-02-15 13:57:31,151] {dag.py:1833} INFO - Sync 1 DAGs
[2025-02-15 13:57:31,175] {logging_mixin.py:104} INFO - [2025-02-15 13:57:31,174] {dag.py:2306} INFO - Setting next_dagrun for example_kubernetes_executor to None
[2025-02-15 13:57:31,191] {scheduler_job.py:190} INFO - Processing /home/airflow/.local/lib/python3.6/site-packages/airflow/example_dags/example_kubernetes_executor.py took 0.108 seconds
[2025-02-15 13:58:01,358] {scheduler_job.py:182} INFO - Started process (PID=445) to work on /home/airflow/.local/lib/python3.6/site-packages/airflow/example_dags/example_kubernetes_executor.py
[2025-02-15 13:58:01,360] {scheduler_job.py:633} INFO - Processing file /home/airflow/.local/lib/python3.6/site-packages/airflow/example_dags/example_kubernetes_executor.py for tasks to queue
[2025-02-15 13:58:01,361] {logging_mixin.py:104} INFO - [2025-02-15 13:58:01,361] {dagbag.py:496} INFO - Filling up the DagBag from /home/airflow/.local/lib/python3.6/site-packages/airflow/example_dags/example_kubernetes_executor.py
[2025-02-15 13:58:01,381] {scheduler_job.py:643} INFO - DAG(s) dict_keys(['example_kubernetes_executor']) retrieved from /home/airflow/.local/lib/python3.6/site-packages/airflow/example_dags/example_kubernetes_executor.py
[2025-02-15 13:58:01,416] {logging_mixin.py:104} INFO - [2025-02-15 13:58:01,416] {dag.py:1833} INFO - Sync 1 DAGs
[2025-02-15 13:58:01,439] {logging_mixin.py:104} INFO - [2025-02-15 13:58:01,439] {dag.py:2306} INFO - Setting next_dagrun for example_kubernetes_executor to None
[2025-02-15 13:58:01,454] {scheduler_job.py:190} INFO - Processing /home/airflow/.local/lib/python3.6/site-packages/airflow/example_dags/example_kubernetes_executor.py took 0.100 seconds
[2025-02-15 13:58:32,785] {scheduler_job.py:182} INFO - Started process (PID=507) to work on /home/airflow/.local/lib/python3.6/site-packages/airflow/example_dags/example_kubernetes_executor.py
[2025-02-15 13:58:32,788] {scheduler_job.py:633} INFO - Processing file /home/airflow/.local/lib/python3.6/site-packages/airflow/example_dags/example_kubernetes_executor.py for tasks to queue
[2025-02-15 13:58:32,790] {logging_mixin.py:104} INFO - [2025-02-15 13:58:32,790] {dagbag.py:496} INFO - Filling up the DagBag from /home/airflow/.local/lib/python3.6/site-packages/airflow/example_dags/example_kubernetes_executor.py
[2025-02-15 13:58:32,839] {scheduler_job.py:643} INFO - DAG(s) dict_keys(['example_kubernetes_executor']) retrieved from /home/airflow/.local/lib/python3.6/site-packages/airflow/example_dags/example_kubernetes_executor.py
[2025-02-15 13:58:32,902] {logging_mixin.py:104} INFO - [2025-02-15 13:58:32,902] {dag.py:1833} INFO - Sync 1 DAGs
[2025-02-15 13:58:32,952] {logging_mixin.py:104} INFO - [2025-02-15 13:58:32,951] {dag.py:2306} INFO - Setting next_dagrun for example_kubernetes_executor to None
[2025-02-15 13:58:32,982] {scheduler_job.py:190} INFO - Processing /home/airflow/.local/lib/python3.6/site-packages/airflow/example_dags/example_kubernetes_executor.py took 0.205 seconds
[2025-02-15 13:59:03,078] {scheduler_job.py:182} INFO - Started process (PID=559) to work on /home/airflow/.local/lib/python3.6/site-packages/airflow/example_dags/example_kubernetes_executor.py
[2025-02-15 13:59:03,082] {scheduler_job.py:633} INFO - Processing file /home/airflow/.local/lib/python3.6/site-packages/airflow/example_dags/example_kubernetes_executor.py for tasks to queue
[2025-02-15 13:59:03,084] {logging_mixin.py:104} INFO - [2025-02-15 13:59:03,083] {dagbag.py:496} INFO - Filling up the DagBag from /home/airflow/.local/lib/python3.6/site-packages/airflow/example_dags/example_kubernetes_executor.py
[2025-02-15 13:59:03,108] {scheduler_job.py:643} INFO - DAG(s) dict_keys(['example_kubernetes_executor']) retrieved from /home/airflow/.local/lib/python3.6/site-packages/airflow/example_dags/example_kubernetes_executor.py
[2025-02-15 13:59:03,142] {logging_mixin.py:104} INFO - [2025-02-15 13:59:03,142] {dag.py:1833} INFO - Sync 1 DAGs
[2025-02-15 13:59:03,162] {logging_mixin.py:104} INFO - [2025-02-15 13:59:03,161] {dag.py:2306} INFO - Setting next_dagrun for example_kubernetes_executor to None
[2025-02-15 13:59:03,179] {scheduler_job.py:190} INFO - Processing /home/airflow/.local/lib/python3.6/site-packages/airflow/example_dags/example_kubernetes_executor.py took 0.109 seconds
[2025-02-15 13:59:33,710] {scheduler_job.py:182} INFO - Started process (PID=620) to work on /home/airflow/.local/lib/python3.6/site-packages/airflow/example_dags/example_kubernetes_executor.py
[2025-02-15 13:59:33,711] {scheduler_job.py:633} INFO - Processing file /home/airflow/.local/lib/python3.6/site-packages/airflow/example_dags/example_kubernetes_executor.py for tasks to queue
[2025-02-15 13:59:33,712] {logging_mixin.py:104} INFO - [2025-02-15 13:59:33,712] {dagbag.py:496} INFO - Filling up the DagBag from /home/airflow/.local/lib/python3.6/site-packages/airflow/example_dags/example_kubernetes_executor.py
[2025-02-15 13:59:33,735] {scheduler_job.py:643} INFO - DAG(s) dict_keys(['example_kubernetes_executor']) retrieved from /home/airflow/.local/lib/python3.6/site-packages/airflow/example_dags/example_kubernetes_executor.py
[2025-02-15 13:59:33,768] {logging_mixin.py:104} INFO - [2025-02-15 13:59:33,768] {dag.py:1833} INFO - Sync 1 DAGs
[2025-02-15 13:59:33,786] {logging_mixin.py:104} INFO - [2025-02-15 13:59:33,786] {dag.py:2306} INFO - Setting next_dagrun for example_kubernetes_executor to None
[2025-02-15 13:59:33,803] {scheduler_job.py:190} INFO - Processing /home/airflow/.local/lib/python3.6/site-packages/airflow/example_dags/example_kubernetes_executor.py took 0.098 seconds
[2025-02-15 14:00:04,994] {scheduler_job.py:182} INFO - Started process (PID=680) to work on /home/airflow/.local/lib/python3.6/site-packages/airflow/example_dags/example_kubernetes_executor.py
[2025-02-15 14:00:04,996] {scheduler_job.py:633} INFO - Processing file /home/airflow/.local/lib/python3.6/site-packages/airflow/example_dags/example_kubernetes_executor.py for tasks to queue
[2025-02-15 14:00:04,998] {logging_mixin.py:104} INFO - [2025-02-15 14:00:04,998] {dagbag.py:496} INFO - Filling up the DagBag from /home/airflow/.local/lib/python3.6/site-packages/airflow/example_dags/example_kubernetes_executor.py
[2025-02-15 14:00:05,032] {scheduler_job.py:643} INFO - DAG(s) dict_keys(['example_kubernetes_executor']) retrieved from /home/airflow/.local/lib/python3.6/site-packages/airflow/example_dags/example_kubernetes_executor.py
[2025-02-15 14:00:05,075] {logging_mixin.py:104} INFO - [2025-02-15 14:00:05,075] {dag.py:1833} INFO - Sync 1 DAGs
[2025-02-15 14:00:05,110] {logging_mixin.py:104} INFO - [2025-02-15 14:00:05,109] {dag.py:2306} INFO - Setting next_dagrun for example_kubernetes_executor to None
[2025-02-15 14:00:05,129] {scheduler_job.py:190} INFO - Processing /home/airflow/.local/lib/python3.6/site-packages/airflow/example_dags/example_kubernetes_executor.py took 0.142 seconds
[2025-02-15 14:01:31,174] {scheduler_job.py:182} INFO - Started process (PID=89) to work on /home/airflow/.local/lib/python3.6/site-packages/airflow/example_dags/example_kubernetes_executor.py
[2025-02-15 14:01:31,178] {scheduler_job.py:633} INFO - Processing file /home/airflow/.local/lib/python3.6/site-packages/airflow/example_dags/example_kubernetes_executor.py for tasks to queue
[2025-02-15 14:01:31,179] {logging_mixin.py:104} INFO - [2025-02-15 14:01:31,179] {dagbag.py:496} INFO - Filling up the DagBag from /home/airflow/.local/lib/python3.6/site-packages/airflow/example_dags/example_kubernetes_executor.py
[2025-02-15 14:01:31,217] {scheduler_job.py:643} INFO - DAG(s) dict_keys(['example_kubernetes_executor']) retrieved from /home/airflow/.local/lib/python3.6/site-packages/airflow/example_dags/example_kubernetes_executor.py
[2025-02-15 14:01:31,309] {logging_mixin.py:104} INFO - [2025-02-15 14:01:31,309] {dag.py:1833} INFO - Sync 1 DAGs
[2025-02-15 14:01:31,371] {logging_mixin.py:104} INFO - [2025-02-15 14:01:31,371] {dag.py:2306} INFO - Setting next_dagrun for example_kubernetes_executor to None
[2025-02-15 14:01:31,411] {scheduler_job.py:190} INFO - Processing /home/airflow/.local/lib/python3.6/site-packages/airflow/example_dags/example_kubernetes_executor.py took 0.246 seconds
[2025-02-15 14:07:32,543] {scheduler_job.py:182} INFO - Started process (PID=358) to work on /home/airflow/.local/lib/python3.6/site-packages/airflow/example_dags/example_kubernetes_executor.py
[2025-02-15 14:07:32,546] {scheduler_job.py:633} INFO - Processing file /home/airflow/.local/lib/python3.6/site-packages/airflow/example_dags/example_kubernetes_executor.py for tasks to queue
[2025-02-15 14:07:32,548] {logging_mixin.py:104} INFO - [2025-02-15 14:07:32,547] {dagbag.py:496} INFO - Filling up the DagBag from /home/airflow/.local/lib/python3.6/site-packages/airflow/example_dags/example_kubernetes_executor.py
[2025-02-15 14:07:32,579] {scheduler_job.py:643} INFO - DAG(s) dict_keys(['example_kubernetes_executor']) retrieved from /home/airflow/.local/lib/python3.6/site-packages/airflow/example_dags/example_kubernetes_executor.py
[2025-02-15 14:07:37,597] {logging_mixin.py:104} INFO - [2025-02-15 14:07:37,594] {dag.py:1833} INFO - Sync 1 DAGs
[2025-02-15 14:07:37,622] {logging_mixin.py:104} INFO - [2025-02-15 14:07:37,619] {dag.py:1852} INFO - Creating ORM DAG for example_kubernetes_executor
[2025-02-15 14:07:37,636] {logging_mixin.py:104} INFO - [2025-02-15 14:07:37,635] {dag.py:2306} INFO - Setting next_dagrun for example_kubernetes_executor to None
[2025-02-15 14:07:37,674] {scheduler_job.py:190} INFO - Processing /home/airflow/.local/lib/python3.6/site-packages/airflow/example_dags/example_kubernetes_executor.py took 5.138 seconds
[2025-02-15 14:08:08,005] {scheduler_job.py:182} INFO - Started process (PID=452) to work on /home/airflow/.local/lib/python3.6/site-packages/airflow/example_dags/example_kubernetes_executor.py
[2025-02-15 14:08:08,008] {scheduler_job.py:633} INFO - Processing file /home/airflow/.local/lib/python3.6/site-packages/airflow/example_dags/example_kubernetes_executor.py for tasks to queue
[2025-02-15 14:08:08,009] {logging_mixin.py:104} INFO - [2025-02-15 14:08:08,009] {dagbag.py:496} INFO - Filling up the DagBag from /home/airflow/.local/lib/python3.6/site-packages/airflow/example_dags/example_kubernetes_executor.py
[2025-02-15 14:08:08,029] {scheduler_job.py:643} INFO - DAG(s) dict_keys(['example_kubernetes_executor']) retrieved from /home/airflow/.local/lib/python3.6/site-packages/airflow/example_dags/example_kubernetes_executor.py
[2025-02-15 14:08:08,077] {logging_mixin.py:104} INFO - [2025-02-15 14:08:08,077] {dag.py:1833} INFO - Sync 1 DAGs
[2025-02-15 14:08:08,122] {logging_mixin.py:104} INFO - [2025-02-15 14:08:08,122] {dag.py:2306} INFO - Setting next_dagrun for example_kubernetes_executor to None
[2025-02-15 14:08:08,148] {scheduler_job.py:190} INFO - Processing /home/airflow/.local/lib/python3.6/site-packages/airflow/example_dags/example_kubernetes_executor.py took 0.150 seconds
[2025-02-15 14:08:38,812] {scheduler_job.py:182} INFO - Started process (PID=504) to work on /home/airflow/.local/lib/python3.6/site-packages/airflow/example_dags/example_kubernetes_executor.py
[2025-02-15 14:08:38,814] {scheduler_job.py:633} INFO - Processing file /home/airflow/.local/lib/python3.6/site-packages/airflow/example_dags/example_kubernetes_executor.py for tasks to queue
[2025-02-15 14:08:38,814] {logging_mixin.py:104} INFO - [2025-02-15 14:08:38,814] {dagbag.py:496} INFO - Filling up the DagBag from /home/airflow/.local/lib/python3.6/site-packages/airflow/example_dags/example_kubernetes_executor.py
[2025-02-15 14:08:38,831] {scheduler_job.py:643} INFO - DAG(s) dict_keys(['example_kubernetes_executor']) retrieved from /home/airflow/.local/lib/python3.6/site-packages/airflow/example_dags/example_kubernetes_executor.py
[2025-02-15 14:08:38,861] {logging_mixin.py:104} INFO - [2025-02-15 14:08:38,861] {dag.py:1833} INFO - Sync 1 DAGs
[2025-02-15 14:08:38,879] {logging_mixin.py:104} INFO - [2025-02-15 14:08:38,878] {dag.py:2306} INFO - Setting next_dagrun for example_kubernetes_executor to None
[2025-02-15 14:08:38,896] {scheduler_job.py:190} INFO - Processing /home/airflow/.local/lib/python3.6/site-packages/airflow/example_dags/example_kubernetes_executor.py took 0.091 seconds
[2025-02-15 14:09:08,973] {scheduler_job.py:182} INFO - Started process (PID=566) to work on /home/airflow/.local/lib/python3.6/site-packages/airflow/example_dags/example_kubernetes_executor.py
[2025-02-15 14:09:08,975] {scheduler_job.py:633} INFO - Processing file /home/airflow/.local/lib/python3.6/site-packages/airflow/example_dags/example_kubernetes_executor.py for tasks to queue
[2025-02-15 14:09:08,976] {logging_mixin.py:104} INFO - [2025-02-15 14:09:08,976] {dagbag.py:496} INFO - Filling up the DagBag from /home/airflow/.local/lib/python3.6/site-packages/airflow/example_dags/example_kubernetes_executor.py
[2025-02-15 14:09:09,003] {scheduler_job.py:643} INFO - DAG(s) dict_keys(['example_kubernetes_executor']) retrieved from /home/airflow/.local/lib/python3.6/site-packages/airflow/example_dags/example_kubernetes_executor.py
[2025-02-15 14:09:09,054] {logging_mixin.py:104} INFO - [2025-02-15 14:09:09,054] {dag.py:1833} INFO - Sync 1 DAGs
[2025-02-15 14:09:09,089] {logging_mixin.py:104} INFO - [2025-02-15 14:09:09,089] {dag.py:2306} INFO - Setting next_dagrun for example_kubernetes_executor to None
[2025-02-15 14:09:09,109] {scheduler_job.py:190} INFO - Processing /home/airflow/.local/lib/python3.6/site-packages/airflow/example_dags/example_kubernetes_executor.py took 0.141 seconds
[2025-02-15 14:09:39,699] {scheduler_job.py:182} INFO - Started process (PID=618) to work on /home/airflow/.local/lib/python3.6/site-packages/airflow/example_dags/example_kubernetes_executor.py
[2025-02-15 14:09:39,701] {scheduler_job.py:633} INFO - Processing file /home/airflow/.local/lib/python3.6/site-packages/airflow/example_dags/example_kubernetes_executor.py for tasks to queue
[2025-02-15 14:09:39,703] {logging_mixin.py:104} INFO - [2025-02-15 14:09:39,703] {dagbag.py:496} INFO - Filling up the DagBag from /home/airflow/.local/lib/python3.6/site-packages/airflow/example_dags/example_kubernetes_executor.py
[2025-02-15 14:09:39,725] {scheduler_job.py:643} INFO - DAG(s) dict_keys(['example_kubernetes_executor']) retrieved from /home/airflow/.local/lib/python3.6/site-packages/airflow/example_dags/example_kubernetes_executor.py
[2025-02-15 14:09:39,755] {logging_mixin.py:104} INFO - [2025-02-15 14:09:39,755] {dag.py:1833} INFO - Sync 1 DAGs
[2025-02-15 14:09:39,773] {logging_mixin.py:104} INFO - [2025-02-15 14:09:39,772] {dag.py:2306} INFO - Setting next_dagrun for example_kubernetes_executor to None
[2025-02-15 14:09:39,787] {scheduler_job.py:190} INFO - Processing /home/airflow/.local/lib/python3.6/site-packages/airflow/example_dags/example_kubernetes_executor.py took 0.096 seconds
[2025-02-15 14:10:10,010] {scheduler_job.py:182} INFO - Started process (PID=679) to work on /home/airflow/.local/lib/python3.6/site-packages/airflow/example_dags/example_kubernetes_executor.py
[2025-02-15 14:10:10,013] {scheduler_job.py:633} INFO - Processing file /home/airflow/.local/lib/python3.6/site-packages/airflow/example_dags/example_kubernetes_executor.py for tasks to queue
[2025-02-15 14:10:10,015] {logging_mixin.py:104} INFO - [2025-02-15 14:10:10,015] {dagbag.py:496} INFO - Filling up the DagBag from /home/airflow/.local/lib/python3.6/site-packages/airflow/example_dags/example_kubernetes_executor.py
[2025-02-15 14:10:10,040] {scheduler_job.py:643} INFO - DAG(s) dict_keys(['example_kubernetes_executor']) retrieved from /home/airflow/.local/lib/python3.6/site-packages/airflow/example_dags/example_kubernetes_executor.py
[2025-02-15 14:10:10,081] {logging_mixin.py:104} INFO - [2025-02-15 14:10:10,081] {dag.py:1833} INFO - Sync 1 DAGs
[2025-02-15 14:10:10,108] {logging_mixin.py:104} INFO - [2025-02-15 14:10:10,108] {dag.py:2306} INFO - Setting next_dagrun for example_kubernetes_executor to None
[2025-02-15 14:10:10,124] {scheduler_job.py:190} INFO - Processing /home/airflow/.local/lib/python3.6/site-packages/airflow/example_dags/example_kubernetes_executor.py took 0.131 seconds
[2025-02-15 14:10:40,463] {scheduler_job.py:182} INFO - Started process (PID=731) to work on /home/airflow/.local/lib/python3.6/site-packages/airflow/example_dags/example_kubernetes_executor.py
[2025-02-15 14:10:40,465] {scheduler_job.py:633} INFO - Processing file /home/airflow/.local/lib/python3.6/site-packages/airflow/example_dags/example_kubernetes_executor.py for tasks to queue
[2025-02-15 14:10:40,466] {logging_mixin.py:104} INFO - [2025-02-15 14:10:40,465] {dagbag.py:496} INFO - Filling up the DagBag from /home/airflow/.local/lib/python3.6/site-packages/airflow/example_dags/example_kubernetes_executor.py
[2025-02-15 14:10:40,482] {scheduler_job.py:643} INFO - DAG(s) dict_keys(['example_kubernetes_executor']) retrieved from /home/airflow/.local/lib/python3.6/site-packages/airflow/example_dags/example_kubernetes_executor.py
[2025-02-15 14:10:40,511] {logging_mixin.py:104} INFO - [2025-02-15 14:10:40,511] {dag.py:1833} INFO - Sync 1 DAGs
[2025-02-15 14:10:40,535] {logging_mixin.py:104} INFO - [2025-02-15 14:10:40,535] {dag.py:2306} INFO - Setting next_dagrun for example_kubernetes_executor to None
[2025-02-15 14:10:40,552] {scheduler_job.py:190} INFO - Processing /home/airflow/.local/lib/python3.6/site-packages/airflow/example_dags/example_kubernetes_executor.py took 0.094 seconds
[2025-02-15 14:11:10,790] {scheduler_job.py:182} INFO - Started process (PID=793) to work on /home/airflow/.local/lib/python3.6/site-packages/airflow/example_dags/example_kubernetes_executor.py
[2025-02-15 14:11:10,793] {scheduler_job.py:633} INFO - Processing file /home/airflow/.local/lib/python3.6/site-packages/airflow/example_dags/example_kubernetes_executor.py for tasks to queue
[2025-02-15 14:11:10,794] {logging_mixin.py:104} INFO - [2025-02-15 14:11:10,794] {dagbag.py:496} INFO - Filling up the DagBag from /home/airflow/.local/lib/python3.6/site-packages/airflow/example_dags/example_kubernetes_executor.py
[2025-02-15 14:11:10,817] {scheduler_job.py:643} INFO - DAG(s) dict_keys(['example_kubernetes_executor']) retrieved from /home/airflow/.local/lib/python3.6/site-packages/airflow/example_dags/example_kubernetes_executor.py
[2025-02-15 14:11:10,860] {logging_mixin.py:104} INFO - [2025-02-15 14:11:10,859] {dag.py:1833} INFO - Sync 1 DAGs
[2025-02-15 14:11:10,880] {logging_mixin.py:104} INFO - [2025-02-15 14:11:10,880] {dag.py:2306} INFO - Setting next_dagrun for example_kubernetes_executor to None
[2025-02-15 14:11:10,893] {scheduler_job.py:190} INFO - Processing /home/airflow/.local/lib/python3.6/site-packages/airflow/example_dags/example_kubernetes_executor.py took 0.109 seconds
[2025-02-15 14:11:41,417] {scheduler_job.py:182} INFO - Started process (PID=845) to work on /home/airflow/.local/lib/python3.6/site-packages/airflow/example_dags/example_kubernetes_executor.py
[2025-02-15 14:11:41,419] {scheduler_job.py:633} INFO - Processing file /home/airflow/.local/lib/python3.6/site-packages/airflow/example_dags/example_kubernetes_executor.py for tasks to queue
[2025-02-15 14:11:41,422] {logging_mixin.py:104} INFO - [2025-02-15 14:11:41,421] {dagbag.py:496} INFO - Filling up the DagBag from /home/airflow/.local/lib/python3.6/site-packages/airflow/example_dags/example_kubernetes_executor.py
[2025-02-15 14:11:41,451] {scheduler_job.py:643} INFO - DAG(s) dict_keys(['example_kubernetes_executor']) retrieved from /home/airflow/.local/lib/python3.6/site-packages/airflow/example_dags/example_kubernetes_executor.py
[2025-02-15 14:11:41,492] {logging_mixin.py:104} INFO - [2025-02-15 14:11:41,492] {dag.py:1833} INFO - Sync 1 DAGs
[2025-02-15 14:11:41,529] {logging_mixin.py:104} INFO - [2025-02-15 14:11:41,528] {dag.py:2306} INFO - Setting next_dagrun for example_kubernetes_executor to None
[2025-02-15 14:11:41,560] {scheduler_job.py:190} INFO - Processing /home/airflow/.local/lib/python3.6/site-packages/airflow/example_dags/example_kubernetes_executor.py took 0.150 seconds
[2025-02-15 14:12:11,684] {scheduler_job.py:182} INFO - Started process (PID=908) to work on /home/airflow/.local/lib/python3.6/site-packages/airflow/example_dags/example_kubernetes_executor.py
[2025-02-15 14:12:11,687] {scheduler_job.py:633} INFO - Processing file /home/airflow/.local/lib/python3.6/site-packages/airflow/example_dags/example_kubernetes_executor.py for tasks to queue
[2025-02-15 14:12:11,688] {logging_mixin.py:104} INFO - [2025-02-15 14:12:11,688] {dagbag.py:496} INFO - Filling up the DagBag from /home/airflow/.local/lib/python3.6/site-packages/airflow/example_dags/example_kubernetes_executor.py
[2025-02-15 14:12:11,707] {scheduler_job.py:643} INFO - DAG(s) dict_keys(['example_kubernetes_executor']) retrieved from /home/airflow/.local/lib/python3.6/site-packages/airflow/example_dags/example_kubernetes_executor.py
[2025-02-15 14:12:11,744] {logging_mixin.py:104} INFO - [2025-02-15 14:12:11,744] {dag.py:1833} INFO - Sync 1 DAGs
[2025-02-15 14:12:11,767] {logging_mixin.py:104} INFO - [2025-02-15 14:12:11,767] {dag.py:2306} INFO - Setting next_dagrun for example_kubernetes_executor to None
[2025-02-15 14:12:11,784] {scheduler_job.py:190} INFO - Processing /home/airflow/.local/lib/python3.6/site-packages/airflow/example_dags/example_kubernetes_executor.py took 0.106 seconds
[2025-02-15 14:12:42,434] {scheduler_job.py:182} INFO - Started process (PID=960) to work on /home/airflow/.local/lib/python3.6/site-packages/airflow/example_dags/example_kubernetes_executor.py
[2025-02-15 14:12:42,436] {scheduler_job.py:633} INFO - Processing file /home/airflow/.local/lib/python3.6/site-packages/airflow/example_dags/example_kubernetes_executor.py for tasks to queue
[2025-02-15 14:12:42,452] {logging_mixin.py:104} INFO - [2025-02-15 14:12:42,451] {dagbag.py:496} INFO - Filling up the DagBag from /home/airflow/.local/lib/python3.6/site-packages/airflow/example_dags/example_kubernetes_executor.py
[2025-02-15 14:12:42,523] {scheduler_job.py:643} INFO - DAG(s) dict_keys(['example_kubernetes_executor']) retrieved from /home/airflow/.local/lib/python3.6/site-packages/airflow/example_dags/example_kubernetes_executor.py
[2025-02-15 14:12:42,616] {logging_mixin.py:104} INFO - [2025-02-15 14:12:42,612] {dag.py:1833} INFO - Sync 1 DAGs
[2025-02-15 14:12:42,688] {logging_mixin.py:104} INFO - [2025-02-15 14:12:42,688] {dag.py:2306} INFO - Setting next_dagrun for example_kubernetes_executor to None
[2025-02-15 14:12:42,738] {scheduler_job.py:190} INFO - Processing /home/airflow/.local/lib/python3.6/site-packages/airflow/example_dags/example_kubernetes_executor.py took 0.313 seconds
[2025-02-15 14:13:12,985] {scheduler_job.py:182} INFO - Started process (PID=1022) to work on /home/airflow/.local/lib/python3.6/site-packages/airflow/example_dags/example_kubernetes_executor.py
[2025-02-15 14:13:12,987] {scheduler_job.py:633} INFO - Processing file /home/airflow/.local/lib/python3.6/site-packages/airflow/example_dags/example_kubernetes_executor.py for tasks to queue
[2025-02-15 14:13:12,988] {logging_mixin.py:104} INFO - [2025-02-15 14:13:12,988] {dagbag.py:496} INFO - Filling up the DagBag from /home/airflow/.local/lib/python3.6/site-packages/airflow/example_dags/example_kubernetes_executor.py
[2025-02-15 14:13:13,007] {scheduler_job.py:643} INFO - DAG(s) dict_keys(['example_kubernetes_executor']) retrieved from /home/airflow/.local/lib/python3.6/site-packages/airflow/example_dags/example_kubernetes_executor.py
[2025-02-15 14:13:13,042] {logging_mixin.py:104} INFO - [2025-02-15 14:13:13,042] {dag.py:1833} INFO - Sync 1 DAGs
[2025-02-15 14:13:13,073] {logging_mixin.py:104} INFO - [2025-02-15 14:13:13,073] {dag.py:2306} INFO - Setting next_dagrun for example_kubernetes_executor to None
[2025-02-15 14:13:13,093] {scheduler_job.py:190} INFO - Processing /home/airflow/.local/lib/python3.6/site-packages/airflow/example_dags/example_kubernetes_executor.py took 0.114 seconds
[2025-02-15 14:13:43,547] {scheduler_job.py:182} INFO - Started process (PID=1074) to work on /home/airflow/.local/lib/python3.6/site-packages/airflow/example_dags/example_kubernetes_executor.py
[2025-02-15 14:13:43,549] {scheduler_job.py:633} INFO - Processing file /home/airflow/.local/lib/python3.6/site-packages/airflow/example_dags/example_kubernetes_executor.py for tasks to queue
[2025-02-15 14:13:43,550] {logging_mixin.py:104} INFO - [2025-02-15 14:13:43,550] {dagbag.py:496} INFO - Filling up the DagBag from /home/airflow/.local/lib/python3.6/site-packages/airflow/example_dags/example_kubernetes_executor.py
[2025-02-15 14:13:43,568] {scheduler_job.py:643} INFO - DAG(s) dict_keys(['example_kubernetes_executor']) retrieved from /home/airflow/.local/lib/python3.6/site-packages/airflow/example_dags/example_kubernetes_executor.py
[2025-02-15 14:13:43,598] {logging_mixin.py:104} INFO - [2025-02-15 14:13:43,597] {dag.py:1833} INFO - Sync 1 DAGs
[2025-02-15 14:13:43,616] {logging_mixin.py:104} INFO - [2025-02-15 14:13:43,616] {dag.py:2306} INFO - Setting next_dagrun for example_kubernetes_executor to None
[2025-02-15 14:13:43,632] {scheduler_job.py:190} INFO - Processing /home/airflow/.local/lib/python3.6/site-packages/airflow/example_dags/example_kubernetes_executor.py took 0.094 seconds
[2025-02-15 14:15:12,131] {scheduler_job.py:182} INFO - Started process (PID=82) to work on /home/airflow/.local/lib/python3.6/site-packages/airflow/example_dags/example_kubernetes_executor.py
[2025-02-15 14:15:12,135] {scheduler_job.py:633} INFO - Processing file /home/airflow/.local/lib/python3.6/site-packages/airflow/example_dags/example_kubernetes_executor.py for tasks to queue
[2025-02-15 14:15:12,137] {logging_mixin.py:104} INFO - [2025-02-15 14:15:12,136] {dagbag.py:496} INFO - Filling up the DagBag from /home/airflow/.local/lib/python3.6/site-packages/airflow/example_dags/example_kubernetes_executor.py
[2025-02-15 14:15:12,175] {scheduler_job.py:643} INFO - DAG(s) dict_keys(['example_kubernetes_executor']) retrieved from /home/airflow/.local/lib/python3.6/site-packages/airflow/example_dags/example_kubernetes_executor.py
[2025-02-15 14:15:12,258] {logging_mixin.py:104} INFO - [2025-02-15 14:15:12,257] {dag.py:1833} INFO - Sync 1 DAGs
[2025-02-15 14:15:12,349] {logging_mixin.py:104} INFO - [2025-02-15 14:15:12,349] {dag.py:2306} INFO - Setting next_dagrun for example_kubernetes_executor to None
[2025-02-15 14:15:12,545] {scheduler_job.py:190} INFO - Processing /home/airflow/.local/lib/python3.6/site-packages/airflow/example_dags/example_kubernetes_executor.py took 0.427 seconds
[2025-02-15 14:15:47,800] {scheduler_job.py:182} INFO - Started process (PID=134) to work on /home/airflow/.local/lib/python3.6/site-packages/airflow/example_dags/example_kubernetes_executor.py
[2025-02-15 14:15:47,821] {scheduler_job.py:633} INFO - Processing file /home/airflow/.local/lib/python3.6/site-packages/airflow/example_dags/example_kubernetes_executor.py for tasks to queue
[2025-02-15 14:15:47,824] {logging_mixin.py:104} INFO - [2025-02-15 14:15:47,823] {dagbag.py:496} INFO - Filling up the DagBag from /home/airflow/.local/lib/python3.6/site-packages/airflow/example_dags/example_kubernetes_executor.py
[2025-02-15 14:15:47,895] {scheduler_job.py:643} INFO - DAG(s) dict_keys(['example_kubernetes_executor']) retrieved from /home/airflow/.local/lib/python3.6/site-packages/airflow/example_dags/example_kubernetes_executor.py
[2025-02-15 14:15:48,150] {logging_mixin.py:104} INFO - [2025-02-15 14:15:48,149] {dag.py:1833} INFO - Sync 1 DAGs
[2025-02-15 14:15:48,278] {logging_mixin.py:104} INFO - [2025-02-15 14:15:48,278] {dag.py:2306} INFO - Setting next_dagrun for example_kubernetes_executor to None
[2025-02-15 14:15:48,424] {scheduler_job.py:190} INFO - Processing /home/airflow/.local/lib/python3.6/site-packages/airflow/example_dags/example_kubernetes_executor.py took 0.636 seconds
[2025-02-15 14:21:20,438] {scheduler_job.py:182} INFO - Started process (PID=189) to work on /home/airflow/.local/lib/python3.6/site-packages/airflow/example_dags/example_kubernetes_executor.py
[2025-02-15 14:21:20,477] {scheduler_job.py:633} INFO - Processing file /home/airflow/.local/lib/python3.6/site-packages/airflow/example_dags/example_kubernetes_executor.py for tasks to queue
[2025-02-15 14:21:20,483] {logging_mixin.py:104} INFO - [2025-02-15 14:21:20,482] {dagbag.py:496} INFO - Filling up the DagBag from /home/airflow/.local/lib/python3.6/site-packages/airflow/example_dags/example_kubernetes_executor.py
[2025-02-15 14:21:20,626] {scheduler_job.py:643} INFO - DAG(s) dict_keys(['example_kubernetes_executor']) retrieved from /home/airflow/.local/lib/python3.6/site-packages/airflow/example_dags/example_kubernetes_executor.py
[2025-02-15 14:21:20,696] {logging_mixin.py:104} INFO - [2025-02-15 14:21:20,696] {dag.py:1833} INFO - Sync 1 DAGs
[2025-02-15 14:21:20,727] {logging_mixin.py:104} INFO - [2025-02-15 14:21:20,727] {dag.py:2306} INFO - Setting next_dagrun for example_kubernetes_executor to None
[2025-02-15 14:21:20,777] {scheduler_job.py:190} INFO - Processing /home/airflow/.local/lib/python3.6/site-packages/airflow/example_dags/example_kubernetes_executor.py took 0.357 seconds
[2025-02-15 14:21:51,795] {scheduler_job.py:182} INFO - Started process (PID=237) to work on /home/airflow/.local/lib/python3.6/site-packages/airflow/example_dags/example_kubernetes_executor.py
[2025-02-15 14:21:51,821] {scheduler_job.py:633} INFO - Processing file /home/airflow/.local/lib/python3.6/site-packages/airflow/example_dags/example_kubernetes_executor.py for tasks to queue
[2025-02-15 14:21:51,857] {logging_mixin.py:104} INFO - [2025-02-15 14:21:51,828] {dagbag.py:496} INFO - Filling up the DagBag from /home/airflow/.local/lib/python3.6/site-packages/airflow/example_dags/example_kubernetes_executor.py
[2025-02-15 14:21:52,019] {scheduler_job.py:643} INFO - DAG(s) dict_keys(['example_kubernetes_executor']) retrieved from /home/airflow/.local/lib/python3.6/site-packages/airflow/example_dags/example_kubernetes_executor.py
[2025-02-15 14:21:52,256] {logging_mixin.py:104} INFO - [2025-02-15 14:21:52,255] {dag.py:1833} INFO - Sync 1 DAGs
[2025-02-15 14:21:52,330] {logging_mixin.py:104} INFO - [2025-02-15 14:21:52,330] {dag.py:2306} INFO - Setting next_dagrun for example_kubernetes_executor to None
[2025-02-15 14:21:52,387] {scheduler_job.py:190} INFO - Processing /home/airflow/.local/lib/python3.6/site-packages/airflow/example_dags/example_kubernetes_executor.py took 0.643 seconds
[2025-02-15 14:22:23,261] {scheduler_job.py:182} INFO - Started process (PID=282) to work on /home/airflow/.local/lib/python3.6/site-packages/airflow/example_dags/example_kubernetes_executor.py
[2025-02-15 14:22:23,265] {scheduler_job.py:633} INFO - Processing file /home/airflow/.local/lib/python3.6/site-packages/airflow/example_dags/example_kubernetes_executor.py for tasks to queue
[2025-02-15 14:22:23,266] {logging_mixin.py:104} INFO - [2025-02-15 14:22:23,266] {dagbag.py:496} INFO - Filling up the DagBag from /home/airflow/.local/lib/python3.6/site-packages/airflow/example_dags/example_kubernetes_executor.py
[2025-02-15 14:22:23,297] {scheduler_job.py:643} INFO - DAG(s) dict_keys(['example_kubernetes_executor']) retrieved from /home/airflow/.local/lib/python3.6/site-packages/airflow/example_dags/example_kubernetes_executor.py
[2025-02-15 14:22:23,398] {logging_mixin.py:104} INFO - [2025-02-15 14:22:23,397] {dag.py:1833} INFO - Sync 1 DAGs
[2025-02-15 14:22:23,438] {logging_mixin.py:104} INFO - [2025-02-15 14:22:23,437] {dag.py:2306} INFO - Setting next_dagrun for example_kubernetes_executor to None
[2025-02-15 14:22:23,474] {scheduler_job.py:190} INFO - Processing /home/airflow/.local/lib/python3.6/site-packages/airflow/example_dags/example_kubernetes_executor.py took 0.218 seconds
[2025-02-15 14:22:54,155] {scheduler_job.py:182} INFO - Started process (PID=343) to work on /home/airflow/.local/lib/python3.6/site-packages/airflow/example_dags/example_kubernetes_executor.py
[2025-02-15 14:22:54,158] {scheduler_job.py:633} INFO - Processing file /home/airflow/.local/lib/python3.6/site-packages/airflow/example_dags/example_kubernetes_executor.py for tasks to queue
[2025-02-15 14:22:54,159] {logging_mixin.py:104} INFO - [2025-02-15 14:22:54,159] {dagbag.py:496} INFO - Filling up the DagBag from /home/airflow/.local/lib/python3.6/site-packages/airflow/example_dags/example_kubernetes_executor.py
[2025-02-15 14:22:54,176] {scheduler_job.py:643} INFO - DAG(s) dict_keys(['example_kubernetes_executor']) retrieved from /home/airflow/.local/lib/python3.6/site-packages/airflow/example_dags/example_kubernetes_executor.py
[2025-02-15 14:22:54,212] {logging_mixin.py:104} INFO - [2025-02-15 14:22:54,212] {dag.py:1833} INFO - Sync 1 DAGs
[2025-02-15 14:22:54,228] {logging_mixin.py:104} INFO - [2025-02-15 14:22:54,227] {dag.py:2306} INFO - Setting next_dagrun for example_kubernetes_executor to None
[2025-02-15 14:22:54,250] {scheduler_job.py:190} INFO - Processing /home/airflow/.local/lib/python3.6/site-packages/airflow/example_dags/example_kubernetes_executor.py took 0.100 seconds
[2025-02-15 14:25:11,067] {scheduler_job.py:182} INFO - Started process (PID=81) to work on /home/airflow/.local/lib/python3.6/site-packages/airflow/example_dags/example_kubernetes_executor.py
[2025-02-15 14:25:11,073] {scheduler_job.py:633} INFO - Processing file /home/airflow/.local/lib/python3.6/site-packages/airflow/example_dags/example_kubernetes_executor.py for tasks to queue
[2025-02-15 14:25:11,075] {logging_mixin.py:104} INFO - [2025-02-15 14:25:11,075] {dagbag.py:496} INFO - Filling up the DagBag from /home/airflow/.local/lib/python3.6/site-packages/airflow/example_dags/example_kubernetes_executor.py
[2025-02-15 14:25:11,117] {scheduler_job.py:643} INFO - DAG(s) dict_keys(['example_kubernetes_executor']) retrieved from /home/airflow/.local/lib/python3.6/site-packages/airflow/example_dags/example_kubernetes_executor.py
[2025-02-15 14:25:11,286] {logging_mixin.py:104} INFO - [2025-02-15 14:25:11,286] {dag.py:1833} INFO - Sync 1 DAGs
[2025-02-15 14:25:11,392] {logging_mixin.py:104} INFO - [2025-02-15 14:25:11,392] {dag.py:2306} INFO - Setting next_dagrun for example_kubernetes_executor to None
[2025-02-15 14:25:11,438] {scheduler_job.py:190} INFO - Processing /home/airflow/.local/lib/python3.6/site-packages/airflow/example_dags/example_kubernetes_executor.py took 0.382 seconds
[2025-02-15 14:25:42,627] {scheduler_job.py:182} INFO - Started process (PID=134) to work on /home/airflow/.local/lib/python3.6/site-packages/airflow/example_dags/example_kubernetes_executor.py
[2025-02-15 14:25:42,630] {scheduler_job.py:633} INFO - Processing file /home/airflow/.local/lib/python3.6/site-packages/airflow/example_dags/example_kubernetes_executor.py for tasks to queue
[2025-02-15 14:25:42,631] {logging_mixin.py:104} INFO - [2025-02-15 14:25:42,631] {dagbag.py:496} INFO - Filling up the DagBag from /home/airflow/.local/lib/python3.6/site-packages/airflow/example_dags/example_kubernetes_executor.py
[2025-02-15 14:25:42,670] {scheduler_job.py:643} INFO - DAG(s) dict_keys(['example_kubernetes_executor']) retrieved from /home/airflow/.local/lib/python3.6/site-packages/airflow/example_dags/example_kubernetes_executor.py
[2025-02-15 14:25:42,739] {logging_mixin.py:104} INFO - [2025-02-15 14:25:42,739] {dag.py:1833} INFO - Sync 1 DAGs
[2025-02-15 14:25:42,796] {logging_mixin.py:104} INFO - [2025-02-15 14:25:42,796] {dag.py:2306} INFO - Setting next_dagrun for example_kubernetes_executor to None
[2025-02-15 14:25:42,838] {scheduler_job.py:190} INFO - Processing /home/airflow/.local/lib/python3.6/site-packages/airflow/example_dags/example_kubernetes_executor.py took 0.219 seconds
[2025-02-15 14:26:13,599] {scheduler_job.py:182} INFO - Started process (PID=185) to work on /home/airflow/.local/lib/python3.6/site-packages/airflow/example_dags/example_kubernetes_executor.py
[2025-02-15 14:26:13,602] {scheduler_job.py:633} INFO - Processing file /home/airflow/.local/lib/python3.6/site-packages/airflow/example_dags/example_kubernetes_executor.py for tasks to queue
[2025-02-15 14:26:13,604] {logging_mixin.py:104} INFO - [2025-02-15 14:26:13,603] {dagbag.py:496} INFO - Filling up the DagBag from /home/airflow/.local/lib/python3.6/site-packages/airflow/example_dags/example_kubernetes_executor.py
[2025-02-15 14:26:13,643] {scheduler_job.py:643} INFO - DAG(s) dict_keys(['example_kubernetes_executor']) retrieved from /home/airflow/.local/lib/python3.6/site-packages/airflow/example_dags/example_kubernetes_executor.py
[2025-02-15 14:26:13,706] {logging_mixin.py:104} INFO - [2025-02-15 14:26:13,706] {dag.py:1833} INFO - Sync 1 DAGs
[2025-02-15 14:26:13,737] {logging_mixin.py:104} INFO - [2025-02-15 14:26:13,737] {dag.py:2306} INFO - Setting next_dagrun for example_kubernetes_executor to None
[2025-02-15 14:26:13,754] {scheduler_job.py:190} INFO - Processing /home/airflow/.local/lib/python3.6/site-packages/airflow/example_dags/example_kubernetes_executor.py took 0.160 seconds
[2025-02-15 14:26:44,386] {scheduler_job.py:182} INFO - Started process (PID=248) to work on /home/airflow/.local/lib/python3.6/site-packages/airflow/example_dags/example_kubernetes_executor.py
[2025-02-15 14:26:44,389] {scheduler_job.py:633} INFO - Processing file /home/airflow/.local/lib/python3.6/site-packages/airflow/example_dags/example_kubernetes_executor.py for tasks to queue
[2025-02-15 14:26:44,390] {logging_mixin.py:104} INFO - [2025-02-15 14:26:44,390] {dagbag.py:496} INFO - Filling up the DagBag from /home/airflow/.local/lib/python3.6/site-packages/airflow/example_dags/example_kubernetes_executor.py
[2025-02-15 14:26:44,409] {scheduler_job.py:643} INFO - DAG(s) dict_keys(['example_kubernetes_executor']) retrieved from /home/airflow/.local/lib/python3.6/site-packages/airflow/example_dags/example_kubernetes_executor.py
[2025-02-15 14:26:44,447] {logging_mixin.py:104} INFO - [2025-02-15 14:26:44,447] {dag.py:1833} INFO - Sync 1 DAGs
[2025-02-15 14:26:44,469] {logging_mixin.py:104} INFO - [2025-02-15 14:26:44,469] {dag.py:2306} INFO - Setting next_dagrun for example_kubernetes_executor to None
[2025-02-15 14:26:44,491] {scheduler_job.py:190} INFO - Processing /home/airflow/.local/lib/python3.6/site-packages/airflow/example_dags/example_kubernetes_executor.py took 0.111 seconds
[2025-02-15 14:27:14,742] {scheduler_job.py:182} INFO - Started process (PID=300) to work on /home/airflow/.local/lib/python3.6/site-packages/airflow/example_dags/example_kubernetes_executor.py
[2025-02-15 14:27:14,744] {scheduler_job.py:633} INFO - Processing file /home/airflow/.local/lib/python3.6/site-packages/airflow/example_dags/example_kubernetes_executor.py for tasks to queue
[2025-02-15 14:27:14,746] {logging_mixin.py:104} INFO - [2025-02-15 14:27:14,745] {dagbag.py:496} INFO - Filling up the DagBag from /home/airflow/.local/lib/python3.6/site-packages/airflow/example_dags/example_kubernetes_executor.py
[2025-02-15 14:27:14,770] {scheduler_job.py:643} INFO - DAG(s) dict_keys(['example_kubernetes_executor']) retrieved from /home/airflow/.local/lib/python3.6/site-packages/airflow/example_dags/example_kubernetes_executor.py
[2025-02-15 14:27:14,806] {logging_mixin.py:104} INFO - [2025-02-15 14:27:14,806] {dag.py:1833} INFO - Sync 1 DAGs
[2025-02-15 14:27:14,825] {logging_mixin.py:104} INFO - [2025-02-15 14:27:14,825] {dag.py:2306} INFO - Setting next_dagrun for example_kubernetes_executor to None
[2025-02-15 14:27:14,843] {scheduler_job.py:190} INFO - Processing /home/airflow/.local/lib/python3.6/site-packages/airflow/example_dags/example_kubernetes_executor.py took 0.106 seconds
[2025-02-15 14:27:45,212] {scheduler_job.py:182} INFO - Started process (PID=362) to work on /home/airflow/.local/lib/python3.6/site-packages/airflow/example_dags/example_kubernetes_executor.py
[2025-02-15 14:27:45,213] {scheduler_job.py:633} INFO - Processing file /home/airflow/.local/lib/python3.6/site-packages/airflow/example_dags/example_kubernetes_executor.py for tasks to queue
[2025-02-15 14:27:45,214] {logging_mixin.py:104} INFO - [2025-02-15 14:27:45,214] {dagbag.py:496} INFO - Filling up the DagBag from /home/airflow/.local/lib/python3.6/site-packages/airflow/example_dags/example_kubernetes_executor.py
[2025-02-15 14:27:45,226] {scheduler_job.py:643} INFO - DAG(s) dict_keys(['example_kubernetes_executor']) retrieved from /home/airflow/.local/lib/python3.6/site-packages/airflow/example_dags/example_kubernetes_executor.py
[2025-02-15 14:27:45,252] {logging_mixin.py:104} INFO - [2025-02-15 14:27:45,252] {dag.py:1833} INFO - Sync 1 DAGs
[2025-02-15 14:27:45,268] {logging_mixin.py:104} INFO - [2025-02-15 14:27:45,267] {dag.py:2306} INFO - Setting next_dagrun for example_kubernetes_executor to None
[2025-02-15 14:27:45,281] {scheduler_job.py:190} INFO - Processing /home/airflow/.local/lib/python3.6/site-packages/airflow/example_dags/example_kubernetes_executor.py took 0.073 seconds
[2025-02-15 14:28:16,385] {scheduler_job.py:182} INFO - Started process (PID=414) to work on /home/airflow/.local/lib/python3.6/site-packages/airflow/example_dags/example_kubernetes_executor.py
[2025-02-15 14:28:16,386] {scheduler_job.py:633} INFO - Processing file /home/airflow/.local/lib/python3.6/site-packages/airflow/example_dags/example_kubernetes_executor.py for tasks to queue
[2025-02-15 14:28:16,386] {logging_mixin.py:104} INFO - [2025-02-15 14:28:16,386] {dagbag.py:496} INFO - Filling up the DagBag from /home/airflow/.local/lib/python3.6/site-packages/airflow/example_dags/example_kubernetes_executor.py
[2025-02-15 14:28:16,399] {scheduler_job.py:643} INFO - DAG(s) dict_keys(['example_kubernetes_executor']) retrieved from /home/airflow/.local/lib/python3.6/site-packages/airflow/example_dags/example_kubernetes_executor.py
[2025-02-15 14:28:16,424] {logging_mixin.py:104} INFO - [2025-02-15 14:28:16,424] {dag.py:1833} INFO - Sync 1 DAGs
[2025-02-15 14:28:16,443] {logging_mixin.py:104} INFO - [2025-02-15 14:28:16,443] {dag.py:2306} INFO - Setting next_dagrun for example_kubernetes_executor to None
[2025-02-15 14:28:16,458] {scheduler_job.py:190} INFO - Processing /home/airflow/.local/lib/python3.6/site-packages/airflow/example_dags/example_kubernetes_executor.py took 0.076 seconds
[2025-02-15 14:28:47,302] {scheduler_job.py:182} INFO - Started process (PID=476) to work on /home/airflow/.local/lib/python3.6/site-packages/airflow/example_dags/example_kubernetes_executor.py
[2025-02-15 14:28:47,304] {scheduler_job.py:633} INFO - Processing file /home/airflow/.local/lib/python3.6/site-packages/airflow/example_dags/example_kubernetes_executor.py for tasks to queue
[2025-02-15 14:28:47,305] {logging_mixin.py:104} INFO - [2025-02-15 14:28:47,305] {dagbag.py:496} INFO - Filling up the DagBag from /home/airflow/.local/lib/python3.6/site-packages/airflow/example_dags/example_kubernetes_executor.py
[2025-02-15 14:28:47,321] {scheduler_job.py:643} INFO - DAG(s) dict_keys(['example_kubernetes_executor']) retrieved from /home/airflow/.local/lib/python3.6/site-packages/airflow/example_dags/example_kubernetes_executor.py
[2025-02-15 14:28:47,349] {logging_mixin.py:104} INFO - [2025-02-15 14:28:47,349] {dag.py:1833} INFO - Sync 1 DAGs
[2025-02-15 14:28:47,374] {logging_mixin.py:104} INFO - [2025-02-15 14:28:47,374] {dag.py:2306} INFO - Setting next_dagrun for example_kubernetes_executor to None
[2025-02-15 14:28:47,393] {scheduler_job.py:190} INFO - Processing /home/airflow/.local/lib/python3.6/site-packages/airflow/example_dags/example_kubernetes_executor.py took 0.095 seconds
[2025-02-15 14:29:17,788] {scheduler_job.py:182} INFO - Started process (PID=527) to work on /home/airflow/.local/lib/python3.6/site-packages/airflow/example_dags/example_kubernetes_executor.py
[2025-02-15 14:29:17,789] {scheduler_job.py:633} INFO - Processing file /home/airflow/.local/lib/python3.6/site-packages/airflow/example_dags/example_kubernetes_executor.py for tasks to queue
[2025-02-15 14:29:17,790] {logging_mixin.py:104} INFO - [2025-02-15 14:29:17,789] {dagbag.py:496} INFO - Filling up the DagBag from /home/airflow/.local/lib/python3.6/site-packages/airflow/example_dags/example_kubernetes_executor.py
[2025-02-15 14:29:17,804] {scheduler_job.py:643} INFO - DAG(s) dict_keys(['example_kubernetes_executor']) retrieved from /home/airflow/.local/lib/python3.6/site-packages/airflow/example_dags/example_kubernetes_executor.py
[2025-02-15 14:29:17,832] {logging_mixin.py:104} INFO - [2025-02-15 14:29:17,832] {dag.py:1833} INFO - Sync 1 DAGs
[2025-02-15 14:29:17,860] {logging_mixin.py:104} INFO - [2025-02-15 14:29:17,860] {dag.py:2306} INFO - Setting next_dagrun for example_kubernetes_executor to None
[2025-02-15 14:29:17,878] {scheduler_job.py:190} INFO - Processing /home/airflow/.local/lib/python3.6/site-packages/airflow/example_dags/example_kubernetes_executor.py took 0.094 seconds
[2025-02-15 14:29:48,177] {scheduler_job.py:182} INFO - Started process (PID=579) to work on /home/airflow/.local/lib/python3.6/site-packages/airflow/example_dags/example_kubernetes_executor.py
[2025-02-15 14:29:48,178] {scheduler_job.py:633} INFO - Processing file /home/airflow/.local/lib/python3.6/site-packages/airflow/example_dags/example_kubernetes_executor.py for tasks to queue
[2025-02-15 14:29:48,179] {logging_mixin.py:104} INFO - [2025-02-15 14:29:48,179] {dagbag.py:496} INFO - Filling up the DagBag from /home/airflow/.local/lib/python3.6/site-packages/airflow/example_dags/example_kubernetes_executor.py
[2025-02-15 14:29:48,192] {scheduler_job.py:643} INFO - DAG(s) dict_keys(['example_kubernetes_executor']) retrieved from /home/airflow/.local/lib/python3.6/site-packages/airflow/example_dags/example_kubernetes_executor.py
[2025-02-15 14:29:48,220] {logging_mixin.py:104} INFO - [2025-02-15 14:29:48,220] {dag.py:1833} INFO - Sync 1 DAGs
[2025-02-15 14:29:48,236] {logging_mixin.py:104} INFO - [2025-02-15 14:29:48,236] {dag.py:2306} INFO - Setting next_dagrun for example_kubernetes_executor to None
[2025-02-15 14:29:48,253] {scheduler_job.py:190} INFO - Processing /home/airflow/.local/lib/python3.6/site-packages/airflow/example_dags/example_kubernetes_executor.py took 0.080 seconds
[2025-02-15 14:30:18,872] {scheduler_job.py:182} INFO - Started process (PID=641) to work on /home/airflow/.local/lib/python3.6/site-packages/airflow/example_dags/example_kubernetes_executor.py
[2025-02-15 14:30:18,874] {scheduler_job.py:633} INFO - Processing file /home/airflow/.local/lib/python3.6/site-packages/airflow/example_dags/example_kubernetes_executor.py for tasks to queue
[2025-02-15 14:30:18,876] {logging_mixin.py:104} INFO - [2025-02-15 14:30:18,875] {dagbag.py:496} INFO - Filling up the DagBag from /home/airflow/.local/lib/python3.6/site-packages/airflow/example_dags/example_kubernetes_executor.py
[2025-02-15 14:30:18,899] {scheduler_job.py:643} INFO - DAG(s) dict_keys(['example_kubernetes_executor']) retrieved from /home/airflow/.local/lib/python3.6/site-packages/airflow/example_dags/example_kubernetes_executor.py
[2025-02-15 14:30:18,946] {logging_mixin.py:104} INFO - [2025-02-15 14:30:18,946] {dag.py:1833} INFO - Sync 1 DAGs
[2025-02-15 14:30:18,973] {logging_mixin.py:104} INFO - [2025-02-15 14:30:18,973] {dag.py:2306} INFO - Setting next_dagrun for example_kubernetes_executor to None
[2025-02-15 14:30:18,995] {scheduler_job.py:190} INFO - Processing /home/airflow/.local/lib/python3.6/site-packages/airflow/example_dags/example_kubernetes_executor.py took 0.130 seconds
[2025-02-15 14:30:49,286] {scheduler_job.py:182} INFO - Started process (PID=692) to work on /home/airflow/.local/lib/python3.6/site-packages/airflow/example_dags/example_kubernetes_executor.py
[2025-02-15 14:30:49,288] {scheduler_job.py:633} INFO - Processing file /home/airflow/.local/lib/python3.6/site-packages/airflow/example_dags/example_kubernetes_executor.py for tasks to queue
[2025-02-15 14:30:49,289] {logging_mixin.py:104} INFO - [2025-02-15 14:30:49,289] {dagbag.py:496} INFO - Filling up the DagBag from /home/airflow/.local/lib/python3.6/site-packages/airflow/example_dags/example_kubernetes_executor.py
[2025-02-15 14:30:49,314] {scheduler_job.py:643} INFO - DAG(s) dict_keys(['example_kubernetes_executor']) retrieved from /home/airflow/.local/lib/python3.6/site-packages/airflow/example_dags/example_kubernetes_executor.py
[2025-02-15 14:30:49,352] {logging_mixin.py:104} INFO - [2025-02-15 14:30:49,352] {dag.py:1833} INFO - Sync 1 DAGs
[2025-02-15 14:30:49,379] {logging_mixin.py:104} INFO - [2025-02-15 14:30:49,379] {dag.py:2306} INFO - Setting next_dagrun for example_kubernetes_executor to None
[2025-02-15 14:30:49,397] {scheduler_job.py:190} INFO - Processing /home/airflow/.local/lib/python3.6/site-packages/airflow/example_dags/example_kubernetes_executor.py took 0.115 seconds
[2025-02-15 14:31:20,429] {scheduler_job.py:182} INFO - Started process (PID=752) to work on /home/airflow/.local/lib/python3.6/site-packages/airflow/example_dags/example_kubernetes_executor.py
[2025-02-15 14:31:20,432] {scheduler_job.py:633} INFO - Processing file /home/airflow/.local/lib/python3.6/site-packages/airflow/example_dags/example_kubernetes_executor.py for tasks to queue
[2025-02-15 14:31:20,435] {logging_mixin.py:104} INFO - [2025-02-15 14:31:20,434] {dagbag.py:496} INFO - Filling up the DagBag from /home/airflow/.local/lib/python3.6/site-packages/airflow/example_dags/example_kubernetes_executor.py
[2025-02-15 14:31:20,495] {scheduler_job.py:643} INFO - DAG(s) dict_keys(['example_kubernetes_executor']) retrieved from /home/airflow/.local/lib/python3.6/site-packages/airflow/example_dags/example_kubernetes_executor.py
[2025-02-15 14:31:20,614] {logging_mixin.py:104} INFO - [2025-02-15 14:31:20,614] {dag.py:1833} INFO - Sync 1 DAGs
[2025-02-15 14:31:20,690] {logging_mixin.py:104} INFO - [2025-02-15 14:31:20,688] {dag.py:2306} INFO - Setting next_dagrun for example_kubernetes_executor to None
[2025-02-15 14:31:20,729] {scheduler_job.py:190} INFO - Processing /home/airflow/.local/lib/python3.6/site-packages/airflow/example_dags/example_kubernetes_executor.py took 0.313 seconds
[2025-02-15 14:31:51,636] {scheduler_job.py:182} INFO - Started process (PID=807) to work on /home/airflow/.local/lib/python3.6/site-packages/airflow/example_dags/example_kubernetes_executor.py
[2025-02-15 14:31:51,637] {scheduler_job.py:633} INFO - Processing file /home/airflow/.local/lib/python3.6/site-packages/airflow/example_dags/example_kubernetes_executor.py for tasks to queue
[2025-02-15 14:31:51,638] {logging_mixin.py:104} INFO - [2025-02-15 14:31:51,638] {dagbag.py:496} INFO - Filling up the DagBag from /home/airflow/.local/lib/python3.6/site-packages/airflow/example_dags/example_kubernetes_executor.py
[2025-02-15 14:31:51,658] {scheduler_job.py:643} INFO - DAG(s) dict_keys(['example_kubernetes_executor']) retrieved from /home/airflow/.local/lib/python3.6/site-packages/airflow/example_dags/example_kubernetes_executor.py
[2025-02-15 14:31:51,692] {logging_mixin.py:104} INFO - [2025-02-15 14:31:51,692] {dag.py:1833} INFO - Sync 1 DAGs
[2025-02-15 14:31:51,713] {logging_mixin.py:104} INFO - [2025-02-15 14:31:51,713] {dag.py:2306} INFO - Setting next_dagrun for example_kubernetes_executor to None
[2025-02-15 14:31:51,729] {scheduler_job.py:190} INFO - Processing /home/airflow/.local/lib/python3.6/site-packages/airflow/example_dags/example_kubernetes_executor.py took 0.099 seconds
[2025-02-15 14:32:22,214] {scheduler_job.py:182} INFO - Started process (PID=859) to work on /home/airflow/.local/lib/python3.6/site-packages/airflow/example_dags/example_kubernetes_executor.py
[2025-02-15 14:32:22,215] {scheduler_job.py:633} INFO - Processing file /home/airflow/.local/lib/python3.6/site-packages/airflow/example_dags/example_kubernetes_executor.py for tasks to queue
[2025-02-15 14:32:22,216] {logging_mixin.py:104} INFO - [2025-02-15 14:32:22,216] {dagbag.py:496} INFO - Filling up the DagBag from /home/airflow/.local/lib/python3.6/site-packages/airflow/example_dags/example_kubernetes_executor.py
[2025-02-15 14:32:22,233] {scheduler_job.py:643} INFO - DAG(s) dict_keys(['example_kubernetes_executor']) retrieved from /home/airflow/.local/lib/python3.6/site-packages/airflow/example_dags/example_kubernetes_executor.py
[2025-02-15 14:32:22,271] {logging_mixin.py:104} INFO - [2025-02-15 14:32:22,271] {dag.py:1833} INFO - Sync 1 DAGs
[2025-02-15 14:32:22,304] {logging_mixin.py:104} INFO - [2025-02-15 14:32:22,304] {dag.py:2306} INFO - Setting next_dagrun for example_kubernetes_executor to None
[2025-02-15 14:32:22,327] {scheduler_job.py:190} INFO - Processing /home/airflow/.local/lib/python3.6/site-packages/airflow/example_dags/example_kubernetes_executor.py took 0.117 seconds
[2025-02-15 14:32:52,456] {scheduler_job.py:182} INFO - Started process (PID=917) to work on /home/airflow/.local/lib/python3.6/site-packages/airflow/example_dags/example_kubernetes_executor.py
[2025-02-15 14:32:52,459] {scheduler_job.py:633} INFO - Processing file /home/airflow/.local/lib/python3.6/site-packages/airflow/example_dags/example_kubernetes_executor.py for tasks to queue
[2025-02-15 14:32:52,460] {logging_mixin.py:104} INFO - [2025-02-15 14:32:52,460] {dagbag.py:496} INFO - Filling up the DagBag from /home/airflow/.local/lib/python3.6/site-packages/airflow/example_dags/example_kubernetes_executor.py
[2025-02-15 14:32:52,480] {scheduler_job.py:643} INFO - DAG(s) dict_keys(['example_kubernetes_executor']) retrieved from /home/airflow/.local/lib/python3.6/site-packages/airflow/example_dags/example_kubernetes_executor.py
[2025-02-15 14:32:52,522] {logging_mixin.py:104} INFO - [2025-02-15 14:32:52,521] {dag.py:1833} INFO - Sync 1 DAGs
[2025-02-15 14:32:52,546] {logging_mixin.py:104} INFO - [2025-02-15 14:32:52,545] {dag.py:2306} INFO - Setting next_dagrun for example_kubernetes_executor to None
[2025-02-15 14:32:52,565] {scheduler_job.py:190} INFO - Processing /home/airflow/.local/lib/python3.6/site-packages/airflow/example_dags/example_kubernetes_executor.py took 0.113 seconds
[2025-02-15 14:33:23,420] {scheduler_job.py:182} INFO - Started process (PID=973) to work on /home/airflow/.local/lib/python3.6/site-packages/airflow/example_dags/example_kubernetes_executor.py
[2025-02-15 14:33:23,421] {scheduler_job.py:633} INFO - Processing file /home/airflow/.local/lib/python3.6/site-packages/airflow/example_dags/example_kubernetes_executor.py for tasks to queue
[2025-02-15 14:33:23,422] {logging_mixin.py:104} INFO - [2025-02-15 14:33:23,422] {dagbag.py:496} INFO - Filling up the DagBag from /home/airflow/.local/lib/python3.6/site-packages/airflow/example_dags/example_kubernetes_executor.py
[2025-02-15 14:33:23,440] {scheduler_job.py:643} INFO - DAG(s) dict_keys(['example_kubernetes_executor']) retrieved from /home/airflow/.local/lib/python3.6/site-packages/airflow/example_dags/example_kubernetes_executor.py
[2025-02-15 14:33:23,463] {logging_mixin.py:104} INFO - [2025-02-15 14:33:23,463] {dag.py:1833} INFO - Sync 1 DAGs
[2025-02-15 14:33:23,478] {logging_mixin.py:104} INFO - [2025-02-15 14:33:23,478] {dag.py:2306} INFO - Setting next_dagrun for example_kubernetes_executor to None
[2025-02-15 14:33:23,492] {scheduler_job.py:190} INFO - Processing /home/airflow/.local/lib/python3.6/site-packages/airflow/example_dags/example_kubernetes_executor.py took 0.076 seconds
[2025-02-15 14:33:54,146] {scheduler_job.py:182} INFO - Started process (PID=1025) to work on /home/airflow/.local/lib/python3.6/site-packages/airflow/example_dags/example_kubernetes_executor.py
[2025-02-15 14:33:54,147] {scheduler_job.py:633} INFO - Processing file /home/airflow/.local/lib/python3.6/site-packages/airflow/example_dags/example_kubernetes_executor.py for tasks to queue
[2025-02-15 14:33:54,148] {logging_mixin.py:104} INFO - [2025-02-15 14:33:54,148] {dagbag.py:496} INFO - Filling up the DagBag from /home/airflow/.local/lib/python3.6/site-packages/airflow/example_dags/example_kubernetes_executor.py
[2025-02-15 14:33:54,159] {scheduler_job.py:643} INFO - DAG(s) dict_keys(['example_kubernetes_executor']) retrieved from /home/airflow/.local/lib/python3.6/site-packages/airflow/example_dags/example_kubernetes_executor.py
[2025-02-15 14:33:54,184] {logging_mixin.py:104} INFO - [2025-02-15 14:33:54,184] {dag.py:1833} INFO - Sync 1 DAGs
[2025-02-15 14:33:54,201] {logging_mixin.py:104} INFO - [2025-02-15 14:33:54,201] {dag.py:2306} INFO - Setting next_dagrun for example_kubernetes_executor to None
[2025-02-15 14:33:54,212] {scheduler_job.py:190} INFO - Processing /home/airflow/.local/lib/python3.6/site-packages/airflow/example_dags/example_kubernetes_executor.py took 0.069 seconds
[2025-02-15 14:34:24,491] {scheduler_job.py:182} INFO - Started process (PID=1087) to work on /home/airflow/.local/lib/python3.6/site-packages/airflow/example_dags/example_kubernetes_executor.py
[2025-02-15 14:34:24,492] {scheduler_job.py:633} INFO - Processing file /home/airflow/.local/lib/python3.6/site-packages/airflow/example_dags/example_kubernetes_executor.py for tasks to queue
[2025-02-15 14:34:24,492] {logging_mixin.py:104} INFO - [2025-02-15 14:34:24,492] {dagbag.py:496} INFO - Filling up the DagBag from /home/airflow/.local/lib/python3.6/site-packages/airflow/example_dags/example_kubernetes_executor.py
[2025-02-15 14:34:24,505] {scheduler_job.py:643} INFO - DAG(s) dict_keys(['example_kubernetes_executor']) retrieved from /home/airflow/.local/lib/python3.6/site-packages/airflow/example_dags/example_kubernetes_executor.py
[2025-02-15 14:34:24,534] {logging_mixin.py:104} INFO - [2025-02-15 14:34:24,533] {dag.py:1833} INFO - Sync 1 DAGs
[2025-02-15 14:34:24,550] {logging_mixin.py:104} INFO - [2025-02-15 14:34:24,550] {dag.py:2306} INFO - Setting next_dagrun for example_kubernetes_executor to None
[2025-02-15 14:34:24,565] {scheduler_job.py:190} INFO - Processing /home/airflow/.local/lib/python3.6/site-packages/airflow/example_dags/example_kubernetes_executor.py took 0.077 seconds
[2025-02-15 14:38:25,097] {scheduler_job.py:182} INFO - Started process (PID=1159) to work on /home/airflow/.local/lib/python3.6/site-packages/airflow/example_dags/example_kubernetes_executor.py
[2025-02-15 14:38:25,100] {scheduler_job.py:633} INFO - Processing file /home/airflow/.local/lib/python3.6/site-packages/airflow/example_dags/example_kubernetes_executor.py for tasks to queue
[2025-02-15 14:38:25,101] {logging_mixin.py:104} INFO - [2025-02-15 14:38:25,101] {dagbag.py:496} INFO - Filling up the DagBag from /home/airflow/.local/lib/python3.6/site-packages/airflow/example_dags/example_kubernetes_executor.py
[2025-02-15 14:38:25,127] {scheduler_job.py:643} INFO - DAG(s) dict_keys(['example_kubernetes_executor']) retrieved from /home/airflow/.local/lib/python3.6/site-packages/airflow/example_dags/example_kubernetes_executor.py
[2025-02-15 14:38:25,172] {logging_mixin.py:104} INFO - [2025-02-15 14:38:25,171] {dag.py:1833} INFO - Sync 1 DAGs
[2025-02-15 14:38:25,192] {logging_mixin.py:104} INFO - [2025-02-15 14:38:25,192] {dag.py:2306} INFO - Setting next_dagrun for example_kubernetes_executor to None
[2025-02-15 14:38:25,214] {scheduler_job.py:190} INFO - Processing /home/airflow/.local/lib/python3.6/site-packages/airflow/example_dags/example_kubernetes_executor.py took 0.124 seconds
[2025-02-15 14:38:56,700] {scheduler_job.py:182} INFO - Started process (PID=1221) to work on /home/airflow/.local/lib/python3.6/site-packages/airflow/example_dags/example_kubernetes_executor.py
[2025-02-15 14:38:56,703] {scheduler_job.py:633} INFO - Processing file /home/airflow/.local/lib/python3.6/site-packages/airflow/example_dags/example_kubernetes_executor.py for tasks to queue
[2025-02-15 14:38:56,705] {logging_mixin.py:104} INFO - [2025-02-15 14:38:56,705] {dagbag.py:496} INFO - Filling up the DagBag from /home/airflow/.local/lib/python3.6/site-packages/airflow/example_dags/example_kubernetes_executor.py
[2025-02-15 14:38:56,740] {scheduler_job.py:643} INFO - DAG(s) dict_keys(['example_kubernetes_executor']) retrieved from /home/airflow/.local/lib/python3.6/site-packages/airflow/example_dags/example_kubernetes_executor.py
[2025-02-15 14:38:56,796] {logging_mixin.py:104} INFO - [2025-02-15 14:38:56,795] {dag.py:1833} INFO - Sync 1 DAGs
[2025-02-15 14:38:56,818] {logging_mixin.py:104} INFO - [2025-02-15 14:38:56,818] {dag.py:2306} INFO - Setting next_dagrun for example_kubernetes_executor to None
[2025-02-15 14:38:56,858] {scheduler_job.py:190} INFO - Processing /home/airflow/.local/lib/python3.6/site-packages/airflow/example_dags/example_kubernetes_executor.py took 0.169 seconds
[2025-02-15 14:44:08,111] {scheduler_job.py:182} INFO - Started process (PID=1265) to work on /home/airflow/.local/lib/python3.6/site-packages/airflow/example_dags/example_kubernetes_executor.py
[2025-02-15 14:44:08,115] {scheduler_job.py:633} INFO - Processing file /home/airflow/.local/lib/python3.6/site-packages/airflow/example_dags/example_kubernetes_executor.py for tasks to queue
[2025-02-15 14:44:08,122] {logging_mixin.py:104} INFO - [2025-02-15 14:44:08,122] {dagbag.py:496} INFO - Filling up the DagBag from /home/airflow/.local/lib/python3.6/site-packages/airflow/example_dags/example_kubernetes_executor.py
[2025-02-15 14:44:08,196] {scheduler_job.py:643} INFO - DAG(s) dict_keys(['example_kubernetes_executor']) retrieved from /home/airflow/.local/lib/python3.6/site-packages/airflow/example_dags/example_kubernetes_executor.py
[2025-02-15 14:44:08,287] {logging_mixin.py:104} INFO - [2025-02-15 14:44:08,287] {dag.py:1833} INFO - Sync 1 DAGs
[2025-02-15 14:44:08,327] {logging_mixin.py:104} INFO - [2025-02-15 14:44:08,327] {dag.py:2306} INFO - Setting next_dagrun for example_kubernetes_executor to None
[2025-02-15 14:44:08,362] {scheduler_job.py:190} INFO - Processing /home/airflow/.local/lib/python3.6/site-packages/airflow/example_dags/example_kubernetes_executor.py took 0.269 seconds
[2025-02-15 14:44:38,992] {scheduler_job.py:182} INFO - Started process (PID=1307) to work on /home/airflow/.local/lib/python3.6/site-packages/airflow/example_dags/example_kubernetes_executor.py
[2025-02-15 14:44:38,994] {scheduler_job.py:633} INFO - Processing file /home/airflow/.local/lib/python3.6/site-packages/airflow/example_dags/example_kubernetes_executor.py for tasks to queue
[2025-02-15 14:44:38,996] {logging_mixin.py:104} INFO - [2025-02-15 14:44:38,995] {dagbag.py:496} INFO - Filling up the DagBag from /home/airflow/.local/lib/python3.6/site-packages/airflow/example_dags/example_kubernetes_executor.py
[2025-02-15 14:44:39,019] {scheduler_job.py:643} INFO - DAG(s) dict_keys(['example_kubernetes_executor']) retrieved from /home/airflow/.local/lib/python3.6/site-packages/airflow/example_dags/example_kubernetes_executor.py
[2025-02-15 14:44:39,080] {logging_mixin.py:104} INFO - [2025-02-15 14:44:39,080] {dag.py:1833} INFO - Sync 1 DAGs
[2025-02-15 14:44:39,106] {logging_mixin.py:104} INFO - [2025-02-15 14:44:39,106] {dag.py:2306} INFO - Setting next_dagrun for example_kubernetes_executor to None
[2025-02-15 14:44:39,133] {scheduler_job.py:190} INFO - Processing /home/airflow/.local/lib/python3.6/site-packages/airflow/example_dags/example_kubernetes_executor.py took 0.147 seconds
[2025-02-15 14:46:19,853] {scheduler_job.py:182} INFO - Started process (PID=81) to work on /home/airflow/.local/lib/python3.6/site-packages/airflow/example_dags/example_kubernetes_executor.py
[2025-02-15 14:46:19,858] {scheduler_job.py:633} INFO - Processing file /home/airflow/.local/lib/python3.6/site-packages/airflow/example_dags/example_kubernetes_executor.py for tasks to queue
[2025-02-15 14:46:19,859] {logging_mixin.py:104} INFO - [2025-02-15 14:46:19,859] {dagbag.py:496} INFO - Filling up the DagBag from /home/airflow/.local/lib/python3.6/site-packages/airflow/example_dags/example_kubernetes_executor.py
[2025-02-15 14:46:19,903] {scheduler_job.py:643} INFO - DAG(s) dict_keys(['example_kubernetes_executor']) retrieved from /home/airflow/.local/lib/python3.6/site-packages/airflow/example_dags/example_kubernetes_executor.py
[2025-02-15 14:46:19,979] {logging_mixin.py:104} INFO - [2025-02-15 14:46:19,978] {dag.py:1833} INFO - Sync 1 DAGs
[2025-02-15 14:46:20,038] {logging_mixin.py:104} INFO - [2025-02-15 14:46:20,038] {dag.py:2306} INFO - Setting next_dagrun for example_kubernetes_executor to None
[2025-02-15 14:46:20,086] {scheduler_job.py:190} INFO - Processing /home/airflow/.local/lib/python3.6/site-packages/airflow/example_dags/example_kubernetes_executor.py took 0.242 seconds
[2025-02-15 14:46:51,059] {scheduler_job.py:182} INFO - Started process (PID=132) to work on /home/airflow/.local/lib/python3.6/site-packages/airflow/example_dags/example_kubernetes_executor.py
[2025-02-15 14:46:51,064] {scheduler_job.py:633} INFO - Processing file /home/airflow/.local/lib/python3.6/site-packages/airflow/example_dags/example_kubernetes_executor.py for tasks to queue
[2025-02-15 14:46:51,066] {logging_mixin.py:104} INFO - [2025-02-15 14:46:51,066] {dagbag.py:496} INFO - Filling up the DagBag from /home/airflow/.local/lib/python3.6/site-packages/airflow/example_dags/example_kubernetes_executor.py
[2025-02-15 14:46:51,121] {scheduler_job.py:643} INFO - DAG(s) dict_keys(['example_kubernetes_executor']) retrieved from /home/airflow/.local/lib/python3.6/site-packages/airflow/example_dags/example_kubernetes_executor.py
[2025-02-15 14:46:51,219] {logging_mixin.py:104} INFO - [2025-02-15 14:46:51,219] {dag.py:1833} INFO - Sync 1 DAGs
[2025-02-15 14:46:51,316] {logging_mixin.py:104} INFO - [2025-02-15 14:46:51,315] {dag.py:2306} INFO - Setting next_dagrun for example_kubernetes_executor to None
[2025-02-15 14:46:51,386] {scheduler_job.py:190} INFO - Processing /home/airflow/.local/lib/python3.6/site-packages/airflow/example_dags/example_kubernetes_executor.py took 0.341 seconds
[2025-02-15 14:47:22,269] {scheduler_job.py:182} INFO - Started process (PID=183) to work on /home/airflow/.local/lib/python3.6/site-packages/airflow/example_dags/example_kubernetes_executor.py
[2025-02-15 14:47:22,270] {scheduler_job.py:633} INFO - Processing file /home/airflow/.local/lib/python3.6/site-packages/airflow/example_dags/example_kubernetes_executor.py for tasks to queue
[2025-02-15 14:47:22,271] {logging_mixin.py:104} INFO - [2025-02-15 14:47:22,270] {dagbag.py:496} INFO - Filling up the DagBag from /home/airflow/.local/lib/python3.6/site-packages/airflow/example_dags/example_kubernetes_executor.py
[2025-02-15 14:47:22,283] {scheduler_job.py:643} INFO - DAG(s) dict_keys(['example_kubernetes_executor']) retrieved from /home/airflow/.local/lib/python3.6/site-packages/airflow/example_dags/example_kubernetes_executor.py
[2025-02-15 14:47:22,307] {logging_mixin.py:104} INFO - [2025-02-15 14:47:22,307] {dag.py:1833} INFO - Sync 1 DAGs
[2025-02-15 14:47:22,322] {logging_mixin.py:104} INFO - [2025-02-15 14:47:22,322] {dag.py:2306} INFO - Setting next_dagrun for example_kubernetes_executor to None
[2025-02-15 14:47:22,337] {scheduler_job.py:190} INFO - Processing /home/airflow/.local/lib/python3.6/site-packages/airflow/example_dags/example_kubernetes_executor.py took 0.072 seconds
[2025-02-15 14:47:52,991] {scheduler_job.py:182} INFO - Started process (PID=235) to work on /home/airflow/.local/lib/python3.6/site-packages/airflow/example_dags/example_kubernetes_executor.py
[2025-02-15 14:47:52,998] {scheduler_job.py:633} INFO - Processing file /home/airflow/.local/lib/python3.6/site-packages/airflow/example_dags/example_kubernetes_executor.py for tasks to queue
[2025-02-15 14:47:52,999] {logging_mixin.py:104} INFO - [2025-02-15 14:47:52,999] {dagbag.py:496} INFO - Filling up the DagBag from /home/airflow/.local/lib/python3.6/site-packages/airflow/example_dags/example_kubernetes_executor.py
[2025-02-15 14:47:53,019] {scheduler_job.py:643} INFO - DAG(s) dict_keys(['example_kubernetes_executor']) retrieved from /home/airflow/.local/lib/python3.6/site-packages/airflow/example_dags/example_kubernetes_executor.py
[2025-02-15 14:47:53,047] {logging_mixin.py:104} INFO - [2025-02-15 14:47:53,047] {dag.py:1833} INFO - Sync 1 DAGs
[2025-02-15 14:47:53,062] {logging_mixin.py:104} INFO - [2025-02-15 14:47:53,062] {dag.py:2306} INFO - Setting next_dagrun for example_kubernetes_executor to None
[2025-02-15 14:47:53,074] {scheduler_job.py:190} INFO - Processing /home/airflow/.local/lib/python3.6/site-packages/airflow/example_dags/example_kubernetes_executor.py took 0.090 seconds
[2025-02-15 14:48:23,683] {scheduler_job.py:182} INFO - Started process (PID=297) to work on /home/airflow/.local/lib/python3.6/site-packages/airflow/example_dags/example_kubernetes_executor.py
[2025-02-15 14:48:23,689] {scheduler_job.py:633} INFO - Processing file /home/airflow/.local/lib/python3.6/site-packages/airflow/example_dags/example_kubernetes_executor.py for tasks to queue
[2025-02-15 14:48:23,690] {logging_mixin.py:104} INFO - [2025-02-15 14:48:23,690] {dagbag.py:496} INFO - Filling up the DagBag from /home/airflow/.local/lib/python3.6/site-packages/airflow/example_dags/example_kubernetes_executor.py
[2025-02-15 14:48:23,712] {scheduler_job.py:643} INFO - DAG(s) dict_keys(['example_kubernetes_executor']) retrieved from /home/airflow/.local/lib/python3.6/site-packages/airflow/example_dags/example_kubernetes_executor.py
[2025-02-15 14:48:23,748] {logging_mixin.py:104} INFO - [2025-02-15 14:48:23,748] {dag.py:1833} INFO - Sync 1 DAGs
[2025-02-15 14:48:23,775] {logging_mixin.py:104} INFO - [2025-02-15 14:48:23,775] {dag.py:2306} INFO - Setting next_dagrun for example_kubernetes_executor to None
[2025-02-15 14:48:23,796] {scheduler_job.py:190} INFO - Processing /home/airflow/.local/lib/python3.6/site-packages/airflow/example_dags/example_kubernetes_executor.py took 0.118 seconds
[2025-02-15 14:48:54,618] {scheduler_job.py:182} INFO - Started process (PID=349) to work on /home/airflow/.local/lib/python3.6/site-packages/airflow/example_dags/example_kubernetes_executor.py
[2025-02-15 14:48:54,619] {scheduler_job.py:633} INFO - Processing file /home/airflow/.local/lib/python3.6/site-packages/airflow/example_dags/example_kubernetes_executor.py for tasks to queue
[2025-02-15 14:48:54,620] {logging_mixin.py:104} INFO - [2025-02-15 14:48:54,620] {dagbag.py:496} INFO - Filling up the DagBag from /home/airflow/.local/lib/python3.6/site-packages/airflow/example_dags/example_kubernetes_executor.py
[2025-02-15 14:48:54,641] {scheduler_job.py:643} INFO - DAG(s) dict_keys(['example_kubernetes_executor']) retrieved from /home/airflow/.local/lib/python3.6/site-packages/airflow/example_dags/example_kubernetes_executor.py
[2025-02-15 14:48:54,707] {logging_mixin.py:104} INFO - [2025-02-15 14:48:54,707] {dag.py:1833} INFO - Sync 1 DAGs
[2025-02-15 14:48:54,789] {logging_mixin.py:104} INFO - [2025-02-15 14:48:54,788] {dag.py:2306} INFO - Setting next_dagrun for example_kubernetes_executor to None
[2025-02-15 14:48:54,858] {scheduler_job.py:190} INFO - Processing /home/airflow/.local/lib/python3.6/site-packages/airflow/example_dags/example_kubernetes_executor.py took 0.246 seconds
[2025-02-15 14:49:25,228] {scheduler_job.py:182} INFO - Started process (PID=408) to work on /home/airflow/.local/lib/python3.6/site-packages/airflow/example_dags/example_kubernetes_executor.py
[2025-02-15 14:49:25,234] {scheduler_job.py:633} INFO - Processing file /home/airflow/.local/lib/python3.6/site-packages/airflow/example_dags/example_kubernetes_executor.py for tasks to queue
[2025-02-15 14:49:25,234] {logging_mixin.py:104} INFO - [2025-02-15 14:49:25,234] {dagbag.py:496} INFO - Filling up the DagBag from /home/airflow/.local/lib/python3.6/site-packages/airflow/example_dags/example_kubernetes_executor.py
[2025-02-15 14:49:25,249] {scheduler_job.py:643} INFO - DAG(s) dict_keys(['example_kubernetes_executor']) retrieved from /home/airflow/.local/lib/python3.6/site-packages/airflow/example_dags/example_kubernetes_executor.py
[2025-02-15 14:49:25,277] {logging_mixin.py:104} INFO - [2025-02-15 14:49:25,277] {dag.py:1833} INFO - Sync 1 DAGs
[2025-02-15 14:49:25,295] {logging_mixin.py:104} INFO - [2025-02-15 14:49:25,295] {dag.py:2306} INFO - Setting next_dagrun for example_kubernetes_executor to None
[2025-02-15 14:49:25,312] {scheduler_job.py:190} INFO - Processing /home/airflow/.local/lib/python3.6/site-packages/airflow/example_dags/example_kubernetes_executor.py took 0.088 seconds
[2025-02-15 14:49:55,694] {scheduler_job.py:182} INFO - Started process (PID=463) to work on /home/airflow/.local/lib/python3.6/site-packages/airflow/example_dags/example_kubernetes_executor.py
[2025-02-15 14:49:55,700] {scheduler_job.py:633} INFO - Processing file /home/airflow/.local/lib/python3.6/site-packages/airflow/example_dags/example_kubernetes_executor.py for tasks to queue
[2025-02-15 14:49:55,701] {logging_mixin.py:104} INFO - [2025-02-15 14:49:55,701] {dagbag.py:496} INFO - Filling up the DagBag from /home/airflow/.local/lib/python3.6/site-packages/airflow/example_dags/example_kubernetes_executor.py
[2025-02-15 14:49:55,715] {scheduler_job.py:643} INFO - DAG(s) dict_keys(['example_kubernetes_executor']) retrieved from /home/airflow/.local/lib/python3.6/site-packages/airflow/example_dags/example_kubernetes_executor.py
[2025-02-15 14:49:55,747] {logging_mixin.py:104} INFO - [2025-02-15 14:49:55,747] {dag.py:1833} INFO - Sync 1 DAGs
[2025-02-15 14:49:55,778] {logging_mixin.py:104} INFO - [2025-02-15 14:49:55,778] {dag.py:2306} INFO - Setting next_dagrun for example_kubernetes_executor to None
[2025-02-15 14:49:55,793] {scheduler_job.py:190} INFO - Processing /home/airflow/.local/lib/python3.6/site-packages/airflow/example_dags/example_kubernetes_executor.py took 0.106 seconds
[2025-02-15 14:50:26,420] {scheduler_job.py:182} INFO - Started process (PID=515) to work on /home/airflow/.local/lib/python3.6/site-packages/airflow/example_dags/example_kubernetes_executor.py
[2025-02-15 14:50:26,421] {scheduler_job.py:633} INFO - Processing file /home/airflow/.local/lib/python3.6/site-packages/airflow/example_dags/example_kubernetes_executor.py for tasks to queue
[2025-02-15 14:50:26,423] {logging_mixin.py:104} INFO - [2025-02-15 14:50:26,423] {dagbag.py:496} INFO - Filling up the DagBag from /home/airflow/.local/lib/python3.6/site-packages/airflow/example_dags/example_kubernetes_executor.py
[2025-02-15 14:50:26,445] {scheduler_job.py:643} INFO - DAG(s) dict_keys(['example_kubernetes_executor']) retrieved from /home/airflow/.local/lib/python3.6/site-packages/airflow/example_dags/example_kubernetes_executor.py
[2025-02-15 14:50:26,489] {logging_mixin.py:104} INFO - [2025-02-15 14:50:26,488] {dag.py:1833} INFO - Sync 1 DAGs
[2025-02-15 14:50:26,512] {logging_mixin.py:104} INFO - [2025-02-15 14:50:26,512] {dag.py:2306} INFO - Setting next_dagrun for example_kubernetes_executor to None
[2025-02-15 14:50:26,528] {scheduler_job.py:190} INFO - Processing /home/airflow/.local/lib/python3.6/site-packages/airflow/example_dags/example_kubernetes_executor.py took 0.115 seconds
[2025-02-15 14:50:56,972] {scheduler_job.py:182} INFO - Started process (PID=577) to work on /home/airflow/.local/lib/python3.6/site-packages/airflow/example_dags/example_kubernetes_executor.py
[2025-02-15 14:50:56,974] {scheduler_job.py:633} INFO - Processing file /home/airflow/.local/lib/python3.6/site-packages/airflow/example_dags/example_kubernetes_executor.py for tasks to queue
[2025-02-15 14:50:56,975] {logging_mixin.py:104} INFO - [2025-02-15 14:50:56,975] {dagbag.py:496} INFO - Filling up the DagBag from /home/airflow/.local/lib/python3.6/site-packages/airflow/example_dags/example_kubernetes_executor.py
[2025-02-15 14:50:56,997] {scheduler_job.py:643} INFO - DAG(s) dict_keys(['example_kubernetes_executor']) retrieved from /home/airflow/.local/lib/python3.6/site-packages/airflow/example_dags/example_kubernetes_executor.py
[2025-02-15 14:50:57,042] {logging_mixin.py:104} INFO - [2025-02-15 14:50:57,042] {dag.py:1833} INFO - Sync 1 DAGs
[2025-02-15 14:50:57,072] {logging_mixin.py:104} INFO - [2025-02-15 14:50:57,071] {dag.py:2306} INFO - Setting next_dagrun for example_kubernetes_executor to None
[2025-02-15 14:50:57,091] {scheduler_job.py:190} INFO - Processing /home/airflow/.local/lib/python3.6/site-packages/airflow/example_dags/example_kubernetes_executor.py took 0.125 seconds
[2025-02-15 14:51:27,274] {scheduler_job.py:182} INFO - Started process (PID=629) to work on /home/airflow/.local/lib/python3.6/site-packages/airflow/example_dags/example_kubernetes_executor.py
[2025-02-15 14:51:27,276] {scheduler_job.py:633} INFO - Processing file /home/airflow/.local/lib/python3.6/site-packages/airflow/example_dags/example_kubernetes_executor.py for tasks to queue
[2025-02-15 14:51:27,278] {logging_mixin.py:104} INFO - [2025-02-15 14:51:27,277] {dagbag.py:496} INFO - Filling up the DagBag from /home/airflow/.local/lib/python3.6/site-packages/airflow/example_dags/example_kubernetes_executor.py
[2025-02-15 14:51:27,293] {scheduler_job.py:643} INFO - DAG(s) dict_keys(['example_kubernetes_executor']) retrieved from /home/airflow/.local/lib/python3.6/site-packages/airflow/example_dags/example_kubernetes_executor.py
[2025-02-15 14:51:27,320] {logging_mixin.py:104} INFO - [2025-02-15 14:51:27,320] {dag.py:1833} INFO - Sync 1 DAGs
[2025-02-15 14:51:27,339] {logging_mixin.py:104} INFO - [2025-02-15 14:51:27,338] {dag.py:2306} INFO - Setting next_dagrun for example_kubernetes_executor to None
[2025-02-15 14:51:27,357] {scheduler_job.py:190} INFO - Processing /home/airflow/.local/lib/python3.6/site-packages/airflow/example_dags/example_kubernetes_executor.py took 0.089 seconds
[2025-02-15 14:51:57,415] {scheduler_job.py:182} INFO - Started process (PID=682) to work on /home/airflow/.local/lib/python3.6/site-packages/airflow/example_dags/example_kubernetes_executor.py
[2025-02-15 14:51:57,417] {scheduler_job.py:633} INFO - Processing file /home/airflow/.local/lib/python3.6/site-packages/airflow/example_dags/example_kubernetes_executor.py for tasks to queue
[2025-02-15 14:51:57,418] {logging_mixin.py:104} INFO - [2025-02-15 14:51:57,418] {dagbag.py:496} INFO - Filling up the DagBag from /home/airflow/.local/lib/python3.6/site-packages/airflow/example_dags/example_kubernetes_executor.py
[2025-02-15 14:51:57,445] {scheduler_job.py:643} INFO - DAG(s) dict_keys(['example_kubernetes_executor']) retrieved from /home/airflow/.local/lib/python3.6/site-packages/airflow/example_dags/example_kubernetes_executor.py
[2025-02-15 14:51:57,499] {logging_mixin.py:104} INFO - [2025-02-15 14:51:57,498] {dag.py:1833} INFO - Sync 1 DAGs
[2025-02-15 14:51:57,562] {logging_mixin.py:104} INFO - [2025-02-15 14:51:57,562] {dag.py:2306} INFO - Setting next_dagrun for example_kubernetes_executor to None
[2025-02-15 14:51:57,595] {scheduler_job.py:190} INFO - Processing /home/airflow/.local/lib/python3.6/site-packages/airflow/example_dags/example_kubernetes_executor.py took 0.188 seconds
[2025-02-15 15:12:40,948] {scheduler_job.py:182} INFO - Started process (PID=740) to work on /home/airflow/.local/lib/python3.6/site-packages/airflow/example_dags/example_kubernetes_executor.py
[2025-02-15 15:12:40,952] {scheduler_job.py:633} INFO - Processing file /home/airflow/.local/lib/python3.6/site-packages/airflow/example_dags/example_kubernetes_executor.py for tasks to queue
[2025-02-15 15:12:40,954] {logging_mixin.py:104} INFO - [2025-02-15 15:12:40,953] {dagbag.py:496} INFO - Filling up the DagBag from /home/airflow/.local/lib/python3.6/site-packages/airflow/example_dags/example_kubernetes_executor.py
[2025-02-15 15:12:40,988] {scheduler_job.py:643} INFO - DAG(s) dict_keys(['example_kubernetes_executor']) retrieved from /home/airflow/.local/lib/python3.6/site-packages/airflow/example_dags/example_kubernetes_executor.py
[2025-02-15 15:12:41,068] {logging_mixin.py:104} INFO - [2025-02-15 15:12:41,067] {dag.py:1833} INFO - Sync 1 DAGs
[2025-02-15 15:12:41,103] {logging_mixin.py:104} INFO - [2025-02-15 15:12:41,102] {dag.py:2306} INFO - Setting next_dagrun for example_kubernetes_executor to None
[2025-02-15 15:12:41,140] {scheduler_job.py:190} INFO - Processing /home/airflow/.local/lib/python3.6/site-packages/airflow/example_dags/example_kubernetes_executor.py took 0.206 seconds
[2025-02-15 15:13:12,001] {scheduler_job.py:182} INFO - Started process (PID=792) to work on /home/airflow/.local/lib/python3.6/site-packages/airflow/example_dags/example_kubernetes_executor.py
[2025-02-15 15:13:12,004] {scheduler_job.py:633} INFO - Processing file /home/airflow/.local/lib/python3.6/site-packages/airflow/example_dags/example_kubernetes_executor.py for tasks to queue
[2025-02-15 15:13:12,006] {logging_mixin.py:104} INFO - [2025-02-15 15:13:12,006] {dagbag.py:496} INFO - Filling up the DagBag from /home/airflow/.local/lib/python3.6/site-packages/airflow/example_dags/example_kubernetes_executor.py
[2025-02-15 15:13:12,083] {scheduler_job.py:643} INFO - DAG(s) dict_keys(['example_kubernetes_executor']) retrieved from /home/airflow/.local/lib/python3.6/site-packages/airflow/example_dags/example_kubernetes_executor.py
[2025-02-15 15:13:12,166] {logging_mixin.py:104} INFO - [2025-02-15 15:13:12,166] {dag.py:1833} INFO - Sync 1 DAGs
[2025-02-15 15:13:12,196] {logging_mixin.py:104} INFO - [2025-02-15 15:13:12,196] {dag.py:2306} INFO - Setting next_dagrun for example_kubernetes_executor to None
[2025-02-15 15:13:12,226] {scheduler_job.py:190} INFO - Processing /home/airflow/.local/lib/python3.6/site-packages/airflow/example_dags/example_kubernetes_executor.py took 0.241 seconds
[2025-02-15 15:20:41,117] {scheduler_job.py:182} INFO - Started process (PID=90) to work on /home/airflow/.local/lib/python3.6/site-packages/airflow/example_dags/example_kubernetes_executor.py
[2025-02-15 15:20:41,122] {scheduler_job.py:633} INFO - Processing file /home/airflow/.local/lib/python3.6/site-packages/airflow/example_dags/example_kubernetes_executor.py for tasks to queue
[2025-02-15 15:20:41,129] {logging_mixin.py:104} INFO - [2025-02-15 15:20:41,124] {dagbag.py:496} INFO - Filling up the DagBag from /home/airflow/.local/lib/python3.6/site-packages/airflow/example_dags/example_kubernetes_executor.py
[2025-02-15 15:20:41,224] {scheduler_job.py:643} INFO - DAG(s) dict_keys(['example_kubernetes_executor']) retrieved from /home/airflow/.local/lib/python3.6/site-packages/airflow/example_dags/example_kubernetes_executor.py
[2025-02-15 15:20:41,409] {logging_mixin.py:104} INFO - [2025-02-15 15:20:41,408] {dag.py:1833} INFO - Sync 1 DAGs
[2025-02-15 15:20:41,533] {logging_mixin.py:104} INFO - [2025-02-15 15:20:41,533] {dag.py:2306} INFO - Setting next_dagrun for example_kubernetes_executor to None
[2025-02-15 15:20:41,604] {scheduler_job.py:190} INFO - Processing /home/airflow/.local/lib/python3.6/site-packages/airflow/example_dags/example_kubernetes_executor.py took 0.495 seconds
[2025-02-15 15:21:17,130] {scheduler_job.py:182} INFO - Started process (PID=143) to work on /home/airflow/.local/lib/python3.6/site-packages/airflow/example_dags/example_kubernetes_executor.py
[2025-02-15 15:21:17,134] {scheduler_job.py:633} INFO - Processing file /home/airflow/.local/lib/python3.6/site-packages/airflow/example_dags/example_kubernetes_executor.py for tasks to queue
[2025-02-15 15:21:17,147] {logging_mixin.py:104} INFO - [2025-02-15 15:21:17,147] {dagbag.py:496} INFO - Filling up the DagBag from /home/airflow/.local/lib/python3.6/site-packages/airflow/example_dags/example_kubernetes_executor.py
[2025-02-15 15:21:17,281] {scheduler_job.py:643} INFO - DAG(s) dict_keys(['example_kubernetes_executor']) retrieved from /home/airflow/.local/lib/python3.6/site-packages/airflow/example_dags/example_kubernetes_executor.py
[2025-02-15 15:21:17,622] {logging_mixin.py:104} INFO - [2025-02-15 15:21:17,622] {dag.py:1833} INFO - Sync 1 DAGs
[2025-02-15 15:21:17,786] {logging_mixin.py:104} INFO - [2025-02-15 15:21:17,785] {dag.py:2306} INFO - Setting next_dagrun for example_kubernetes_executor to None
[2025-02-15 15:21:17,914] {scheduler_job.py:190} INFO - Processing /home/airflow/.local/lib/python3.6/site-packages/airflow/example_dags/example_kubernetes_executor.py took 0.828 seconds
[2025-02-15 15:22:03,507] {scheduler_job.py:182} INFO - Started process (PID=197) to work on /home/airflow/.local/lib/python3.6/site-packages/airflow/example_dags/example_kubernetes_executor.py
[2025-02-15 15:22:03,552] {scheduler_job.py:633} INFO - Processing file /home/airflow/.local/lib/python3.6/site-packages/airflow/example_dags/example_kubernetes_executor.py for tasks to queue
[2025-02-15 15:22:03,565] {logging_mixin.py:104} INFO - [2025-02-15 15:22:03,565] {dagbag.py:496} INFO - Filling up the DagBag from /home/airflow/.local/lib/python3.6/site-packages/airflow/example_dags/example_kubernetes_executor.py
[2025-02-15 15:22:03,985] {scheduler_job.py:643} INFO - DAG(s) dict_keys(['example_kubernetes_executor']) retrieved from /home/airflow/.local/lib/python3.6/site-packages/airflow/example_dags/example_kubernetes_executor.py
[2025-02-15 15:22:04,524] {logging_mixin.py:104} INFO - [2025-02-15 15:22:04,523] {dag.py:1833} INFO - Sync 1 DAGs
[2025-02-15 15:22:04,792] {logging_mixin.py:104} INFO - [2025-02-15 15:22:04,791] {dag.py:2306} INFO - Setting next_dagrun for example_kubernetes_executor to None
[2025-02-15 15:22:05,024] {scheduler_job.py:190} INFO - Processing /home/airflow/.local/lib/python3.6/site-packages/airflow/example_dags/example_kubernetes_executor.py took 1.550 seconds
