[2025-02-15 13:54:16,711] {scheduler_job.py:182} INFO - Started process (PID=82) to work on /home/airflow/.local/lib/python3.6/site-packages/airflow/example_dags/example_trigger_target_dag.py
[2025-02-15 13:54:16,717] {scheduler_job.py:633} INFO - Processing file /home/airflow/.local/lib/python3.6/site-packages/airflow/example_dags/example_trigger_target_dag.py for tasks to queue
[2025-02-15 13:54:16,720] {logging_mixin.py:104} INFO - [2025-02-15 13:54:16,719] {dagbag.py:496} INFO - Filling up the DagBag from /home/airflow/.local/lib/python3.6/site-packages/airflow/example_dags/example_trigger_target_dag.py
[2025-02-15 13:54:16,795] {scheduler_job.py:643} INFO - DAG(s) dict_keys(['example_trigger_target_dag']) retrieved from /home/airflow/.local/lib/python3.6/site-packages/airflow/example_dags/example_trigger_target_dag.py
[2025-02-15 13:54:17,723] {logging_mixin.py:104} INFO - [2025-02-15 13:54:17,723] {dag.py:1833} INFO - Sync 1 DAGs
[2025-02-15 13:54:17,770] {logging_mixin.py:104} INFO - [2025-02-15 13:54:17,770] {dag.py:2306} INFO - Setting next_dagrun for example_trigger_target_dag to None
[2025-02-15 13:54:17,816] {scheduler_job.py:190} INFO - Processing /home/airflow/.local/lib/python3.6/site-packages/airflow/example_dags/example_trigger_target_dag.py took 1.123 seconds
[2025-02-15 13:54:49,371] {scheduler_job.py:182} INFO - Started process (PID=123) to work on /home/airflow/.local/lib/python3.6/site-packages/airflow/example_dags/example_trigger_target_dag.py
[2025-02-15 13:54:49,375] {scheduler_job.py:633} INFO - Processing file /home/airflow/.local/lib/python3.6/site-packages/airflow/example_dags/example_trigger_target_dag.py for tasks to queue
[2025-02-15 13:54:49,378] {logging_mixin.py:104} INFO - [2025-02-15 13:54:49,377] {dagbag.py:496} INFO - Filling up the DagBag from /home/airflow/.local/lib/python3.6/site-packages/airflow/example_dags/example_trigger_target_dag.py
[2025-02-15 13:54:49,612] {scheduler_job.py:643} INFO - DAG(s) dict_keys(['example_trigger_target_dag']) retrieved from /home/airflow/.local/lib/python3.6/site-packages/airflow/example_dags/example_trigger_target_dag.py
[2025-02-15 13:54:50,155] {logging_mixin.py:104} INFO - [2025-02-15 13:54:50,154] {dag.py:1833} INFO - Sync 1 DAGs
[2025-02-15 13:54:50,579] {logging_mixin.py:104} INFO - [2025-02-15 13:54:50,578] {dag.py:2306} INFO - Setting next_dagrun for example_trigger_target_dag to None
[2025-02-15 13:54:50,658] {scheduler_job.py:190} INFO - Processing /home/airflow/.local/lib/python3.6/site-packages/airflow/example_dags/example_trigger_target_dag.py took 1.312 seconds
[2025-02-15 13:55:24,537] {scheduler_job.py:182} INFO - Started process (PID=172) to work on /home/airflow/.local/lib/python3.6/site-packages/airflow/example_dags/example_trigger_target_dag.py
[2025-02-15 13:55:24,545] {scheduler_job.py:633} INFO - Processing file /home/airflow/.local/lib/python3.6/site-packages/airflow/example_dags/example_trigger_target_dag.py for tasks to queue
[2025-02-15 13:55:24,579] {logging_mixin.py:104} INFO - [2025-02-15 13:55:24,579] {dagbag.py:496} INFO - Filling up the DagBag from /home/airflow/.local/lib/python3.6/site-packages/airflow/example_dags/example_trigger_target_dag.py
[2025-02-15 13:55:24,715] {scheduler_job.py:643} INFO - DAG(s) dict_keys(['example_trigger_target_dag']) retrieved from /home/airflow/.local/lib/python3.6/site-packages/airflow/example_dags/example_trigger_target_dag.py
[2025-02-15 13:55:24,821] {logging_mixin.py:104} INFO - [2025-02-15 13:55:24,820] {dag.py:1833} INFO - Sync 1 DAGs
[2025-02-15 13:55:24,912] {logging_mixin.py:104} INFO - [2025-02-15 13:55:24,912] {dag.py:2306} INFO - Setting next_dagrun for example_trigger_target_dag to None
[2025-02-15 13:55:24,993] {scheduler_job.py:190} INFO - Processing /home/airflow/.local/lib/python3.6/site-packages/airflow/example_dags/example_trigger_target_dag.py took 0.490 seconds
[2025-02-15 13:55:55,766] {scheduler_job.py:182} INFO - Started process (PID=223) to work on /home/airflow/.local/lib/python3.6/site-packages/airflow/example_dags/example_trigger_target_dag.py
[2025-02-15 13:55:55,768] {scheduler_job.py:633} INFO - Processing file /home/airflow/.local/lib/python3.6/site-packages/airflow/example_dags/example_trigger_target_dag.py for tasks to queue
[2025-02-15 13:55:55,770] {logging_mixin.py:104} INFO - [2025-02-15 13:55:55,770] {dagbag.py:496} INFO - Filling up the DagBag from /home/airflow/.local/lib/python3.6/site-packages/airflow/example_dags/example_trigger_target_dag.py
[2025-02-15 13:55:55,800] {scheduler_job.py:643} INFO - DAG(s) dict_keys(['example_trigger_target_dag']) retrieved from /home/airflow/.local/lib/python3.6/site-packages/airflow/example_dags/example_trigger_target_dag.py
[2025-02-15 13:55:55,850] {logging_mixin.py:104} INFO - [2025-02-15 13:55:55,850] {dag.py:1833} INFO - Sync 1 DAGs
[2025-02-15 13:55:55,883] {logging_mixin.py:104} INFO - [2025-02-15 13:55:55,883] {dag.py:2306} INFO - Setting next_dagrun for example_trigger_target_dag to None
[2025-02-15 13:55:55,901] {scheduler_job.py:190} INFO - Processing /home/airflow/.local/lib/python3.6/site-packages/airflow/example_dags/example_trigger_target_dag.py took 0.141 seconds
[2025-02-15 13:56:26,341] {scheduler_job.py:182} INFO - Started process (PID=283) to work on /home/airflow/.local/lib/python3.6/site-packages/airflow/example_dags/example_trigger_target_dag.py
[2025-02-15 13:56:26,344] {scheduler_job.py:633} INFO - Processing file /home/airflow/.local/lib/python3.6/site-packages/airflow/example_dags/example_trigger_target_dag.py for tasks to queue
[2025-02-15 13:56:26,348] {logging_mixin.py:104} INFO - [2025-02-15 13:56:26,347] {dagbag.py:496} INFO - Filling up the DagBag from /home/airflow/.local/lib/python3.6/site-packages/airflow/example_dags/example_trigger_target_dag.py
[2025-02-15 13:56:26,420] {scheduler_job.py:643} INFO - DAG(s) dict_keys(['example_trigger_target_dag']) retrieved from /home/airflow/.local/lib/python3.6/site-packages/airflow/example_dags/example_trigger_target_dag.py
[2025-02-15 13:56:26,598] {logging_mixin.py:104} INFO - [2025-02-15 13:56:26,597] {dag.py:1833} INFO - Sync 1 DAGs
[2025-02-15 13:56:26,687] {logging_mixin.py:104} INFO - [2025-02-15 13:56:26,686] {dag.py:2306} INFO - Setting next_dagrun for example_trigger_target_dag to None
[2025-02-15 13:56:26,763] {scheduler_job.py:190} INFO - Processing /home/airflow/.local/lib/python3.6/site-packages/airflow/example_dags/example_trigger_target_dag.py took 0.434 seconds
[2025-02-15 13:56:57,784] {scheduler_job.py:182} INFO - Started process (PID=334) to work on /home/airflow/.local/lib/python3.6/site-packages/airflow/example_dags/example_trigger_target_dag.py
[2025-02-15 13:56:57,786] {scheduler_job.py:633} INFO - Processing file /home/airflow/.local/lib/python3.6/site-packages/airflow/example_dags/example_trigger_target_dag.py for tasks to queue
[2025-02-15 13:56:57,787] {logging_mixin.py:104} INFO - [2025-02-15 13:56:57,786] {dagbag.py:496} INFO - Filling up the DagBag from /home/airflow/.local/lib/python3.6/site-packages/airflow/example_dags/example_trigger_target_dag.py
[2025-02-15 13:56:57,802] {scheduler_job.py:643} INFO - DAG(s) dict_keys(['example_trigger_target_dag']) retrieved from /home/airflow/.local/lib/python3.6/site-packages/airflow/example_dags/example_trigger_target_dag.py
[2025-02-15 13:56:57,834] {logging_mixin.py:104} INFO - [2025-02-15 13:56:57,834] {dag.py:1833} INFO - Sync 1 DAGs
[2025-02-15 13:56:57,854] {logging_mixin.py:104} INFO - [2025-02-15 13:56:57,854] {dag.py:2306} INFO - Setting next_dagrun for example_trigger_target_dag to None
[2025-02-15 13:56:57,871] {scheduler_job.py:190} INFO - Processing /home/airflow/.local/lib/python3.6/site-packages/airflow/example_dags/example_trigger_target_dag.py took 0.092 seconds
[2025-02-15 13:57:28,533] {scheduler_job.py:182} INFO - Started process (PID=385) to work on /home/airflow/.local/lib/python3.6/site-packages/airflow/example_dags/example_trigger_target_dag.py
[2025-02-15 13:57:28,545] {scheduler_job.py:633} INFO - Processing file /home/airflow/.local/lib/python3.6/site-packages/airflow/example_dags/example_trigger_target_dag.py for tasks to queue
[2025-02-15 13:57:28,553] {logging_mixin.py:104} INFO - [2025-02-15 13:57:28,551] {dagbag.py:496} INFO - Filling up the DagBag from /home/airflow/.local/lib/python3.6/site-packages/airflow/example_dags/example_trigger_target_dag.py
[2025-02-15 13:57:28,639] {scheduler_job.py:643} INFO - DAG(s) dict_keys(['example_trigger_target_dag']) retrieved from /home/airflow/.local/lib/python3.6/site-packages/airflow/example_dags/example_trigger_target_dag.py
[2025-02-15 13:57:28,703] {logging_mixin.py:104} INFO - [2025-02-15 13:57:28,702] {dag.py:1833} INFO - Sync 1 DAGs
[2025-02-15 13:57:28,759] {logging_mixin.py:104} INFO - [2025-02-15 13:57:28,759] {dag.py:2306} INFO - Setting next_dagrun for example_trigger_target_dag to None
[2025-02-15 13:57:28,808] {scheduler_job.py:190} INFO - Processing /home/airflow/.local/lib/python3.6/site-packages/airflow/example_dags/example_trigger_target_dag.py took 0.298 seconds
[2025-02-15 13:57:59,451] {scheduler_job.py:182} INFO - Started process (PID=436) to work on /home/airflow/.local/lib/python3.6/site-packages/airflow/example_dags/example_trigger_target_dag.py
[2025-02-15 13:57:59,457] {scheduler_job.py:633} INFO - Processing file /home/airflow/.local/lib/python3.6/site-packages/airflow/example_dags/example_trigger_target_dag.py for tasks to queue
[2025-02-15 13:57:59,458] {logging_mixin.py:104} INFO - [2025-02-15 13:57:59,458] {dagbag.py:496} INFO - Filling up the DagBag from /home/airflow/.local/lib/python3.6/site-packages/airflow/example_dags/example_trigger_target_dag.py
[2025-02-15 13:57:59,477] {scheduler_job.py:643} INFO - DAG(s) dict_keys(['example_trigger_target_dag']) retrieved from /home/airflow/.local/lib/python3.6/site-packages/airflow/example_dags/example_trigger_target_dag.py
[2025-02-15 13:57:59,508] {logging_mixin.py:104} INFO - [2025-02-15 13:57:59,508] {dag.py:1833} INFO - Sync 1 DAGs
[2025-02-15 13:57:59,529] {logging_mixin.py:104} INFO - [2025-02-15 13:57:59,529] {dag.py:2306} INFO - Setting next_dagrun for example_trigger_target_dag to None
[2025-02-15 13:57:59,544] {scheduler_job.py:190} INFO - Processing /home/airflow/.local/lib/python3.6/site-packages/airflow/example_dags/example_trigger_target_dag.py took 0.096 seconds
[2025-02-15 13:58:30,127] {scheduler_job.py:182} INFO - Started process (PID=496) to work on /home/airflow/.local/lib/python3.6/site-packages/airflow/example_dags/example_trigger_target_dag.py
[2025-02-15 13:58:30,130] {scheduler_job.py:633} INFO - Processing file /home/airflow/.local/lib/python3.6/site-packages/airflow/example_dags/example_trigger_target_dag.py for tasks to queue
[2025-02-15 13:58:30,131] {logging_mixin.py:104} INFO - [2025-02-15 13:58:30,130] {dagbag.py:496} INFO - Filling up the DagBag from /home/airflow/.local/lib/python3.6/site-packages/airflow/example_dags/example_trigger_target_dag.py
[2025-02-15 13:58:30,158] {scheduler_job.py:643} INFO - DAG(s) dict_keys(['example_trigger_target_dag']) retrieved from /home/airflow/.local/lib/python3.6/site-packages/airflow/example_dags/example_trigger_target_dag.py
[2025-02-15 13:58:30,207] {logging_mixin.py:104} INFO - [2025-02-15 13:58:30,207] {dag.py:1833} INFO - Sync 1 DAGs
[2025-02-15 13:58:30,236] {logging_mixin.py:104} INFO - [2025-02-15 13:58:30,236] {dag.py:2306} INFO - Setting next_dagrun for example_trigger_target_dag to None
[2025-02-15 13:58:30,254] {scheduler_job.py:190} INFO - Processing /home/airflow/.local/lib/python3.6/site-packages/airflow/example_dags/example_trigger_target_dag.py took 0.131 seconds
[2025-02-15 13:59:00,322] {scheduler_job.py:182} INFO - Started process (PID=549) to work on /home/airflow/.local/lib/python3.6/site-packages/airflow/example_dags/example_trigger_target_dag.py
[2025-02-15 13:59:00,324] {scheduler_job.py:633} INFO - Processing file /home/airflow/.local/lib/python3.6/site-packages/airflow/example_dags/example_trigger_target_dag.py for tasks to queue
[2025-02-15 13:59:00,325] {logging_mixin.py:104} INFO - [2025-02-15 13:59:00,325] {dagbag.py:496} INFO - Filling up the DagBag from /home/airflow/.local/lib/python3.6/site-packages/airflow/example_dags/example_trigger_target_dag.py
[2025-02-15 13:59:00,358] {scheduler_job.py:643} INFO - DAG(s) dict_keys(['example_trigger_target_dag']) retrieved from /home/airflow/.local/lib/python3.6/site-packages/airflow/example_dags/example_trigger_target_dag.py
[2025-02-15 13:59:00,414] {logging_mixin.py:104} INFO - [2025-02-15 13:59:00,414] {dag.py:1833} INFO - Sync 1 DAGs
[2025-02-15 13:59:00,452] {logging_mixin.py:104} INFO - [2025-02-15 13:59:00,451] {dag.py:2306} INFO - Setting next_dagrun for example_trigger_target_dag to None
[2025-02-15 13:59:00,483] {scheduler_job.py:190} INFO - Processing /home/airflow/.local/lib/python3.6/site-packages/airflow/example_dags/example_trigger_target_dag.py took 0.166 seconds
[2025-02-15 13:59:31,093] {scheduler_job.py:182} INFO - Started process (PID=611) to work on /home/airflow/.local/lib/python3.6/site-packages/airflow/example_dags/example_trigger_target_dag.py
[2025-02-15 13:59:31,096] {scheduler_job.py:633} INFO - Processing file /home/airflow/.local/lib/python3.6/site-packages/airflow/example_dags/example_trigger_target_dag.py for tasks to queue
[2025-02-15 13:59:31,098] {logging_mixin.py:104} INFO - [2025-02-15 13:59:31,097] {dagbag.py:496} INFO - Filling up the DagBag from /home/airflow/.local/lib/python3.6/site-packages/airflow/example_dags/example_trigger_target_dag.py
[2025-02-15 13:59:31,127] {scheduler_job.py:643} INFO - DAG(s) dict_keys(['example_trigger_target_dag']) retrieved from /home/airflow/.local/lib/python3.6/site-packages/airflow/example_dags/example_trigger_target_dag.py
[2025-02-15 13:59:31,159] {logging_mixin.py:104} INFO - [2025-02-15 13:59:31,158] {dag.py:1833} INFO - Sync 1 DAGs
[2025-02-15 13:59:31,189] {logging_mixin.py:104} INFO - [2025-02-15 13:59:31,189] {dag.py:2306} INFO - Setting next_dagrun for example_trigger_target_dag to None
[2025-02-15 13:59:31,206] {scheduler_job.py:190} INFO - Processing /home/airflow/.local/lib/python3.6/site-packages/airflow/example_dags/example_trigger_target_dag.py took 0.121 seconds
[2025-02-15 14:00:01,603] {scheduler_job.py:182} INFO - Started process (PID=663) to work on /home/airflow/.local/lib/python3.6/site-packages/airflow/example_dags/example_trigger_target_dag.py
[2025-02-15 14:00:01,610] {scheduler_job.py:633} INFO - Processing file /home/airflow/.local/lib/python3.6/site-packages/airflow/example_dags/example_trigger_target_dag.py for tasks to queue
[2025-02-15 14:00:01,611] {logging_mixin.py:104} INFO - [2025-02-15 14:00:01,611] {dagbag.py:496} INFO - Filling up the DagBag from /home/airflow/.local/lib/python3.6/site-packages/airflow/example_dags/example_trigger_target_dag.py
[2025-02-15 14:00:01,655] {scheduler_job.py:643} INFO - DAG(s) dict_keys(['example_trigger_target_dag']) retrieved from /home/airflow/.local/lib/python3.6/site-packages/airflow/example_dags/example_trigger_target_dag.py
[2025-02-15 14:00:01,730] {logging_mixin.py:104} INFO - [2025-02-15 14:00:01,730] {dag.py:1833} INFO - Sync 1 DAGs
[2025-02-15 14:00:01,761] {logging_mixin.py:104} INFO - [2025-02-15 14:00:01,761] {dag.py:2306} INFO - Setting next_dagrun for example_trigger_target_dag to None
[2025-02-15 14:00:01,778] {scheduler_job.py:190} INFO - Processing /home/airflow/.local/lib/python3.6/site-packages/airflow/example_dags/example_trigger_target_dag.py took 0.184 seconds
[2025-02-15 14:01:31,399] {scheduler_job.py:182} INFO - Started process (PID=80) to work on /home/airflow/.local/lib/python3.6/site-packages/airflow/example_dags/example_trigger_target_dag.py
[2025-02-15 14:01:31,403] {scheduler_job.py:633} INFO - Processing file /home/airflow/.local/lib/python3.6/site-packages/airflow/example_dags/example_trigger_target_dag.py for tasks to queue
[2025-02-15 14:01:31,405] {logging_mixin.py:104} INFO - [2025-02-15 14:01:31,405] {dagbag.py:496} INFO - Filling up the DagBag from /home/airflow/.local/lib/python3.6/site-packages/airflow/example_dags/example_trigger_target_dag.py
[2025-02-15 14:01:29,853] {scheduler_job.py:643} INFO - DAG(s) dict_keys(['example_trigger_target_dag']) retrieved from /home/airflow/.local/lib/python3.6/site-packages/airflow/example_dags/example_trigger_target_dag.py
[2025-02-15 14:01:29,957] {logging_mixin.py:104} INFO - [2025-02-15 14:01:29,957] {dag.py:1833} INFO - Sync 1 DAGs
[2025-02-15 14:01:30,032] {logging_mixin.py:104} INFO - [2025-02-15 14:01:30,031] {dag.py:2306} INFO - Setting next_dagrun for example_trigger_target_dag to None
[2025-02-15 14:01:30,078] {scheduler_job.py:190} INFO - Processing /home/airflow/.local/lib/python3.6/site-packages/airflow/example_dags/example_trigger_target_dag.py took 0.335 seconds
[2025-02-15 14:07:15,852] {scheduler_job.py:182} INFO - Started process (PID=277) to work on /home/airflow/.local/lib/python3.6/site-packages/airflow/example_dags/example_trigger_target_dag.py
[2025-02-15 14:07:15,856] {scheduler_job.py:633} INFO - Processing file /home/airflow/.local/lib/python3.6/site-packages/airflow/example_dags/example_trigger_target_dag.py for tasks to queue
[2025-02-15 14:07:15,857] {logging_mixin.py:104} INFO - [2025-02-15 14:07:15,857] {dagbag.py:496} INFO - Filling up the DagBag from /home/airflow/.local/lib/python3.6/site-packages/airflow/example_dags/example_trigger_target_dag.py
[2025-02-15 14:07:15,893] {scheduler_job.py:643} INFO - DAG(s) dict_keys(['example_trigger_target_dag']) retrieved from /home/airflow/.local/lib/python3.6/site-packages/airflow/example_dags/example_trigger_target_dag.py
[2025-02-15 14:07:19,368] {logging_mixin.py:104} INFO - [2025-02-15 14:07:19,366] {dag.py:1833} INFO - Sync 1 DAGs
[2025-02-15 14:07:19,385] {logging_mixin.py:104} INFO - [2025-02-15 14:07:19,383] {dag.py:1852} INFO - Creating ORM DAG for example_trigger_target_dag
[2025-02-15 14:07:19,393] {logging_mixin.py:104} INFO - [2025-02-15 14:07:19,393] {dag.py:2306} INFO - Setting next_dagrun for example_trigger_target_dag to None
[2025-02-15 14:07:19,416] {scheduler_job.py:190} INFO - Processing /home/airflow/.local/lib/python3.6/site-packages/airflow/example_dags/example_trigger_target_dag.py took 3.572 seconds
[2025-02-15 14:07:51,590] {scheduler_job.py:182} INFO - Started process (PID=432) to work on /home/airflow/.local/lib/python3.6/site-packages/airflow/example_dags/example_trigger_target_dag.py
[2025-02-15 14:07:51,593] {scheduler_job.py:633} INFO - Processing file /home/airflow/.local/lib/python3.6/site-packages/airflow/example_dags/example_trigger_target_dag.py for tasks to queue
[2025-02-15 14:07:51,596] {logging_mixin.py:104} INFO - [2025-02-15 14:07:51,595] {dagbag.py:496} INFO - Filling up the DagBag from /home/airflow/.local/lib/python3.6/site-packages/airflow/example_dags/example_trigger_target_dag.py
[2025-02-15 14:07:51,639] {scheduler_job.py:643} INFO - DAG(s) dict_keys(['example_trigger_target_dag']) retrieved from /home/airflow/.local/lib/python3.6/site-packages/airflow/example_dags/example_trigger_target_dag.py
[2025-02-15 14:07:51,690] {logging_mixin.py:104} INFO - [2025-02-15 14:07:51,690] {dag.py:1833} INFO - Sync 1 DAGs
[2025-02-15 14:07:51,728] {logging_mixin.py:104} INFO - [2025-02-15 14:07:51,728] {dag.py:2306} INFO - Setting next_dagrun for example_trigger_target_dag to None
[2025-02-15 14:07:51,752] {scheduler_job.py:190} INFO - Processing /home/airflow/.local/lib/python3.6/site-packages/airflow/example_dags/example_trigger_target_dag.py took 0.178 seconds
[2025-02-15 14:08:22,071] {scheduler_job.py:182} INFO - Started process (PID=487) to work on /home/airflow/.local/lib/python3.6/site-packages/airflow/example_dags/example_trigger_target_dag.py
[2025-02-15 14:08:22,073] {scheduler_job.py:633} INFO - Processing file /home/airflow/.local/lib/python3.6/site-packages/airflow/example_dags/example_trigger_target_dag.py for tasks to queue
[2025-02-15 14:08:22,074] {logging_mixin.py:104} INFO - [2025-02-15 14:08:22,074] {dagbag.py:496} INFO - Filling up the DagBag from /home/airflow/.local/lib/python3.6/site-packages/airflow/example_dags/example_trigger_target_dag.py
[2025-02-15 14:08:22,098] {scheduler_job.py:643} INFO - DAG(s) dict_keys(['example_trigger_target_dag']) retrieved from /home/airflow/.local/lib/python3.6/site-packages/airflow/example_dags/example_trigger_target_dag.py
[2025-02-15 14:08:22,133] {logging_mixin.py:104} INFO - [2025-02-15 14:08:22,132] {dag.py:1833} INFO - Sync 1 DAGs
[2025-02-15 14:08:22,161] {logging_mixin.py:104} INFO - [2025-02-15 14:08:22,161] {dag.py:2306} INFO - Setting next_dagrun for example_trigger_target_dag to None
[2025-02-15 14:08:22,175] {scheduler_job.py:190} INFO - Processing /home/airflow/.local/lib/python3.6/site-packages/airflow/example_dags/example_trigger_target_dag.py took 0.111 seconds
[2025-02-15 14:08:52,432] {scheduler_job.py:182} INFO - Started process (PID=539) to work on /home/airflow/.local/lib/python3.6/site-packages/airflow/example_dags/example_trigger_target_dag.py
[2025-02-15 14:08:52,433] {scheduler_job.py:633} INFO - Processing file /home/airflow/.local/lib/python3.6/site-packages/airflow/example_dags/example_trigger_target_dag.py for tasks to queue
[2025-02-15 14:08:52,434] {logging_mixin.py:104} INFO - [2025-02-15 14:08:52,434] {dagbag.py:496} INFO - Filling up the DagBag from /home/airflow/.local/lib/python3.6/site-packages/airflow/example_dags/example_trigger_target_dag.py
[2025-02-15 14:08:52,457] {scheduler_job.py:643} INFO - DAG(s) dict_keys(['example_trigger_target_dag']) retrieved from /home/airflow/.local/lib/python3.6/site-packages/airflow/example_dags/example_trigger_target_dag.py
[2025-02-15 14:08:52,503] {logging_mixin.py:104} INFO - [2025-02-15 14:08:52,503] {dag.py:1833} INFO - Sync 1 DAGs
[2025-02-15 14:08:52,531] {logging_mixin.py:104} INFO - [2025-02-15 14:08:52,531] {dag.py:2306} INFO - Setting next_dagrun for example_trigger_target_dag to None
[2025-02-15 14:08:52,552] {scheduler_job.py:190} INFO - Processing /home/airflow/.local/lib/python3.6/site-packages/airflow/example_dags/example_trigger_target_dag.py took 0.127 seconds
[2025-02-15 14:09:23,331] {scheduler_job.py:182} INFO - Started process (PID=601) to work on /home/airflow/.local/lib/python3.6/site-packages/airflow/example_dags/example_trigger_target_dag.py
[2025-02-15 14:09:23,332] {scheduler_job.py:633} INFO - Processing file /home/airflow/.local/lib/python3.6/site-packages/airflow/example_dags/example_trigger_target_dag.py for tasks to queue
[2025-02-15 14:09:23,333] {logging_mixin.py:104} INFO - [2025-02-15 14:09:23,332] {dagbag.py:496} INFO - Filling up the DagBag from /home/airflow/.local/lib/python3.6/site-packages/airflow/example_dags/example_trigger_target_dag.py
[2025-02-15 14:09:23,348] {scheduler_job.py:643} INFO - DAG(s) dict_keys(['example_trigger_target_dag']) retrieved from /home/airflow/.local/lib/python3.6/site-packages/airflow/example_dags/example_trigger_target_dag.py
[2025-02-15 14:09:23,373] {logging_mixin.py:104} INFO - [2025-02-15 14:09:23,373] {dag.py:1833} INFO - Sync 1 DAGs
[2025-02-15 14:09:23,388] {logging_mixin.py:104} INFO - [2025-02-15 14:09:23,388] {dag.py:2306} INFO - Setting next_dagrun for example_trigger_target_dag to None
[2025-02-15 14:09:23,407] {scheduler_job.py:190} INFO - Processing /home/airflow/.local/lib/python3.6/site-packages/airflow/example_dags/example_trigger_target_dag.py took 0.080 seconds
[2025-02-15 14:09:54,157] {scheduler_job.py:182} INFO - Started process (PID=653) to work on /home/airflow/.local/lib/python3.6/site-packages/airflow/example_dags/example_trigger_target_dag.py
[2025-02-15 14:09:54,158] {scheduler_job.py:633} INFO - Processing file /home/airflow/.local/lib/python3.6/site-packages/airflow/example_dags/example_trigger_target_dag.py for tasks to queue
[2025-02-15 14:09:54,159] {logging_mixin.py:104} INFO - [2025-02-15 14:09:54,159] {dagbag.py:496} INFO - Filling up the DagBag from /home/airflow/.local/lib/python3.6/site-packages/airflow/example_dags/example_trigger_target_dag.py
[2025-02-15 14:09:54,174] {scheduler_job.py:643} INFO - DAG(s) dict_keys(['example_trigger_target_dag']) retrieved from /home/airflow/.local/lib/python3.6/site-packages/airflow/example_dags/example_trigger_target_dag.py
[2025-02-15 14:09:54,200] {logging_mixin.py:104} INFO - [2025-02-15 14:09:54,199] {dag.py:1833} INFO - Sync 1 DAGs
[2025-02-15 14:09:54,216] {logging_mixin.py:104} INFO - [2025-02-15 14:09:54,216] {dag.py:2306} INFO - Setting next_dagrun for example_trigger_target_dag to None
[2025-02-15 14:09:54,230] {scheduler_job.py:190} INFO - Processing /home/airflow/.local/lib/python3.6/site-packages/airflow/example_dags/example_trigger_target_dag.py took 0.077 seconds
[2025-02-15 14:10:25,048] {scheduler_job.py:182} INFO - Started process (PID=714) to work on /home/airflow/.local/lib/python3.6/site-packages/airflow/example_dags/example_trigger_target_dag.py
[2025-02-15 14:10:25,050] {scheduler_job.py:633} INFO - Processing file /home/airflow/.local/lib/python3.6/site-packages/airflow/example_dags/example_trigger_target_dag.py for tasks to queue
[2025-02-15 14:10:25,052] {logging_mixin.py:104} INFO - [2025-02-15 14:10:25,051] {dagbag.py:496} INFO - Filling up the DagBag from /home/airflow/.local/lib/python3.6/site-packages/airflow/example_dags/example_trigger_target_dag.py
[2025-02-15 14:10:25,072] {scheduler_job.py:643} INFO - DAG(s) dict_keys(['example_trigger_target_dag']) retrieved from /home/airflow/.local/lib/python3.6/site-packages/airflow/example_dags/example_trigger_target_dag.py
[2025-02-15 14:10:25,104] {logging_mixin.py:104} INFO - [2025-02-15 14:10:25,104] {dag.py:1833} INFO - Sync 1 DAGs
[2025-02-15 14:10:25,122] {logging_mixin.py:104} INFO - [2025-02-15 14:10:25,122] {dag.py:2306} INFO - Setting next_dagrun for example_trigger_target_dag to None
[2025-02-15 14:10:25,140] {scheduler_job.py:190} INFO - Processing /home/airflow/.local/lib/python3.6/site-packages/airflow/example_dags/example_trigger_target_dag.py took 0.098 seconds
[2025-02-15 14:10:55,454] {scheduler_job.py:182} INFO - Started process (PID=766) to work on /home/airflow/.local/lib/python3.6/site-packages/airflow/example_dags/example_trigger_target_dag.py
[2025-02-15 14:10:55,455] {scheduler_job.py:633} INFO - Processing file /home/airflow/.local/lib/python3.6/site-packages/airflow/example_dags/example_trigger_target_dag.py for tasks to queue
[2025-02-15 14:10:55,456] {logging_mixin.py:104} INFO - [2025-02-15 14:10:55,456] {dagbag.py:496} INFO - Filling up the DagBag from /home/airflow/.local/lib/python3.6/site-packages/airflow/example_dags/example_trigger_target_dag.py
[2025-02-15 14:10:55,476] {scheduler_job.py:643} INFO - DAG(s) dict_keys(['example_trigger_target_dag']) retrieved from /home/airflow/.local/lib/python3.6/site-packages/airflow/example_dags/example_trigger_target_dag.py
[2025-02-15 14:10:55,510] {logging_mixin.py:104} INFO - [2025-02-15 14:10:55,510] {dag.py:1833} INFO - Sync 1 DAGs
[2025-02-15 14:10:55,528] {logging_mixin.py:104} INFO - [2025-02-15 14:10:55,528] {dag.py:2306} INFO - Setting next_dagrun for example_trigger_target_dag to None
[2025-02-15 14:10:55,548] {scheduler_job.py:190} INFO - Processing /home/airflow/.local/lib/python3.6/site-packages/airflow/example_dags/example_trigger_target_dag.py took 0.102 seconds
[2025-02-15 14:11:25,725] {scheduler_job.py:182} INFO - Started process (PID=828) to work on /home/airflow/.local/lib/python3.6/site-packages/airflow/example_dags/example_trigger_target_dag.py
[2025-02-15 14:11:25,726] {scheduler_job.py:633} INFO - Processing file /home/airflow/.local/lib/python3.6/site-packages/airflow/example_dags/example_trigger_target_dag.py for tasks to queue
[2025-02-15 14:11:25,727] {logging_mixin.py:104} INFO - [2025-02-15 14:11:25,727] {dagbag.py:496} INFO - Filling up the DagBag from /home/airflow/.local/lib/python3.6/site-packages/airflow/example_dags/example_trigger_target_dag.py
[2025-02-15 14:11:25,748] {scheduler_job.py:643} INFO - DAG(s) dict_keys(['example_trigger_target_dag']) retrieved from /home/airflow/.local/lib/python3.6/site-packages/airflow/example_dags/example_trigger_target_dag.py
[2025-02-15 14:11:25,789] {logging_mixin.py:104} INFO - [2025-02-15 14:11:25,789] {dag.py:1833} INFO - Sync 1 DAGs
[2025-02-15 14:11:25,817] {logging_mixin.py:104} INFO - [2025-02-15 14:11:25,817] {dag.py:2306} INFO - Setting next_dagrun for example_trigger_target_dag to None
[2025-02-15 14:11:25,837] {scheduler_job.py:190} INFO - Processing /home/airflow/.local/lib/python3.6/site-packages/airflow/example_dags/example_trigger_target_dag.py took 0.117 seconds
[2025-02-15 14:11:57,170] {scheduler_job.py:182} INFO - Started process (PID=890) to work on /home/airflow/.local/lib/python3.6/site-packages/airflow/example_dags/example_trigger_target_dag.py
[2025-02-15 14:11:57,184] {scheduler_job.py:633} INFO - Processing file /home/airflow/.local/lib/python3.6/site-packages/airflow/example_dags/example_trigger_target_dag.py for tasks to queue
[2025-02-15 14:11:57,186] {logging_mixin.py:104} INFO - [2025-02-15 14:11:57,186] {dagbag.py:496} INFO - Filling up the DagBag from /home/airflow/.local/lib/python3.6/site-packages/airflow/example_dags/example_trigger_target_dag.py
[2025-02-15 14:11:57,220] {scheduler_job.py:643} INFO - DAG(s) dict_keys(['example_trigger_target_dag']) retrieved from /home/airflow/.local/lib/python3.6/site-packages/airflow/example_dags/example_trigger_target_dag.py
[2025-02-15 14:11:57,288] {logging_mixin.py:104} INFO - [2025-02-15 14:11:57,288] {dag.py:1833} INFO - Sync 1 DAGs
[2025-02-15 14:11:57,318] {logging_mixin.py:104} INFO - [2025-02-15 14:11:57,318] {dag.py:2306} INFO - Setting next_dagrun for example_trigger_target_dag to None
[2025-02-15 14:11:57,349] {scheduler_job.py:190} INFO - Processing /home/airflow/.local/lib/python3.6/site-packages/airflow/example_dags/example_trigger_target_dag.py took 0.191 seconds
[2025-02-15 14:12:27,945] {scheduler_job.py:182} INFO - Started process (PID=943) to work on /home/airflow/.local/lib/python3.6/site-packages/airflow/example_dags/example_trigger_target_dag.py
[2025-02-15 14:12:27,947] {scheduler_job.py:633} INFO - Processing file /home/airflow/.local/lib/python3.6/site-packages/airflow/example_dags/example_trigger_target_dag.py for tasks to queue
[2025-02-15 14:12:27,948] {logging_mixin.py:104} INFO - [2025-02-15 14:12:27,947] {dagbag.py:496} INFO - Filling up the DagBag from /home/airflow/.local/lib/python3.6/site-packages/airflow/example_dags/example_trigger_target_dag.py
[2025-02-15 14:12:27,964] {scheduler_job.py:643} INFO - DAG(s) dict_keys(['example_trigger_target_dag']) retrieved from /home/airflow/.local/lib/python3.6/site-packages/airflow/example_dags/example_trigger_target_dag.py
[2025-02-15 14:12:27,995] {logging_mixin.py:104} INFO - [2025-02-15 14:12:27,994] {dag.py:1833} INFO - Sync 1 DAGs
[2025-02-15 14:12:28,015] {logging_mixin.py:104} INFO - [2025-02-15 14:12:28,015] {dag.py:2306} INFO - Setting next_dagrun for example_trigger_target_dag to None
[2025-02-15 14:12:28,027] {scheduler_job.py:190} INFO - Processing /home/airflow/.local/lib/python3.6/site-packages/airflow/example_dags/example_trigger_target_dag.py took 0.086 seconds
[2025-02-15 14:12:58,417] {scheduler_job.py:182} INFO - Started process (PID=1004) to work on /home/airflow/.local/lib/python3.6/site-packages/airflow/example_dags/example_trigger_target_dag.py
[2025-02-15 14:12:58,418] {scheduler_job.py:633} INFO - Processing file /home/airflow/.local/lib/python3.6/site-packages/airflow/example_dags/example_trigger_target_dag.py for tasks to queue
[2025-02-15 14:12:58,419] {logging_mixin.py:104} INFO - [2025-02-15 14:12:58,419] {dagbag.py:496} INFO - Filling up the DagBag from /home/airflow/.local/lib/python3.6/site-packages/airflow/example_dags/example_trigger_target_dag.py
[2025-02-15 14:12:58,436] {scheduler_job.py:643} INFO - DAG(s) dict_keys(['example_trigger_target_dag']) retrieved from /home/airflow/.local/lib/python3.6/site-packages/airflow/example_dags/example_trigger_target_dag.py
[2025-02-15 14:12:58,466] {logging_mixin.py:104} INFO - [2025-02-15 14:12:58,466] {dag.py:1833} INFO - Sync 1 DAGs
[2025-02-15 14:12:58,486] {logging_mixin.py:104} INFO - [2025-02-15 14:12:58,486] {dag.py:2306} INFO - Setting next_dagrun for example_trigger_target_dag to None
[2025-02-15 14:12:58,498] {scheduler_job.py:190} INFO - Processing /home/airflow/.local/lib/python3.6/site-packages/airflow/example_dags/example_trigger_target_dag.py took 0.086 seconds
[2025-02-15 14:13:28,635] {scheduler_job.py:182} INFO - Started process (PID=1057) to work on /home/airflow/.local/lib/python3.6/site-packages/airflow/example_dags/example_trigger_target_dag.py
[2025-02-15 14:13:28,636] {scheduler_job.py:633} INFO - Processing file /home/airflow/.local/lib/python3.6/site-packages/airflow/example_dags/example_trigger_target_dag.py for tasks to queue
[2025-02-15 14:13:28,638] {logging_mixin.py:104} INFO - [2025-02-15 14:13:28,637] {dagbag.py:496} INFO - Filling up the DagBag from /home/airflow/.local/lib/python3.6/site-packages/airflow/example_dags/example_trigger_target_dag.py
[2025-02-15 14:13:28,660] {scheduler_job.py:643} INFO - DAG(s) dict_keys(['example_trigger_target_dag']) retrieved from /home/airflow/.local/lib/python3.6/site-packages/airflow/example_dags/example_trigger_target_dag.py
[2025-02-15 14:13:28,688] {logging_mixin.py:104} INFO - [2025-02-15 14:13:28,688] {dag.py:1833} INFO - Sync 1 DAGs
[2025-02-15 14:13:28,708] {logging_mixin.py:104} INFO - [2025-02-15 14:13:28,708] {dag.py:2306} INFO - Setting next_dagrun for example_trigger_target_dag to None
[2025-02-15 14:13:28,722] {scheduler_job.py:190} INFO - Processing /home/airflow/.local/lib/python3.6/site-packages/airflow/example_dags/example_trigger_target_dag.py took 0.093 seconds
[2025-02-15 14:15:10,125] {scheduler_job.py:182} INFO - Started process (PID=75) to work on /home/airflow/.local/lib/python3.6/site-packages/airflow/example_dags/example_trigger_target_dag.py
[2025-02-15 14:15:10,133] {scheduler_job.py:633} INFO - Processing file /home/airflow/.local/lib/python3.6/site-packages/airflow/example_dags/example_trigger_target_dag.py for tasks to queue
[2025-02-15 14:15:10,135] {logging_mixin.py:104} INFO - [2025-02-15 14:15:10,135] {dagbag.py:496} INFO - Filling up the DagBag from /home/airflow/.local/lib/python3.6/site-packages/airflow/example_dags/example_trigger_target_dag.py
[2025-02-15 14:15:10,216] {scheduler_job.py:643} INFO - DAG(s) dict_keys(['example_trigger_target_dag']) retrieved from /home/airflow/.local/lib/python3.6/site-packages/airflow/example_dags/example_trigger_target_dag.py
[2025-02-15 14:15:10,334] {logging_mixin.py:104} INFO - [2025-02-15 14:15:10,334] {dag.py:1833} INFO - Sync 1 DAGs
[2025-02-15 14:15:10,445] {logging_mixin.py:104} INFO - [2025-02-15 14:15:10,445] {dag.py:2306} INFO - Setting next_dagrun for example_trigger_target_dag to None
[2025-02-15 14:15:10,526] {scheduler_job.py:190} INFO - Processing /home/airflow/.local/lib/python3.6/site-packages/airflow/example_dags/example_trigger_target_dag.py took 0.419 seconds
[2025-02-15 14:15:45,716] {scheduler_job.py:182} INFO - Started process (PID=126) to work on /home/airflow/.local/lib/python3.6/site-packages/airflow/example_dags/example_trigger_target_dag.py
[2025-02-15 14:15:45,743] {scheduler_job.py:633} INFO - Processing file /home/airflow/.local/lib/python3.6/site-packages/airflow/example_dags/example_trigger_target_dag.py for tasks to queue
[2025-02-15 14:15:45,745] {logging_mixin.py:104} INFO - [2025-02-15 14:15:45,744] {dagbag.py:496} INFO - Filling up the DagBag from /home/airflow/.local/lib/python3.6/site-packages/airflow/example_dags/example_trigger_target_dag.py
[2025-02-15 14:15:45,850] {scheduler_job.py:643} INFO - DAG(s) dict_keys(['example_trigger_target_dag']) retrieved from /home/airflow/.local/lib/python3.6/site-packages/airflow/example_dags/example_trigger_target_dag.py
[2025-02-15 14:15:45,970] {logging_mixin.py:104} INFO - [2025-02-15 14:15:45,970] {dag.py:1833} INFO - Sync 1 DAGs
[2025-02-15 14:15:46,059] {logging_mixin.py:104} INFO - [2025-02-15 14:15:46,059] {dag.py:2306} INFO - Setting next_dagrun for example_trigger_target_dag to None
[2025-02-15 14:15:46,176] {scheduler_job.py:190} INFO - Processing /home/airflow/.local/lib/python3.6/site-packages/airflow/example_dags/example_trigger_target_dag.py took 0.471 seconds
[2025-02-15 14:21:18,180] {scheduler_job.py:182} INFO - Started process (PID=181) to work on /home/airflow/.local/lib/python3.6/site-packages/airflow/example_dags/example_trigger_target_dag.py
[2025-02-15 14:21:18,187] {scheduler_job.py:633} INFO - Processing file /home/airflow/.local/lib/python3.6/site-packages/airflow/example_dags/example_trigger_target_dag.py for tasks to queue
[2025-02-15 14:21:18,189] {logging_mixin.py:104} INFO - [2025-02-15 14:21:18,188] {dagbag.py:496} INFO - Filling up the DagBag from /home/airflow/.local/lib/python3.6/site-packages/airflow/example_dags/example_trigger_target_dag.py
[2025-02-15 14:21:18,299] {scheduler_job.py:643} INFO - DAG(s) dict_keys(['example_trigger_target_dag']) retrieved from /home/airflow/.local/lib/python3.6/site-packages/airflow/example_dags/example_trigger_target_dag.py
[2025-02-15 14:21:18,439] {logging_mixin.py:104} INFO - [2025-02-15 14:21:18,439] {dag.py:1833} INFO - Sync 1 DAGs
[2025-02-15 14:21:18,506] {logging_mixin.py:104} INFO - [2025-02-15 14:21:18,505] {dag.py:2306} INFO - Setting next_dagrun for example_trigger_target_dag to None
[2025-02-15 14:21:18,551] {scheduler_job.py:190} INFO - Processing /home/airflow/.local/lib/python3.6/site-packages/airflow/example_dags/example_trigger_target_dag.py took 0.383 seconds
[2025-02-15 14:21:49,623] {scheduler_job.py:182} INFO - Started process (PID=223) to work on /home/airflow/.local/lib/python3.6/site-packages/airflow/example_dags/example_trigger_target_dag.py
[2025-02-15 14:21:49,631] {scheduler_job.py:633} INFO - Processing file /home/airflow/.local/lib/python3.6/site-packages/airflow/example_dags/example_trigger_target_dag.py for tasks to queue
[2025-02-15 14:21:49,633] {logging_mixin.py:104} INFO - [2025-02-15 14:21:49,633] {dagbag.py:496} INFO - Filling up the DagBag from /home/airflow/.local/lib/python3.6/site-packages/airflow/example_dags/example_trigger_target_dag.py
[2025-02-15 14:21:49,687] {scheduler_job.py:643} INFO - DAG(s) dict_keys(['example_trigger_target_dag']) retrieved from /home/airflow/.local/lib/python3.6/site-packages/airflow/example_dags/example_trigger_target_dag.py
[2025-02-15 14:21:49,795] {logging_mixin.py:104} INFO - [2025-02-15 14:21:49,795] {dag.py:1833} INFO - Sync 1 DAGs
[2025-02-15 14:21:49,862] {logging_mixin.py:104} INFO - [2025-02-15 14:21:49,861] {dag.py:2306} INFO - Setting next_dagrun for example_trigger_target_dag to None
[2025-02-15 14:21:49,909] {scheduler_job.py:190} INFO - Processing /home/airflow/.local/lib/python3.6/site-packages/airflow/example_dags/example_trigger_target_dag.py took 0.304 seconds
[2025-02-15 14:22:20,416] {scheduler_job.py:182} INFO - Started process (PID=274) to work on /home/airflow/.local/lib/python3.6/site-packages/airflow/example_dags/example_trigger_target_dag.py
[2025-02-15 14:22:20,419] {scheduler_job.py:633} INFO - Processing file /home/airflow/.local/lib/python3.6/site-packages/airflow/example_dags/example_trigger_target_dag.py for tasks to queue
[2025-02-15 14:22:20,420] {logging_mixin.py:104} INFO - [2025-02-15 14:22:20,420] {dagbag.py:496} INFO - Filling up the DagBag from /home/airflow/.local/lib/python3.6/site-packages/airflow/example_dags/example_trigger_target_dag.py
[2025-02-15 14:22:20,447] {scheduler_job.py:643} INFO - DAG(s) dict_keys(['example_trigger_target_dag']) retrieved from /home/airflow/.local/lib/python3.6/site-packages/airflow/example_dags/example_trigger_target_dag.py
[2025-02-15 14:22:20,499] {logging_mixin.py:104} INFO - [2025-02-15 14:22:20,498] {dag.py:1833} INFO - Sync 1 DAGs
[2025-02-15 14:22:20,523] {logging_mixin.py:104} INFO - [2025-02-15 14:22:20,523] {dag.py:2306} INFO - Setting next_dagrun for example_trigger_target_dag to None
[2025-02-15 14:22:20,555] {scheduler_job.py:190} INFO - Processing /home/airflow/.local/lib/python3.6/site-packages/airflow/example_dags/example_trigger_target_dag.py took 0.148 seconds
[2025-02-15 14:22:52,603] {scheduler_job.py:182} INFO - Started process (PID=327) to work on /home/airflow/.local/lib/python3.6/site-packages/airflow/example_dags/example_trigger_target_dag.py
[2025-02-15 14:22:52,606] {scheduler_job.py:633} INFO - Processing file /home/airflow/.local/lib/python3.6/site-packages/airflow/example_dags/example_trigger_target_dag.py for tasks to queue
[2025-02-15 14:22:52,607] {logging_mixin.py:104} INFO - [2025-02-15 14:22:52,607] {dagbag.py:496} INFO - Filling up the DagBag from /home/airflow/.local/lib/python3.6/site-packages/airflow/example_dags/example_trigger_target_dag.py
[2025-02-15 14:22:52,639] {scheduler_job.py:643} INFO - DAG(s) dict_keys(['example_trigger_target_dag']) retrieved from /home/airflow/.local/lib/python3.6/site-packages/airflow/example_dags/example_trigger_target_dag.py
[2025-02-15 14:22:52,683] {logging_mixin.py:104} INFO - [2025-02-15 14:22:52,683] {dag.py:1833} INFO - Sync 1 DAGs
[2025-02-15 14:22:52,703] {logging_mixin.py:104} INFO - [2025-02-15 14:22:52,703] {dag.py:2306} INFO - Setting next_dagrun for example_trigger_target_dag to None
[2025-02-15 14:22:52,723] {scheduler_job.py:190} INFO - Processing /home/airflow/.local/lib/python3.6/site-packages/airflow/example_dags/example_trigger_target_dag.py took 0.126 seconds
[2025-02-15 14:25:06,697] {scheduler_job.py:182} INFO - Started process (PID=74) to work on /home/airflow/.local/lib/python3.6/site-packages/airflow/example_dags/example_trigger_target_dag.py
[2025-02-15 14:25:06,701] {scheduler_job.py:633} INFO - Processing file /home/airflow/.local/lib/python3.6/site-packages/airflow/example_dags/example_trigger_target_dag.py for tasks to queue
[2025-02-15 14:25:06,704] {logging_mixin.py:104} INFO - [2025-02-15 14:25:06,703] {dagbag.py:496} INFO - Filling up the DagBag from /home/airflow/.local/lib/python3.6/site-packages/airflow/example_dags/example_trigger_target_dag.py
[2025-02-15 14:25:07,014] {scheduler_job.py:643} INFO - DAG(s) dict_keys(['example_trigger_target_dag']) retrieved from /home/airflow/.local/lib/python3.6/site-packages/airflow/example_dags/example_trigger_target_dag.py
[2025-02-15 14:25:08,586] {logging_mixin.py:104} INFO - [2025-02-15 14:25:08,586] {dag.py:1833} INFO - Sync 1 DAGs
[2025-02-15 14:25:09,507] {logging_mixin.py:104} INFO - [2025-02-15 14:25:09,507] {dag.py:2306} INFO - Setting next_dagrun for example_trigger_target_dag to None
[2025-02-15 14:25:09,696] {scheduler_job.py:190} INFO - Processing /home/airflow/.local/lib/python3.6/site-packages/airflow/example_dags/example_trigger_target_dag.py took 3.009 seconds
[2025-02-15 14:25:39,968] {scheduler_job.py:182} INFO - Started process (PID=126) to work on /home/airflow/.local/lib/python3.6/site-packages/airflow/example_dags/example_trigger_target_dag.py
[2025-02-15 14:25:39,971] {scheduler_job.py:633} INFO - Processing file /home/airflow/.local/lib/python3.6/site-packages/airflow/example_dags/example_trigger_target_dag.py for tasks to queue
[2025-02-15 14:25:39,974] {logging_mixin.py:104} INFO - [2025-02-15 14:25:39,973] {dagbag.py:496} INFO - Filling up the DagBag from /home/airflow/.local/lib/python3.6/site-packages/airflow/example_dags/example_trigger_target_dag.py
[2025-02-15 14:25:40,011] {scheduler_job.py:643} INFO - DAG(s) dict_keys(['example_trigger_target_dag']) retrieved from /home/airflow/.local/lib/python3.6/site-packages/airflow/example_dags/example_trigger_target_dag.py
[2025-02-15 14:25:40,079] {logging_mixin.py:104} INFO - [2025-02-15 14:25:40,079] {dag.py:1833} INFO - Sync 1 DAGs
[2025-02-15 14:25:40,116] {logging_mixin.py:104} INFO - [2025-02-15 14:25:40,116] {dag.py:2306} INFO - Setting next_dagrun for example_trigger_target_dag to None
[2025-02-15 14:25:40,142] {scheduler_job.py:190} INFO - Processing /home/airflow/.local/lib/python3.6/site-packages/airflow/example_dags/example_trigger_target_dag.py took 0.189 seconds
[2025-02-15 14:26:10,918] {scheduler_job.py:182} INFO - Started process (PID=178) to work on /home/airflow/.local/lib/python3.6/site-packages/airflow/example_dags/example_trigger_target_dag.py
[2025-02-15 14:26:10,927] {scheduler_job.py:633} INFO - Processing file /home/airflow/.local/lib/python3.6/site-packages/airflow/example_dags/example_trigger_target_dag.py for tasks to queue
[2025-02-15 14:26:10,952] {logging_mixin.py:104} INFO - [2025-02-15 14:26:10,932] {dagbag.py:496} INFO - Filling up the DagBag from /home/airflow/.local/lib/python3.6/site-packages/airflow/example_dags/example_trigger_target_dag.py
[2025-02-15 14:26:11,005] {scheduler_job.py:643} INFO - DAG(s) dict_keys(['example_trigger_target_dag']) retrieved from /home/airflow/.local/lib/python3.6/site-packages/airflow/example_dags/example_trigger_target_dag.py
[2025-02-15 14:26:11,053] {logging_mixin.py:104} INFO - [2025-02-15 14:26:11,053] {dag.py:1833} INFO - Sync 1 DAGs
[2025-02-15 14:26:11,077] {logging_mixin.py:104} INFO - [2025-02-15 14:26:11,077] {dag.py:2306} INFO - Setting next_dagrun for example_trigger_target_dag to None
[2025-02-15 14:26:11,098] {scheduler_job.py:190} INFO - Processing /home/airflow/.local/lib/python3.6/site-packages/airflow/example_dags/example_trigger_target_dag.py took 0.199 seconds
[2025-02-15 14:26:41,331] {scheduler_job.py:182} INFO - Started process (PID=240) to work on /home/airflow/.local/lib/python3.6/site-packages/airflow/example_dags/example_trigger_target_dag.py
[2025-02-15 14:26:41,333] {scheduler_job.py:633} INFO - Processing file /home/airflow/.local/lib/python3.6/site-packages/airflow/example_dags/example_trigger_target_dag.py for tasks to queue
[2025-02-15 14:26:41,335] {logging_mixin.py:104} INFO - [2025-02-15 14:26:41,335] {dagbag.py:496} INFO - Filling up the DagBag from /home/airflow/.local/lib/python3.6/site-packages/airflow/example_dags/example_trigger_target_dag.py
[2025-02-15 14:26:41,377] {scheduler_job.py:643} INFO - DAG(s) dict_keys(['example_trigger_target_dag']) retrieved from /home/airflow/.local/lib/python3.6/site-packages/airflow/example_dags/example_trigger_target_dag.py
[2025-02-15 14:26:41,431] {logging_mixin.py:104} INFO - [2025-02-15 14:26:41,431] {dag.py:1833} INFO - Sync 1 DAGs
[2025-02-15 14:26:41,466] {logging_mixin.py:104} INFO - [2025-02-15 14:26:41,466] {dag.py:2306} INFO - Setting next_dagrun for example_trigger_target_dag to None
[2025-02-15 14:26:41,482] {scheduler_job.py:190} INFO - Processing /home/airflow/.local/lib/python3.6/site-packages/airflow/example_dags/example_trigger_target_dag.py took 0.158 seconds
[2025-02-15 14:27:11,993] {scheduler_job.py:182} INFO - Started process (PID=292) to work on /home/airflow/.local/lib/python3.6/site-packages/airflow/example_dags/example_trigger_target_dag.py
[2025-02-15 14:27:12,005] {scheduler_job.py:633} INFO - Processing file /home/airflow/.local/lib/python3.6/site-packages/airflow/example_dags/example_trigger_target_dag.py for tasks to queue
[2025-02-15 14:27:12,008] {logging_mixin.py:104} INFO - [2025-02-15 14:27:12,008] {dagbag.py:496} INFO - Filling up the DagBag from /home/airflow/.local/lib/python3.6/site-packages/airflow/example_dags/example_trigger_target_dag.py
[2025-02-15 14:27:12,047] {scheduler_job.py:643} INFO - DAG(s) dict_keys(['example_trigger_target_dag']) retrieved from /home/airflow/.local/lib/python3.6/site-packages/airflow/example_dags/example_trigger_target_dag.py
[2025-02-15 14:27:12,077] {logging_mixin.py:104} INFO - [2025-02-15 14:27:12,077] {dag.py:1833} INFO - Sync 1 DAGs
[2025-02-15 14:27:12,098] {logging_mixin.py:104} INFO - [2025-02-15 14:27:12,098] {dag.py:2306} INFO - Setting next_dagrun for example_trigger_target_dag to None
[2025-02-15 14:27:12,112] {scheduler_job.py:190} INFO - Processing /home/airflow/.local/lib/python3.6/site-packages/airflow/example_dags/example_trigger_target_dag.py took 0.133 seconds
[2025-02-15 14:27:42,880] {scheduler_job.py:182} INFO - Started process (PID=354) to work on /home/airflow/.local/lib/python3.6/site-packages/airflow/example_dags/example_trigger_target_dag.py
[2025-02-15 14:27:42,881] {scheduler_job.py:633} INFO - Processing file /home/airflow/.local/lib/python3.6/site-packages/airflow/example_dags/example_trigger_target_dag.py for tasks to queue
[2025-02-15 14:27:42,882] {logging_mixin.py:104} INFO - [2025-02-15 14:27:42,882] {dagbag.py:496} INFO - Filling up the DagBag from /home/airflow/.local/lib/python3.6/site-packages/airflow/example_dags/example_trigger_target_dag.py
[2025-02-15 14:27:42,911] {scheduler_job.py:643} INFO - DAG(s) dict_keys(['example_trigger_target_dag']) retrieved from /home/airflow/.local/lib/python3.6/site-packages/airflow/example_dags/example_trigger_target_dag.py
[2025-02-15 14:27:42,955] {logging_mixin.py:104} INFO - [2025-02-15 14:27:42,955] {dag.py:1833} INFO - Sync 1 DAGs
[2025-02-15 14:27:43,012] {logging_mixin.py:104} INFO - [2025-02-15 14:27:43,012] {dag.py:2306} INFO - Setting next_dagrun for example_trigger_target_dag to None
[2025-02-15 14:27:43,031] {scheduler_job.py:190} INFO - Processing /home/airflow/.local/lib/python3.6/site-packages/airflow/example_dags/example_trigger_target_dag.py took 0.158 seconds
[2025-02-15 14:28:13,874] {scheduler_job.py:182} INFO - Started process (PID=406) to work on /home/airflow/.local/lib/python3.6/site-packages/airflow/example_dags/example_trigger_target_dag.py
[2025-02-15 14:28:13,876] {scheduler_job.py:633} INFO - Processing file /home/airflow/.local/lib/python3.6/site-packages/airflow/example_dags/example_trigger_target_dag.py for tasks to queue
[2025-02-15 14:28:13,878] {logging_mixin.py:104} INFO - [2025-02-15 14:28:13,878] {dagbag.py:496} INFO - Filling up the DagBag from /home/airflow/.local/lib/python3.6/site-packages/airflow/example_dags/example_trigger_target_dag.py
[2025-02-15 14:28:13,900] {scheduler_job.py:643} INFO - DAG(s) dict_keys(['example_trigger_target_dag']) retrieved from /home/airflow/.local/lib/python3.6/site-packages/airflow/example_dags/example_trigger_target_dag.py
[2025-02-15 14:28:13,927] {logging_mixin.py:104} INFO - [2025-02-15 14:28:13,927] {dag.py:1833} INFO - Sync 1 DAGs
[2025-02-15 14:28:13,948] {logging_mixin.py:104} INFO - [2025-02-15 14:28:13,948] {dag.py:2306} INFO - Setting next_dagrun for example_trigger_target_dag to None
[2025-02-15 14:28:13,963] {scheduler_job.py:190} INFO - Processing /home/airflow/.local/lib/python3.6/site-packages/airflow/example_dags/example_trigger_target_dag.py took 0.098 seconds
[2025-02-15 14:28:44,700] {scheduler_job.py:182} INFO - Started process (PID=468) to work on /home/airflow/.local/lib/python3.6/site-packages/airflow/example_dags/example_trigger_target_dag.py
[2025-02-15 14:28:44,705] {scheduler_job.py:633} INFO - Processing file /home/airflow/.local/lib/python3.6/site-packages/airflow/example_dags/example_trigger_target_dag.py for tasks to queue
[2025-02-15 14:28:44,706] {logging_mixin.py:104} INFO - [2025-02-15 14:28:44,706] {dagbag.py:496} INFO - Filling up the DagBag from /home/airflow/.local/lib/python3.6/site-packages/airflow/example_dags/example_trigger_target_dag.py
[2025-02-15 14:28:44,721] {scheduler_job.py:643} INFO - DAG(s) dict_keys(['example_trigger_target_dag']) retrieved from /home/airflow/.local/lib/python3.6/site-packages/airflow/example_dags/example_trigger_target_dag.py
[2025-02-15 14:28:44,747] {logging_mixin.py:104} INFO - [2025-02-15 14:28:44,747] {dag.py:1833} INFO - Sync 1 DAGs
[2025-02-15 14:28:44,764] {logging_mixin.py:104} INFO - [2025-02-15 14:28:44,764] {dag.py:2306} INFO - Setting next_dagrun for example_trigger_target_dag to None
[2025-02-15 14:28:44,775] {scheduler_job.py:190} INFO - Processing /home/airflow/.local/lib/python3.6/site-packages/airflow/example_dags/example_trigger_target_dag.py took 0.079 seconds
[2025-02-15 14:29:15,321] {scheduler_job.py:182} INFO - Started process (PID=519) to work on /home/airflow/.local/lib/python3.6/site-packages/airflow/example_dags/example_trigger_target_dag.py
[2025-02-15 14:29:15,323] {scheduler_job.py:633} INFO - Processing file /home/airflow/.local/lib/python3.6/site-packages/airflow/example_dags/example_trigger_target_dag.py for tasks to queue
[2025-02-15 14:29:15,325] {logging_mixin.py:104} INFO - [2025-02-15 14:29:15,324] {dagbag.py:496} INFO - Filling up the DagBag from /home/airflow/.local/lib/python3.6/site-packages/airflow/example_dags/example_trigger_target_dag.py
[2025-02-15 14:29:15,355] {scheduler_job.py:643} INFO - DAG(s) dict_keys(['example_trigger_target_dag']) retrieved from /home/airflow/.local/lib/python3.6/site-packages/airflow/example_dags/example_trigger_target_dag.py
[2025-02-15 14:29:15,397] {logging_mixin.py:104} INFO - [2025-02-15 14:29:15,397] {dag.py:1833} INFO - Sync 1 DAGs
[2025-02-15 14:29:15,426] {logging_mixin.py:104} INFO - [2025-02-15 14:29:15,426] {dag.py:2306} INFO - Setting next_dagrun for example_trigger_target_dag to None
[2025-02-15 14:29:15,446] {scheduler_job.py:190} INFO - Processing /home/airflow/.local/lib/python3.6/site-packages/airflow/example_dags/example_trigger_target_dag.py took 0.135 seconds
[2025-02-15 14:29:45,664] {scheduler_job.py:182} INFO - Started process (PID=571) to work on /home/airflow/.local/lib/python3.6/site-packages/airflow/example_dags/example_trigger_target_dag.py
[2025-02-15 14:29:45,668] {scheduler_job.py:633} INFO - Processing file /home/airflow/.local/lib/python3.6/site-packages/airflow/example_dags/example_trigger_target_dag.py for tasks to queue
[2025-02-15 14:29:45,670] {logging_mixin.py:104} INFO - [2025-02-15 14:29:45,670] {dagbag.py:496} INFO - Filling up the DagBag from /home/airflow/.local/lib/python3.6/site-packages/airflow/example_dags/example_trigger_target_dag.py
[2025-02-15 14:29:45,770] {scheduler_job.py:643} INFO - DAG(s) dict_keys(['example_trigger_target_dag']) retrieved from /home/airflow/.local/lib/python3.6/site-packages/airflow/example_dags/example_trigger_target_dag.py
[2025-02-15 14:29:45,869] {logging_mixin.py:104} INFO - [2025-02-15 14:29:45,869] {dag.py:1833} INFO - Sync 1 DAGs
[2025-02-15 14:29:45,917] {logging_mixin.py:104} INFO - [2025-02-15 14:29:45,917] {dag.py:2306} INFO - Setting next_dagrun for example_trigger_target_dag to None
[2025-02-15 14:29:45,943] {scheduler_job.py:190} INFO - Processing /home/airflow/.local/lib/python3.6/site-packages/airflow/example_dags/example_trigger_target_dag.py took 0.288 seconds
[2025-02-15 14:30:16,364] {scheduler_job.py:182} INFO - Started process (PID=632) to work on /home/airflow/.local/lib/python3.6/site-packages/airflow/example_dags/example_trigger_target_dag.py
[2025-02-15 14:30:16,367] {scheduler_job.py:633} INFO - Processing file /home/airflow/.local/lib/python3.6/site-packages/airflow/example_dags/example_trigger_target_dag.py for tasks to queue
[2025-02-15 14:30:16,369] {logging_mixin.py:104} INFO - [2025-02-15 14:30:16,369] {dagbag.py:496} INFO - Filling up the DagBag from /home/airflow/.local/lib/python3.6/site-packages/airflow/example_dags/example_trigger_target_dag.py
[2025-02-15 14:30:16,404] {scheduler_job.py:643} INFO - DAG(s) dict_keys(['example_trigger_target_dag']) retrieved from /home/airflow/.local/lib/python3.6/site-packages/airflow/example_dags/example_trigger_target_dag.py
[2025-02-15 14:30:16,463] {logging_mixin.py:104} INFO - [2025-02-15 14:30:16,463] {dag.py:1833} INFO - Sync 1 DAGs
[2025-02-15 14:30:16,490] {logging_mixin.py:104} INFO - [2025-02-15 14:30:16,490] {dag.py:2306} INFO - Setting next_dagrun for example_trigger_target_dag to None
[2025-02-15 14:30:16,512] {scheduler_job.py:190} INFO - Processing /home/airflow/.local/lib/python3.6/site-packages/airflow/example_dags/example_trigger_target_dag.py took 0.157 seconds
[2025-02-15 14:30:46,546] {scheduler_job.py:182} INFO - Started process (PID=685) to work on /home/airflow/.local/lib/python3.6/site-packages/airflow/example_dags/example_trigger_target_dag.py
[2025-02-15 14:30:46,547] {scheduler_job.py:633} INFO - Processing file /home/airflow/.local/lib/python3.6/site-packages/airflow/example_dags/example_trigger_target_dag.py for tasks to queue
[2025-02-15 14:30:46,548] {logging_mixin.py:104} INFO - [2025-02-15 14:30:46,548] {dagbag.py:496} INFO - Filling up the DagBag from /home/airflow/.local/lib/python3.6/site-packages/airflow/example_dags/example_trigger_target_dag.py
[2025-02-15 14:30:46,563] {scheduler_job.py:643} INFO - DAG(s) dict_keys(['example_trigger_target_dag']) retrieved from /home/airflow/.local/lib/python3.6/site-packages/airflow/example_dags/example_trigger_target_dag.py
[2025-02-15 14:30:46,593] {logging_mixin.py:104} INFO - [2025-02-15 14:30:46,593] {dag.py:1833} INFO - Sync 1 DAGs
[2025-02-15 14:30:46,610] {logging_mixin.py:104} INFO - [2025-02-15 14:30:46,610] {dag.py:2306} INFO - Setting next_dagrun for example_trigger_target_dag to None
[2025-02-15 14:30:46,624] {scheduler_job.py:190} INFO - Processing /home/airflow/.local/lib/python3.6/site-packages/airflow/example_dags/example_trigger_target_dag.py took 0.082 seconds
[2025-02-15 14:31:16,960] {scheduler_job.py:182} INFO - Started process (PID=737) to work on /home/airflow/.local/lib/python3.6/site-packages/airflow/example_dags/example_trigger_target_dag.py
[2025-02-15 14:31:16,962] {scheduler_job.py:633} INFO - Processing file /home/airflow/.local/lib/python3.6/site-packages/airflow/example_dags/example_trigger_target_dag.py for tasks to queue
[2025-02-15 14:31:16,963] {logging_mixin.py:104} INFO - [2025-02-15 14:31:16,963] {dagbag.py:496} INFO - Filling up the DagBag from /home/airflow/.local/lib/python3.6/site-packages/airflow/example_dags/example_trigger_target_dag.py
[2025-02-15 14:31:16,983] {scheduler_job.py:643} INFO - DAG(s) dict_keys(['example_trigger_target_dag']) retrieved from /home/airflow/.local/lib/python3.6/site-packages/airflow/example_dags/example_trigger_target_dag.py
[2025-02-15 14:31:17,026] {logging_mixin.py:104} INFO - [2025-02-15 14:31:17,026] {dag.py:1833} INFO - Sync 1 DAGs
[2025-02-15 14:31:17,047] {logging_mixin.py:104} INFO - [2025-02-15 14:31:17,047] {dag.py:2306} INFO - Setting next_dagrun for example_trigger_target_dag to None
[2025-02-15 14:31:17,067] {scheduler_job.py:190} INFO - Processing /home/airflow/.local/lib/python3.6/site-packages/airflow/example_dags/example_trigger_target_dag.py took 0.115 seconds
[2025-02-15 14:31:47,242] {scheduler_job.py:182} INFO - Started process (PID=799) to work on /home/airflow/.local/lib/python3.6/site-packages/airflow/example_dags/example_trigger_target_dag.py
[2025-02-15 14:31:47,243] {scheduler_job.py:633} INFO - Processing file /home/airflow/.local/lib/python3.6/site-packages/airflow/example_dags/example_trigger_target_dag.py for tasks to queue
[2025-02-15 14:31:47,244] {logging_mixin.py:104} INFO - [2025-02-15 14:31:47,244] {dagbag.py:496} INFO - Filling up the DagBag from /home/airflow/.local/lib/python3.6/site-packages/airflow/example_dags/example_trigger_target_dag.py
[2025-02-15 14:31:47,263] {scheduler_job.py:643} INFO - DAG(s) dict_keys(['example_trigger_target_dag']) retrieved from /home/airflow/.local/lib/python3.6/site-packages/airflow/example_dags/example_trigger_target_dag.py
[2025-02-15 14:31:47,303] {logging_mixin.py:104} INFO - [2025-02-15 14:31:47,303] {dag.py:1833} INFO - Sync 1 DAGs
[2025-02-15 14:31:47,327] {logging_mixin.py:104} INFO - [2025-02-15 14:31:47,327] {dag.py:2306} INFO - Setting next_dagrun for example_trigger_target_dag to None
[2025-02-15 14:31:47,341] {scheduler_job.py:190} INFO - Processing /home/airflow/.local/lib/python3.6/site-packages/airflow/example_dags/example_trigger_target_dag.py took 0.104 seconds
[2025-02-15 14:32:17,885] {scheduler_job.py:182} INFO - Started process (PID=851) to work on /home/airflow/.local/lib/python3.6/site-packages/airflow/example_dags/example_trigger_target_dag.py
[2025-02-15 14:32:17,887] {scheduler_job.py:633} INFO - Processing file /home/airflow/.local/lib/python3.6/site-packages/airflow/example_dags/example_trigger_target_dag.py for tasks to queue
[2025-02-15 14:32:17,889] {logging_mixin.py:104} INFO - [2025-02-15 14:32:17,889] {dagbag.py:496} INFO - Filling up the DagBag from /home/airflow/.local/lib/python3.6/site-packages/airflow/example_dags/example_trigger_target_dag.py
[2025-02-15 14:32:17,937] {scheduler_job.py:643} INFO - DAG(s) dict_keys(['example_trigger_target_dag']) retrieved from /home/airflow/.local/lib/python3.6/site-packages/airflow/example_dags/example_trigger_target_dag.py
[2025-02-15 14:32:17,991] {logging_mixin.py:104} INFO - [2025-02-15 14:32:17,991] {dag.py:1833} INFO - Sync 1 DAGs
[2025-02-15 14:32:18,023] {logging_mixin.py:104} INFO - [2025-02-15 14:32:18,023] {dag.py:2306} INFO - Setting next_dagrun for example_trigger_target_dag to None
[2025-02-15 14:32:18,040] {scheduler_job.py:190} INFO - Processing /home/airflow/.local/lib/python3.6/site-packages/airflow/example_dags/example_trigger_target_dag.py took 0.166 seconds
[2025-02-15 14:32:48,661] {scheduler_job.py:182} INFO - Started process (PID=903) to work on /home/airflow/.local/lib/python3.6/site-packages/airflow/example_dags/example_trigger_target_dag.py
[2025-02-15 14:32:48,664] {scheduler_job.py:633} INFO - Processing file /home/airflow/.local/lib/python3.6/site-packages/airflow/example_dags/example_trigger_target_dag.py for tasks to queue
[2025-02-15 14:32:48,665] {logging_mixin.py:104} INFO - [2025-02-15 14:32:48,665] {dagbag.py:496} INFO - Filling up the DagBag from /home/airflow/.local/lib/python3.6/site-packages/airflow/example_dags/example_trigger_target_dag.py
[2025-02-15 14:32:48,688] {scheduler_job.py:643} INFO - DAG(s) dict_keys(['example_trigger_target_dag']) retrieved from /home/airflow/.local/lib/python3.6/site-packages/airflow/example_dags/example_trigger_target_dag.py
[2025-02-15 14:32:48,754] {logging_mixin.py:104} INFO - [2025-02-15 14:32:48,754] {dag.py:1833} INFO - Sync 1 DAGs
[2025-02-15 14:32:48,794] {logging_mixin.py:104} INFO - [2025-02-15 14:32:48,794] {dag.py:2306} INFO - Setting next_dagrun for example_trigger_target_dag to None
[2025-02-15 14:32:48,820] {scheduler_job.py:190} INFO - Processing /home/airflow/.local/lib/python3.6/site-packages/airflow/example_dags/example_trigger_target_dag.py took 0.168 seconds
[2025-02-15 14:33:19,177] {scheduler_job.py:182} INFO - Started process (PID=965) to work on /home/airflow/.local/lib/python3.6/site-packages/airflow/example_dags/example_trigger_target_dag.py
[2025-02-15 14:33:19,178] {scheduler_job.py:633} INFO - Processing file /home/airflow/.local/lib/python3.6/site-packages/airflow/example_dags/example_trigger_target_dag.py for tasks to queue
[2025-02-15 14:33:19,179] {logging_mixin.py:104} INFO - [2025-02-15 14:33:19,179] {dagbag.py:496} INFO - Filling up the DagBag from /home/airflow/.local/lib/python3.6/site-packages/airflow/example_dags/example_trigger_target_dag.py
[2025-02-15 14:33:19,197] {scheduler_job.py:643} INFO - DAG(s) dict_keys(['example_trigger_target_dag']) retrieved from /home/airflow/.local/lib/python3.6/site-packages/airflow/example_dags/example_trigger_target_dag.py
[2025-02-15 14:33:19,230] {logging_mixin.py:104} INFO - [2025-02-15 14:33:19,230] {dag.py:1833} INFO - Sync 1 DAGs
[2025-02-15 14:33:19,252] {logging_mixin.py:104} INFO - [2025-02-15 14:33:19,252] {dag.py:2306} INFO - Setting next_dagrun for example_trigger_target_dag to None
[2025-02-15 14:33:19,270] {scheduler_job.py:190} INFO - Processing /home/airflow/.local/lib/python3.6/site-packages/airflow/example_dags/example_trigger_target_dag.py took 0.098 seconds
[2025-02-15 14:33:49,578] {scheduler_job.py:182} INFO - Started process (PID=1017) to work on /home/airflow/.local/lib/python3.6/site-packages/airflow/example_dags/example_trigger_target_dag.py
[2025-02-15 14:33:49,579] {scheduler_job.py:633} INFO - Processing file /home/airflow/.local/lib/python3.6/site-packages/airflow/example_dags/example_trigger_target_dag.py for tasks to queue
[2025-02-15 14:33:49,580] {logging_mixin.py:104} INFO - [2025-02-15 14:33:49,580] {dagbag.py:496} INFO - Filling up the DagBag from /home/airflow/.local/lib/python3.6/site-packages/airflow/example_dags/example_trigger_target_dag.py
[2025-02-15 14:33:49,596] {scheduler_job.py:643} INFO - DAG(s) dict_keys(['example_trigger_target_dag']) retrieved from /home/airflow/.local/lib/python3.6/site-packages/airflow/example_dags/example_trigger_target_dag.py
[2025-02-15 14:33:49,630] {logging_mixin.py:104} INFO - [2025-02-15 14:33:49,630] {dag.py:1833} INFO - Sync 1 DAGs
[2025-02-15 14:33:49,654] {logging_mixin.py:104} INFO - [2025-02-15 14:33:49,654] {dag.py:2306} INFO - Setting next_dagrun for example_trigger_target_dag to None
[2025-02-15 14:33:49,671] {scheduler_job.py:190} INFO - Processing /home/airflow/.local/lib/python3.6/site-packages/airflow/example_dags/example_trigger_target_dag.py took 0.097 seconds
[2025-02-15 14:34:20,116] {scheduler_job.py:182} INFO - Started process (PID=1079) to work on /home/airflow/.local/lib/python3.6/site-packages/airflow/example_dags/example_trigger_target_dag.py
[2025-02-15 14:34:20,117] {scheduler_job.py:633} INFO - Processing file /home/airflow/.local/lib/python3.6/site-packages/airflow/example_dags/example_trigger_target_dag.py for tasks to queue
[2025-02-15 14:34:20,118] {logging_mixin.py:104} INFO - [2025-02-15 14:34:20,118] {dagbag.py:496} INFO - Filling up the DagBag from /home/airflow/.local/lib/python3.6/site-packages/airflow/example_dags/example_trigger_target_dag.py
[2025-02-15 14:34:20,136] {scheduler_job.py:643} INFO - DAG(s) dict_keys(['example_trigger_target_dag']) retrieved from /home/airflow/.local/lib/python3.6/site-packages/airflow/example_dags/example_trigger_target_dag.py
[2025-02-15 14:34:20,171] {logging_mixin.py:104} INFO - [2025-02-15 14:34:20,170] {dag.py:1833} INFO - Sync 1 DAGs
[2025-02-15 14:34:20,194] {logging_mixin.py:104} INFO - [2025-02-15 14:34:20,194] {dag.py:2306} INFO - Setting next_dagrun for example_trigger_target_dag to None
[2025-02-15 14:34:20,215] {scheduler_job.py:190} INFO - Processing /home/airflow/.local/lib/python3.6/site-packages/airflow/example_dags/example_trigger_target_dag.py took 0.104 seconds
[2025-02-15 14:38:24,289] {scheduler_job.py:182} INFO - Started process (PID=1152) to work on /home/airflow/.local/lib/python3.6/site-packages/airflow/example_dags/example_trigger_target_dag.py
[2025-02-15 14:38:24,291] {scheduler_job.py:633} INFO - Processing file /home/airflow/.local/lib/python3.6/site-packages/airflow/example_dags/example_trigger_target_dag.py for tasks to queue
[2025-02-15 14:38:24,292] {logging_mixin.py:104} INFO - [2025-02-15 14:38:24,292] {dagbag.py:496} INFO - Filling up the DagBag from /home/airflow/.local/lib/python3.6/site-packages/airflow/example_dags/example_trigger_target_dag.py
[2025-02-15 14:38:24,319] {scheduler_job.py:643} INFO - DAG(s) dict_keys(['example_trigger_target_dag']) retrieved from /home/airflow/.local/lib/python3.6/site-packages/airflow/example_dags/example_trigger_target_dag.py
[2025-02-15 14:38:24,367] {logging_mixin.py:104} INFO - [2025-02-15 14:38:24,367] {dag.py:1833} INFO - Sync 1 DAGs
[2025-02-15 14:38:24,392] {logging_mixin.py:104} INFO - [2025-02-15 14:38:24,392] {dag.py:2306} INFO - Setting next_dagrun for example_trigger_target_dag to None
[2025-02-15 14:38:24,418] {scheduler_job.py:190} INFO - Processing /home/airflow/.local/lib/python3.6/site-packages/airflow/example_dags/example_trigger_target_dag.py took 0.134 seconds
[2025-02-15 14:38:55,642] {scheduler_job.py:182} INFO - Started process (PID=1213) to work on /home/airflow/.local/lib/python3.6/site-packages/airflow/example_dags/example_trigger_target_dag.py
[2025-02-15 14:38:55,645] {scheduler_job.py:633} INFO - Processing file /home/airflow/.local/lib/python3.6/site-packages/airflow/example_dags/example_trigger_target_dag.py for tasks to queue
[2025-02-15 14:38:55,647] {logging_mixin.py:104} INFO - [2025-02-15 14:38:55,646] {dagbag.py:496} INFO - Filling up the DagBag from /home/airflow/.local/lib/python3.6/site-packages/airflow/example_dags/example_trigger_target_dag.py
[2025-02-15 14:38:55,717] {scheduler_job.py:643} INFO - DAG(s) dict_keys(['example_trigger_target_dag']) retrieved from /home/airflow/.local/lib/python3.6/site-packages/airflow/example_dags/example_trigger_target_dag.py
[2025-02-15 14:38:55,818] {logging_mixin.py:104} INFO - [2025-02-15 14:38:55,818] {dag.py:1833} INFO - Sync 1 DAGs
[2025-02-15 14:38:55,871] {logging_mixin.py:104} INFO - [2025-02-15 14:38:55,869] {dag.py:2306} INFO - Setting next_dagrun for example_trigger_target_dag to None
[2025-02-15 14:38:55,929] {scheduler_job.py:190} INFO - Processing /home/airflow/.local/lib/python3.6/site-packages/airflow/example_dags/example_trigger_target_dag.py took 0.298 seconds
[2025-02-15 14:44:06,779] {scheduler_job.py:182} INFO - Started process (PID=1258) to work on /home/airflow/.local/lib/python3.6/site-packages/airflow/example_dags/example_trigger_target_dag.py
[2025-02-15 14:44:06,782] {scheduler_job.py:633} INFO - Processing file /home/airflow/.local/lib/python3.6/site-packages/airflow/example_dags/example_trigger_target_dag.py for tasks to queue
[2025-02-15 14:44:06,786] {logging_mixin.py:104} INFO - [2025-02-15 14:44:06,785] {dagbag.py:496} INFO - Filling up the DagBag from /home/airflow/.local/lib/python3.6/site-packages/airflow/example_dags/example_trigger_target_dag.py
[2025-02-15 14:44:06,836] {scheduler_job.py:643} INFO - DAG(s) dict_keys(['example_trigger_target_dag']) retrieved from /home/airflow/.local/lib/python3.6/site-packages/airflow/example_dags/example_trigger_target_dag.py
[2025-02-15 14:44:06,924] {logging_mixin.py:104} INFO - [2025-02-15 14:44:06,924] {dag.py:1833} INFO - Sync 1 DAGs
[2025-02-15 14:44:06,964] {logging_mixin.py:104} INFO - [2025-02-15 14:44:06,964] {dag.py:2306} INFO - Setting next_dagrun for example_trigger_target_dag to None
[2025-02-15 14:44:07,004] {scheduler_job.py:190} INFO - Processing /home/airflow/.local/lib/python3.6/site-packages/airflow/example_dags/example_trigger_target_dag.py took 0.231 seconds
[2025-02-15 14:44:37,158] {scheduler_job.py:182} INFO - Started process (PID=1300) to work on /home/airflow/.local/lib/python3.6/site-packages/airflow/example_dags/example_trigger_target_dag.py
[2025-02-15 14:44:37,161] {scheduler_job.py:633} INFO - Processing file /home/airflow/.local/lib/python3.6/site-packages/airflow/example_dags/example_trigger_target_dag.py for tasks to queue
[2025-02-15 14:44:37,164] {logging_mixin.py:104} INFO - [2025-02-15 14:44:37,163] {dagbag.py:496} INFO - Filling up the DagBag from /home/airflow/.local/lib/python3.6/site-packages/airflow/example_dags/example_trigger_target_dag.py
[2025-02-15 14:44:37,207] {scheduler_job.py:643} INFO - DAG(s) dict_keys(['example_trigger_target_dag']) retrieved from /home/airflow/.local/lib/python3.6/site-packages/airflow/example_dags/example_trigger_target_dag.py
[2025-02-15 14:44:37,332] {logging_mixin.py:104} INFO - [2025-02-15 14:44:37,332] {dag.py:1833} INFO - Sync 1 DAGs
[2025-02-15 14:44:37,390] {logging_mixin.py:104} INFO - [2025-02-15 14:44:37,390] {dag.py:2306} INFO - Setting next_dagrun for example_trigger_target_dag to None
[2025-02-15 14:44:37,428] {scheduler_job.py:190} INFO - Processing /home/airflow/.local/lib/python3.6/site-packages/airflow/example_dags/example_trigger_target_dag.py took 0.281 seconds
[2025-02-15 14:46:16,504] {scheduler_job.py:182} INFO - Started process (PID=74) to work on /home/airflow/.local/lib/python3.6/site-packages/airflow/example_dags/example_trigger_target_dag.py
[2025-02-15 14:46:16,514] {scheduler_job.py:633} INFO - Processing file /home/airflow/.local/lib/python3.6/site-packages/airflow/example_dags/example_trigger_target_dag.py for tasks to queue
[2025-02-15 14:46:16,540] {logging_mixin.py:104} INFO - [2025-02-15 14:46:16,539] {dagbag.py:496} INFO - Filling up the DagBag from /home/airflow/.local/lib/python3.6/site-packages/airflow/example_dags/example_trigger_target_dag.py
[2025-02-15 14:46:16,725] {scheduler_job.py:643} INFO - DAG(s) dict_keys(['example_trigger_target_dag']) retrieved from /home/airflow/.local/lib/python3.6/site-packages/airflow/example_dags/example_trigger_target_dag.py
[2025-02-15 14:46:16,925] {logging_mixin.py:104} INFO - [2025-02-15 14:46:16,925] {dag.py:1833} INFO - Sync 1 DAGs
[2025-02-15 14:46:17,233] {logging_mixin.py:104} INFO - [2025-02-15 14:46:17,233] {dag.py:2306} INFO - Setting next_dagrun for example_trigger_target_dag to None
[2025-02-15 14:46:17,353] {scheduler_job.py:190} INFO - Processing /home/airflow/.local/lib/python3.6/site-packages/airflow/example_dags/example_trigger_target_dag.py took 0.932 seconds
[2025-02-15 14:46:47,426] {scheduler_job.py:182} INFO - Started process (PID=124) to work on /home/airflow/.local/lib/python3.6/site-packages/airflow/example_dags/example_trigger_target_dag.py
[2025-02-15 14:46:47,432] {scheduler_job.py:633} INFO - Processing file /home/airflow/.local/lib/python3.6/site-packages/airflow/example_dags/example_trigger_target_dag.py for tasks to queue
[2025-02-15 14:46:47,434] {logging_mixin.py:104} INFO - [2025-02-15 14:46:47,433] {dagbag.py:496} INFO - Filling up the DagBag from /home/airflow/.local/lib/python3.6/site-packages/airflow/example_dags/example_trigger_target_dag.py
[2025-02-15 14:46:47,483] {scheduler_job.py:643} INFO - DAG(s) dict_keys(['example_trigger_target_dag']) retrieved from /home/airflow/.local/lib/python3.6/site-packages/airflow/example_dags/example_trigger_target_dag.py
[2025-02-15 14:46:47,553] {logging_mixin.py:104} INFO - [2025-02-15 14:46:47,553] {dag.py:1833} INFO - Sync 1 DAGs
[2025-02-15 14:46:47,608] {logging_mixin.py:104} INFO - [2025-02-15 14:46:47,608] {dag.py:2306} INFO - Setting next_dagrun for example_trigger_target_dag to None
[2025-02-15 14:46:47,656] {scheduler_job.py:190} INFO - Processing /home/airflow/.local/lib/python3.6/site-packages/airflow/example_dags/example_trigger_target_dag.py took 0.237 seconds
[2025-02-15 14:47:17,794] {scheduler_job.py:182} INFO - Started process (PID=176) to work on /home/airflow/.local/lib/python3.6/site-packages/airflow/example_dags/example_trigger_target_dag.py
[2025-02-15 14:47:17,796] {scheduler_job.py:633} INFO - Processing file /home/airflow/.local/lib/python3.6/site-packages/airflow/example_dags/example_trigger_target_dag.py for tasks to queue
[2025-02-15 14:47:17,797] {logging_mixin.py:104} INFO - [2025-02-15 14:47:17,797] {dagbag.py:496} INFO - Filling up the DagBag from /home/airflow/.local/lib/python3.6/site-packages/airflow/example_dags/example_trigger_target_dag.py
[2025-02-15 14:47:17,824] {scheduler_job.py:643} INFO - DAG(s) dict_keys(['example_trigger_target_dag']) retrieved from /home/airflow/.local/lib/python3.6/site-packages/airflow/example_dags/example_trigger_target_dag.py
[2025-02-15 14:47:17,862] {logging_mixin.py:104} INFO - [2025-02-15 14:47:17,862] {dag.py:1833} INFO - Sync 1 DAGs
[2025-02-15 14:47:17,883] {logging_mixin.py:104} INFO - [2025-02-15 14:47:17,883] {dag.py:2306} INFO - Setting next_dagrun for example_trigger_target_dag to None
[2025-02-15 14:47:17,897] {scheduler_job.py:190} INFO - Processing /home/airflow/.local/lib/python3.6/site-packages/airflow/example_dags/example_trigger_target_dag.py took 0.110 seconds
[2025-02-15 14:47:48,559] {scheduler_job.py:182} INFO - Started process (PID=228) to work on /home/airflow/.local/lib/python3.6/site-packages/airflow/example_dags/example_trigger_target_dag.py
[2025-02-15 14:47:48,561] {scheduler_job.py:633} INFO - Processing file /home/airflow/.local/lib/python3.6/site-packages/airflow/example_dags/example_trigger_target_dag.py for tasks to queue
[2025-02-15 14:47:48,562] {logging_mixin.py:104} INFO - [2025-02-15 14:47:48,562] {dagbag.py:496} INFO - Filling up the DagBag from /home/airflow/.local/lib/python3.6/site-packages/airflow/example_dags/example_trigger_target_dag.py
[2025-02-15 14:47:48,581] {scheduler_job.py:643} INFO - DAG(s) dict_keys(['example_trigger_target_dag']) retrieved from /home/airflow/.local/lib/python3.6/site-packages/airflow/example_dags/example_trigger_target_dag.py
[2025-02-15 14:47:48,616] {logging_mixin.py:104} INFO - [2025-02-15 14:47:48,616] {dag.py:1833} INFO - Sync 1 DAGs
[2025-02-15 14:47:48,636] {logging_mixin.py:104} INFO - [2025-02-15 14:47:48,635] {dag.py:2306} INFO - Setting next_dagrun for example_trigger_target_dag to None
[2025-02-15 14:47:48,658] {scheduler_job.py:190} INFO - Processing /home/airflow/.local/lib/python3.6/site-packages/airflow/example_dags/example_trigger_target_dag.py took 0.104 seconds
[2025-02-15 14:48:19,284] {scheduler_job.py:182} INFO - Started process (PID=280) to work on /home/airflow/.local/lib/python3.6/site-packages/airflow/example_dags/example_trigger_target_dag.py
[2025-02-15 14:48:19,285] {scheduler_job.py:633} INFO - Processing file /home/airflow/.local/lib/python3.6/site-packages/airflow/example_dags/example_trigger_target_dag.py for tasks to queue
[2025-02-15 14:48:19,286] {logging_mixin.py:104} INFO - [2025-02-15 14:48:19,286] {dagbag.py:496} INFO - Filling up the DagBag from /home/airflow/.local/lib/python3.6/site-packages/airflow/example_dags/example_trigger_target_dag.py
[2025-02-15 14:48:19,301] {scheduler_job.py:643} INFO - DAG(s) dict_keys(['example_trigger_target_dag']) retrieved from /home/airflow/.local/lib/python3.6/site-packages/airflow/example_dags/example_trigger_target_dag.py
[2025-02-15 14:48:19,333] {logging_mixin.py:104} INFO - [2025-02-15 14:48:19,333] {dag.py:1833} INFO - Sync 1 DAGs
[2025-02-15 14:48:19,349] {logging_mixin.py:104} INFO - [2025-02-15 14:48:19,349] {dag.py:2306} INFO - Setting next_dagrun for example_trigger_target_dag to None
[2025-02-15 14:48:19,359] {scheduler_job.py:190} INFO - Processing /home/airflow/.local/lib/python3.6/site-packages/airflow/example_dags/example_trigger_target_dag.py took 0.079 seconds
[2025-02-15 14:48:50,168] {scheduler_job.py:182} INFO - Started process (PID=342) to work on /home/airflow/.local/lib/python3.6/site-packages/airflow/example_dags/example_trigger_target_dag.py
[2025-02-15 14:48:50,169] {scheduler_job.py:633} INFO - Processing file /home/airflow/.local/lib/python3.6/site-packages/airflow/example_dags/example_trigger_target_dag.py for tasks to queue
[2025-02-15 14:48:50,170] {logging_mixin.py:104} INFO - [2025-02-15 14:48:50,170] {dagbag.py:496} INFO - Filling up the DagBag from /home/airflow/.local/lib/python3.6/site-packages/airflow/example_dags/example_trigger_target_dag.py
[2025-02-15 14:48:50,186] {scheduler_job.py:643} INFO - DAG(s) dict_keys(['example_trigger_target_dag']) retrieved from /home/airflow/.local/lib/python3.6/site-packages/airflow/example_dags/example_trigger_target_dag.py
[2025-02-15 14:48:50,215] {logging_mixin.py:104} INFO - [2025-02-15 14:48:50,215] {dag.py:1833} INFO - Sync 1 DAGs
[2025-02-15 14:48:50,233] {logging_mixin.py:104} INFO - [2025-02-15 14:48:50,233] {dag.py:2306} INFO - Setting next_dagrun for example_trigger_target_dag to None
[2025-02-15 14:48:50,249] {scheduler_job.py:190} INFO - Processing /home/airflow/.local/lib/python3.6/site-packages/airflow/example_dags/example_trigger_target_dag.py took 0.085 seconds
[2025-02-15 14:49:20,773] {scheduler_job.py:182} INFO - Started process (PID=394) to work on /home/airflow/.local/lib/python3.6/site-packages/airflow/example_dags/example_trigger_target_dag.py
[2025-02-15 14:49:20,775] {scheduler_job.py:633} INFO - Processing file /home/airflow/.local/lib/python3.6/site-packages/airflow/example_dags/example_trigger_target_dag.py for tasks to queue
[2025-02-15 14:49:20,776] {logging_mixin.py:104} INFO - [2025-02-15 14:49:20,776] {dagbag.py:496} INFO - Filling up the DagBag from /home/airflow/.local/lib/python3.6/site-packages/airflow/example_dags/example_trigger_target_dag.py
[2025-02-15 14:49:20,799] {scheduler_job.py:643} INFO - DAG(s) dict_keys(['example_trigger_target_dag']) retrieved from /home/airflow/.local/lib/python3.6/site-packages/airflow/example_dags/example_trigger_target_dag.py
[2025-02-15 14:49:20,844] {logging_mixin.py:104} INFO - [2025-02-15 14:49:20,843] {dag.py:1833} INFO - Sync 1 DAGs
[2025-02-15 14:49:20,869] {logging_mixin.py:104} INFO - [2025-02-15 14:49:20,869] {dag.py:2306} INFO - Setting next_dagrun for example_trigger_target_dag to None
[2025-02-15 14:49:20,888] {scheduler_job.py:190} INFO - Processing /home/airflow/.local/lib/python3.6/site-packages/airflow/example_dags/example_trigger_target_dag.py took 0.120 seconds
[2025-02-15 14:49:51,151] {scheduler_job.py:182} INFO - Started process (PID=455) to work on /home/airflow/.local/lib/python3.6/site-packages/airflow/example_dags/example_trigger_target_dag.py
[2025-02-15 14:49:51,153] {scheduler_job.py:633} INFO - Processing file /home/airflow/.local/lib/python3.6/site-packages/airflow/example_dags/example_trigger_target_dag.py for tasks to queue
[2025-02-15 14:49:51,155] {logging_mixin.py:104} INFO - [2025-02-15 14:49:51,154] {dagbag.py:496} INFO - Filling up the DagBag from /home/airflow/.local/lib/python3.6/site-packages/airflow/example_dags/example_trigger_target_dag.py
[2025-02-15 14:49:51,172] {scheduler_job.py:643} INFO - DAG(s) dict_keys(['example_trigger_target_dag']) retrieved from /home/airflow/.local/lib/python3.6/site-packages/airflow/example_dags/example_trigger_target_dag.py
[2025-02-15 14:49:51,207] {logging_mixin.py:104} INFO - [2025-02-15 14:49:51,207] {dag.py:1833} INFO - Sync 1 DAGs
[2025-02-15 14:49:51,227] {logging_mixin.py:104} INFO - [2025-02-15 14:49:51,227] {dag.py:2306} INFO - Setting next_dagrun for example_trigger_target_dag to None
[2025-02-15 14:49:51,249] {scheduler_job.py:190} INFO - Processing /home/airflow/.local/lib/python3.6/site-packages/airflow/example_dags/example_trigger_target_dag.py took 0.102 seconds
[2025-02-15 14:50:21,944] {scheduler_job.py:182} INFO - Started process (PID=508) to work on /home/airflow/.local/lib/python3.6/site-packages/airflow/example_dags/example_trigger_target_dag.py
[2025-02-15 14:50:21,945] {scheduler_job.py:633} INFO - Processing file /home/airflow/.local/lib/python3.6/site-packages/airflow/example_dags/example_trigger_target_dag.py for tasks to queue
[2025-02-15 14:50:21,945] {logging_mixin.py:104} INFO - [2025-02-15 14:50:21,945] {dagbag.py:496} INFO - Filling up the DagBag from /home/airflow/.local/lib/python3.6/site-packages/airflow/example_dags/example_trigger_target_dag.py
[2025-02-15 14:50:21,959] {scheduler_job.py:643} INFO - DAG(s) dict_keys(['example_trigger_target_dag']) retrieved from /home/airflow/.local/lib/python3.6/site-packages/airflow/example_dags/example_trigger_target_dag.py
[2025-02-15 14:50:21,987] {logging_mixin.py:104} INFO - [2025-02-15 14:50:21,986] {dag.py:1833} INFO - Sync 1 DAGs
[2025-02-15 14:50:22,004] {logging_mixin.py:104} INFO - [2025-02-15 14:50:22,004] {dag.py:2306} INFO - Setting next_dagrun for example_trigger_target_dag to None
[2025-02-15 14:50:22,019] {scheduler_job.py:190} INFO - Processing /home/airflow/.local/lib/python3.6/site-packages/airflow/example_dags/example_trigger_target_dag.py took 0.078 seconds
[2025-02-15 14:50:52,113] {scheduler_job.py:182} INFO - Started process (PID=559) to work on /home/airflow/.local/lib/python3.6/site-packages/airflow/example_dags/example_trigger_target_dag.py
[2025-02-15 14:50:52,114] {scheduler_job.py:633} INFO - Processing file /home/airflow/.local/lib/python3.6/site-packages/airflow/example_dags/example_trigger_target_dag.py for tasks to queue
[2025-02-15 14:50:52,115] {logging_mixin.py:104} INFO - [2025-02-15 14:50:52,115] {dagbag.py:496} INFO - Filling up the DagBag from /home/airflow/.local/lib/python3.6/site-packages/airflow/example_dags/example_trigger_target_dag.py
[2025-02-15 14:50:52,131] {scheduler_job.py:643} INFO - DAG(s) dict_keys(['example_trigger_target_dag']) retrieved from /home/airflow/.local/lib/python3.6/site-packages/airflow/example_dags/example_trigger_target_dag.py
[2025-02-15 14:50:52,164] {logging_mixin.py:104} INFO - [2025-02-15 14:50:52,164] {dag.py:1833} INFO - Sync 1 DAGs
[2025-02-15 14:50:52,184] {logging_mixin.py:104} INFO - [2025-02-15 14:50:52,184] {dag.py:2306} INFO - Setting next_dagrun for example_trigger_target_dag to None
[2025-02-15 14:50:52,205] {scheduler_job.py:190} INFO - Processing /home/airflow/.local/lib/python3.6/site-packages/airflow/example_dags/example_trigger_target_dag.py took 0.096 seconds
[2025-02-15 14:51:22,354] {scheduler_job.py:182} INFO - Started process (PID=621) to work on /home/airflow/.local/lib/python3.6/site-packages/airflow/example_dags/example_trigger_target_dag.py
[2025-02-15 14:51:22,355] {scheduler_job.py:633} INFO - Processing file /home/airflow/.local/lib/python3.6/site-packages/airflow/example_dags/example_trigger_target_dag.py for tasks to queue
[2025-02-15 14:51:22,356] {logging_mixin.py:104} INFO - [2025-02-15 14:51:22,356] {dagbag.py:496} INFO - Filling up the DagBag from /home/airflow/.local/lib/python3.6/site-packages/airflow/example_dags/example_trigger_target_dag.py
[2025-02-15 14:51:22,380] {scheduler_job.py:643} INFO - DAG(s) dict_keys(['example_trigger_target_dag']) retrieved from /home/airflow/.local/lib/python3.6/site-packages/airflow/example_dags/example_trigger_target_dag.py
[2025-02-15 14:51:22,430] {logging_mixin.py:104} INFO - [2025-02-15 14:51:22,430] {dag.py:1833} INFO - Sync 1 DAGs
[2025-02-15 14:51:22,459] {logging_mixin.py:104} INFO - [2025-02-15 14:51:22,459] {dag.py:2306} INFO - Setting next_dagrun for example_trigger_target_dag to None
[2025-02-15 14:51:22,492] {scheduler_job.py:190} INFO - Processing /home/airflow/.local/lib/python3.6/site-packages/airflow/example_dags/example_trigger_target_dag.py took 0.143 seconds
[2025-02-15 14:51:52,736] {scheduler_job.py:182} INFO - Started process (PID=674) to work on /home/airflow/.local/lib/python3.6/site-packages/airflow/example_dags/example_trigger_target_dag.py
[2025-02-15 14:51:52,737] {scheduler_job.py:633} INFO - Processing file /home/airflow/.local/lib/python3.6/site-packages/airflow/example_dags/example_trigger_target_dag.py for tasks to queue
[2025-02-15 14:51:52,738] {logging_mixin.py:104} INFO - [2025-02-15 14:51:52,737] {dagbag.py:496} INFO - Filling up the DagBag from /home/airflow/.local/lib/python3.6/site-packages/airflow/example_dags/example_trigger_target_dag.py
[2025-02-15 14:51:52,752] {scheduler_job.py:643} INFO - DAG(s) dict_keys(['example_trigger_target_dag']) retrieved from /home/airflow/.local/lib/python3.6/site-packages/airflow/example_dags/example_trigger_target_dag.py
[2025-02-15 14:51:52,777] {logging_mixin.py:104} INFO - [2025-02-15 14:51:52,777] {dag.py:1833} INFO - Sync 1 DAGs
[2025-02-15 14:51:52,792] {logging_mixin.py:104} INFO - [2025-02-15 14:51:52,791] {dag.py:2306} INFO - Setting next_dagrun for example_trigger_target_dag to None
[2025-02-15 14:51:52,809] {scheduler_job.py:190} INFO - Processing /home/airflow/.local/lib/python3.6/site-packages/airflow/example_dags/example_trigger_target_dag.py took 0.078 seconds
[2025-02-15 15:12:39,921] {scheduler_job.py:182} INFO - Started process (PID=733) to work on /home/airflow/.local/lib/python3.6/site-packages/airflow/example_dags/example_trigger_target_dag.py
[2025-02-15 15:12:39,949] {scheduler_job.py:633} INFO - Processing file /home/airflow/.local/lib/python3.6/site-packages/airflow/example_dags/example_trigger_target_dag.py for tasks to queue
[2025-02-15 15:12:39,950] {logging_mixin.py:104} INFO - [2025-02-15 15:12:39,950] {dagbag.py:496} INFO - Filling up the DagBag from /home/airflow/.local/lib/python3.6/site-packages/airflow/example_dags/example_trigger_target_dag.py
[2025-02-15 15:12:39,974] {scheduler_job.py:643} INFO - DAG(s) dict_keys(['example_trigger_target_dag']) retrieved from /home/airflow/.local/lib/python3.6/site-packages/airflow/example_dags/example_trigger_target_dag.py
[2025-02-15 15:12:40,043] {logging_mixin.py:104} INFO - [2025-02-15 15:12:40,043] {dag.py:1833} INFO - Sync 1 DAGs
[2025-02-15 15:12:40,072] {logging_mixin.py:104} INFO - [2025-02-15 15:12:40,072] {dag.py:2306} INFO - Setting next_dagrun for example_trigger_target_dag to None
[2025-02-15 15:12:40,130] {scheduler_job.py:190} INFO - Processing /home/airflow/.local/lib/python3.6/site-packages/airflow/example_dags/example_trigger_target_dag.py took 0.215 seconds
[2025-02-15 15:13:11,198] {scheduler_job.py:182} INFO - Started process (PID=786) to work on /home/airflow/.local/lib/python3.6/site-packages/airflow/example_dags/example_trigger_target_dag.py
[2025-02-15 15:13:11,201] {scheduler_job.py:633} INFO - Processing file /home/airflow/.local/lib/python3.6/site-packages/airflow/example_dags/example_trigger_target_dag.py for tasks to queue
[2025-02-15 15:13:11,203] {logging_mixin.py:104} INFO - [2025-02-15 15:13:11,203] {dagbag.py:496} INFO - Filling up the DagBag from /home/airflow/.local/lib/python3.6/site-packages/airflow/example_dags/example_trigger_target_dag.py
[2025-02-15 15:13:11,274] {scheduler_job.py:643} INFO - DAG(s) dict_keys(['example_trigger_target_dag']) retrieved from /home/airflow/.local/lib/python3.6/site-packages/airflow/example_dags/example_trigger_target_dag.py
[2025-02-15 15:13:11,375] {logging_mixin.py:104} INFO - [2025-02-15 15:13:11,374] {dag.py:1833} INFO - Sync 1 DAGs
[2025-02-15 15:13:11,428] {logging_mixin.py:104} INFO - [2025-02-15 15:13:11,428] {dag.py:2306} INFO - Setting next_dagrun for example_trigger_target_dag to None
[2025-02-15 15:13:11,465] {scheduler_job.py:190} INFO - Processing /home/airflow/.local/lib/python3.6/site-packages/airflow/example_dags/example_trigger_target_dag.py took 0.281 seconds
[2025-02-15 15:20:38,457] {scheduler_job.py:182} INFO - Started process (PID=83) to work on /home/airflow/.local/lib/python3.6/site-packages/airflow/example_dags/example_trigger_target_dag.py
[2025-02-15 15:20:38,461] {scheduler_job.py:633} INFO - Processing file /home/airflow/.local/lib/python3.6/site-packages/airflow/example_dags/example_trigger_target_dag.py for tasks to queue
[2025-02-15 15:20:38,463] {logging_mixin.py:104} INFO - [2025-02-15 15:20:38,462] {dagbag.py:496} INFO - Filling up the DagBag from /home/airflow/.local/lib/python3.6/site-packages/airflow/example_dags/example_trigger_target_dag.py
[2025-02-15 15:20:38,564] {scheduler_job.py:643} INFO - DAG(s) dict_keys(['example_trigger_target_dag']) retrieved from /home/airflow/.local/lib/python3.6/site-packages/airflow/example_dags/example_trigger_target_dag.py
[2025-02-15 15:20:38,695] {logging_mixin.py:104} INFO - [2025-02-15 15:20:38,695] {dag.py:1833} INFO - Sync 1 DAGs
[2025-02-15 15:20:38,758] {logging_mixin.py:104} INFO - [2025-02-15 15:20:38,757] {dag.py:2306} INFO - Setting next_dagrun for example_trigger_target_dag to None
[2025-02-15 15:20:38,857] {scheduler_job.py:190} INFO - Processing /home/airflow/.local/lib/python3.6/site-packages/airflow/example_dags/example_trigger_target_dag.py took 0.431 seconds
[2025-02-15 15:21:09,939] {scheduler_job.py:182} INFO - Started process (PID=134) to work on /home/airflow/.local/lib/python3.6/site-packages/airflow/example_dags/example_trigger_target_dag.py
[2025-02-15 15:21:09,979] {scheduler_job.py:633} INFO - Processing file /home/airflow/.local/lib/python3.6/site-packages/airflow/example_dags/example_trigger_target_dag.py for tasks to queue
[2025-02-15 15:21:09,981] {logging_mixin.py:104} INFO - [2025-02-15 15:21:09,981] {dagbag.py:496} INFO - Filling up the DagBag from /home/airflow/.local/lib/python3.6/site-packages/airflow/example_dags/example_trigger_target_dag.py
[2025-02-15 15:21:10,237] {scheduler_job.py:643} INFO - DAG(s) dict_keys(['example_trigger_target_dag']) retrieved from /home/airflow/.local/lib/python3.6/site-packages/airflow/example_dags/example_trigger_target_dag.py
[2025-02-15 15:21:10,921] {logging_mixin.py:104} INFO - [2025-02-15 15:21:10,920] {dag.py:1833} INFO - Sync 1 DAGs
[2025-02-15 15:21:11,229] {logging_mixin.py:104} INFO - [2025-02-15 15:21:11,228] {dag.py:2306} INFO - Setting next_dagrun for example_trigger_target_dag to None
[2025-02-15 15:21:11,416] {scheduler_job.py:190} INFO - Processing /home/airflow/.local/lib/python3.6/site-packages/airflow/example_dags/example_trigger_target_dag.py took 1.467 seconds
[2025-02-15 15:21:55,312] {scheduler_job.py:182} INFO - Started process (PID=186) to work on /home/airflow/.local/lib/python3.6/site-packages/airflow/example_dags/example_trigger_target_dag.py
[2025-02-15 15:21:55,326] {scheduler_job.py:633} INFO - Processing file /home/airflow/.local/lib/python3.6/site-packages/airflow/example_dags/example_trigger_target_dag.py for tasks to queue
[2025-02-15 15:21:55,328] {logging_mixin.py:104} INFO - [2025-02-15 15:21:55,328] {dagbag.py:496} INFO - Filling up the DagBag from /home/airflow/.local/lib/python3.6/site-packages/airflow/example_dags/example_trigger_target_dag.py
[2025-02-15 15:21:55,676] {scheduler_job.py:643} INFO - DAG(s) dict_keys(['example_trigger_target_dag']) retrieved from /home/airflow/.local/lib/python3.6/site-packages/airflow/example_dags/example_trigger_target_dag.py
[2025-02-15 15:21:56,138] {logging_mixin.py:104} INFO - [2025-02-15 15:21:56,137] {dag.py:1833} INFO - Sync 1 DAGs
[2025-02-15 15:21:56,678] {logging_mixin.py:104} INFO - [2025-02-15 15:21:56,678] {dag.py:2306} INFO - Setting next_dagrun for example_trigger_target_dag to None
[2025-02-15 15:21:56,851] {scheduler_job.py:190} INFO - Processing /home/airflow/.local/lib/python3.6/site-packages/airflow/example_dags/example_trigger_target_dag.py took 1.677 seconds
