[2025-02-15 13:54:11,162] {scheduler_job.py:182} INFO - Started process (PID=69) to work on /home/airflow/.local/lib/python3.6/site-packages/airflow/example_dags/example_short_circuit_operator.py
[2025-02-15 13:54:11,169] {scheduler_job.py:633} INFO - Processing file /home/airflow/.local/lib/python3.6/site-packages/airflow/example_dags/example_short_circuit_operator.py for tasks to queue
[2025-02-15 13:54:11,175] {logging_mixin.py:104} INFO - [2025-02-15 13:54:11,174] {dagbag.py:496} INFO - Filling up the DagBag from /home/airflow/.local/lib/python3.6/site-packages/airflow/example_dags/example_short_circuit_operator.py
[2025-02-15 13:54:11,306] {scheduler_job.py:643} INFO - DAG(s) dict_keys(['example_short_circuit_operator']) retrieved from /home/airflow/.local/lib/python3.6/site-packages/airflow/example_dags/example_short_circuit_operator.py
[2025-02-15 13:54:13,453] {logging_mixin.py:104} INFO - [2025-02-15 13:54:13,452] {dag.py:1833} INFO - Sync 1 DAGs
[2025-02-15 13:54:13,592] {logging_mixin.py:104} INFO - [2025-02-15 13:54:13,592] {dag.py:2306} INFO - Setting next_dagrun for example_short_circuit_operator to 2025-02-13 00:00:00+00:00
[2025-02-15 13:54:13,732] {scheduler_job.py:190} INFO - Processing /home/airflow/.local/lib/python3.6/site-packages/airflow/example_dags/example_short_circuit_operator.py took 2.605 seconds
[2025-02-15 13:54:44,061] {scheduler_job.py:182} INFO - Started process (PID=117) to work on /home/airflow/.local/lib/python3.6/site-packages/airflow/example_dags/example_short_circuit_operator.py
[2025-02-15 13:54:44,080] {scheduler_job.py:633} INFO - Processing file /home/airflow/.local/lib/python3.6/site-packages/airflow/example_dags/example_short_circuit_operator.py for tasks to queue
[2025-02-15 13:54:44,082] {logging_mixin.py:104} INFO - [2025-02-15 13:54:44,081] {dagbag.py:496} INFO - Filling up the DagBag from /home/airflow/.local/lib/python3.6/site-packages/airflow/example_dags/example_short_circuit_operator.py
[2025-02-15 13:54:44,187] {scheduler_job.py:643} INFO - DAG(s) dict_keys(['example_short_circuit_operator']) retrieved from /home/airflow/.local/lib/python3.6/site-packages/airflow/example_dags/example_short_circuit_operator.py
[2025-02-15 13:54:44,438] {logging_mixin.py:104} INFO - [2025-02-15 13:54:44,437] {dag.py:1833} INFO - Sync 1 DAGs
[2025-02-15 13:54:44,555] {logging_mixin.py:104} INFO - [2025-02-15 13:54:44,555] {dag.py:2306} INFO - Setting next_dagrun for example_short_circuit_operator to 2025-02-13 00:00:00+00:00
[2025-02-15 13:54:44,637] {scheduler_job.py:190} INFO - Processing /home/airflow/.local/lib/python3.6/site-packages/airflow/example_dags/example_short_circuit_operator.py took 0.588 seconds
[2025-02-15 13:55:23,272] {scheduler_job.py:182} INFO - Started process (PID=168) to work on /home/airflow/.local/lib/python3.6/site-packages/airflow/example_dags/example_short_circuit_operator.py
[2025-02-15 13:55:23,301] {scheduler_job.py:633} INFO - Processing file /home/airflow/.local/lib/python3.6/site-packages/airflow/example_dags/example_short_circuit_operator.py for tasks to queue
[2025-02-15 13:55:23,308] {logging_mixin.py:104} INFO - [2025-02-15 13:55:23,308] {dagbag.py:496} INFO - Filling up the DagBag from /home/airflow/.local/lib/python3.6/site-packages/airflow/example_dags/example_short_circuit_operator.py
[2025-02-15 13:55:23,518] {scheduler_job.py:643} INFO - DAG(s) dict_keys(['example_short_circuit_operator']) retrieved from /home/airflow/.local/lib/python3.6/site-packages/airflow/example_dags/example_short_circuit_operator.py
[2025-02-15 13:55:23,779] {logging_mixin.py:104} INFO - [2025-02-15 13:55:23,778] {dag.py:1833} INFO - Sync 1 DAGs
[2025-02-15 13:55:23,860] {logging_mixin.py:104} INFO - [2025-02-15 13:55:23,860] {dag.py:2306} INFO - Setting next_dagrun for example_short_circuit_operator to 2025-02-13 00:00:00+00:00
[2025-02-15 13:55:23,926] {scheduler_job.py:190} INFO - Processing /home/airflow/.local/lib/python3.6/site-packages/airflow/example_dags/example_short_circuit_operator.py took 0.682 seconds
[2025-02-15 13:55:54,254] {scheduler_job.py:182} INFO - Started process (PID=219) to work on /home/airflow/.local/lib/python3.6/site-packages/airflow/example_dags/example_short_circuit_operator.py
[2025-02-15 13:55:54,257] {scheduler_job.py:633} INFO - Processing file /home/airflow/.local/lib/python3.6/site-packages/airflow/example_dags/example_short_circuit_operator.py for tasks to queue
[2025-02-15 13:55:54,259] {logging_mixin.py:104} INFO - [2025-02-15 13:55:54,258] {dagbag.py:496} INFO - Filling up the DagBag from /home/airflow/.local/lib/python3.6/site-packages/airflow/example_dags/example_short_circuit_operator.py
[2025-02-15 13:55:54,293] {scheduler_job.py:643} INFO - DAG(s) dict_keys(['example_short_circuit_operator']) retrieved from /home/airflow/.local/lib/python3.6/site-packages/airflow/example_dags/example_short_circuit_operator.py
[2025-02-15 13:55:54,336] {logging_mixin.py:104} INFO - [2025-02-15 13:55:54,336] {dag.py:1833} INFO - Sync 1 DAGs
[2025-02-15 13:55:54,362] {logging_mixin.py:104} INFO - [2025-02-15 13:55:54,361] {dag.py:2306} INFO - Setting next_dagrun for example_short_circuit_operator to 2025-02-13 00:00:00+00:00
[2025-02-15 13:55:54,381] {scheduler_job.py:190} INFO - Processing /home/airflow/.local/lib/python3.6/site-packages/airflow/example_dags/example_short_circuit_operator.py took 0.138 seconds
[2025-02-15 13:56:24,799] {scheduler_job.py:182} INFO - Started process (PID=280) to work on /home/airflow/.local/lib/python3.6/site-packages/airflow/example_dags/example_short_circuit_operator.py
[2025-02-15 13:56:24,804] {scheduler_job.py:633} INFO - Processing file /home/airflow/.local/lib/python3.6/site-packages/airflow/example_dags/example_short_circuit_operator.py for tasks to queue
[2025-02-15 13:56:24,806] {logging_mixin.py:104} INFO - [2025-02-15 13:56:24,806] {dagbag.py:496} INFO - Filling up the DagBag from /home/airflow/.local/lib/python3.6/site-packages/airflow/example_dags/example_short_circuit_operator.py
[2025-02-15 13:56:24,839] {scheduler_job.py:643} INFO - DAG(s) dict_keys(['example_short_circuit_operator']) retrieved from /home/airflow/.local/lib/python3.6/site-packages/airflow/example_dags/example_short_circuit_operator.py
[2025-02-15 13:56:24,915] {logging_mixin.py:104} INFO - [2025-02-15 13:56:24,914] {dag.py:1833} INFO - Sync 1 DAGs
[2025-02-15 13:56:24,949] {logging_mixin.py:104} INFO - [2025-02-15 13:56:24,949] {dag.py:2306} INFO - Setting next_dagrun for example_short_circuit_operator to 2025-02-13 00:00:00+00:00
[2025-02-15 13:56:24,981] {scheduler_job.py:190} INFO - Processing /home/airflow/.local/lib/python3.6/site-packages/airflow/example_dags/example_short_circuit_operator.py took 0.189 seconds
[2025-02-15 13:56:55,267] {scheduler_job.py:182} INFO - Started process (PID=331) to work on /home/airflow/.local/lib/python3.6/site-packages/airflow/example_dags/example_short_circuit_operator.py
[2025-02-15 13:56:55,272] {scheduler_job.py:633} INFO - Processing file /home/airflow/.local/lib/python3.6/site-packages/airflow/example_dags/example_short_circuit_operator.py for tasks to queue
[2025-02-15 13:56:55,275] {logging_mixin.py:104} INFO - [2025-02-15 13:56:55,275] {dagbag.py:496} INFO - Filling up the DagBag from /home/airflow/.local/lib/python3.6/site-packages/airflow/example_dags/example_short_circuit_operator.py
[2025-02-15 13:56:55,323] {scheduler_job.py:643} INFO - DAG(s) dict_keys(['example_short_circuit_operator']) retrieved from /home/airflow/.local/lib/python3.6/site-packages/airflow/example_dags/example_short_circuit_operator.py
[2025-02-15 13:56:55,395] {logging_mixin.py:104} INFO - [2025-02-15 13:56:55,395] {dag.py:1833} INFO - Sync 1 DAGs
[2025-02-15 13:56:55,447] {logging_mixin.py:104} INFO - [2025-02-15 13:56:55,447] {dag.py:2306} INFO - Setting next_dagrun for example_short_circuit_operator to 2025-02-13 00:00:00+00:00
[2025-02-15 13:56:55,479] {scheduler_job.py:190} INFO - Processing /home/airflow/.local/lib/python3.6/site-packages/airflow/example_dags/example_short_circuit_operator.py took 0.221 seconds
[2025-02-15 13:57:25,762] {scheduler_job.py:182} INFO - Started process (PID=382) to work on /home/airflow/.local/lib/python3.6/site-packages/airflow/example_dags/example_short_circuit_operator.py
[2025-02-15 13:57:25,763] {scheduler_job.py:633} INFO - Processing file /home/airflow/.local/lib/python3.6/site-packages/airflow/example_dags/example_short_circuit_operator.py for tasks to queue
[2025-02-15 13:57:25,765] {logging_mixin.py:104} INFO - [2025-02-15 13:57:25,764] {dagbag.py:496} INFO - Filling up the DagBag from /home/airflow/.local/lib/python3.6/site-packages/airflow/example_dags/example_short_circuit_operator.py
[2025-02-15 13:57:25,785] {scheduler_job.py:643} INFO - DAG(s) dict_keys(['example_short_circuit_operator']) retrieved from /home/airflow/.local/lib/python3.6/site-packages/airflow/example_dags/example_short_circuit_operator.py
[2025-02-15 13:57:25,947] {logging_mixin.py:104} INFO - [2025-02-15 13:57:25,947] {dag.py:1833} INFO - Sync 1 DAGs
[2025-02-15 13:57:26,058] {logging_mixin.py:104} INFO - [2025-02-15 13:57:26,057] {dag.py:2306} INFO - Setting next_dagrun for example_short_circuit_operator to 2025-02-13 00:00:00+00:00
[2025-02-15 13:57:26,097] {scheduler_job.py:190} INFO - Processing /home/airflow/.local/lib/python3.6/site-packages/airflow/example_dags/example_short_circuit_operator.py took 0.339 seconds
[2025-02-15 13:57:57,114] {scheduler_job.py:182} INFO - Started process (PID=433) to work on /home/airflow/.local/lib/python3.6/site-packages/airflow/example_dags/example_short_circuit_operator.py
[2025-02-15 13:57:57,116] {scheduler_job.py:633} INFO - Processing file /home/airflow/.local/lib/python3.6/site-packages/airflow/example_dags/example_short_circuit_operator.py for tasks to queue
[2025-02-15 13:57:57,118] {logging_mixin.py:104} INFO - [2025-02-15 13:57:57,117] {dagbag.py:496} INFO - Filling up the DagBag from /home/airflow/.local/lib/python3.6/site-packages/airflow/example_dags/example_short_circuit_operator.py
[2025-02-15 13:57:57,144] {scheduler_job.py:643} INFO - DAG(s) dict_keys(['example_short_circuit_operator']) retrieved from /home/airflow/.local/lib/python3.6/site-packages/airflow/example_dags/example_short_circuit_operator.py
[2025-02-15 13:57:57,186] {logging_mixin.py:104} INFO - [2025-02-15 13:57:57,185] {dag.py:1833} INFO - Sync 1 DAGs
[2025-02-15 13:57:57,221] {logging_mixin.py:104} INFO - [2025-02-15 13:57:57,221] {dag.py:2306} INFO - Setting next_dagrun for example_short_circuit_operator to 2025-02-13 00:00:00+00:00
[2025-02-15 13:57:57,244] {scheduler_job.py:190} INFO - Processing /home/airflow/.local/lib/python3.6/site-packages/airflow/example_dags/example_short_circuit_operator.py took 0.136 seconds
[2025-02-15 13:58:27,688] {scheduler_job.py:182} INFO - Started process (PID=484) to work on /home/airflow/.local/lib/python3.6/site-packages/airflow/example_dags/example_short_circuit_operator.py
[2025-02-15 13:58:27,692] {scheduler_job.py:633} INFO - Processing file /home/airflow/.local/lib/python3.6/site-packages/airflow/example_dags/example_short_circuit_operator.py for tasks to queue
[2025-02-15 13:58:27,695] {logging_mixin.py:104} INFO - [2025-02-15 13:58:27,694] {dagbag.py:496} INFO - Filling up the DagBag from /home/airflow/.local/lib/python3.6/site-packages/airflow/example_dags/example_short_circuit_operator.py
[2025-02-15 13:58:27,733] {scheduler_job.py:643} INFO - DAG(s) dict_keys(['example_short_circuit_operator']) retrieved from /home/airflow/.local/lib/python3.6/site-packages/airflow/example_dags/example_short_circuit_operator.py
[2025-02-15 13:58:27,800] {logging_mixin.py:104} INFO - [2025-02-15 13:58:27,800] {dag.py:1833} INFO - Sync 1 DAGs
[2025-02-15 13:58:27,828] {logging_mixin.py:104} INFO - [2025-02-15 13:58:27,828] {dag.py:2306} INFO - Setting next_dagrun for example_short_circuit_operator to 2025-02-13 00:00:00+00:00
[2025-02-15 13:58:27,848] {scheduler_job.py:190} INFO - Processing /home/airflow/.local/lib/python3.6/site-packages/airflow/example_dags/example_short_circuit_operator.py took 0.171 seconds
[2025-02-15 13:58:58,080] {scheduler_job.py:182} INFO - Started process (PID=546) to work on /home/airflow/.local/lib/python3.6/site-packages/airflow/example_dags/example_short_circuit_operator.py
[2025-02-15 13:58:58,082] {scheduler_job.py:633} INFO - Processing file /home/airflow/.local/lib/python3.6/site-packages/airflow/example_dags/example_short_circuit_operator.py for tasks to queue
[2025-02-15 13:58:58,083] {logging_mixin.py:104} INFO - [2025-02-15 13:58:58,082] {dagbag.py:496} INFO - Filling up the DagBag from /home/airflow/.local/lib/python3.6/site-packages/airflow/example_dags/example_short_circuit_operator.py
[2025-02-15 13:58:58,102] {scheduler_job.py:643} INFO - DAG(s) dict_keys(['example_short_circuit_operator']) retrieved from /home/airflow/.local/lib/python3.6/site-packages/airflow/example_dags/example_short_circuit_operator.py
[2025-02-15 13:58:58,143] {logging_mixin.py:104} INFO - [2025-02-15 13:58:58,143] {dag.py:1833} INFO - Sync 1 DAGs
[2025-02-15 13:58:58,173] {logging_mixin.py:104} INFO - [2025-02-15 13:58:58,172] {dag.py:2306} INFO - Setting next_dagrun for example_short_circuit_operator to 2025-02-13 00:00:00+00:00
[2025-02-15 13:58:58,193] {scheduler_job.py:190} INFO - Processing /home/airflow/.local/lib/python3.6/site-packages/airflow/example_dags/example_short_circuit_operator.py took 0.118 seconds
[2025-02-15 13:59:28,869] {scheduler_job.py:182} INFO - Started process (PID=605) to work on /home/airflow/.local/lib/python3.6/site-packages/airflow/example_dags/example_short_circuit_operator.py
[2025-02-15 13:59:28,870] {scheduler_job.py:633} INFO - Processing file /home/airflow/.local/lib/python3.6/site-packages/airflow/example_dags/example_short_circuit_operator.py for tasks to queue
[2025-02-15 13:59:28,870] {logging_mixin.py:104} INFO - [2025-02-15 13:59:28,870] {dagbag.py:496} INFO - Filling up the DagBag from /home/airflow/.local/lib/python3.6/site-packages/airflow/example_dags/example_short_circuit_operator.py
[2025-02-15 13:59:28,885] {scheduler_job.py:643} INFO - DAG(s) dict_keys(['example_short_circuit_operator']) retrieved from /home/airflow/.local/lib/python3.6/site-packages/airflow/example_dags/example_short_circuit_operator.py
[2025-02-15 13:59:28,913] {logging_mixin.py:104} INFO - [2025-02-15 13:59:28,913] {dag.py:1833} INFO - Sync 1 DAGs
[2025-02-15 13:59:28,931] {logging_mixin.py:104} INFO - [2025-02-15 13:59:28,931] {dag.py:2306} INFO - Setting next_dagrun for example_short_circuit_operator to 2025-02-13 00:00:00+00:00
[2025-02-15 13:59:28,949] {scheduler_job.py:190} INFO - Processing /home/airflow/.local/lib/python3.6/site-packages/airflow/example_dags/example_short_circuit_operator.py took 0.084 seconds
[2025-02-15 13:59:59,334] {scheduler_job.py:182} INFO - Started process (PID=660) to work on /home/airflow/.local/lib/python3.6/site-packages/airflow/example_dags/example_short_circuit_operator.py
[2025-02-15 13:59:59,335] {scheduler_job.py:633} INFO - Processing file /home/airflow/.local/lib/python3.6/site-packages/airflow/example_dags/example_short_circuit_operator.py for tasks to queue
[2025-02-15 13:59:59,336] {logging_mixin.py:104} INFO - [2025-02-15 13:59:59,336] {dagbag.py:496} INFO - Filling up the DagBag from /home/airflow/.local/lib/python3.6/site-packages/airflow/example_dags/example_short_circuit_operator.py
[2025-02-15 13:59:59,351] {scheduler_job.py:643} INFO - DAG(s) dict_keys(['example_short_circuit_operator']) retrieved from /home/airflow/.local/lib/python3.6/site-packages/airflow/example_dags/example_short_circuit_operator.py
[2025-02-15 13:59:59,383] {logging_mixin.py:104} INFO - [2025-02-15 13:59:59,383] {dag.py:1833} INFO - Sync 1 DAGs
[2025-02-15 13:59:59,403] {logging_mixin.py:104} INFO - [2025-02-15 13:59:59,403] {dag.py:2306} INFO - Setting next_dagrun for example_short_circuit_operator to 2025-02-13 00:00:00+00:00
[2025-02-15 13:59:59,421] {scheduler_job.py:190} INFO - Processing /home/airflow/.local/lib/python3.6/site-packages/airflow/example_dags/example_short_circuit_operator.py took 0.091 seconds
[2025-02-15 14:01:30,365] {scheduler_job.py:182} INFO - Started process (PID=69) to work on /home/airflow/.local/lib/python3.6/site-packages/airflow/example_dags/example_short_circuit_operator.py
[2025-02-15 14:01:30,370] {scheduler_job.py:633} INFO - Processing file /home/airflow/.local/lib/python3.6/site-packages/airflow/example_dags/example_short_circuit_operator.py for tasks to queue
[2025-02-15 14:01:30,372] {logging_mixin.py:104} INFO - [2025-02-15 14:01:30,372] {dagbag.py:496} INFO - Filling up the DagBag from /home/airflow/.local/lib/python3.6/site-packages/airflow/example_dags/example_short_circuit_operator.py
[2025-02-15 14:01:30,446] {scheduler_job.py:643} INFO - DAG(s) dict_keys(['example_short_circuit_operator']) retrieved from /home/airflow/.local/lib/python3.6/site-packages/airflow/example_dags/example_short_circuit_operator.py
[2025-02-15 14:01:30,529] {logging_mixin.py:104} INFO - [2025-02-15 14:01:30,529] {dag.py:1833} INFO - Sync 1 DAGs
[2025-02-15 14:01:30,585] {logging_mixin.py:104} INFO - [2025-02-15 14:01:30,585] {dag.py:2306} INFO - Setting next_dagrun for example_short_circuit_operator to 2025-02-13 00:00:00+00:00
[2025-02-15 14:01:30,617] {scheduler_job.py:190} INFO - Processing /home/airflow/.local/lib/python3.6/site-packages/airflow/example_dags/example_short_circuit_operator.py took 0.277 seconds
[2025-02-15 14:07:05,933] {scheduler_job.py:182} INFO - Started process (PID=240) to work on /home/airflow/.local/lib/python3.6/site-packages/airflow/example_dags/example_short_circuit_operator.py
[2025-02-15 14:07:05,936] {scheduler_job.py:633} INFO - Processing file /home/airflow/.local/lib/python3.6/site-packages/airflow/example_dags/example_short_circuit_operator.py for tasks to queue
[2025-02-15 14:07:05,939] {logging_mixin.py:104} INFO - [2025-02-15 14:07:05,938] {dagbag.py:496} INFO - Filling up the DagBag from /home/airflow/.local/lib/python3.6/site-packages/airflow/example_dags/example_short_circuit_operator.py
[2025-02-15 14:07:05,991] {scheduler_job.py:643} INFO - DAG(s) dict_keys(['example_short_circuit_operator']) retrieved from /home/airflow/.local/lib/python3.6/site-packages/airflow/example_dags/example_short_circuit_operator.py
[2025-02-15 14:07:11,575] {logging_mixin.py:104} INFO - [2025-02-15 14:07:11,573] {dag.py:1833} INFO - Sync 1 DAGs
[2025-02-15 14:07:11,593] {logging_mixin.py:104} INFO - [2025-02-15 14:07:11,591] {dag.py:1852} INFO - Creating ORM DAG for example_short_circuit_operator
[2025-02-15 14:07:11,603] {logging_mixin.py:104} INFO - [2025-02-15 14:07:11,603] {dag.py:2306} INFO - Setting next_dagrun for example_short_circuit_operator to 2025-02-13 00:00:00+00:00
[2025-02-15 14:07:11,627] {scheduler_job.py:190} INFO - Processing /home/airflow/.local/lib/python3.6/site-packages/airflow/example_dags/example_short_circuit_operator.py took 5.707 seconds
[2025-02-15 14:07:50,495] {scheduler_job.py:182} INFO - Started process (PID=421) to work on /home/airflow/.local/lib/python3.6/site-packages/airflow/example_dags/example_short_circuit_operator.py
[2025-02-15 14:07:50,498] {scheduler_job.py:633} INFO - Processing file /home/airflow/.local/lib/python3.6/site-packages/airflow/example_dags/example_short_circuit_operator.py for tasks to queue
[2025-02-15 14:07:50,499] {logging_mixin.py:104} INFO - [2025-02-15 14:07:50,499] {dagbag.py:496} INFO - Filling up the DagBag from /home/airflow/.local/lib/python3.6/site-packages/airflow/example_dags/example_short_circuit_operator.py
[2025-02-15 14:07:50,534] {scheduler_job.py:643} INFO - DAG(s) dict_keys(['example_short_circuit_operator']) retrieved from /home/airflow/.local/lib/python3.6/site-packages/airflow/example_dags/example_short_circuit_operator.py
[2025-02-15 14:07:50,626] {logging_mixin.py:104} INFO - [2025-02-15 14:07:50,624] {dag.py:1833} INFO - Sync 1 DAGs
[2025-02-15 14:07:50,692] {logging_mixin.py:104} INFO - [2025-02-15 14:07:50,692] {dag.py:2306} INFO - Setting next_dagrun for example_short_circuit_operator to 2025-02-13 00:00:00+00:00
[2025-02-15 14:07:50,745] {scheduler_job.py:190} INFO - Processing /home/airflow/.local/lib/python3.6/site-packages/airflow/example_dags/example_short_circuit_operator.py took 0.258 seconds
[2025-02-15 14:08:21,696] {scheduler_job.py:182} INFO - Started process (PID=483) to work on /home/airflow/.local/lib/python3.6/site-packages/airflow/example_dags/example_short_circuit_operator.py
[2025-02-15 14:08:21,699] {scheduler_job.py:633} INFO - Processing file /home/airflow/.local/lib/python3.6/site-packages/airflow/example_dags/example_short_circuit_operator.py for tasks to queue
[2025-02-15 14:08:21,701] {logging_mixin.py:104} INFO - [2025-02-15 14:08:21,701] {dagbag.py:496} INFO - Filling up the DagBag from /home/airflow/.local/lib/python3.6/site-packages/airflow/example_dags/example_short_circuit_operator.py
[2025-02-15 14:08:21,735] {scheduler_job.py:643} INFO - DAG(s) dict_keys(['example_short_circuit_operator']) retrieved from /home/airflow/.local/lib/python3.6/site-packages/airflow/example_dags/example_short_circuit_operator.py
[2025-02-15 14:08:21,792] {logging_mixin.py:104} INFO - [2025-02-15 14:08:21,792] {dag.py:1833} INFO - Sync 1 DAGs
[2025-02-15 14:08:21,826] {logging_mixin.py:104} INFO - [2025-02-15 14:08:21,826] {dag.py:2306} INFO - Setting next_dagrun for example_short_circuit_operator to 2025-02-13 00:00:00+00:00
[2025-02-15 14:08:21,845] {scheduler_job.py:190} INFO - Processing /home/airflow/.local/lib/python3.6/site-packages/airflow/example_dags/example_short_circuit_operator.py took 0.159 seconds
[2025-02-15 14:08:52,112] {scheduler_job.py:182} INFO - Started process (PID=535) to work on /home/airflow/.local/lib/python3.6/site-packages/airflow/example_dags/example_short_circuit_operator.py
[2025-02-15 14:08:52,116] {scheduler_job.py:633} INFO - Processing file /home/airflow/.local/lib/python3.6/site-packages/airflow/example_dags/example_short_circuit_operator.py for tasks to queue
[2025-02-15 14:08:52,118] {logging_mixin.py:104} INFO - [2025-02-15 14:08:52,118] {dagbag.py:496} INFO - Filling up the DagBag from /home/airflow/.local/lib/python3.6/site-packages/airflow/example_dags/example_short_circuit_operator.py
[2025-02-15 14:08:52,143] {scheduler_job.py:643} INFO - DAG(s) dict_keys(['example_short_circuit_operator']) retrieved from /home/airflow/.local/lib/python3.6/site-packages/airflow/example_dags/example_short_circuit_operator.py
[2025-02-15 14:08:52,176] {logging_mixin.py:104} INFO - [2025-02-15 14:08:52,176] {dag.py:1833} INFO - Sync 1 DAGs
[2025-02-15 14:08:52,195] {logging_mixin.py:104} INFO - [2025-02-15 14:08:52,195] {dag.py:2306} INFO - Setting next_dagrun for example_short_circuit_operator to 2025-02-13 00:00:00+00:00
[2025-02-15 14:08:52,207] {scheduler_job.py:190} INFO - Processing /home/airflow/.local/lib/python3.6/site-packages/airflow/example_dags/example_short_circuit_operator.py took 0.107 seconds
[2025-02-15 14:09:22,961] {scheduler_job.py:182} INFO - Started process (PID=597) to work on /home/airflow/.local/lib/python3.6/site-packages/airflow/example_dags/example_short_circuit_operator.py
[2025-02-15 14:09:22,962] {scheduler_job.py:633} INFO - Processing file /home/airflow/.local/lib/python3.6/site-packages/airflow/example_dags/example_short_circuit_operator.py for tasks to queue
[2025-02-15 14:09:22,963] {logging_mixin.py:104} INFO - [2025-02-15 14:09:22,963] {dagbag.py:496} INFO - Filling up the DagBag from /home/airflow/.local/lib/python3.6/site-packages/airflow/example_dags/example_short_circuit_operator.py
[2025-02-15 14:09:22,980] {scheduler_job.py:643} INFO - DAG(s) dict_keys(['example_short_circuit_operator']) retrieved from /home/airflow/.local/lib/python3.6/site-packages/airflow/example_dags/example_short_circuit_operator.py
[2025-02-15 14:09:23,008] {logging_mixin.py:104} INFO - [2025-02-15 14:09:23,008] {dag.py:1833} INFO - Sync 1 DAGs
[2025-02-15 14:09:23,026] {logging_mixin.py:104} INFO - [2025-02-15 14:09:23,025] {dag.py:2306} INFO - Setting next_dagrun for example_short_circuit_operator to 2025-02-13 00:00:00+00:00
[2025-02-15 14:09:23,040] {scheduler_job.py:190} INFO - Processing /home/airflow/.local/lib/python3.6/site-packages/airflow/example_dags/example_short_circuit_operator.py took 0.085 seconds
[2025-02-15 14:09:53,636] {scheduler_job.py:182} INFO - Started process (PID=649) to work on /home/airflow/.local/lib/python3.6/site-packages/airflow/example_dags/example_short_circuit_operator.py
[2025-02-15 14:09:53,638] {scheduler_job.py:633} INFO - Processing file /home/airflow/.local/lib/python3.6/site-packages/airflow/example_dags/example_short_circuit_operator.py for tasks to queue
[2025-02-15 14:09:53,639] {logging_mixin.py:104} INFO - [2025-02-15 14:09:53,638] {dagbag.py:496} INFO - Filling up the DagBag from /home/airflow/.local/lib/python3.6/site-packages/airflow/example_dags/example_short_circuit_operator.py
[2025-02-15 14:09:53,656] {scheduler_job.py:643} INFO - DAG(s) dict_keys(['example_short_circuit_operator']) retrieved from /home/airflow/.local/lib/python3.6/site-packages/airflow/example_dags/example_short_circuit_operator.py
[2025-02-15 14:09:53,686] {logging_mixin.py:104} INFO - [2025-02-15 14:09:53,686] {dag.py:1833} INFO - Sync 1 DAGs
[2025-02-15 14:09:53,702] {logging_mixin.py:104} INFO - [2025-02-15 14:09:53,702] {dag.py:2306} INFO - Setting next_dagrun for example_short_circuit_operator to 2025-02-13 00:00:00+00:00
[2025-02-15 14:09:53,715] {scheduler_job.py:190} INFO - Processing /home/airflow/.local/lib/python3.6/site-packages/airflow/example_dags/example_short_circuit_operator.py took 0.085 seconds
[2025-02-15 14:10:24,514] {scheduler_job.py:182} INFO - Started process (PID=710) to work on /home/airflow/.local/lib/python3.6/site-packages/airflow/example_dags/example_short_circuit_operator.py
[2025-02-15 14:10:24,515] {scheduler_job.py:633} INFO - Processing file /home/airflow/.local/lib/python3.6/site-packages/airflow/example_dags/example_short_circuit_operator.py for tasks to queue
[2025-02-15 14:10:24,517] {logging_mixin.py:104} INFO - [2025-02-15 14:10:24,516] {dagbag.py:496} INFO - Filling up the DagBag from /home/airflow/.local/lib/python3.6/site-packages/airflow/example_dags/example_short_circuit_operator.py
[2025-02-15 14:10:24,530] {scheduler_job.py:643} INFO - DAG(s) dict_keys(['example_short_circuit_operator']) retrieved from /home/airflow/.local/lib/python3.6/site-packages/airflow/example_dags/example_short_circuit_operator.py
[2025-02-15 14:10:24,555] {logging_mixin.py:104} INFO - [2025-02-15 14:10:24,555] {dag.py:1833} INFO - Sync 1 DAGs
[2025-02-15 14:10:24,571] {logging_mixin.py:104} INFO - [2025-02-15 14:10:24,571] {dag.py:2306} INFO - Setting next_dagrun for example_short_circuit_operator to 2025-02-13 00:00:00+00:00
[2025-02-15 14:10:24,586] {scheduler_job.py:190} INFO - Processing /home/airflow/.local/lib/python3.6/site-packages/airflow/example_dags/example_short_circuit_operator.py took 0.077 seconds
[2025-02-15 14:10:54,874] {scheduler_job.py:182} INFO - Started process (PID=762) to work on /home/airflow/.local/lib/python3.6/site-packages/airflow/example_dags/example_short_circuit_operator.py
[2025-02-15 14:10:54,876] {scheduler_job.py:633} INFO - Processing file /home/airflow/.local/lib/python3.6/site-packages/airflow/example_dags/example_short_circuit_operator.py for tasks to queue
[2025-02-15 14:10:54,878] {logging_mixin.py:104} INFO - [2025-02-15 14:10:54,877] {dagbag.py:496} INFO - Filling up the DagBag from /home/airflow/.local/lib/python3.6/site-packages/airflow/example_dags/example_short_circuit_operator.py
[2025-02-15 14:10:54,897] {scheduler_job.py:643} INFO - DAG(s) dict_keys(['example_short_circuit_operator']) retrieved from /home/airflow/.local/lib/python3.6/site-packages/airflow/example_dags/example_short_circuit_operator.py
[2025-02-15 14:10:54,925] {logging_mixin.py:104} INFO - [2025-02-15 14:10:54,925] {dag.py:1833} INFO - Sync 1 DAGs
[2025-02-15 14:10:54,942] {logging_mixin.py:104} INFO - [2025-02-15 14:10:54,942] {dag.py:2306} INFO - Setting next_dagrun for example_short_circuit_operator to 2025-02-13 00:00:00+00:00
[2025-02-15 14:10:54,955] {scheduler_job.py:190} INFO - Processing /home/airflow/.local/lib/python3.6/site-packages/airflow/example_dags/example_short_circuit_operator.py took 0.088 seconds
[2025-02-15 14:11:25,317] {scheduler_job.py:182} INFO - Started process (PID=824) to work on /home/airflow/.local/lib/python3.6/site-packages/airflow/example_dags/example_short_circuit_operator.py
[2025-02-15 14:11:25,319] {scheduler_job.py:633} INFO - Processing file /home/airflow/.local/lib/python3.6/site-packages/airflow/example_dags/example_short_circuit_operator.py for tasks to queue
[2025-02-15 14:11:25,320] {logging_mixin.py:104} INFO - [2025-02-15 14:11:25,320] {dagbag.py:496} INFO - Filling up the DagBag from /home/airflow/.local/lib/python3.6/site-packages/airflow/example_dags/example_short_circuit_operator.py
[2025-02-15 14:11:25,348] {scheduler_job.py:643} INFO - DAG(s) dict_keys(['example_short_circuit_operator']) retrieved from /home/airflow/.local/lib/python3.6/site-packages/airflow/example_dags/example_short_circuit_operator.py
[2025-02-15 14:11:25,404] {logging_mixin.py:104} INFO - [2025-02-15 14:11:25,404] {dag.py:1833} INFO - Sync 1 DAGs
[2025-02-15 14:11:25,440] {logging_mixin.py:104} INFO - [2025-02-15 14:11:25,439] {dag.py:2306} INFO - Setting next_dagrun for example_short_circuit_operator to 2025-02-13 00:00:00+00:00
[2025-02-15 14:11:25,463] {scheduler_job.py:190} INFO - Processing /home/airflow/.local/lib/python3.6/site-packages/airflow/example_dags/example_short_circuit_operator.py took 0.152 seconds
[2025-02-15 14:11:56,291] {scheduler_job.py:182} INFO - Started process (PID=876) to work on /home/airflow/.local/lib/python3.6/site-packages/airflow/example_dags/example_short_circuit_operator.py
[2025-02-15 14:11:56,294] {scheduler_job.py:633} INFO - Processing file /home/airflow/.local/lib/python3.6/site-packages/airflow/example_dags/example_short_circuit_operator.py for tasks to queue
[2025-02-15 14:11:56,295] {logging_mixin.py:104} INFO - [2025-02-15 14:11:56,295] {dagbag.py:496} INFO - Filling up the DagBag from /home/airflow/.local/lib/python3.6/site-packages/airflow/example_dags/example_short_circuit_operator.py
[2025-02-15 14:11:56,314] {scheduler_job.py:643} INFO - DAG(s) dict_keys(['example_short_circuit_operator']) retrieved from /home/airflow/.local/lib/python3.6/site-packages/airflow/example_dags/example_short_circuit_operator.py
[2025-02-15 14:11:56,348] {logging_mixin.py:104} INFO - [2025-02-15 14:11:56,348] {dag.py:1833} INFO - Sync 1 DAGs
[2025-02-15 14:11:56,371] {logging_mixin.py:104} INFO - [2025-02-15 14:11:56,371] {dag.py:2306} INFO - Setting next_dagrun for example_short_circuit_operator to 2025-02-13 00:00:00+00:00
[2025-02-15 14:11:56,389] {scheduler_job.py:190} INFO - Processing /home/airflow/.local/lib/python3.6/site-packages/airflow/example_dags/example_short_circuit_operator.py took 0.104 seconds
[2025-02-15 14:12:26,439] {scheduler_job.py:182} INFO - Started process (PID=938) to work on /home/airflow/.local/lib/python3.6/site-packages/airflow/example_dags/example_short_circuit_operator.py
[2025-02-15 14:12:26,440] {scheduler_job.py:633} INFO - Processing file /home/airflow/.local/lib/python3.6/site-packages/airflow/example_dags/example_short_circuit_operator.py for tasks to queue
[2025-02-15 14:12:26,441] {logging_mixin.py:104} INFO - [2025-02-15 14:12:26,441] {dagbag.py:496} INFO - Filling up the DagBag from /home/airflow/.local/lib/python3.6/site-packages/airflow/example_dags/example_short_circuit_operator.py
[2025-02-15 14:12:26,458] {scheduler_job.py:643} INFO - DAG(s) dict_keys(['example_short_circuit_operator']) retrieved from /home/airflow/.local/lib/python3.6/site-packages/airflow/example_dags/example_short_circuit_operator.py
[2025-02-15 14:12:26,492] {logging_mixin.py:104} INFO - [2025-02-15 14:12:26,491] {dag.py:1833} INFO - Sync 1 DAGs
[2025-02-15 14:12:26,509] {logging_mixin.py:104} INFO - [2025-02-15 14:12:26,509] {dag.py:2306} INFO - Setting next_dagrun for example_short_circuit_operator to 2025-02-13 00:00:00+00:00
[2025-02-15 14:12:26,523] {scheduler_job.py:190} INFO - Processing /home/airflow/.local/lib/python3.6/site-packages/airflow/example_dags/example_short_circuit_operator.py took 0.089 seconds
[2025-02-15 14:12:56,742] {scheduler_job.py:182} INFO - Started process (PID=989) to work on /home/airflow/.local/lib/python3.6/site-packages/airflow/example_dags/example_short_circuit_operator.py
[2025-02-15 14:12:56,747] {scheduler_job.py:633} INFO - Processing file /home/airflow/.local/lib/python3.6/site-packages/airflow/example_dags/example_short_circuit_operator.py for tasks to queue
[2025-02-15 14:12:56,752] {logging_mixin.py:104} INFO - [2025-02-15 14:12:56,751] {dagbag.py:496} INFO - Filling up the DagBag from /home/airflow/.local/lib/python3.6/site-packages/airflow/example_dags/example_short_circuit_operator.py
[2025-02-15 14:12:56,809] {scheduler_job.py:643} INFO - DAG(s) dict_keys(['example_short_circuit_operator']) retrieved from /home/airflow/.local/lib/python3.6/site-packages/airflow/example_dags/example_short_circuit_operator.py
[2025-02-15 14:12:56,854] {logging_mixin.py:104} INFO - [2025-02-15 14:12:56,853] {dag.py:1833} INFO - Sync 1 DAGs
[2025-02-15 14:12:56,884] {logging_mixin.py:104} INFO - [2025-02-15 14:12:56,884] {dag.py:2306} INFO - Setting next_dagrun for example_short_circuit_operator to 2025-02-13 00:00:00+00:00
[2025-02-15 14:12:56,910] {scheduler_job.py:190} INFO - Processing /home/airflow/.local/lib/python3.6/site-packages/airflow/example_dags/example_short_circuit_operator.py took 0.189 seconds
[2025-02-15 14:13:27,100] {scheduler_job.py:182} INFO - Started process (PID=1050) to work on /home/airflow/.local/lib/python3.6/site-packages/airflow/example_dags/example_short_circuit_operator.py
[2025-02-15 14:13:27,102] {scheduler_job.py:633} INFO - Processing file /home/airflow/.local/lib/python3.6/site-packages/airflow/example_dags/example_short_circuit_operator.py for tasks to queue
[2025-02-15 14:13:27,103] {logging_mixin.py:104} INFO - [2025-02-15 14:13:27,103] {dagbag.py:496} INFO - Filling up the DagBag from /home/airflow/.local/lib/python3.6/site-packages/airflow/example_dags/example_short_circuit_operator.py
[2025-02-15 14:13:27,129] {scheduler_job.py:643} INFO - DAG(s) dict_keys(['example_short_circuit_operator']) retrieved from /home/airflow/.local/lib/python3.6/site-packages/airflow/example_dags/example_short_circuit_operator.py
[2025-02-15 14:13:27,170] {logging_mixin.py:104} INFO - [2025-02-15 14:13:27,170] {dag.py:1833} INFO - Sync 1 DAGs
[2025-02-15 14:13:27,200] {logging_mixin.py:104} INFO - [2025-02-15 14:13:27,200] {dag.py:2306} INFO - Setting next_dagrun for example_short_circuit_operator to 2025-02-13 00:00:00+00:00
[2025-02-15 14:13:27,216] {scheduler_job.py:190} INFO - Processing /home/airflow/.local/lib/python3.6/site-packages/airflow/example_dags/example_short_circuit_operator.py took 0.122 seconds
[2025-02-15 14:15:09,292] {scheduler_job.py:182} INFO - Started process (PID=71) to work on /home/airflow/.local/lib/python3.6/site-packages/airflow/example_dags/example_short_circuit_operator.py
[2025-02-15 14:15:09,297] {scheduler_job.py:633} INFO - Processing file /home/airflow/.local/lib/python3.6/site-packages/airflow/example_dags/example_short_circuit_operator.py for tasks to queue
[2025-02-15 14:15:09,302] {logging_mixin.py:104} INFO - [2025-02-15 14:15:09,301] {dagbag.py:496} INFO - Filling up the DagBag from /home/airflow/.local/lib/python3.6/site-packages/airflow/example_dags/example_short_circuit_operator.py
[2025-02-15 14:15:09,386] {scheduler_job.py:643} INFO - DAG(s) dict_keys(['example_short_circuit_operator']) retrieved from /home/airflow/.local/lib/python3.6/site-packages/airflow/example_dags/example_short_circuit_operator.py
[2025-02-15 14:15:09,486] {logging_mixin.py:104} INFO - [2025-02-15 14:15:09,485] {dag.py:1833} INFO - Sync 1 DAGs
[2025-02-15 14:15:09,560] {logging_mixin.py:104} INFO - [2025-02-15 14:15:09,560] {dag.py:2306} INFO - Setting next_dagrun for example_short_circuit_operator to 2025-02-13 00:00:00+00:00
[2025-02-15 14:15:09,602] {scheduler_job.py:190} INFO - Processing /home/airflow/.local/lib/python3.6/site-packages/airflow/example_dags/example_short_circuit_operator.py took 0.327 seconds
[2025-02-15 14:15:44,485] {scheduler_job.py:182} INFO - Started process (PID=123) to work on /home/airflow/.local/lib/python3.6/site-packages/airflow/example_dags/example_short_circuit_operator.py
[2025-02-15 14:15:44,491] {scheduler_job.py:633} INFO - Processing file /home/airflow/.local/lib/python3.6/site-packages/airflow/example_dags/example_short_circuit_operator.py for tasks to queue
[2025-02-15 14:15:44,499] {logging_mixin.py:104} INFO - [2025-02-15 14:15:44,497] {dagbag.py:496} INFO - Filling up the DagBag from /home/airflow/.local/lib/python3.6/site-packages/airflow/example_dags/example_short_circuit_operator.py
[2025-02-15 14:15:44,770] {scheduler_job.py:643} INFO - DAG(s) dict_keys(['example_short_circuit_operator']) retrieved from /home/airflow/.local/lib/python3.6/site-packages/airflow/example_dags/example_short_circuit_operator.py
[2025-02-15 14:15:45,099] {logging_mixin.py:104} INFO - [2025-02-15 14:15:45,098] {dag.py:1833} INFO - Sync 1 DAGs
[2025-02-15 14:15:45,209] {logging_mixin.py:104} INFO - [2025-02-15 14:15:45,209] {dag.py:2306} INFO - Setting next_dagrun for example_short_circuit_operator to 2025-02-13 00:00:00+00:00
[2025-02-15 14:15:45,300] {scheduler_job.py:190} INFO - Processing /home/airflow/.local/lib/python3.6/site-packages/airflow/example_dags/example_short_circuit_operator.py took 0.830 seconds
[2025-02-15 14:21:17,109] {scheduler_job.py:182} INFO - Started process (PID=177) to work on /home/airflow/.local/lib/python3.6/site-packages/airflow/example_dags/example_short_circuit_operator.py
[2025-02-15 14:21:17,158] {scheduler_job.py:633} INFO - Processing file /home/airflow/.local/lib/python3.6/site-packages/airflow/example_dags/example_short_circuit_operator.py for tasks to queue
[2025-02-15 14:21:17,161] {logging_mixin.py:104} INFO - [2025-02-15 14:21:17,161] {dagbag.py:496} INFO - Filling up the DagBag from /home/airflow/.local/lib/python3.6/site-packages/airflow/example_dags/example_short_circuit_operator.py
[2025-02-15 14:21:17,234] {scheduler_job.py:643} INFO - DAG(s) dict_keys(['example_short_circuit_operator']) retrieved from /home/airflow/.local/lib/python3.6/site-packages/airflow/example_dags/example_short_circuit_operator.py
[2025-02-15 14:21:17,401] {logging_mixin.py:104} INFO - [2025-02-15 14:21:17,398] {dag.py:1833} INFO - Sync 1 DAGs
[2025-02-15 14:21:17,486] {logging_mixin.py:104} INFO - [2025-02-15 14:21:17,485] {dag.py:2306} INFO - Setting next_dagrun for example_short_circuit_operator to 2025-02-13 00:00:00+00:00
[2025-02-15 14:21:17,530] {scheduler_job.py:190} INFO - Processing /home/airflow/.local/lib/python3.6/site-packages/airflow/example_dags/example_short_circuit_operator.py took 0.435 seconds
[2025-02-15 14:21:49,139] {scheduler_job.py:182} INFO - Started process (PID=220) to work on /home/airflow/.local/lib/python3.6/site-packages/airflow/example_dags/example_short_circuit_operator.py
[2025-02-15 14:21:49,143] {scheduler_job.py:633} INFO - Processing file /home/airflow/.local/lib/python3.6/site-packages/airflow/example_dags/example_short_circuit_operator.py for tasks to queue
[2025-02-15 14:21:49,145] {logging_mixin.py:104} INFO - [2025-02-15 14:21:49,145] {dagbag.py:496} INFO - Filling up the DagBag from /home/airflow/.local/lib/python3.6/site-packages/airflow/example_dags/example_short_circuit_operator.py
[2025-02-15 14:21:49,187] {scheduler_job.py:643} INFO - DAG(s) dict_keys(['example_short_circuit_operator']) retrieved from /home/airflow/.local/lib/python3.6/site-packages/airflow/example_dags/example_short_circuit_operator.py
[2025-02-15 14:21:49,246] {logging_mixin.py:104} INFO - [2025-02-15 14:21:49,246] {dag.py:1833} INFO - Sync 1 DAGs
[2025-02-15 14:21:49,273] {logging_mixin.py:104} INFO - [2025-02-15 14:21:49,273] {dag.py:2306} INFO - Setting next_dagrun for example_short_circuit_operator to 2025-02-13 00:00:00+00:00
[2025-02-15 14:21:49,302] {scheduler_job.py:190} INFO - Processing /home/airflow/.local/lib/python3.6/site-packages/airflow/example_dags/example_short_circuit_operator.py took 0.172 seconds
[2025-02-15 14:22:20,094] {scheduler_job.py:182} INFO - Started process (PID=271) to work on /home/airflow/.local/lib/python3.6/site-packages/airflow/example_dags/example_short_circuit_operator.py
[2025-02-15 14:22:20,097] {scheduler_job.py:633} INFO - Processing file /home/airflow/.local/lib/python3.6/site-packages/airflow/example_dags/example_short_circuit_operator.py for tasks to queue
[2025-02-15 14:22:20,099] {logging_mixin.py:104} INFO - [2025-02-15 14:22:20,099] {dagbag.py:496} INFO - Filling up the DagBag from /home/airflow/.local/lib/python3.6/site-packages/airflow/example_dags/example_short_circuit_operator.py
[2025-02-15 14:22:20,135] {scheduler_job.py:643} INFO - DAG(s) dict_keys(['example_short_circuit_operator']) retrieved from /home/airflow/.local/lib/python3.6/site-packages/airflow/example_dags/example_short_circuit_operator.py
[2025-02-15 14:22:20,200] {logging_mixin.py:104} INFO - [2025-02-15 14:22:20,199] {dag.py:1833} INFO - Sync 1 DAGs
[2025-02-15 14:22:20,228] {logging_mixin.py:104} INFO - [2025-02-15 14:22:20,228] {dag.py:2306} INFO - Setting next_dagrun for example_short_circuit_operator to 2025-02-13 00:00:00+00:00
[2025-02-15 14:22:20,251] {scheduler_job.py:190} INFO - Processing /home/airflow/.local/lib/python3.6/site-packages/airflow/example_dags/example_short_circuit_operator.py took 0.170 seconds
[2025-02-15 14:22:52,034] {scheduler_job.py:182} INFO - Started process (PID=323) to work on /home/airflow/.local/lib/python3.6/site-packages/airflow/example_dags/example_short_circuit_operator.py
[2025-02-15 14:22:52,037] {scheduler_job.py:633} INFO - Processing file /home/airflow/.local/lib/python3.6/site-packages/airflow/example_dags/example_short_circuit_operator.py for tasks to queue
[2025-02-15 14:22:52,038] {logging_mixin.py:104} INFO - [2025-02-15 14:22:52,038] {dagbag.py:496} INFO - Filling up the DagBag from /home/airflow/.local/lib/python3.6/site-packages/airflow/example_dags/example_short_circuit_operator.py
[2025-02-15 14:22:52,079] {scheduler_job.py:643} INFO - DAG(s) dict_keys(['example_short_circuit_operator']) retrieved from /home/airflow/.local/lib/python3.6/site-packages/airflow/example_dags/example_short_circuit_operator.py
[2025-02-15 14:22:52,151] {logging_mixin.py:104} INFO - [2025-02-15 14:22:52,151] {dag.py:1833} INFO - Sync 1 DAGs
[2025-02-15 14:22:52,182] {logging_mixin.py:104} INFO - [2025-02-15 14:22:52,182] {dag.py:2306} INFO - Setting next_dagrun for example_short_circuit_operator to 2025-02-13 00:00:00+00:00
[2025-02-15 14:22:52,205] {scheduler_job.py:190} INFO - Processing /home/airflow/.local/lib/python3.6/site-packages/airflow/example_dags/example_short_circuit_operator.py took 0.178 seconds
[2025-02-15 14:25:04,575] {scheduler_job.py:182} INFO - Started process (PID=70) to work on /home/airflow/.local/lib/python3.6/site-packages/airflow/example_dags/example_short_circuit_operator.py
[2025-02-15 14:25:04,581] {scheduler_job.py:633} INFO - Processing file /home/airflow/.local/lib/python3.6/site-packages/airflow/example_dags/example_short_circuit_operator.py for tasks to queue
[2025-02-15 14:25:04,584] {logging_mixin.py:104} INFO - [2025-02-15 14:25:04,583] {dagbag.py:496} INFO - Filling up the DagBag from /home/airflow/.local/lib/python3.6/site-packages/airflow/example_dags/example_short_circuit_operator.py
[2025-02-15 14:25:04,655] {scheduler_job.py:643} INFO - DAG(s) dict_keys(['example_short_circuit_operator']) retrieved from /home/airflow/.local/lib/python3.6/site-packages/airflow/example_dags/example_short_circuit_operator.py
[2025-02-15 14:25:05,360] {logging_mixin.py:104} INFO - [2025-02-15 14:25:05,360] {dag.py:1833} INFO - Sync 1 DAGs
[2025-02-15 14:25:05,470] {logging_mixin.py:104} INFO - [2025-02-15 14:25:05,470] {dag.py:2306} INFO - Setting next_dagrun for example_short_circuit_operator to 2025-02-13 00:00:00+00:00
[2025-02-15 14:25:05,527] {scheduler_job.py:190} INFO - Processing /home/airflow/.local/lib/python3.6/site-packages/airflow/example_dags/example_short_circuit_operator.py took 0.981 seconds
[2025-02-15 14:25:35,716] {scheduler_job.py:182} INFO - Started process (PID=122) to work on /home/airflow/.local/lib/python3.6/site-packages/airflow/example_dags/example_short_circuit_operator.py
[2025-02-15 14:25:35,721] {scheduler_job.py:633} INFO - Processing file /home/airflow/.local/lib/python3.6/site-packages/airflow/example_dags/example_short_circuit_operator.py for tasks to queue
[2025-02-15 14:25:35,722] {logging_mixin.py:104} INFO - [2025-02-15 14:25:35,722] {dagbag.py:496} INFO - Filling up the DagBag from /home/airflow/.local/lib/python3.6/site-packages/airflow/example_dags/example_short_circuit_operator.py
[2025-02-15 14:25:35,764] {scheduler_job.py:643} INFO - DAG(s) dict_keys(['example_short_circuit_operator']) retrieved from /home/airflow/.local/lib/python3.6/site-packages/airflow/example_dags/example_short_circuit_operator.py
[2025-02-15 14:25:35,840] {logging_mixin.py:104} INFO - [2025-02-15 14:25:35,839] {dag.py:1833} INFO - Sync 1 DAGs
[2025-02-15 14:25:35,890] {logging_mixin.py:104} INFO - [2025-02-15 14:25:35,890] {dag.py:2306} INFO - Setting next_dagrun for example_short_circuit_operator to 2025-02-13 00:00:00+00:00
[2025-02-15 14:25:35,916] {scheduler_job.py:190} INFO - Processing /home/airflow/.local/lib/python3.6/site-packages/airflow/example_dags/example_short_circuit_operator.py took 0.214 seconds
[2025-02-15 14:26:06,483] {scheduler_job.py:182} INFO - Started process (PID=174) to work on /home/airflow/.local/lib/python3.6/site-packages/airflow/example_dags/example_short_circuit_operator.py
[2025-02-15 14:26:06,484] {scheduler_job.py:633} INFO - Processing file /home/airflow/.local/lib/python3.6/site-packages/airflow/example_dags/example_short_circuit_operator.py for tasks to queue
[2025-02-15 14:26:06,485] {logging_mixin.py:104} INFO - [2025-02-15 14:26:06,485] {dagbag.py:496} INFO - Filling up the DagBag from /home/airflow/.local/lib/python3.6/site-packages/airflow/example_dags/example_short_circuit_operator.py
[2025-02-15 14:26:06,506] {scheduler_job.py:643} INFO - DAG(s) dict_keys(['example_short_circuit_operator']) retrieved from /home/airflow/.local/lib/python3.6/site-packages/airflow/example_dags/example_short_circuit_operator.py
[2025-02-15 14:26:06,536] {logging_mixin.py:104} INFO - [2025-02-15 14:26:06,535] {dag.py:1833} INFO - Sync 1 DAGs
[2025-02-15 14:26:06,553] {logging_mixin.py:104} INFO - [2025-02-15 14:26:06,553] {dag.py:2306} INFO - Setting next_dagrun for example_short_circuit_operator to 2025-02-13 00:00:00+00:00
[2025-02-15 14:26:06,568] {scheduler_job.py:190} INFO - Processing /home/airflow/.local/lib/python3.6/site-packages/airflow/example_dags/example_short_circuit_operator.py took 0.090 seconds
[2025-02-15 14:26:37,079] {scheduler_job.py:182} INFO - Started process (PID=226) to work on /home/airflow/.local/lib/python3.6/site-packages/airflow/example_dags/example_short_circuit_operator.py
[2025-02-15 14:26:37,081] {scheduler_job.py:633} INFO - Processing file /home/airflow/.local/lib/python3.6/site-packages/airflow/example_dags/example_short_circuit_operator.py for tasks to queue
[2025-02-15 14:26:37,082] {logging_mixin.py:104} INFO - [2025-02-15 14:26:37,082] {dagbag.py:496} INFO - Filling up the DagBag from /home/airflow/.local/lib/python3.6/site-packages/airflow/example_dags/example_short_circuit_operator.py
[2025-02-15 14:26:37,098] {scheduler_job.py:643} INFO - DAG(s) dict_keys(['example_short_circuit_operator']) retrieved from /home/airflow/.local/lib/python3.6/site-packages/airflow/example_dags/example_short_circuit_operator.py
[2025-02-15 14:26:37,133] {logging_mixin.py:104} INFO - [2025-02-15 14:26:37,133] {dag.py:1833} INFO - Sync 1 DAGs
[2025-02-15 14:26:37,152] {logging_mixin.py:104} INFO - [2025-02-15 14:26:37,152] {dag.py:2306} INFO - Setting next_dagrun for example_short_circuit_operator to 2025-02-13 00:00:00+00:00
[2025-02-15 14:26:37,165] {scheduler_job.py:190} INFO - Processing /home/airflow/.local/lib/python3.6/site-packages/airflow/example_dags/example_short_circuit_operator.py took 0.090 seconds
[2025-02-15 14:27:07,719] {scheduler_job.py:182} INFO - Started process (PID=288) to work on /home/airflow/.local/lib/python3.6/site-packages/airflow/example_dags/example_short_circuit_operator.py
[2025-02-15 14:27:07,720] {scheduler_job.py:633} INFO - Processing file /home/airflow/.local/lib/python3.6/site-packages/airflow/example_dags/example_short_circuit_operator.py for tasks to queue
[2025-02-15 14:27:07,721] {logging_mixin.py:104} INFO - [2025-02-15 14:27:07,721] {dagbag.py:496} INFO - Filling up the DagBag from /home/airflow/.local/lib/python3.6/site-packages/airflow/example_dags/example_short_circuit_operator.py
[2025-02-15 14:27:07,733] {scheduler_job.py:643} INFO - DAG(s) dict_keys(['example_short_circuit_operator']) retrieved from /home/airflow/.local/lib/python3.6/site-packages/airflow/example_dags/example_short_circuit_operator.py
[2025-02-15 14:27:07,759] {logging_mixin.py:104} INFO - [2025-02-15 14:27:07,759] {dag.py:1833} INFO - Sync 1 DAGs
[2025-02-15 14:27:07,774] {logging_mixin.py:104} INFO - [2025-02-15 14:27:07,773] {dag.py:2306} INFO - Setting next_dagrun for example_short_circuit_operator to 2025-02-13 00:00:00+00:00
[2025-02-15 14:27:07,789] {scheduler_job.py:190} INFO - Processing /home/airflow/.local/lib/python3.6/site-packages/airflow/example_dags/example_short_circuit_operator.py took 0.073 seconds
[2025-02-15 14:27:38,397] {scheduler_job.py:182} INFO - Started process (PID=340) to work on /home/airflow/.local/lib/python3.6/site-packages/airflow/example_dags/example_short_circuit_operator.py
[2025-02-15 14:27:38,398] {scheduler_job.py:633} INFO - Processing file /home/airflow/.local/lib/python3.6/site-packages/airflow/example_dags/example_short_circuit_operator.py for tasks to queue
[2025-02-15 14:27:38,399] {logging_mixin.py:104} INFO - [2025-02-15 14:27:38,399] {dagbag.py:496} INFO - Filling up the DagBag from /home/airflow/.local/lib/python3.6/site-packages/airflow/example_dags/example_short_circuit_operator.py
[2025-02-15 14:27:38,413] {scheduler_job.py:643} INFO - DAG(s) dict_keys(['example_short_circuit_operator']) retrieved from /home/airflow/.local/lib/python3.6/site-packages/airflow/example_dags/example_short_circuit_operator.py
[2025-02-15 14:27:38,440] {logging_mixin.py:104} INFO - [2025-02-15 14:27:38,440] {dag.py:1833} INFO - Sync 1 DAGs
[2025-02-15 14:27:38,455] {logging_mixin.py:104} INFO - [2025-02-15 14:27:38,454] {dag.py:2306} INFO - Setting next_dagrun for example_short_circuit_operator to 2025-02-13 00:00:00+00:00
[2025-02-15 14:27:38,467] {scheduler_job.py:190} INFO - Processing /home/airflow/.local/lib/python3.6/site-packages/airflow/example_dags/example_short_circuit_operator.py took 0.073 seconds
[2025-02-15 14:28:08,616] {scheduler_job.py:182} INFO - Started process (PID=402) to work on /home/airflow/.local/lib/python3.6/site-packages/airflow/example_dags/example_short_circuit_operator.py
[2025-02-15 14:28:08,617] {scheduler_job.py:633} INFO - Processing file /home/airflow/.local/lib/python3.6/site-packages/airflow/example_dags/example_short_circuit_operator.py for tasks to queue
[2025-02-15 14:28:08,618] {logging_mixin.py:104} INFO - [2025-02-15 14:28:08,618] {dagbag.py:496} INFO - Filling up the DagBag from /home/airflow/.local/lib/python3.6/site-packages/airflow/example_dags/example_short_circuit_operator.py
[2025-02-15 14:28:08,630] {scheduler_job.py:643} INFO - DAG(s) dict_keys(['example_short_circuit_operator']) retrieved from /home/airflow/.local/lib/python3.6/site-packages/airflow/example_dags/example_short_circuit_operator.py
[2025-02-15 14:28:08,655] {logging_mixin.py:104} INFO - [2025-02-15 14:28:08,655] {dag.py:1833} INFO - Sync 1 DAGs
[2025-02-15 14:28:08,674] {logging_mixin.py:104} INFO - [2025-02-15 14:28:08,674] {dag.py:2306} INFO - Setting next_dagrun for example_short_circuit_operator to 2025-02-13 00:00:00+00:00
[2025-02-15 14:28:08,690] {scheduler_job.py:190} INFO - Processing /home/airflow/.local/lib/python3.6/site-packages/airflow/example_dags/example_short_circuit_operator.py took 0.077 seconds
[2025-02-15 14:28:39,455] {scheduler_job.py:182} INFO - Started process (PID=454) to work on /home/airflow/.local/lib/python3.6/site-packages/airflow/example_dags/example_short_circuit_operator.py
[2025-02-15 14:28:39,457] {scheduler_job.py:633} INFO - Processing file /home/airflow/.local/lib/python3.6/site-packages/airflow/example_dags/example_short_circuit_operator.py for tasks to queue
[2025-02-15 14:28:39,458] {logging_mixin.py:104} INFO - [2025-02-15 14:28:39,458] {dagbag.py:496} INFO - Filling up the DagBag from /home/airflow/.local/lib/python3.6/site-packages/airflow/example_dags/example_short_circuit_operator.py
[2025-02-15 14:28:39,475] {scheduler_job.py:643} INFO - DAG(s) dict_keys(['example_short_circuit_operator']) retrieved from /home/airflow/.local/lib/python3.6/site-packages/airflow/example_dags/example_short_circuit_operator.py
[2025-02-15 14:28:39,510] {logging_mixin.py:104} INFO - [2025-02-15 14:28:39,510] {dag.py:1833} INFO - Sync 1 DAGs
[2025-02-15 14:28:39,532] {logging_mixin.py:104} INFO - [2025-02-15 14:28:39,532] {dag.py:2306} INFO - Setting next_dagrun for example_short_circuit_operator to 2025-02-13 00:00:00+00:00
[2025-02-15 14:28:39,552] {scheduler_job.py:190} INFO - Processing /home/airflow/.local/lib/python3.6/site-packages/airflow/example_dags/example_short_circuit_operator.py took 0.101 seconds
[2025-02-15 14:29:09,963] {scheduler_job.py:182} INFO - Started process (PID=515) to work on /home/airflow/.local/lib/python3.6/site-packages/airflow/example_dags/example_short_circuit_operator.py
[2025-02-15 14:29:09,965] {scheduler_job.py:633} INFO - Processing file /home/airflow/.local/lib/python3.6/site-packages/airflow/example_dags/example_short_circuit_operator.py for tasks to queue
[2025-02-15 14:29:09,966] {logging_mixin.py:104} INFO - [2025-02-15 14:29:09,966] {dagbag.py:496} INFO - Filling up the DagBag from /home/airflow/.local/lib/python3.6/site-packages/airflow/example_dags/example_short_circuit_operator.py
[2025-02-15 14:29:09,997] {scheduler_job.py:643} INFO - DAG(s) dict_keys(['example_short_circuit_operator']) retrieved from /home/airflow/.local/lib/python3.6/site-packages/airflow/example_dags/example_short_circuit_operator.py
[2025-02-15 14:29:10,049] {logging_mixin.py:104} INFO - [2025-02-15 14:29:10,049] {dag.py:1833} INFO - Sync 1 DAGs
[2025-02-15 14:29:10,079] {logging_mixin.py:104} INFO - [2025-02-15 14:29:10,079] {dag.py:2306} INFO - Setting next_dagrun for example_short_circuit_operator to 2025-02-13 00:00:00+00:00
[2025-02-15 14:29:10,096] {scheduler_job.py:190} INFO - Processing /home/airflow/.local/lib/python3.6/site-packages/airflow/example_dags/example_short_circuit_operator.py took 0.140 seconds
[2025-02-15 14:29:40,336] {scheduler_job.py:182} INFO - Started process (PID=567) to work on /home/airflow/.local/lib/python3.6/site-packages/airflow/example_dags/example_short_circuit_operator.py
[2025-02-15 14:29:40,337] {scheduler_job.py:633} INFO - Processing file /home/airflow/.local/lib/python3.6/site-packages/airflow/example_dags/example_short_circuit_operator.py for tasks to queue
[2025-02-15 14:29:40,338] {logging_mixin.py:104} INFO - [2025-02-15 14:29:40,338] {dagbag.py:496} INFO - Filling up the DagBag from /home/airflow/.local/lib/python3.6/site-packages/airflow/example_dags/example_short_circuit_operator.py
[2025-02-15 14:29:40,354] {scheduler_job.py:643} INFO - DAG(s) dict_keys(['example_short_circuit_operator']) retrieved from /home/airflow/.local/lib/python3.6/site-packages/airflow/example_dags/example_short_circuit_operator.py
[2025-02-15 14:29:40,387] {logging_mixin.py:104} INFO - [2025-02-15 14:29:40,386] {dag.py:1833} INFO - Sync 1 DAGs
[2025-02-15 14:29:40,410] {logging_mixin.py:104} INFO - [2025-02-15 14:29:40,410] {dag.py:2306} INFO - Setting next_dagrun for example_short_circuit_operator to 2025-02-13 00:00:00+00:00
[2025-02-15 14:29:40,426] {scheduler_job.py:190} INFO - Processing /home/airflow/.local/lib/python3.6/site-packages/airflow/example_dags/example_short_circuit_operator.py took 0.093 seconds
[2025-02-15 14:30:10,941] {scheduler_job.py:182} INFO - Started process (PID=619) to work on /home/airflow/.local/lib/python3.6/site-packages/airflow/example_dags/example_short_circuit_operator.py
[2025-02-15 14:30:10,944] {scheduler_job.py:633} INFO - Processing file /home/airflow/.local/lib/python3.6/site-packages/airflow/example_dags/example_short_circuit_operator.py for tasks to queue
[2025-02-15 14:30:10,945] {logging_mixin.py:104} INFO - [2025-02-15 14:30:10,945] {dagbag.py:496} INFO - Filling up the DagBag from /home/airflow/.local/lib/python3.6/site-packages/airflow/example_dags/example_short_circuit_operator.py
[2025-02-15 14:30:10,973] {scheduler_job.py:643} INFO - DAG(s) dict_keys(['example_short_circuit_operator']) retrieved from /home/airflow/.local/lib/python3.6/site-packages/airflow/example_dags/example_short_circuit_operator.py
[2025-02-15 14:30:11,047] {logging_mixin.py:104} INFO - [2025-02-15 14:30:11,046] {dag.py:1833} INFO - Sync 1 DAGs
[2025-02-15 14:30:11,100] {logging_mixin.py:104} INFO - [2025-02-15 14:30:11,098] {dag.py:2306} INFO - Setting next_dagrun for example_short_circuit_operator to 2025-02-13 00:00:00+00:00
[2025-02-15 14:30:11,138] {scheduler_job.py:190} INFO - Processing /home/airflow/.local/lib/python3.6/site-packages/airflow/example_dags/example_short_circuit_operator.py took 0.204 seconds
[2025-02-15 14:30:42,277] {scheduler_job.py:182} INFO - Started process (PID=678) to work on /home/airflow/.local/lib/python3.6/site-packages/airflow/example_dags/example_short_circuit_operator.py
[2025-02-15 14:30:42,279] {scheduler_job.py:633} INFO - Processing file /home/airflow/.local/lib/python3.6/site-packages/airflow/example_dags/example_short_circuit_operator.py for tasks to queue
[2025-02-15 14:30:42,281] {logging_mixin.py:104} INFO - [2025-02-15 14:30:42,281] {dagbag.py:496} INFO - Filling up the DagBag from /home/airflow/.local/lib/python3.6/site-packages/airflow/example_dags/example_short_circuit_operator.py
[2025-02-15 14:30:42,308] {scheduler_job.py:643} INFO - DAG(s) dict_keys(['example_short_circuit_operator']) retrieved from /home/airflow/.local/lib/python3.6/site-packages/airflow/example_dags/example_short_circuit_operator.py
[2025-02-15 14:30:42,365] {logging_mixin.py:104} INFO - [2025-02-15 14:30:42,364] {dag.py:1833} INFO - Sync 1 DAGs
[2025-02-15 14:30:42,400] {logging_mixin.py:104} INFO - [2025-02-15 14:30:42,399] {dag.py:2306} INFO - Setting next_dagrun for example_short_circuit_operator to 2025-02-13 00:00:00+00:00
[2025-02-15 14:30:42,418] {scheduler_job.py:190} INFO - Processing /home/airflow/.local/lib/python3.6/site-packages/airflow/example_dags/example_short_circuit_operator.py took 0.148 seconds
[2025-02-15 14:31:12,760] {scheduler_job.py:182} INFO - Started process (PID=733) to work on /home/airflow/.local/lib/python3.6/site-packages/airflow/example_dags/example_short_circuit_operator.py
[2025-02-15 14:31:12,760] {scheduler_job.py:633} INFO - Processing file /home/airflow/.local/lib/python3.6/site-packages/airflow/example_dags/example_short_circuit_operator.py for tasks to queue
[2025-02-15 14:31:12,761] {logging_mixin.py:104} INFO - [2025-02-15 14:31:12,761] {dagbag.py:496} INFO - Filling up the DagBag from /home/airflow/.local/lib/python3.6/site-packages/airflow/example_dags/example_short_circuit_operator.py
[2025-02-15 14:31:12,773] {scheduler_job.py:643} INFO - DAG(s) dict_keys(['example_short_circuit_operator']) retrieved from /home/airflow/.local/lib/python3.6/site-packages/airflow/example_dags/example_short_circuit_operator.py
[2025-02-15 14:31:12,796] {logging_mixin.py:104} INFO - [2025-02-15 14:31:12,796] {dag.py:1833} INFO - Sync 1 DAGs
[2025-02-15 14:31:12,810] {logging_mixin.py:104} INFO - [2025-02-15 14:31:12,810] {dag.py:2306} INFO - Setting next_dagrun for example_short_circuit_operator to 2025-02-13 00:00:00+00:00
[2025-02-15 14:31:12,825] {scheduler_job.py:190} INFO - Processing /home/airflow/.local/lib/python3.6/site-packages/airflow/example_dags/example_short_circuit_operator.py took 0.068 seconds
[2025-02-15 14:31:43,081] {scheduler_job.py:182} INFO - Started process (PID=785) to work on /home/airflow/.local/lib/python3.6/site-packages/airflow/example_dags/example_short_circuit_operator.py
[2025-02-15 14:31:43,082] {scheduler_job.py:633} INFO - Processing file /home/airflow/.local/lib/python3.6/site-packages/airflow/example_dags/example_short_circuit_operator.py for tasks to queue
[2025-02-15 14:31:43,083] {logging_mixin.py:104} INFO - [2025-02-15 14:31:43,083] {dagbag.py:496} INFO - Filling up the DagBag from /home/airflow/.local/lib/python3.6/site-packages/airflow/example_dags/example_short_circuit_operator.py
[2025-02-15 14:31:43,094] {scheduler_job.py:643} INFO - DAG(s) dict_keys(['example_short_circuit_operator']) retrieved from /home/airflow/.local/lib/python3.6/site-packages/airflow/example_dags/example_short_circuit_operator.py
[2025-02-15 14:31:43,119] {logging_mixin.py:104} INFO - [2025-02-15 14:31:43,118] {dag.py:1833} INFO - Sync 1 DAGs
[2025-02-15 14:31:43,133] {logging_mixin.py:104} INFO - [2025-02-15 14:31:43,133] {dag.py:2306} INFO - Setting next_dagrun for example_short_circuit_operator to 2025-02-13 00:00:00+00:00
[2025-02-15 14:31:43,148] {scheduler_job.py:190} INFO - Processing /home/airflow/.local/lib/python3.6/site-packages/airflow/example_dags/example_short_circuit_operator.py took 0.070 seconds
[2025-02-15 14:32:13,546] {scheduler_job.py:182} INFO - Started process (PID=847) to work on /home/airflow/.local/lib/python3.6/site-packages/airflow/example_dags/example_short_circuit_operator.py
[2025-02-15 14:32:13,548] {scheduler_job.py:633} INFO - Processing file /home/airflow/.local/lib/python3.6/site-packages/airflow/example_dags/example_short_circuit_operator.py for tasks to queue
[2025-02-15 14:32:13,550] {logging_mixin.py:104} INFO - [2025-02-15 14:32:13,549] {dagbag.py:496} INFO - Filling up the DagBag from /home/airflow/.local/lib/python3.6/site-packages/airflow/example_dags/example_short_circuit_operator.py
[2025-02-15 14:32:13,577] {scheduler_job.py:643} INFO - DAG(s) dict_keys(['example_short_circuit_operator']) retrieved from /home/airflow/.local/lib/python3.6/site-packages/airflow/example_dags/example_short_circuit_operator.py
[2025-02-15 14:32:13,630] {logging_mixin.py:104} INFO - [2025-02-15 14:32:13,629] {dag.py:1833} INFO - Sync 1 DAGs
[2025-02-15 14:32:13,665] {logging_mixin.py:104} INFO - [2025-02-15 14:32:13,665] {dag.py:2306} INFO - Setting next_dagrun for example_short_circuit_operator to 2025-02-13 00:00:00+00:00
[2025-02-15 14:32:13,690] {scheduler_job.py:190} INFO - Processing /home/airflow/.local/lib/python3.6/site-packages/airflow/example_dags/example_short_circuit_operator.py took 0.150 seconds
[2025-02-15 14:32:44,448] {scheduler_job.py:182} INFO - Started process (PID=899) to work on /home/airflow/.local/lib/python3.6/site-packages/airflow/example_dags/example_short_circuit_operator.py
[2025-02-15 14:32:44,451] {scheduler_job.py:633} INFO - Processing file /home/airflow/.local/lib/python3.6/site-packages/airflow/example_dags/example_short_circuit_operator.py for tasks to queue
[2025-02-15 14:32:44,453] {logging_mixin.py:104} INFO - [2025-02-15 14:32:44,453] {dagbag.py:496} INFO - Filling up the DagBag from /home/airflow/.local/lib/python3.6/site-packages/airflow/example_dags/example_short_circuit_operator.py
[2025-02-15 14:32:44,485] {scheduler_job.py:643} INFO - DAG(s) dict_keys(['example_short_circuit_operator']) retrieved from /home/airflow/.local/lib/python3.6/site-packages/airflow/example_dags/example_short_circuit_operator.py
[2025-02-15 14:32:44,540] {logging_mixin.py:104} INFO - [2025-02-15 14:32:44,540] {dag.py:1833} INFO - Sync 1 DAGs
[2025-02-15 14:32:44,569] {logging_mixin.py:104} INFO - [2025-02-15 14:32:44,569] {dag.py:2306} INFO - Setting next_dagrun for example_short_circuit_operator to 2025-02-13 00:00:00+00:00
[2025-02-15 14:32:44,592] {scheduler_job.py:190} INFO - Processing /home/airflow/.local/lib/python3.6/site-packages/airflow/example_dags/example_short_circuit_operator.py took 0.153 seconds
[2025-02-15 14:33:14,963] {scheduler_job.py:182} INFO - Started process (PID=951) to work on /home/airflow/.local/lib/python3.6/site-packages/airflow/example_dags/example_short_circuit_operator.py
[2025-02-15 14:33:14,964] {scheduler_job.py:633} INFO - Processing file /home/airflow/.local/lib/python3.6/site-packages/airflow/example_dags/example_short_circuit_operator.py for tasks to queue
[2025-02-15 14:33:14,965] {logging_mixin.py:104} INFO - [2025-02-15 14:33:14,965] {dagbag.py:496} INFO - Filling up the DagBag from /home/airflow/.local/lib/python3.6/site-packages/airflow/example_dags/example_short_circuit_operator.py
[2025-02-15 14:33:14,980] {scheduler_job.py:643} INFO - DAG(s) dict_keys(['example_short_circuit_operator']) retrieved from /home/airflow/.local/lib/python3.6/site-packages/airflow/example_dags/example_short_circuit_operator.py
[2025-02-15 14:33:15,008] {logging_mixin.py:104} INFO - [2025-02-15 14:33:15,008] {dag.py:1833} INFO - Sync 1 DAGs
[2025-02-15 14:33:15,030] {logging_mixin.py:104} INFO - [2025-02-15 14:33:15,030] {dag.py:2306} INFO - Setting next_dagrun for example_short_circuit_operator to 2025-02-13 00:00:00+00:00
[2025-02-15 14:33:15,043] {scheduler_job.py:190} INFO - Processing /home/airflow/.local/lib/python3.6/site-packages/airflow/example_dags/example_short_circuit_operator.py took 0.084 seconds
[2025-02-15 14:33:46,236] {scheduler_job.py:182} INFO - Started process (PID=1013) to work on /home/airflow/.local/lib/python3.6/site-packages/airflow/example_dags/example_short_circuit_operator.py
[2025-02-15 14:33:46,237] {scheduler_job.py:633} INFO - Processing file /home/airflow/.local/lib/python3.6/site-packages/airflow/example_dags/example_short_circuit_operator.py for tasks to queue
[2025-02-15 14:33:46,239] {logging_mixin.py:104} INFO - [2025-02-15 14:33:46,238] {dagbag.py:496} INFO - Filling up the DagBag from /home/airflow/.local/lib/python3.6/site-packages/airflow/example_dags/example_short_circuit_operator.py
[2025-02-15 14:33:46,277] {scheduler_job.py:643} INFO - DAG(s) dict_keys(['example_short_circuit_operator']) retrieved from /home/airflow/.local/lib/python3.6/site-packages/airflow/example_dags/example_short_circuit_operator.py
[2025-02-15 14:33:46,346] {logging_mixin.py:104} INFO - [2025-02-15 14:33:46,346] {dag.py:1833} INFO - Sync 1 DAGs
[2025-02-15 14:33:46,387] {logging_mixin.py:104} INFO - [2025-02-15 14:33:46,386] {dag.py:2306} INFO - Setting next_dagrun for example_short_circuit_operator to 2025-02-13 00:00:00+00:00
[2025-02-15 14:33:46,412] {scheduler_job.py:190} INFO - Processing /home/airflow/.local/lib/python3.6/site-packages/airflow/example_dags/example_short_circuit_operator.py took 0.180 seconds
[2025-02-15 14:34:16,819] {scheduler_job.py:182} INFO - Started process (PID=1065) to work on /home/airflow/.local/lib/python3.6/site-packages/airflow/example_dags/example_short_circuit_operator.py
[2025-02-15 14:34:16,820] {scheduler_job.py:633} INFO - Processing file /home/airflow/.local/lib/python3.6/site-packages/airflow/example_dags/example_short_circuit_operator.py for tasks to queue
[2025-02-15 14:34:16,821] {logging_mixin.py:104} INFO - [2025-02-15 14:34:16,821] {dagbag.py:496} INFO - Filling up the DagBag from /home/airflow/.local/lib/python3.6/site-packages/airflow/example_dags/example_short_circuit_operator.py
[2025-02-15 14:34:16,849] {scheduler_job.py:643} INFO - DAG(s) dict_keys(['example_short_circuit_operator']) retrieved from /home/airflow/.local/lib/python3.6/site-packages/airflow/example_dags/example_short_circuit_operator.py
[2025-02-15 14:34:16,890] {logging_mixin.py:104} INFO - [2025-02-15 14:34:16,890] {dag.py:1833} INFO - Sync 1 DAGs
[2025-02-15 14:34:16,924] {logging_mixin.py:104} INFO - [2025-02-15 14:34:16,923] {dag.py:2306} INFO - Setting next_dagrun for example_short_circuit_operator to 2025-02-13 00:00:00+00:00
[2025-02-15 14:34:16,942] {scheduler_job.py:190} INFO - Processing /home/airflow/.local/lib/python3.6/site-packages/airflow/example_dags/example_short_circuit_operator.py took 0.128 seconds
[2025-02-15 14:38:23,863] {scheduler_job.py:182} INFO - Started process (PID=1148) to work on /home/airflow/.local/lib/python3.6/site-packages/airflow/example_dags/example_short_circuit_operator.py
[2025-02-15 14:38:23,866] {scheduler_job.py:633} INFO - Processing file /home/airflow/.local/lib/python3.6/site-packages/airflow/example_dags/example_short_circuit_operator.py for tasks to queue
[2025-02-15 14:38:23,867] {logging_mixin.py:104} INFO - [2025-02-15 14:38:23,867] {dagbag.py:496} INFO - Filling up the DagBag from /home/airflow/.local/lib/python3.6/site-packages/airflow/example_dags/example_short_circuit_operator.py
[2025-02-15 14:38:23,892] {scheduler_job.py:643} INFO - DAG(s) dict_keys(['example_short_circuit_operator']) retrieved from /home/airflow/.local/lib/python3.6/site-packages/airflow/example_dags/example_short_circuit_operator.py
[2025-02-15 14:38:23,939] {logging_mixin.py:104} INFO - [2025-02-15 14:38:23,939] {dag.py:1833} INFO - Sync 1 DAGs
[2025-02-15 14:38:23,959] {logging_mixin.py:104} INFO - [2025-02-15 14:38:23,959] {dag.py:2306} INFO - Setting next_dagrun for example_short_circuit_operator to 2025-02-13 00:00:00+00:00
[2025-02-15 14:38:23,980] {scheduler_job.py:190} INFO - Processing /home/airflow/.local/lib/python3.6/site-packages/airflow/example_dags/example_short_circuit_operator.py took 0.124 seconds
[2025-02-15 14:38:54,863] {scheduler_job.py:182} INFO - Started process (PID=1209) to work on /home/airflow/.local/lib/python3.6/site-packages/airflow/example_dags/example_short_circuit_operator.py
[2025-02-15 14:38:54,867] {scheduler_job.py:633} INFO - Processing file /home/airflow/.local/lib/python3.6/site-packages/airflow/example_dags/example_short_circuit_operator.py for tasks to queue
[2025-02-15 14:38:54,869] {logging_mixin.py:104} INFO - [2025-02-15 14:38:54,868] {dagbag.py:496} INFO - Filling up the DagBag from /home/airflow/.local/lib/python3.6/site-packages/airflow/example_dags/example_short_circuit_operator.py
[2025-02-15 14:38:54,908] {scheduler_job.py:643} INFO - DAG(s) dict_keys(['example_short_circuit_operator']) retrieved from /home/airflow/.local/lib/python3.6/site-packages/airflow/example_dags/example_short_circuit_operator.py
[2025-02-15 14:38:54,980] {logging_mixin.py:104} INFO - [2025-02-15 14:38:54,980] {dag.py:1833} INFO - Sync 1 DAGs
[2025-02-15 14:38:55,014] {logging_mixin.py:104} INFO - [2025-02-15 14:38:55,014] {dag.py:2306} INFO - Setting next_dagrun for example_short_circuit_operator to 2025-02-13 00:00:00+00:00
[2025-02-15 14:38:55,041] {scheduler_job.py:190} INFO - Processing /home/airflow/.local/lib/python3.6/site-packages/airflow/example_dags/example_short_circuit_operator.py took 0.191 seconds
[2025-02-15 14:44:05,776] {scheduler_job.py:182} INFO - Started process (PID=1252) to work on /home/airflow/.local/lib/python3.6/site-packages/airflow/example_dags/example_short_circuit_operator.py
[2025-02-15 14:44:05,781] {scheduler_job.py:633} INFO - Processing file /home/airflow/.local/lib/python3.6/site-packages/airflow/example_dags/example_short_circuit_operator.py for tasks to queue
[2025-02-15 14:44:05,785] {logging_mixin.py:104} INFO - [2025-02-15 14:44:05,784] {dagbag.py:496} INFO - Filling up the DagBag from /home/airflow/.local/lib/python3.6/site-packages/airflow/example_dags/example_short_circuit_operator.py
[2025-02-15 14:44:05,840] {scheduler_job.py:643} INFO - DAG(s) dict_keys(['example_short_circuit_operator']) retrieved from /home/airflow/.local/lib/python3.6/site-packages/airflow/example_dags/example_short_circuit_operator.py
[2025-02-15 14:44:05,944] {logging_mixin.py:104} INFO - [2025-02-15 14:44:05,943] {dag.py:1833} INFO - Sync 1 DAGs
[2025-02-15 14:44:06,020] {logging_mixin.py:104} INFO - [2025-02-15 14:44:06,019] {dag.py:2306} INFO - Setting next_dagrun for example_short_circuit_operator to 2025-02-13 00:00:00+00:00
[2025-02-15 14:44:06,080] {scheduler_job.py:190} INFO - Processing /home/airflow/.local/lib/python3.6/site-packages/airflow/example_dags/example_short_circuit_operator.py took 0.317 seconds
[2025-02-15 14:44:36,718] {scheduler_job.py:182} INFO - Started process (PID=1296) to work on /home/airflow/.local/lib/python3.6/site-packages/airflow/example_dags/example_short_circuit_operator.py
[2025-02-15 14:44:36,719] {scheduler_job.py:633} INFO - Processing file /home/airflow/.local/lib/python3.6/site-packages/airflow/example_dags/example_short_circuit_operator.py for tasks to queue
[2025-02-15 14:44:36,720] {logging_mixin.py:104} INFO - [2025-02-15 14:44:36,720] {dagbag.py:496} INFO - Filling up the DagBag from /home/airflow/.local/lib/python3.6/site-packages/airflow/example_dags/example_short_circuit_operator.py
[2025-02-15 14:44:36,739] {scheduler_job.py:643} INFO - DAG(s) dict_keys(['example_short_circuit_operator']) retrieved from /home/airflow/.local/lib/python3.6/site-packages/airflow/example_dags/example_short_circuit_operator.py
[2025-02-15 14:44:36,772] {logging_mixin.py:104} INFO - [2025-02-15 14:44:36,771] {dag.py:1833} INFO - Sync 1 DAGs
[2025-02-15 14:44:36,788] {logging_mixin.py:104} INFO - [2025-02-15 14:44:36,788] {dag.py:2306} INFO - Setting next_dagrun for example_short_circuit_operator to 2025-02-13 00:00:00+00:00
[2025-02-15 14:44:36,808] {scheduler_job.py:190} INFO - Processing /home/airflow/.local/lib/python3.6/site-packages/airflow/example_dags/example_short_circuit_operator.py took 0.094 seconds
[2025-02-15 14:46:13,938] {scheduler_job.py:182} INFO - Started process (PID=69) to work on /home/airflow/.local/lib/python3.6/site-packages/airflow/example_dags/example_short_circuit_operator.py
[2025-02-15 14:46:13,945] {scheduler_job.py:633} INFO - Processing file /home/airflow/.local/lib/python3.6/site-packages/airflow/example_dags/example_short_circuit_operator.py for tasks to queue
[2025-02-15 14:46:13,951] {logging_mixin.py:104} INFO - [2025-02-15 14:46:13,950] {dagbag.py:496} INFO - Filling up the DagBag from /home/airflow/.local/lib/python3.6/site-packages/airflow/example_dags/example_short_circuit_operator.py
[2025-02-15 14:46:14,092] {scheduler_job.py:643} INFO - DAG(s) dict_keys(['example_short_circuit_operator']) retrieved from /home/airflow/.local/lib/python3.6/site-packages/airflow/example_dags/example_short_circuit_operator.py
[2025-02-15 14:46:14,269] {logging_mixin.py:104} INFO - [2025-02-15 14:46:14,269] {dag.py:1833} INFO - Sync 1 DAGs
[2025-02-15 14:46:14,401] {logging_mixin.py:104} INFO - [2025-02-15 14:46:14,401] {dag.py:2306} INFO - Setting next_dagrun for example_short_circuit_operator to 2025-02-13 00:00:00+00:00
[2025-02-15 14:46:14,480] {scheduler_job.py:190} INFO - Processing /home/airflow/.local/lib/python3.6/site-packages/airflow/example_dags/example_short_circuit_operator.py took 0.567 seconds
[2025-02-15 14:46:45,054] {scheduler_job.py:182} INFO - Started process (PID=119) to work on /home/airflow/.local/lib/python3.6/site-packages/airflow/example_dags/example_short_circuit_operator.py
[2025-02-15 14:46:45,058] {scheduler_job.py:633} INFO - Processing file /home/airflow/.local/lib/python3.6/site-packages/airflow/example_dags/example_short_circuit_operator.py for tasks to queue
[2025-02-15 14:46:45,060] {logging_mixin.py:104} INFO - [2025-02-15 14:46:45,059] {dagbag.py:496} INFO - Filling up the DagBag from /home/airflow/.local/lib/python3.6/site-packages/airflow/example_dags/example_short_circuit_operator.py
[2025-02-15 14:46:45,100] {scheduler_job.py:643} INFO - DAG(s) dict_keys(['example_short_circuit_operator']) retrieved from /home/airflow/.local/lib/python3.6/site-packages/airflow/example_dags/example_short_circuit_operator.py
[2025-02-15 14:46:45,172] {logging_mixin.py:104} INFO - [2025-02-15 14:46:45,172] {dag.py:1833} INFO - Sync 1 DAGs
[2025-02-15 14:46:45,230] {logging_mixin.py:104} INFO - [2025-02-15 14:46:45,229] {dag.py:2306} INFO - Setting next_dagrun for example_short_circuit_operator to 2025-02-13 00:00:00+00:00
[2025-02-15 14:46:45,270] {scheduler_job.py:190} INFO - Processing /home/airflow/.local/lib/python3.6/site-packages/airflow/example_dags/example_short_circuit_operator.py took 0.225 seconds
[2025-02-15 14:47:15,347] {scheduler_job.py:182} INFO - Started process (PID=169) to work on /home/airflow/.local/lib/python3.6/site-packages/airflow/example_dags/example_short_circuit_operator.py
[2025-02-15 14:47:15,349] {scheduler_job.py:633} INFO - Processing file /home/airflow/.local/lib/python3.6/site-packages/airflow/example_dags/example_short_circuit_operator.py for tasks to queue
[2025-02-15 14:47:15,351] {logging_mixin.py:104} INFO - [2025-02-15 14:47:15,350] {dagbag.py:496} INFO - Filling up the DagBag from /home/airflow/.local/lib/python3.6/site-packages/airflow/example_dags/example_short_circuit_operator.py
[2025-02-15 14:47:15,378] {scheduler_job.py:643} INFO - DAG(s) dict_keys(['example_short_circuit_operator']) retrieved from /home/airflow/.local/lib/python3.6/site-packages/airflow/example_dags/example_short_circuit_operator.py
[2025-02-15 14:47:15,425] {logging_mixin.py:104} INFO - [2025-02-15 14:47:15,425] {dag.py:1833} INFO - Sync 1 DAGs
[2025-02-15 14:47:15,457] {logging_mixin.py:104} INFO - [2025-02-15 14:47:15,457] {dag.py:2306} INFO - Setting next_dagrun for example_short_circuit_operator to 2025-02-13 00:00:00+00:00
[2025-02-15 14:47:15,478] {scheduler_job.py:190} INFO - Processing /home/airflow/.local/lib/python3.6/site-packages/airflow/example_dags/example_short_circuit_operator.py took 0.138 seconds
[2025-02-15 14:47:46,283] {scheduler_job.py:182} INFO - Started process (PID=224) to work on /home/airflow/.local/lib/python3.6/site-packages/airflow/example_dags/example_short_circuit_operator.py
[2025-02-15 14:47:46,284] {scheduler_job.py:633} INFO - Processing file /home/airflow/.local/lib/python3.6/site-packages/airflow/example_dags/example_short_circuit_operator.py for tasks to queue
[2025-02-15 14:47:46,284] {logging_mixin.py:104} INFO - [2025-02-15 14:47:46,284] {dagbag.py:496} INFO - Filling up the DagBag from /home/airflow/.local/lib/python3.6/site-packages/airflow/example_dags/example_short_circuit_operator.py
[2025-02-15 14:47:46,297] {scheduler_job.py:643} INFO - DAG(s) dict_keys(['example_short_circuit_operator']) retrieved from /home/airflow/.local/lib/python3.6/site-packages/airflow/example_dags/example_short_circuit_operator.py
[2025-02-15 14:47:46,321] {logging_mixin.py:104} INFO - [2025-02-15 14:47:46,321] {dag.py:1833} INFO - Sync 1 DAGs
[2025-02-15 14:47:46,336] {logging_mixin.py:104} INFO - [2025-02-15 14:47:46,336] {dag.py:2306} INFO - Setting next_dagrun for example_short_circuit_operator to 2025-02-13 00:00:00+00:00
[2025-02-15 14:47:46,348] {scheduler_job.py:190} INFO - Processing /home/airflow/.local/lib/python3.6/site-packages/airflow/example_dags/example_short_circuit_operator.py took 0.071 seconds
[2025-02-15 14:48:16,952] {scheduler_job.py:182} INFO - Started process (PID=276) to work on /home/airflow/.local/lib/python3.6/site-packages/airflow/example_dags/example_short_circuit_operator.py
[2025-02-15 14:48:16,956] {scheduler_job.py:633} INFO - Processing file /home/airflow/.local/lib/python3.6/site-packages/airflow/example_dags/example_short_circuit_operator.py for tasks to queue
[2025-02-15 14:48:16,957] {logging_mixin.py:104} INFO - [2025-02-15 14:48:16,957] {dagbag.py:496} INFO - Filling up the DagBag from /home/airflow/.local/lib/python3.6/site-packages/airflow/example_dags/example_short_circuit_operator.py
[2025-02-15 14:48:16,975] {scheduler_job.py:643} INFO - DAG(s) dict_keys(['example_short_circuit_operator']) retrieved from /home/airflow/.local/lib/python3.6/site-packages/airflow/example_dags/example_short_circuit_operator.py
[2025-02-15 14:48:17,011] {logging_mixin.py:104} INFO - [2025-02-15 14:48:17,011] {dag.py:1833} INFO - Sync 1 DAGs
[2025-02-15 14:48:17,030] {logging_mixin.py:104} INFO - [2025-02-15 14:48:17,030] {dag.py:2306} INFO - Setting next_dagrun for example_short_circuit_operator to 2025-02-13 00:00:00+00:00
[2025-02-15 14:48:17,043] {scheduler_job.py:190} INFO - Processing /home/airflow/.local/lib/python3.6/site-packages/airflow/example_dags/example_short_circuit_operator.py took 0.096 seconds
[2025-02-15 14:48:47,837] {scheduler_job.py:182} INFO - Started process (PID=338) to work on /home/airflow/.local/lib/python3.6/site-packages/airflow/example_dags/example_short_circuit_operator.py
[2025-02-15 14:48:47,838] {scheduler_job.py:633} INFO - Processing file /home/airflow/.local/lib/python3.6/site-packages/airflow/example_dags/example_short_circuit_operator.py for tasks to queue
[2025-02-15 14:48:47,839] {logging_mixin.py:104} INFO - [2025-02-15 14:48:47,839] {dagbag.py:496} INFO - Filling up the DagBag from /home/airflow/.local/lib/python3.6/site-packages/airflow/example_dags/example_short_circuit_operator.py
[2025-02-15 14:48:47,860] {scheduler_job.py:643} INFO - DAG(s) dict_keys(['example_short_circuit_operator']) retrieved from /home/airflow/.local/lib/python3.6/site-packages/airflow/example_dags/example_short_circuit_operator.py
[2025-02-15 14:48:47,898] {logging_mixin.py:104} INFO - [2025-02-15 14:48:47,898] {dag.py:1833} INFO - Sync 1 DAGs
[2025-02-15 14:48:47,928] {logging_mixin.py:104} INFO - [2025-02-15 14:48:47,927] {dag.py:2306} INFO - Setting next_dagrun for example_short_circuit_operator to 2025-02-13 00:00:00+00:00
[2025-02-15 14:48:47,946] {scheduler_job.py:190} INFO - Processing /home/airflow/.local/lib/python3.6/site-packages/airflow/example_dags/example_short_circuit_operator.py took 0.114 seconds
[2025-02-15 14:49:18,386] {scheduler_job.py:182} INFO - Started process (PID=390) to work on /home/airflow/.local/lib/python3.6/site-packages/airflow/example_dags/example_short_circuit_operator.py
[2025-02-15 14:49:18,390] {scheduler_job.py:633} INFO - Processing file /home/airflow/.local/lib/python3.6/site-packages/airflow/example_dags/example_short_circuit_operator.py for tasks to queue
[2025-02-15 14:49:18,397] {logging_mixin.py:104} INFO - [2025-02-15 14:49:18,397] {dagbag.py:496} INFO - Filling up the DagBag from /home/airflow/.local/lib/python3.6/site-packages/airflow/example_dags/example_short_circuit_operator.py
[2025-02-15 14:49:18,434] {scheduler_job.py:643} INFO - DAG(s) dict_keys(['example_short_circuit_operator']) retrieved from /home/airflow/.local/lib/python3.6/site-packages/airflow/example_dags/example_short_circuit_operator.py
[2025-02-15 14:49:18,475] {logging_mixin.py:104} INFO - [2025-02-15 14:49:18,475] {dag.py:1833} INFO - Sync 1 DAGs
[2025-02-15 14:49:18,502] {logging_mixin.py:104} INFO - [2025-02-15 14:49:18,502] {dag.py:2306} INFO - Setting next_dagrun for example_short_circuit_operator to 2025-02-13 00:00:00+00:00
[2025-02-15 14:49:18,517] {scheduler_job.py:190} INFO - Processing /home/airflow/.local/lib/python3.6/site-packages/airflow/example_dags/example_short_circuit_operator.py took 0.144 seconds
[2025-02-15 14:49:48,557] {scheduler_job.py:182} INFO - Started process (PID=441) to work on /home/airflow/.local/lib/python3.6/site-packages/airflow/example_dags/example_short_circuit_operator.py
[2025-02-15 14:49:48,560] {scheduler_job.py:633} INFO - Processing file /home/airflow/.local/lib/python3.6/site-packages/airflow/example_dags/example_short_circuit_operator.py for tasks to queue
[2025-02-15 14:49:48,562] {logging_mixin.py:104} INFO - [2025-02-15 14:49:48,562] {dagbag.py:496} INFO - Filling up the DagBag from /home/airflow/.local/lib/python3.6/site-packages/airflow/example_dags/example_short_circuit_operator.py
[2025-02-15 14:49:48,600] {scheduler_job.py:643} INFO - DAG(s) dict_keys(['example_short_circuit_operator']) retrieved from /home/airflow/.local/lib/python3.6/site-packages/airflow/example_dags/example_short_circuit_operator.py
[2025-02-15 14:49:48,653] {logging_mixin.py:104} INFO - [2025-02-15 14:49:48,653] {dag.py:1833} INFO - Sync 1 DAGs
[2025-02-15 14:49:48,684] {logging_mixin.py:104} INFO - [2025-02-15 14:49:48,683] {dag.py:2306} INFO - Setting next_dagrun for example_short_circuit_operator to 2025-02-13 00:00:00+00:00
[2025-02-15 14:49:48,706] {scheduler_job.py:190} INFO - Processing /home/airflow/.local/lib/python3.6/site-packages/airflow/example_dags/example_short_circuit_operator.py took 0.157 seconds
[2025-02-15 14:50:18,734] {scheduler_job.py:182} INFO - Started process (PID=503) to work on /home/airflow/.local/lib/python3.6/site-packages/airflow/example_dags/example_short_circuit_operator.py
[2025-02-15 14:50:18,735] {scheduler_job.py:633} INFO - Processing file /home/airflow/.local/lib/python3.6/site-packages/airflow/example_dags/example_short_circuit_operator.py for tasks to queue
[2025-02-15 14:50:18,736] {logging_mixin.py:104} INFO - [2025-02-15 14:50:18,736] {dagbag.py:496} INFO - Filling up the DagBag from /home/airflow/.local/lib/python3.6/site-packages/airflow/example_dags/example_short_circuit_operator.py
[2025-02-15 14:50:18,750] {scheduler_job.py:643} INFO - DAG(s) dict_keys(['example_short_circuit_operator']) retrieved from /home/airflow/.local/lib/python3.6/site-packages/airflow/example_dags/example_short_circuit_operator.py
[2025-02-15 14:50:18,778] {logging_mixin.py:104} INFO - [2025-02-15 14:50:18,778] {dag.py:1833} INFO - Sync 1 DAGs
[2025-02-15 14:50:18,798] {logging_mixin.py:104} INFO - [2025-02-15 14:50:18,797] {dag.py:2306} INFO - Setting next_dagrun for example_short_circuit_operator to 2025-02-13 00:00:00+00:00
[2025-02-15 14:50:18,813] {scheduler_job.py:190} INFO - Processing /home/airflow/.local/lib/python3.6/site-packages/airflow/example_dags/example_short_circuit_operator.py took 0.082 seconds
[2025-02-15 14:50:48,827] {scheduler_job.py:182} INFO - Started process (PID=555) to work on /home/airflow/.local/lib/python3.6/site-packages/airflow/example_dags/example_short_circuit_operator.py
[2025-02-15 14:50:48,828] {scheduler_job.py:633} INFO - Processing file /home/airflow/.local/lib/python3.6/site-packages/airflow/example_dags/example_short_circuit_operator.py for tasks to queue
[2025-02-15 14:50:48,828] {logging_mixin.py:104} INFO - [2025-02-15 14:50:48,828] {dagbag.py:496} INFO - Filling up the DagBag from /home/airflow/.local/lib/python3.6/site-packages/airflow/example_dags/example_short_circuit_operator.py
[2025-02-15 14:50:48,841] {scheduler_job.py:643} INFO - DAG(s) dict_keys(['example_short_circuit_operator']) retrieved from /home/airflow/.local/lib/python3.6/site-packages/airflow/example_dags/example_short_circuit_operator.py
[2025-02-15 14:50:48,866] {logging_mixin.py:104} INFO - [2025-02-15 14:50:48,865] {dag.py:1833} INFO - Sync 1 DAGs
[2025-02-15 14:50:48,880] {logging_mixin.py:104} INFO - [2025-02-15 14:50:48,880] {dag.py:2306} INFO - Setting next_dagrun for example_short_circuit_operator to 2025-02-13 00:00:00+00:00
[2025-02-15 14:50:48,895] {scheduler_job.py:190} INFO - Processing /home/airflow/.local/lib/python3.6/site-packages/airflow/example_dags/example_short_circuit_operator.py took 0.072 seconds
[2025-02-15 14:51:19,052] {scheduler_job.py:182} INFO - Started process (PID=607) to work on /home/airflow/.local/lib/python3.6/site-packages/airflow/example_dags/example_short_circuit_operator.py
[2025-02-15 14:51:19,053] {scheduler_job.py:633} INFO - Processing file /home/airflow/.local/lib/python3.6/site-packages/airflow/example_dags/example_short_circuit_operator.py for tasks to queue
[2025-02-15 14:51:19,053] {logging_mixin.py:104} INFO - [2025-02-15 14:51:19,053] {dagbag.py:496} INFO - Filling up the DagBag from /home/airflow/.local/lib/python3.6/site-packages/airflow/example_dags/example_short_circuit_operator.py
[2025-02-15 14:51:19,065] {scheduler_job.py:643} INFO - DAG(s) dict_keys(['example_short_circuit_operator']) retrieved from /home/airflow/.local/lib/python3.6/site-packages/airflow/example_dags/example_short_circuit_operator.py
[2025-02-15 14:51:19,088] {logging_mixin.py:104} INFO - [2025-02-15 14:51:19,088] {dag.py:1833} INFO - Sync 1 DAGs
[2025-02-15 14:51:19,104] {logging_mixin.py:104} INFO - [2025-02-15 14:51:19,103] {dag.py:2306} INFO - Setting next_dagrun for example_short_circuit_operator to 2025-02-13 00:00:00+00:00
[2025-02-15 14:51:19,118] {scheduler_job.py:190} INFO - Processing /home/airflow/.local/lib/python3.6/site-packages/airflow/example_dags/example_short_circuit_operator.py took 0.069 seconds
[2025-02-15 14:51:49,482] {scheduler_job.py:182} INFO - Started process (PID=670) to work on /home/airflow/.local/lib/python3.6/site-packages/airflow/example_dags/example_short_circuit_operator.py
[2025-02-15 14:51:49,484] {scheduler_job.py:633} INFO - Processing file /home/airflow/.local/lib/python3.6/site-packages/airflow/example_dags/example_short_circuit_operator.py for tasks to queue
[2025-02-15 14:51:49,485] {logging_mixin.py:104} INFO - [2025-02-15 14:51:49,485] {dagbag.py:496} INFO - Filling up the DagBag from /home/airflow/.local/lib/python3.6/site-packages/airflow/example_dags/example_short_circuit_operator.py
[2025-02-15 14:51:49,513] {scheduler_job.py:643} INFO - DAG(s) dict_keys(['example_short_circuit_operator']) retrieved from /home/airflow/.local/lib/python3.6/site-packages/airflow/example_dags/example_short_circuit_operator.py
[2025-02-15 14:51:49,557] {logging_mixin.py:104} INFO - [2025-02-15 14:51:49,557] {dag.py:1833} INFO - Sync 1 DAGs
[2025-02-15 14:51:49,580] {logging_mixin.py:104} INFO - [2025-02-15 14:51:49,580] {dag.py:2306} INFO - Setting next_dagrun for example_short_circuit_operator to 2025-02-13 00:00:00+00:00
[2025-02-15 14:51:49,600] {scheduler_job.py:190} INFO - Processing /home/airflow/.local/lib/python3.6/site-packages/airflow/example_dags/example_short_circuit_operator.py took 0.123 seconds
[2025-02-15 15:12:39,514] {scheduler_job.py:182} INFO - Started process (PID=729) to work on /home/airflow/.local/lib/python3.6/site-packages/airflow/example_dags/example_short_circuit_operator.py
[2025-02-15 15:12:39,538] {scheduler_job.py:633} INFO - Processing file /home/airflow/.local/lib/python3.6/site-packages/airflow/example_dags/example_short_circuit_operator.py for tasks to queue
[2025-02-15 15:12:39,539] {logging_mixin.py:104} INFO - [2025-02-15 15:12:39,539] {dagbag.py:496} INFO - Filling up the DagBag from /home/airflow/.local/lib/python3.6/site-packages/airflow/example_dags/example_short_circuit_operator.py
[2025-02-15 15:12:39,564] {scheduler_job.py:643} INFO - DAG(s) dict_keys(['example_short_circuit_operator']) retrieved from /home/airflow/.local/lib/python3.6/site-packages/airflow/example_dags/example_short_circuit_operator.py
[2025-02-15 15:12:39,619] {logging_mixin.py:104} INFO - [2025-02-15 15:12:39,618] {dag.py:1833} INFO - Sync 1 DAGs
[2025-02-15 15:12:39,641] {logging_mixin.py:104} INFO - [2025-02-15 15:12:39,640] {dag.py:2306} INFO - Setting next_dagrun for example_short_circuit_operator to 2025-02-13 00:00:00+00:00
[2025-02-15 15:12:39,677] {scheduler_job.py:190} INFO - Processing /home/airflow/.local/lib/python3.6/site-packages/airflow/example_dags/example_short_circuit_operator.py took 0.170 seconds
[2025-02-15 15:13:10,419] {scheduler_job.py:182} INFO - Started process (PID=782) to work on /home/airflow/.local/lib/python3.6/site-packages/airflow/example_dags/example_short_circuit_operator.py
[2025-02-15 15:13:10,422] {scheduler_job.py:633} INFO - Processing file /home/airflow/.local/lib/python3.6/site-packages/airflow/example_dags/example_short_circuit_operator.py for tasks to queue
[2025-02-15 15:13:10,426] {logging_mixin.py:104} INFO - [2025-02-15 15:13:10,425] {dagbag.py:496} INFO - Filling up the DagBag from /home/airflow/.local/lib/python3.6/site-packages/airflow/example_dags/example_short_circuit_operator.py
[2025-02-15 15:13:10,512] {scheduler_job.py:643} INFO - DAG(s) dict_keys(['example_short_circuit_operator']) retrieved from /home/airflow/.local/lib/python3.6/site-packages/airflow/example_dags/example_short_circuit_operator.py
[2025-02-15 15:13:10,657] {logging_mixin.py:104} INFO - [2025-02-15 15:13:10,656] {dag.py:1833} INFO - Sync 1 DAGs
[2025-02-15 15:13:10,694] {logging_mixin.py:104} INFO - [2025-02-15 15:13:10,694] {dag.py:2306} INFO - Setting next_dagrun for example_short_circuit_operator to 2025-02-13 00:00:00+00:00
[2025-02-15 15:13:10,743] {scheduler_job.py:190} INFO - Processing /home/airflow/.local/lib/python3.6/site-packages/airflow/example_dags/example_short_circuit_operator.py took 0.336 seconds
[2025-02-15 15:20:36,794] {scheduler_job.py:182} INFO - Started process (PID=79) to work on /home/airflow/.local/lib/python3.6/site-packages/airflow/example_dags/example_short_circuit_operator.py
[2025-02-15 15:20:36,817] {scheduler_job.py:633} INFO - Processing file /home/airflow/.local/lib/python3.6/site-packages/airflow/example_dags/example_short_circuit_operator.py for tasks to queue
[2025-02-15 15:20:36,839] {logging_mixin.py:104} INFO - [2025-02-15 15:20:36,838] {dagbag.py:496} INFO - Filling up the DagBag from /home/airflow/.local/lib/python3.6/site-packages/airflow/example_dags/example_short_circuit_operator.py
[2025-02-15 15:20:36,932] {scheduler_job.py:643} INFO - DAG(s) dict_keys(['example_short_circuit_operator']) retrieved from /home/airflow/.local/lib/python3.6/site-packages/airflow/example_dags/example_short_circuit_operator.py
[2025-02-15 15:20:37,187] {logging_mixin.py:104} INFO - [2025-02-15 15:20:37,187] {dag.py:1833} INFO - Sync 1 DAGs
[2025-02-15 15:20:37,336] {logging_mixin.py:104} INFO - [2025-02-15 15:20:37,336] {dag.py:2306} INFO - Setting next_dagrun for example_short_circuit_operator to 2025-02-13 00:00:00+00:00
[2025-02-15 15:20:37,408] {scheduler_job.py:190} INFO - Processing /home/airflow/.local/lib/python3.6/site-packages/airflow/example_dags/example_short_circuit_operator.py took 0.684 seconds
[2025-02-15 15:21:07,590] {scheduler_job.py:182} INFO - Started process (PID=128) to work on /home/airflow/.local/lib/python3.6/site-packages/airflow/example_dags/example_short_circuit_operator.py
[2025-02-15 15:21:07,593] {scheduler_job.py:633} INFO - Processing file /home/airflow/.local/lib/python3.6/site-packages/airflow/example_dags/example_short_circuit_operator.py for tasks to queue
[2025-02-15 15:21:07,594] {logging_mixin.py:104} INFO - [2025-02-15 15:21:07,594] {dagbag.py:496} INFO - Filling up the DagBag from /home/airflow/.local/lib/python3.6/site-packages/airflow/example_dags/example_short_circuit_operator.py
[2025-02-15 15:21:07,829] {scheduler_job.py:643} INFO - DAG(s) dict_keys(['example_short_circuit_operator']) retrieved from /home/airflow/.local/lib/python3.6/site-packages/airflow/example_dags/example_short_circuit_operator.py
[2025-02-15 15:21:08,091] {logging_mixin.py:104} INFO - [2025-02-15 15:21:08,090] {dag.py:1833} INFO - Sync 1 DAGs
[2025-02-15 15:21:08,296] {logging_mixin.py:104} INFO - [2025-02-15 15:21:08,296] {dag.py:2306} INFO - Setting next_dagrun for example_short_circuit_operator to 2025-02-13 00:00:00+00:00
[2025-02-15 15:21:08,491] {scheduler_job.py:190} INFO - Processing /home/airflow/.local/lib/python3.6/site-packages/airflow/example_dags/example_short_circuit_operator.py took 0.946 seconds
[2025-02-15 15:21:49,796] {scheduler_job.py:182} INFO - Started process (PID=174) to work on /home/airflow/.local/lib/python3.6/site-packages/airflow/example_dags/example_short_circuit_operator.py
[2025-02-15 15:21:49,813] {scheduler_job.py:633} INFO - Processing file /home/airflow/.local/lib/python3.6/site-packages/airflow/example_dags/example_short_circuit_operator.py for tasks to queue
[2025-02-15 15:21:49,815] {logging_mixin.py:104} INFO - [2025-02-15 15:21:49,815] {dagbag.py:496} INFO - Filling up the DagBag from /home/airflow/.local/lib/python3.6/site-packages/airflow/example_dags/example_short_circuit_operator.py
[2025-02-15 15:21:50,953] {scheduler_job.py:643} INFO - DAG(s) dict_keys(['example_short_circuit_operator']) retrieved from /home/airflow/.local/lib/python3.6/site-packages/airflow/example_dags/example_short_circuit_operator.py
[2025-02-15 15:21:51,630] {logging_mixin.py:104} INFO - [2025-02-15 15:21:51,629] {dag.py:1833} INFO - Sync 1 DAGs
[2025-02-15 15:21:52,090] {logging_mixin.py:104} INFO - [2025-02-15 15:21:52,090] {dag.py:2306} INFO - Setting next_dagrun for example_short_circuit_operator to 2025-02-13 00:00:00+00:00
[2025-02-15 15:21:52,396] {scheduler_job.py:190} INFO - Processing /home/airflow/.local/lib/python3.6/site-packages/airflow/example_dags/example_short_circuit_operator.py took 2.644 seconds
