[2025-02-15 13:54:17,985] {scheduler_job.py:182} INFO - Started process (PID=85) to work on /home/airflow/.local/lib/python3.6/site-packages/airflow/example_dags/example_xcom.py
[2025-02-15 13:54:17,988] {scheduler_job.py:633} INFO - Processing file /home/airflow/.local/lib/python3.6/site-packages/airflow/example_dags/example_xcom.py for tasks to queue
[2025-02-15 13:54:17,990] {logging_mixin.py:104} INFO - [2025-02-15 13:54:17,990] {dagbag.py:496} INFO - Filling up the DagBag from /home/airflow/.local/lib/python3.6/site-packages/airflow/example_dags/example_xcom.py
[2025-02-15 13:54:18,028] {scheduler_job.py:643} INFO - DAG(s) dict_keys(['example_xcom']) retrieved from /home/airflow/.local/lib/python3.6/site-packages/airflow/example_dags/example_xcom.py
[2025-02-15 13:54:19,056] {logging_mixin.py:104} INFO - [2025-02-15 13:54:19,056] {dag.py:1833} INFO - Sync 1 DAGs
[2025-02-15 13:54:19,115] {logging_mixin.py:104} INFO - [2025-02-15 13:54:19,114] {dag.py:2306} INFO - Setting next_dagrun for example_xcom to 2025-02-13 00:00:00+00:00
[2025-02-15 13:54:19,160] {scheduler_job.py:190} INFO - Processing /home/airflow/.local/lib/python3.6/site-packages/airflow/example_dags/example_xcom.py took 1.188 seconds
[2025-02-15 13:54:51,949] {scheduler_job.py:182} INFO - Started process (PID=131) to work on /home/airflow/.local/lib/python3.6/site-packages/airflow/example_dags/example_xcom.py
[2025-02-15 13:54:51,966] {scheduler_job.py:633} INFO - Processing file /home/airflow/.local/lib/python3.6/site-packages/airflow/example_dags/example_xcom.py for tasks to queue
[2025-02-15 13:54:51,971] {logging_mixin.py:104} INFO - [2025-02-15 13:54:51,970] {dagbag.py:496} INFO - Filling up the DagBag from /home/airflow/.local/lib/python3.6/site-packages/airflow/example_dags/example_xcom.py
[2025-02-15 13:54:52,190] {scheduler_job.py:643} INFO - DAG(s) dict_keys(['example_xcom']) retrieved from /home/airflow/.local/lib/python3.6/site-packages/airflow/example_dags/example_xcom.py
[2025-02-15 13:54:52,572] {logging_mixin.py:104} INFO - [2025-02-15 13:54:52,572] {dag.py:1833} INFO - Sync 1 DAGs
[2025-02-15 13:54:52,891] {logging_mixin.py:104} INFO - [2025-02-15 13:54:52,889] {dag.py:2306} INFO - Setting next_dagrun for example_xcom to 2025-02-13 00:00:00+00:00
[2025-02-15 13:54:53,035] {scheduler_job.py:190} INFO - Processing /home/airflow/.local/lib/python3.6/site-packages/airflow/example_dags/example_xcom.py took 1.119 seconds
[2025-02-15 13:55:25,800] {scheduler_job.py:182} INFO - Started process (PID=175) to work on /home/airflow/.local/lib/python3.6/site-packages/airflow/example_dags/example_xcom.py
[2025-02-15 13:55:25,804] {scheduler_job.py:633} INFO - Processing file /home/airflow/.local/lib/python3.6/site-packages/airflow/example_dags/example_xcom.py for tasks to queue
[2025-02-15 13:55:25,806] {logging_mixin.py:104} INFO - [2025-02-15 13:55:25,806] {dagbag.py:496} INFO - Filling up the DagBag from /home/airflow/.local/lib/python3.6/site-packages/airflow/example_dags/example_xcom.py
[2025-02-15 13:55:25,847] {scheduler_job.py:643} INFO - DAG(s) dict_keys(['example_xcom']) retrieved from /home/airflow/.local/lib/python3.6/site-packages/airflow/example_dags/example_xcom.py
[2025-02-15 13:55:25,945] {logging_mixin.py:104} INFO - [2025-02-15 13:55:25,945] {dag.py:1833} INFO - Sync 1 DAGs
[2025-02-15 13:55:25,998] {logging_mixin.py:104} INFO - [2025-02-15 13:55:25,998] {dag.py:2306} INFO - Setting next_dagrun for example_xcom to 2025-02-13 00:00:00+00:00
[2025-02-15 13:55:26,032] {scheduler_job.py:190} INFO - Processing /home/airflow/.local/lib/python3.6/site-packages/airflow/example_dags/example_xcom.py took 0.244 seconds
[2025-02-15 13:55:56,083] {scheduler_job.py:182} INFO - Started process (PID=225) to work on /home/airflow/.local/lib/python3.6/site-packages/airflow/example_dags/example_xcom.py
[2025-02-15 13:55:56,085] {scheduler_job.py:633} INFO - Processing file /home/airflow/.local/lib/python3.6/site-packages/airflow/example_dags/example_xcom.py for tasks to queue
[2025-02-15 13:55:56,087] {logging_mixin.py:104} INFO - [2025-02-15 13:55:56,086] {dagbag.py:496} INFO - Filling up the DagBag from /home/airflow/.local/lib/python3.6/site-packages/airflow/example_dags/example_xcom.py
[2025-02-15 13:55:56,112] {scheduler_job.py:643} INFO - DAG(s) dict_keys(['example_xcom']) retrieved from /home/airflow/.local/lib/python3.6/site-packages/airflow/example_dags/example_xcom.py
[2025-02-15 13:55:56,170] {logging_mixin.py:104} INFO - [2025-02-15 13:55:56,169] {dag.py:1833} INFO - Sync 1 DAGs
[2025-02-15 13:55:56,219] {logging_mixin.py:104} INFO - [2025-02-15 13:55:56,219] {dag.py:2306} INFO - Setting next_dagrun for example_xcom to 2025-02-13 00:00:00+00:00
[2025-02-15 13:55:56,240] {scheduler_job.py:190} INFO - Processing /home/airflow/.local/lib/python3.6/site-packages/airflow/example_dags/example_xcom.py took 0.164 seconds
[2025-02-15 13:56:27,232] {scheduler_job.py:182} INFO - Started process (PID=286) to work on /home/airflow/.local/lib/python3.6/site-packages/airflow/example_dags/example_xcom.py
[2025-02-15 13:56:27,235] {scheduler_job.py:633} INFO - Processing file /home/airflow/.local/lib/python3.6/site-packages/airflow/example_dags/example_xcom.py for tasks to queue
[2025-02-15 13:56:27,240] {logging_mixin.py:104} INFO - [2025-02-15 13:56:27,240] {dagbag.py:496} INFO - Filling up the DagBag from /home/airflow/.local/lib/python3.6/site-packages/airflow/example_dags/example_xcom.py
[2025-02-15 13:56:27,275] {scheduler_job.py:643} INFO - DAG(s) dict_keys(['example_xcom']) retrieved from /home/airflow/.local/lib/python3.6/site-packages/airflow/example_dags/example_xcom.py
[2025-02-15 13:56:27,379] {logging_mixin.py:104} INFO - [2025-02-15 13:56:27,378] {dag.py:1833} INFO - Sync 1 DAGs
[2025-02-15 13:56:27,441] {logging_mixin.py:104} INFO - [2025-02-15 13:56:27,441] {dag.py:2306} INFO - Setting next_dagrun for example_xcom to 2025-02-13 00:00:00+00:00
[2025-02-15 13:56:27,498] {scheduler_job.py:190} INFO - Processing /home/airflow/.local/lib/python3.6/site-packages/airflow/example_dags/example_xcom.py took 0.280 seconds
[2025-02-15 13:56:57,891] {scheduler_job.py:182} INFO - Started process (PID=336) to work on /home/airflow/.local/lib/python3.6/site-packages/airflow/example_dags/example_xcom.py
[2025-02-15 13:56:57,893] {scheduler_job.py:633} INFO - Processing file /home/airflow/.local/lib/python3.6/site-packages/airflow/example_dags/example_xcom.py for tasks to queue
[2025-02-15 13:56:57,895] {logging_mixin.py:104} INFO - [2025-02-15 13:56:57,895] {dagbag.py:496} INFO - Filling up the DagBag from /home/airflow/.local/lib/python3.6/site-packages/airflow/example_dags/example_xcom.py
[2025-02-15 13:56:57,915] {scheduler_job.py:643} INFO - DAG(s) dict_keys(['example_xcom']) retrieved from /home/airflow/.local/lib/python3.6/site-packages/airflow/example_dags/example_xcom.py
[2025-02-15 13:56:57,954] {logging_mixin.py:104} INFO - [2025-02-15 13:56:57,954] {dag.py:1833} INFO - Sync 1 DAGs
[2025-02-15 13:56:57,977] {logging_mixin.py:104} INFO - [2025-02-15 13:56:57,977] {dag.py:2306} INFO - Setting next_dagrun for example_xcom to 2025-02-13 00:00:00+00:00
[2025-02-15 13:56:57,995] {scheduler_job.py:190} INFO - Processing /home/airflow/.local/lib/python3.6/site-packages/airflow/example_dags/example_xcom.py took 0.109 seconds
[2025-02-15 13:57:28,850] {scheduler_job.py:182} INFO - Started process (PID=387) to work on /home/airflow/.local/lib/python3.6/site-packages/airflow/example_dags/example_xcom.py
[2025-02-15 13:57:28,854] {scheduler_job.py:633} INFO - Processing file /home/airflow/.local/lib/python3.6/site-packages/airflow/example_dags/example_xcom.py for tasks to queue
[2025-02-15 13:57:28,856] {logging_mixin.py:104} INFO - [2025-02-15 13:57:28,856] {dagbag.py:496} INFO - Filling up the DagBag from /home/airflow/.local/lib/python3.6/site-packages/airflow/example_dags/example_xcom.py
[2025-02-15 13:57:28,901] {scheduler_job.py:643} INFO - DAG(s) dict_keys(['example_xcom']) retrieved from /home/airflow/.local/lib/python3.6/site-packages/airflow/example_dags/example_xcom.py
[2025-02-15 13:57:28,952] {logging_mixin.py:104} INFO - [2025-02-15 13:57:28,951] {dag.py:1833} INFO - Sync 1 DAGs
[2025-02-15 13:57:28,986] {logging_mixin.py:104} INFO - [2025-02-15 13:57:28,986] {dag.py:2306} INFO - Setting next_dagrun for example_xcom to 2025-02-13 00:00:00+00:00
[2025-02-15 13:57:29,011] {scheduler_job.py:190} INFO - Processing /home/airflow/.local/lib/python3.6/site-packages/airflow/example_dags/example_xcom.py took 0.173 seconds
[2025-02-15 13:57:59,562] {scheduler_job.py:182} INFO - Started process (PID=438) to work on /home/airflow/.local/lib/python3.6/site-packages/airflow/example_dags/example_xcom.py
[2025-02-15 13:57:59,564] {scheduler_job.py:633} INFO - Processing file /home/airflow/.local/lib/python3.6/site-packages/airflow/example_dags/example_xcom.py for tasks to queue
[2025-02-15 13:57:59,565] {logging_mixin.py:104} INFO - [2025-02-15 13:57:59,565] {dagbag.py:496} INFO - Filling up the DagBag from /home/airflow/.local/lib/python3.6/site-packages/airflow/example_dags/example_xcom.py
[2025-02-15 13:57:59,582] {scheduler_job.py:643} INFO - DAG(s) dict_keys(['example_xcom']) retrieved from /home/airflow/.local/lib/python3.6/site-packages/airflow/example_dags/example_xcom.py
[2025-02-15 13:57:59,615] {logging_mixin.py:104} INFO - [2025-02-15 13:57:59,614] {dag.py:1833} INFO - Sync 1 DAGs
[2025-02-15 13:57:59,634] {logging_mixin.py:104} INFO - [2025-02-15 13:57:59,634] {dag.py:2306} INFO - Setting next_dagrun for example_xcom to 2025-02-13 00:00:00+00:00
[2025-02-15 13:57:59,650] {scheduler_job.py:190} INFO - Processing /home/airflow/.local/lib/python3.6/site-packages/airflow/example_dags/example_xcom.py took 0.092 seconds
[2025-02-15 13:58:30,274] {scheduler_job.py:182} INFO - Started process (PID=498) to work on /home/airflow/.local/lib/python3.6/site-packages/airflow/example_dags/example_xcom.py
[2025-02-15 13:58:30,276] {scheduler_job.py:633} INFO - Processing file /home/airflow/.local/lib/python3.6/site-packages/airflow/example_dags/example_xcom.py for tasks to queue
[2025-02-15 13:58:30,278] {logging_mixin.py:104} INFO - [2025-02-15 13:58:30,277] {dagbag.py:496} INFO - Filling up the DagBag from /home/airflow/.local/lib/python3.6/site-packages/airflow/example_dags/example_xcom.py
[2025-02-15 13:58:30,295] {scheduler_job.py:643} INFO - DAG(s) dict_keys(['example_xcom']) retrieved from /home/airflow/.local/lib/python3.6/site-packages/airflow/example_dags/example_xcom.py
[2025-02-15 13:58:30,345] {logging_mixin.py:104} INFO - [2025-02-15 13:58:30,344] {dag.py:1833} INFO - Sync 1 DAGs
[2025-02-15 13:58:30,376] {logging_mixin.py:104} INFO - [2025-02-15 13:58:30,375] {dag.py:2306} INFO - Setting next_dagrun for example_xcom to 2025-02-13 00:00:00+00:00
[2025-02-15 13:58:30,398] {scheduler_job.py:190} INFO - Processing /home/airflow/.local/lib/python3.6/site-packages/airflow/example_dags/example_xcom.py took 0.130 seconds
[2025-02-15 13:59:00,516] {scheduler_job.py:182} INFO - Started process (PID=551) to work on /home/airflow/.local/lib/python3.6/site-packages/airflow/example_dags/example_xcom.py
[2025-02-15 13:59:00,518] {scheduler_job.py:633} INFO - Processing file /home/airflow/.local/lib/python3.6/site-packages/airflow/example_dags/example_xcom.py for tasks to queue
[2025-02-15 13:59:00,519] {logging_mixin.py:104} INFO - [2025-02-15 13:59:00,519] {dagbag.py:496} INFO - Filling up the DagBag from /home/airflow/.local/lib/python3.6/site-packages/airflow/example_dags/example_xcom.py
[2025-02-15 13:59:00,539] {scheduler_job.py:643} INFO - DAG(s) dict_keys(['example_xcom']) retrieved from /home/airflow/.local/lib/python3.6/site-packages/airflow/example_dags/example_xcom.py
[2025-02-15 13:59:00,585] {logging_mixin.py:104} INFO - [2025-02-15 13:59:00,584] {dag.py:1833} INFO - Sync 1 DAGs
[2025-02-15 13:59:00,617] {logging_mixin.py:104} INFO - [2025-02-15 13:59:00,616] {dag.py:2306} INFO - Setting next_dagrun for example_xcom to 2025-02-13 00:00:00+00:00
[2025-02-15 13:59:00,637] {scheduler_job.py:190} INFO - Processing /home/airflow/.local/lib/python3.6/site-packages/airflow/example_dags/example_xcom.py took 0.127 seconds
[2025-02-15 13:59:31,224] {scheduler_job.py:182} INFO - Started process (PID=613) to work on /home/airflow/.local/lib/python3.6/site-packages/airflow/example_dags/example_xcom.py
[2025-02-15 13:59:31,225] {scheduler_job.py:633} INFO - Processing file /home/airflow/.local/lib/python3.6/site-packages/airflow/example_dags/example_xcom.py for tasks to queue
[2025-02-15 13:59:31,226] {logging_mixin.py:104} INFO - [2025-02-15 13:59:31,226] {dagbag.py:496} INFO - Filling up the DagBag from /home/airflow/.local/lib/python3.6/site-packages/airflow/example_dags/example_xcom.py
[2025-02-15 13:59:31,240] {scheduler_job.py:643} INFO - DAG(s) dict_keys(['example_xcom']) retrieved from /home/airflow/.local/lib/python3.6/site-packages/airflow/example_dags/example_xcom.py
[2025-02-15 13:59:31,270] {logging_mixin.py:104} INFO - [2025-02-15 13:59:31,270] {dag.py:1833} INFO - Sync 1 DAGs
[2025-02-15 13:59:31,287] {logging_mixin.py:104} INFO - [2025-02-15 13:59:31,286] {dag.py:2306} INFO - Setting next_dagrun for example_xcom to 2025-02-13 00:00:00+00:00
[2025-02-15 13:59:31,300] {scheduler_job.py:190} INFO - Processing /home/airflow/.local/lib/python3.6/site-packages/airflow/example_dags/example_xcom.py took 0.080 seconds
[2025-02-15 14:00:01,799] {scheduler_job.py:182} INFO - Started process (PID=665) to work on /home/airflow/.local/lib/python3.6/site-packages/airflow/example_dags/example_xcom.py
[2025-02-15 14:00:01,801] {scheduler_job.py:633} INFO - Processing file /home/airflow/.local/lib/python3.6/site-packages/airflow/example_dags/example_xcom.py for tasks to queue
[2025-02-15 14:00:01,802] {logging_mixin.py:104} INFO - [2025-02-15 14:00:01,802] {dagbag.py:496} INFO - Filling up the DagBag from /home/airflow/.local/lib/python3.6/site-packages/airflow/example_dags/example_xcom.py
[2025-02-15 14:00:01,830] {scheduler_job.py:643} INFO - DAG(s) dict_keys(['example_xcom']) retrieved from /home/airflow/.local/lib/python3.6/site-packages/airflow/example_dags/example_xcom.py
[2025-02-15 14:00:01,933] {logging_mixin.py:104} INFO - [2025-02-15 14:00:01,933] {dag.py:1833} INFO - Sync 1 DAGs
[2025-02-15 14:00:01,976] {logging_mixin.py:104} INFO - [2025-02-15 14:00:01,975] {dag.py:2306} INFO - Setting next_dagrun for example_xcom to 2025-02-13 00:00:00+00:00
[2025-02-15 14:00:02,015] {scheduler_job.py:190} INFO - Processing /home/airflow/.local/lib/python3.6/site-packages/airflow/example_dags/example_xcom.py took 0.221 seconds
[2025-02-15 14:01:30,433] {scheduler_job.py:182} INFO - Started process (PID=82) to work on /home/airflow/.local/lib/python3.6/site-packages/airflow/example_dags/example_xcom.py
[2025-02-15 14:01:30,439] {scheduler_job.py:633} INFO - Processing file /home/airflow/.local/lib/python3.6/site-packages/airflow/example_dags/example_xcom.py for tasks to queue
[2025-02-15 14:01:30,441] {logging_mixin.py:104} INFO - [2025-02-15 14:01:30,441] {dagbag.py:496} INFO - Filling up the DagBag from /home/airflow/.local/lib/python3.6/site-packages/airflow/example_dags/example_xcom.py
[2025-02-15 14:01:30,479] {scheduler_job.py:643} INFO - DAG(s) dict_keys(['example_xcom']) retrieved from /home/airflow/.local/lib/python3.6/site-packages/airflow/example_dags/example_xcom.py
[2025-02-15 14:01:30,600] {logging_mixin.py:104} INFO - [2025-02-15 14:01:30,600] {dag.py:1833} INFO - Sync 1 DAGs
[2025-02-15 14:01:30,669] {logging_mixin.py:104} INFO - [2025-02-15 14:01:30,669] {dag.py:2306} INFO - Setting next_dagrun for example_xcom to 2025-02-13 00:00:00+00:00
[2025-02-15 14:01:30,714] {scheduler_job.py:190} INFO - Processing /home/airflow/.local/lib/python3.6/site-packages/airflow/example_dags/example_xcom.py took 0.293 seconds
[2025-02-15 14:07:19,457] {scheduler_job.py:182} INFO - Started process (PID=295) to work on /home/airflow/.local/lib/python3.6/site-packages/airflow/example_dags/example_xcom.py
[2025-02-15 14:07:19,460] {scheduler_job.py:633} INFO - Processing file /home/airflow/.local/lib/python3.6/site-packages/airflow/example_dags/example_xcom.py for tasks to queue
[2025-02-15 14:07:19,462] {logging_mixin.py:104} INFO - [2025-02-15 14:07:19,461] {dagbag.py:496} INFO - Filling up the DagBag from /home/airflow/.local/lib/python3.6/site-packages/airflow/example_dags/example_xcom.py
[2025-02-15 14:07:19,491] {scheduler_job.py:643} INFO - DAG(s) dict_keys(['example_xcom']) retrieved from /home/airflow/.local/lib/python3.6/site-packages/airflow/example_dags/example_xcom.py
[2025-02-15 14:07:24,225] {logging_mixin.py:104} INFO - [2025-02-15 14:07:24,223] {dag.py:1833} INFO - Sync 1 DAGs
[2025-02-15 14:07:24,249] {logging_mixin.py:104} INFO - [2025-02-15 14:07:24,247] {dag.py:1852} INFO - Creating ORM DAG for example_xcom
[2025-02-15 14:07:24,259] {logging_mixin.py:104} INFO - [2025-02-15 14:07:24,259] {dag.py:2306} INFO - Setting next_dagrun for example_xcom to 2025-02-13 00:00:00+00:00
[2025-02-15 14:07:24,283] {scheduler_job.py:190} INFO - Processing /home/airflow/.local/lib/python3.6/site-packages/airflow/example_dags/example_xcom.py took 4.835 seconds
[2025-02-15 14:07:54,813] {scheduler_job.py:182} INFO - Started process (PID=437) to work on /home/airflow/.local/lib/python3.6/site-packages/airflow/example_dags/example_xcom.py
[2025-02-15 14:07:54,816] {scheduler_job.py:633} INFO - Processing file /home/airflow/.local/lib/python3.6/site-packages/airflow/example_dags/example_xcom.py for tasks to queue
[2025-02-15 14:07:54,818] {logging_mixin.py:104} INFO - [2025-02-15 14:07:54,817] {dagbag.py:496} INFO - Filling up the DagBag from /home/airflow/.local/lib/python3.6/site-packages/airflow/example_dags/example_xcom.py
[2025-02-15 14:07:54,856] {scheduler_job.py:643} INFO - DAG(s) dict_keys(['example_xcom']) retrieved from /home/airflow/.local/lib/python3.6/site-packages/airflow/example_dags/example_xcom.py
[2025-02-15 14:07:54,941] {logging_mixin.py:104} INFO - [2025-02-15 14:07:54,940] {dag.py:1833} INFO - Sync 1 DAGs
[2025-02-15 14:07:55,000] {logging_mixin.py:104} INFO - [2025-02-15 14:07:54,999] {dag.py:2306} INFO - Setting next_dagrun for example_xcom to 2025-02-13 00:00:00+00:00
[2025-02-15 14:07:55,038] {scheduler_job.py:190} INFO - Processing /home/airflow/.local/lib/python3.6/site-packages/airflow/example_dags/example_xcom.py took 0.237 seconds
[2025-02-15 14:08:25,221] {scheduler_job.py:182} INFO - Started process (PID=489) to work on /home/airflow/.local/lib/python3.6/site-packages/airflow/example_dags/example_xcom.py
[2025-02-15 14:08:25,224] {scheduler_job.py:633} INFO - Processing file /home/airflow/.local/lib/python3.6/site-packages/airflow/example_dags/example_xcom.py for tasks to queue
[2025-02-15 14:08:25,225] {logging_mixin.py:104} INFO - [2025-02-15 14:08:25,225] {dagbag.py:496} INFO - Filling up the DagBag from /home/airflow/.local/lib/python3.6/site-packages/airflow/example_dags/example_xcom.py
[2025-02-15 14:08:25,252] {scheduler_job.py:643} INFO - DAG(s) dict_keys(['example_xcom']) retrieved from /home/airflow/.local/lib/python3.6/site-packages/airflow/example_dags/example_xcom.py
[2025-02-15 14:08:25,327] {logging_mixin.py:104} INFO - [2025-02-15 14:08:25,327] {dag.py:1833} INFO - Sync 1 DAGs
[2025-02-15 14:08:25,371] {logging_mixin.py:104} INFO - [2025-02-15 14:08:25,370] {dag.py:2306} INFO - Setting next_dagrun for example_xcom to 2025-02-13 00:00:00+00:00
[2025-02-15 14:08:25,401] {scheduler_job.py:190} INFO - Processing /home/airflow/.local/lib/python3.6/site-packages/airflow/example_dags/example_xcom.py took 0.187 seconds
[2025-02-15 14:08:55,609] {scheduler_job.py:182} INFO - Started process (PID=550) to work on /home/airflow/.local/lib/python3.6/site-packages/airflow/example_dags/example_xcom.py
[2025-02-15 14:08:55,612] {scheduler_job.py:633} INFO - Processing file /home/airflow/.local/lib/python3.6/site-packages/airflow/example_dags/example_xcom.py for tasks to queue
[2025-02-15 14:08:55,614] {logging_mixin.py:104} INFO - [2025-02-15 14:08:55,613] {dagbag.py:496} INFO - Filling up the DagBag from /home/airflow/.local/lib/python3.6/site-packages/airflow/example_dags/example_xcom.py
[2025-02-15 14:08:55,646] {scheduler_job.py:643} INFO - DAG(s) dict_keys(['example_xcom']) retrieved from /home/airflow/.local/lib/python3.6/site-packages/airflow/example_dags/example_xcom.py
[2025-02-15 14:08:55,701] {logging_mixin.py:104} INFO - [2025-02-15 14:08:55,700] {dag.py:1833} INFO - Sync 1 DAGs
[2025-02-15 14:08:55,725] {logging_mixin.py:104} INFO - [2025-02-15 14:08:55,725] {dag.py:2306} INFO - Setting next_dagrun for example_xcom to 2025-02-13 00:00:00+00:00
[2025-02-15 14:08:55,742] {scheduler_job.py:190} INFO - Processing /home/airflow/.local/lib/python3.6/site-packages/airflow/example_dags/example_xcom.py took 0.143 seconds
[2025-02-15 14:09:26,351] {scheduler_job.py:182} INFO - Started process (PID=603) to work on /home/airflow/.local/lib/python3.6/site-packages/airflow/example_dags/example_xcom.py
[2025-02-15 14:09:26,353] {scheduler_job.py:633} INFO - Processing file /home/airflow/.local/lib/python3.6/site-packages/airflow/example_dags/example_xcom.py for tasks to queue
[2025-02-15 14:09:26,354] {logging_mixin.py:104} INFO - [2025-02-15 14:09:26,353] {dagbag.py:496} INFO - Filling up the DagBag from /home/airflow/.local/lib/python3.6/site-packages/airflow/example_dags/example_xcom.py
[2025-02-15 14:09:26,376] {scheduler_job.py:643} INFO - DAG(s) dict_keys(['example_xcom']) retrieved from /home/airflow/.local/lib/python3.6/site-packages/airflow/example_dags/example_xcom.py
[2025-02-15 14:09:26,419] {logging_mixin.py:104} INFO - [2025-02-15 14:09:26,418] {dag.py:1833} INFO - Sync 1 DAGs
[2025-02-15 14:09:26,456] {logging_mixin.py:104} INFO - [2025-02-15 14:09:26,456] {dag.py:2306} INFO - Setting next_dagrun for example_xcom to 2025-02-13 00:00:00+00:00
[2025-02-15 14:09:26,477] {scheduler_job.py:190} INFO - Processing /home/airflow/.local/lib/python3.6/site-packages/airflow/example_dags/example_xcom.py took 0.131 seconds
[2025-02-15 14:09:57,196] {scheduler_job.py:182} INFO - Started process (PID=664) to work on /home/airflow/.local/lib/python3.6/site-packages/airflow/example_dags/example_xcom.py
[2025-02-15 14:09:57,198] {scheduler_job.py:633} INFO - Processing file /home/airflow/.local/lib/python3.6/site-packages/airflow/example_dags/example_xcom.py for tasks to queue
[2025-02-15 14:09:57,200] {logging_mixin.py:104} INFO - [2025-02-15 14:09:57,199] {dagbag.py:496} INFO - Filling up the DagBag from /home/airflow/.local/lib/python3.6/site-packages/airflow/example_dags/example_xcom.py
[2025-02-15 14:09:57,220] {scheduler_job.py:643} INFO - DAG(s) dict_keys(['example_xcom']) retrieved from /home/airflow/.local/lib/python3.6/site-packages/airflow/example_dags/example_xcom.py
[2025-02-15 14:09:57,253] {logging_mixin.py:104} INFO - [2025-02-15 14:09:57,252] {dag.py:1833} INFO - Sync 1 DAGs
[2025-02-15 14:09:57,275] {logging_mixin.py:104} INFO - [2025-02-15 14:09:57,275] {dag.py:2306} INFO - Setting next_dagrun for example_xcom to 2025-02-13 00:00:00+00:00
[2025-02-15 14:09:57,292] {scheduler_job.py:190} INFO - Processing /home/airflow/.local/lib/python3.6/site-packages/airflow/example_dags/example_xcom.py took 0.102 seconds
[2025-02-15 14:10:28,070] {scheduler_job.py:182} INFO - Started process (PID=716) to work on /home/airflow/.local/lib/python3.6/site-packages/airflow/example_dags/example_xcom.py
[2025-02-15 14:10:28,072] {scheduler_job.py:633} INFO - Processing file /home/airflow/.local/lib/python3.6/site-packages/airflow/example_dags/example_xcom.py for tasks to queue
[2025-02-15 14:10:28,073] {logging_mixin.py:104} INFO - [2025-02-15 14:10:28,073] {dagbag.py:496} INFO - Filling up the DagBag from /home/airflow/.local/lib/python3.6/site-packages/airflow/example_dags/example_xcom.py
[2025-02-15 14:10:28,092] {scheduler_job.py:643} INFO - DAG(s) dict_keys(['example_xcom']) retrieved from /home/airflow/.local/lib/python3.6/site-packages/airflow/example_dags/example_xcom.py
[2025-02-15 14:10:28,126] {logging_mixin.py:104} INFO - [2025-02-15 14:10:28,126] {dag.py:1833} INFO - Sync 1 DAGs
[2025-02-15 14:10:28,163] {logging_mixin.py:104} INFO - [2025-02-15 14:10:28,163] {dag.py:2306} INFO - Setting next_dagrun for example_xcom to 2025-02-13 00:00:00+00:00
[2025-02-15 14:10:28,231] {scheduler_job.py:190} INFO - Processing /home/airflow/.local/lib/python3.6/site-packages/airflow/example_dags/example_xcom.py took 0.166 seconds
[2025-02-15 14:10:58,466] {scheduler_job.py:182} INFO - Started process (PID=778) to work on /home/airflow/.local/lib/python3.6/site-packages/airflow/example_dags/example_xcom.py
[2025-02-15 14:10:58,467] {scheduler_job.py:633} INFO - Processing file /home/airflow/.local/lib/python3.6/site-packages/airflow/example_dags/example_xcom.py for tasks to queue
[2025-02-15 14:10:58,468] {logging_mixin.py:104} INFO - [2025-02-15 14:10:58,468] {dagbag.py:496} INFO - Filling up the DagBag from /home/airflow/.local/lib/python3.6/site-packages/airflow/example_dags/example_xcom.py
[2025-02-15 14:10:58,483] {scheduler_job.py:643} INFO - DAG(s) dict_keys(['example_xcom']) retrieved from /home/airflow/.local/lib/python3.6/site-packages/airflow/example_dags/example_xcom.py
[2025-02-15 14:10:58,523] {logging_mixin.py:104} INFO - [2025-02-15 14:10:58,522] {dag.py:1833} INFO - Sync 1 DAGs
[2025-02-15 14:10:58,550] {logging_mixin.py:104} INFO - [2025-02-15 14:10:58,550] {dag.py:2306} INFO - Setting next_dagrun for example_xcom to 2025-02-13 00:00:00+00:00
[2025-02-15 14:10:58,572] {scheduler_job.py:190} INFO - Processing /home/airflow/.local/lib/python3.6/site-packages/airflow/example_dags/example_xcom.py took 0.110 seconds
[2025-02-15 14:11:28,919] {scheduler_job.py:182} INFO - Started process (PID=830) to work on /home/airflow/.local/lib/python3.6/site-packages/airflow/example_dags/example_xcom.py
[2025-02-15 14:11:28,925] {scheduler_job.py:633} INFO - Processing file /home/airflow/.local/lib/python3.6/site-packages/airflow/example_dags/example_xcom.py for tasks to queue
[2025-02-15 14:11:28,929] {logging_mixin.py:104} INFO - [2025-02-15 14:11:28,928] {dagbag.py:496} INFO - Filling up the DagBag from /home/airflow/.local/lib/python3.6/site-packages/airflow/example_dags/example_xcom.py
[2025-02-15 14:11:28,984] {scheduler_job.py:643} INFO - DAG(s) dict_keys(['example_xcom']) retrieved from /home/airflow/.local/lib/python3.6/site-packages/airflow/example_dags/example_xcom.py
[2025-02-15 14:11:29,066] {logging_mixin.py:104} INFO - [2025-02-15 14:11:29,066] {dag.py:1833} INFO - Sync 1 DAGs
[2025-02-15 14:11:29,110] {logging_mixin.py:104} INFO - [2025-02-15 14:11:29,110] {dag.py:2306} INFO - Setting next_dagrun for example_xcom to 2025-02-13 00:00:00+00:00
[2025-02-15 14:11:29,133] {scheduler_job.py:190} INFO - Processing /home/airflow/.local/lib/python3.6/site-packages/airflow/example_dags/example_xcom.py took 0.234 seconds
[2025-02-15 14:11:59,168] {scheduler_job.py:182} INFO - Started process (PID=893) to work on /home/airflow/.local/lib/python3.6/site-packages/airflow/example_dags/example_xcom.py
[2025-02-15 14:11:59,169] {scheduler_job.py:633} INFO - Processing file /home/airflow/.local/lib/python3.6/site-packages/airflow/example_dags/example_xcom.py for tasks to queue
[2025-02-15 14:11:59,170] {logging_mixin.py:104} INFO - [2025-02-15 14:11:59,170] {dagbag.py:496} INFO - Filling up the DagBag from /home/airflow/.local/lib/python3.6/site-packages/airflow/example_dags/example_xcom.py
[2025-02-15 14:11:59,185] {scheduler_job.py:643} INFO - DAG(s) dict_keys(['example_xcom']) retrieved from /home/airflow/.local/lib/python3.6/site-packages/airflow/example_dags/example_xcom.py
[2025-02-15 14:11:59,216] {logging_mixin.py:104} INFO - [2025-02-15 14:11:59,216] {dag.py:1833} INFO - Sync 1 DAGs
[2025-02-15 14:11:59,238] {logging_mixin.py:104} INFO - [2025-02-15 14:11:59,238] {dag.py:2306} INFO - Setting next_dagrun for example_xcom to 2025-02-13 00:00:00+00:00
[2025-02-15 14:11:59,259] {scheduler_job.py:190} INFO - Processing /home/airflow/.local/lib/python3.6/site-packages/airflow/example_dags/example_xcom.py took 0.096 seconds
[2025-02-15 14:12:30,088] {scheduler_job.py:182} INFO - Started process (PID=945) to work on /home/airflow/.local/lib/python3.6/site-packages/airflow/example_dags/example_xcom.py
[2025-02-15 14:12:30,093] {scheduler_job.py:633} INFO - Processing file /home/airflow/.local/lib/python3.6/site-packages/airflow/example_dags/example_xcom.py for tasks to queue
[2025-02-15 14:12:30,096] {logging_mixin.py:104} INFO - [2025-02-15 14:12:30,096] {dagbag.py:496} INFO - Filling up the DagBag from /home/airflow/.local/lib/python3.6/site-packages/airflow/example_dags/example_xcom.py
[2025-02-15 14:12:30,141] {scheduler_job.py:643} INFO - DAG(s) dict_keys(['example_xcom']) retrieved from /home/airflow/.local/lib/python3.6/site-packages/airflow/example_dags/example_xcom.py
[2025-02-15 14:12:30,177] {logging_mixin.py:104} INFO - [2025-02-15 14:12:30,177] {dag.py:1833} INFO - Sync 1 DAGs
[2025-02-15 14:12:30,199] {logging_mixin.py:104} INFO - [2025-02-15 14:12:30,198] {dag.py:2306} INFO - Setting next_dagrun for example_xcom to 2025-02-13 00:00:00+00:00
[2025-02-15 14:12:30,220] {scheduler_job.py:190} INFO - Processing /home/airflow/.local/lib/python3.6/site-packages/airflow/example_dags/example_xcom.py took 0.153 seconds
[2025-02-15 14:13:00,522] {scheduler_job.py:182} INFO - Started process (PID=1007) to work on /home/airflow/.local/lib/python3.6/site-packages/airflow/example_dags/example_xcom.py
[2025-02-15 14:13:00,523] {scheduler_job.py:633} INFO - Processing file /home/airflow/.local/lib/python3.6/site-packages/airflow/example_dags/example_xcom.py for tasks to queue
[2025-02-15 14:13:00,525] {logging_mixin.py:104} INFO - [2025-02-15 14:13:00,524] {dagbag.py:496} INFO - Filling up the DagBag from /home/airflow/.local/lib/python3.6/site-packages/airflow/example_dags/example_xcom.py
[2025-02-15 14:13:00,541] {scheduler_job.py:643} INFO - DAG(s) dict_keys(['example_xcom']) retrieved from /home/airflow/.local/lib/python3.6/site-packages/airflow/example_dags/example_xcom.py
[2025-02-15 14:13:00,572] {logging_mixin.py:104} INFO - [2025-02-15 14:13:00,572] {dag.py:1833} INFO - Sync 1 DAGs
[2025-02-15 14:13:00,591] {logging_mixin.py:104} INFO - [2025-02-15 14:13:00,591] {dag.py:2306} INFO - Setting next_dagrun for example_xcom to 2025-02-13 00:00:00+00:00
[2025-02-15 14:13:00,615] {scheduler_job.py:190} INFO - Processing /home/airflow/.local/lib/python3.6/site-packages/airflow/example_dags/example_xcom.py took 0.102 seconds
[2025-02-15 14:13:30,759] {scheduler_job.py:182} INFO - Started process (PID=1059) to work on /home/airflow/.local/lib/python3.6/site-packages/airflow/example_dags/example_xcom.py
[2025-02-15 14:13:30,761] {scheduler_job.py:633} INFO - Processing file /home/airflow/.local/lib/python3.6/site-packages/airflow/example_dags/example_xcom.py for tasks to queue
[2025-02-15 14:13:30,762] {logging_mixin.py:104} INFO - [2025-02-15 14:13:30,762] {dagbag.py:496} INFO - Filling up the DagBag from /home/airflow/.local/lib/python3.6/site-packages/airflow/example_dags/example_xcom.py
[2025-02-15 14:13:30,788] {scheduler_job.py:643} INFO - DAG(s) dict_keys(['example_xcom']) retrieved from /home/airflow/.local/lib/python3.6/site-packages/airflow/example_dags/example_xcom.py
[2025-02-15 14:13:30,853] {logging_mixin.py:104} INFO - [2025-02-15 14:13:30,853] {dag.py:1833} INFO - Sync 1 DAGs
[2025-02-15 14:13:30,882] {logging_mixin.py:104} INFO - [2025-02-15 14:13:30,882] {dag.py:2306} INFO - Setting next_dagrun for example_xcom to 2025-02-13 00:00:00+00:00
[2025-02-15 14:13:30,940] {scheduler_job.py:190} INFO - Processing /home/airflow/.local/lib/python3.6/site-packages/airflow/example_dags/example_xcom.py took 0.188 seconds
[2025-02-15 14:15:10,887] {scheduler_job.py:182} INFO - Started process (PID=77) to work on /home/airflow/.local/lib/python3.6/site-packages/airflow/example_dags/example_xcom.py
[2025-02-15 14:15:10,890] {scheduler_job.py:633} INFO - Processing file /home/airflow/.local/lib/python3.6/site-packages/airflow/example_dags/example_xcom.py for tasks to queue
[2025-02-15 14:15:10,894] {logging_mixin.py:104} INFO - [2025-02-15 14:15:10,894] {dagbag.py:496} INFO - Filling up the DagBag from /home/airflow/.local/lib/python3.6/site-packages/airflow/example_dags/example_xcom.py
[2025-02-15 14:15:10,960] {scheduler_job.py:643} INFO - DAG(s) dict_keys(['example_xcom']) retrieved from /home/airflow/.local/lib/python3.6/site-packages/airflow/example_dags/example_xcom.py
[2025-02-15 14:15:11,100] {logging_mixin.py:104} INFO - [2025-02-15 14:15:11,100] {dag.py:1833} INFO - Sync 1 DAGs
[2025-02-15 14:15:11,167] {logging_mixin.py:104} INFO - [2025-02-15 14:15:11,166] {dag.py:2306} INFO - Setting next_dagrun for example_xcom to 2025-02-13 00:00:00+00:00
[2025-02-15 14:15:11,201] {scheduler_job.py:190} INFO - Processing /home/airflow/.local/lib/python3.6/site-packages/airflow/example_dags/example_xcom.py took 0.330 seconds
[2025-02-15 14:15:46,398] {scheduler_job.py:182} INFO - Started process (PID=129) to work on /home/airflow/.local/lib/python3.6/site-packages/airflow/example_dags/example_xcom.py
[2025-02-15 14:15:46,403] {scheduler_job.py:633} INFO - Processing file /home/airflow/.local/lib/python3.6/site-packages/airflow/example_dags/example_xcom.py for tasks to queue
[2025-02-15 14:15:46,404] {logging_mixin.py:104} INFO - [2025-02-15 14:15:46,404] {dagbag.py:496} INFO - Filling up the DagBag from /home/airflow/.local/lib/python3.6/site-packages/airflow/example_dags/example_xcom.py
[2025-02-15 14:15:46,449] {scheduler_job.py:643} INFO - DAG(s) dict_keys(['example_xcom']) retrieved from /home/airflow/.local/lib/python3.6/site-packages/airflow/example_dags/example_xcom.py
[2025-02-15 14:15:46,559] {logging_mixin.py:104} INFO - [2025-02-15 14:15:46,559] {dag.py:1833} INFO - Sync 1 DAGs
[2025-02-15 14:15:46,632] {logging_mixin.py:104} INFO - [2025-02-15 14:15:46,632] {dag.py:2306} INFO - Setting next_dagrun for example_xcom to 2025-02-13 00:00:00+00:00
[2025-02-15 14:15:46,673] {scheduler_job.py:190} INFO - Processing /home/airflow/.local/lib/python3.6/site-packages/airflow/example_dags/example_xcom.py took 0.288 seconds
[2025-02-15 14:21:19,049] {scheduler_job.py:182} INFO - Started process (PID=183) to work on /home/airflow/.local/lib/python3.6/site-packages/airflow/example_dags/example_xcom.py
[2025-02-15 14:21:19,053] {scheduler_job.py:633} INFO - Processing file /home/airflow/.local/lib/python3.6/site-packages/airflow/example_dags/example_xcom.py for tasks to queue
[2025-02-15 14:21:19,055] {logging_mixin.py:104} INFO - [2025-02-15 14:21:19,054] {dagbag.py:496} INFO - Filling up the DagBag from /home/airflow/.local/lib/python3.6/site-packages/airflow/example_dags/example_xcom.py
[2025-02-15 14:21:19,124] {scheduler_job.py:643} INFO - DAG(s) dict_keys(['example_xcom']) retrieved from /home/airflow/.local/lib/python3.6/site-packages/airflow/example_dags/example_xcom.py
[2025-02-15 14:21:19,205] {logging_mixin.py:104} INFO - [2025-02-15 14:21:19,205] {dag.py:1833} INFO - Sync 1 DAGs
[2025-02-15 14:21:19,238] {logging_mixin.py:104} INFO - [2025-02-15 14:21:19,238] {dag.py:2306} INFO - Setting next_dagrun for example_xcom to 2025-02-13 00:00:00+00:00
[2025-02-15 14:21:19,268] {scheduler_job.py:190} INFO - Processing /home/airflow/.local/lib/python3.6/site-packages/airflow/example_dags/example_xcom.py took 0.229 seconds
[2025-02-15 14:21:50,392] {scheduler_job.py:182} INFO - Started process (PID=226) to work on /home/airflow/.local/lib/python3.6/site-packages/airflow/example_dags/example_xcom.py
[2025-02-15 14:21:50,403] {scheduler_job.py:633} INFO - Processing file /home/airflow/.local/lib/python3.6/site-packages/airflow/example_dags/example_xcom.py for tasks to queue
[2025-02-15 14:21:50,408] {logging_mixin.py:104} INFO - [2025-02-15 14:21:50,407] {dagbag.py:496} INFO - Filling up the DagBag from /home/airflow/.local/lib/python3.6/site-packages/airflow/example_dags/example_xcom.py
[2025-02-15 14:21:50,467] {scheduler_job.py:643} INFO - DAG(s) dict_keys(['example_xcom']) retrieved from /home/airflow/.local/lib/python3.6/site-packages/airflow/example_dags/example_xcom.py
[2025-02-15 14:21:50,606] {logging_mixin.py:104} INFO - [2025-02-15 14:21:50,599] {dag.py:1833} INFO - Sync 1 DAGs
[2025-02-15 14:21:50,668] {logging_mixin.py:104} INFO - [2025-02-15 14:21:50,668] {dag.py:2306} INFO - Setting next_dagrun for example_xcom to 2025-02-13 00:00:00+00:00
[2025-02-15 14:21:50,735] {scheduler_job.py:190} INFO - Processing /home/airflow/.local/lib/python3.6/site-packages/airflow/example_dags/example_xcom.py took 0.356 seconds
[2025-02-15 14:22:20,807] {scheduler_job.py:182} INFO - Started process (PID=277) to work on /home/airflow/.local/lib/python3.6/site-packages/airflow/example_dags/example_xcom.py
[2025-02-15 14:22:20,809] {scheduler_job.py:633} INFO - Processing file /home/airflow/.local/lib/python3.6/site-packages/airflow/example_dags/example_xcom.py for tasks to queue
[2025-02-15 14:22:20,811] {logging_mixin.py:104} INFO - [2025-02-15 14:22:20,810] {dagbag.py:496} INFO - Filling up the DagBag from /home/airflow/.local/lib/python3.6/site-packages/airflow/example_dags/example_xcom.py
[2025-02-15 14:22:20,838] {scheduler_job.py:643} INFO - DAG(s) dict_keys(['example_xcom']) retrieved from /home/airflow/.local/lib/python3.6/site-packages/airflow/example_dags/example_xcom.py
[2025-02-15 14:22:20,885] {logging_mixin.py:104} INFO - [2025-02-15 14:22:20,885] {dag.py:1833} INFO - Sync 1 DAGs
[2025-02-15 14:22:20,910] {logging_mixin.py:104} INFO - [2025-02-15 14:22:20,909] {dag.py:2306} INFO - Setting next_dagrun for example_xcom to 2025-02-13 00:00:00+00:00
[2025-02-15 14:22:20,944] {scheduler_job.py:190} INFO - Processing /home/airflow/.local/lib/python3.6/site-packages/airflow/example_dags/example_xcom.py took 0.144 seconds
[2025-02-15 14:22:52,894] {scheduler_job.py:182} INFO - Started process (PID=329) to work on /home/airflow/.local/lib/python3.6/site-packages/airflow/example_dags/example_xcom.py
[2025-02-15 14:22:52,896] {scheduler_job.py:633} INFO - Processing file /home/airflow/.local/lib/python3.6/site-packages/airflow/example_dags/example_xcom.py for tasks to queue
[2025-02-15 14:22:52,897] {logging_mixin.py:104} INFO - [2025-02-15 14:22:52,897] {dagbag.py:496} INFO - Filling up the DagBag from /home/airflow/.local/lib/python3.6/site-packages/airflow/example_dags/example_xcom.py
[2025-02-15 14:22:52,922] {scheduler_job.py:643} INFO - DAG(s) dict_keys(['example_xcom']) retrieved from /home/airflow/.local/lib/python3.6/site-packages/airflow/example_dags/example_xcom.py
[2025-02-15 14:22:52,961] {logging_mixin.py:104} INFO - [2025-02-15 14:22:52,961] {dag.py:1833} INFO - Sync 1 DAGs
[2025-02-15 14:22:52,978] {logging_mixin.py:104} INFO - [2025-02-15 14:22:52,978] {dag.py:2306} INFO - Setting next_dagrun for example_xcom to 2025-02-13 00:00:00+00:00
[2025-02-15 14:22:52,997] {scheduler_job.py:190} INFO - Processing /home/airflow/.local/lib/python3.6/site-packages/airflow/example_dags/example_xcom.py took 0.110 seconds
[2025-02-15 14:25:10,314] {scheduler_job.py:182} INFO - Started process (PID=76) to work on /home/airflow/.local/lib/python3.6/site-packages/airflow/example_dags/example_xcom.py
[2025-02-15 14:25:10,324] {scheduler_job.py:633} INFO - Processing file /home/airflow/.local/lib/python3.6/site-packages/airflow/example_dags/example_xcom.py for tasks to queue
[2025-02-15 14:25:10,331] {logging_mixin.py:104} INFO - [2025-02-15 14:25:10,327] {dagbag.py:496} INFO - Filling up the DagBag from /home/airflow/.local/lib/python3.6/site-packages/airflow/example_dags/example_xcom.py
[2025-02-15 14:25:10,425] {scheduler_job.py:643} INFO - DAG(s) dict_keys(['example_xcom']) retrieved from /home/airflow/.local/lib/python3.6/site-packages/airflow/example_dags/example_xcom.py
[2025-02-15 14:25:10,575] {logging_mixin.py:104} INFO - [2025-02-15 14:25:10,574] {dag.py:1833} INFO - Sync 1 DAGs
[2025-02-15 14:25:10,643] {logging_mixin.py:104} INFO - [2025-02-15 14:25:10,642] {dag.py:2306} INFO - Setting next_dagrun for example_xcom to 2025-02-13 00:00:00+00:00
[2025-02-15 14:25:10,678] {scheduler_job.py:190} INFO - Processing /home/airflow/.local/lib/python3.6/site-packages/airflow/example_dags/example_xcom.py took 0.373 seconds
[2025-02-15 14:25:41,257] {scheduler_job.py:182} INFO - Started process (PID=129) to work on /home/airflow/.local/lib/python3.6/site-packages/airflow/example_dags/example_xcom.py
[2025-02-15 14:25:41,261] {scheduler_job.py:633} INFO - Processing file /home/airflow/.local/lib/python3.6/site-packages/airflow/example_dags/example_xcom.py for tasks to queue
[2025-02-15 14:25:41,263] {logging_mixin.py:104} INFO - [2025-02-15 14:25:41,262] {dagbag.py:496} INFO - Filling up the DagBag from /home/airflow/.local/lib/python3.6/site-packages/airflow/example_dags/example_xcom.py
[2025-02-15 14:25:41,291] {scheduler_job.py:643} INFO - DAG(s) dict_keys(['example_xcom']) retrieved from /home/airflow/.local/lib/python3.6/site-packages/airflow/example_dags/example_xcom.py
[2025-02-15 14:25:41,349] {logging_mixin.py:104} INFO - [2025-02-15 14:25:41,349] {dag.py:1833} INFO - Sync 1 DAGs
[2025-02-15 14:25:41,413] {logging_mixin.py:104} INFO - [2025-02-15 14:25:41,413] {dag.py:2306} INFO - Setting next_dagrun for example_xcom to 2025-02-13 00:00:00+00:00
[2025-02-15 14:25:41,467] {scheduler_job.py:190} INFO - Processing /home/airflow/.local/lib/python3.6/site-packages/airflow/example_dags/example_xcom.py took 0.217 seconds
[2025-02-15 14:26:12,012] {scheduler_job.py:182} INFO - Started process (PID=180) to work on /home/airflow/.local/lib/python3.6/site-packages/airflow/example_dags/example_xcom.py
[2025-02-15 14:26:12,015] {scheduler_job.py:633} INFO - Processing file /home/airflow/.local/lib/python3.6/site-packages/airflow/example_dags/example_xcom.py for tasks to queue
[2025-02-15 14:26:12,016] {logging_mixin.py:104} INFO - [2025-02-15 14:26:12,016] {dagbag.py:496} INFO - Filling up the DagBag from /home/airflow/.local/lib/python3.6/site-packages/airflow/example_dags/example_xcom.py
[2025-02-15 14:26:12,056] {scheduler_job.py:643} INFO - DAG(s) dict_keys(['example_xcom']) retrieved from /home/airflow/.local/lib/python3.6/site-packages/airflow/example_dags/example_xcom.py
[2025-02-15 14:26:12,135] {logging_mixin.py:104} INFO - [2025-02-15 14:26:12,134] {dag.py:1833} INFO - Sync 1 DAGs
[2025-02-15 14:26:12,156] {logging_mixin.py:104} INFO - [2025-02-15 14:26:12,156] {dag.py:2306} INFO - Setting next_dagrun for example_xcom to 2025-02-13 00:00:00+00:00
[2025-02-15 14:26:12,187] {scheduler_job.py:190} INFO - Processing /home/airflow/.local/lib/python3.6/site-packages/airflow/example_dags/example_xcom.py took 0.183 seconds
[2025-02-15 14:26:42,429] {scheduler_job.py:182} INFO - Started process (PID=242) to work on /home/airflow/.local/lib/python3.6/site-packages/airflow/example_dags/example_xcom.py
[2025-02-15 14:26:42,431] {scheduler_job.py:633} INFO - Processing file /home/airflow/.local/lib/python3.6/site-packages/airflow/example_dags/example_xcom.py for tasks to queue
[2025-02-15 14:26:42,432] {logging_mixin.py:104} INFO - [2025-02-15 14:26:42,432] {dagbag.py:496} INFO - Filling up the DagBag from /home/airflow/.local/lib/python3.6/site-packages/airflow/example_dags/example_xcom.py
[2025-02-15 14:26:42,450] {scheduler_job.py:643} INFO - DAG(s) dict_keys(['example_xcom']) retrieved from /home/airflow/.local/lib/python3.6/site-packages/airflow/example_dags/example_xcom.py
[2025-02-15 14:26:42,504] {logging_mixin.py:104} INFO - [2025-02-15 14:26:42,504] {dag.py:1833} INFO - Sync 1 DAGs
[2025-02-15 14:26:42,547] {logging_mixin.py:104} INFO - [2025-02-15 14:26:42,546] {dag.py:2306} INFO - Setting next_dagrun for example_xcom to 2025-02-13 00:00:00+00:00
[2025-02-15 14:26:42,567] {scheduler_job.py:190} INFO - Processing /home/airflow/.local/lib/python3.6/site-packages/airflow/example_dags/example_xcom.py took 0.142 seconds
[2025-02-15 14:27:13,087] {scheduler_job.py:182} INFO - Started process (PID=294) to work on /home/airflow/.local/lib/python3.6/site-packages/airflow/example_dags/example_xcom.py
[2025-02-15 14:27:13,089] {scheduler_job.py:633} INFO - Processing file /home/airflow/.local/lib/python3.6/site-packages/airflow/example_dags/example_xcom.py for tasks to queue
[2025-02-15 14:27:13,090] {logging_mixin.py:104} INFO - [2025-02-15 14:27:13,090] {dagbag.py:496} INFO - Filling up the DagBag from /home/airflow/.local/lib/python3.6/site-packages/airflow/example_dags/example_xcom.py
[2025-02-15 14:27:13,106] {scheduler_job.py:643} INFO - DAG(s) dict_keys(['example_xcom']) retrieved from /home/airflow/.local/lib/python3.6/site-packages/airflow/example_dags/example_xcom.py
[2025-02-15 14:27:13,145] {logging_mixin.py:104} INFO - [2025-02-15 14:27:13,145] {dag.py:1833} INFO - Sync 1 DAGs
[2025-02-15 14:27:13,182] {logging_mixin.py:104} INFO - [2025-02-15 14:27:13,182] {dag.py:2306} INFO - Setting next_dagrun for example_xcom to 2025-02-13 00:00:00+00:00
[2025-02-15 14:27:13,202] {scheduler_job.py:190} INFO - Processing /home/airflow/.local/lib/python3.6/site-packages/airflow/example_dags/example_xcom.py took 0.120 seconds
[2025-02-15 14:27:43,922] {scheduler_job.py:182} INFO - Started process (PID=356) to work on /home/airflow/.local/lib/python3.6/site-packages/airflow/example_dags/example_xcom.py
[2025-02-15 14:27:43,924] {scheduler_job.py:633} INFO - Processing file /home/airflow/.local/lib/python3.6/site-packages/airflow/example_dags/example_xcom.py for tasks to queue
[2025-02-15 14:27:43,926] {logging_mixin.py:104} INFO - [2025-02-15 14:27:43,925] {dagbag.py:496} INFO - Filling up the DagBag from /home/airflow/.local/lib/python3.6/site-packages/airflow/example_dags/example_xcom.py
[2025-02-15 14:27:43,943] {scheduler_job.py:643} INFO - DAG(s) dict_keys(['example_xcom']) retrieved from /home/airflow/.local/lib/python3.6/site-packages/airflow/example_dags/example_xcom.py
[2025-02-15 14:27:43,971] {logging_mixin.py:104} INFO - [2025-02-15 14:27:43,971] {dag.py:1833} INFO - Sync 1 DAGs
[2025-02-15 14:27:43,988] {logging_mixin.py:104} INFO - [2025-02-15 14:27:43,987] {dag.py:2306} INFO - Setting next_dagrun for example_xcom to 2025-02-13 00:00:00+00:00
[2025-02-15 14:27:44,002] {scheduler_job.py:190} INFO - Processing /home/airflow/.local/lib/python3.6/site-packages/airflow/example_dags/example_xcom.py took 0.090 seconds
[2025-02-15 14:28:14,895] {scheduler_job.py:182} INFO - Started process (PID=408) to work on /home/airflow/.local/lib/python3.6/site-packages/airflow/example_dags/example_xcom.py
[2025-02-15 14:28:14,897] {scheduler_job.py:633} INFO - Processing file /home/airflow/.local/lib/python3.6/site-packages/airflow/example_dags/example_xcom.py for tasks to queue
[2025-02-15 14:28:14,899] {logging_mixin.py:104} INFO - [2025-02-15 14:28:14,899] {dagbag.py:496} INFO - Filling up the DagBag from /home/airflow/.local/lib/python3.6/site-packages/airflow/example_dags/example_xcom.py
[2025-02-15 14:28:14,917] {scheduler_job.py:643} INFO - DAG(s) dict_keys(['example_xcom']) retrieved from /home/airflow/.local/lib/python3.6/site-packages/airflow/example_dags/example_xcom.py
[2025-02-15 14:28:14,948] {logging_mixin.py:104} INFO - [2025-02-15 14:28:14,948] {dag.py:1833} INFO - Sync 1 DAGs
[2025-02-15 14:28:14,969] {logging_mixin.py:104} INFO - [2025-02-15 14:28:14,968] {dag.py:2306} INFO - Setting next_dagrun for example_xcom to 2025-02-13 00:00:00+00:00
[2025-02-15 14:28:14,983] {scheduler_job.py:190} INFO - Processing /home/airflow/.local/lib/python3.6/site-packages/airflow/example_dags/example_xcom.py took 0.099 seconds
[2025-02-15 14:28:45,744] {scheduler_job.py:182} INFO - Started process (PID=470) to work on /home/airflow/.local/lib/python3.6/site-packages/airflow/example_dags/example_xcom.py
[2025-02-15 14:28:45,747] {scheduler_job.py:633} INFO - Processing file /home/airflow/.local/lib/python3.6/site-packages/airflow/example_dags/example_xcom.py for tasks to queue
[2025-02-15 14:28:45,749] {logging_mixin.py:104} INFO - [2025-02-15 14:28:45,748] {dagbag.py:496} INFO - Filling up the DagBag from /home/airflow/.local/lib/python3.6/site-packages/airflow/example_dags/example_xcom.py
[2025-02-15 14:28:45,766] {scheduler_job.py:643} INFO - DAG(s) dict_keys(['example_xcom']) retrieved from /home/airflow/.local/lib/python3.6/site-packages/airflow/example_dags/example_xcom.py
[2025-02-15 14:28:45,801] {logging_mixin.py:104} INFO - [2025-02-15 14:28:45,801] {dag.py:1833} INFO - Sync 1 DAGs
[2025-02-15 14:28:45,822] {logging_mixin.py:104} INFO - [2025-02-15 14:28:45,822] {dag.py:2306} INFO - Setting next_dagrun for example_xcom to 2025-02-13 00:00:00+00:00
[2025-02-15 14:28:45,836] {scheduler_job.py:190} INFO - Processing /home/airflow/.local/lib/python3.6/site-packages/airflow/example_dags/example_xcom.py took 0.107 seconds
[2025-02-15 14:29:16,322] {scheduler_job.py:182} INFO - Started process (PID=521) to work on /home/airflow/.local/lib/python3.6/site-packages/airflow/example_dags/example_xcom.py
[2025-02-15 14:29:16,323] {scheduler_job.py:633} INFO - Processing file /home/airflow/.local/lib/python3.6/site-packages/airflow/example_dags/example_xcom.py for tasks to queue
[2025-02-15 14:29:16,324] {logging_mixin.py:104} INFO - [2025-02-15 14:29:16,324] {dagbag.py:496} INFO - Filling up the DagBag from /home/airflow/.local/lib/python3.6/site-packages/airflow/example_dags/example_xcom.py
[2025-02-15 14:29:16,344] {scheduler_job.py:643} INFO - DAG(s) dict_keys(['example_xcom']) retrieved from /home/airflow/.local/lib/python3.6/site-packages/airflow/example_dags/example_xcom.py
[2025-02-15 14:29:16,376] {logging_mixin.py:104} INFO - [2025-02-15 14:29:16,376] {dag.py:1833} INFO - Sync 1 DAGs
[2025-02-15 14:29:16,402] {logging_mixin.py:104} INFO - [2025-02-15 14:29:16,402] {dag.py:2306} INFO - Setting next_dagrun for example_xcom to 2025-02-13 00:00:00+00:00
[2025-02-15 14:29:16,420] {scheduler_job.py:190} INFO - Processing /home/airflow/.local/lib/python3.6/site-packages/airflow/example_dags/example_xcom.py took 0.103 seconds
[2025-02-15 14:29:46,729] {scheduler_job.py:182} INFO - Started process (PID=573) to work on /home/airflow/.local/lib/python3.6/site-packages/airflow/example_dags/example_xcom.py
[2025-02-15 14:29:46,734] {scheduler_job.py:633} INFO - Processing file /home/airflow/.local/lib/python3.6/site-packages/airflow/example_dags/example_xcom.py for tasks to queue
[2025-02-15 14:29:46,737] {logging_mixin.py:104} INFO - [2025-02-15 14:29:46,737] {dagbag.py:496} INFO - Filling up the DagBag from /home/airflow/.local/lib/python3.6/site-packages/airflow/example_dags/example_xcom.py
[2025-02-15 14:29:46,776] {scheduler_job.py:643} INFO - DAG(s) dict_keys(['example_xcom']) retrieved from /home/airflow/.local/lib/python3.6/site-packages/airflow/example_dags/example_xcom.py
[2025-02-15 14:29:46,837] {logging_mixin.py:104} INFO - [2025-02-15 14:29:46,837] {dag.py:1833} INFO - Sync 1 DAGs
[2025-02-15 14:29:46,867] {logging_mixin.py:104} INFO - [2025-02-15 14:29:46,866] {dag.py:2306} INFO - Setting next_dagrun for example_xcom to 2025-02-13 00:00:00+00:00
[2025-02-15 14:29:46,885] {scheduler_job.py:190} INFO - Processing /home/airflow/.local/lib/python3.6/site-packages/airflow/example_dags/example_xcom.py took 0.183 seconds
[2025-02-15 14:30:17,374] {scheduler_job.py:182} INFO - Started process (PID=635) to work on /home/airflow/.local/lib/python3.6/site-packages/airflow/example_dags/example_xcom.py
[2025-02-15 14:30:17,376] {scheduler_job.py:633} INFO - Processing file /home/airflow/.local/lib/python3.6/site-packages/airflow/example_dags/example_xcom.py for tasks to queue
[2025-02-15 14:30:17,378] {logging_mixin.py:104} INFO - [2025-02-15 14:30:17,377] {dagbag.py:496} INFO - Filling up the DagBag from /home/airflow/.local/lib/python3.6/site-packages/airflow/example_dags/example_xcom.py
[2025-02-15 14:30:17,398] {scheduler_job.py:643} INFO - DAG(s) dict_keys(['example_xcom']) retrieved from /home/airflow/.local/lib/python3.6/site-packages/airflow/example_dags/example_xcom.py
[2025-02-15 14:30:17,448] {logging_mixin.py:104} INFO - [2025-02-15 14:30:17,448] {dag.py:1833} INFO - Sync 1 DAGs
[2025-02-15 14:30:17,477] {logging_mixin.py:104} INFO - [2025-02-15 14:30:17,477] {dag.py:2306} INFO - Setting next_dagrun for example_xcom to 2025-02-13 00:00:00+00:00
[2025-02-15 14:30:17,495] {scheduler_job.py:190} INFO - Processing /home/airflow/.local/lib/python3.6/site-packages/airflow/example_dags/example_xcom.py took 0.127 seconds
[2025-02-15 14:30:47,557] {scheduler_job.py:182} INFO - Started process (PID=687) to work on /home/airflow/.local/lib/python3.6/site-packages/airflow/example_dags/example_xcom.py
[2025-02-15 14:30:47,558] {scheduler_job.py:633} INFO - Processing file /home/airflow/.local/lib/python3.6/site-packages/airflow/example_dags/example_xcom.py for tasks to queue
[2025-02-15 14:30:47,559] {logging_mixin.py:104} INFO - [2025-02-15 14:30:47,559] {dagbag.py:496} INFO - Filling up the DagBag from /home/airflow/.local/lib/python3.6/site-packages/airflow/example_dags/example_xcom.py
[2025-02-15 14:30:47,575] {scheduler_job.py:643} INFO - DAG(s) dict_keys(['example_xcom']) retrieved from /home/airflow/.local/lib/python3.6/site-packages/airflow/example_dags/example_xcom.py
[2025-02-15 14:30:47,606] {logging_mixin.py:104} INFO - [2025-02-15 14:30:47,606] {dag.py:1833} INFO - Sync 1 DAGs
[2025-02-15 14:30:47,622] {logging_mixin.py:104} INFO - [2025-02-15 14:30:47,622] {dag.py:2306} INFO - Setting next_dagrun for example_xcom to 2025-02-13 00:00:00+00:00
[2025-02-15 14:30:47,636] {scheduler_job.py:190} INFO - Processing /home/airflow/.local/lib/python3.6/site-packages/airflow/example_dags/example_xcom.py took 0.083 seconds
[2025-02-15 14:31:17,985] {scheduler_job.py:182} INFO - Started process (PID=739) to work on /home/airflow/.local/lib/python3.6/site-packages/airflow/example_dags/example_xcom.py
[2025-02-15 14:31:17,986] {scheduler_job.py:633} INFO - Processing file /home/airflow/.local/lib/python3.6/site-packages/airflow/example_dags/example_xcom.py for tasks to queue
[2025-02-15 14:31:17,987] {logging_mixin.py:104} INFO - [2025-02-15 14:31:17,987] {dagbag.py:496} INFO - Filling up the DagBag from /home/airflow/.local/lib/python3.6/site-packages/airflow/example_dags/example_xcom.py
[2025-02-15 14:31:17,999] {scheduler_job.py:643} INFO - DAG(s) dict_keys(['example_xcom']) retrieved from /home/airflow/.local/lib/python3.6/site-packages/airflow/example_dags/example_xcom.py
[2025-02-15 14:31:18,030] {logging_mixin.py:104} INFO - [2025-02-15 14:31:18,030] {dag.py:1833} INFO - Sync 1 DAGs
[2025-02-15 14:31:18,047] {logging_mixin.py:104} INFO - [2025-02-15 14:31:18,047] {dag.py:2306} INFO - Setting next_dagrun for example_xcom to 2025-02-13 00:00:00+00:00
[2025-02-15 14:31:18,058] {scheduler_job.py:190} INFO - Processing /home/airflow/.local/lib/python3.6/site-packages/airflow/example_dags/example_xcom.py took 0.077 seconds
[2025-02-15 14:31:48,257] {scheduler_job.py:182} INFO - Started process (PID=801) to work on /home/airflow/.local/lib/python3.6/site-packages/airflow/example_dags/example_xcom.py
[2025-02-15 14:31:48,259] {scheduler_job.py:633} INFO - Processing file /home/airflow/.local/lib/python3.6/site-packages/airflow/example_dags/example_xcom.py for tasks to queue
[2025-02-15 14:31:48,262] {logging_mixin.py:104} INFO - [2025-02-15 14:31:48,261] {dagbag.py:496} INFO - Filling up the DagBag from /home/airflow/.local/lib/python3.6/site-packages/airflow/example_dags/example_xcom.py
[2025-02-15 14:31:48,290] {scheduler_job.py:643} INFO - DAG(s) dict_keys(['example_xcom']) retrieved from /home/airflow/.local/lib/python3.6/site-packages/airflow/example_dags/example_xcom.py
[2025-02-15 14:31:48,339] {logging_mixin.py:104} INFO - [2025-02-15 14:31:48,339] {dag.py:1833} INFO - Sync 1 DAGs
[2025-02-15 14:31:48,372] {logging_mixin.py:104} INFO - [2025-02-15 14:31:48,372] {dag.py:2306} INFO - Setting next_dagrun for example_xcom to 2025-02-13 00:00:00+00:00
[2025-02-15 14:31:48,391] {scheduler_job.py:190} INFO - Processing /home/airflow/.local/lib/python3.6/site-packages/airflow/example_dags/example_xcom.py took 0.139 seconds
[2025-02-15 14:32:18,891] {scheduler_job.py:182} INFO - Started process (PID=853) to work on /home/airflow/.local/lib/python3.6/site-packages/airflow/example_dags/example_xcom.py
[2025-02-15 14:32:18,893] {scheduler_job.py:633} INFO - Processing file /home/airflow/.local/lib/python3.6/site-packages/airflow/example_dags/example_xcom.py for tasks to queue
[2025-02-15 14:32:18,895] {logging_mixin.py:104} INFO - [2025-02-15 14:32:18,895] {dagbag.py:496} INFO - Filling up the DagBag from /home/airflow/.local/lib/python3.6/site-packages/airflow/example_dags/example_xcom.py
[2025-02-15 14:32:18,916] {scheduler_job.py:643} INFO - DAG(s) dict_keys(['example_xcom']) retrieved from /home/airflow/.local/lib/python3.6/site-packages/airflow/example_dags/example_xcom.py
[2025-02-15 14:32:18,966] {logging_mixin.py:104} INFO - [2025-02-15 14:32:18,966] {dag.py:1833} INFO - Sync 1 DAGs
[2025-02-15 14:32:18,996] {logging_mixin.py:104} INFO - [2025-02-15 14:32:18,996] {dag.py:2306} INFO - Setting next_dagrun for example_xcom to 2025-02-13 00:00:00+00:00
[2025-02-15 14:32:19,023] {scheduler_job.py:190} INFO - Processing /home/airflow/.local/lib/python3.6/site-packages/airflow/example_dags/example_xcom.py took 0.137 seconds
[2025-02-15 14:32:49,792] {scheduler_job.py:182} INFO - Started process (PID=905) to work on /home/airflow/.local/lib/python3.6/site-packages/airflow/example_dags/example_xcom.py
[2025-02-15 14:32:49,794] {scheduler_job.py:633} INFO - Processing file /home/airflow/.local/lib/python3.6/site-packages/airflow/example_dags/example_xcom.py for tasks to queue
[2025-02-15 14:32:49,797] {logging_mixin.py:104} INFO - [2025-02-15 14:32:49,797] {dagbag.py:496} INFO - Filling up the DagBag from /home/airflow/.local/lib/python3.6/site-packages/airflow/example_dags/example_xcom.py
[2025-02-15 14:32:49,826] {scheduler_job.py:643} INFO - DAG(s) dict_keys(['example_xcom']) retrieved from /home/airflow/.local/lib/python3.6/site-packages/airflow/example_dags/example_xcom.py
[2025-02-15 14:32:49,885] {logging_mixin.py:104} INFO - [2025-02-15 14:32:49,884] {dag.py:1833} INFO - Sync 1 DAGs
[2025-02-15 14:32:49,917] {logging_mixin.py:104} INFO - [2025-02-15 14:32:49,917] {dag.py:2306} INFO - Setting next_dagrun for example_xcom to 2025-02-13 00:00:00+00:00
[2025-02-15 14:32:49,934] {scheduler_job.py:190} INFO - Processing /home/airflow/.local/lib/python3.6/site-packages/airflow/example_dags/example_xcom.py took 0.149 seconds
[2025-02-15 14:33:20,192] {scheduler_job.py:182} INFO - Started process (PID=967) to work on /home/airflow/.local/lib/python3.6/site-packages/airflow/example_dags/example_xcom.py
[2025-02-15 14:33:20,193] {scheduler_job.py:633} INFO - Processing file /home/airflow/.local/lib/python3.6/site-packages/airflow/example_dags/example_xcom.py for tasks to queue
[2025-02-15 14:33:20,194] {logging_mixin.py:104} INFO - [2025-02-15 14:33:20,194] {dagbag.py:496} INFO - Filling up the DagBag from /home/airflow/.local/lib/python3.6/site-packages/airflow/example_dags/example_xcom.py
[2025-02-15 14:33:20,207] {scheduler_job.py:643} INFO - DAG(s) dict_keys(['example_xcom']) retrieved from /home/airflow/.local/lib/python3.6/site-packages/airflow/example_dags/example_xcom.py
[2025-02-15 14:33:20,233] {logging_mixin.py:104} INFO - [2025-02-15 14:33:20,233] {dag.py:1833} INFO - Sync 1 DAGs
[2025-02-15 14:33:20,248] {logging_mixin.py:104} INFO - [2025-02-15 14:33:20,248] {dag.py:2306} INFO - Setting next_dagrun for example_xcom to 2025-02-13 00:00:00+00:00
[2025-02-15 14:33:20,263] {scheduler_job.py:190} INFO - Processing /home/airflow/.local/lib/python3.6/site-packages/airflow/example_dags/example_xcom.py took 0.075 seconds
[2025-02-15 14:33:50,590] {scheduler_job.py:182} INFO - Started process (PID=1019) to work on /home/airflow/.local/lib/python3.6/site-packages/airflow/example_dags/example_xcom.py
[2025-02-15 14:33:50,591] {scheduler_job.py:633} INFO - Processing file /home/airflow/.local/lib/python3.6/site-packages/airflow/example_dags/example_xcom.py for tasks to queue
[2025-02-15 14:33:50,592] {logging_mixin.py:104} INFO - [2025-02-15 14:33:50,592] {dagbag.py:496} INFO - Filling up the DagBag from /home/airflow/.local/lib/python3.6/site-packages/airflow/example_dags/example_xcom.py
[2025-02-15 14:33:50,611] {scheduler_job.py:643} INFO - DAG(s) dict_keys(['example_xcom']) retrieved from /home/airflow/.local/lib/python3.6/site-packages/airflow/example_dags/example_xcom.py
[2025-02-15 14:33:50,640] {logging_mixin.py:104} INFO - [2025-02-15 14:33:50,640] {dag.py:1833} INFO - Sync 1 DAGs
[2025-02-15 14:33:50,660] {logging_mixin.py:104} INFO - [2025-02-15 14:33:50,660] {dag.py:2306} INFO - Setting next_dagrun for example_xcom to 2025-02-13 00:00:00+00:00
[2025-02-15 14:33:50,678] {scheduler_job.py:190} INFO - Processing /home/airflow/.local/lib/python3.6/site-packages/airflow/example_dags/example_xcom.py took 0.093 seconds
[2025-02-15 14:34:21,133] {scheduler_job.py:182} INFO - Started process (PID=1081) to work on /home/airflow/.local/lib/python3.6/site-packages/airflow/example_dags/example_xcom.py
[2025-02-15 14:34:21,134] {scheduler_job.py:633} INFO - Processing file /home/airflow/.local/lib/python3.6/site-packages/airflow/example_dags/example_xcom.py for tasks to queue
[2025-02-15 14:34:21,135] {logging_mixin.py:104} INFO - [2025-02-15 14:34:21,135] {dagbag.py:496} INFO - Filling up the DagBag from /home/airflow/.local/lib/python3.6/site-packages/airflow/example_dags/example_xcom.py
[2025-02-15 14:34:21,154] {scheduler_job.py:643} INFO - DAG(s) dict_keys(['example_xcom']) retrieved from /home/airflow/.local/lib/python3.6/site-packages/airflow/example_dags/example_xcom.py
[2025-02-15 14:34:21,199] {logging_mixin.py:104} INFO - [2025-02-15 14:34:21,199] {dag.py:1833} INFO - Sync 1 DAGs
[2025-02-15 14:34:21,230] {logging_mixin.py:104} INFO - [2025-02-15 14:34:21,230] {dag.py:2306} INFO - Setting next_dagrun for example_xcom to 2025-02-13 00:00:00+00:00
[2025-02-15 14:34:21,250] {scheduler_job.py:190} INFO - Processing /home/airflow/.local/lib/python3.6/site-packages/airflow/example_dags/example_xcom.py took 0.123 seconds
[2025-02-15 14:38:24,637] {scheduler_job.py:182} INFO - Started process (PID=1154) to work on /home/airflow/.local/lib/python3.6/site-packages/airflow/example_dags/example_xcom.py
[2025-02-15 14:38:24,642] {scheduler_job.py:633} INFO - Processing file /home/airflow/.local/lib/python3.6/site-packages/airflow/example_dags/example_xcom.py for tasks to queue
[2025-02-15 14:38:24,643] {logging_mixin.py:104} INFO - [2025-02-15 14:38:24,643] {dagbag.py:496} INFO - Filling up the DagBag from /home/airflow/.local/lib/python3.6/site-packages/airflow/example_dags/example_xcom.py
[2025-02-15 14:38:24,670] {scheduler_job.py:643} INFO - DAG(s) dict_keys(['example_xcom']) retrieved from /home/airflow/.local/lib/python3.6/site-packages/airflow/example_dags/example_xcom.py
[2025-02-15 14:38:24,717] {logging_mixin.py:104} INFO - [2025-02-15 14:38:24,717] {dag.py:1833} INFO - Sync 1 DAGs
[2025-02-15 14:38:24,738] {logging_mixin.py:104} INFO - [2025-02-15 14:38:24,738] {dag.py:2306} INFO - Setting next_dagrun for example_xcom to 2025-02-13 00:00:00+00:00
[2025-02-15 14:38:24,757] {scheduler_job.py:190} INFO - Processing /home/airflow/.local/lib/python3.6/site-packages/airflow/example_dags/example_xcom.py took 0.129 seconds
[2025-02-15 14:38:55,989] {scheduler_job.py:182} INFO - Started process (PID=1216) to work on /home/airflow/.local/lib/python3.6/site-packages/airflow/example_dags/example_xcom.py
[2025-02-15 14:38:55,997] {scheduler_job.py:633} INFO - Processing file /home/airflow/.local/lib/python3.6/site-packages/airflow/example_dags/example_xcom.py for tasks to queue
[2025-02-15 14:38:55,999] {logging_mixin.py:104} INFO - [2025-02-15 14:38:55,998] {dagbag.py:496} INFO - Filling up the DagBag from /home/airflow/.local/lib/python3.6/site-packages/airflow/example_dags/example_xcom.py
[2025-02-15 14:38:56,036] {scheduler_job.py:643} INFO - DAG(s) dict_keys(['example_xcom']) retrieved from /home/airflow/.local/lib/python3.6/site-packages/airflow/example_dags/example_xcom.py
[2025-02-15 14:38:56,102] {logging_mixin.py:104} INFO - [2025-02-15 14:38:56,101] {dag.py:1833} INFO - Sync 1 DAGs
[2025-02-15 14:38:56,141] {logging_mixin.py:104} INFO - [2025-02-15 14:38:56,141] {dag.py:2306} INFO - Setting next_dagrun for example_xcom to 2025-02-13 00:00:00+00:00
[2025-02-15 14:38:56,177] {scheduler_job.py:190} INFO - Processing /home/airflow/.local/lib/python3.6/site-packages/airflow/example_dags/example_xcom.py took 0.197 seconds
[2025-02-15 14:44:07,390] {scheduler_job.py:182} INFO - Started process (PID=1260) to work on /home/airflow/.local/lib/python3.6/site-packages/airflow/example_dags/example_xcom.py
[2025-02-15 14:44:07,393] {scheduler_job.py:633} INFO - Processing file /home/airflow/.local/lib/python3.6/site-packages/airflow/example_dags/example_xcom.py for tasks to queue
[2025-02-15 14:44:07,395] {logging_mixin.py:104} INFO - [2025-02-15 14:44:07,395] {dagbag.py:496} INFO - Filling up the DagBag from /home/airflow/.local/lib/python3.6/site-packages/airflow/example_dags/example_xcom.py
[2025-02-15 14:44:07,435] {scheduler_job.py:643} INFO - DAG(s) dict_keys(['example_xcom']) retrieved from /home/airflow/.local/lib/python3.6/site-packages/airflow/example_dags/example_xcom.py
[2025-02-15 14:44:07,514] {logging_mixin.py:104} INFO - [2025-02-15 14:44:07,514] {dag.py:1833} INFO - Sync 1 DAGs
[2025-02-15 14:44:07,547] {logging_mixin.py:104} INFO - [2025-02-15 14:44:07,547] {dag.py:2306} INFO - Setting next_dagrun for example_xcom to 2025-02-13 00:00:00+00:00
[2025-02-15 14:44:07,574] {scheduler_job.py:190} INFO - Processing /home/airflow/.local/lib/python3.6/site-packages/airflow/example_dags/example_xcom.py took 0.196 seconds
[2025-02-15 14:44:38,316] {scheduler_job.py:182} INFO - Started process (PID=1303) to work on /home/airflow/.local/lib/python3.6/site-packages/airflow/example_dags/example_xcom.py
[2025-02-15 14:44:38,319] {scheduler_job.py:633} INFO - Processing file /home/airflow/.local/lib/python3.6/site-packages/airflow/example_dags/example_xcom.py for tasks to queue
[2025-02-15 14:44:38,321] {logging_mixin.py:104} INFO - [2025-02-15 14:44:38,321] {dagbag.py:496} INFO - Filling up the DagBag from /home/airflow/.local/lib/python3.6/site-packages/airflow/example_dags/example_xcom.py
[2025-02-15 14:44:38,382] {scheduler_job.py:643} INFO - DAG(s) dict_keys(['example_xcom']) retrieved from /home/airflow/.local/lib/python3.6/site-packages/airflow/example_dags/example_xcom.py
[2025-02-15 14:44:38,503] {logging_mixin.py:104} INFO - [2025-02-15 14:44:38,503] {dag.py:1833} INFO - Sync 1 DAGs
[2025-02-15 14:44:38,542] {logging_mixin.py:104} INFO - [2025-02-15 14:44:38,541] {dag.py:2306} INFO - Setting next_dagrun for example_xcom to 2025-02-13 00:00:00+00:00
[2025-02-15 14:44:38,578] {scheduler_job.py:190} INFO - Processing /home/airflow/.local/lib/python3.6/site-packages/airflow/example_dags/example_xcom.py took 0.272 seconds
[2025-02-15 14:46:18,106] {scheduler_job.py:182} INFO - Started process (PID=76) to work on /home/airflow/.local/lib/python3.6/site-packages/airflow/example_dags/example_xcom.py
[2025-02-15 14:46:18,110] {scheduler_job.py:633} INFO - Processing file /home/airflow/.local/lib/python3.6/site-packages/airflow/example_dags/example_xcom.py for tasks to queue
[2025-02-15 14:46:18,112] {logging_mixin.py:104} INFO - [2025-02-15 14:46:18,112] {dagbag.py:496} INFO - Filling up the DagBag from /home/airflow/.local/lib/python3.6/site-packages/airflow/example_dags/example_xcom.py
[2025-02-15 14:46:18,203] {scheduler_job.py:643} INFO - DAG(s) dict_keys(['example_xcom']) retrieved from /home/airflow/.local/lib/python3.6/site-packages/airflow/example_dags/example_xcom.py
[2025-02-15 14:46:18,370] {logging_mixin.py:104} INFO - [2025-02-15 14:46:18,370] {dag.py:1833} INFO - Sync 1 DAGs
[2025-02-15 14:46:18,432] {logging_mixin.py:104} INFO - [2025-02-15 14:46:18,431] {dag.py:2306} INFO - Setting next_dagrun for example_xcom to 2025-02-13 00:00:00+00:00
[2025-02-15 14:46:18,652] {scheduler_job.py:190} INFO - Processing /home/airflow/.local/lib/python3.6/site-packages/airflow/example_dags/example_xcom.py took 0.554 seconds
[2025-02-15 14:46:49,562] {scheduler_job.py:182} INFO - Started process (PID=127) to work on /home/airflow/.local/lib/python3.6/site-packages/airflow/example_dags/example_xcom.py
[2025-02-15 14:46:49,576] {scheduler_job.py:633} INFO - Processing file /home/airflow/.local/lib/python3.6/site-packages/airflow/example_dags/example_xcom.py for tasks to queue
[2025-02-15 14:46:49,581] {logging_mixin.py:104} INFO - [2025-02-15 14:46:49,580] {dagbag.py:496} INFO - Filling up the DagBag from /home/airflow/.local/lib/python3.6/site-packages/airflow/example_dags/example_xcom.py
[2025-02-15 14:46:49,690] {scheduler_job.py:643} INFO - DAG(s) dict_keys(['example_xcom']) retrieved from /home/airflow/.local/lib/python3.6/site-packages/airflow/example_dags/example_xcom.py
[2025-02-15 14:46:49,864] {logging_mixin.py:104} INFO - [2025-02-15 14:46:49,864] {dag.py:1833} INFO - Sync 1 DAGs
[2025-02-15 14:46:49,980] {logging_mixin.py:104} INFO - [2025-02-15 14:46:49,979] {dag.py:2306} INFO - Setting next_dagrun for example_xcom to 2025-02-13 00:00:00+00:00
[2025-02-15 14:46:50,045] {scheduler_job.py:190} INFO - Processing /home/airflow/.local/lib/python3.6/site-packages/airflow/example_dags/example_xcom.py took 0.505 seconds
[2025-02-15 14:47:20,969] {scheduler_job.py:182} INFO - Started process (PID=179) to work on /home/airflow/.local/lib/python3.6/site-packages/airflow/example_dags/example_xcom.py
[2025-02-15 14:47:20,970] {scheduler_job.py:633} INFO - Processing file /home/airflow/.local/lib/python3.6/site-packages/airflow/example_dags/example_xcom.py for tasks to queue
[2025-02-15 14:47:20,970] {logging_mixin.py:104} INFO - [2025-02-15 14:47:20,970] {dagbag.py:496} INFO - Filling up the DagBag from /home/airflow/.local/lib/python3.6/site-packages/airflow/example_dags/example_xcom.py
[2025-02-15 14:47:20,982] {scheduler_job.py:643} INFO - DAG(s) dict_keys(['example_xcom']) retrieved from /home/airflow/.local/lib/python3.6/site-packages/airflow/example_dags/example_xcom.py
[2025-02-15 14:47:21,010] {logging_mixin.py:104} INFO - [2025-02-15 14:47:21,010] {dag.py:1833} INFO - Sync 1 DAGs
[2025-02-15 14:47:21,033] {logging_mixin.py:104} INFO - [2025-02-15 14:47:21,033] {dag.py:2306} INFO - Setting next_dagrun for example_xcom to 2025-02-13 00:00:00+00:00
[2025-02-15 14:47:21,045] {scheduler_job.py:190} INFO - Processing /home/airflow/.local/lib/python3.6/site-packages/airflow/example_dags/example_xcom.py took 0.080 seconds
[2025-02-15 14:47:51,726] {scheduler_job.py:182} INFO - Started process (PID=231) to work on /home/airflow/.local/lib/python3.6/site-packages/airflow/example_dags/example_xcom.py
[2025-02-15 14:47:51,729] {scheduler_job.py:633} INFO - Processing file /home/airflow/.local/lib/python3.6/site-packages/airflow/example_dags/example_xcom.py for tasks to queue
[2025-02-15 14:47:51,730] {logging_mixin.py:104} INFO - [2025-02-15 14:47:51,729] {dagbag.py:496} INFO - Filling up the DagBag from /home/airflow/.local/lib/python3.6/site-packages/airflow/example_dags/example_xcom.py
[2025-02-15 14:47:51,745] {scheduler_job.py:643} INFO - DAG(s) dict_keys(['example_xcom']) retrieved from /home/airflow/.local/lib/python3.6/site-packages/airflow/example_dags/example_xcom.py
[2025-02-15 14:47:51,770] {logging_mixin.py:104} INFO - [2025-02-15 14:47:51,770] {dag.py:1833} INFO - Sync 1 DAGs
[2025-02-15 14:47:51,785] {logging_mixin.py:104} INFO - [2025-02-15 14:47:51,785] {dag.py:2306} INFO - Setting next_dagrun for example_xcom to 2025-02-13 00:00:00+00:00
[2025-02-15 14:47:51,799] {scheduler_job.py:190} INFO - Processing /home/airflow/.local/lib/python3.6/site-packages/airflow/example_dags/example_xcom.py took 0.079 seconds
[2025-02-15 14:48:22,396] {scheduler_job.py:182} INFO - Started process (PID=289) to work on /home/airflow/.local/lib/python3.6/site-packages/airflow/example_dags/example_xcom.py
[2025-02-15 14:48:22,399] {scheduler_job.py:633} INFO - Processing file /home/airflow/.local/lib/python3.6/site-packages/airflow/example_dags/example_xcom.py for tasks to queue
[2025-02-15 14:48:22,400] {logging_mixin.py:104} INFO - [2025-02-15 14:48:22,400] {dagbag.py:496} INFO - Filling up the DagBag from /home/airflow/.local/lib/python3.6/site-packages/airflow/example_dags/example_xcom.py
[2025-02-15 14:48:22,415] {scheduler_job.py:643} INFO - DAG(s) dict_keys(['example_xcom']) retrieved from /home/airflow/.local/lib/python3.6/site-packages/airflow/example_dags/example_xcom.py
[2025-02-15 14:48:22,446] {logging_mixin.py:104} INFO - [2025-02-15 14:48:22,446] {dag.py:1833} INFO - Sync 1 DAGs
[2025-02-15 14:48:22,463] {logging_mixin.py:104} INFO - [2025-02-15 14:48:22,463] {dag.py:2306} INFO - Setting next_dagrun for example_xcom to 2025-02-13 00:00:00+00:00
[2025-02-15 14:48:22,477] {scheduler_job.py:190} INFO - Processing /home/airflow/.local/lib/python3.6/site-packages/airflow/example_dags/example_xcom.py took 0.085 seconds
[2025-02-15 14:48:53,325] {scheduler_job.py:182} INFO - Started process (PID=345) to work on /home/airflow/.local/lib/python3.6/site-packages/airflow/example_dags/example_xcom.py
[2025-02-15 14:48:53,327] {scheduler_job.py:633} INFO - Processing file /home/airflow/.local/lib/python3.6/site-packages/airflow/example_dags/example_xcom.py for tasks to queue
[2025-02-15 14:48:53,328] {logging_mixin.py:104} INFO - [2025-02-15 14:48:53,327] {dagbag.py:496} INFO - Filling up the DagBag from /home/airflow/.local/lib/python3.6/site-packages/airflow/example_dags/example_xcom.py
[2025-02-15 14:48:53,346] {scheduler_job.py:643} INFO - DAG(s) dict_keys(['example_xcom']) retrieved from /home/airflow/.local/lib/python3.6/site-packages/airflow/example_dags/example_xcom.py
[2025-02-15 14:48:53,372] {logging_mixin.py:104} INFO - [2025-02-15 14:48:53,372] {dag.py:1833} INFO - Sync 1 DAGs
[2025-02-15 14:48:53,388] {logging_mixin.py:104} INFO - [2025-02-15 14:48:53,387] {dag.py:2306} INFO - Setting next_dagrun for example_xcom to 2025-02-13 00:00:00+00:00
[2025-02-15 14:48:53,402] {scheduler_job.py:190} INFO - Processing /home/airflow/.local/lib/python3.6/site-packages/airflow/example_dags/example_xcom.py took 0.082 seconds
[2025-02-15 14:49:23,938] {scheduler_job.py:182} INFO - Started process (PID=397) to work on /home/airflow/.local/lib/python3.6/site-packages/airflow/example_dags/example_xcom.py
[2025-02-15 14:49:23,942] {scheduler_job.py:633} INFO - Processing file /home/airflow/.local/lib/python3.6/site-packages/airflow/example_dags/example_xcom.py for tasks to queue
[2025-02-15 14:49:23,944] {logging_mixin.py:104} INFO - [2025-02-15 14:49:23,944] {dagbag.py:496} INFO - Filling up the DagBag from /home/airflow/.local/lib/python3.6/site-packages/airflow/example_dags/example_xcom.py
[2025-02-15 14:49:23,965] {scheduler_job.py:643} INFO - DAG(s) dict_keys(['example_xcom']) retrieved from /home/airflow/.local/lib/python3.6/site-packages/airflow/example_dags/example_xcom.py
[2025-02-15 14:49:23,992] {logging_mixin.py:104} INFO - [2025-02-15 14:49:23,992] {dag.py:1833} INFO - Sync 1 DAGs
[2025-02-15 14:49:24,017] {logging_mixin.py:104} INFO - [2025-02-15 14:49:24,017] {dag.py:2306} INFO - Setting next_dagrun for example_xcom to 2025-02-13 00:00:00+00:00
[2025-02-15 14:49:24,034] {scheduler_job.py:190} INFO - Processing /home/airflow/.local/lib/python3.6/site-packages/airflow/example_dags/example_xcom.py took 0.102 seconds
[2025-02-15 14:49:54,295] {scheduler_job.py:182} INFO - Started process (PID=459) to work on /home/airflow/.local/lib/python3.6/site-packages/airflow/example_dags/example_xcom.py
[2025-02-15 14:49:54,297] {scheduler_job.py:633} INFO - Processing file /home/airflow/.local/lib/python3.6/site-packages/airflow/example_dags/example_xcom.py for tasks to queue
[2025-02-15 14:49:54,298] {logging_mixin.py:104} INFO - [2025-02-15 14:49:54,297] {dagbag.py:496} INFO - Filling up the DagBag from /home/airflow/.local/lib/python3.6/site-packages/airflow/example_dags/example_xcom.py
[2025-02-15 14:49:54,316] {scheduler_job.py:643} INFO - DAG(s) dict_keys(['example_xcom']) retrieved from /home/airflow/.local/lib/python3.6/site-packages/airflow/example_dags/example_xcom.py
[2025-02-15 14:49:54,345] {logging_mixin.py:104} INFO - [2025-02-15 14:49:54,345] {dag.py:1833} INFO - Sync 1 DAGs
[2025-02-15 14:49:54,371] {logging_mixin.py:104} INFO - [2025-02-15 14:49:54,370] {dag.py:2306} INFO - Setting next_dagrun for example_xcom to 2025-02-13 00:00:00+00:00
[2025-02-15 14:49:54,399] {scheduler_job.py:190} INFO - Processing /home/airflow/.local/lib/python3.6/site-packages/airflow/example_dags/example_xcom.py took 0.107 seconds
[2025-02-15 14:50:25,151] {scheduler_job.py:182} INFO - Started process (PID=511) to work on /home/airflow/.local/lib/python3.6/site-packages/airflow/example_dags/example_xcom.py
[2025-02-15 14:50:25,153] {scheduler_job.py:633} INFO - Processing file /home/airflow/.local/lib/python3.6/site-packages/airflow/example_dags/example_xcom.py for tasks to queue
[2025-02-15 14:50:25,154] {logging_mixin.py:104} INFO - [2025-02-15 14:50:25,153] {dagbag.py:496} INFO - Filling up the DagBag from /home/airflow/.local/lib/python3.6/site-packages/airflow/example_dags/example_xcom.py
[2025-02-15 14:50:25,167] {scheduler_job.py:643} INFO - DAG(s) dict_keys(['example_xcom']) retrieved from /home/airflow/.local/lib/python3.6/site-packages/airflow/example_dags/example_xcom.py
[2025-02-15 14:50:25,192] {logging_mixin.py:104} INFO - [2025-02-15 14:50:25,192] {dag.py:1833} INFO - Sync 1 DAGs
[2025-02-15 14:50:25,207] {logging_mixin.py:104} INFO - [2025-02-15 14:50:25,206] {dag.py:2306} INFO - Setting next_dagrun for example_xcom to 2025-02-13 00:00:00+00:00
[2025-02-15 14:50:25,223] {scheduler_job.py:190} INFO - Processing /home/airflow/.local/lib/python3.6/site-packages/airflow/example_dags/example_xcom.py took 0.077 seconds
[2025-02-15 14:50:55,250] {scheduler_job.py:182} INFO - Started process (PID=572) to work on /home/airflow/.local/lib/python3.6/site-packages/airflow/example_dags/example_xcom.py
[2025-02-15 14:50:55,252] {scheduler_job.py:633} INFO - Processing file /home/airflow/.local/lib/python3.6/site-packages/airflow/example_dags/example_xcom.py for tasks to queue
[2025-02-15 14:50:55,253] {logging_mixin.py:104} INFO - [2025-02-15 14:50:55,253] {dagbag.py:496} INFO - Filling up the DagBag from /home/airflow/.local/lib/python3.6/site-packages/airflow/example_dags/example_xcom.py
[2025-02-15 14:50:55,276] {scheduler_job.py:643} INFO - DAG(s) dict_keys(['example_xcom']) retrieved from /home/airflow/.local/lib/python3.6/site-packages/airflow/example_dags/example_xcom.py
[2025-02-15 14:50:55,332] {logging_mixin.py:104} INFO - [2025-02-15 14:50:55,332] {dag.py:1833} INFO - Sync 1 DAGs
[2025-02-15 14:50:55,365] {logging_mixin.py:104} INFO - [2025-02-15 14:50:55,364] {dag.py:2306} INFO - Setting next_dagrun for example_xcom to 2025-02-13 00:00:00+00:00
[2025-02-15 14:50:55,390] {scheduler_job.py:190} INFO - Processing /home/airflow/.local/lib/python3.6/site-packages/airflow/example_dags/example_xcom.py took 0.148 seconds
[2025-02-15 14:51:25,815] {scheduler_job.py:182} INFO - Started process (PID=624) to work on /home/airflow/.local/lib/python3.6/site-packages/airflow/example_dags/example_xcom.py
[2025-02-15 14:51:25,817] {scheduler_job.py:633} INFO - Processing file /home/airflow/.local/lib/python3.6/site-packages/airflow/example_dags/example_xcom.py for tasks to queue
[2025-02-15 14:51:25,818] {logging_mixin.py:104} INFO - [2025-02-15 14:51:25,818] {dagbag.py:496} INFO - Filling up the DagBag from /home/airflow/.local/lib/python3.6/site-packages/airflow/example_dags/example_xcom.py
[2025-02-15 14:51:25,836] {scheduler_job.py:643} INFO - DAG(s) dict_keys(['example_xcom']) retrieved from /home/airflow/.local/lib/python3.6/site-packages/airflow/example_dags/example_xcom.py
[2025-02-15 14:51:25,866] {logging_mixin.py:104} INFO - [2025-02-15 14:51:25,865] {dag.py:1833} INFO - Sync 1 DAGs
[2025-02-15 14:51:25,884] {logging_mixin.py:104} INFO - [2025-02-15 14:51:25,884] {dag.py:2306} INFO - Setting next_dagrun for example_xcom to 2025-02-13 00:00:00+00:00
[2025-02-15 14:51:25,903] {scheduler_job.py:190} INFO - Processing /home/airflow/.local/lib/python3.6/site-packages/airflow/example_dags/example_xcom.py took 0.093 seconds
[2025-02-15 14:51:55,944] {scheduler_job.py:182} INFO - Started process (PID=677) to work on /home/airflow/.local/lib/python3.6/site-packages/airflow/example_dags/example_xcom.py
[2025-02-15 14:51:55,945] {scheduler_job.py:633} INFO - Processing file /home/airflow/.local/lib/python3.6/site-packages/airflow/example_dags/example_xcom.py for tasks to queue
[2025-02-15 14:51:55,946] {logging_mixin.py:104} INFO - [2025-02-15 14:51:55,946] {dagbag.py:496} INFO - Filling up the DagBag from /home/airflow/.local/lib/python3.6/site-packages/airflow/example_dags/example_xcom.py
[2025-02-15 14:51:55,964] {scheduler_job.py:643} INFO - DAG(s) dict_keys(['example_xcom']) retrieved from /home/airflow/.local/lib/python3.6/site-packages/airflow/example_dags/example_xcom.py
[2025-02-15 14:51:56,000] {logging_mixin.py:104} INFO - [2025-02-15 14:51:56,000] {dag.py:1833} INFO - Sync 1 DAGs
[2025-02-15 14:51:56,028] {logging_mixin.py:104} INFO - [2025-02-15 14:51:56,028] {dag.py:2306} INFO - Setting next_dagrun for example_xcom to 2025-02-13 00:00:00+00:00
[2025-02-15 14:51:56,053] {scheduler_job.py:190} INFO - Processing /home/airflow/.local/lib/python3.6/site-packages/airflow/example_dags/example_xcom.py took 0.114 seconds
[2025-02-15 15:12:40,354] {scheduler_job.py:182} INFO - Started process (PID=735) to work on /home/airflow/.local/lib/python3.6/site-packages/airflow/example_dags/example_xcom.py
[2025-02-15 15:12:40,361] {scheduler_job.py:633} INFO - Processing file /home/airflow/.local/lib/python3.6/site-packages/airflow/example_dags/example_xcom.py for tasks to queue
[2025-02-15 15:12:40,363] {logging_mixin.py:104} INFO - [2025-02-15 15:12:40,362] {dagbag.py:496} INFO - Filling up the DagBag from /home/airflow/.local/lib/python3.6/site-packages/airflow/example_dags/example_xcom.py
[2025-02-15 15:12:40,388] {scheduler_job.py:643} INFO - DAG(s) dict_keys(['example_xcom']) retrieved from /home/airflow/.local/lib/python3.6/site-packages/airflow/example_dags/example_xcom.py
[2025-02-15 15:12:40,439] {logging_mixin.py:104} INFO - [2025-02-15 15:12:40,439] {dag.py:1833} INFO - Sync 1 DAGs
[2025-02-15 15:12:40,484] {logging_mixin.py:104} INFO - [2025-02-15 15:12:40,484] {dag.py:2306} INFO - Setting next_dagrun for example_xcom to 2025-02-13 00:00:00+00:00
[2025-02-15 15:12:40,515] {scheduler_job.py:190} INFO - Processing /home/airflow/.local/lib/python3.6/site-packages/airflow/example_dags/example_xcom.py took 0.166 seconds
[2025-02-15 15:13:11,512] {scheduler_job.py:182} INFO - Started process (PID=788) to work on /home/airflow/.local/lib/python3.6/site-packages/airflow/example_dags/example_xcom.py
[2025-02-15 15:13:11,516] {scheduler_job.py:633} INFO - Processing file /home/airflow/.local/lib/python3.6/site-packages/airflow/example_dags/example_xcom.py for tasks to queue
[2025-02-15 15:13:11,518] {logging_mixin.py:104} INFO - [2025-02-15 15:13:11,517] {dagbag.py:496} INFO - Filling up the DagBag from /home/airflow/.local/lib/python3.6/site-packages/airflow/example_dags/example_xcom.py
[2025-02-15 15:13:11,552] {scheduler_job.py:643} INFO - DAG(s) dict_keys(['example_xcom']) retrieved from /home/airflow/.local/lib/python3.6/site-packages/airflow/example_dags/example_xcom.py
[2025-02-15 15:13:11,628] {logging_mixin.py:104} INFO - [2025-02-15 15:13:11,628] {dag.py:1833} INFO - Sync 1 DAGs
[2025-02-15 15:13:11,665] {logging_mixin.py:104} INFO - [2025-02-15 15:13:11,665] {dag.py:2306} INFO - Setting next_dagrun for example_xcom to 2025-02-13 00:00:00+00:00
[2025-02-15 15:13:11,692] {scheduler_job.py:190} INFO - Processing /home/airflow/.local/lib/python3.6/site-packages/airflow/example_dags/example_xcom.py took 0.191 seconds
[2025-02-15 15:20:39,602] {scheduler_job.py:182} INFO - Started process (PID=85) to work on /home/airflow/.local/lib/python3.6/site-packages/airflow/example_dags/example_xcom.py
[2025-02-15 15:20:39,618] {scheduler_job.py:633} INFO - Processing file /home/airflow/.local/lib/python3.6/site-packages/airflow/example_dags/example_xcom.py for tasks to queue
[2025-02-15 15:20:39,623] {logging_mixin.py:104} INFO - [2025-02-15 15:20:39,622] {dagbag.py:496} INFO - Filling up the DagBag from /home/airflow/.local/lib/python3.6/site-packages/airflow/example_dags/example_xcom.py
[2025-02-15 15:20:39,682] {scheduler_job.py:643} INFO - DAG(s) dict_keys(['example_xcom']) retrieved from /home/airflow/.local/lib/python3.6/site-packages/airflow/example_dags/example_xcom.py
[2025-02-15 15:20:39,822] {logging_mixin.py:104} INFO - [2025-02-15 15:20:39,822] {dag.py:1833} INFO - Sync 1 DAGs
[2025-02-15 15:20:39,919] {logging_mixin.py:104} INFO - [2025-02-15 15:20:39,919] {dag.py:2306} INFO - Setting next_dagrun for example_xcom to 2025-02-13 00:00:00+00:00
[2025-02-15 15:20:39,992] {scheduler_job.py:190} INFO - Processing /home/airflow/.local/lib/python3.6/site-packages/airflow/example_dags/example_xcom.py took 0.406 seconds
[2025-02-15 15:21:13,384] {scheduler_job.py:182} INFO - Started process (PID=137) to work on /home/airflow/.local/lib/python3.6/site-packages/airflow/example_dags/example_xcom.py
[2025-02-15 15:21:13,386] {scheduler_job.py:633} INFO - Processing file /home/airflow/.local/lib/python3.6/site-packages/airflow/example_dags/example_xcom.py for tasks to queue
[2025-02-15 15:21:13,388] {logging_mixin.py:104} INFO - [2025-02-15 15:21:13,388] {dagbag.py:496} INFO - Filling up the DagBag from /home/airflow/.local/lib/python3.6/site-packages/airflow/example_dags/example_xcom.py
[2025-02-15 15:21:13,885] {scheduler_job.py:643} INFO - DAG(s) dict_keys(['example_xcom']) retrieved from /home/airflow/.local/lib/python3.6/site-packages/airflow/example_dags/example_xcom.py
[2025-02-15 15:21:14,462] {logging_mixin.py:104} INFO - [2025-02-15 15:21:14,417] {dag.py:1833} INFO - Sync 1 DAGs
[2025-02-15 15:21:14,640] {logging_mixin.py:104} INFO - [2025-02-15 15:21:14,640] {dag.py:2306} INFO - Setting next_dagrun for example_xcom to 2025-02-13 00:00:00+00:00
[2025-02-15 15:21:14,763] {scheduler_job.py:190} INFO - Processing /home/airflow/.local/lib/python3.6/site-packages/airflow/example_dags/example_xcom.py took 1.416 seconds
[2025-02-15 15:21:59,071] {scheduler_job.py:182} INFO - Started process (PID=190) to work on /home/airflow/.local/lib/python3.6/site-packages/airflow/example_dags/example_xcom.py
[2025-02-15 15:21:59,096] {scheduler_job.py:633} INFO - Processing file /home/airflow/.local/lib/python3.6/site-packages/airflow/example_dags/example_xcom.py for tasks to queue
[2025-02-15 15:21:59,119] {logging_mixin.py:104} INFO - [2025-02-15 15:21:59,118] {dagbag.py:496} INFO - Filling up the DagBag from /home/airflow/.local/lib/python3.6/site-packages/airflow/example_dags/example_xcom.py
[2025-02-15 15:21:59,276] {scheduler_job.py:643} INFO - DAG(s) dict_keys(['example_xcom']) retrieved from /home/airflow/.local/lib/python3.6/site-packages/airflow/example_dags/example_xcom.py
[2025-02-15 15:21:59,539] {logging_mixin.py:104} INFO - [2025-02-15 15:21:59,538] {dag.py:1833} INFO - Sync 1 DAGs
[2025-02-15 15:21:59,834] {logging_mixin.py:104} INFO - [2025-02-15 15:21:59,834] {dag.py:2306} INFO - Setting next_dagrun for example_xcom to 2025-02-13 00:00:00+00:00
[2025-02-15 15:22:00,122] {scheduler_job.py:190} INFO - Processing /home/airflow/.local/lib/python3.6/site-packages/airflow/example_dags/example_xcom.py took 1.158 seconds
