[2025-02-15 13:54:19,128] {scheduler_job.py:182} INFO - Started process (PID=86) to work on /home/airflow/.local/lib/python3.6/site-packages/airflow/example_dags/example_branch_day_of_week_operator.py
[2025-02-15 13:54:19,131] {scheduler_job.py:633} INFO - Processing file /home/airflow/.local/lib/python3.6/site-packages/airflow/example_dags/example_branch_day_of_week_operator.py for tasks to queue
[2025-02-15 13:54:19,134] {logging_mixin.py:104} INFO - [2025-02-15 13:54:19,133] {dagbag.py:496} INFO - Filling up the DagBag from /home/airflow/.local/lib/python3.6/site-packages/airflow/example_dags/example_branch_day_of_week_operator.py
[2025-02-15 13:54:19,189] {scheduler_job.py:643} INFO - DAG(s) dict_keys(['example_weekday_branch_operator']) retrieved from /home/airflow/.local/lib/python3.6/site-packages/airflow/example_dags/example_branch_day_of_week_operator.py
[2025-02-15 13:54:20,162] {logging_mixin.py:104} INFO - [2025-02-15 13:54:20,162] {dag.py:1833} INFO - Sync 1 DAGs
[2025-02-15 13:54:20,227] {logging_mixin.py:104} INFO - [2025-02-15 13:54:20,227] {dag.py:2306} INFO - Setting next_dagrun for example_weekday_branch_operator to 2025-02-13 00:00:00+00:00
[2025-02-15 13:54:20,290] {scheduler_job.py:190} INFO - Processing /home/airflow/.local/lib/python3.6/site-packages/airflow/example_dags/example_branch_day_of_week_operator.py took 1.176 seconds
[2025-02-15 13:54:53,111] {scheduler_job.py:182} INFO - Started process (PID=132) to work on /home/airflow/.local/lib/python3.6/site-packages/airflow/example_dags/example_branch_day_of_week_operator.py
[2025-02-15 13:54:53,120] {scheduler_job.py:633} INFO - Processing file /home/airflow/.local/lib/python3.6/site-packages/airflow/example_dags/example_branch_day_of_week_operator.py for tasks to queue
[2025-02-15 13:54:53,142] {logging_mixin.py:104} INFO - [2025-02-15 13:54:53,142] {dagbag.py:496} INFO - Filling up the DagBag from /home/airflow/.local/lib/python3.6/site-packages/airflow/example_dags/example_branch_day_of_week_operator.py
[2025-02-15 13:54:53,289] {scheduler_job.py:643} INFO - DAG(s) dict_keys(['example_weekday_branch_operator']) retrieved from /home/airflow/.local/lib/python3.6/site-packages/airflow/example_dags/example_branch_day_of_week_operator.py
[2025-02-15 13:54:53,494] {logging_mixin.py:104} INFO - [2025-02-15 13:54:53,494] {dag.py:1833} INFO - Sync 1 DAGs
[2025-02-15 13:54:53,679] {logging_mixin.py:104} INFO - [2025-02-15 13:54:53,678] {dag.py:2306} INFO - Setting next_dagrun for example_weekday_branch_operator to 2025-02-13 00:00:00+00:00
[2025-02-15 13:54:53,814] {scheduler_job.py:190} INFO - Processing /home/airflow/.local/lib/python3.6/site-packages/airflow/example_dags/example_branch_day_of_week_operator.py took 0.721 seconds
[2025-02-15 13:55:26,072] {scheduler_job.py:182} INFO - Started process (PID=176) to work on /home/airflow/.local/lib/python3.6/site-packages/airflow/example_dags/example_branch_day_of_week_operator.py
[2025-02-15 13:55:26,082] {scheduler_job.py:633} INFO - Processing file /home/airflow/.local/lib/python3.6/site-packages/airflow/example_dags/example_branch_day_of_week_operator.py for tasks to queue
[2025-02-15 13:55:26,088] {logging_mixin.py:104} INFO - [2025-02-15 13:55:26,088] {dagbag.py:496} INFO - Filling up the DagBag from /home/airflow/.local/lib/python3.6/site-packages/airflow/example_dags/example_branch_day_of_week_operator.py
[2025-02-15 13:55:26,232] {scheduler_job.py:643} INFO - DAG(s) dict_keys(['example_weekday_branch_operator']) retrieved from /home/airflow/.local/lib/python3.6/site-packages/airflow/example_dags/example_branch_day_of_week_operator.py
[2025-02-15 13:55:26,373] {logging_mixin.py:104} INFO - [2025-02-15 13:55:26,372] {dag.py:1833} INFO - Sync 1 DAGs
[2025-02-15 13:55:26,455] {logging_mixin.py:104} INFO - [2025-02-15 13:55:26,454] {dag.py:2306} INFO - Setting next_dagrun for example_weekday_branch_operator to 2025-02-13 00:00:00+00:00
[2025-02-15 13:55:26,504] {scheduler_job.py:190} INFO - Processing /home/airflow/.local/lib/python3.6/site-packages/airflow/example_dags/example_branch_day_of_week_operator.py took 0.444 seconds
[2025-02-15 13:55:56,762] {scheduler_job.py:182} INFO - Started process (PID=227) to work on /home/airflow/.local/lib/python3.6/site-packages/airflow/example_dags/example_branch_day_of_week_operator.py
[2025-02-15 13:55:56,764] {scheduler_job.py:633} INFO - Processing file /home/airflow/.local/lib/python3.6/site-packages/airflow/example_dags/example_branch_day_of_week_operator.py for tasks to queue
[2025-02-15 13:55:56,765] {logging_mixin.py:104} INFO - [2025-02-15 13:55:56,765] {dagbag.py:496} INFO - Filling up the DagBag from /home/airflow/.local/lib/python3.6/site-packages/airflow/example_dags/example_branch_day_of_week_operator.py
[2025-02-15 13:55:56,789] {scheduler_job.py:643} INFO - DAG(s) dict_keys(['example_weekday_branch_operator']) retrieved from /home/airflow/.local/lib/python3.6/site-packages/airflow/example_dags/example_branch_day_of_week_operator.py
[2025-02-15 13:55:56,833] {logging_mixin.py:104} INFO - [2025-02-15 13:55:56,833] {dag.py:1833} INFO - Sync 1 DAGs
[2025-02-15 13:55:56,864] {logging_mixin.py:104} INFO - [2025-02-15 13:55:56,864] {dag.py:2306} INFO - Setting next_dagrun for example_weekday_branch_operator to 2025-02-13 00:00:00+00:00
[2025-02-15 13:55:56,881] {scheduler_job.py:190} INFO - Processing /home/airflow/.local/lib/python3.6/site-packages/airflow/example_dags/example_branch_day_of_week_operator.py took 0.126 seconds
[2025-02-15 13:56:28,149] {scheduler_job.py:182} INFO - Started process (PID=288) to work on /home/airflow/.local/lib/python3.6/site-packages/airflow/example_dags/example_branch_day_of_week_operator.py
[2025-02-15 13:56:28,151] {scheduler_job.py:633} INFO - Processing file /home/airflow/.local/lib/python3.6/site-packages/airflow/example_dags/example_branch_day_of_week_operator.py for tasks to queue
[2025-02-15 13:56:28,154] {logging_mixin.py:104} INFO - [2025-02-15 13:56:28,153] {dagbag.py:496} INFO - Filling up the DagBag from /home/airflow/.local/lib/python3.6/site-packages/airflow/example_dags/example_branch_day_of_week_operator.py
[2025-02-15 13:56:28,188] {scheduler_job.py:643} INFO - DAG(s) dict_keys(['example_weekday_branch_operator']) retrieved from /home/airflow/.local/lib/python3.6/site-packages/airflow/example_dags/example_branch_day_of_week_operator.py
[2025-02-15 13:56:28,255] {logging_mixin.py:104} INFO - [2025-02-15 13:56:28,255] {dag.py:1833} INFO - Sync 1 DAGs
[2025-02-15 13:56:28,310] {logging_mixin.py:104} INFO - [2025-02-15 13:56:28,310] {dag.py:2306} INFO - Setting next_dagrun for example_weekday_branch_operator to 2025-02-13 00:00:00+00:00
[2025-02-15 13:56:28,340] {scheduler_job.py:190} INFO - Processing /home/airflow/.local/lib/python3.6/site-packages/airflow/example_dags/example_branch_day_of_week_operator.py took 0.201 seconds
[2025-02-15 13:56:58,907] {scheduler_job.py:182} INFO - Started process (PID=338) to work on /home/airflow/.local/lib/python3.6/site-packages/airflow/example_dags/example_branch_day_of_week_operator.py
[2025-02-15 13:56:58,909] {scheduler_job.py:633} INFO - Processing file /home/airflow/.local/lib/python3.6/site-packages/airflow/example_dags/example_branch_day_of_week_operator.py for tasks to queue
[2025-02-15 13:56:58,910] {logging_mixin.py:104} INFO - [2025-02-15 13:56:58,910] {dagbag.py:496} INFO - Filling up the DagBag from /home/airflow/.local/lib/python3.6/site-packages/airflow/example_dags/example_branch_day_of_week_operator.py
[2025-02-15 13:56:58,932] {scheduler_job.py:643} INFO - DAG(s) dict_keys(['example_weekday_branch_operator']) retrieved from /home/airflow/.local/lib/python3.6/site-packages/airflow/example_dags/example_branch_day_of_week_operator.py
[2025-02-15 13:56:58,978] {logging_mixin.py:104} INFO - [2025-02-15 13:56:58,978] {dag.py:1833} INFO - Sync 1 DAGs
[2025-02-15 13:56:59,007] {logging_mixin.py:104} INFO - [2025-02-15 13:56:59,007] {dag.py:2306} INFO - Setting next_dagrun for example_weekday_branch_operator to 2025-02-13 00:00:00+00:00
[2025-02-15 13:56:59,026] {scheduler_job.py:190} INFO - Processing /home/airflow/.local/lib/python3.6/site-packages/airflow/example_dags/example_branch_day_of_week_operator.py took 0.124 seconds
[2025-02-15 13:57:30,420] {scheduler_job.py:182} INFO - Started process (PID=390) to work on /home/airflow/.local/lib/python3.6/site-packages/airflow/example_dags/example_branch_day_of_week_operator.py
[2025-02-15 13:57:30,423] {scheduler_job.py:633} INFO - Processing file /home/airflow/.local/lib/python3.6/site-packages/airflow/example_dags/example_branch_day_of_week_operator.py for tasks to queue
[2025-02-15 13:57:30,424] {logging_mixin.py:104} INFO - [2025-02-15 13:57:30,423] {dagbag.py:496} INFO - Filling up the DagBag from /home/airflow/.local/lib/python3.6/site-packages/airflow/example_dags/example_branch_day_of_week_operator.py
[2025-02-15 13:57:30,447] {scheduler_job.py:643} INFO - DAG(s) dict_keys(['example_weekday_branch_operator']) retrieved from /home/airflow/.local/lib/python3.6/site-packages/airflow/example_dags/example_branch_day_of_week_operator.py
[2025-02-15 13:57:30,482] {logging_mixin.py:104} INFO - [2025-02-15 13:57:30,482] {dag.py:1833} INFO - Sync 1 DAGs
[2025-02-15 13:57:30,512] {logging_mixin.py:104} INFO - [2025-02-15 13:57:30,511] {dag.py:2306} INFO - Setting next_dagrun for example_weekday_branch_operator to 2025-02-13 00:00:00+00:00
[2025-02-15 13:57:30,534] {scheduler_job.py:190} INFO - Processing /home/airflow/.local/lib/python3.6/site-packages/airflow/example_dags/example_branch_day_of_week_operator.py took 0.121 seconds
[2025-02-15 13:58:01,082] {scheduler_job.py:182} INFO - Started process (PID=441) to work on /home/airflow/.local/lib/python3.6/site-packages/airflow/example_dags/example_branch_day_of_week_operator.py
[2025-02-15 13:58:01,084] {scheduler_job.py:633} INFO - Processing file /home/airflow/.local/lib/python3.6/site-packages/airflow/example_dags/example_branch_day_of_week_operator.py for tasks to queue
[2025-02-15 13:58:01,086] {logging_mixin.py:104} INFO - [2025-02-15 13:58:01,085] {dagbag.py:496} INFO - Filling up the DagBag from /home/airflow/.local/lib/python3.6/site-packages/airflow/example_dags/example_branch_day_of_week_operator.py
[2025-02-15 13:58:01,107] {scheduler_job.py:643} INFO - DAG(s) dict_keys(['example_weekday_branch_operator']) retrieved from /home/airflow/.local/lib/python3.6/site-packages/airflow/example_dags/example_branch_day_of_week_operator.py
[2025-02-15 13:58:01,147] {logging_mixin.py:104} INFO - [2025-02-15 13:58:01,147] {dag.py:1833} INFO - Sync 1 DAGs
[2025-02-15 13:58:01,184] {logging_mixin.py:104} INFO - [2025-02-15 13:58:01,184] {dag.py:2306} INFO - Setting next_dagrun for example_weekday_branch_operator to 2025-02-13 00:00:00+00:00
[2025-02-15 13:58:01,211] {scheduler_job.py:190} INFO - Processing /home/airflow/.local/lib/python3.6/site-packages/airflow/example_dags/example_branch_day_of_week_operator.py took 0.135 seconds
[2025-02-15 13:58:32,123] {scheduler_job.py:182} INFO - Started process (PID=502) to work on /home/airflow/.local/lib/python3.6/site-packages/airflow/example_dags/example_branch_day_of_week_operator.py
[2025-02-15 13:58:32,126] {scheduler_job.py:633} INFO - Processing file /home/airflow/.local/lib/python3.6/site-packages/airflow/example_dags/example_branch_day_of_week_operator.py for tasks to queue
[2025-02-15 13:58:32,127] {logging_mixin.py:104} INFO - [2025-02-15 13:58:32,127] {dagbag.py:496} INFO - Filling up the DagBag from /home/airflow/.local/lib/python3.6/site-packages/airflow/example_dags/example_branch_day_of_week_operator.py
[2025-02-15 13:58:32,165] {scheduler_job.py:643} INFO - DAG(s) dict_keys(['example_weekday_branch_operator']) retrieved from /home/airflow/.local/lib/python3.6/site-packages/airflow/example_dags/example_branch_day_of_week_operator.py
[2025-02-15 13:58:32,234] {logging_mixin.py:104} INFO - [2025-02-15 13:58:32,234] {dag.py:1833} INFO - Sync 1 DAGs
[2025-02-15 13:58:32,286] {logging_mixin.py:104} INFO - [2025-02-15 13:58:32,285] {dag.py:2306} INFO - Setting next_dagrun for example_weekday_branch_operator to 2025-02-13 00:00:00+00:00
[2025-02-15 13:58:32,317] {scheduler_job.py:190} INFO - Processing /home/airflow/.local/lib/python3.6/site-packages/airflow/example_dags/example_branch_day_of_week_operator.py took 0.201 seconds
[2025-02-15 13:59:02,844] {scheduler_job.py:182} INFO - Started process (PID=554) to work on /home/airflow/.local/lib/python3.6/site-packages/airflow/example_dags/example_branch_day_of_week_operator.py
[2025-02-15 13:59:02,846] {scheduler_job.py:633} INFO - Processing file /home/airflow/.local/lib/python3.6/site-packages/airflow/example_dags/example_branch_day_of_week_operator.py for tasks to queue
[2025-02-15 13:59:02,847] {logging_mixin.py:104} INFO - [2025-02-15 13:59:02,847] {dagbag.py:496} INFO - Filling up the DagBag from /home/airflow/.local/lib/python3.6/site-packages/airflow/example_dags/example_branch_day_of_week_operator.py
[2025-02-15 13:59:02,861] {scheduler_job.py:643} INFO - DAG(s) dict_keys(['example_weekday_branch_operator']) retrieved from /home/airflow/.local/lib/python3.6/site-packages/airflow/example_dags/example_branch_day_of_week_operator.py
[2025-02-15 13:59:02,893] {logging_mixin.py:104} INFO - [2025-02-15 13:59:02,893] {dag.py:1833} INFO - Sync 1 DAGs
[2025-02-15 13:59:02,912] {logging_mixin.py:104} INFO - [2025-02-15 13:59:02,912] {dag.py:2306} INFO - Setting next_dagrun for example_weekday_branch_operator to 2025-02-13 00:00:00+00:00
[2025-02-15 13:59:02,927] {scheduler_job.py:190} INFO - Processing /home/airflow/.local/lib/python3.6/site-packages/airflow/example_dags/example_branch_day_of_week_operator.py took 0.087 seconds
[2025-02-15 13:59:33,551] {scheduler_job.py:182} INFO - Started process (PID=617) to work on /home/airflow/.local/lib/python3.6/site-packages/airflow/example_dags/example_branch_day_of_week_operator.py
[2025-02-15 13:59:33,552] {scheduler_job.py:633} INFO - Processing file /home/airflow/.local/lib/python3.6/site-packages/airflow/example_dags/example_branch_day_of_week_operator.py for tasks to queue
[2025-02-15 13:59:33,552] {logging_mixin.py:104} INFO - [2025-02-15 13:59:33,552] {dagbag.py:496} INFO - Filling up the DagBag from /home/airflow/.local/lib/python3.6/site-packages/airflow/example_dags/example_branch_day_of_week_operator.py
[2025-02-15 13:59:33,565] {scheduler_job.py:643} INFO - DAG(s) dict_keys(['example_weekday_branch_operator']) retrieved from /home/airflow/.local/lib/python3.6/site-packages/airflow/example_dags/example_branch_day_of_week_operator.py
[2025-02-15 13:59:33,592] {logging_mixin.py:104} INFO - [2025-02-15 13:59:33,592] {dag.py:1833} INFO - Sync 1 DAGs
[2025-02-15 13:59:33,611] {logging_mixin.py:104} INFO - [2025-02-15 13:59:33,611] {dag.py:2306} INFO - Setting next_dagrun for example_weekday_branch_operator to 2025-02-13 00:00:00+00:00
[2025-02-15 13:59:33,623] {scheduler_job.py:190} INFO - Processing /home/airflow/.local/lib/python3.6/site-packages/airflow/example_dags/example_branch_day_of_week_operator.py took 0.076 seconds
[2025-02-15 14:00:04,689] {scheduler_job.py:182} INFO - Started process (PID=676) to work on /home/airflow/.local/lib/python3.6/site-packages/airflow/example_dags/example_branch_day_of_week_operator.py
[2025-02-15 14:00:04,691] {scheduler_job.py:633} INFO - Processing file /home/airflow/.local/lib/python3.6/site-packages/airflow/example_dags/example_branch_day_of_week_operator.py for tasks to queue
[2025-02-15 14:00:04,692] {logging_mixin.py:104} INFO - [2025-02-15 14:00:04,692] {dagbag.py:496} INFO - Filling up the DagBag from /home/airflow/.local/lib/python3.6/site-packages/airflow/example_dags/example_branch_day_of_week_operator.py
[2025-02-15 14:00:04,725] {scheduler_job.py:643} INFO - DAG(s) dict_keys(['example_weekday_branch_operator']) retrieved from /home/airflow/.local/lib/python3.6/site-packages/airflow/example_dags/example_branch_day_of_week_operator.py
[2025-02-15 14:00:04,774] {logging_mixin.py:104} INFO - [2025-02-15 14:00:04,773] {dag.py:1833} INFO - Sync 1 DAGs
[2025-02-15 14:00:04,806] {logging_mixin.py:104} INFO - [2025-02-15 14:00:04,805] {dag.py:2306} INFO - Setting next_dagrun for example_weekday_branch_operator to 2025-02-13 00:00:00+00:00
[2025-02-15 14:00:04,820] {scheduler_job.py:190} INFO - Processing /home/airflow/.local/lib/python3.6/site-packages/airflow/example_dags/example_branch_day_of_week_operator.py took 0.136 seconds
[2025-02-15 14:01:30,673] {scheduler_job.py:182} INFO - Started process (PID=85) to work on /home/airflow/.local/lib/python3.6/site-packages/airflow/example_dags/example_branch_day_of_week_operator.py
[2025-02-15 14:01:30,679] {scheduler_job.py:633} INFO - Processing file /home/airflow/.local/lib/python3.6/site-packages/airflow/example_dags/example_branch_day_of_week_operator.py for tasks to queue
[2025-02-15 14:01:30,681] {logging_mixin.py:104} INFO - [2025-02-15 14:01:30,681] {dagbag.py:496} INFO - Filling up the DagBag from /home/airflow/.local/lib/python3.6/site-packages/airflow/example_dags/example_branch_day_of_week_operator.py
[2025-02-15 14:01:30,730] {scheduler_job.py:643} INFO - DAG(s) dict_keys(['example_weekday_branch_operator']) retrieved from /home/airflow/.local/lib/python3.6/site-packages/airflow/example_dags/example_branch_day_of_week_operator.py
[2025-02-15 14:01:30,821] {logging_mixin.py:104} INFO - [2025-02-15 14:01:30,821] {dag.py:1833} INFO - Sync 1 DAGs
[2025-02-15 14:01:30,873] {logging_mixin.py:104} INFO - [2025-02-15 14:01:30,873] {dag.py:2306} INFO - Setting next_dagrun for example_weekday_branch_operator to 2025-02-13 00:00:00+00:00
[2025-02-15 14:01:30,902] {scheduler_job.py:190} INFO - Processing /home/airflow/.local/lib/python3.6/site-packages/airflow/example_dags/example_branch_day_of_week_operator.py took 0.242 seconds
[2025-02-15 14:07:24,331] {scheduler_job.py:182} INFO - Started process (PID=322) to work on /home/airflow/.local/lib/python3.6/site-packages/airflow/example_dags/example_branch_day_of_week_operator.py
[2025-02-15 14:07:24,337] {scheduler_job.py:633} INFO - Processing file /home/airflow/.local/lib/python3.6/site-packages/airflow/example_dags/example_branch_day_of_week_operator.py for tasks to queue
[2025-02-15 14:07:24,338] {logging_mixin.py:104} INFO - [2025-02-15 14:07:24,338] {dagbag.py:496} INFO - Filling up the DagBag from /home/airflow/.local/lib/python3.6/site-packages/airflow/example_dags/example_branch_day_of_week_operator.py
[2025-02-15 14:07:24,374] {scheduler_job.py:643} INFO - DAG(s) dict_keys(['example_weekday_branch_operator']) retrieved from /home/airflow/.local/lib/python3.6/site-packages/airflow/example_dags/example_branch_day_of_week_operator.py
[2025-02-15 14:07:28,201] {logging_mixin.py:104} INFO - [2025-02-15 14:07:28,197] {dag.py:1833} INFO - Sync 1 DAGs
[2025-02-15 14:07:28,226] {logging_mixin.py:104} INFO - [2025-02-15 14:07:28,224] {dag.py:1852} INFO - Creating ORM DAG for example_weekday_branch_operator
[2025-02-15 14:07:28,273] {logging_mixin.py:104} INFO - [2025-02-15 14:07:28,271] {dag.py:2306} INFO - Setting next_dagrun for example_weekday_branch_operator to 2025-02-13 00:00:00+00:00
[2025-02-15 14:07:28,373] {scheduler_job.py:190} INFO - Processing /home/airflow/.local/lib/python3.6/site-packages/airflow/example_dags/example_branch_day_of_week_operator.py took 5.747 seconds
[2025-02-15 14:07:59,382] {scheduler_job.py:182} INFO - Started process (PID=438) to work on /home/airflow/.local/lib/python3.6/site-packages/airflow/example_dags/example_branch_day_of_week_operator.py
[2025-02-15 14:07:59,383] {scheduler_job.py:633} INFO - Processing file /home/airflow/.local/lib/python3.6/site-packages/airflow/example_dags/example_branch_day_of_week_operator.py for tasks to queue
[2025-02-15 14:07:59,385] {logging_mixin.py:104} INFO - [2025-02-15 14:07:59,385] {dagbag.py:496} INFO - Filling up the DagBag from /home/airflow/.local/lib/python3.6/site-packages/airflow/example_dags/example_branch_day_of_week_operator.py
[2025-02-15 14:07:59,406] {scheduler_job.py:643} INFO - DAG(s) dict_keys(['example_weekday_branch_operator']) retrieved from /home/airflow/.local/lib/python3.6/site-packages/airflow/example_dags/example_branch_day_of_week_operator.py
[2025-02-15 14:07:59,441] {logging_mixin.py:104} INFO - [2025-02-15 14:07:59,440] {dag.py:1833} INFO - Sync 1 DAGs
[2025-02-15 14:07:59,466] {logging_mixin.py:104} INFO - [2025-02-15 14:07:59,466] {dag.py:2306} INFO - Setting next_dagrun for example_weekday_branch_operator to 2025-02-13 00:00:00+00:00
[2025-02-15 14:07:59,486] {scheduler_job.py:190} INFO - Processing /home/airflow/.local/lib/python3.6/site-packages/airflow/example_dags/example_branch_day_of_week_operator.py took 0.112 seconds
[2025-02-15 14:08:30,475] {scheduler_job.py:182} INFO - Started process (PID=490) to work on /home/airflow/.local/lib/python3.6/site-packages/airflow/example_dags/example_branch_day_of_week_operator.py
[2025-02-15 14:08:30,477] {scheduler_job.py:633} INFO - Processing file /home/airflow/.local/lib/python3.6/site-packages/airflow/example_dags/example_branch_day_of_week_operator.py for tasks to queue
[2025-02-15 14:08:30,479] {logging_mixin.py:104} INFO - [2025-02-15 14:08:30,479] {dagbag.py:496} INFO - Filling up the DagBag from /home/airflow/.local/lib/python3.6/site-packages/airflow/example_dags/example_branch_day_of_week_operator.py
[2025-02-15 14:08:30,503] {scheduler_job.py:643} INFO - DAG(s) dict_keys(['example_weekday_branch_operator']) retrieved from /home/airflow/.local/lib/python3.6/site-packages/airflow/example_dags/example_branch_day_of_week_operator.py
[2025-02-15 14:08:30,541] {logging_mixin.py:104} INFO - [2025-02-15 14:08:30,541] {dag.py:1833} INFO - Sync 1 DAGs
[2025-02-15 14:08:30,571] {logging_mixin.py:104} INFO - [2025-02-15 14:08:30,571] {dag.py:2306} INFO - Setting next_dagrun for example_weekday_branch_operator to 2025-02-13 00:00:00+00:00
[2025-02-15 14:08:30,587] {scheduler_job.py:190} INFO - Processing /home/airflow/.local/lib/python3.6/site-packages/airflow/example_dags/example_branch_day_of_week_operator.py took 0.119 seconds
[2025-02-15 14:09:00,642] {scheduler_job.py:182} INFO - Started process (PID=552) to work on /home/airflow/.local/lib/python3.6/site-packages/airflow/example_dags/example_branch_day_of_week_operator.py
[2025-02-15 14:09:00,643] {scheduler_job.py:633} INFO - Processing file /home/airflow/.local/lib/python3.6/site-packages/airflow/example_dags/example_branch_day_of_week_operator.py for tasks to queue
[2025-02-15 14:09:00,643] {logging_mixin.py:104} INFO - [2025-02-15 14:09:00,643] {dagbag.py:496} INFO - Filling up the DagBag from /home/airflow/.local/lib/python3.6/site-packages/airflow/example_dags/example_branch_day_of_week_operator.py
[2025-02-15 14:09:00,656] {scheduler_job.py:643} INFO - DAG(s) dict_keys(['example_weekday_branch_operator']) retrieved from /home/airflow/.local/lib/python3.6/site-packages/airflow/example_dags/example_branch_day_of_week_operator.py
[2025-02-15 14:09:00,684] {logging_mixin.py:104} INFO - [2025-02-15 14:09:00,683] {dag.py:1833} INFO - Sync 1 DAGs
[2025-02-15 14:09:00,703] {logging_mixin.py:104} INFO - [2025-02-15 14:09:00,703] {dag.py:2306} INFO - Setting next_dagrun for example_weekday_branch_operator to 2025-02-13 00:00:00+00:00
[2025-02-15 14:09:00,718] {scheduler_job.py:190} INFO - Processing /home/airflow/.local/lib/python3.6/site-packages/airflow/example_dags/example_branch_day_of_week_operator.py took 0.079 seconds
[2025-02-15 14:09:31,521] {scheduler_job.py:182} INFO - Started process (PID=614) to work on /home/airflow/.local/lib/python3.6/site-packages/airflow/example_dags/example_branch_day_of_week_operator.py
[2025-02-15 14:09:31,523] {scheduler_job.py:633} INFO - Processing file /home/airflow/.local/lib/python3.6/site-packages/airflow/example_dags/example_branch_day_of_week_operator.py for tasks to queue
[2025-02-15 14:09:31,523] {logging_mixin.py:104} INFO - [2025-02-15 14:09:31,523] {dagbag.py:496} INFO - Filling up the DagBag from /home/airflow/.local/lib/python3.6/site-packages/airflow/example_dags/example_branch_day_of_week_operator.py
[2025-02-15 14:09:31,537] {scheduler_job.py:643} INFO - DAG(s) dict_keys(['example_weekday_branch_operator']) retrieved from /home/airflow/.local/lib/python3.6/site-packages/airflow/example_dags/example_branch_day_of_week_operator.py
[2025-02-15 14:09:31,566] {logging_mixin.py:104} INFO - [2025-02-15 14:09:31,566] {dag.py:1833} INFO - Sync 1 DAGs
[2025-02-15 14:09:31,589] {logging_mixin.py:104} INFO - [2025-02-15 14:09:31,588] {dag.py:2306} INFO - Setting next_dagrun for example_weekday_branch_operator to 2025-02-13 00:00:00+00:00
[2025-02-15 14:09:31,607] {scheduler_job.py:190} INFO - Processing /home/airflow/.local/lib/python3.6/site-packages/airflow/example_dags/example_branch_day_of_week_operator.py took 0.089 seconds
[2025-02-15 14:10:02,333] {scheduler_job.py:182} INFO - Started process (PID=665) to work on /home/airflow/.local/lib/python3.6/site-packages/airflow/example_dags/example_branch_day_of_week_operator.py
[2025-02-15 14:10:02,337] {scheduler_job.py:633} INFO - Processing file /home/airflow/.local/lib/python3.6/site-packages/airflow/example_dags/example_branch_day_of_week_operator.py for tasks to queue
[2025-02-15 14:10:02,347] {logging_mixin.py:104} INFO - [2025-02-15 14:10:02,342] {dagbag.py:496} INFO - Filling up the DagBag from /home/airflow/.local/lib/python3.6/site-packages/airflow/example_dags/example_branch_day_of_week_operator.py
[2025-02-15 14:10:02,427] {scheduler_job.py:643} INFO - DAG(s) dict_keys(['example_weekday_branch_operator']) retrieved from /home/airflow/.local/lib/python3.6/site-packages/airflow/example_dags/example_branch_day_of_week_operator.py
[2025-02-15 14:10:02,556] {logging_mixin.py:104} INFO - [2025-02-15 14:10:02,555] {dag.py:1833} INFO - Sync 1 DAGs
[2025-02-15 14:10:02,708] {logging_mixin.py:104} INFO - [2025-02-15 14:10:02,708] {dag.py:2306} INFO - Setting next_dagrun for example_weekday_branch_operator to 2025-02-13 00:00:00+00:00
[2025-02-15 14:10:02,780] {scheduler_job.py:190} INFO - Processing /home/airflow/.local/lib/python3.6/site-packages/airflow/example_dags/example_branch_day_of_week_operator.py took 0.466 seconds
[2025-02-15 14:10:33,200] {scheduler_job.py:182} INFO - Started process (PID=727) to work on /home/airflow/.local/lib/python3.6/site-packages/airflow/example_dags/example_branch_day_of_week_operator.py
[2025-02-15 14:10:33,202] {scheduler_job.py:633} INFO - Processing file /home/airflow/.local/lib/python3.6/site-packages/airflow/example_dags/example_branch_day_of_week_operator.py for tasks to queue
[2025-02-15 14:10:33,205] {logging_mixin.py:104} INFO - [2025-02-15 14:10:33,204] {dagbag.py:496} INFO - Filling up the DagBag from /home/airflow/.local/lib/python3.6/site-packages/airflow/example_dags/example_branch_day_of_week_operator.py
[2025-02-15 14:10:33,244] {scheduler_job.py:643} INFO - DAG(s) dict_keys(['example_weekday_branch_operator']) retrieved from /home/airflow/.local/lib/python3.6/site-packages/airflow/example_dags/example_branch_day_of_week_operator.py
[2025-02-15 14:10:33,312] {logging_mixin.py:104} INFO - [2025-02-15 14:10:33,312] {dag.py:1833} INFO - Sync 1 DAGs
[2025-02-15 14:10:33,371] {logging_mixin.py:104} INFO - [2025-02-15 14:10:33,371] {dag.py:2306} INFO - Setting next_dagrun for example_weekday_branch_operator to 2025-02-13 00:00:00+00:00
[2025-02-15 14:10:33,395] {scheduler_job.py:190} INFO - Processing /home/airflow/.local/lib/python3.6/site-packages/airflow/example_dags/example_branch_day_of_week_operator.py took 0.204 seconds
[2025-02-15 14:11:03,606] {scheduler_job.py:182} INFO - Started process (PID=779) to work on /home/airflow/.local/lib/python3.6/site-packages/airflow/example_dags/example_branch_day_of_week_operator.py
[2025-02-15 14:11:03,608] {scheduler_job.py:633} INFO - Processing file /home/airflow/.local/lib/python3.6/site-packages/airflow/example_dags/example_branch_day_of_week_operator.py for tasks to queue
[2025-02-15 14:11:03,610] {logging_mixin.py:104} INFO - [2025-02-15 14:11:03,609] {dagbag.py:496} INFO - Filling up the DagBag from /home/airflow/.local/lib/python3.6/site-packages/airflow/example_dags/example_branch_day_of_week_operator.py
[2025-02-15 14:11:03,642] {scheduler_job.py:643} INFO - DAG(s) dict_keys(['example_weekday_branch_operator']) retrieved from /home/airflow/.local/lib/python3.6/site-packages/airflow/example_dags/example_branch_day_of_week_operator.py
[2025-02-15 14:11:03,712] {logging_mixin.py:104} INFO - [2025-02-15 14:11:03,711] {dag.py:1833} INFO - Sync 1 DAGs
[2025-02-15 14:11:03,764] {logging_mixin.py:104} INFO - [2025-02-15 14:11:03,764] {dag.py:2306} INFO - Setting next_dagrun for example_weekday_branch_operator to 2025-02-13 00:00:00+00:00
[2025-02-15 14:11:03,793] {scheduler_job.py:190} INFO - Processing /home/airflow/.local/lib/python3.6/site-packages/airflow/example_dags/example_branch_day_of_week_operator.py took 0.195 seconds
[2025-02-15 14:11:34,173] {scheduler_job.py:182} INFO - Started process (PID=841) to work on /home/airflow/.local/lib/python3.6/site-packages/airflow/example_dags/example_branch_day_of_week_operator.py
[2025-02-15 14:11:34,174] {scheduler_job.py:633} INFO - Processing file /home/airflow/.local/lib/python3.6/site-packages/airflow/example_dags/example_branch_day_of_week_operator.py for tasks to queue
[2025-02-15 14:11:34,175] {logging_mixin.py:104} INFO - [2025-02-15 14:11:34,175] {dagbag.py:496} INFO - Filling up the DagBag from /home/airflow/.local/lib/python3.6/site-packages/airflow/example_dags/example_branch_day_of_week_operator.py
[2025-02-15 14:11:34,188] {scheduler_job.py:643} INFO - DAG(s) dict_keys(['example_weekday_branch_operator']) retrieved from /home/airflow/.local/lib/python3.6/site-packages/airflow/example_dags/example_branch_day_of_week_operator.py
[2025-02-15 14:11:34,217] {logging_mixin.py:104} INFO - [2025-02-15 14:11:34,217] {dag.py:1833} INFO - Sync 1 DAGs
[2025-02-15 14:11:34,238] {logging_mixin.py:104} INFO - [2025-02-15 14:11:34,238] {dag.py:2306} INFO - Setting next_dagrun for example_weekday_branch_operator to 2025-02-13 00:00:00+00:00
[2025-02-15 14:11:34,255] {scheduler_job.py:190} INFO - Processing /home/airflow/.local/lib/python3.6/site-packages/airflow/example_dags/example_branch_day_of_week_operator.py took 0.086 seconds
[2025-02-15 14:12:04,320] {scheduler_job.py:182} INFO - Started process (PID=894) to work on /home/airflow/.local/lib/python3.6/site-packages/airflow/example_dags/example_branch_day_of_week_operator.py
[2025-02-15 14:12:04,323] {scheduler_job.py:633} INFO - Processing file /home/airflow/.local/lib/python3.6/site-packages/airflow/example_dags/example_branch_day_of_week_operator.py for tasks to queue
[2025-02-15 14:12:04,324] {logging_mixin.py:104} INFO - [2025-02-15 14:12:04,324] {dagbag.py:496} INFO - Filling up the DagBag from /home/airflow/.local/lib/python3.6/site-packages/airflow/example_dags/example_branch_day_of_week_operator.py
[2025-02-15 14:12:04,340] {scheduler_job.py:643} INFO - DAG(s) dict_keys(['example_weekday_branch_operator']) retrieved from /home/airflow/.local/lib/python3.6/site-packages/airflow/example_dags/example_branch_day_of_week_operator.py
[2025-02-15 14:12:04,368] {logging_mixin.py:104} INFO - [2025-02-15 14:12:04,368] {dag.py:1833} INFO - Sync 1 DAGs
[2025-02-15 14:12:04,390] {logging_mixin.py:104} INFO - [2025-02-15 14:12:04,390] {dag.py:2306} INFO - Setting next_dagrun for example_weekday_branch_operator to 2025-02-13 00:00:00+00:00
[2025-02-15 14:12:04,403] {scheduler_job.py:190} INFO - Processing /home/airflow/.local/lib/python3.6/site-packages/airflow/example_dags/example_branch_day_of_week_operator.py took 0.090 seconds
[2025-02-15 14:12:35,099] {scheduler_job.py:182} INFO - Started process (PID=956) to work on /home/airflow/.local/lib/python3.6/site-packages/airflow/example_dags/example_branch_day_of_week_operator.py
[2025-02-15 14:12:35,100] {scheduler_job.py:633} INFO - Processing file /home/airflow/.local/lib/python3.6/site-packages/airflow/example_dags/example_branch_day_of_week_operator.py for tasks to queue
[2025-02-15 14:12:35,102] {logging_mixin.py:104} INFO - [2025-02-15 14:12:35,101] {dagbag.py:496} INFO - Filling up the DagBag from /home/airflow/.local/lib/python3.6/site-packages/airflow/example_dags/example_branch_day_of_week_operator.py
[2025-02-15 14:12:35,123] {scheduler_job.py:643} INFO - DAG(s) dict_keys(['example_weekday_branch_operator']) retrieved from /home/airflow/.local/lib/python3.6/site-packages/airflow/example_dags/example_branch_day_of_week_operator.py
[2025-02-15 14:12:35,159] {logging_mixin.py:104} INFO - [2025-02-15 14:12:35,159] {dag.py:1833} INFO - Sync 1 DAGs
[2025-02-15 14:12:35,190] {logging_mixin.py:104} INFO - [2025-02-15 14:12:35,190] {dag.py:2306} INFO - Setting next_dagrun for example_weekday_branch_operator to 2025-02-13 00:00:00+00:00
[2025-02-15 14:12:35,210] {scheduler_job.py:190} INFO - Processing /home/airflow/.local/lib/python3.6/site-packages/airflow/example_dags/example_branch_day_of_week_operator.py took 0.117 seconds
[2025-02-15 14:13:05,662] {scheduler_job.py:182} INFO - Started process (PID=1008) to work on /home/airflow/.local/lib/python3.6/site-packages/airflow/example_dags/example_branch_day_of_week_operator.py
[2025-02-15 14:13:05,663] {scheduler_job.py:633} INFO - Processing file /home/airflow/.local/lib/python3.6/site-packages/airflow/example_dags/example_branch_day_of_week_operator.py for tasks to queue
[2025-02-15 14:13:05,664] {logging_mixin.py:104} INFO - [2025-02-15 14:13:05,664] {dagbag.py:496} INFO - Filling up the DagBag from /home/airflow/.local/lib/python3.6/site-packages/airflow/example_dags/example_branch_day_of_week_operator.py
[2025-02-15 14:13:05,680] {scheduler_job.py:643} INFO - DAG(s) dict_keys(['example_weekday_branch_operator']) retrieved from /home/airflow/.local/lib/python3.6/site-packages/airflow/example_dags/example_branch_day_of_week_operator.py
[2025-02-15 14:13:05,710] {logging_mixin.py:104} INFO - [2025-02-15 14:13:05,710] {dag.py:1833} INFO - Sync 1 DAGs
[2025-02-15 14:13:05,733] {logging_mixin.py:104} INFO - [2025-02-15 14:13:05,733] {dag.py:2306} INFO - Setting next_dagrun for example_weekday_branch_operator to 2025-02-13 00:00:00+00:00
[2025-02-15 14:13:05,756] {scheduler_job.py:190} INFO - Processing /home/airflow/.local/lib/python3.6/site-packages/airflow/example_dags/example_branch_day_of_week_operator.py took 0.099 seconds
[2025-02-15 14:13:35,989] {scheduler_job.py:182} INFO - Started process (PID=1069) to work on /home/airflow/.local/lib/python3.6/site-packages/airflow/example_dags/example_branch_day_of_week_operator.py
[2025-02-15 14:13:35,991] {scheduler_job.py:633} INFO - Processing file /home/airflow/.local/lib/python3.6/site-packages/airflow/example_dags/example_branch_day_of_week_operator.py for tasks to queue
[2025-02-15 14:13:35,993] {logging_mixin.py:104} INFO - [2025-02-15 14:13:35,992] {dagbag.py:496} INFO - Filling up the DagBag from /home/airflow/.local/lib/python3.6/site-packages/airflow/example_dags/example_branch_day_of_week_operator.py
[2025-02-15 14:13:36,029] {scheduler_job.py:643} INFO - DAG(s) dict_keys(['example_weekday_branch_operator']) retrieved from /home/airflow/.local/lib/python3.6/site-packages/airflow/example_dags/example_branch_day_of_week_operator.py
[2025-02-15 14:13:36,115] {logging_mixin.py:104} INFO - [2025-02-15 14:13:36,115] {dag.py:1833} INFO - Sync 1 DAGs
[2025-02-15 14:13:36,189] {logging_mixin.py:104} INFO - [2025-02-15 14:13:36,189] {dag.py:2306} INFO - Setting next_dagrun for example_weekday_branch_operator to 2025-02-13 00:00:00+00:00
[2025-02-15 14:13:36,235] {scheduler_job.py:190} INFO - Processing /home/airflow/.local/lib/python3.6/site-packages/airflow/example_dags/example_branch_day_of_week_operator.py took 0.254 seconds
[2025-02-15 14:15:11,271] {scheduler_job.py:182} INFO - Started process (PID=78) to work on /home/airflow/.local/lib/python3.6/site-packages/airflow/example_dags/example_branch_day_of_week_operator.py
[2025-02-15 14:15:11,275] {scheduler_job.py:633} INFO - Processing file /home/airflow/.local/lib/python3.6/site-packages/airflow/example_dags/example_branch_day_of_week_operator.py for tasks to queue
[2025-02-15 14:15:11,277] {logging_mixin.py:104} INFO - [2025-02-15 14:15:11,276] {dagbag.py:496} INFO - Filling up the DagBag from /home/airflow/.local/lib/python3.6/site-packages/airflow/example_dags/example_branch_day_of_week_operator.py
[2025-02-15 14:15:11,325] {scheduler_job.py:643} INFO - DAG(s) dict_keys(['example_weekday_branch_operator']) retrieved from /home/airflow/.local/lib/python3.6/site-packages/airflow/example_dags/example_branch_day_of_week_operator.py
[2025-02-15 14:15:11,398] {logging_mixin.py:104} INFO - [2025-02-15 14:15:11,398] {dag.py:1833} INFO - Sync 1 DAGs
[2025-02-15 14:15:11,441] {logging_mixin.py:104} INFO - [2025-02-15 14:15:11,441] {dag.py:2306} INFO - Setting next_dagrun for example_weekday_branch_operator to 2025-02-13 00:00:00+00:00
[2025-02-15 14:15:11,596] {scheduler_job.py:190} INFO - Processing /home/airflow/.local/lib/python3.6/site-packages/airflow/example_dags/example_branch_day_of_week_operator.py took 0.339 seconds
[2025-02-15 14:15:46,769] {scheduler_job.py:182} INFO - Started process (PID=130) to work on /home/airflow/.local/lib/python3.6/site-packages/airflow/example_dags/example_branch_day_of_week_operator.py
[2025-02-15 14:15:46,774] {scheduler_job.py:633} INFO - Processing file /home/airflow/.local/lib/python3.6/site-packages/airflow/example_dags/example_branch_day_of_week_operator.py for tasks to queue
[2025-02-15 14:15:46,779] {logging_mixin.py:104} INFO - [2025-02-15 14:15:46,779] {dagbag.py:496} INFO - Filling up the DagBag from /home/airflow/.local/lib/python3.6/site-packages/airflow/example_dags/example_branch_day_of_week_operator.py
[2025-02-15 14:15:46,844] {scheduler_job.py:643} INFO - DAG(s) dict_keys(['example_weekday_branch_operator']) retrieved from /home/airflow/.local/lib/python3.6/site-packages/airflow/example_dags/example_branch_day_of_week_operator.py
[2025-02-15 14:15:47,129] {logging_mixin.py:104} INFO - [2025-02-15 14:15:47,129] {dag.py:1833} INFO - Sync 1 DAGs
[2025-02-15 14:15:47,256] {logging_mixin.py:104} INFO - [2025-02-15 14:15:47,255] {dag.py:2306} INFO - Setting next_dagrun for example_weekday_branch_operator to 2025-02-13 00:00:00+00:00
[2025-02-15 14:15:47,367] {scheduler_job.py:190} INFO - Processing /home/airflow/.local/lib/python3.6/site-packages/airflow/example_dags/example_branch_day_of_week_operator.py took 0.637 seconds
[2025-02-15 14:21:19,128] {scheduler_job.py:182} INFO - Started process (PID=184) to work on /home/airflow/.local/lib/python3.6/site-packages/airflow/example_dags/example_branch_day_of_week_operator.py
[2025-02-15 14:21:19,133] {scheduler_job.py:633} INFO - Processing file /home/airflow/.local/lib/python3.6/site-packages/airflow/example_dags/example_branch_day_of_week_operator.py for tasks to queue
[2025-02-15 14:21:19,134] {logging_mixin.py:104} INFO - [2025-02-15 14:21:19,134] {dagbag.py:496} INFO - Filling up the DagBag from /home/airflow/.local/lib/python3.6/site-packages/airflow/example_dags/example_branch_day_of_week_operator.py
[2025-02-15 14:21:19,203] {scheduler_job.py:643} INFO - DAG(s) dict_keys(['example_weekday_branch_operator']) retrieved from /home/airflow/.local/lib/python3.6/site-packages/airflow/example_dags/example_branch_day_of_week_operator.py
[2025-02-15 14:21:19,287] {logging_mixin.py:104} INFO - [2025-02-15 14:21:19,287] {dag.py:1833} INFO - Sync 1 DAGs
[2025-02-15 14:21:19,331] {logging_mixin.py:104} INFO - [2025-02-15 14:21:19,330] {dag.py:2306} INFO - Setting next_dagrun for example_weekday_branch_operator to 2025-02-13 00:00:00+00:00
[2025-02-15 14:21:19,361] {scheduler_job.py:190} INFO - Processing /home/airflow/.local/lib/python3.6/site-packages/airflow/example_dags/example_branch_day_of_week_operator.py took 0.243 seconds
[2025-02-15 14:21:50,422] {scheduler_job.py:182} INFO - Started process (PID=227) to work on /home/airflow/.local/lib/python3.6/site-packages/airflow/example_dags/example_branch_day_of_week_operator.py
[2025-02-15 14:21:50,426] {scheduler_job.py:633} INFO - Processing file /home/airflow/.local/lib/python3.6/site-packages/airflow/example_dags/example_branch_day_of_week_operator.py for tasks to queue
[2025-02-15 14:21:50,429] {logging_mixin.py:104} INFO - [2025-02-15 14:21:50,429] {dagbag.py:496} INFO - Filling up the DagBag from /home/airflow/.local/lib/python3.6/site-packages/airflow/example_dags/example_branch_day_of_week_operator.py
[2025-02-15 14:21:50,512] {scheduler_job.py:643} INFO - DAG(s) dict_keys(['example_weekday_branch_operator']) retrieved from /home/airflow/.local/lib/python3.6/site-packages/airflow/example_dags/example_branch_day_of_week_operator.py
[2025-02-15 14:21:50,632] {logging_mixin.py:104} INFO - [2025-02-15 14:21:50,630] {dag.py:1833} INFO - Sync 1 DAGs
[2025-02-15 14:21:50,724] {logging_mixin.py:104} INFO - [2025-02-15 14:21:50,723] {dag.py:2306} INFO - Setting next_dagrun for example_weekday_branch_operator to 2025-02-13 00:00:00+00:00
[2025-02-15 14:21:50,822] {scheduler_job.py:190} INFO - Processing /home/airflow/.local/lib/python3.6/site-packages/airflow/example_dags/example_branch_day_of_week_operator.py took 0.417 seconds
[2025-02-15 14:22:20,978] {scheduler_job.py:182} INFO - Started process (PID=278) to work on /home/airflow/.local/lib/python3.6/site-packages/airflow/example_dags/example_branch_day_of_week_operator.py
[2025-02-15 14:22:20,981] {scheduler_job.py:633} INFO - Processing file /home/airflow/.local/lib/python3.6/site-packages/airflow/example_dags/example_branch_day_of_week_operator.py for tasks to queue
[2025-02-15 14:22:20,983] {logging_mixin.py:104} INFO - [2025-02-15 14:22:20,983] {dagbag.py:496} INFO - Filling up the DagBag from /home/airflow/.local/lib/python3.6/site-packages/airflow/example_dags/example_branch_day_of_week_operator.py
[2025-02-15 14:22:21,014] {scheduler_job.py:643} INFO - DAG(s) dict_keys(['example_weekday_branch_operator']) retrieved from /home/airflow/.local/lib/python3.6/site-packages/airflow/example_dags/example_branch_day_of_week_operator.py
[2025-02-15 14:22:21,073] {logging_mixin.py:104} INFO - [2025-02-15 14:22:21,072] {dag.py:1833} INFO - Sync 1 DAGs
[2025-02-15 14:22:21,108] {logging_mixin.py:104} INFO - [2025-02-15 14:22:21,108] {dag.py:2306} INFO - Setting next_dagrun for example_weekday_branch_operator to 2025-02-13 00:00:00+00:00
[2025-02-15 14:22:21,138] {scheduler_job.py:190} INFO - Processing /home/airflow/.local/lib/python3.6/site-packages/airflow/example_dags/example_branch_day_of_week_operator.py took 0.168 seconds
[2025-02-15 14:22:52,967] {scheduler_job.py:182} INFO - Started process (PID=330) to work on /home/airflow/.local/lib/python3.6/site-packages/airflow/example_dags/example_branch_day_of_week_operator.py
[2025-02-15 14:22:52,968] {scheduler_job.py:633} INFO - Processing file /home/airflow/.local/lib/python3.6/site-packages/airflow/example_dags/example_branch_day_of_week_operator.py for tasks to queue
[2025-02-15 14:22:52,970] {logging_mixin.py:104} INFO - [2025-02-15 14:22:52,969] {dagbag.py:496} INFO - Filling up the DagBag from /home/airflow/.local/lib/python3.6/site-packages/airflow/example_dags/example_branch_day_of_week_operator.py
[2025-02-15 14:22:52,989] {scheduler_job.py:643} INFO - DAG(s) dict_keys(['example_weekday_branch_operator']) retrieved from /home/airflow/.local/lib/python3.6/site-packages/airflow/example_dags/example_branch_day_of_week_operator.py
[2025-02-15 14:22:53,031] {logging_mixin.py:104} INFO - [2025-02-15 14:22:53,031] {dag.py:1833} INFO - Sync 1 DAGs
[2025-02-15 14:22:53,056] {logging_mixin.py:104} INFO - [2025-02-15 14:22:53,056] {dag.py:2306} INFO - Setting next_dagrun for example_weekday_branch_operator to 2025-02-13 00:00:00+00:00
[2025-02-15 14:22:53,074] {scheduler_job.py:190} INFO - Processing /home/airflow/.local/lib/python3.6/site-packages/airflow/example_dags/example_branch_day_of_week_operator.py took 0.113 seconds
[2025-02-15 14:25:10,365] {scheduler_job.py:182} INFO - Started process (PID=77) to work on /home/airflow/.local/lib/python3.6/site-packages/airflow/example_dags/example_branch_day_of_week_operator.py
[2025-02-15 14:25:10,401] {scheduler_job.py:633} INFO - Processing file /home/airflow/.local/lib/python3.6/site-packages/airflow/example_dags/example_branch_day_of_week_operator.py for tasks to queue
[2025-02-15 14:25:10,406] {logging_mixin.py:104} INFO - [2025-02-15 14:25:10,404] {dagbag.py:496} INFO - Filling up the DagBag from /home/airflow/.local/lib/python3.6/site-packages/airflow/example_dags/example_branch_day_of_week_operator.py
[2025-02-15 14:25:10,522] {scheduler_job.py:643} INFO - DAG(s) dict_keys(['example_weekday_branch_operator']) retrieved from /home/airflow/.local/lib/python3.6/site-packages/airflow/example_dags/example_branch_day_of_week_operator.py
[2025-02-15 14:25:10,647] {logging_mixin.py:104} INFO - [2025-02-15 14:25:10,647] {dag.py:1833} INFO - Sync 1 DAGs
[2025-02-15 14:25:10,708] {logging_mixin.py:104} INFO - [2025-02-15 14:25:10,707] {dag.py:2306} INFO - Setting next_dagrun for example_weekday_branch_operator to 2025-02-13 00:00:00+00:00
[2025-02-15 14:25:10,740] {scheduler_job.py:190} INFO - Processing /home/airflow/.local/lib/python3.6/site-packages/airflow/example_dags/example_branch_day_of_week_operator.py took 0.400 seconds
[2025-02-15 14:25:41,533] {scheduler_job.py:182} INFO - Started process (PID=130) to work on /home/airflow/.local/lib/python3.6/site-packages/airflow/example_dags/example_branch_day_of_week_operator.py
[2025-02-15 14:25:41,549] {scheduler_job.py:633} INFO - Processing file /home/airflow/.local/lib/python3.6/site-packages/airflow/example_dags/example_branch_day_of_week_operator.py for tasks to queue
[2025-02-15 14:25:41,562] {logging_mixin.py:104} INFO - [2025-02-15 14:25:41,562] {dagbag.py:496} INFO - Filling up the DagBag from /home/airflow/.local/lib/python3.6/site-packages/airflow/example_dags/example_branch_day_of_week_operator.py
[2025-02-15 14:25:41,692] {scheduler_job.py:643} INFO - DAG(s) dict_keys(['example_weekday_branch_operator']) retrieved from /home/airflow/.local/lib/python3.6/site-packages/airflow/example_dags/example_branch_day_of_week_operator.py
[2025-02-15 14:25:41,895] {logging_mixin.py:104} INFO - [2025-02-15 14:25:41,895] {dag.py:1833} INFO - Sync 1 DAGs
[2025-02-15 14:25:42,102] {logging_mixin.py:104} INFO - [2025-02-15 14:25:42,101] {dag.py:2306} INFO - Setting next_dagrun for example_weekday_branch_operator to 2025-02-13 00:00:00+00:00
[2025-02-15 14:25:42,196] {scheduler_job.py:190} INFO - Processing /home/airflow/.local/lib/python3.6/site-packages/airflow/example_dags/example_branch_day_of_week_operator.py took 0.696 seconds
[2025-02-15 14:26:13,141] {scheduler_job.py:182} INFO - Started process (PID=182) to work on /home/airflow/.local/lib/python3.6/site-packages/airflow/example_dags/example_branch_day_of_week_operator.py
[2025-02-15 14:26:13,143] {scheduler_job.py:633} INFO - Processing file /home/airflow/.local/lib/python3.6/site-packages/airflow/example_dags/example_branch_day_of_week_operator.py for tasks to queue
[2025-02-15 14:26:13,145] {logging_mixin.py:104} INFO - [2025-02-15 14:26:13,144] {dagbag.py:496} INFO - Filling up the DagBag from /home/airflow/.local/lib/python3.6/site-packages/airflow/example_dags/example_branch_day_of_week_operator.py
[2025-02-15 14:26:13,172] {scheduler_job.py:643} INFO - DAG(s) dict_keys(['example_weekday_branch_operator']) retrieved from /home/airflow/.local/lib/python3.6/site-packages/airflow/example_dags/example_branch_day_of_week_operator.py
[2025-02-15 14:26:13,234] {logging_mixin.py:104} INFO - [2025-02-15 14:26:13,234] {dag.py:1833} INFO - Sync 1 DAGs
[2025-02-15 14:26:13,259] {logging_mixin.py:104} INFO - [2025-02-15 14:26:13,258] {dag.py:2306} INFO - Setting next_dagrun for example_weekday_branch_operator to 2025-02-13 00:00:00+00:00
[2025-02-15 14:26:13,293] {scheduler_job.py:190} INFO - Processing /home/airflow/.local/lib/python3.6/site-packages/airflow/example_dags/example_branch_day_of_week_operator.py took 0.159 seconds
[2025-02-15 14:26:43,608] {scheduler_job.py:182} INFO - Started process (PID=243) to work on /home/airflow/.local/lib/python3.6/site-packages/airflow/example_dags/example_branch_day_of_week_operator.py
[2025-02-15 14:26:43,610] {scheduler_job.py:633} INFO - Processing file /home/airflow/.local/lib/python3.6/site-packages/airflow/example_dags/example_branch_day_of_week_operator.py for tasks to queue
[2025-02-15 14:26:43,612] {logging_mixin.py:104} INFO - [2025-02-15 14:26:43,612] {dagbag.py:496} INFO - Filling up the DagBag from /home/airflow/.local/lib/python3.6/site-packages/airflow/example_dags/example_branch_day_of_week_operator.py
[2025-02-15 14:26:43,642] {scheduler_job.py:643} INFO - DAG(s) dict_keys(['example_weekday_branch_operator']) retrieved from /home/airflow/.local/lib/python3.6/site-packages/airflow/example_dags/example_branch_day_of_week_operator.py
[2025-02-15 14:26:43,700] {logging_mixin.py:104} INFO - [2025-02-15 14:26:43,700] {dag.py:1833} INFO - Sync 1 DAGs
[2025-02-15 14:26:43,734] {logging_mixin.py:104} INFO - [2025-02-15 14:26:43,734] {dag.py:2306} INFO - Setting next_dagrun for example_weekday_branch_operator to 2025-02-13 00:00:00+00:00
[2025-02-15 14:26:43,751] {scheduler_job.py:190} INFO - Processing /home/airflow/.local/lib/python3.6/site-packages/airflow/example_dags/example_branch_day_of_week_operator.py took 0.151 seconds
[2025-02-15 14:27:14,232] {scheduler_job.py:182} INFO - Started process (PID=295) to work on /home/airflow/.local/lib/python3.6/site-packages/airflow/example_dags/example_branch_day_of_week_operator.py
[2025-02-15 14:27:14,235] {scheduler_job.py:633} INFO - Processing file /home/airflow/.local/lib/python3.6/site-packages/airflow/example_dags/example_branch_day_of_week_operator.py for tasks to queue
[2025-02-15 14:27:14,236] {logging_mixin.py:104} INFO - [2025-02-15 14:27:14,236] {dagbag.py:496} INFO - Filling up the DagBag from /home/airflow/.local/lib/python3.6/site-packages/airflow/example_dags/example_branch_day_of_week_operator.py
[2025-02-15 14:27:14,251] {scheduler_job.py:643} INFO - DAG(s) dict_keys(['example_weekday_branch_operator']) retrieved from /home/airflow/.local/lib/python3.6/site-packages/airflow/example_dags/example_branch_day_of_week_operator.py
[2025-02-15 14:27:14,279] {logging_mixin.py:104} INFO - [2025-02-15 14:27:14,279] {dag.py:1833} INFO - Sync 1 DAGs
[2025-02-15 14:27:14,298] {logging_mixin.py:104} INFO - [2025-02-15 14:27:14,298] {dag.py:2306} INFO - Setting next_dagrun for example_weekday_branch_operator to 2025-02-13 00:00:00+00:00
[2025-02-15 14:27:14,312] {scheduler_job.py:190} INFO - Processing /home/airflow/.local/lib/python3.6/site-packages/airflow/example_dags/example_branch_day_of_week_operator.py took 0.085 seconds
[2025-02-15 14:27:44,947] {scheduler_job.py:182} INFO - Started process (PID=358) to work on /home/airflow/.local/lib/python3.6/site-packages/airflow/example_dags/example_branch_day_of_week_operator.py
[2025-02-15 14:27:44,949] {scheduler_job.py:633} INFO - Processing file /home/airflow/.local/lib/python3.6/site-packages/airflow/example_dags/example_branch_day_of_week_operator.py for tasks to queue
[2025-02-15 14:27:44,951] {logging_mixin.py:104} INFO - [2025-02-15 14:27:44,950] {dagbag.py:496} INFO - Filling up the DagBag from /home/airflow/.local/lib/python3.6/site-packages/airflow/example_dags/example_branch_day_of_week_operator.py
[2025-02-15 14:27:44,968] {scheduler_job.py:643} INFO - DAG(s) dict_keys(['example_weekday_branch_operator']) retrieved from /home/airflow/.local/lib/python3.6/site-packages/airflow/example_dags/example_branch_day_of_week_operator.py
[2025-02-15 14:27:45,000] {logging_mixin.py:104} INFO - [2025-02-15 14:27:44,999] {dag.py:1833} INFO - Sync 1 DAGs
[2025-02-15 14:27:45,020] {logging_mixin.py:104} INFO - [2025-02-15 14:27:45,019] {dag.py:2306} INFO - Setting next_dagrun for example_weekday_branch_operator to 2025-02-13 00:00:00+00:00
[2025-02-15 14:27:45,032] {scheduler_job.py:190} INFO - Processing /home/airflow/.local/lib/python3.6/site-packages/airflow/example_dags/example_branch_day_of_week_operator.py took 0.094 seconds
[2025-02-15 14:28:16,006] {scheduler_job.py:182} INFO - Started process (PID=410) to work on /home/airflow/.local/lib/python3.6/site-packages/airflow/example_dags/example_branch_day_of_week_operator.py
[2025-02-15 14:28:16,007] {scheduler_job.py:633} INFO - Processing file /home/airflow/.local/lib/python3.6/site-packages/airflow/example_dags/example_branch_day_of_week_operator.py for tasks to queue
[2025-02-15 14:28:16,008] {logging_mixin.py:104} INFO - [2025-02-15 14:28:16,007] {dagbag.py:496} INFO - Filling up the DagBag from /home/airflow/.local/lib/python3.6/site-packages/airflow/example_dags/example_branch_day_of_week_operator.py
[2025-02-15 14:28:16,022] {scheduler_job.py:643} INFO - DAG(s) dict_keys(['example_weekday_branch_operator']) retrieved from /home/airflow/.local/lib/python3.6/site-packages/airflow/example_dags/example_branch_day_of_week_operator.py
[2025-02-15 14:28:16,051] {logging_mixin.py:104} INFO - [2025-02-15 14:28:16,051] {dag.py:1833} INFO - Sync 1 DAGs
[2025-02-15 14:28:16,070] {logging_mixin.py:104} INFO - [2025-02-15 14:28:16,070] {dag.py:2306} INFO - Setting next_dagrun for example_weekday_branch_operator to 2025-02-13 00:00:00+00:00
[2025-02-15 14:28:16,088] {scheduler_job.py:190} INFO - Processing /home/airflow/.local/lib/python3.6/site-packages/airflow/example_dags/example_branch_day_of_week_operator.py took 0.087 seconds
[2025-02-15 14:28:46,899] {scheduler_job.py:182} INFO - Started process (PID=472) to work on /home/airflow/.local/lib/python3.6/site-packages/airflow/example_dags/example_branch_day_of_week_operator.py
[2025-02-15 14:28:46,904] {scheduler_job.py:633} INFO - Processing file /home/airflow/.local/lib/python3.6/site-packages/airflow/example_dags/example_branch_day_of_week_operator.py for tasks to queue
[2025-02-15 14:28:46,907] {logging_mixin.py:104} INFO - [2025-02-15 14:28:46,907] {dagbag.py:496} INFO - Filling up the DagBag from /home/airflow/.local/lib/python3.6/site-packages/airflow/example_dags/example_branch_day_of_week_operator.py
[2025-02-15 14:28:46,948] {scheduler_job.py:643} INFO - DAG(s) dict_keys(['example_weekday_branch_operator']) retrieved from /home/airflow/.local/lib/python3.6/site-packages/airflow/example_dags/example_branch_day_of_week_operator.py
[2025-02-15 14:28:46,988] {logging_mixin.py:104} INFO - [2025-02-15 14:28:46,988] {dag.py:1833} INFO - Sync 1 DAGs
[2025-02-15 14:28:47,014] {logging_mixin.py:104} INFO - [2025-02-15 14:28:47,014] {dag.py:2306} INFO - Setting next_dagrun for example_weekday_branch_operator to 2025-02-13 00:00:00+00:00
[2025-02-15 14:28:47,032] {scheduler_job.py:190} INFO - Processing /home/airflow/.local/lib/python3.6/site-packages/airflow/example_dags/example_branch_day_of_week_operator.py took 0.147 seconds
[2025-02-15 14:29:17,443] {scheduler_job.py:182} INFO - Started process (PID=523) to work on /home/airflow/.local/lib/python3.6/site-packages/airflow/example_dags/example_branch_day_of_week_operator.py
[2025-02-15 14:29:17,443] {scheduler_job.py:633} INFO - Processing file /home/airflow/.local/lib/python3.6/site-packages/airflow/example_dags/example_branch_day_of_week_operator.py for tasks to queue
[2025-02-15 14:29:17,444] {logging_mixin.py:104} INFO - [2025-02-15 14:29:17,444] {dagbag.py:496} INFO - Filling up the DagBag from /home/airflow/.local/lib/python3.6/site-packages/airflow/example_dags/example_branch_day_of_week_operator.py
[2025-02-15 14:29:17,456] {scheduler_job.py:643} INFO - DAG(s) dict_keys(['example_weekday_branch_operator']) retrieved from /home/airflow/.local/lib/python3.6/site-packages/airflow/example_dags/example_branch_day_of_week_operator.py
[2025-02-15 14:29:17,484] {logging_mixin.py:104} INFO - [2025-02-15 14:29:17,483] {dag.py:1833} INFO - Sync 1 DAGs
[2025-02-15 14:29:17,504] {logging_mixin.py:104} INFO - [2025-02-15 14:29:17,504] {dag.py:2306} INFO - Setting next_dagrun for example_weekday_branch_operator to 2025-02-13 00:00:00+00:00
[2025-02-15 14:29:17,517] {scheduler_job.py:190} INFO - Processing /home/airflow/.local/lib/python3.6/site-packages/airflow/example_dags/example_branch_day_of_week_operator.py took 0.078 seconds
[2025-02-15 14:29:47,709] {scheduler_job.py:182} INFO - Started process (PID=574) to work on /home/airflow/.local/lib/python3.6/site-packages/airflow/example_dags/example_branch_day_of_week_operator.py
[2025-02-15 14:29:47,711] {scheduler_job.py:633} INFO - Processing file /home/airflow/.local/lib/python3.6/site-packages/airflow/example_dags/example_branch_day_of_week_operator.py for tasks to queue
[2025-02-15 14:29:47,713] {logging_mixin.py:104} INFO - [2025-02-15 14:29:47,713] {dagbag.py:496} INFO - Filling up the DagBag from /home/airflow/.local/lib/python3.6/site-packages/airflow/example_dags/example_branch_day_of_week_operator.py
[2025-02-15 14:29:47,735] {scheduler_job.py:643} INFO - DAG(s) dict_keys(['example_weekday_branch_operator']) retrieved from /home/airflow/.local/lib/python3.6/site-packages/airflow/example_dags/example_branch_day_of_week_operator.py
[2025-02-15 14:29:47,764] {logging_mixin.py:104} INFO - [2025-02-15 14:29:47,764] {dag.py:1833} INFO - Sync 1 DAGs
[2025-02-15 14:29:47,783] {logging_mixin.py:104} INFO - [2025-02-15 14:29:47,783] {dag.py:2306} INFO - Setting next_dagrun for example_weekday_branch_operator to 2025-02-13 00:00:00+00:00
[2025-02-15 14:29:47,800] {scheduler_job.py:190} INFO - Processing /home/airflow/.local/lib/python3.6/site-packages/airflow/example_dags/example_branch_day_of_week_operator.py took 0.099 seconds
[2025-02-15 14:30:18,392] {scheduler_job.py:182} INFO - Started process (PID=637) to work on /home/airflow/.local/lib/python3.6/site-packages/airflow/example_dags/example_branch_day_of_week_operator.py
[2025-02-15 14:30:18,394] {scheduler_job.py:633} INFO - Processing file /home/airflow/.local/lib/python3.6/site-packages/airflow/example_dags/example_branch_day_of_week_operator.py for tasks to queue
[2025-02-15 14:30:18,395] {logging_mixin.py:104} INFO - [2025-02-15 14:30:18,395] {dagbag.py:496} INFO - Filling up the DagBag from /home/airflow/.local/lib/python3.6/site-packages/airflow/example_dags/example_branch_day_of_week_operator.py
[2025-02-15 14:30:18,418] {scheduler_job.py:643} INFO - DAG(s) dict_keys(['example_weekday_branch_operator']) retrieved from /home/airflow/.local/lib/python3.6/site-packages/airflow/example_dags/example_branch_day_of_week_operator.py
[2025-02-15 14:30:18,465] {logging_mixin.py:104} INFO - [2025-02-15 14:30:18,465] {dag.py:1833} INFO - Sync 1 DAGs
[2025-02-15 14:30:18,496] {logging_mixin.py:104} INFO - [2025-02-15 14:30:18,495] {dag.py:2306} INFO - Setting next_dagrun for example_weekday_branch_operator to 2025-02-13 00:00:00+00:00
[2025-02-15 14:30:18,516] {scheduler_job.py:190} INFO - Processing /home/airflow/.local/lib/python3.6/site-packages/airflow/example_dags/example_branch_day_of_week_operator.py took 0.132 seconds
[2025-02-15 14:30:48,648] {scheduler_job.py:182} INFO - Started process (PID=688) to work on /home/airflow/.local/lib/python3.6/site-packages/airflow/example_dags/example_branch_day_of_week_operator.py
[2025-02-15 14:30:48,649] {scheduler_job.py:633} INFO - Processing file /home/airflow/.local/lib/python3.6/site-packages/airflow/example_dags/example_branch_day_of_week_operator.py for tasks to queue
[2025-02-15 14:30:48,650] {logging_mixin.py:104} INFO - [2025-02-15 14:30:48,649] {dagbag.py:496} INFO - Filling up the DagBag from /home/airflow/.local/lib/python3.6/site-packages/airflow/example_dags/example_branch_day_of_week_operator.py
[2025-02-15 14:30:48,661] {scheduler_job.py:643} INFO - DAG(s) dict_keys(['example_weekday_branch_operator']) retrieved from /home/airflow/.local/lib/python3.6/site-packages/airflow/example_dags/example_branch_day_of_week_operator.py
[2025-02-15 14:30:48,688] {logging_mixin.py:104} INFO - [2025-02-15 14:30:48,687] {dag.py:1833} INFO - Sync 1 DAGs
[2025-02-15 14:30:48,714] {logging_mixin.py:104} INFO - [2025-02-15 14:30:48,714] {dag.py:2306} INFO - Setting next_dagrun for example_weekday_branch_operator to 2025-02-13 00:00:00+00:00
[2025-02-15 14:30:48,731] {scheduler_job.py:190} INFO - Processing /home/airflow/.local/lib/python3.6/site-packages/airflow/example_dags/example_branch_day_of_week_operator.py took 0.086 seconds
[2025-02-15 14:31:19,080] {scheduler_job.py:182} INFO - Started process (PID=740) to work on /home/airflow/.local/lib/python3.6/site-packages/airflow/example_dags/example_branch_day_of_week_operator.py
[2025-02-15 14:31:19,081] {scheduler_job.py:633} INFO - Processing file /home/airflow/.local/lib/python3.6/site-packages/airflow/example_dags/example_branch_day_of_week_operator.py for tasks to queue
[2025-02-15 14:31:19,082] {logging_mixin.py:104} INFO - [2025-02-15 14:31:19,082] {dagbag.py:496} INFO - Filling up the DagBag from /home/airflow/.local/lib/python3.6/site-packages/airflow/example_dags/example_branch_day_of_week_operator.py
[2025-02-15 14:31:19,099] {scheduler_job.py:643} INFO - DAG(s) dict_keys(['example_weekday_branch_operator']) retrieved from /home/airflow/.local/lib/python3.6/site-packages/airflow/example_dags/example_branch_day_of_week_operator.py
[2025-02-15 14:31:19,126] {logging_mixin.py:104} INFO - [2025-02-15 14:31:19,125] {dag.py:1833} INFO - Sync 1 DAGs
[2025-02-15 14:31:19,144] {logging_mixin.py:104} INFO - [2025-02-15 14:31:19,144] {dag.py:2306} INFO - Setting next_dagrun for example_weekday_branch_operator to 2025-02-13 00:00:00+00:00
[2025-02-15 14:31:19,157] {scheduler_job.py:190} INFO - Processing /home/airflow/.local/lib/python3.6/site-packages/airflow/example_dags/example_branch_day_of_week_operator.py took 0.082 seconds
[2025-02-15 14:31:49,403] {scheduler_job.py:182} INFO - Started process (PID=802) to work on /home/airflow/.local/lib/python3.6/site-packages/airflow/example_dags/example_branch_day_of_week_operator.py
[2025-02-15 14:31:49,404] {scheduler_job.py:633} INFO - Processing file /home/airflow/.local/lib/python3.6/site-packages/airflow/example_dags/example_branch_day_of_week_operator.py for tasks to queue
[2025-02-15 14:31:49,405] {logging_mixin.py:104} INFO - [2025-02-15 14:31:49,405] {dagbag.py:496} INFO - Filling up the DagBag from /home/airflow/.local/lib/python3.6/site-packages/airflow/example_dags/example_branch_day_of_week_operator.py
[2025-02-15 14:31:49,421] {scheduler_job.py:643} INFO - DAG(s) dict_keys(['example_weekday_branch_operator']) retrieved from /home/airflow/.local/lib/python3.6/site-packages/airflow/example_dags/example_branch_day_of_week_operator.py
[2025-02-15 14:31:49,455] {logging_mixin.py:104} INFO - [2025-02-15 14:31:49,455] {dag.py:1833} INFO - Sync 1 DAGs
[2025-02-15 14:31:49,479] {logging_mixin.py:104} INFO - [2025-02-15 14:31:49,479] {dag.py:2306} INFO - Setting next_dagrun for example_weekday_branch_operator to 2025-02-13 00:00:00+00:00
[2025-02-15 14:31:49,499] {scheduler_job.py:190} INFO - Processing /home/airflow/.local/lib/python3.6/site-packages/airflow/example_dags/example_branch_day_of_week_operator.py took 0.100 seconds
[2025-02-15 14:32:19,904] {scheduler_job.py:182} INFO - Started process (PID=854) to work on /home/airflow/.local/lib/python3.6/site-packages/airflow/example_dags/example_branch_day_of_week_operator.py
[2025-02-15 14:32:19,907] {scheduler_job.py:633} INFO - Processing file /home/airflow/.local/lib/python3.6/site-packages/airflow/example_dags/example_branch_day_of_week_operator.py for tasks to queue
[2025-02-15 14:32:19,908] {logging_mixin.py:104} INFO - [2025-02-15 14:32:19,908] {dagbag.py:496} INFO - Filling up the DagBag from /home/airflow/.local/lib/python3.6/site-packages/airflow/example_dags/example_branch_day_of_week_operator.py
[2025-02-15 14:32:19,932] {scheduler_job.py:643} INFO - DAG(s) dict_keys(['example_weekday_branch_operator']) retrieved from /home/airflow/.local/lib/python3.6/site-packages/airflow/example_dags/example_branch_day_of_week_operator.py
[2025-02-15 14:32:19,982] {logging_mixin.py:104} INFO - [2025-02-15 14:32:19,981] {dag.py:1833} INFO - Sync 1 DAGs
[2025-02-15 14:32:20,017] {logging_mixin.py:104} INFO - [2025-02-15 14:32:20,017] {dag.py:2306} INFO - Setting next_dagrun for example_weekday_branch_operator to 2025-02-13 00:00:00+00:00
[2025-02-15 14:32:20,039] {scheduler_job.py:190} INFO - Processing /home/airflow/.local/lib/python3.6/site-packages/airflow/example_dags/example_branch_day_of_week_operator.py took 0.141 seconds
[2025-02-15 14:32:50,963] {scheduler_job.py:182} INFO - Started process (PID=906) to work on /home/airflow/.local/lib/python3.6/site-packages/airflow/example_dags/example_branch_day_of_week_operator.py
[2025-02-15 14:32:50,967] {scheduler_job.py:633} INFO - Processing file /home/airflow/.local/lib/python3.6/site-packages/airflow/example_dags/example_branch_day_of_week_operator.py for tasks to queue
[2025-02-15 14:32:50,968] {logging_mixin.py:104} INFO - [2025-02-15 14:32:50,968] {dagbag.py:496} INFO - Filling up the DagBag from /home/airflow/.local/lib/python3.6/site-packages/airflow/example_dags/example_branch_day_of_week_operator.py
[2025-02-15 14:32:50,987] {scheduler_job.py:643} INFO - DAG(s) dict_keys(['example_weekday_branch_operator']) retrieved from /home/airflow/.local/lib/python3.6/site-packages/airflow/example_dags/example_branch_day_of_week_operator.py
[2025-02-15 14:32:51,037] {logging_mixin.py:104} INFO - [2025-02-15 14:32:51,037] {dag.py:1833} INFO - Sync 1 DAGs
[2025-02-15 14:32:51,069] {logging_mixin.py:104} INFO - [2025-02-15 14:32:51,068] {dag.py:2306} INFO - Setting next_dagrun for example_weekday_branch_operator to 2025-02-13 00:00:00+00:00
[2025-02-15 14:32:51,087] {scheduler_job.py:190} INFO - Processing /home/airflow/.local/lib/python3.6/site-packages/airflow/example_dags/example_branch_day_of_week_operator.py took 0.131 seconds
[2025-02-15 14:33:21,210] {scheduler_job.py:182} INFO - Started process (PID=968) to work on /home/airflow/.local/lib/python3.6/site-packages/airflow/example_dags/example_branch_day_of_week_operator.py
[2025-02-15 14:33:21,212] {scheduler_job.py:633} INFO - Processing file /home/airflow/.local/lib/python3.6/site-packages/airflow/example_dags/example_branch_day_of_week_operator.py for tasks to queue
[2025-02-15 14:33:21,213] {logging_mixin.py:104} INFO - [2025-02-15 14:33:21,212] {dagbag.py:496} INFO - Filling up the DagBag from /home/airflow/.local/lib/python3.6/site-packages/airflow/example_dags/example_branch_day_of_week_operator.py
[2025-02-15 14:33:21,227] {scheduler_job.py:643} INFO - DAG(s) dict_keys(['example_weekday_branch_operator']) retrieved from /home/airflow/.local/lib/python3.6/site-packages/airflow/example_dags/example_branch_day_of_week_operator.py
[2025-02-15 14:33:21,253] {logging_mixin.py:104} INFO - [2025-02-15 14:33:21,253] {dag.py:1833} INFO - Sync 1 DAGs
[2025-02-15 14:33:21,270] {logging_mixin.py:104} INFO - [2025-02-15 14:33:21,269] {dag.py:2306} INFO - Setting next_dagrun for example_weekday_branch_operator to 2025-02-13 00:00:00+00:00
[2025-02-15 14:33:21,283] {scheduler_job.py:190} INFO - Processing /home/airflow/.local/lib/python3.6/site-packages/airflow/example_dags/example_branch_day_of_week_operator.py took 0.078 seconds
[2025-02-15 14:33:51,694] {scheduler_job.py:182} INFO - Started process (PID=1020) to work on /home/airflow/.local/lib/python3.6/site-packages/airflow/example_dags/example_branch_day_of_week_operator.py
[2025-02-15 14:33:51,696] {scheduler_job.py:633} INFO - Processing file /home/airflow/.local/lib/python3.6/site-packages/airflow/example_dags/example_branch_day_of_week_operator.py for tasks to queue
[2025-02-15 14:33:51,697] {logging_mixin.py:104} INFO - [2025-02-15 14:33:51,696] {dagbag.py:496} INFO - Filling up the DagBag from /home/airflow/.local/lib/python3.6/site-packages/airflow/example_dags/example_branch_day_of_week_operator.py
[2025-02-15 14:33:51,733] {scheduler_job.py:643} INFO - DAG(s) dict_keys(['example_weekday_branch_operator']) retrieved from /home/airflow/.local/lib/python3.6/site-packages/airflow/example_dags/example_branch_day_of_week_operator.py
[2025-02-15 14:33:51,779] {logging_mixin.py:104} INFO - [2025-02-15 14:33:51,779] {dag.py:1833} INFO - Sync 1 DAGs
[2025-02-15 14:33:51,811] {logging_mixin.py:104} INFO - [2025-02-15 14:33:51,811] {dag.py:2306} INFO - Setting next_dagrun for example_weekday_branch_operator to 2025-02-13 00:00:00+00:00
[2025-02-15 14:33:51,831] {scheduler_job.py:190} INFO - Processing /home/airflow/.local/lib/python3.6/site-packages/airflow/example_dags/example_branch_day_of_week_operator.py took 0.141 seconds
[2025-02-15 14:34:22,272] {scheduler_job.py:182} INFO - Started process (PID=1082) to work on /home/airflow/.local/lib/python3.6/site-packages/airflow/example_dags/example_branch_day_of_week_operator.py
[2025-02-15 14:34:22,273] {scheduler_job.py:633} INFO - Processing file /home/airflow/.local/lib/python3.6/site-packages/airflow/example_dags/example_branch_day_of_week_operator.py for tasks to queue
[2025-02-15 14:34:22,274] {logging_mixin.py:104} INFO - [2025-02-15 14:34:22,274] {dagbag.py:496} INFO - Filling up the DagBag from /home/airflow/.local/lib/python3.6/site-packages/airflow/example_dags/example_branch_day_of_week_operator.py
[2025-02-15 14:34:22,286] {scheduler_job.py:643} INFO - DAG(s) dict_keys(['example_weekday_branch_operator']) retrieved from /home/airflow/.local/lib/python3.6/site-packages/airflow/example_dags/example_branch_day_of_week_operator.py
[2025-02-15 14:34:22,311] {logging_mixin.py:104} INFO - [2025-02-15 14:34:22,310] {dag.py:1833} INFO - Sync 1 DAGs
[2025-02-15 14:34:22,331] {logging_mixin.py:104} INFO - [2025-02-15 14:34:22,331] {dag.py:2306} INFO - Setting next_dagrun for example_weekday_branch_operator to 2025-02-13 00:00:00+00:00
[2025-02-15 14:34:22,347] {scheduler_job.py:190} INFO - Processing /home/airflow/.local/lib/python3.6/site-packages/airflow/example_dags/example_branch_day_of_week_operator.py took 0.080 seconds
[2025-02-15 14:38:24,785] {scheduler_job.py:182} INFO - Started process (PID=1155) to work on /home/airflow/.local/lib/python3.6/site-packages/airflow/example_dags/example_branch_day_of_week_operator.py
[2025-02-15 14:38:24,788] {scheduler_job.py:633} INFO - Processing file /home/airflow/.local/lib/python3.6/site-packages/airflow/example_dags/example_branch_day_of_week_operator.py for tasks to queue
[2025-02-15 14:38:24,790] {logging_mixin.py:104} INFO - [2025-02-15 14:38:24,789] {dagbag.py:496} INFO - Filling up the DagBag from /home/airflow/.local/lib/python3.6/site-packages/airflow/example_dags/example_branch_day_of_week_operator.py
[2025-02-15 14:38:24,818] {scheduler_job.py:643} INFO - DAG(s) dict_keys(['example_weekday_branch_operator']) retrieved from /home/airflow/.local/lib/python3.6/site-packages/airflow/example_dags/example_branch_day_of_week_operator.py
[2025-02-15 14:38:24,867] {logging_mixin.py:104} INFO - [2025-02-15 14:38:24,867] {dag.py:1833} INFO - Sync 1 DAGs
[2025-02-15 14:38:24,893] {logging_mixin.py:104} INFO - [2025-02-15 14:38:24,893] {dag.py:2306} INFO - Setting next_dagrun for example_weekday_branch_operator to 2025-02-13 00:00:00+00:00
[2025-02-15 14:38:24,913] {scheduler_job.py:190} INFO - Processing /home/airflow/.local/lib/python3.6/site-packages/airflow/example_dags/example_branch_day_of_week_operator.py took 0.136 seconds
[2025-02-15 14:38:56,218] {scheduler_job.py:182} INFO - Started process (PID=1217) to work on /home/airflow/.local/lib/python3.6/site-packages/airflow/example_dags/example_branch_day_of_week_operator.py
[2025-02-15 14:38:56,221] {scheduler_job.py:633} INFO - Processing file /home/airflow/.local/lib/python3.6/site-packages/airflow/example_dags/example_branch_day_of_week_operator.py for tasks to queue
[2025-02-15 14:38:56,227] {logging_mixin.py:104} INFO - [2025-02-15 14:38:56,226] {dagbag.py:496} INFO - Filling up the DagBag from /home/airflow/.local/lib/python3.6/site-packages/airflow/example_dags/example_branch_day_of_week_operator.py
[2025-02-15 14:38:56,267] {scheduler_job.py:643} INFO - DAG(s) dict_keys(['example_weekday_branch_operator']) retrieved from /home/airflow/.local/lib/python3.6/site-packages/airflow/example_dags/example_branch_day_of_week_operator.py
[2025-02-15 14:38:56,360] {logging_mixin.py:104} INFO - [2025-02-15 14:38:56,359] {dag.py:1833} INFO - Sync 1 DAGs
[2025-02-15 14:38:56,406] {logging_mixin.py:104} INFO - [2025-02-15 14:38:56,406] {dag.py:2306} INFO - Setting next_dagrun for example_weekday_branch_operator to 2025-02-13 00:00:00+00:00
[2025-02-15 14:38:56,444] {scheduler_job.py:190} INFO - Processing /home/airflow/.local/lib/python3.6/site-packages/airflow/example_dags/example_branch_day_of_week_operator.py took 0.237 seconds
[2025-02-15 14:44:07,610] {scheduler_job.py:182} INFO - Started process (PID=1261) to work on /home/airflow/.local/lib/python3.6/site-packages/airflow/example_dags/example_branch_day_of_week_operator.py
[2025-02-15 14:44:07,612] {scheduler_job.py:633} INFO - Processing file /home/airflow/.local/lib/python3.6/site-packages/airflow/example_dags/example_branch_day_of_week_operator.py for tasks to queue
[2025-02-15 14:44:07,614] {logging_mixin.py:104} INFO - [2025-02-15 14:44:07,613] {dagbag.py:496} INFO - Filling up the DagBag from /home/airflow/.local/lib/python3.6/site-packages/airflow/example_dags/example_branch_day_of_week_operator.py
[2025-02-15 14:44:07,645] {scheduler_job.py:643} INFO - DAG(s) dict_keys(['example_weekday_branch_operator']) retrieved from /home/airflow/.local/lib/python3.6/site-packages/airflow/example_dags/example_branch_day_of_week_operator.py
[2025-02-15 14:44:07,709] {logging_mixin.py:104} INFO - [2025-02-15 14:44:07,708] {dag.py:1833} INFO - Sync 1 DAGs
[2025-02-15 14:44:07,747] {logging_mixin.py:104} INFO - [2025-02-15 14:44:07,747] {dag.py:2306} INFO - Setting next_dagrun for example_weekday_branch_operator to 2025-02-13 00:00:00+00:00
[2025-02-15 14:44:07,775] {scheduler_job.py:190} INFO - Processing /home/airflow/.local/lib/python3.6/site-packages/airflow/example_dags/example_branch_day_of_week_operator.py took 0.172 seconds
[2025-02-15 14:44:38,622] {scheduler_job.py:182} INFO - Started process (PID=1304) to work on /home/airflow/.local/lib/python3.6/site-packages/airflow/example_dags/example_branch_day_of_week_operator.py
[2025-02-15 14:44:38,624] {scheduler_job.py:633} INFO - Processing file /home/airflow/.local/lib/python3.6/site-packages/airflow/example_dags/example_branch_day_of_week_operator.py for tasks to queue
[2025-02-15 14:44:38,626] {logging_mixin.py:104} INFO - [2025-02-15 14:44:38,626] {dagbag.py:496} INFO - Filling up the DagBag from /home/airflow/.local/lib/python3.6/site-packages/airflow/example_dags/example_branch_day_of_week_operator.py
[2025-02-15 14:44:38,671] {scheduler_job.py:643} INFO - DAG(s) dict_keys(['example_weekday_branch_operator']) retrieved from /home/airflow/.local/lib/python3.6/site-packages/airflow/example_dags/example_branch_day_of_week_operator.py
[2025-02-15 14:44:38,758] {logging_mixin.py:104} INFO - [2025-02-15 14:44:38,758] {dag.py:1833} INFO - Sync 1 DAGs
[2025-02-15 14:44:38,795] {logging_mixin.py:104} INFO - [2025-02-15 14:44:38,795] {dag.py:2306} INFO - Setting next_dagrun for example_weekday_branch_operator to 2025-02-13 00:00:00+00:00
[2025-02-15 14:44:38,820] {scheduler_job.py:190} INFO - Processing /home/airflow/.local/lib/python3.6/site-packages/airflow/example_dags/example_branch_day_of_week_operator.py took 0.210 seconds
[2025-02-15 14:46:18,130] {scheduler_job.py:182} INFO - Started process (PID=77) to work on /home/airflow/.local/lib/python3.6/site-packages/airflow/example_dags/example_branch_day_of_week_operator.py
[2025-02-15 14:46:18,144] {scheduler_job.py:633} INFO - Processing file /home/airflow/.local/lib/python3.6/site-packages/airflow/example_dags/example_branch_day_of_week_operator.py for tasks to queue
[2025-02-15 14:46:18,146] {logging_mixin.py:104} INFO - [2025-02-15 14:46:18,146] {dagbag.py:496} INFO - Filling up the DagBag from /home/airflow/.local/lib/python3.6/site-packages/airflow/example_dags/example_branch_day_of_week_operator.py
[2025-02-15 14:46:18,264] {scheduler_job.py:643} INFO - DAG(s) dict_keys(['example_weekday_branch_operator']) retrieved from /home/airflow/.local/lib/python3.6/site-packages/airflow/example_dags/example_branch_day_of_week_operator.py
[2025-02-15 14:46:18,392] {logging_mixin.py:104} INFO - [2025-02-15 14:46:18,392] {dag.py:1833} INFO - Sync 1 DAGs
[2025-02-15 14:46:18,596] {logging_mixin.py:104} INFO - [2025-02-15 14:46:18,455] {dag.py:2306} INFO - Setting next_dagrun for example_weekday_branch_operator to 2025-02-13 00:00:00+00:00
[2025-02-15 14:46:18,663] {scheduler_job.py:190} INFO - Processing /home/airflow/.local/lib/python3.6/site-packages/airflow/example_dags/example_branch_day_of_week_operator.py took 0.550 seconds
[2025-02-15 14:46:50,130] {scheduler_job.py:182} INFO - Started process (PID=128) to work on /home/airflow/.local/lib/python3.6/site-packages/airflow/example_dags/example_branch_day_of_week_operator.py
[2025-02-15 14:46:50,142] {scheduler_job.py:633} INFO - Processing file /home/airflow/.local/lib/python3.6/site-packages/airflow/example_dags/example_branch_day_of_week_operator.py for tasks to queue
[2025-02-15 14:46:50,144] {logging_mixin.py:104} INFO - [2025-02-15 14:46:50,144] {dagbag.py:496} INFO - Filling up the DagBag from /home/airflow/.local/lib/python3.6/site-packages/airflow/example_dags/example_branch_day_of_week_operator.py
[2025-02-15 14:46:50,248] {scheduler_job.py:643} INFO - DAG(s) dict_keys(['example_weekday_branch_operator']) retrieved from /home/airflow/.local/lib/python3.6/site-packages/airflow/example_dags/example_branch_day_of_week_operator.py
[2025-02-15 14:46:50,338] {logging_mixin.py:104} INFO - [2025-02-15 14:46:50,338] {dag.py:1833} INFO - Sync 1 DAGs
[2025-02-15 14:46:50,443] {logging_mixin.py:104} INFO - [2025-02-15 14:46:50,442] {dag.py:2306} INFO - Setting next_dagrun for example_weekday_branch_operator to 2025-02-13 00:00:00+00:00
[2025-02-15 14:46:50,492] {scheduler_job.py:190} INFO - Processing /home/airflow/.local/lib/python3.6/site-packages/airflow/example_dags/example_branch_day_of_week_operator.py took 0.377 seconds
[2025-02-15 14:47:21,064] {scheduler_job.py:182} INFO - Started process (PID=180) to work on /home/airflow/.local/lib/python3.6/site-packages/airflow/example_dags/example_branch_day_of_week_operator.py
[2025-02-15 14:47:21,065] {scheduler_job.py:633} INFO - Processing file /home/airflow/.local/lib/python3.6/site-packages/airflow/example_dags/example_branch_day_of_week_operator.py for tasks to queue
[2025-02-15 14:47:21,066] {logging_mixin.py:104} INFO - [2025-02-15 14:47:21,066] {dagbag.py:496} INFO - Filling up the DagBag from /home/airflow/.local/lib/python3.6/site-packages/airflow/example_dags/example_branch_day_of_week_operator.py
[2025-02-15 14:47:21,079] {scheduler_job.py:643} INFO - DAG(s) dict_keys(['example_weekday_branch_operator']) retrieved from /home/airflow/.local/lib/python3.6/site-packages/airflow/example_dags/example_branch_day_of_week_operator.py
[2025-02-15 14:47:21,106] {logging_mixin.py:104} INFO - [2025-02-15 14:47:21,106] {dag.py:1833} INFO - Sync 1 DAGs
[2025-02-15 14:47:21,126] {logging_mixin.py:104} INFO - [2025-02-15 14:47:21,125] {dag.py:2306} INFO - Setting next_dagrun for example_weekday_branch_operator to 2025-02-13 00:00:00+00:00
[2025-02-15 14:47:21,143] {scheduler_job.py:190} INFO - Processing /home/airflow/.local/lib/python3.6/site-packages/airflow/example_dags/example_branch_day_of_week_operator.py took 0.083 seconds
[2025-02-15 14:47:51,814] {scheduler_job.py:182} INFO - Started process (PID=232) to work on /home/airflow/.local/lib/python3.6/site-packages/airflow/example_dags/example_branch_day_of_week_operator.py
[2025-02-15 14:47:51,815] {scheduler_job.py:633} INFO - Processing file /home/airflow/.local/lib/python3.6/site-packages/airflow/example_dags/example_branch_day_of_week_operator.py for tasks to queue
[2025-02-15 14:47:51,816] {logging_mixin.py:104} INFO - [2025-02-15 14:47:51,816] {dagbag.py:496} INFO - Filling up the DagBag from /home/airflow/.local/lib/python3.6/site-packages/airflow/example_dags/example_branch_day_of_week_operator.py
[2025-02-15 14:47:51,827] {scheduler_job.py:643} INFO - DAG(s) dict_keys(['example_weekday_branch_operator']) retrieved from /home/airflow/.local/lib/python3.6/site-packages/airflow/example_dags/example_branch_day_of_week_operator.py
[2025-02-15 14:47:51,851] {logging_mixin.py:104} INFO - [2025-02-15 14:47:51,850] {dag.py:1833} INFO - Sync 1 DAGs
[2025-02-15 14:47:51,867] {logging_mixin.py:104} INFO - [2025-02-15 14:47:51,867] {dag.py:2306} INFO - Setting next_dagrun for example_weekday_branch_operator to 2025-02-13 00:00:00+00:00
[2025-02-15 14:47:51,881] {scheduler_job.py:190} INFO - Processing /home/airflow/.local/lib/python3.6/site-packages/airflow/example_dags/example_branch_day_of_week_operator.py took 0.070 seconds
[2025-02-15 14:48:22,492] {scheduler_job.py:182} INFO - Started process (PID=291) to work on /home/airflow/.local/lib/python3.6/site-packages/airflow/example_dags/example_branch_day_of_week_operator.py
[2025-02-15 14:48:22,493] {scheduler_job.py:633} INFO - Processing file /home/airflow/.local/lib/python3.6/site-packages/airflow/example_dags/example_branch_day_of_week_operator.py for tasks to queue
[2025-02-15 14:48:22,494] {logging_mixin.py:104} INFO - [2025-02-15 14:48:22,493] {dagbag.py:496} INFO - Filling up the DagBag from /home/airflow/.local/lib/python3.6/site-packages/airflow/example_dags/example_branch_day_of_week_operator.py
[2025-02-15 14:48:22,506] {scheduler_job.py:643} INFO - DAG(s) dict_keys(['example_weekday_branch_operator']) retrieved from /home/airflow/.local/lib/python3.6/site-packages/airflow/example_dags/example_branch_day_of_week_operator.py
[2025-02-15 14:48:22,535] {logging_mixin.py:104} INFO - [2025-02-15 14:48:22,535] {dag.py:1833} INFO - Sync 1 DAGs
[2025-02-15 14:48:22,556] {logging_mixin.py:104} INFO - [2025-02-15 14:48:22,556] {dag.py:2306} INFO - Setting next_dagrun for example_weekday_branch_operator to 2025-02-13 00:00:00+00:00
[2025-02-15 14:48:22,569] {scheduler_job.py:190} INFO - Processing /home/airflow/.local/lib/python3.6/site-packages/airflow/example_dags/example_branch_day_of_week_operator.py took 0.081 seconds
[2025-02-15 14:48:53,418] {scheduler_job.py:182} INFO - Started process (PID=346) to work on /home/airflow/.local/lib/python3.6/site-packages/airflow/example_dags/example_branch_day_of_week_operator.py
[2025-02-15 14:48:53,419] {scheduler_job.py:633} INFO - Processing file /home/airflow/.local/lib/python3.6/site-packages/airflow/example_dags/example_branch_day_of_week_operator.py for tasks to queue
[2025-02-15 14:48:53,419] {logging_mixin.py:104} INFO - [2025-02-15 14:48:53,419] {dagbag.py:496} INFO - Filling up the DagBag from /home/airflow/.local/lib/python3.6/site-packages/airflow/example_dags/example_branch_day_of_week_operator.py
[2025-02-15 14:48:53,432] {scheduler_job.py:643} INFO - DAG(s) dict_keys(['example_weekday_branch_operator']) retrieved from /home/airflow/.local/lib/python3.6/site-packages/airflow/example_dags/example_branch_day_of_week_operator.py
[2025-02-15 14:48:53,457] {logging_mixin.py:104} INFO - [2025-02-15 14:48:53,457] {dag.py:1833} INFO - Sync 1 DAGs
[2025-02-15 14:48:53,476] {logging_mixin.py:104} INFO - [2025-02-15 14:48:53,476] {dag.py:2306} INFO - Setting next_dagrun for example_weekday_branch_operator to 2025-02-13 00:00:00+00:00
[2025-02-15 14:48:53,492] {scheduler_job.py:190} INFO - Processing /home/airflow/.local/lib/python3.6/site-packages/airflow/example_dags/example_branch_day_of_week_operator.py took 0.077 seconds
[2025-02-15 14:49:24,047] {scheduler_job.py:182} INFO - Started process (PID=398) to work on /home/airflow/.local/lib/python3.6/site-packages/airflow/example_dags/example_branch_day_of_week_operator.py
[2025-02-15 14:49:24,049] {scheduler_job.py:633} INFO - Processing file /home/airflow/.local/lib/python3.6/site-packages/airflow/example_dags/example_branch_day_of_week_operator.py for tasks to queue
[2025-02-15 14:49:24,050] {logging_mixin.py:104} INFO - [2025-02-15 14:49:24,050] {dagbag.py:496} INFO - Filling up the DagBag from /home/airflow/.local/lib/python3.6/site-packages/airflow/example_dags/example_branch_day_of_week_operator.py
[2025-02-15 14:49:24,064] {scheduler_job.py:643} INFO - DAG(s) dict_keys(['example_weekday_branch_operator']) retrieved from /home/airflow/.local/lib/python3.6/site-packages/airflow/example_dags/example_branch_day_of_week_operator.py
[2025-02-15 14:49:24,088] {logging_mixin.py:104} INFO - [2025-02-15 14:49:24,088] {dag.py:1833} INFO - Sync 1 DAGs
[2025-02-15 14:49:24,106] {logging_mixin.py:104} INFO - [2025-02-15 14:49:24,106] {dag.py:2306} INFO - Setting next_dagrun for example_weekday_branch_operator to 2025-02-13 00:00:00+00:00
[2025-02-15 14:49:24,117] {scheduler_job.py:190} INFO - Processing /home/airflow/.local/lib/python3.6/site-packages/airflow/example_dags/example_branch_day_of_week_operator.py took 0.073 seconds
[2025-02-15 14:49:54,416] {scheduler_job.py:182} INFO - Started process (PID=460) to work on /home/airflow/.local/lib/python3.6/site-packages/airflow/example_dags/example_branch_day_of_week_operator.py
[2025-02-15 14:49:54,417] {scheduler_job.py:633} INFO - Processing file /home/airflow/.local/lib/python3.6/site-packages/airflow/example_dags/example_branch_day_of_week_operator.py for tasks to queue
[2025-02-15 14:49:54,418] {logging_mixin.py:104} INFO - [2025-02-15 14:49:54,418] {dagbag.py:496} INFO - Filling up the DagBag from /home/airflow/.local/lib/python3.6/site-packages/airflow/example_dags/example_branch_day_of_week_operator.py
[2025-02-15 14:49:54,435] {scheduler_job.py:643} INFO - DAG(s) dict_keys(['example_weekday_branch_operator']) retrieved from /home/airflow/.local/lib/python3.6/site-packages/airflow/example_dags/example_branch_day_of_week_operator.py
[2025-02-15 14:49:54,473] {logging_mixin.py:104} INFO - [2025-02-15 14:49:54,473] {dag.py:1833} INFO - Sync 1 DAGs
[2025-02-15 14:49:54,501] {logging_mixin.py:104} INFO - [2025-02-15 14:49:54,500] {dag.py:2306} INFO - Setting next_dagrun for example_weekday_branch_operator to 2025-02-13 00:00:00+00:00
[2025-02-15 14:49:54,519] {scheduler_job.py:190} INFO - Processing /home/airflow/.local/lib/python3.6/site-packages/airflow/example_dags/example_branch_day_of_week_operator.py took 0.107 seconds
[2025-02-15 14:50:25,237] {scheduler_job.py:182} INFO - Started process (PID=512) to work on /home/airflow/.local/lib/python3.6/site-packages/airflow/example_dags/example_branch_day_of_week_operator.py
[2025-02-15 14:50:25,238] {scheduler_job.py:633} INFO - Processing file /home/airflow/.local/lib/python3.6/site-packages/airflow/example_dags/example_branch_day_of_week_operator.py for tasks to queue
[2025-02-15 14:50:25,239] {logging_mixin.py:104} INFO - [2025-02-15 14:50:25,239] {dagbag.py:496} INFO - Filling up the DagBag from /home/airflow/.local/lib/python3.6/site-packages/airflow/example_dags/example_branch_day_of_week_operator.py
[2025-02-15 14:50:25,251] {scheduler_job.py:643} INFO - DAG(s) dict_keys(['example_weekday_branch_operator']) retrieved from /home/airflow/.local/lib/python3.6/site-packages/airflow/example_dags/example_branch_day_of_week_operator.py
[2025-02-15 14:50:25,276] {logging_mixin.py:104} INFO - [2025-02-15 14:50:25,275] {dag.py:1833} INFO - Sync 1 DAGs
[2025-02-15 14:50:25,293] {logging_mixin.py:104} INFO - [2025-02-15 14:50:25,292] {dag.py:2306} INFO - Setting next_dagrun for example_weekday_branch_operator to 2025-02-13 00:00:00+00:00
[2025-02-15 14:50:25,309] {scheduler_job.py:190} INFO - Processing /home/airflow/.local/lib/python3.6/site-packages/airflow/example_dags/example_branch_day_of_week_operator.py took 0.075 seconds
[2025-02-15 14:50:55,425] {scheduler_job.py:182} INFO - Started process (PID=574) to work on /home/airflow/.local/lib/python3.6/site-packages/airflow/example_dags/example_branch_day_of_week_operator.py
[2025-02-15 14:50:55,427] {scheduler_job.py:633} INFO - Processing file /home/airflow/.local/lib/python3.6/site-packages/airflow/example_dags/example_branch_day_of_week_operator.py for tasks to queue
[2025-02-15 14:50:55,431] {logging_mixin.py:104} INFO - [2025-02-15 14:50:55,431] {dagbag.py:496} INFO - Filling up the DagBag from /home/airflow/.local/lib/python3.6/site-packages/airflow/example_dags/example_branch_day_of_week_operator.py
[2025-02-15 14:50:55,463] {scheduler_job.py:643} INFO - DAG(s) dict_keys(['example_weekday_branch_operator']) retrieved from /home/airflow/.local/lib/python3.6/site-packages/airflow/example_dags/example_branch_day_of_week_operator.py
[2025-02-15 14:50:55,520] {logging_mixin.py:104} INFO - [2025-02-15 14:50:55,520] {dag.py:1833} INFO - Sync 1 DAGs
[2025-02-15 14:50:55,561] {logging_mixin.py:104} INFO - [2025-02-15 14:50:55,561] {dag.py:2306} INFO - Setting next_dagrun for example_weekday_branch_operator to 2025-02-13 00:00:00+00:00
[2025-02-15 14:50:55,591] {scheduler_job.py:190} INFO - Processing /home/airflow/.local/lib/python3.6/site-packages/airflow/example_dags/example_branch_day_of_week_operator.py took 0.173 seconds
[2025-02-15 14:51:25,820] {scheduler_job.py:182} INFO - Started process (PID=625) to work on /home/airflow/.local/lib/python3.6/site-packages/airflow/example_dags/example_branch_day_of_week_operator.py
[2025-02-15 14:51:25,822] {scheduler_job.py:633} INFO - Processing file /home/airflow/.local/lib/python3.6/site-packages/airflow/example_dags/example_branch_day_of_week_operator.py for tasks to queue
[2025-02-15 14:51:25,823] {logging_mixin.py:104} INFO - [2025-02-15 14:51:25,823] {dagbag.py:496} INFO - Filling up the DagBag from /home/airflow/.local/lib/python3.6/site-packages/airflow/example_dags/example_branch_day_of_week_operator.py
[2025-02-15 14:51:25,839] {scheduler_job.py:643} INFO - DAG(s) dict_keys(['example_weekday_branch_operator']) retrieved from /home/airflow/.local/lib/python3.6/site-packages/airflow/example_dags/example_branch_day_of_week_operator.py
[2025-02-15 14:51:25,869] {logging_mixin.py:104} INFO - [2025-02-15 14:51:25,869] {dag.py:1833} INFO - Sync 1 DAGs
[2025-02-15 14:51:25,889] {logging_mixin.py:104} INFO - [2025-02-15 14:51:25,889] {dag.py:2306} INFO - Setting next_dagrun for example_weekday_branch_operator to 2025-02-13 00:00:00+00:00
[2025-02-15 14:51:25,908] {scheduler_job.py:190} INFO - Processing /home/airflow/.local/lib/python3.6/site-packages/airflow/example_dags/example_branch_day_of_week_operator.py took 0.093 seconds
[2025-02-15 14:51:55,950] {scheduler_job.py:182} INFO - Started process (PID=678) to work on /home/airflow/.local/lib/python3.6/site-packages/airflow/example_dags/example_branch_day_of_week_operator.py
[2025-02-15 14:51:55,951] {scheduler_job.py:633} INFO - Processing file /home/airflow/.local/lib/python3.6/site-packages/airflow/example_dags/example_branch_day_of_week_operator.py for tasks to queue
[2025-02-15 14:51:55,952] {logging_mixin.py:104} INFO - [2025-02-15 14:51:55,952] {dagbag.py:496} INFO - Filling up the DagBag from /home/airflow/.local/lib/python3.6/site-packages/airflow/example_dags/example_branch_day_of_week_operator.py
[2025-02-15 14:51:55,974] {scheduler_job.py:643} INFO - DAG(s) dict_keys(['example_weekday_branch_operator']) retrieved from /home/airflow/.local/lib/python3.6/site-packages/airflow/example_dags/example_branch_day_of_week_operator.py
[2025-02-15 14:51:56,012] {logging_mixin.py:104} INFO - [2025-02-15 14:51:56,012] {dag.py:1833} INFO - Sync 1 DAGs
[2025-02-15 14:51:56,055] {logging_mixin.py:104} INFO - [2025-02-15 14:51:56,054] {dag.py:2306} INFO - Setting next_dagrun for example_weekday_branch_operator to 2025-02-13 00:00:00+00:00
[2025-02-15 14:51:56,076] {scheduler_job.py:190} INFO - Processing /home/airflow/.local/lib/python3.6/site-packages/airflow/example_dags/example_branch_day_of_week_operator.py took 0.132 seconds
[2025-02-15 15:12:40,547] {scheduler_job.py:182} INFO - Started process (PID=736) to work on /home/airflow/.local/lib/python3.6/site-packages/airflow/example_dags/example_branch_day_of_week_operator.py
[2025-02-15 15:12:40,553] {scheduler_job.py:633} INFO - Processing file /home/airflow/.local/lib/python3.6/site-packages/airflow/example_dags/example_branch_day_of_week_operator.py for tasks to queue
[2025-02-15 15:12:40,554] {logging_mixin.py:104} INFO - [2025-02-15 15:12:40,554] {dagbag.py:496} INFO - Filling up the DagBag from /home/airflow/.local/lib/python3.6/site-packages/airflow/example_dags/example_branch_day_of_week_operator.py
[2025-02-15 15:12:40,582] {scheduler_job.py:643} INFO - DAG(s) dict_keys(['example_weekday_branch_operator']) retrieved from /home/airflow/.local/lib/python3.6/site-packages/airflow/example_dags/example_branch_day_of_week_operator.py
[2025-02-15 15:12:40,653] {logging_mixin.py:104} INFO - [2025-02-15 15:12:40,653] {dag.py:1833} INFO - Sync 1 DAGs
[2025-02-15 15:12:40,687] {logging_mixin.py:104} INFO - [2025-02-15 15:12:40,687] {dag.py:2306} INFO - Setting next_dagrun for example_weekday_branch_operator to 2025-02-13 00:00:00+00:00
[2025-02-15 15:12:40,714] {scheduler_job.py:190} INFO - Processing /home/airflow/.local/lib/python3.6/site-packages/airflow/example_dags/example_branch_day_of_week_operator.py took 0.175 seconds
[2025-02-15 15:13:11,551] {scheduler_job.py:182} INFO - Started process (PID=789) to work on /home/airflow/.local/lib/python3.6/site-packages/airflow/example_dags/example_branch_day_of_week_operator.py
[2025-02-15 15:13:11,553] {scheduler_job.py:633} INFO - Processing file /home/airflow/.local/lib/python3.6/site-packages/airflow/example_dags/example_branch_day_of_week_operator.py for tasks to queue
[2025-02-15 15:13:11,556] {logging_mixin.py:104} INFO - [2025-02-15 15:13:11,555] {dagbag.py:496} INFO - Filling up the DagBag from /home/airflow/.local/lib/python3.6/site-packages/airflow/example_dags/example_branch_day_of_week_operator.py
[2025-02-15 15:13:11,596] {scheduler_job.py:643} INFO - DAG(s) dict_keys(['example_weekday_branch_operator']) retrieved from /home/airflow/.local/lib/python3.6/site-packages/airflow/example_dags/example_branch_day_of_week_operator.py
[2025-02-15 15:13:11,665] {logging_mixin.py:104} INFO - [2025-02-15 15:13:11,665] {dag.py:1833} INFO - Sync 1 DAGs
[2025-02-15 15:13:11,708] {logging_mixin.py:104} INFO - [2025-02-15 15:13:11,707] {dag.py:2306} INFO - Setting next_dagrun for example_weekday_branch_operator to 2025-02-13 00:00:00+00:00
[2025-02-15 15:13:11,739] {scheduler_job.py:190} INFO - Processing /home/airflow/.local/lib/python3.6/site-packages/airflow/example_dags/example_branch_day_of_week_operator.py took 0.199 seconds
[2025-02-15 15:20:40,111] {scheduler_job.py:182} INFO - Started process (PID=86) to work on /home/airflow/.local/lib/python3.6/site-packages/airflow/example_dags/example_branch_day_of_week_operator.py
[2025-02-15 15:20:40,118] {scheduler_job.py:633} INFO - Processing file /home/airflow/.local/lib/python3.6/site-packages/airflow/example_dags/example_branch_day_of_week_operator.py for tasks to queue
[2025-02-15 15:20:40,120] {logging_mixin.py:104} INFO - [2025-02-15 15:20:40,120] {dagbag.py:496} INFO - Filling up the DagBag from /home/airflow/.local/lib/python3.6/site-packages/airflow/example_dags/example_branch_day_of_week_operator.py
[2025-02-15 15:20:40,188] {scheduler_job.py:643} INFO - DAG(s) dict_keys(['example_weekday_branch_operator']) retrieved from /home/airflow/.local/lib/python3.6/site-packages/airflow/example_dags/example_branch_day_of_week_operator.py
[2025-02-15 15:20:40,325] {logging_mixin.py:104} INFO - [2025-02-15 15:20:40,325] {dag.py:1833} INFO - Sync 1 DAGs
[2025-02-15 15:20:40,428] {logging_mixin.py:104} INFO - [2025-02-15 15:20:40,428] {dag.py:2306} INFO - Setting next_dagrun for example_weekday_branch_operator to 2025-02-13 00:00:00+00:00
[2025-02-15 15:20:40,479] {scheduler_job.py:190} INFO - Processing /home/airflow/.local/lib/python3.6/site-packages/airflow/example_dags/example_branch_day_of_week_operator.py took 0.386 seconds
[2025-02-15 15:21:14,972] {scheduler_job.py:182} INFO - Started process (PID=138) to work on /home/airflow/.local/lib/python3.6/site-packages/airflow/example_dags/example_branch_day_of_week_operator.py
[2025-02-15 15:21:14,987] {scheduler_job.py:633} INFO - Processing file /home/airflow/.local/lib/python3.6/site-packages/airflow/example_dags/example_branch_day_of_week_operator.py for tasks to queue
[2025-02-15 15:21:14,989] {logging_mixin.py:104} INFO - [2025-02-15 15:21:14,988] {dagbag.py:496} INFO - Filling up the DagBag from /home/airflow/.local/lib/python3.6/site-packages/airflow/example_dags/example_branch_day_of_week_operator.py
[2025-02-15 15:21:15,117] {scheduler_job.py:643} INFO - DAG(s) dict_keys(['example_weekday_branch_operator']) retrieved from /home/airflow/.local/lib/python3.6/site-packages/airflow/example_dags/example_branch_day_of_week_operator.py
[2025-02-15 15:21:15,377] {logging_mixin.py:104} INFO - [2025-02-15 15:21:15,377] {dag.py:1833} INFO - Sync 1 DAGs
[2025-02-15 15:21:15,492] {logging_mixin.py:104} INFO - [2025-02-15 15:21:15,491] {dag.py:2306} INFO - Setting next_dagrun for example_weekday_branch_operator to 2025-02-13 00:00:00+00:00
[2025-02-15 15:21:15,583] {scheduler_job.py:190} INFO - Processing /home/airflow/.local/lib/python3.6/site-packages/airflow/example_dags/example_branch_day_of_week_operator.py took 0.626 seconds
[2025-02-15 15:21:59,716] {scheduler_job.py:182} INFO - Started process (PID=191) to work on /home/airflow/.local/lib/python3.6/site-packages/airflow/example_dags/example_branch_day_of_week_operator.py
[2025-02-15 15:21:59,734] {scheduler_job.py:633} INFO - Processing file /home/airflow/.local/lib/python3.6/site-packages/airflow/example_dags/example_branch_day_of_week_operator.py for tasks to queue
[2025-02-15 15:21:59,744] {logging_mixin.py:104} INFO - [2025-02-15 15:21:59,741] {dagbag.py:496} INFO - Filling up the DagBag from /home/airflow/.local/lib/python3.6/site-packages/airflow/example_dags/example_branch_day_of_week_operator.py
[2025-02-15 15:22:00,317] {scheduler_job.py:643} INFO - DAG(s) dict_keys(['example_weekday_branch_operator']) retrieved from /home/airflow/.local/lib/python3.6/site-packages/airflow/example_dags/example_branch_day_of_week_operator.py
[2025-02-15 15:22:00,928] {logging_mixin.py:104} INFO - [2025-02-15 15:22:00,923] {dag.py:1833} INFO - Sync 1 DAGs
[2025-02-15 15:22:01,679] {logging_mixin.py:104} INFO - [2025-02-15 15:22:01,678] {dag.py:2306} INFO - Setting next_dagrun for example_weekday_branch_operator to 2025-02-13 00:00:00+00:00
[2025-02-15 15:22:01,884] {scheduler_job.py:190} INFO - Processing /home/airflow/.local/lib/python3.6/site-packages/airflow/example_dags/example_branch_day_of_week_operator.py took 2.283 seconds
