[2025-02-15 13:54:02,710] {scheduler_job.py:182} INFO - Started process (PID=62) to work on /home/airflow/.local/lib/python3.6/site-packages/airflow/example_dags/example_complex.py
[2025-02-15 13:54:02,713] {scheduler_job.py:633} INFO - Processing file /home/airflow/.local/lib/python3.6/site-packages/airflow/example_dags/example_complex.py for tasks to queue
[2025-02-15 13:54:02,726] {logging_mixin.py:104} INFO - [2025-02-15 13:54:02,726] {dagbag.py:496} INFO - Filling up the DagBag from /home/airflow/.local/lib/python3.6/site-packages/airflow/example_dags/example_complex.py
[2025-02-15 13:54:02,982] {scheduler_job.py:643} INFO - DAG(s) dict_keys(['example_complex']) retrieved from /home/airflow/.local/lib/python3.6/site-packages/airflow/example_dags/example_complex.py
[2025-02-15 13:54:04,871] {logging_mixin.py:104} INFO - [2025-02-15 13:54:04,871] {dag.py:1833} INFO - Sync 1 DAGs
[2025-02-15 13:54:04,967] {logging_mixin.py:104} INFO - [2025-02-15 13:54:04,967] {dag.py:2306} INFO - Setting next_dagrun for example_complex to None
[2025-02-15 13:54:05,279] {scheduler_job.py:190} INFO - Processing /home/airflow/.local/lib/python3.6/site-packages/airflow/example_dags/example_complex.py took 2.590 seconds
[2025-02-15 13:54:36,495] {scheduler_job.py:182} INFO - Started process (PID=109) to work on /home/airflow/.local/lib/python3.6/site-packages/airflow/example_dags/example_complex.py
[2025-02-15 13:54:36,499] {scheduler_job.py:633} INFO - Processing file /home/airflow/.local/lib/python3.6/site-packages/airflow/example_dags/example_complex.py for tasks to queue
[2025-02-15 13:54:36,504] {logging_mixin.py:104} INFO - [2025-02-15 13:54:36,504] {dagbag.py:496} INFO - Filling up the DagBag from /home/airflow/.local/lib/python3.6/site-packages/airflow/example_dags/example_complex.py
[2025-02-15 13:54:36,610] {scheduler_job.py:643} INFO - DAG(s) dict_keys(['example_complex']) retrieved from /home/airflow/.local/lib/python3.6/site-packages/airflow/example_dags/example_complex.py
[2025-02-15 13:54:36,756] {logging_mixin.py:104} INFO - [2025-02-15 13:54:36,752] {dag.py:1833} INFO - Sync 1 DAGs
[2025-02-15 13:54:36,961] {logging_mixin.py:104} INFO - [2025-02-15 13:54:36,960] {dag.py:2306} INFO - Setting next_dagrun for example_complex to None
[2025-02-15 13:54:37,079] {scheduler_job.py:190} INFO - Processing /home/airflow/.local/lib/python3.6/site-packages/airflow/example_dags/example_complex.py took 0.597 seconds
[2025-02-15 13:55:10,575] {scheduler_job.py:182} INFO - Started process (PID=158) to work on /home/airflow/.local/lib/python3.6/site-packages/airflow/example_dags/example_complex.py
[2025-02-15 13:55:10,587] {scheduler_job.py:633} INFO - Processing file /home/airflow/.local/lib/python3.6/site-packages/airflow/example_dags/example_complex.py for tasks to queue
[2025-02-15 13:55:10,611] {logging_mixin.py:104} INFO - [2025-02-15 13:55:10,589] {dagbag.py:496} INFO - Filling up the DagBag from /home/airflow/.local/lib/python3.6/site-packages/airflow/example_dags/example_complex.py
[2025-02-15 13:55:11,398] {scheduler_job.py:643} INFO - DAG(s) dict_keys(['example_complex']) retrieved from /home/airflow/.local/lib/python3.6/site-packages/airflow/example_dags/example_complex.py
[2025-02-15 13:55:12,551] {logging_mixin.py:104} INFO - [2025-02-15 13:55:12,549] {dag.py:1833} INFO - Sync 1 DAGs
[2025-02-15 13:55:13,291] {logging_mixin.py:104} INFO - [2025-02-15 13:55:13,273] {dag.py:2306} INFO - Setting next_dagrun for example_complex to None
[2025-02-15 13:55:13,534] {scheduler_job.py:190} INFO - Processing /home/airflow/.local/lib/python3.6/site-packages/airflow/example_dags/example_complex.py took 3.026 seconds
[2025-02-15 13:55:43,802] {scheduler_job.py:182} INFO - Started process (PID=209) to work on /home/airflow/.local/lib/python3.6/site-packages/airflow/example_dags/example_complex.py
[2025-02-15 13:55:43,807] {scheduler_job.py:633} INFO - Processing file /home/airflow/.local/lib/python3.6/site-packages/airflow/example_dags/example_complex.py for tasks to queue
[2025-02-15 13:55:43,808] {logging_mixin.py:104} INFO - [2025-02-15 13:55:43,808] {dagbag.py:496} INFO - Filling up the DagBag from /home/airflow/.local/lib/python3.6/site-packages/airflow/example_dags/example_complex.py
[2025-02-15 13:55:43,842] {scheduler_job.py:643} INFO - DAG(s) dict_keys(['example_complex']) retrieved from /home/airflow/.local/lib/python3.6/site-packages/airflow/example_dags/example_complex.py
[2025-02-15 13:55:43,909] {logging_mixin.py:104} INFO - [2025-02-15 13:55:43,908] {dag.py:1833} INFO - Sync 1 DAGs
[2025-02-15 13:55:43,938] {logging_mixin.py:104} INFO - [2025-02-15 13:55:43,938] {dag.py:2306} INFO - Setting next_dagrun for example_complex to None
[2025-02-15 13:55:43,959] {scheduler_job.py:190} INFO - Processing /home/airflow/.local/lib/python3.6/site-packages/airflow/example_dags/example_complex.py took 0.163 seconds
[2025-02-15 13:56:14,270] {scheduler_job.py:182} INFO - Started process (PID=263) to work on /home/airflow/.local/lib/python3.6/site-packages/airflow/example_dags/example_complex.py
[2025-02-15 13:56:14,272] {scheduler_job.py:633} INFO - Processing file /home/airflow/.local/lib/python3.6/site-packages/airflow/example_dags/example_complex.py for tasks to queue
[2025-02-15 13:56:14,273] {logging_mixin.py:104} INFO - [2025-02-15 13:56:14,273] {dagbag.py:496} INFO - Filling up the DagBag from /home/airflow/.local/lib/python3.6/site-packages/airflow/example_dags/example_complex.py
[2025-02-15 13:56:14,303] {scheduler_job.py:643} INFO - DAG(s) dict_keys(['example_complex']) retrieved from /home/airflow/.local/lib/python3.6/site-packages/airflow/example_dags/example_complex.py
[2025-02-15 13:56:14,415] {logging_mixin.py:104} INFO - [2025-02-15 13:56:14,414] {dag.py:1833} INFO - Sync 1 DAGs
[2025-02-15 13:56:14,438] {logging_mixin.py:104} INFO - [2025-02-15 13:56:14,438] {dag.py:2306} INFO - Setting next_dagrun for example_complex to None
[2025-02-15 13:56:14,455] {scheduler_job.py:190} INFO - Processing /home/airflow/.local/lib/python3.6/site-packages/airflow/example_dags/example_complex.py took 0.189 seconds
[2025-02-15 13:56:44,756] {scheduler_job.py:182} INFO - Started process (PID=314) to work on /home/airflow/.local/lib/python3.6/site-packages/airflow/example_dags/example_complex.py
[2025-02-15 13:56:44,759] {scheduler_job.py:633} INFO - Processing file /home/airflow/.local/lib/python3.6/site-packages/airflow/example_dags/example_complex.py for tasks to queue
[2025-02-15 13:56:44,761] {logging_mixin.py:104} INFO - [2025-02-15 13:56:44,761] {dagbag.py:496} INFO - Filling up the DagBag from /home/airflow/.local/lib/python3.6/site-packages/airflow/example_dags/example_complex.py
[2025-02-15 13:56:44,871] {scheduler_job.py:643} INFO - DAG(s) dict_keys(['example_complex']) retrieved from /home/airflow/.local/lib/python3.6/site-packages/airflow/example_dags/example_complex.py
[2025-02-15 13:56:44,967] {logging_mixin.py:104} INFO - [2025-02-15 13:56:44,967] {dag.py:1833} INFO - Sync 1 DAGs
[2025-02-15 13:56:45,005] {logging_mixin.py:104} INFO - [2025-02-15 13:56:45,005] {dag.py:2306} INFO - Setting next_dagrun for example_complex to None
[2025-02-15 13:56:45,031] {scheduler_job.py:190} INFO - Processing /home/airflow/.local/lib/python3.6/site-packages/airflow/example_dags/example_complex.py took 0.282 seconds
[2025-02-15 13:57:15,307] {scheduler_job.py:182} INFO - Started process (PID=365) to work on /home/airflow/.local/lib/python3.6/site-packages/airflow/example_dags/example_complex.py
[2025-02-15 13:57:15,309] {scheduler_job.py:633} INFO - Processing file /home/airflow/.local/lib/python3.6/site-packages/airflow/example_dags/example_complex.py for tasks to queue
[2025-02-15 13:57:15,310] {logging_mixin.py:104} INFO - [2025-02-15 13:57:15,310] {dagbag.py:496} INFO - Filling up the DagBag from /home/airflow/.local/lib/python3.6/site-packages/airflow/example_dags/example_complex.py
[2025-02-15 13:57:15,338] {scheduler_job.py:643} INFO - DAG(s) dict_keys(['example_complex']) retrieved from /home/airflow/.local/lib/python3.6/site-packages/airflow/example_dags/example_complex.py
[2025-02-15 13:57:15,386] {logging_mixin.py:104} INFO - [2025-02-15 13:57:15,386] {dag.py:1833} INFO - Sync 1 DAGs
[2025-02-15 13:57:15,430] {logging_mixin.py:104} INFO - [2025-02-15 13:57:15,429] {dag.py:2306} INFO - Setting next_dagrun for example_complex to None
[2025-02-15 13:57:15,453] {scheduler_job.py:190} INFO - Processing /home/airflow/.local/lib/python3.6/site-packages/airflow/example_dags/example_complex.py took 0.150 seconds
[2025-02-15 13:57:45,649] {scheduler_job.py:182} INFO - Started process (PID=416) to work on /home/airflow/.local/lib/python3.6/site-packages/airflow/example_dags/example_complex.py
[2025-02-15 13:57:45,656] {scheduler_job.py:633} INFO - Processing file /home/airflow/.local/lib/python3.6/site-packages/airflow/example_dags/example_complex.py for tasks to queue
[2025-02-15 13:57:45,657] {logging_mixin.py:104} INFO - [2025-02-15 13:57:45,657] {dagbag.py:496} INFO - Filling up the DagBag from /home/airflow/.local/lib/python3.6/site-packages/airflow/example_dags/example_complex.py
[2025-02-15 13:57:45,692] {scheduler_job.py:643} INFO - DAG(s) dict_keys(['example_complex']) retrieved from /home/airflow/.local/lib/python3.6/site-packages/airflow/example_dags/example_complex.py
[2025-02-15 13:57:45,721] {logging_mixin.py:104} INFO - [2025-02-15 13:57:45,721] {dag.py:1833} INFO - Sync 1 DAGs
[2025-02-15 13:57:45,737] {logging_mixin.py:104} INFO - [2025-02-15 13:57:45,736] {dag.py:2306} INFO - Setting next_dagrun for example_complex to None
[2025-02-15 13:57:45,751] {scheduler_job.py:190} INFO - Processing /home/airflow/.local/lib/python3.6/site-packages/airflow/example_dags/example_complex.py took 0.109 seconds
[2025-02-15 13:58:16,576] {scheduler_job.py:182} INFO - Started process (PID=473) to work on /home/airflow/.local/lib/python3.6/site-packages/airflow/example_dags/example_complex.py
[2025-02-15 13:58:16,579] {scheduler_job.py:633} INFO - Processing file /home/airflow/.local/lib/python3.6/site-packages/airflow/example_dags/example_complex.py for tasks to queue
[2025-02-15 13:58:16,581] {logging_mixin.py:104} INFO - [2025-02-15 13:58:16,580] {dagbag.py:496} INFO - Filling up the DagBag from /home/airflow/.local/lib/python3.6/site-packages/airflow/example_dags/example_complex.py
[2025-02-15 13:58:16,623] {scheduler_job.py:643} INFO - DAG(s) dict_keys(['example_complex']) retrieved from /home/airflow/.local/lib/python3.6/site-packages/airflow/example_dags/example_complex.py
[2025-02-15 13:58:16,667] {logging_mixin.py:104} INFO - [2025-02-15 13:58:16,666] {dag.py:1833} INFO - Sync 1 DAGs
[2025-02-15 13:58:16,693] {logging_mixin.py:104} INFO - [2025-02-15 13:58:16,693] {dag.py:2306} INFO - Setting next_dagrun for example_complex to None
[2025-02-15 13:58:16,712] {scheduler_job.py:190} INFO - Processing /home/airflow/.local/lib/python3.6/site-packages/airflow/example_dags/example_complex.py took 0.142 seconds
[2025-02-15 13:58:47,035] {scheduler_job.py:182} INFO - Started process (PID=528) to work on /home/airflow/.local/lib/python3.6/site-packages/airflow/example_dags/example_complex.py
[2025-02-15 13:58:47,040] {scheduler_job.py:633} INFO - Processing file /home/airflow/.local/lib/python3.6/site-packages/airflow/example_dags/example_complex.py for tasks to queue
[2025-02-15 13:58:47,042] {logging_mixin.py:104} INFO - [2025-02-15 13:58:47,042] {dagbag.py:496} INFO - Filling up the DagBag from /home/airflow/.local/lib/python3.6/site-packages/airflow/example_dags/example_complex.py
[2025-02-15 13:58:47,107] {scheduler_job.py:643} INFO - DAG(s) dict_keys(['example_complex']) retrieved from /home/airflow/.local/lib/python3.6/site-packages/airflow/example_dags/example_complex.py
[2025-02-15 13:58:47,176] {logging_mixin.py:104} INFO - [2025-02-15 13:58:47,176] {dag.py:1833} INFO - Sync 1 DAGs
[2025-02-15 13:58:47,209] {logging_mixin.py:104} INFO - [2025-02-15 13:58:47,209] {dag.py:2306} INFO - Setting next_dagrun for example_complex to None
[2025-02-15 13:58:47,228] {scheduler_job.py:190} INFO - Processing /home/airflow/.local/lib/python3.6/site-packages/airflow/example_dags/example_complex.py took 0.198 seconds
[2025-02-15 13:59:17,335] {scheduler_job.py:182} INFO - Started process (PID=589) to work on /home/airflow/.local/lib/python3.6/site-packages/airflow/example_dags/example_complex.py
[2025-02-15 13:59:17,340] {scheduler_job.py:633} INFO - Processing file /home/airflow/.local/lib/python3.6/site-packages/airflow/example_dags/example_complex.py for tasks to queue
[2025-02-15 13:59:17,341] {logging_mixin.py:104} INFO - [2025-02-15 13:59:17,341] {dagbag.py:496} INFO - Filling up the DagBag from /home/airflow/.local/lib/python3.6/site-packages/airflow/example_dags/example_complex.py
[2025-02-15 13:59:17,359] {scheduler_job.py:643} INFO - DAG(s) dict_keys(['example_complex']) retrieved from /home/airflow/.local/lib/python3.6/site-packages/airflow/example_dags/example_complex.py
[2025-02-15 13:59:17,386] {logging_mixin.py:104} INFO - [2025-02-15 13:59:17,386] {dag.py:1833} INFO - Sync 1 DAGs
[2025-02-15 13:59:17,402] {logging_mixin.py:104} INFO - [2025-02-15 13:59:17,402] {dag.py:2306} INFO - Setting next_dagrun for example_complex to None
[2025-02-15 13:59:17,417] {scheduler_job.py:190} INFO - Processing /home/airflow/.local/lib/python3.6/site-packages/airflow/example_dags/example_complex.py took 0.085 seconds
[2025-02-15 13:59:47,814] {scheduler_job.py:182} INFO - Started process (PID=642) to work on /home/airflow/.local/lib/python3.6/site-packages/airflow/example_dags/example_complex.py
[2025-02-15 13:59:47,815] {scheduler_job.py:633} INFO - Processing file /home/airflow/.local/lib/python3.6/site-packages/airflow/example_dags/example_complex.py for tasks to queue
[2025-02-15 13:59:47,816] {logging_mixin.py:104} INFO - [2025-02-15 13:59:47,816] {dagbag.py:496} INFO - Filling up the DagBag from /home/airflow/.local/lib/python3.6/site-packages/airflow/example_dags/example_complex.py
[2025-02-15 13:59:47,832] {scheduler_job.py:643} INFO - DAG(s) dict_keys(['example_complex']) retrieved from /home/airflow/.local/lib/python3.6/site-packages/airflow/example_dags/example_complex.py
[2025-02-15 13:59:47,861] {logging_mixin.py:104} INFO - [2025-02-15 13:59:47,861] {dag.py:1833} INFO - Sync 1 DAGs
[2025-02-15 13:59:47,877] {logging_mixin.py:104} INFO - [2025-02-15 13:59:47,877] {dag.py:2306} INFO - Setting next_dagrun for example_complex to None
[2025-02-15 13:59:47,890] {scheduler_job.py:190} INFO - Processing /home/airflow/.local/lib/python3.6/site-packages/airflow/example_dags/example_complex.py took 0.079 seconds
[2025-02-15 14:00:18,220] {scheduler_job.py:182} INFO - Started process (PID=701) to work on /home/airflow/.local/lib/python3.6/site-packages/airflow/example_dags/example_complex.py
[2025-02-15 14:00:18,224] {scheduler_job.py:633} INFO - Processing file /home/airflow/.local/lib/python3.6/site-packages/airflow/example_dags/example_complex.py for tasks to queue
[2025-02-15 14:00:18,226] {logging_mixin.py:104} INFO - [2025-02-15 14:00:18,226] {dagbag.py:496} INFO - Filling up the DagBag from /home/airflow/.local/lib/python3.6/site-packages/airflow/example_dags/example_complex.py
[2025-02-15 14:00:18,270] {scheduler_job.py:643} INFO - DAG(s) dict_keys(['example_complex']) retrieved from /home/airflow/.local/lib/python3.6/site-packages/airflow/example_dags/example_complex.py
[2025-02-15 14:00:18,331] {logging_mixin.py:104} INFO - [2025-02-15 14:00:18,331] {dag.py:1833} INFO - Sync 1 DAGs
[2025-02-15 14:00:18,366] {logging_mixin.py:104} INFO - [2025-02-15 14:00:18,366] {dag.py:2306} INFO - Setting next_dagrun for example_complex to None
[2025-02-15 14:00:18,396] {scheduler_job.py:190} INFO - Processing /home/airflow/.local/lib/python3.6/site-packages/airflow/example_dags/example_complex.py took 0.182 seconds
[2025-02-15 14:01:29,027] {scheduler_job.py:182} INFO - Started process (PID=62) to work on /home/airflow/.local/lib/python3.6/site-packages/airflow/example_dags/example_complex.py
[2025-02-15 14:01:29,032] {scheduler_job.py:633} INFO - Processing file /home/airflow/.local/lib/python3.6/site-packages/airflow/example_dags/example_complex.py for tasks to queue
[2025-02-15 14:01:29,036] {logging_mixin.py:104} INFO - [2025-02-15 14:01:29,035] {dagbag.py:496} INFO - Filling up the DagBag from /home/airflow/.local/lib/python3.6/site-packages/airflow/example_dags/example_complex.py
[2025-02-15 14:01:29,096] {scheduler_job.py:643} INFO - DAG(s) dict_keys(['example_complex']) retrieved from /home/airflow/.local/lib/python3.6/site-packages/airflow/example_dags/example_complex.py
[2025-02-15 14:01:29,167] {logging_mixin.py:104} INFO - [2025-02-15 14:01:29,165] {dag.py:1833} INFO - Sync 1 DAGs
[2025-02-15 14:01:29,216] {logging_mixin.py:104} INFO - [2025-02-15 14:01:29,216] {dag.py:2306} INFO - Setting next_dagrun for example_complex to None
[2025-02-15 14:01:29,249] {scheduler_job.py:190} INFO - Processing /home/airflow/.local/lib/python3.6/site-packages/airflow/example_dags/example_complex.py took 0.234 seconds
[2025-02-15 14:06:44,256] {scheduler_job.py:182} INFO - Started process (PID=166) to work on /home/airflow/.local/lib/python3.6/site-packages/airflow/example_dags/example_complex.py
[2025-02-15 14:06:44,270] {scheduler_job.py:633} INFO - Processing file /home/airflow/.local/lib/python3.6/site-packages/airflow/example_dags/example_complex.py for tasks to queue
[2025-02-15 14:06:44,289] {logging_mixin.py:104} INFO - [2025-02-15 14:06:44,285] {dagbag.py:496} INFO - Filling up the DagBag from /home/airflow/.local/lib/python3.6/site-packages/airflow/example_dags/example_complex.py
[2025-02-15 14:06:44,874] {scheduler_job.py:643} INFO - DAG(s) dict_keys(['example_complex']) retrieved from /home/airflow/.local/lib/python3.6/site-packages/airflow/example_dags/example_complex.py
[2025-02-15 14:06:55,683] {logging_mixin.py:104} INFO - [2025-02-15 14:06:55,677] {dag.py:1833} INFO - Sync 1 DAGs
[2025-02-15 14:06:55,736] {logging_mixin.py:104} INFO - [2025-02-15 14:06:55,728] {dag.py:1852} INFO - Creating ORM DAG for example_complex
[2025-02-15 14:06:55,758] {logging_mixin.py:104} INFO - [2025-02-15 14:06:55,758] {dag.py:2306} INFO - Setting next_dagrun for example_complex to None
[2025-02-15 14:06:55,813] {scheduler_job.py:190} INFO - Processing /home/airflow/.local/lib/python3.6/site-packages/airflow/example_dags/example_complex.py took 13.397 seconds
[2025-02-15 14:07:49,311] {scheduler_job.py:182} INFO - Started process (PID=414) to work on /home/airflow/.local/lib/python3.6/site-packages/airflow/example_dags/example_complex.py
[2025-02-15 14:07:49,316] {scheduler_job.py:633} INFO - Processing file /home/airflow/.local/lib/python3.6/site-packages/airflow/example_dags/example_complex.py for tasks to queue
[2025-02-15 14:07:49,323] {logging_mixin.py:104} INFO - [2025-02-15 14:07:49,322] {dagbag.py:496} INFO - Filling up the DagBag from /home/airflow/.local/lib/python3.6/site-packages/airflow/example_dags/example_complex.py
[2025-02-15 14:07:49,416] {scheduler_job.py:643} INFO - DAG(s) dict_keys(['example_complex']) retrieved from /home/airflow/.local/lib/python3.6/site-packages/airflow/example_dags/example_complex.py
[2025-02-15 14:07:49,509] {logging_mixin.py:104} INFO - [2025-02-15 14:07:49,508] {dag.py:1833} INFO - Sync 1 DAGs
[2025-02-15 14:07:49,559] {logging_mixin.py:104} INFO - [2025-02-15 14:07:49,559] {dag.py:2306} INFO - Setting next_dagrun for example_complex to None
[2025-02-15 14:07:49,593] {scheduler_job.py:190} INFO - Processing /home/airflow/.local/lib/python3.6/site-packages/airflow/example_dags/example_complex.py took 0.299 seconds
[2025-02-15 14:08:19,790] {scheduler_job.py:182} INFO - Started process (PID=475) to work on /home/airflow/.local/lib/python3.6/site-packages/airflow/example_dags/example_complex.py
[2025-02-15 14:08:19,795] {scheduler_job.py:633} INFO - Processing file /home/airflow/.local/lib/python3.6/site-packages/airflow/example_dags/example_complex.py for tasks to queue
[2025-02-15 14:08:19,799] {logging_mixin.py:104} INFO - [2025-02-15 14:08:19,798] {dagbag.py:496} INFO - Filling up the DagBag from /home/airflow/.local/lib/python3.6/site-packages/airflow/example_dags/example_complex.py
[2025-02-15 14:08:19,878] {scheduler_job.py:643} INFO - DAG(s) dict_keys(['example_complex']) retrieved from /home/airflow/.local/lib/python3.6/site-packages/airflow/example_dags/example_complex.py
[2025-02-15 14:08:19,956] {logging_mixin.py:104} INFO - [2025-02-15 14:08:19,955] {dag.py:1833} INFO - Sync 1 DAGs
[2025-02-15 14:08:19,990] {logging_mixin.py:104} INFO - [2025-02-15 14:08:19,990] {dag.py:2306} INFO - Setting next_dagrun for example_complex to None
[2025-02-15 14:08:20,024] {scheduler_job.py:190} INFO - Processing /home/airflow/.local/lib/python3.6/site-packages/airflow/example_dags/example_complex.py took 0.245 seconds
[2025-02-15 14:08:50,381] {scheduler_job.py:182} INFO - Started process (PID=528) to work on /home/airflow/.local/lib/python3.6/site-packages/airflow/example_dags/example_complex.py
[2025-02-15 14:08:50,382] {scheduler_job.py:633} INFO - Processing file /home/airflow/.local/lib/python3.6/site-packages/airflow/example_dags/example_complex.py for tasks to queue
[2025-02-15 14:08:50,384] {logging_mixin.py:104} INFO - [2025-02-15 14:08:50,383] {dagbag.py:496} INFO - Filling up the DagBag from /home/airflow/.local/lib/python3.6/site-packages/airflow/example_dags/example_complex.py
[2025-02-15 14:08:50,418] {scheduler_job.py:643} INFO - DAG(s) dict_keys(['example_complex']) retrieved from /home/airflow/.local/lib/python3.6/site-packages/airflow/example_dags/example_complex.py
[2025-02-15 14:08:50,468] {logging_mixin.py:104} INFO - [2025-02-15 14:08:50,468] {dag.py:1833} INFO - Sync 1 DAGs
[2025-02-15 14:08:50,494] {logging_mixin.py:104} INFO - [2025-02-15 14:08:50,494] {dag.py:2306} INFO - Setting next_dagrun for example_complex to None
[2025-02-15 14:08:50,516] {scheduler_job.py:190} INFO - Processing /home/airflow/.local/lib/python3.6/site-packages/airflow/example_dags/example_complex.py took 0.142 seconds
[2025-02-15 14:09:21,065] {scheduler_job.py:182} INFO - Started process (PID=589) to work on /home/airflow/.local/lib/python3.6/site-packages/airflow/example_dags/example_complex.py
[2025-02-15 14:09:21,066] {scheduler_job.py:633} INFO - Processing file /home/airflow/.local/lib/python3.6/site-packages/airflow/example_dags/example_complex.py for tasks to queue
[2025-02-15 14:09:21,067] {logging_mixin.py:104} INFO - [2025-02-15 14:09:21,067] {dagbag.py:496} INFO - Filling up the DagBag from /home/airflow/.local/lib/python3.6/site-packages/airflow/example_dags/example_complex.py
[2025-02-15 14:09:21,094] {scheduler_job.py:643} INFO - DAG(s) dict_keys(['example_complex']) retrieved from /home/airflow/.local/lib/python3.6/site-packages/airflow/example_dags/example_complex.py
[2025-02-15 14:09:21,132] {logging_mixin.py:104} INFO - [2025-02-15 14:09:21,132] {dag.py:1833} INFO - Sync 1 DAGs
[2025-02-15 14:09:21,151] {logging_mixin.py:104} INFO - [2025-02-15 14:09:21,151] {dag.py:2306} INFO - Setting next_dagrun for example_complex to None
[2025-02-15 14:09:21,164] {scheduler_job.py:190} INFO - Processing /home/airflow/.local/lib/python3.6/site-packages/airflow/example_dags/example_complex.py took 0.105 seconds
[2025-02-15 14:09:51,421] {scheduler_job.py:182} INFO - Started process (PID=641) to work on /home/airflow/.local/lib/python3.6/site-packages/airflow/example_dags/example_complex.py
[2025-02-15 14:09:51,422] {scheduler_job.py:633} INFO - Processing file /home/airflow/.local/lib/python3.6/site-packages/airflow/example_dags/example_complex.py for tasks to queue
[2025-02-15 14:09:51,423] {logging_mixin.py:104} INFO - [2025-02-15 14:09:51,423] {dagbag.py:496} INFO - Filling up the DagBag from /home/airflow/.local/lib/python3.6/site-packages/airflow/example_dags/example_complex.py
[2025-02-15 14:09:51,445] {scheduler_job.py:643} INFO - DAG(s) dict_keys(['example_complex']) retrieved from /home/airflow/.local/lib/python3.6/site-packages/airflow/example_dags/example_complex.py
[2025-02-15 14:09:51,477] {logging_mixin.py:104} INFO - [2025-02-15 14:09:51,477] {dag.py:1833} INFO - Sync 1 DAGs
[2025-02-15 14:09:51,495] {logging_mixin.py:104} INFO - [2025-02-15 14:09:51,495] {dag.py:2306} INFO - Setting next_dagrun for example_complex to None
[2025-02-15 14:09:51,515] {scheduler_job.py:190} INFO - Processing /home/airflow/.local/lib/python3.6/site-packages/airflow/example_dags/example_complex.py took 0.097 seconds
[2025-02-15 14:10:21,818] {scheduler_job.py:182} INFO - Started process (PID=702) to work on /home/airflow/.local/lib/python3.6/site-packages/airflow/example_dags/example_complex.py
[2025-02-15 14:10:21,819] {scheduler_job.py:633} INFO - Processing file /home/airflow/.local/lib/python3.6/site-packages/airflow/example_dags/example_complex.py for tasks to queue
[2025-02-15 14:10:21,821] {logging_mixin.py:104} INFO - [2025-02-15 14:10:21,820] {dagbag.py:496} INFO - Filling up the DagBag from /home/airflow/.local/lib/python3.6/site-packages/airflow/example_dags/example_complex.py
[2025-02-15 14:10:21,860] {scheduler_job.py:643} INFO - DAG(s) dict_keys(['example_complex']) retrieved from /home/airflow/.local/lib/python3.6/site-packages/airflow/example_dags/example_complex.py
[2025-02-15 14:10:21,910] {logging_mixin.py:104} INFO - [2025-02-15 14:10:21,909] {dag.py:1833} INFO - Sync 1 DAGs
[2025-02-15 14:10:21,945] {logging_mixin.py:104} INFO - [2025-02-15 14:10:21,945] {dag.py:2306} INFO - Setting next_dagrun for example_complex to None
[2025-02-15 14:10:21,969] {scheduler_job.py:190} INFO - Processing /home/airflow/.local/lib/python3.6/site-packages/airflow/example_dags/example_complex.py took 0.157 seconds
[2025-02-15 14:10:52,182] {scheduler_job.py:182} INFO - Started process (PID=753) to work on /home/airflow/.local/lib/python3.6/site-packages/airflow/example_dags/example_complex.py
[2025-02-15 14:10:52,184] {scheduler_job.py:633} INFO - Processing file /home/airflow/.local/lib/python3.6/site-packages/airflow/example_dags/example_complex.py for tasks to queue
[2025-02-15 14:10:52,186] {logging_mixin.py:104} INFO - [2025-02-15 14:10:52,185] {dagbag.py:496} INFO - Filling up the DagBag from /home/airflow/.local/lib/python3.6/site-packages/airflow/example_dags/example_complex.py
[2025-02-15 14:10:52,218] {scheduler_job.py:643} INFO - DAG(s) dict_keys(['example_complex']) retrieved from /home/airflow/.local/lib/python3.6/site-packages/airflow/example_dags/example_complex.py
[2025-02-15 14:10:52,250] {logging_mixin.py:104} INFO - [2025-02-15 14:10:52,249] {dag.py:1833} INFO - Sync 1 DAGs
[2025-02-15 14:10:52,269] {logging_mixin.py:104} INFO - [2025-02-15 14:10:52,269] {dag.py:2306} INFO - Setting next_dagrun for example_complex to None
[2025-02-15 14:10:52,284] {scheduler_job.py:190} INFO - Processing /home/airflow/.local/lib/python3.6/site-packages/airflow/example_dags/example_complex.py took 0.112 seconds
[2025-02-15 14:11:22,440] {scheduler_job.py:182} INFO - Started process (PID=815) to work on /home/airflow/.local/lib/python3.6/site-packages/airflow/example_dags/example_complex.py
[2025-02-15 14:11:22,442] {scheduler_job.py:633} INFO - Processing file /home/airflow/.local/lib/python3.6/site-packages/airflow/example_dags/example_complex.py for tasks to queue
[2025-02-15 14:11:22,443] {logging_mixin.py:104} INFO - [2025-02-15 14:11:22,443] {dagbag.py:496} INFO - Filling up the DagBag from /home/airflow/.local/lib/python3.6/site-packages/airflow/example_dags/example_complex.py
[2025-02-15 14:11:22,471] {scheduler_job.py:643} INFO - DAG(s) dict_keys(['example_complex']) retrieved from /home/airflow/.local/lib/python3.6/site-packages/airflow/example_dags/example_complex.py
[2025-02-15 14:11:22,507] {logging_mixin.py:104} INFO - [2025-02-15 14:11:22,506] {dag.py:1833} INFO - Sync 1 DAGs
[2025-02-15 14:11:22,528] {logging_mixin.py:104} INFO - [2025-02-15 14:11:22,527] {dag.py:2306} INFO - Setting next_dagrun for example_complex to None
[2025-02-15 14:11:22,541] {scheduler_job.py:190} INFO - Processing /home/airflow/.local/lib/python3.6/site-packages/airflow/example_dags/example_complex.py took 0.106 seconds
[2025-02-15 14:11:53,374] {scheduler_job.py:182} INFO - Started process (PID=868) to work on /home/airflow/.local/lib/python3.6/site-packages/airflow/example_dags/example_complex.py
[2025-02-15 14:11:53,377] {scheduler_job.py:633} INFO - Processing file /home/airflow/.local/lib/python3.6/site-packages/airflow/example_dags/example_complex.py for tasks to queue
[2025-02-15 14:11:53,378] {logging_mixin.py:104} INFO - [2025-02-15 14:11:53,378] {dagbag.py:496} INFO - Filling up the DagBag from /home/airflow/.local/lib/python3.6/site-packages/airflow/example_dags/example_complex.py
[2025-02-15 14:11:53,416] {scheduler_job.py:643} INFO - DAG(s) dict_keys(['example_complex']) retrieved from /home/airflow/.local/lib/python3.6/site-packages/airflow/example_dags/example_complex.py
[2025-02-15 14:11:53,473] {logging_mixin.py:104} INFO - [2025-02-15 14:11:53,473] {dag.py:1833} INFO - Sync 1 DAGs
[2025-02-15 14:11:53,505] {logging_mixin.py:104} INFO - [2025-02-15 14:11:53,504] {dag.py:2306} INFO - Setting next_dagrun for example_complex to None
[2025-02-15 14:11:53,524] {scheduler_job.py:190} INFO - Processing /home/airflow/.local/lib/python3.6/site-packages/airflow/example_dags/example_complex.py took 0.157 seconds
[2025-02-15 14:12:23,568] {scheduler_job.py:182} INFO - Started process (PID=930) to work on /home/airflow/.local/lib/python3.6/site-packages/airflow/example_dags/example_complex.py
[2025-02-15 14:12:23,570] {scheduler_job.py:633} INFO - Processing file /home/airflow/.local/lib/python3.6/site-packages/airflow/example_dags/example_complex.py for tasks to queue
[2025-02-15 14:12:23,572] {logging_mixin.py:104} INFO - [2025-02-15 14:12:23,571] {dagbag.py:496} INFO - Filling up the DagBag from /home/airflow/.local/lib/python3.6/site-packages/airflow/example_dags/example_complex.py
[2025-02-15 14:12:23,617] {scheduler_job.py:643} INFO - DAG(s) dict_keys(['example_complex']) retrieved from /home/airflow/.local/lib/python3.6/site-packages/airflow/example_dags/example_complex.py
[2025-02-15 14:12:23,681] {logging_mixin.py:104} INFO - [2025-02-15 14:12:23,681] {dag.py:1833} INFO - Sync 1 DAGs
[2025-02-15 14:12:23,708] {logging_mixin.py:104} INFO - [2025-02-15 14:12:23,708] {dag.py:2306} INFO - Setting next_dagrun for example_complex to None
[2025-02-15 14:12:23,730] {scheduler_job.py:190} INFO - Processing /home/airflow/.local/lib/python3.6/site-packages/airflow/example_dags/example_complex.py took 0.168 seconds
[2025-02-15 14:12:54,294] {scheduler_job.py:182} INFO - Started process (PID=983) to work on /home/airflow/.local/lib/python3.6/site-packages/airflow/example_dags/example_complex.py
[2025-02-15 14:12:54,295] {scheduler_job.py:633} INFO - Processing file /home/airflow/.local/lib/python3.6/site-packages/airflow/example_dags/example_complex.py for tasks to queue
[2025-02-15 14:12:54,296] {logging_mixin.py:104} INFO - [2025-02-15 14:12:54,295] {dagbag.py:496} INFO - Filling up the DagBag from /home/airflow/.local/lib/python3.6/site-packages/airflow/example_dags/example_complex.py
[2025-02-15 14:12:54,316] {scheduler_job.py:643} INFO - DAG(s) dict_keys(['example_complex']) retrieved from /home/airflow/.local/lib/python3.6/site-packages/airflow/example_dags/example_complex.py
[2025-02-15 14:12:54,351] {logging_mixin.py:104} INFO - [2025-02-15 14:12:54,351] {dag.py:1833} INFO - Sync 1 DAGs
[2025-02-15 14:12:54,367] {logging_mixin.py:104} INFO - [2025-02-15 14:12:54,367] {dag.py:2306} INFO - Setting next_dagrun for example_complex to None
[2025-02-15 14:12:54,381] {scheduler_job.py:190} INFO - Processing /home/airflow/.local/lib/python3.6/site-packages/airflow/example_dags/example_complex.py took 0.090 seconds
[2025-02-15 14:13:24,710] {scheduler_job.py:182} INFO - Started process (PID=1045) to work on /home/airflow/.local/lib/python3.6/site-packages/airflow/example_dags/example_complex.py
[2025-02-15 14:13:24,712] {scheduler_job.py:633} INFO - Processing file /home/airflow/.local/lib/python3.6/site-packages/airflow/example_dags/example_complex.py for tasks to queue
[2025-02-15 14:13:24,714] {logging_mixin.py:104} INFO - [2025-02-15 14:13:24,713] {dagbag.py:496} INFO - Filling up the DagBag from /home/airflow/.local/lib/python3.6/site-packages/airflow/example_dags/example_complex.py
[2025-02-15 14:13:24,754] {scheduler_job.py:643} INFO - DAG(s) dict_keys(['example_complex']) retrieved from /home/airflow/.local/lib/python3.6/site-packages/airflow/example_dags/example_complex.py
[2025-02-15 14:13:24,800] {logging_mixin.py:104} INFO - [2025-02-15 14:13:24,799] {dag.py:1833} INFO - Sync 1 DAGs
[2025-02-15 14:13:24,819] {logging_mixin.py:104} INFO - [2025-02-15 14:13:24,819] {dag.py:2306} INFO - Setting next_dagrun for example_complex to None
[2025-02-15 14:13:24,835] {scheduler_job.py:190} INFO - Processing /home/airflow/.local/lib/python3.6/site-packages/airflow/example_dags/example_complex.py took 0.135 seconds
[2025-02-15 14:13:55,241] {scheduler_job.py:182} INFO - Started process (PID=1097) to work on /home/airflow/.local/lib/python3.6/site-packages/airflow/example_dags/example_complex.py
[2025-02-15 14:13:55,243] {scheduler_job.py:633} INFO - Processing file /home/airflow/.local/lib/python3.6/site-packages/airflow/example_dags/example_complex.py for tasks to queue
[2025-02-15 14:13:55,245] {logging_mixin.py:104} INFO - [2025-02-15 14:13:55,245] {dagbag.py:496} INFO - Filling up the DagBag from /home/airflow/.local/lib/python3.6/site-packages/airflow/example_dags/example_complex.py
[2025-02-15 14:13:55,280] {scheduler_job.py:643} INFO - DAG(s) dict_keys(['example_complex']) retrieved from /home/airflow/.local/lib/python3.6/site-packages/airflow/example_dags/example_complex.py
[2025-02-15 14:13:55,312] {logging_mixin.py:104} INFO - [2025-02-15 14:13:55,312] {dag.py:1833} INFO - Sync 1 DAGs
[2025-02-15 14:13:55,329] {logging_mixin.py:104} INFO - [2025-02-15 14:13:55,329] {dag.py:2306} INFO - Setting next_dagrun for example_complex to None
[2025-02-15 14:13:55,343] {scheduler_job.py:190} INFO - Processing /home/airflow/.local/lib/python3.6/site-packages/airflow/example_dags/example_complex.py took 0.114 seconds
[2025-02-15 14:15:06,833] {scheduler_job.py:182} INFO - Started process (PID=64) to work on /home/airflow/.local/lib/python3.6/site-packages/airflow/example_dags/example_complex.py
[2025-02-15 14:15:06,836] {scheduler_job.py:633} INFO - Processing file /home/airflow/.local/lib/python3.6/site-packages/airflow/example_dags/example_complex.py for tasks to queue
[2025-02-15 14:15:06,838] {logging_mixin.py:104} INFO - [2025-02-15 14:15:06,837] {dagbag.py:496} INFO - Filling up the DagBag from /home/airflow/.local/lib/python3.6/site-packages/airflow/example_dags/example_complex.py
[2025-02-15 14:15:06,951] {scheduler_job.py:643} INFO - DAG(s) dict_keys(['example_complex']) retrieved from /home/airflow/.local/lib/python3.6/site-packages/airflow/example_dags/example_complex.py
[2025-02-15 14:15:07,143] {logging_mixin.py:104} INFO - [2025-02-15 14:15:07,143] {dag.py:1833} INFO - Sync 1 DAGs
[2025-02-15 14:15:07,258] {logging_mixin.py:104} INFO - [2025-02-15 14:15:07,258] {dag.py:2306} INFO - Setting next_dagrun for example_complex to None
[2025-02-15 14:15:07,313] {scheduler_job.py:190} INFO - Processing /home/airflow/.local/lib/python3.6/site-packages/airflow/example_dags/example_complex.py took 0.490 seconds
[2025-02-15 14:15:37,595] {scheduler_job.py:182} INFO - Started process (PID=115) to work on /home/airflow/.local/lib/python3.6/site-packages/airflow/example_dags/example_complex.py
[2025-02-15 14:15:37,611] {scheduler_job.py:633} INFO - Processing file /home/airflow/.local/lib/python3.6/site-packages/airflow/example_dags/example_complex.py for tasks to queue
[2025-02-15 14:15:37,614] {logging_mixin.py:104} INFO - [2025-02-15 14:15:37,614] {dagbag.py:496} INFO - Filling up the DagBag from /home/airflow/.local/lib/python3.6/site-packages/airflow/example_dags/example_complex.py
[2025-02-15 14:15:37,843] {scheduler_job.py:643} INFO - DAG(s) dict_keys(['example_complex']) retrieved from /home/airflow/.local/lib/python3.6/site-packages/airflow/example_dags/example_complex.py
[2025-02-15 14:15:37,965] {logging_mixin.py:104} INFO - [2025-02-15 14:15:37,964] {dag.py:1833} INFO - Sync 1 DAGs
[2025-02-15 14:15:38,083] {logging_mixin.py:104} INFO - [2025-02-15 14:15:38,083] {dag.py:2306} INFO - Setting next_dagrun for example_complex to None
[2025-02-15 14:15:38,186] {scheduler_job.py:190} INFO - Processing /home/airflow/.local/lib/python3.6/site-packages/airflow/example_dags/example_complex.py took 0.608 seconds
[2025-02-15 14:21:13,233] {scheduler_job.py:182} INFO - Started process (PID=161) to work on /home/airflow/.local/lib/python3.6/site-packages/airflow/example_dags/example_complex.py
[2025-02-15 14:21:13,237] {scheduler_job.py:633} INFO - Processing file /home/airflow/.local/lib/python3.6/site-packages/airflow/example_dags/example_complex.py for tasks to queue
[2025-02-15 14:21:13,238] {logging_mixin.py:104} INFO - [2025-02-15 14:21:13,238] {dagbag.py:496} INFO - Filling up the DagBag from /home/airflow/.local/lib/python3.6/site-packages/airflow/example_dags/example_complex.py
[2025-02-15 14:21:13,349] {scheduler_job.py:643} INFO - DAG(s) dict_keys(['example_complex']) retrieved from /home/airflow/.local/lib/python3.6/site-packages/airflow/example_dags/example_complex.py
[2025-02-15 14:21:13,776] {logging_mixin.py:104} INFO - [2025-02-15 14:21:13,775] {dag.py:1833} INFO - Sync 1 DAGs
[2025-02-15 14:21:13,890] {logging_mixin.py:104} INFO - [2025-02-15 14:21:13,889] {dag.py:2306} INFO - Setting next_dagrun for example_complex to None
[2025-02-15 14:21:13,977] {scheduler_job.py:190} INFO - Processing /home/airflow/.local/lib/python3.6/site-packages/airflow/example_dags/example_complex.py took 0.766 seconds
[2025-02-15 14:21:44,857] {scheduler_job.py:182} INFO - Started process (PID=212) to work on /home/airflow/.local/lib/python3.6/site-packages/airflow/example_dags/example_complex.py
[2025-02-15 14:21:44,862] {scheduler_job.py:633} INFO - Processing file /home/airflow/.local/lib/python3.6/site-packages/airflow/example_dags/example_complex.py for tasks to queue
[2025-02-15 14:21:44,864] {logging_mixin.py:104} INFO - [2025-02-15 14:21:44,864] {dagbag.py:496} INFO - Filling up the DagBag from /home/airflow/.local/lib/python3.6/site-packages/airflow/example_dags/example_complex.py
[2025-02-15 14:21:44,937] {scheduler_job.py:643} INFO - DAG(s) dict_keys(['example_complex']) retrieved from /home/airflow/.local/lib/python3.6/site-packages/airflow/example_dags/example_complex.py
[2025-02-15 14:21:45,067] {logging_mixin.py:104} INFO - [2025-02-15 14:21:45,066] {dag.py:1833} INFO - Sync 1 DAGs
[2025-02-15 14:21:45,124] {logging_mixin.py:104} INFO - [2025-02-15 14:21:45,124] {dag.py:2306} INFO - Setting next_dagrun for example_complex to None
[2025-02-15 14:21:45,191] {scheduler_job.py:190} INFO - Processing /home/airflow/.local/lib/python3.6/site-packages/airflow/example_dags/example_complex.py took 0.341 seconds
[2025-02-15 14:22:17,992] {scheduler_job.py:182} INFO - Started process (PID=263) to work on /home/airflow/.local/lib/python3.6/site-packages/airflow/example_dags/example_complex.py
[2025-02-15 14:22:17,995] {scheduler_job.py:633} INFO - Processing file /home/airflow/.local/lib/python3.6/site-packages/airflow/example_dags/example_complex.py for tasks to queue
[2025-02-15 14:22:17,997] {logging_mixin.py:104} INFO - [2025-02-15 14:22:17,996] {dagbag.py:496} INFO - Filling up the DagBag from /home/airflow/.local/lib/python3.6/site-packages/airflow/example_dags/example_complex.py
[2025-02-15 14:22:18,123] {scheduler_job.py:643} INFO - DAG(s) dict_keys(['example_complex']) retrieved from /home/airflow/.local/lib/python3.6/site-packages/airflow/example_dags/example_complex.py
[2025-02-15 14:22:18,248] {logging_mixin.py:104} INFO - [2025-02-15 14:22:18,248] {dag.py:1833} INFO - Sync 1 DAGs
[2025-02-15 14:22:18,291] {logging_mixin.py:104} INFO - [2025-02-15 14:22:18,291] {dag.py:2306} INFO - Setting next_dagrun for example_complex to None
[2025-02-15 14:22:18,333] {scheduler_job.py:190} INFO - Processing /home/airflow/.local/lib/python3.6/site-packages/airflow/example_dags/example_complex.py took 0.351 seconds
[2025-02-15 14:22:48,877] {scheduler_job.py:182} INFO - Started process (PID=315) to work on /home/airflow/.local/lib/python3.6/site-packages/airflow/example_dags/example_complex.py
[2025-02-15 14:22:48,880] {scheduler_job.py:633} INFO - Processing file /home/airflow/.local/lib/python3.6/site-packages/airflow/example_dags/example_complex.py for tasks to queue
[2025-02-15 14:22:48,882] {logging_mixin.py:104} INFO - [2025-02-15 14:22:48,882] {dagbag.py:496} INFO - Filling up the DagBag from /home/airflow/.local/lib/python3.6/site-packages/airflow/example_dags/example_complex.py
[2025-02-15 14:22:48,945] {scheduler_job.py:643} INFO - DAG(s) dict_keys(['example_complex']) retrieved from /home/airflow/.local/lib/python3.6/site-packages/airflow/example_dags/example_complex.py
[2025-02-15 14:22:49,030] {logging_mixin.py:104} INFO - [2025-02-15 14:22:49,030] {dag.py:1833} INFO - Sync 1 DAGs
[2025-02-15 14:22:49,059] {logging_mixin.py:104} INFO - [2025-02-15 14:22:49,059] {dag.py:2306} INFO - Setting next_dagrun for example_complex to None
[2025-02-15 14:22:49,087] {scheduler_job.py:190} INFO - Processing /home/airflow/.local/lib/python3.6/site-packages/airflow/example_dags/example_complex.py took 0.224 seconds
[2025-02-15 14:25:01,900] {scheduler_job.py:182} INFO - Started process (PID=62) to work on /home/airflow/.local/lib/python3.6/site-packages/airflow/example_dags/example_complex.py
[2025-02-15 14:25:01,903] {scheduler_job.py:633} INFO - Processing file /home/airflow/.local/lib/python3.6/site-packages/airflow/example_dags/example_complex.py for tasks to queue
[2025-02-15 14:25:01,905] {logging_mixin.py:104} INFO - [2025-02-15 14:25:01,904] {dagbag.py:496} INFO - Filling up the DagBag from /home/airflow/.local/lib/python3.6/site-packages/airflow/example_dags/example_complex.py
[2025-02-15 14:25:01,974] {scheduler_job.py:643} INFO - DAG(s) dict_keys(['example_complex']) retrieved from /home/airflow/.local/lib/python3.6/site-packages/airflow/example_dags/example_complex.py
[2025-02-15 14:25:02,083] {logging_mixin.py:104} INFO - [2025-02-15 14:25:02,083] {dag.py:1833} INFO - Sync 1 DAGs
[2025-02-15 14:25:02,134] {logging_mixin.py:104} INFO - [2025-02-15 14:25:02,134] {dag.py:2306} INFO - Setting next_dagrun for example_complex to None
[2025-02-15 14:25:02,173] {scheduler_job.py:190} INFO - Processing /home/airflow/.local/lib/python3.6/site-packages/airflow/example_dags/example_complex.py took 0.283 seconds
[2025-02-15 14:25:32,401] {scheduler_job.py:182} INFO - Started process (PID=104) to work on /home/airflow/.local/lib/python3.6/site-packages/airflow/example_dags/example_complex.py
[2025-02-15 14:25:32,405] {scheduler_job.py:633} INFO - Processing file /home/airflow/.local/lib/python3.6/site-packages/airflow/example_dags/example_complex.py for tasks to queue
[2025-02-15 14:25:32,407] {logging_mixin.py:104} INFO - [2025-02-15 14:25:32,407] {dagbag.py:496} INFO - Filling up the DagBag from /home/airflow/.local/lib/python3.6/site-packages/airflow/example_dags/example_complex.py
[2025-02-15 14:25:32,494] {scheduler_job.py:643} INFO - DAG(s) dict_keys(['example_complex']) retrieved from /home/airflow/.local/lib/python3.6/site-packages/airflow/example_dags/example_complex.py
[2025-02-15 14:25:32,626] {logging_mixin.py:104} INFO - [2025-02-15 14:25:32,626] {dag.py:1833} INFO - Sync 1 DAGs
[2025-02-15 14:25:32,699] {logging_mixin.py:104} INFO - [2025-02-15 14:25:32,698] {dag.py:2306} INFO - Setting next_dagrun for example_complex to None
[2025-02-15 14:25:32,735] {scheduler_job.py:190} INFO - Processing /home/airflow/.local/lib/python3.6/site-packages/airflow/example_dags/example_complex.py took 0.346 seconds
[2025-02-15 14:26:02,863] {scheduler_job.py:182} INFO - Started process (PID=166) to work on /home/airflow/.local/lib/python3.6/site-packages/airflow/example_dags/example_complex.py
[2025-02-15 14:26:02,865] {scheduler_job.py:633} INFO - Processing file /home/airflow/.local/lib/python3.6/site-packages/airflow/example_dags/example_complex.py for tasks to queue
[2025-02-15 14:26:02,866] {logging_mixin.py:104} INFO - [2025-02-15 14:26:02,865] {dagbag.py:496} INFO - Filling up the DagBag from /home/airflow/.local/lib/python3.6/site-packages/airflow/example_dags/example_complex.py
[2025-02-15 14:26:02,900] {scheduler_job.py:643} INFO - DAG(s) dict_keys(['example_complex']) retrieved from /home/airflow/.local/lib/python3.6/site-packages/airflow/example_dags/example_complex.py
[2025-02-15 14:26:02,936] {logging_mixin.py:104} INFO - [2025-02-15 14:26:02,936] {dag.py:1833} INFO - Sync 1 DAGs
[2025-02-15 14:26:02,955] {logging_mixin.py:104} INFO - [2025-02-15 14:26:02,954] {dag.py:2306} INFO - Setting next_dagrun for example_complex to None
[2025-02-15 14:26:02,981] {scheduler_job.py:190} INFO - Processing /home/airflow/.local/lib/python3.6/site-packages/airflow/example_dags/example_complex.py took 0.124 seconds
[2025-02-15 14:26:33,058] {scheduler_job.py:182} INFO - Started process (PID=219) to work on /home/airflow/.local/lib/python3.6/site-packages/airflow/example_dags/example_complex.py
[2025-02-15 14:26:33,060] {scheduler_job.py:633} INFO - Processing file /home/airflow/.local/lib/python3.6/site-packages/airflow/example_dags/example_complex.py for tasks to queue
[2025-02-15 14:26:33,061] {logging_mixin.py:104} INFO - [2025-02-15 14:26:33,061] {dagbag.py:496} INFO - Filling up the DagBag from /home/airflow/.local/lib/python3.6/site-packages/airflow/example_dags/example_complex.py
[2025-02-15 14:26:33,086] {scheduler_job.py:643} INFO - DAG(s) dict_keys(['example_complex']) retrieved from /home/airflow/.local/lib/python3.6/site-packages/airflow/example_dags/example_complex.py
[2025-02-15 14:26:33,126] {logging_mixin.py:104} INFO - [2025-02-15 14:26:33,126] {dag.py:1833} INFO - Sync 1 DAGs
[2025-02-15 14:26:33,144] {logging_mixin.py:104} INFO - [2025-02-15 14:26:33,143] {dag.py:2306} INFO - Setting next_dagrun for example_complex to None
[2025-02-15 14:26:33,156] {scheduler_job.py:190} INFO - Processing /home/airflow/.local/lib/python3.6/site-packages/airflow/example_dags/example_complex.py took 0.102 seconds
[2025-02-15 14:27:03,308] {scheduler_job.py:182} INFO - Started process (PID=271) to work on /home/airflow/.local/lib/python3.6/site-packages/airflow/example_dags/example_complex.py
[2025-02-15 14:27:03,309] {scheduler_job.py:633} INFO - Processing file /home/airflow/.local/lib/python3.6/site-packages/airflow/example_dags/example_complex.py for tasks to queue
[2025-02-15 14:27:03,310] {logging_mixin.py:104} INFO - [2025-02-15 14:27:03,310] {dagbag.py:496} INFO - Filling up the DagBag from /home/airflow/.local/lib/python3.6/site-packages/airflow/example_dags/example_complex.py
[2025-02-15 14:27:03,330] {scheduler_job.py:643} INFO - DAG(s) dict_keys(['example_complex']) retrieved from /home/airflow/.local/lib/python3.6/site-packages/airflow/example_dags/example_complex.py
[2025-02-15 14:27:03,362] {logging_mixin.py:104} INFO - [2025-02-15 14:27:03,362] {dag.py:1833} INFO - Sync 1 DAGs
[2025-02-15 14:27:03,379] {logging_mixin.py:104} INFO - [2025-02-15 14:27:03,379] {dag.py:2306} INFO - Setting next_dagrun for example_complex to None
[2025-02-15 14:27:03,391] {scheduler_job.py:190} INFO - Processing /home/airflow/.local/lib/python3.6/site-packages/airflow/example_dags/example_complex.py took 0.087 seconds
[2025-02-15 14:27:33,557] {scheduler_job.py:182} INFO - Started process (PID=333) to work on /home/airflow/.local/lib/python3.6/site-packages/airflow/example_dags/example_complex.py
[2025-02-15 14:27:33,559] {scheduler_job.py:633} INFO - Processing file /home/airflow/.local/lib/python3.6/site-packages/airflow/example_dags/example_complex.py for tasks to queue
[2025-02-15 14:27:33,560] {logging_mixin.py:104} INFO - [2025-02-15 14:27:33,560] {dagbag.py:496} INFO - Filling up the DagBag from /home/airflow/.local/lib/python3.6/site-packages/airflow/example_dags/example_complex.py
[2025-02-15 14:27:33,595] {scheduler_job.py:643} INFO - DAG(s) dict_keys(['example_complex']) retrieved from /home/airflow/.local/lib/python3.6/site-packages/airflow/example_dags/example_complex.py
[2025-02-15 14:27:33,642] {logging_mixin.py:104} INFO - [2025-02-15 14:27:33,642] {dag.py:1833} INFO - Sync 1 DAGs
[2025-02-15 14:27:33,674] {logging_mixin.py:104} INFO - [2025-02-15 14:27:33,674] {dag.py:2306} INFO - Setting next_dagrun for example_complex to None
[2025-02-15 14:27:33,696] {scheduler_job.py:190} INFO - Processing /home/airflow/.local/lib/python3.6/site-packages/airflow/example_dags/example_complex.py took 0.148 seconds
[2025-02-15 14:28:03,985] {scheduler_job.py:182} INFO - Started process (PID=385) to work on /home/airflow/.local/lib/python3.6/site-packages/airflow/example_dags/example_complex.py
[2025-02-15 14:28:03,986] {scheduler_job.py:633} INFO - Processing file /home/airflow/.local/lib/python3.6/site-packages/airflow/example_dags/example_complex.py for tasks to queue
[2025-02-15 14:28:03,987] {logging_mixin.py:104} INFO - [2025-02-15 14:28:03,986] {dagbag.py:496} INFO - Filling up the DagBag from /home/airflow/.local/lib/python3.6/site-packages/airflow/example_dags/example_complex.py
[2025-02-15 14:28:04,007] {scheduler_job.py:643} INFO - DAG(s) dict_keys(['example_complex']) retrieved from /home/airflow/.local/lib/python3.6/site-packages/airflow/example_dags/example_complex.py
[2025-02-15 14:28:04,035] {logging_mixin.py:104} INFO - [2025-02-15 14:28:04,035] {dag.py:1833} INFO - Sync 1 DAGs
[2025-02-15 14:28:04,050] {logging_mixin.py:104} INFO - [2025-02-15 14:28:04,049] {dag.py:2306} INFO - Setting next_dagrun for example_complex to None
[2025-02-15 14:28:04,062] {scheduler_job.py:190} INFO - Processing /home/airflow/.local/lib/python3.6/site-packages/airflow/example_dags/example_complex.py took 0.081 seconds
[2025-02-15 14:28:34,299] {scheduler_job.py:182} INFO - Started process (PID=447) to work on /home/airflow/.local/lib/python3.6/site-packages/airflow/example_dags/example_complex.py
[2025-02-15 14:28:34,300] {scheduler_job.py:633} INFO - Processing file /home/airflow/.local/lib/python3.6/site-packages/airflow/example_dags/example_complex.py for tasks to queue
[2025-02-15 14:28:34,301] {logging_mixin.py:104} INFO - [2025-02-15 14:28:34,301] {dagbag.py:496} INFO - Filling up the DagBag from /home/airflow/.local/lib/python3.6/site-packages/airflow/example_dags/example_complex.py
[2025-02-15 14:28:34,326] {scheduler_job.py:643} INFO - DAG(s) dict_keys(['example_complex']) retrieved from /home/airflow/.local/lib/python3.6/site-packages/airflow/example_dags/example_complex.py
[2025-02-15 14:28:34,360] {logging_mixin.py:104} INFO - [2025-02-15 14:28:34,360] {dag.py:1833} INFO - Sync 1 DAGs
[2025-02-15 14:28:34,377] {logging_mixin.py:104} INFO - [2025-02-15 14:28:34,377] {dag.py:2306} INFO - Setting next_dagrun for example_complex to None
[2025-02-15 14:28:34,393] {scheduler_job.py:190} INFO - Processing /home/airflow/.local/lib/python3.6/site-packages/airflow/example_dags/example_complex.py took 0.099 seconds
[2025-02-15 14:29:05,016] {scheduler_job.py:182} INFO - Started process (PID=499) to work on /home/airflow/.local/lib/python3.6/site-packages/airflow/example_dags/example_complex.py
[2025-02-15 14:29:05,018] {scheduler_job.py:633} INFO - Processing file /home/airflow/.local/lib/python3.6/site-packages/airflow/example_dags/example_complex.py for tasks to queue
[2025-02-15 14:29:05,020] {logging_mixin.py:104} INFO - [2025-02-15 14:29:05,020] {dagbag.py:496} INFO - Filling up the DagBag from /home/airflow/.local/lib/python3.6/site-packages/airflow/example_dags/example_complex.py
[2025-02-15 14:29:05,093] {scheduler_job.py:643} INFO - DAG(s) dict_keys(['example_complex']) retrieved from /home/airflow/.local/lib/python3.6/site-packages/airflow/example_dags/example_complex.py
[2025-02-15 14:29:05,214] {logging_mixin.py:104} INFO - [2025-02-15 14:29:05,213] {dag.py:1833} INFO - Sync 1 DAGs
[2025-02-15 14:29:05,268] {logging_mixin.py:104} INFO - [2025-02-15 14:29:05,268] {dag.py:2306} INFO - Setting next_dagrun for example_complex to None
[2025-02-15 14:29:05,298] {scheduler_job.py:190} INFO - Processing /home/airflow/.local/lib/python3.6/site-packages/airflow/example_dags/example_complex.py took 0.298 seconds
[2025-02-15 14:29:35,522] {scheduler_job.py:182} INFO - Started process (PID=559) to work on /home/airflow/.local/lib/python3.6/site-packages/airflow/example_dags/example_complex.py
[2025-02-15 14:29:35,524] {scheduler_job.py:633} INFO - Processing file /home/airflow/.local/lib/python3.6/site-packages/airflow/example_dags/example_complex.py for tasks to queue
[2025-02-15 14:29:35,526] {logging_mixin.py:104} INFO - [2025-02-15 14:29:35,526] {dagbag.py:496} INFO - Filling up the DagBag from /home/airflow/.local/lib/python3.6/site-packages/airflow/example_dags/example_complex.py
[2025-02-15 14:29:35,628] {scheduler_job.py:643} INFO - DAG(s) dict_keys(['example_complex']) retrieved from /home/airflow/.local/lib/python3.6/site-packages/airflow/example_dags/example_complex.py
[2025-02-15 14:29:35,702] {logging_mixin.py:104} INFO - [2025-02-15 14:29:35,701] {dag.py:1833} INFO - Sync 1 DAGs
[2025-02-15 14:29:35,725] {logging_mixin.py:104} INFO - [2025-02-15 14:29:35,725] {dag.py:2306} INFO - Setting next_dagrun for example_complex to None
[2025-02-15 14:29:35,763] {scheduler_job.py:190} INFO - Processing /home/airflow/.local/lib/python3.6/site-packages/airflow/example_dags/example_complex.py took 0.254 seconds
[2025-02-15 14:30:06,687] {scheduler_job.py:182} INFO - Started process (PID=612) to work on /home/airflow/.local/lib/python3.6/site-packages/airflow/example_dags/example_complex.py
[2025-02-15 14:30:06,690] {scheduler_job.py:633} INFO - Processing file /home/airflow/.local/lib/python3.6/site-packages/airflow/example_dags/example_complex.py for tasks to queue
[2025-02-15 14:30:06,692] {logging_mixin.py:104} INFO - [2025-02-15 14:30:06,691] {dagbag.py:496} INFO - Filling up the DagBag from /home/airflow/.local/lib/python3.6/site-packages/airflow/example_dags/example_complex.py
[2025-02-15 14:30:06,753] {scheduler_job.py:643} INFO - DAG(s) dict_keys(['example_complex']) retrieved from /home/airflow/.local/lib/python3.6/site-packages/airflow/example_dags/example_complex.py
[2025-02-15 14:30:06,842] {logging_mixin.py:104} INFO - [2025-02-15 14:30:06,841] {dag.py:1833} INFO - Sync 1 DAGs
[2025-02-15 14:30:06,919] {logging_mixin.py:104} INFO - [2025-02-15 14:30:06,918] {dag.py:2306} INFO - Setting next_dagrun for example_complex to None
[2025-02-15 14:30:06,972] {scheduler_job.py:190} INFO - Processing /home/airflow/.local/lib/python3.6/site-packages/airflow/example_dags/example_complex.py took 0.295 seconds
[2025-02-15 14:30:37,146] {scheduler_job.py:182} INFO - Started process (PID=664) to work on /home/airflow/.local/lib/python3.6/site-packages/airflow/example_dags/example_complex.py
[2025-02-15 14:30:37,148] {scheduler_job.py:633} INFO - Processing file /home/airflow/.local/lib/python3.6/site-packages/airflow/example_dags/example_complex.py for tasks to queue
[2025-02-15 14:30:37,151] {logging_mixin.py:104} INFO - [2025-02-15 14:30:37,150] {dagbag.py:496} INFO - Filling up the DagBag from /home/airflow/.local/lib/python3.6/site-packages/airflow/example_dags/example_complex.py
[2025-02-15 14:30:37,207] {scheduler_job.py:643} INFO - DAG(s) dict_keys(['example_complex']) retrieved from /home/airflow/.local/lib/python3.6/site-packages/airflow/example_dags/example_complex.py
[2025-02-15 14:30:37,283] {logging_mixin.py:104} INFO - [2025-02-15 14:30:37,283] {dag.py:1833} INFO - Sync 1 DAGs
[2025-02-15 14:30:37,324] {logging_mixin.py:104} INFO - [2025-02-15 14:30:37,324] {dag.py:2306} INFO - Setting next_dagrun for example_complex to None
[2025-02-15 14:30:37,346] {scheduler_job.py:190} INFO - Processing /home/airflow/.local/lib/python3.6/site-packages/airflow/example_dags/example_complex.py took 0.210 seconds
[2025-02-15 14:31:08,274] {scheduler_job.py:182} INFO - Started process (PID=725) to work on /home/airflow/.local/lib/python3.6/site-packages/airflow/example_dags/example_complex.py
[2025-02-15 14:31:08,276] {scheduler_job.py:633} INFO - Processing file /home/airflow/.local/lib/python3.6/site-packages/airflow/example_dags/example_complex.py for tasks to queue
[2025-02-15 14:31:08,277] {logging_mixin.py:104} INFO - [2025-02-15 14:31:08,276] {dagbag.py:496} INFO - Filling up the DagBag from /home/airflow/.local/lib/python3.6/site-packages/airflow/example_dags/example_complex.py
[2025-02-15 14:31:08,304] {scheduler_job.py:643} INFO - DAG(s) dict_keys(['example_complex']) retrieved from /home/airflow/.local/lib/python3.6/site-packages/airflow/example_dags/example_complex.py
[2025-02-15 14:31:08,344] {logging_mixin.py:104} INFO - [2025-02-15 14:31:08,344] {dag.py:1833} INFO - Sync 1 DAGs
[2025-02-15 14:31:08,364] {logging_mixin.py:104} INFO - [2025-02-15 14:31:08,364] {dag.py:2306} INFO - Setting next_dagrun for example_complex to None
[2025-02-15 14:31:08,377] {scheduler_job.py:190} INFO - Processing /home/airflow/.local/lib/python3.6/site-packages/airflow/example_dags/example_complex.py took 0.108 seconds
[2025-02-15 14:31:38,602] {scheduler_job.py:182} INFO - Started process (PID=778) to work on /home/airflow/.local/lib/python3.6/site-packages/airflow/example_dags/example_complex.py
[2025-02-15 14:31:38,603] {scheduler_job.py:633} INFO - Processing file /home/airflow/.local/lib/python3.6/site-packages/airflow/example_dags/example_complex.py for tasks to queue
[2025-02-15 14:31:38,604] {logging_mixin.py:104} INFO - [2025-02-15 14:31:38,604] {dagbag.py:496} INFO - Filling up the DagBag from /home/airflow/.local/lib/python3.6/site-packages/airflow/example_dags/example_complex.py
[2025-02-15 14:31:38,627] {scheduler_job.py:643} INFO - DAG(s) dict_keys(['example_complex']) retrieved from /home/airflow/.local/lib/python3.6/site-packages/airflow/example_dags/example_complex.py
[2025-02-15 14:31:38,660] {logging_mixin.py:104} INFO - [2025-02-15 14:31:38,660] {dag.py:1833} INFO - Sync 1 DAGs
[2025-02-15 14:31:38,681] {logging_mixin.py:104} INFO - [2025-02-15 14:31:38,681] {dag.py:2306} INFO - Setting next_dagrun for example_complex to None
[2025-02-15 14:31:38,699] {scheduler_job.py:190} INFO - Processing /home/airflow/.local/lib/python3.6/site-packages/airflow/example_dags/example_complex.py took 0.102 seconds
[2025-02-15 14:32:09,017] {scheduler_job.py:182} INFO - Started process (PID=830) to work on /home/airflow/.local/lib/python3.6/site-packages/airflow/example_dags/example_complex.py
[2025-02-15 14:32:09,020] {scheduler_job.py:633} INFO - Processing file /home/airflow/.local/lib/python3.6/site-packages/airflow/example_dags/example_complex.py for tasks to queue
[2025-02-15 14:32:09,021] {logging_mixin.py:104} INFO - [2025-02-15 14:32:09,021] {dagbag.py:496} INFO - Filling up the DagBag from /home/airflow/.local/lib/python3.6/site-packages/airflow/example_dags/example_complex.py
[2025-02-15 14:32:09,050] {scheduler_job.py:643} INFO - DAG(s) dict_keys(['example_complex']) retrieved from /home/airflow/.local/lib/python3.6/site-packages/airflow/example_dags/example_complex.py
[2025-02-15 14:32:09,092] {logging_mixin.py:104} INFO - [2025-02-15 14:32:09,092] {dag.py:1833} INFO - Sync 1 DAGs
[2025-02-15 14:32:09,118] {logging_mixin.py:104} INFO - [2025-02-15 14:32:09,117] {dag.py:2306} INFO - Setting next_dagrun for example_complex to None
[2025-02-15 14:32:09,134] {scheduler_job.py:190} INFO - Processing /home/airflow/.local/lib/python3.6/site-packages/airflow/example_dags/example_complex.py took 0.124 seconds
[2025-02-15 14:32:39,480] {scheduler_job.py:182} INFO - Started process (PID=891) to work on /home/airflow/.local/lib/python3.6/site-packages/airflow/example_dags/example_complex.py
[2025-02-15 14:32:39,482] {scheduler_job.py:633} INFO - Processing file /home/airflow/.local/lib/python3.6/site-packages/airflow/example_dags/example_complex.py for tasks to queue
[2025-02-15 14:32:39,483] {logging_mixin.py:104} INFO - [2025-02-15 14:32:39,483] {dagbag.py:496} INFO - Filling up the DagBag from /home/airflow/.local/lib/python3.6/site-packages/airflow/example_dags/example_complex.py
[2025-02-15 14:32:39,521] {scheduler_job.py:643} INFO - DAG(s) dict_keys(['example_complex']) retrieved from /home/airflow/.local/lib/python3.6/site-packages/airflow/example_dags/example_complex.py
[2025-02-15 14:32:39,597] {logging_mixin.py:104} INFO - [2025-02-15 14:32:39,596] {dag.py:1833} INFO - Sync 1 DAGs
[2025-02-15 14:32:39,658] {logging_mixin.py:104} INFO - [2025-02-15 14:32:39,658] {dag.py:2306} INFO - Setting next_dagrun for example_complex to None
[2025-02-15 14:32:39,684] {scheduler_job.py:190} INFO - Processing /home/airflow/.local/lib/python3.6/site-packages/airflow/example_dags/example_complex.py took 0.209 seconds
[2025-02-15 14:33:10,584] {scheduler_job.py:182} INFO - Started process (PID=944) to work on /home/airflow/.local/lib/python3.6/site-packages/airflow/example_dags/example_complex.py
[2025-02-15 14:33:10,591] {scheduler_job.py:633} INFO - Processing file /home/airflow/.local/lib/python3.6/site-packages/airflow/example_dags/example_complex.py for tasks to queue
[2025-02-15 14:33:10,592] {logging_mixin.py:104} INFO - [2025-02-15 14:33:10,592] {dagbag.py:496} INFO - Filling up the DagBag from /home/airflow/.local/lib/python3.6/site-packages/airflow/example_dags/example_complex.py
[2025-02-15 14:33:10,614] {scheduler_job.py:643} INFO - DAG(s) dict_keys(['example_complex']) retrieved from /home/airflow/.local/lib/python3.6/site-packages/airflow/example_dags/example_complex.py
[2025-02-15 14:33:10,647] {logging_mixin.py:104} INFO - [2025-02-15 14:33:10,646] {dag.py:1833} INFO - Sync 1 DAGs
[2025-02-15 14:33:10,663] {logging_mixin.py:104} INFO - [2025-02-15 14:33:10,663] {dag.py:2306} INFO - Setting next_dagrun for example_complex to None
[2025-02-15 14:33:10,682] {scheduler_job.py:190} INFO - Processing /home/airflow/.local/lib/python3.6/site-packages/airflow/example_dags/example_complex.py took 0.103 seconds
[2025-02-15 14:33:41,568] {scheduler_job.py:182} INFO - Started process (PID=996) to work on /home/airflow/.local/lib/python3.6/site-packages/airflow/example_dags/example_complex.py
[2025-02-15 14:33:41,569] {scheduler_job.py:633} INFO - Processing file /home/airflow/.local/lib/python3.6/site-packages/airflow/example_dags/example_complex.py for tasks to queue
[2025-02-15 14:33:41,570] {logging_mixin.py:104} INFO - [2025-02-15 14:33:41,570] {dagbag.py:496} INFO - Filling up the DagBag from /home/airflow/.local/lib/python3.6/site-packages/airflow/example_dags/example_complex.py
[2025-02-15 14:33:41,600] {scheduler_job.py:643} INFO - DAG(s) dict_keys(['example_complex']) retrieved from /home/airflow/.local/lib/python3.6/site-packages/airflow/example_dags/example_complex.py
[2025-02-15 14:33:41,650] {logging_mixin.py:104} INFO - [2025-02-15 14:33:41,650] {dag.py:1833} INFO - Sync 1 DAGs
[2025-02-15 14:33:41,672] {logging_mixin.py:104} INFO - [2025-02-15 14:33:41,672] {dag.py:2306} INFO - Setting next_dagrun for example_complex to None
[2025-02-15 14:33:41,689] {scheduler_job.py:190} INFO - Processing /home/airflow/.local/lib/python3.6/site-packages/airflow/example_dags/example_complex.py took 0.127 seconds
[2025-02-15 14:34:12,065] {scheduler_job.py:182} INFO - Started process (PID=1058) to work on /home/airflow/.local/lib/python3.6/site-packages/airflow/example_dags/example_complex.py
[2025-02-15 14:34:12,066] {scheduler_job.py:633} INFO - Processing file /home/airflow/.local/lib/python3.6/site-packages/airflow/example_dags/example_complex.py for tasks to queue
[2025-02-15 14:34:12,067] {logging_mixin.py:104} INFO - [2025-02-15 14:34:12,067] {dagbag.py:496} INFO - Filling up the DagBag from /home/airflow/.local/lib/python3.6/site-packages/airflow/example_dags/example_complex.py
[2025-02-15 14:34:12,086] {scheduler_job.py:643} INFO - DAG(s) dict_keys(['example_complex']) retrieved from /home/airflow/.local/lib/python3.6/site-packages/airflow/example_dags/example_complex.py
[2025-02-15 14:34:12,117] {logging_mixin.py:104} INFO - [2025-02-15 14:34:12,117] {dag.py:1833} INFO - Sync 1 DAGs
[2025-02-15 14:34:12,137] {logging_mixin.py:104} INFO - [2025-02-15 14:34:12,137] {dag.py:2306} INFO - Setting next_dagrun for example_complex to None
[2025-02-15 14:34:12,154] {scheduler_job.py:190} INFO - Processing /home/airflow/.local/lib/python3.6/site-packages/airflow/example_dags/example_complex.py took 0.092 seconds
[2025-02-15 14:34:42,815] {scheduler_job.py:182} INFO - Started process (PID=1111) to work on /home/airflow/.local/lib/python3.6/site-packages/airflow/example_dags/example_complex.py
[2025-02-15 14:34:42,829] {scheduler_job.py:633} INFO - Processing file /home/airflow/.local/lib/python3.6/site-packages/airflow/example_dags/example_complex.py for tasks to queue
[2025-02-15 14:34:42,840] {logging_mixin.py:104} INFO - [2025-02-15 14:34:42,839] {dagbag.py:496} INFO - Filling up the DagBag from /home/airflow/.local/lib/python3.6/site-packages/airflow/example_dags/example_complex.py
[2025-02-15 14:34:43,007] {scheduler_job.py:643} INFO - DAG(s) dict_keys(['example_complex']) retrieved from /home/airflow/.local/lib/python3.6/site-packages/airflow/example_dags/example_complex.py
[2025-02-15 14:34:43,579] {logging_mixin.py:104} INFO - [2025-02-15 14:34:43,579] {dag.py:1833} INFO - Sync 1 DAGs
[2025-02-15 14:34:43,667] {logging_mixin.py:104} INFO - [2025-02-15 14:34:43,667] {dag.py:2306} INFO - Setting next_dagrun for example_complex to None
[2025-02-15 14:34:43,754] {scheduler_job.py:190} INFO - Processing /home/airflow/.local/lib/python3.6/site-packages/airflow/example_dags/example_complex.py took 1.015 seconds
[2025-02-15 14:38:19,987] {scheduler_job.py:182} INFO - Started process (PID=1141) to work on /home/airflow/.local/lib/python3.6/site-packages/airflow/example_dags/example_complex.py
[2025-02-15 14:38:19,990] {scheduler_job.py:633} INFO - Processing file /home/airflow/.local/lib/python3.6/site-packages/airflow/example_dags/example_complex.py for tasks to queue
[2025-02-15 14:38:19,991] {logging_mixin.py:104} INFO - [2025-02-15 14:38:19,991] {dagbag.py:496} INFO - Filling up the DagBag from /home/airflow/.local/lib/python3.6/site-packages/airflow/example_dags/example_complex.py
[2025-02-15 14:38:20,028] {scheduler_job.py:643} INFO - DAG(s) dict_keys(['example_complex']) retrieved from /home/airflow/.local/lib/python3.6/site-packages/airflow/example_dags/example_complex.py
[2025-02-15 14:38:20,084] {logging_mixin.py:104} INFO - [2025-02-15 14:38:20,084] {dag.py:1833} INFO - Sync 1 DAGs
[2025-02-15 14:38:20,104] {logging_mixin.py:104} INFO - [2025-02-15 14:38:20,104] {dag.py:2306} INFO - Setting next_dagrun for example_complex to None
[2025-02-15 14:38:20,123] {scheduler_job.py:190} INFO - Processing /home/airflow/.local/lib/python3.6/site-packages/airflow/example_dags/example_complex.py took 0.142 seconds
[2025-02-15 14:38:50,222] {scheduler_job.py:182} INFO - Started process (PID=1192) to work on /home/airflow/.local/lib/python3.6/site-packages/airflow/example_dags/example_complex.py
[2025-02-15 14:38:50,231] {scheduler_job.py:633} INFO - Processing file /home/airflow/.local/lib/python3.6/site-packages/airflow/example_dags/example_complex.py for tasks to queue
[2025-02-15 14:38:50,237] {logging_mixin.py:104} INFO - [2025-02-15 14:38:50,233] {dagbag.py:496} INFO - Filling up the DagBag from /home/airflow/.local/lib/python3.6/site-packages/airflow/example_dags/example_complex.py
[2025-02-15 14:38:50,355] {scheduler_job.py:643} INFO - DAG(s) dict_keys(['example_complex']) retrieved from /home/airflow/.local/lib/python3.6/site-packages/airflow/example_dags/example_complex.py
[2025-02-15 14:38:50,451] {logging_mixin.py:104} INFO - [2025-02-15 14:38:50,451] {dag.py:1833} INFO - Sync 1 DAGs
[2025-02-15 14:38:50,487] {logging_mixin.py:104} INFO - [2025-02-15 14:38:50,487] {dag.py:2306} INFO - Setting next_dagrun for example_complex to None
[2025-02-15 14:38:50,514] {scheduler_job.py:190} INFO - Processing /home/airflow/.local/lib/python3.6/site-packages/airflow/example_dags/example_complex.py took 0.310 seconds
[2025-02-15 14:44:00,794] {scheduler_job.py:182} INFO - Started process (PID=1238) to work on /home/airflow/.local/lib/python3.6/site-packages/airflow/example_dags/example_complex.py
[2025-02-15 14:44:00,803] {scheduler_job.py:633} INFO - Processing file /home/airflow/.local/lib/python3.6/site-packages/airflow/example_dags/example_complex.py for tasks to queue
[2025-02-15 14:44:00,805] {logging_mixin.py:104} INFO - [2025-02-15 14:44:00,805] {dagbag.py:496} INFO - Filling up the DagBag from /home/airflow/.local/lib/python3.6/site-packages/airflow/example_dags/example_complex.py
[2025-02-15 14:44:00,898] {scheduler_job.py:643} INFO - DAG(s) dict_keys(['example_complex']) retrieved from /home/airflow/.local/lib/python3.6/site-packages/airflow/example_dags/example_complex.py
[2025-02-15 14:44:01,018] {logging_mixin.py:104} INFO - [2025-02-15 14:44:01,018] {dag.py:1833} INFO - Sync 1 DAGs
[2025-02-15 14:44:01,081] {logging_mixin.py:104} INFO - [2025-02-15 14:44:01,081] {dag.py:2306} INFO - Setting next_dagrun for example_complex to None
[2025-02-15 14:44:01,130] {scheduler_job.py:190} INFO - Processing /home/airflow/.local/lib/python3.6/site-packages/airflow/example_dags/example_complex.py took 0.350 seconds
[2025-02-15 14:44:31,883] {scheduler_job.py:182} INFO - Started process (PID=1289) to work on /home/airflow/.local/lib/python3.6/site-packages/airflow/example_dags/example_complex.py
[2025-02-15 14:44:31,885] {scheduler_job.py:633} INFO - Processing file /home/airflow/.local/lib/python3.6/site-packages/airflow/example_dags/example_complex.py for tasks to queue
[2025-02-15 14:44:31,887] {logging_mixin.py:104} INFO - [2025-02-15 14:44:31,887] {dagbag.py:496} INFO - Filling up the DagBag from /home/airflow/.local/lib/python3.6/site-packages/airflow/example_dags/example_complex.py
[2025-02-15 14:44:31,954] {scheduler_job.py:643} INFO - DAG(s) dict_keys(['example_complex']) retrieved from /home/airflow/.local/lib/python3.6/site-packages/airflow/example_dags/example_complex.py
[2025-02-15 14:44:32,005] {logging_mixin.py:104} INFO - [2025-02-15 14:44:32,005] {dag.py:1833} INFO - Sync 1 DAGs
[2025-02-15 14:44:32,034] {logging_mixin.py:104} INFO - [2025-02-15 14:44:32,034] {dag.py:2306} INFO - Setting next_dagrun for example_complex to None
[2025-02-15 14:44:32,054] {scheduler_job.py:190} INFO - Processing /home/airflow/.local/lib/python3.6/site-packages/airflow/example_dags/example_complex.py took 0.178 seconds
[2025-02-15 14:46:10,936] {scheduler_job.py:182} INFO - Started process (PID=62) to work on /home/airflow/.local/lib/python3.6/site-packages/airflow/example_dags/example_complex.py
[2025-02-15 14:46:10,952] {scheduler_job.py:633} INFO - Processing file /home/airflow/.local/lib/python3.6/site-packages/airflow/example_dags/example_complex.py for tasks to queue
[2025-02-15 14:46:10,954] {logging_mixin.py:104} INFO - [2025-02-15 14:46:10,953] {dagbag.py:496} INFO - Filling up the DagBag from /home/airflow/.local/lib/python3.6/site-packages/airflow/example_dags/example_complex.py
[2025-02-15 14:46:11,043] {scheduler_job.py:643} INFO - DAG(s) dict_keys(['example_complex']) retrieved from /home/airflow/.local/lib/python3.6/site-packages/airflow/example_dags/example_complex.py
[2025-02-15 14:46:11,232] {logging_mixin.py:104} INFO - [2025-02-15 14:46:11,220] {dag.py:1833} INFO - Sync 1 DAGs
[2025-02-15 14:46:11,338] {logging_mixin.py:104} INFO - [2025-02-15 14:46:11,337] {dag.py:2306} INFO - Setting next_dagrun for example_complex to None
[2025-02-15 14:46:11,397] {scheduler_job.py:190} INFO - Processing /home/airflow/.local/lib/python3.6/site-packages/airflow/example_dags/example_complex.py took 0.480 seconds
[2025-02-15 14:46:42,100] {scheduler_job.py:182} INFO - Started process (PID=105) to work on /home/airflow/.local/lib/python3.6/site-packages/airflow/example_dags/example_complex.py
[2025-02-15 14:46:42,114] {scheduler_job.py:633} INFO - Processing file /home/airflow/.local/lib/python3.6/site-packages/airflow/example_dags/example_complex.py for tasks to queue
[2025-02-15 14:46:42,116] {logging_mixin.py:104} INFO - [2025-02-15 14:46:42,116] {dagbag.py:496} INFO - Filling up the DagBag from /home/airflow/.local/lib/python3.6/site-packages/airflow/example_dags/example_complex.py
[2025-02-15 14:46:42,180] {scheduler_job.py:643} INFO - DAG(s) dict_keys(['example_complex']) retrieved from /home/airflow/.local/lib/python3.6/site-packages/airflow/example_dags/example_complex.py
[2025-02-15 14:46:42,284] {logging_mixin.py:104} INFO - [2025-02-15 14:46:42,283] {dag.py:1833} INFO - Sync 1 DAGs
[2025-02-15 14:46:42,330] {logging_mixin.py:104} INFO - [2025-02-15 14:46:42,330] {dag.py:2306} INFO - Setting next_dagrun for example_complex to None
[2025-02-15 14:46:42,357] {scheduler_job.py:190} INFO - Processing /home/airflow/.local/lib/python3.6/site-packages/airflow/example_dags/example_complex.py took 0.278 seconds
[2025-02-15 14:47:12,512] {scheduler_job.py:182} INFO - Started process (PID=156) to work on /home/airflow/.local/lib/python3.6/site-packages/airflow/example_dags/example_complex.py
[2025-02-15 14:47:12,513] {scheduler_job.py:633} INFO - Processing file /home/airflow/.local/lib/python3.6/site-packages/airflow/example_dags/example_complex.py for tasks to queue
[2025-02-15 14:47:12,514] {logging_mixin.py:104} INFO - [2025-02-15 14:47:12,514] {dagbag.py:496} INFO - Filling up the DagBag from /home/airflow/.local/lib/python3.6/site-packages/airflow/example_dags/example_complex.py
[2025-02-15 14:47:12,536] {scheduler_job.py:643} INFO - DAG(s) dict_keys(['example_complex']) retrieved from /home/airflow/.local/lib/python3.6/site-packages/airflow/example_dags/example_complex.py
[2025-02-15 14:47:12,574] {logging_mixin.py:104} INFO - [2025-02-15 14:47:12,574] {dag.py:1833} INFO - Sync 1 DAGs
[2025-02-15 14:47:12,597] {logging_mixin.py:104} INFO - [2025-02-15 14:47:12,597] {dag.py:2306} INFO - Setting next_dagrun for example_complex to None
[2025-02-15 14:47:12,613] {scheduler_job.py:190} INFO - Processing /home/airflow/.local/lib/python3.6/site-packages/airflow/example_dags/example_complex.py took 0.106 seconds
[2025-02-15 14:47:43,465] {scheduler_job.py:182} INFO - Started process (PID=218) to work on /home/airflow/.local/lib/python3.6/site-packages/airflow/example_dags/example_complex.py
[2025-02-15 14:47:43,467] {scheduler_job.py:633} INFO - Processing file /home/airflow/.local/lib/python3.6/site-packages/airflow/example_dags/example_complex.py for tasks to queue
[2025-02-15 14:47:43,469] {logging_mixin.py:104} INFO - [2025-02-15 14:47:43,468] {dagbag.py:496} INFO - Filling up the DagBag from /home/airflow/.local/lib/python3.6/site-packages/airflow/example_dags/example_complex.py
[2025-02-15 14:47:43,516] {scheduler_job.py:643} INFO - DAG(s) dict_keys(['example_complex']) retrieved from /home/airflow/.local/lib/python3.6/site-packages/airflow/example_dags/example_complex.py
[2025-02-15 14:47:43,571] {logging_mixin.py:104} INFO - [2025-02-15 14:47:43,571] {dag.py:1833} INFO - Sync 1 DAGs
[2025-02-15 14:47:43,608] {logging_mixin.py:104} INFO - [2025-02-15 14:47:43,607] {dag.py:2306} INFO - Setting next_dagrun for example_complex to None
[2025-02-15 14:47:43,634] {scheduler_job.py:190} INFO - Processing /home/airflow/.local/lib/python3.6/site-packages/airflow/example_dags/example_complex.py took 0.175 seconds
[2025-02-15 14:48:14,536] {scheduler_job.py:182} INFO - Started process (PID=270) to work on /home/airflow/.local/lib/python3.6/site-packages/airflow/example_dags/example_complex.py
[2025-02-15 14:48:14,539] {scheduler_job.py:633} INFO - Processing file /home/airflow/.local/lib/python3.6/site-packages/airflow/example_dags/example_complex.py for tasks to queue
[2025-02-15 14:48:14,540] {logging_mixin.py:104} INFO - [2025-02-15 14:48:14,540] {dagbag.py:496} INFO - Filling up the DagBag from /home/airflow/.local/lib/python3.6/site-packages/airflow/example_dags/example_complex.py
[2025-02-15 14:48:14,562] {scheduler_job.py:643} INFO - DAG(s) dict_keys(['example_complex']) retrieved from /home/airflow/.local/lib/python3.6/site-packages/airflow/example_dags/example_complex.py
[2025-02-15 14:48:14,590] {logging_mixin.py:104} INFO - [2025-02-15 14:48:14,590] {dag.py:1833} INFO - Sync 1 DAGs
[2025-02-15 14:48:14,607] {logging_mixin.py:104} INFO - [2025-02-15 14:48:14,607] {dag.py:2306} INFO - Setting next_dagrun for example_complex to None
[2025-02-15 14:48:14,621] {scheduler_job.py:190} INFO - Processing /home/airflow/.local/lib/python3.6/site-packages/airflow/example_dags/example_complex.py took 0.091 seconds
[2025-02-15 14:48:45,427] {scheduler_job.py:182} INFO - Started process (PID=322) to work on /home/airflow/.local/lib/python3.6/site-packages/airflow/example_dags/example_complex.py
[2025-02-15 14:48:45,428] {scheduler_job.py:633} INFO - Processing file /home/airflow/.local/lib/python3.6/site-packages/airflow/example_dags/example_complex.py for tasks to queue
[2025-02-15 14:48:45,429] {logging_mixin.py:104} INFO - [2025-02-15 14:48:45,428] {dagbag.py:496} INFO - Filling up the DagBag from /home/airflow/.local/lib/python3.6/site-packages/airflow/example_dags/example_complex.py
[2025-02-15 14:48:45,449] {scheduler_job.py:643} INFO - DAG(s) dict_keys(['example_complex']) retrieved from /home/airflow/.local/lib/python3.6/site-packages/airflow/example_dags/example_complex.py
[2025-02-15 14:48:45,484] {logging_mixin.py:104} INFO - [2025-02-15 14:48:45,484] {dag.py:1833} INFO - Sync 1 DAGs
[2025-02-15 14:48:45,503] {logging_mixin.py:104} INFO - [2025-02-15 14:48:45,503] {dag.py:2306} INFO - Setting next_dagrun for example_complex to None
[2025-02-15 14:48:45,519] {scheduler_job.py:190} INFO - Processing /home/airflow/.local/lib/python3.6/site-packages/airflow/example_dags/example_complex.py took 0.096 seconds
[2025-02-15 14:49:15,777] {scheduler_job.py:182} INFO - Started process (PID=384) to work on /home/airflow/.local/lib/python3.6/site-packages/airflow/example_dags/example_complex.py
[2025-02-15 14:49:15,778] {scheduler_job.py:633} INFO - Processing file /home/airflow/.local/lib/python3.6/site-packages/airflow/example_dags/example_complex.py for tasks to queue
[2025-02-15 14:49:15,779] {logging_mixin.py:104} INFO - [2025-02-15 14:49:15,779] {dagbag.py:496} INFO - Filling up the DagBag from /home/airflow/.local/lib/python3.6/site-packages/airflow/example_dags/example_complex.py
[2025-02-15 14:49:15,806] {scheduler_job.py:643} INFO - DAG(s) dict_keys(['example_complex']) retrieved from /home/airflow/.local/lib/python3.6/site-packages/airflow/example_dags/example_complex.py
[2025-02-15 14:49:15,844] {logging_mixin.py:104} INFO - [2025-02-15 14:49:15,843] {dag.py:1833} INFO - Sync 1 DAGs
[2025-02-15 14:49:15,869] {logging_mixin.py:104} INFO - [2025-02-15 14:49:15,869] {dag.py:2306} INFO - Setting next_dagrun for example_complex to None
[2025-02-15 14:49:15,886] {scheduler_job.py:190} INFO - Processing /home/airflow/.local/lib/python3.6/site-packages/airflow/example_dags/example_complex.py took 0.114 seconds
[2025-02-15 14:49:45,992] {scheduler_job.py:182} INFO - Started process (PID=435) to work on /home/airflow/.local/lib/python3.6/site-packages/airflow/example_dags/example_complex.py
[2025-02-15 14:49:45,994] {scheduler_job.py:633} INFO - Processing file /home/airflow/.local/lib/python3.6/site-packages/airflow/example_dags/example_complex.py for tasks to queue
[2025-02-15 14:49:45,995] {logging_mixin.py:104} INFO - [2025-02-15 14:49:45,995] {dagbag.py:496} INFO - Filling up the DagBag from /home/airflow/.local/lib/python3.6/site-packages/airflow/example_dags/example_complex.py
[2025-02-15 14:49:46,015] {scheduler_job.py:643} INFO - DAG(s) dict_keys(['example_complex']) retrieved from /home/airflow/.local/lib/python3.6/site-packages/airflow/example_dags/example_complex.py
[2025-02-15 14:49:46,042] {logging_mixin.py:104} INFO - [2025-02-15 14:49:46,042] {dag.py:1833} INFO - Sync 1 DAGs
[2025-02-15 14:49:46,062] {logging_mixin.py:104} INFO - [2025-02-15 14:49:46,062] {dag.py:2306} INFO - Setting next_dagrun for example_complex to None
[2025-02-15 14:49:46,081] {scheduler_job.py:190} INFO - Processing /home/airflow/.local/lib/python3.6/site-packages/airflow/example_dags/example_complex.py took 0.094 seconds
[2025-02-15 14:50:16,172] {scheduler_job.py:182} INFO - Started process (PID=496) to work on /home/airflow/.local/lib/python3.6/site-packages/airflow/example_dags/example_complex.py
[2025-02-15 14:50:16,174] {scheduler_job.py:633} INFO - Processing file /home/airflow/.local/lib/python3.6/site-packages/airflow/example_dags/example_complex.py for tasks to queue
[2025-02-15 14:50:16,175] {logging_mixin.py:104} INFO - [2025-02-15 14:50:16,175] {dagbag.py:496} INFO - Filling up the DagBag from /home/airflow/.local/lib/python3.6/site-packages/airflow/example_dags/example_complex.py
[2025-02-15 14:50:16,201] {scheduler_job.py:643} INFO - DAG(s) dict_keys(['example_complex']) retrieved from /home/airflow/.local/lib/python3.6/site-packages/airflow/example_dags/example_complex.py
[2025-02-15 14:50:16,238] {logging_mixin.py:104} INFO - [2025-02-15 14:50:16,238] {dag.py:1833} INFO - Sync 1 DAGs
[2025-02-15 14:50:16,259] {logging_mixin.py:104} INFO - [2025-02-15 14:50:16,259] {dag.py:2306} INFO - Setting next_dagrun for example_complex to None
[2025-02-15 14:50:16,280] {scheduler_job.py:190} INFO - Processing /home/airflow/.local/lib/python3.6/site-packages/airflow/example_dags/example_complex.py took 0.112 seconds
[2025-02-15 14:50:46,535] {scheduler_job.py:182} INFO - Started process (PID=549) to work on /home/airflow/.local/lib/python3.6/site-packages/airflow/example_dags/example_complex.py
[2025-02-15 14:50:46,536] {scheduler_job.py:633} INFO - Processing file /home/airflow/.local/lib/python3.6/site-packages/airflow/example_dags/example_complex.py for tasks to queue
[2025-02-15 14:50:46,537] {logging_mixin.py:104} INFO - [2025-02-15 14:50:46,537] {dagbag.py:496} INFO - Filling up the DagBag from /home/airflow/.local/lib/python3.6/site-packages/airflow/example_dags/example_complex.py
[2025-02-15 14:50:46,557] {scheduler_job.py:643} INFO - DAG(s) dict_keys(['example_complex']) retrieved from /home/airflow/.local/lib/python3.6/site-packages/airflow/example_dags/example_complex.py
[2025-02-15 14:50:46,585] {logging_mixin.py:104} INFO - [2025-02-15 14:50:46,585] {dag.py:1833} INFO - Sync 1 DAGs
[2025-02-15 14:50:46,607] {logging_mixin.py:104} INFO - [2025-02-15 14:50:46,607] {dag.py:2306} INFO - Setting next_dagrun for example_complex to None
[2025-02-15 14:50:46,623] {scheduler_job.py:190} INFO - Processing /home/airflow/.local/lib/python3.6/site-packages/airflow/example_dags/example_complex.py took 0.092 seconds
[2025-02-15 14:51:16,760] {scheduler_job.py:182} INFO - Started process (PID=601) to work on /home/airflow/.local/lib/python3.6/site-packages/airflow/example_dags/example_complex.py
[2025-02-15 14:51:16,761] {scheduler_job.py:633} INFO - Processing file /home/airflow/.local/lib/python3.6/site-packages/airflow/example_dags/example_complex.py for tasks to queue
[2025-02-15 14:51:16,762] {logging_mixin.py:104} INFO - [2025-02-15 14:51:16,762] {dagbag.py:496} INFO - Filling up the DagBag from /home/airflow/.local/lib/python3.6/site-packages/airflow/example_dags/example_complex.py
[2025-02-15 14:51:16,783] {scheduler_job.py:643} INFO - DAG(s) dict_keys(['example_complex']) retrieved from /home/airflow/.local/lib/python3.6/site-packages/airflow/example_dags/example_complex.py
[2025-02-15 14:51:16,812] {logging_mixin.py:104} INFO - [2025-02-15 14:51:16,812] {dag.py:1833} INFO - Sync 1 DAGs
[2025-02-15 14:51:16,831] {logging_mixin.py:104} INFO - [2025-02-15 14:51:16,831] {dag.py:2306} INFO - Setting next_dagrun for example_complex to None
[2025-02-15 14:51:16,847] {scheduler_job.py:190} INFO - Processing /home/airflow/.local/lib/python3.6/site-packages/airflow/example_dags/example_complex.py took 0.093 seconds
[2025-02-15 14:51:47,069] {scheduler_job.py:182} INFO - Started process (PID=663) to work on /home/airflow/.local/lib/python3.6/site-packages/airflow/example_dags/example_complex.py
[2025-02-15 14:51:47,071] {scheduler_job.py:633} INFO - Processing file /home/airflow/.local/lib/python3.6/site-packages/airflow/example_dags/example_complex.py for tasks to queue
[2025-02-15 14:51:47,073] {logging_mixin.py:104} INFO - [2025-02-15 14:51:47,073] {dagbag.py:496} INFO - Filling up the DagBag from /home/airflow/.local/lib/python3.6/site-packages/airflow/example_dags/example_complex.py
[2025-02-15 14:51:47,109] {scheduler_job.py:643} INFO - DAG(s) dict_keys(['example_complex']) retrieved from /home/airflow/.local/lib/python3.6/site-packages/airflow/example_dags/example_complex.py
[2025-02-15 14:51:47,154] {logging_mixin.py:104} INFO - [2025-02-15 14:51:47,153] {dag.py:1833} INFO - Sync 1 DAGs
[2025-02-15 14:51:47,184] {logging_mixin.py:104} INFO - [2025-02-15 14:51:47,184] {dag.py:2306} INFO - Setting next_dagrun for example_complex to None
[2025-02-15 14:51:47,205] {scheduler_job.py:190} INFO - Processing /home/airflow/.local/lib/python3.6/site-packages/airflow/example_dags/example_complex.py took 0.140 seconds
[2025-02-15 15:12:32,707] {scheduler_job.py:182} INFO - Started process (PID=719) to work on /home/airflow/.local/lib/python3.6/site-packages/airflow/example_dags/example_complex.py
[2025-02-15 15:12:32,713] {scheduler_job.py:633} INFO - Processing file /home/airflow/.local/lib/python3.6/site-packages/airflow/example_dags/example_complex.py for tasks to queue
[2025-02-15 15:12:32,716] {logging_mixin.py:104} INFO - [2025-02-15 15:12:32,715] {dagbag.py:496} INFO - Filling up the DagBag from /home/airflow/.local/lib/python3.6/site-packages/airflow/example_dags/example_complex.py
[2025-02-15 15:12:32,784] {scheduler_job.py:643} INFO - DAG(s) dict_keys(['example_complex']) retrieved from /home/airflow/.local/lib/python3.6/site-packages/airflow/example_dags/example_complex.py
[2025-02-15 15:12:32,956] {logging_mixin.py:104} INFO - [2025-02-15 15:12:32,956] {dag.py:1833} INFO - Sync 1 DAGs
[2025-02-15 15:12:33,015] {logging_mixin.py:104} INFO - [2025-02-15 15:12:33,015] {dag.py:2306} INFO - Setting next_dagrun for example_complex to None
[2025-02-15 15:12:33,062] {scheduler_job.py:190} INFO - Processing /home/airflow/.local/lib/python3.6/site-packages/airflow/example_dags/example_complex.py took 0.365 seconds
[2025-02-15 15:13:03,927] {scheduler_job.py:182} INFO - Started process (PID=763) to work on /home/airflow/.local/lib/python3.6/site-packages/airflow/example_dags/example_complex.py
[2025-02-15 15:13:03,930] {scheduler_job.py:633} INFO - Processing file /home/airflow/.local/lib/python3.6/site-packages/airflow/example_dags/example_complex.py for tasks to queue
[2025-02-15 15:13:03,932] {logging_mixin.py:104} INFO - [2025-02-15 15:13:03,932] {dagbag.py:496} INFO - Filling up the DagBag from /home/airflow/.local/lib/python3.6/site-packages/airflow/example_dags/example_complex.py
[2025-02-15 15:13:04,001] {scheduler_job.py:643} INFO - DAG(s) dict_keys(['example_complex']) retrieved from /home/airflow/.local/lib/python3.6/site-packages/airflow/example_dags/example_complex.py
[2025-02-15 15:13:04,126] {logging_mixin.py:104} INFO - [2025-02-15 15:13:04,126] {dag.py:1833} INFO - Sync 1 DAGs
[2025-02-15 15:13:04,184] {logging_mixin.py:104} INFO - [2025-02-15 15:13:04,183] {dag.py:2306} INFO - Setting next_dagrun for example_complex to None
[2025-02-15 15:13:04,230] {scheduler_job.py:190} INFO - Processing /home/airflow/.local/lib/python3.6/site-packages/airflow/example_dags/example_complex.py took 0.315 seconds
[2025-02-15 15:20:31,290] {scheduler_job.py:182} INFO - Started process (PID=71) to work on /home/airflow/.local/lib/python3.6/site-packages/airflow/example_dags/example_complex.py
[2025-02-15 15:20:31,430] {scheduler_job.py:633} INFO - Processing file /home/airflow/.local/lib/python3.6/site-packages/airflow/example_dags/example_complex.py for tasks to queue
[2025-02-15 15:20:31,432] {logging_mixin.py:104} INFO - [2025-02-15 15:20:31,432] {dagbag.py:496} INFO - Filling up the DagBag from /home/airflow/.local/lib/python3.6/site-packages/airflow/example_dags/example_complex.py
[2025-02-15 15:20:31,636] {scheduler_job.py:643} INFO - DAG(s) dict_keys(['example_complex']) retrieved from /home/airflow/.local/lib/python3.6/site-packages/airflow/example_dags/example_complex.py
[2025-02-15 15:20:31,900] {logging_mixin.py:104} INFO - [2025-02-15 15:20:31,899] {dag.py:1833} INFO - Sync 1 DAGs
[2025-02-15 15:20:31,998] {logging_mixin.py:104} INFO - [2025-02-15 15:20:31,998] {dag.py:2306} INFO - Setting next_dagrun for example_complex to None
[2025-02-15 15:20:32,139] {scheduler_job.py:190} INFO - Processing /home/airflow/.local/lib/python3.6/site-packages/airflow/example_dags/example_complex.py took 0.883 seconds
[2025-02-15 15:21:02,958] {scheduler_job.py:182} INFO - Started process (PID=115) to work on /home/airflow/.local/lib/python3.6/site-packages/airflow/example_dags/example_complex.py
[2025-02-15 15:21:02,963] {scheduler_job.py:633} INFO - Processing file /home/airflow/.local/lib/python3.6/site-packages/airflow/example_dags/example_complex.py for tasks to queue
[2025-02-15 15:21:02,966] {logging_mixin.py:104} INFO - [2025-02-15 15:21:02,965] {dagbag.py:496} INFO - Filling up the DagBag from /home/airflow/.local/lib/python3.6/site-packages/airflow/example_dags/example_complex.py
[2025-02-15 15:21:03,104] {scheduler_job.py:643} INFO - DAG(s) dict_keys(['example_complex']) retrieved from /home/airflow/.local/lib/python3.6/site-packages/airflow/example_dags/example_complex.py
[2025-02-15 15:21:03,927] {logging_mixin.py:104} INFO - [2025-02-15 15:21:03,926] {dag.py:1833} INFO - Sync 1 DAGs
[2025-02-15 15:21:04,029] {logging_mixin.py:104} INFO - [2025-02-15 15:21:04,028] {dag.py:2306} INFO - Setting next_dagrun for example_complex to None
[2025-02-15 15:21:04,111] {scheduler_job.py:190} INFO - Processing /home/airflow/.local/lib/python3.6/site-packages/airflow/example_dags/example_complex.py took 0.565 seconds
[2025-02-15 15:21:39,454] {scheduler_job.py:182} INFO - Started process (PID=166) to work on /home/airflow/.local/lib/python3.6/site-packages/airflow/example_dags/example_complex.py
[2025-02-15 15:21:39,473] {scheduler_job.py:633} INFO - Processing file /home/airflow/.local/lib/python3.6/site-packages/airflow/example_dags/example_complex.py for tasks to queue
[2025-02-15 15:21:39,485] {logging_mixin.py:104} INFO - [2025-02-15 15:21:39,485] {dagbag.py:496} INFO - Filling up the DagBag from /home/airflow/.local/lib/python3.6/site-packages/airflow/example_dags/example_complex.py
[2025-02-15 15:21:39,946] {scheduler_job.py:643} INFO - DAG(s) dict_keys(['example_complex']) retrieved from /home/airflow/.local/lib/python3.6/site-packages/airflow/example_dags/example_complex.py
[2025-02-15 15:21:40,331] {logging_mixin.py:104} INFO - [2025-02-15 15:21:40,330] {dag.py:1833} INFO - Sync 1 DAGs
[2025-02-15 15:21:40,566] {logging_mixin.py:104} INFO - [2025-02-15 15:21:40,566] {dag.py:2306} INFO - Setting next_dagrun for example_complex to None
[2025-02-15 15:21:40,753] {scheduler_job.py:190} INFO - Processing /home/airflow/.local/lib/python3.6/site-packages/airflow/example_dags/example_complex.py took 1.344 seconds
[2025-02-15 15:22:31,529] {scheduler_job.py:182} INFO - Started process (PID=218) to work on /home/airflow/.local/lib/python3.6/site-packages/airflow/example_dags/example_complex.py
[2025-02-15 15:22:31,545] {scheduler_job.py:633} INFO - Processing file /home/airflow/.local/lib/python3.6/site-packages/airflow/example_dags/example_complex.py for tasks to queue
[2025-02-15 15:22:31,549] {logging_mixin.py:104} INFO - [2025-02-15 15:22:31,549] {dagbag.py:496} INFO - Filling up the DagBag from /home/airflow/.local/lib/python3.6/site-packages/airflow/example_dags/example_complex.py
[2025-02-15 15:22:31,828] {scheduler_job.py:643} INFO - DAG(s) dict_keys(['example_complex']) retrieved from /home/airflow/.local/lib/python3.6/site-packages/airflow/example_dags/example_complex.py
[2025-02-15 15:22:32,076] {logging_mixin.py:104} INFO - [2025-02-15 15:22:32,075] {dag.py:1833} INFO - Sync 1 DAGs
[2025-02-15 15:22:32,185] {logging_mixin.py:104} INFO - [2025-02-15 15:22:32,184] {dag.py:2306} INFO - Setting next_dagrun for example_complex to None
[2025-02-15 15:22:32,269] {scheduler_job.py:190} INFO - Processing /home/airflow/.local/lib/python3.6/site-packages/airflow/example_dags/example_complex.py took 0.784 seconds
