[2025-02-15 13:54:14,129] {scheduler_job.py:182} INFO - Started process (PID=78) to work on /home/airflow/.local/lib/python3.6/site-packages/airflow/example_dags/example_bash_operator.py
[2025-02-15 13:54:14,132] {scheduler_job.py:633} INFO - Processing file /home/airflow/.local/lib/python3.6/site-packages/airflow/example_dags/example_bash_operator.py for tasks to queue
[2025-02-15 13:54:14,134] {logging_mixin.py:104} INFO - [2025-02-15 13:54:14,134] {dagbag.py:496} INFO - Filling up the DagBag from /home/airflow/.local/lib/python3.6/site-packages/airflow/example_dags/example_bash_operator.py
[2025-02-15 13:54:14,297] {scheduler_job.py:643} INFO - DAG(s) dict_keys(['example_bash_operator']) retrieved from /home/airflow/.local/lib/python3.6/site-packages/airflow/example_dags/example_bash_operator.py
[2025-02-15 13:54:16,382] {logging_mixin.py:104} INFO - [2025-02-15 13:54:16,381] {dag.py:1833} INFO - Sync 1 DAGs
[2025-02-15 13:54:16,555] {logging_mixin.py:104} INFO - [2025-02-15 13:54:16,554] {dag.py:2306} INFO - Setting next_dagrun for example_bash_operator to 2025-02-13 00:00:00+00:00
[2025-02-15 13:54:16,639] {scheduler_job.py:190} INFO - Processing /home/airflow/.local/lib/python3.6/site-packages/airflow/example_dags/example_bash_operator.py took 2.534 seconds
[2025-02-15 13:54:47,397] {scheduler_job.py:182} INFO - Started process (PID=121) to work on /home/airflow/.local/lib/python3.6/site-packages/airflow/example_dags/example_bash_operator.py
[2025-02-15 13:54:47,406] {scheduler_job.py:633} INFO - Processing file /home/airflow/.local/lib/python3.6/site-packages/airflow/example_dags/example_bash_operator.py for tasks to queue
[2025-02-15 13:54:47,412] {logging_mixin.py:104} INFO - [2025-02-15 13:54:47,410] {dagbag.py:496} INFO - Filling up the DagBag from /home/airflow/.local/lib/python3.6/site-packages/airflow/example_dags/example_bash_operator.py
[2025-02-15 13:54:47,824] {scheduler_job.py:643} INFO - DAG(s) dict_keys(['example_bash_operator']) retrieved from /home/airflow/.local/lib/python3.6/site-packages/airflow/example_dags/example_bash_operator.py
[2025-02-15 13:54:48,414] {logging_mixin.py:104} INFO - [2025-02-15 13:54:48,414] {dag.py:1833} INFO - Sync 1 DAGs
[2025-02-15 13:54:48,780] {logging_mixin.py:104} INFO - [2025-02-15 13:54:48,779] {dag.py:2306} INFO - Setting next_dagrun for example_bash_operator to 2025-02-13 00:00:00+00:00
[2025-02-15 13:54:48,992] {scheduler_job.py:190} INFO - Processing /home/airflow/.local/lib/python3.6/site-packages/airflow/example_dags/example_bash_operator.py took 1.765 seconds
[2025-02-15 13:55:24,483] {scheduler_job.py:182} INFO - Started process (PID=171) to work on /home/airflow/.local/lib/python3.6/site-packages/airflow/example_dags/example_bash_operator.py
[2025-02-15 13:55:24,486] {scheduler_job.py:633} INFO - Processing file /home/airflow/.local/lib/python3.6/site-packages/airflow/example_dags/example_bash_operator.py for tasks to queue
[2025-02-15 13:55:24,488] {logging_mixin.py:104} INFO - [2025-02-15 13:55:24,487] {dagbag.py:496} INFO - Filling up the DagBag from /home/airflow/.local/lib/python3.6/site-packages/airflow/example_dags/example_bash_operator.py
[2025-02-15 13:55:24,586] {scheduler_job.py:643} INFO - DAG(s) dict_keys(['example_bash_operator']) retrieved from /home/airflow/.local/lib/python3.6/site-packages/airflow/example_dags/example_bash_operator.py
[2025-02-15 13:55:24,703] {logging_mixin.py:104} INFO - [2025-02-15 13:55:24,703] {dag.py:1833} INFO - Sync 1 DAGs
[2025-02-15 13:55:24,832] {logging_mixin.py:104} INFO - [2025-02-15 13:55:24,832] {dag.py:2306} INFO - Setting next_dagrun for example_bash_operator to 2025-02-13 00:00:00+00:00
[2025-02-15 13:55:24,895] {scheduler_job.py:190} INFO - Processing /home/airflow/.local/lib/python3.6/site-packages/airflow/example_dags/example_bash_operator.py took 0.437 seconds
[2025-02-15 13:55:55,567] {scheduler_job.py:182} INFO - Started process (PID=222) to work on /home/airflow/.local/lib/python3.6/site-packages/airflow/example_dags/example_bash_operator.py
[2025-02-15 13:55:55,569] {scheduler_job.py:633} INFO - Processing file /home/airflow/.local/lib/python3.6/site-packages/airflow/example_dags/example_bash_operator.py for tasks to queue
[2025-02-15 13:55:55,571] {logging_mixin.py:104} INFO - [2025-02-15 13:55:55,571] {dagbag.py:496} INFO - Filling up the DagBag from /home/airflow/.local/lib/python3.6/site-packages/airflow/example_dags/example_bash_operator.py
[2025-02-15 13:55:55,597] {scheduler_job.py:643} INFO - DAG(s) dict_keys(['example_bash_operator']) retrieved from /home/airflow/.local/lib/python3.6/site-packages/airflow/example_dags/example_bash_operator.py
[2025-02-15 13:55:55,664] {logging_mixin.py:104} INFO - [2025-02-15 13:55:55,664] {dag.py:1833} INFO - Sync 1 DAGs
[2025-02-15 13:55:55,713] {logging_mixin.py:104} INFO - [2025-02-15 13:55:55,713] {dag.py:2306} INFO - Setting next_dagrun for example_bash_operator to 2025-02-13 00:00:00+00:00
[2025-02-15 13:55:55,739] {scheduler_job.py:190} INFO - Processing /home/airflow/.local/lib/python3.6/site-packages/airflow/example_dags/example_bash_operator.py took 0.178 seconds
[2025-02-15 13:56:26,074] {scheduler_job.py:182} INFO - Started process (PID=282) to work on /home/airflow/.local/lib/python3.6/site-packages/airflow/example_dags/example_bash_operator.py
[2025-02-15 13:56:26,080] {scheduler_job.py:633} INFO - Processing file /home/airflow/.local/lib/python3.6/site-packages/airflow/example_dags/example_bash_operator.py for tasks to queue
[2025-02-15 13:56:26,087] {logging_mixin.py:104} INFO - [2025-02-15 13:56:26,087] {dagbag.py:496} INFO - Filling up the DagBag from /home/airflow/.local/lib/python3.6/site-packages/airflow/example_dags/example_bash_operator.py
[2025-02-15 13:56:26,161] {scheduler_job.py:643} INFO - DAG(s) dict_keys(['example_bash_operator']) retrieved from /home/airflow/.local/lib/python3.6/site-packages/airflow/example_dags/example_bash_operator.py
[2025-02-15 13:56:26,254] {logging_mixin.py:104} INFO - [2025-02-15 13:56:26,254] {dag.py:1833} INFO - Sync 1 DAGs
[2025-02-15 13:56:26,326] {logging_mixin.py:104} INFO - [2025-02-15 13:56:26,325] {dag.py:2306} INFO - Setting next_dagrun for example_bash_operator to 2025-02-13 00:00:00+00:00
[2025-02-15 13:56:26,361] {scheduler_job.py:190} INFO - Processing /home/airflow/.local/lib/python3.6/site-packages/airflow/example_dags/example_bash_operator.py took 0.304 seconds
[2025-02-15 13:56:56,528] {scheduler_job.py:182} INFO - Started process (PID=333) to work on /home/airflow/.local/lib/python3.6/site-packages/airflow/example_dags/example_bash_operator.py
[2025-02-15 13:56:56,531] {scheduler_job.py:633} INFO - Processing file /home/airflow/.local/lib/python3.6/site-packages/airflow/example_dags/example_bash_operator.py for tasks to queue
[2025-02-15 13:56:56,533] {logging_mixin.py:104} INFO - [2025-02-15 13:56:56,532] {dagbag.py:496} INFO - Filling up the DagBag from /home/airflow/.local/lib/python3.6/site-packages/airflow/example_dags/example_bash_operator.py
[2025-02-15 13:56:56,605] {scheduler_job.py:643} INFO - DAG(s) dict_keys(['example_bash_operator']) retrieved from /home/airflow/.local/lib/python3.6/site-packages/airflow/example_dags/example_bash_operator.py
[2025-02-15 13:56:56,694] {logging_mixin.py:104} INFO - [2025-02-15 13:56:56,694] {dag.py:1833} INFO - Sync 1 DAGs
[2025-02-15 13:56:56,766] {logging_mixin.py:104} INFO - [2025-02-15 13:56:56,766] {dag.py:2306} INFO - Setting next_dagrun for example_bash_operator to 2025-02-13 00:00:00+00:00
[2025-02-15 13:56:56,795] {scheduler_job.py:190} INFO - Processing /home/airflow/.local/lib/python3.6/site-packages/airflow/example_dags/example_bash_operator.py took 0.278 seconds
[2025-02-15 13:57:27,132] {scheduler_job.py:182} INFO - Started process (PID=384) to work on /home/airflow/.local/lib/python3.6/site-packages/airflow/example_dags/example_bash_operator.py
[2025-02-15 13:57:27,136] {scheduler_job.py:633} INFO - Processing file /home/airflow/.local/lib/python3.6/site-packages/airflow/example_dags/example_bash_operator.py for tasks to queue
[2025-02-15 13:57:27,138] {logging_mixin.py:104} INFO - [2025-02-15 13:57:27,137] {dagbag.py:496} INFO - Filling up the DagBag from /home/airflow/.local/lib/python3.6/site-packages/airflow/example_dags/example_bash_operator.py
[2025-02-15 13:57:27,165] {scheduler_job.py:643} INFO - DAG(s) dict_keys(['example_bash_operator']) retrieved from /home/airflow/.local/lib/python3.6/site-packages/airflow/example_dags/example_bash_operator.py
[2025-02-15 13:57:27,212] {logging_mixin.py:104} INFO - [2025-02-15 13:57:27,212] {dag.py:1833} INFO - Sync 1 DAGs
[2025-02-15 13:57:27,521] {logging_mixin.py:104} INFO - [2025-02-15 13:57:27,521] {dag.py:2306} INFO - Setting next_dagrun for example_bash_operator to 2025-02-13 00:00:00+00:00
[2025-02-15 13:57:27,608] {scheduler_job.py:190} INFO - Processing /home/airflow/.local/lib/python3.6/site-packages/airflow/example_dags/example_bash_operator.py took 0.483 seconds
[2025-02-15 13:57:58,292] {scheduler_job.py:182} INFO - Started process (PID=435) to work on /home/airflow/.local/lib/python3.6/site-packages/airflow/example_dags/example_bash_operator.py
[2025-02-15 13:57:58,297] {scheduler_job.py:633} INFO - Processing file /home/airflow/.local/lib/python3.6/site-packages/airflow/example_dags/example_bash_operator.py for tasks to queue
[2025-02-15 13:57:58,299] {logging_mixin.py:104} INFO - [2025-02-15 13:57:58,298] {dagbag.py:496} INFO - Filling up the DagBag from /home/airflow/.local/lib/python3.6/site-packages/airflow/example_dags/example_bash_operator.py
[2025-02-15 13:57:58,347] {scheduler_job.py:643} INFO - DAG(s) dict_keys(['example_bash_operator']) retrieved from /home/airflow/.local/lib/python3.6/site-packages/airflow/example_dags/example_bash_operator.py
[2025-02-15 13:57:58,392] {logging_mixin.py:104} INFO - [2025-02-15 13:57:58,392] {dag.py:1833} INFO - Sync 1 DAGs
[2025-02-15 13:57:58,435] {logging_mixin.py:104} INFO - [2025-02-15 13:57:58,435] {dag.py:2306} INFO - Setting next_dagrun for example_bash_operator to 2025-02-13 00:00:00+00:00
[2025-02-15 13:57:58,456] {scheduler_job.py:190} INFO - Processing /home/airflow/.local/lib/python3.6/site-packages/airflow/example_dags/example_bash_operator.py took 0.176 seconds
[2025-02-15 13:58:28,916] {scheduler_job.py:182} INFO - Started process (PID=486) to work on /home/airflow/.local/lib/python3.6/site-packages/airflow/example_dags/example_bash_operator.py
[2025-02-15 13:58:28,920] {scheduler_job.py:633} INFO - Processing file /home/airflow/.local/lib/python3.6/site-packages/airflow/example_dags/example_bash_operator.py for tasks to queue
[2025-02-15 13:58:28,922] {logging_mixin.py:104} INFO - [2025-02-15 13:58:28,921] {dagbag.py:496} INFO - Filling up the DagBag from /home/airflow/.local/lib/python3.6/site-packages/airflow/example_dags/example_bash_operator.py
[2025-02-15 13:58:28,979] {scheduler_job.py:643} INFO - DAG(s) dict_keys(['example_bash_operator']) retrieved from /home/airflow/.local/lib/python3.6/site-packages/airflow/example_dags/example_bash_operator.py
[2025-02-15 13:58:29,041] {logging_mixin.py:104} INFO - [2025-02-15 13:58:29,040] {dag.py:1833} INFO - Sync 1 DAGs
[2025-02-15 13:58:29,095] {logging_mixin.py:104} INFO - [2025-02-15 13:58:29,095] {dag.py:2306} INFO - Setting next_dagrun for example_bash_operator to 2025-02-13 00:00:00+00:00
[2025-02-15 13:58:29,120] {scheduler_job.py:190} INFO - Processing /home/airflow/.local/lib/python3.6/site-packages/airflow/example_dags/example_bash_operator.py took 0.214 seconds
[2025-02-15 13:58:59,218] {scheduler_job.py:182} INFO - Started process (PID=548) to work on /home/airflow/.local/lib/python3.6/site-packages/airflow/example_dags/example_bash_operator.py
[2025-02-15 13:58:59,224] {scheduler_job.py:633} INFO - Processing file /home/airflow/.local/lib/python3.6/site-packages/airflow/example_dags/example_bash_operator.py for tasks to queue
[2025-02-15 13:58:59,225] {logging_mixin.py:104} INFO - [2025-02-15 13:58:59,225] {dagbag.py:496} INFO - Filling up the DagBag from /home/airflow/.local/lib/python3.6/site-packages/airflow/example_dags/example_bash_operator.py
[2025-02-15 13:58:59,243] {scheduler_job.py:643} INFO - DAG(s) dict_keys(['example_bash_operator']) retrieved from /home/airflow/.local/lib/python3.6/site-packages/airflow/example_dags/example_bash_operator.py
[2025-02-15 13:58:59,272] {logging_mixin.py:104} INFO - [2025-02-15 13:58:59,272] {dag.py:1833} INFO - Sync 1 DAGs
[2025-02-15 13:58:59,294] {logging_mixin.py:104} INFO - [2025-02-15 13:58:59,293] {dag.py:2306} INFO - Setting next_dagrun for example_bash_operator to 2025-02-13 00:00:00+00:00
[2025-02-15 13:58:59,309] {scheduler_job.py:190} INFO - Processing /home/airflow/.local/lib/python3.6/site-packages/airflow/example_dags/example_bash_operator.py took 0.095 seconds
[2025-02-15 13:59:29,971] {scheduler_job.py:182} INFO - Started process (PID=610) to work on /home/airflow/.local/lib/python3.6/site-packages/airflow/example_dags/example_bash_operator.py
[2025-02-15 13:59:29,973] {scheduler_job.py:633} INFO - Processing file /home/airflow/.local/lib/python3.6/site-packages/airflow/example_dags/example_bash_operator.py for tasks to queue
[2025-02-15 13:59:29,973] {logging_mixin.py:104} INFO - [2025-02-15 13:59:29,973] {dagbag.py:496} INFO - Filling up the DagBag from /home/airflow/.local/lib/python3.6/site-packages/airflow/example_dags/example_bash_operator.py
[2025-02-15 13:59:29,990] {scheduler_job.py:643} INFO - DAG(s) dict_keys(['example_bash_operator']) retrieved from /home/airflow/.local/lib/python3.6/site-packages/airflow/example_dags/example_bash_operator.py
[2025-02-15 13:59:30,021] {logging_mixin.py:104} INFO - [2025-02-15 13:59:30,020] {dag.py:1833} INFO - Sync 1 DAGs
[2025-02-15 13:59:30,045] {logging_mixin.py:104} INFO - [2025-02-15 13:59:30,045] {dag.py:2306} INFO - Setting next_dagrun for example_bash_operator to 2025-02-13 00:00:00+00:00
[2025-02-15 13:59:30,062] {scheduler_job.py:190} INFO - Processing /home/airflow/.local/lib/python3.6/site-packages/airflow/example_dags/example_bash_operator.py took 0.094 seconds
[2025-02-15 14:00:00,445] {scheduler_job.py:182} INFO - Started process (PID=662) to work on /home/airflow/.local/lib/python3.6/site-packages/airflow/example_dags/example_bash_operator.py
[2025-02-15 14:00:00,446] {scheduler_job.py:633} INFO - Processing file /home/airflow/.local/lib/python3.6/site-packages/airflow/example_dags/example_bash_operator.py for tasks to queue
[2025-02-15 14:00:00,447] {logging_mixin.py:104} INFO - [2025-02-15 14:00:00,447] {dagbag.py:496} INFO - Filling up the DagBag from /home/airflow/.local/lib/python3.6/site-packages/airflow/example_dags/example_bash_operator.py
[2025-02-15 14:00:00,471] {scheduler_job.py:643} INFO - DAG(s) dict_keys(['example_bash_operator']) retrieved from /home/airflow/.local/lib/python3.6/site-packages/airflow/example_dags/example_bash_operator.py
[2025-02-15 14:00:00,514] {logging_mixin.py:104} INFO - [2025-02-15 14:00:00,514] {dag.py:1833} INFO - Sync 1 DAGs
[2025-02-15 14:00:00,553] {logging_mixin.py:104} INFO - [2025-02-15 14:00:00,553] {dag.py:2306} INFO - Setting next_dagrun for example_bash_operator to 2025-02-13 00:00:00+00:00
[2025-02-15 14:00:00,575] {scheduler_job.py:190} INFO - Processing /home/airflow/.local/lib/python3.6/site-packages/airflow/example_dags/example_bash_operator.py took 0.135 seconds
[2025-02-15 14:01:31,023] {scheduler_job.py:182} INFO - Started process (PID=78) to work on /home/airflow/.local/lib/python3.6/site-packages/airflow/example_dags/example_bash_operator.py
[2025-02-15 14:01:31,029] {scheduler_job.py:633} INFO - Processing file /home/airflow/.local/lib/python3.6/site-packages/airflow/example_dags/example_bash_operator.py for tasks to queue
[2025-02-15 14:01:31,034] {logging_mixin.py:104} INFO - [2025-02-15 14:01:31,032] {dagbag.py:496} INFO - Filling up the DagBag from /home/airflow/.local/lib/python3.6/site-packages/airflow/example_dags/example_bash_operator.py
[2025-02-15 14:01:31,105] {scheduler_job.py:643} INFO - DAG(s) dict_keys(['example_bash_operator']) retrieved from /home/airflow/.local/lib/python3.6/site-packages/airflow/example_dags/example_bash_operator.py
[2025-02-15 14:01:31,195] {logging_mixin.py:104} INFO - [2025-02-15 14:01:31,195] {dag.py:1833} INFO - Sync 1 DAGs
[2025-02-15 14:01:31,284] {logging_mixin.py:104} INFO - [2025-02-15 14:01:31,284] {dag.py:2306} INFO - Setting next_dagrun for example_bash_operator to 2025-02-13 00:00:00+00:00
[2025-02-15 14:01:31,327] {scheduler_job.py:190} INFO - Processing /home/airflow/.local/lib/python3.6/site-packages/airflow/example_dags/example_bash_operator.py took 0.315 seconds
[2025-02-15 14:07:11,815] {scheduler_job.py:182} INFO - Started process (PID=259) to work on /home/airflow/.local/lib/python3.6/site-packages/airflow/example_dags/example_bash_operator.py
[2025-02-15 14:07:11,829] {scheduler_job.py:633} INFO - Processing file /home/airflow/.local/lib/python3.6/site-packages/airflow/example_dags/example_bash_operator.py for tasks to queue
[2025-02-15 14:07:11,831] {logging_mixin.py:104} INFO - [2025-02-15 14:07:11,831] {dagbag.py:496} INFO - Filling up the DagBag from /home/airflow/.local/lib/python3.6/site-packages/airflow/example_dags/example_bash_operator.py
[2025-02-15 14:07:11,881] {scheduler_job.py:643} INFO - DAG(s) dict_keys(['example_bash_operator']) retrieved from /home/airflow/.local/lib/python3.6/site-packages/airflow/example_dags/example_bash_operator.py
[2025-02-15 14:07:15,739] {logging_mixin.py:104} INFO - [2025-02-15 14:07:15,736] {dag.py:1833} INFO - Sync 1 DAGs
[2025-02-15 14:07:15,768] {logging_mixin.py:104} INFO - [2025-02-15 14:07:15,765] {dag.py:1852} INFO - Creating ORM DAG for example_bash_operator
[2025-02-15 14:07:15,786] {logging_mixin.py:104} INFO - [2025-02-15 14:07:15,785] {dag.py:2306} INFO - Setting next_dagrun for example_bash_operator to 2025-02-13 00:00:00+00:00
[2025-02-15 14:07:15,806] {scheduler_job.py:190} INFO - Processing /home/airflow/.local/lib/python3.6/site-packages/airflow/example_dags/example_bash_operator.py took 4.013 seconds
[2025-02-15 14:07:51,279] {scheduler_job.py:182} INFO - Started process (PID=430) to work on /home/airflow/.local/lib/python3.6/site-packages/airflow/example_dags/example_bash_operator.py
[2025-02-15 14:07:51,283] {scheduler_job.py:633} INFO - Processing file /home/airflow/.local/lib/python3.6/site-packages/airflow/example_dags/example_bash_operator.py for tasks to queue
[2025-02-15 14:07:51,287] {logging_mixin.py:104} INFO - [2025-02-15 14:07:51,285] {dagbag.py:496} INFO - Filling up the DagBag from /home/airflow/.local/lib/python3.6/site-packages/airflow/example_dags/example_bash_operator.py
[2025-02-15 14:07:51,371] {scheduler_job.py:643} INFO - DAG(s) dict_keys(['example_bash_operator']) retrieved from /home/airflow/.local/lib/python3.6/site-packages/airflow/example_dags/example_bash_operator.py
[2025-02-15 14:07:51,453] {logging_mixin.py:104} INFO - [2025-02-15 14:07:51,453] {dag.py:1833} INFO - Sync 1 DAGs
[2025-02-15 14:07:51,511] {logging_mixin.py:104} INFO - [2025-02-15 14:07:51,510] {dag.py:2306} INFO - Setting next_dagrun for example_bash_operator to 2025-02-13 00:00:00+00:00
[2025-02-15 14:07:51,544] {scheduler_job.py:190} INFO - Processing /home/airflow/.local/lib/python3.6/site-packages/airflow/example_dags/example_bash_operator.py took 0.284 seconds
[2025-02-15 14:08:21,957] {scheduler_job.py:182} INFO - Started process (PID=485) to work on /home/airflow/.local/lib/python3.6/site-packages/airflow/example_dags/example_bash_operator.py
[2025-02-15 14:08:21,958] {scheduler_job.py:633} INFO - Processing file /home/airflow/.local/lib/python3.6/site-packages/airflow/example_dags/example_bash_operator.py for tasks to queue
[2025-02-15 14:08:21,959] {logging_mixin.py:104} INFO - [2025-02-15 14:08:21,958] {dagbag.py:496} INFO - Filling up the DagBag from /home/airflow/.local/lib/python3.6/site-packages/airflow/example_dags/example_bash_operator.py
[2025-02-15 14:08:21,975] {scheduler_job.py:643} INFO - DAG(s) dict_keys(['example_bash_operator']) retrieved from /home/airflow/.local/lib/python3.6/site-packages/airflow/example_dags/example_bash_operator.py
[2025-02-15 14:08:22,007] {logging_mixin.py:104} INFO - [2025-02-15 14:08:22,007] {dag.py:1833} INFO - Sync 1 DAGs
[2025-02-15 14:08:22,032] {logging_mixin.py:104} INFO - [2025-02-15 14:08:22,032] {dag.py:2306} INFO - Setting next_dagrun for example_bash_operator to 2025-02-13 00:00:00+00:00
[2025-02-15 14:08:22,048] {scheduler_job.py:190} INFO - Processing /home/airflow/.local/lib/python3.6/site-packages/airflow/example_dags/example_bash_operator.py took 0.095 seconds
[2025-02-15 14:08:52,327] {scheduler_job.py:182} INFO - Started process (PID=537) to work on /home/airflow/.local/lib/python3.6/site-packages/airflow/example_dags/example_bash_operator.py
[2025-02-15 14:08:52,328] {scheduler_job.py:633} INFO - Processing file /home/airflow/.local/lib/python3.6/site-packages/airflow/example_dags/example_bash_operator.py for tasks to queue
[2025-02-15 14:08:52,329] {logging_mixin.py:104} INFO - [2025-02-15 14:08:52,329] {dagbag.py:496} INFO - Filling up the DagBag from /home/airflow/.local/lib/python3.6/site-packages/airflow/example_dags/example_bash_operator.py
[2025-02-15 14:08:52,347] {scheduler_job.py:643} INFO - DAG(s) dict_keys(['example_bash_operator']) retrieved from /home/airflow/.local/lib/python3.6/site-packages/airflow/example_dags/example_bash_operator.py
[2025-02-15 14:08:52,376] {logging_mixin.py:104} INFO - [2025-02-15 14:08:52,376] {dag.py:1833} INFO - Sync 1 DAGs
[2025-02-15 14:08:52,397] {logging_mixin.py:104} INFO - [2025-02-15 14:08:52,397] {dag.py:2306} INFO - Setting next_dagrun for example_bash_operator to 2025-02-13 00:00:00+00:00
[2025-02-15 14:08:52,410] {scheduler_job.py:190} INFO - Processing /home/airflow/.local/lib/python3.6/site-packages/airflow/example_dags/example_bash_operator.py took 0.088 seconds
[2025-02-15 14:09:23,139] {scheduler_job.py:182} INFO - Started process (PID=599) to work on /home/airflow/.local/lib/python3.6/site-packages/airflow/example_dags/example_bash_operator.py
[2025-02-15 14:09:23,141] {scheduler_job.py:633} INFO - Processing file /home/airflow/.local/lib/python3.6/site-packages/airflow/example_dags/example_bash_operator.py for tasks to queue
[2025-02-15 14:09:23,142] {logging_mixin.py:104} INFO - [2025-02-15 14:09:23,142] {dagbag.py:496} INFO - Filling up the DagBag from /home/airflow/.local/lib/python3.6/site-packages/airflow/example_dags/example_bash_operator.py
[2025-02-15 14:09:23,159] {scheduler_job.py:643} INFO - DAG(s) dict_keys(['example_bash_operator']) retrieved from /home/airflow/.local/lib/python3.6/site-packages/airflow/example_dags/example_bash_operator.py
[2025-02-15 14:09:23,187] {logging_mixin.py:104} INFO - [2025-02-15 14:09:23,187] {dag.py:1833} INFO - Sync 1 DAGs
[2025-02-15 14:09:23,206] {logging_mixin.py:104} INFO - [2025-02-15 14:09:23,206] {dag.py:2306} INFO - Setting next_dagrun for example_bash_operator to 2025-02-13 00:00:00+00:00
[2025-02-15 14:09:23,219] {scheduler_job.py:190} INFO - Processing /home/airflow/.local/lib/python3.6/site-packages/airflow/example_dags/example_bash_operator.py took 0.083 seconds
[2025-02-15 14:09:53,817] {scheduler_job.py:182} INFO - Started process (PID=651) to work on /home/airflow/.local/lib/python3.6/site-packages/airflow/example_dags/example_bash_operator.py
[2025-02-15 14:09:53,818] {scheduler_job.py:633} INFO - Processing file /home/airflow/.local/lib/python3.6/site-packages/airflow/example_dags/example_bash_operator.py for tasks to queue
[2025-02-15 14:09:53,818] {logging_mixin.py:104} INFO - [2025-02-15 14:09:53,818] {dagbag.py:496} INFO - Filling up the DagBag from /home/airflow/.local/lib/python3.6/site-packages/airflow/example_dags/example_bash_operator.py
[2025-02-15 14:09:53,835] {scheduler_job.py:643} INFO - DAG(s) dict_keys(['example_bash_operator']) retrieved from /home/airflow/.local/lib/python3.6/site-packages/airflow/example_dags/example_bash_operator.py
[2025-02-15 14:09:53,863] {logging_mixin.py:104} INFO - [2025-02-15 14:09:53,863] {dag.py:1833} INFO - Sync 1 DAGs
[2025-02-15 14:09:53,882] {logging_mixin.py:104} INFO - [2025-02-15 14:09:53,882] {dag.py:2306} INFO - Setting next_dagrun for example_bash_operator to 2025-02-13 00:00:00+00:00
[2025-02-15 14:09:53,898] {scheduler_job.py:190} INFO - Processing /home/airflow/.local/lib/python3.6/site-packages/airflow/example_dags/example_bash_operator.py took 0.086 seconds
[2025-02-15 14:10:24,696] {scheduler_job.py:182} INFO - Started process (PID=712) to work on /home/airflow/.local/lib/python3.6/site-packages/airflow/example_dags/example_bash_operator.py
[2025-02-15 14:10:24,698] {scheduler_job.py:633} INFO - Processing file /home/airflow/.local/lib/python3.6/site-packages/airflow/example_dags/example_bash_operator.py for tasks to queue
[2025-02-15 14:10:24,699] {logging_mixin.py:104} INFO - [2025-02-15 14:10:24,698] {dagbag.py:496} INFO - Filling up the DagBag from /home/airflow/.local/lib/python3.6/site-packages/airflow/example_dags/example_bash_operator.py
[2025-02-15 14:10:24,719] {scheduler_job.py:643} INFO - DAG(s) dict_keys(['example_bash_operator']) retrieved from /home/airflow/.local/lib/python3.6/site-packages/airflow/example_dags/example_bash_operator.py
[2025-02-15 14:10:24,746] {logging_mixin.py:104} INFO - [2025-02-15 14:10:24,746] {dag.py:1833} INFO - Sync 1 DAGs
[2025-02-15 14:10:24,765] {logging_mixin.py:104} INFO - [2025-02-15 14:10:24,765] {dag.py:2306} INFO - Setting next_dagrun for example_bash_operator to 2025-02-13 00:00:00+00:00
[2025-02-15 14:10:24,778] {scheduler_job.py:190} INFO - Processing /home/airflow/.local/lib/python3.6/site-packages/airflow/example_dags/example_bash_operator.py took 0.087 seconds
[2025-02-15 14:10:55,058] {scheduler_job.py:182} INFO - Started process (PID=764) to work on /home/airflow/.local/lib/python3.6/site-packages/airflow/example_dags/example_bash_operator.py
[2025-02-15 14:10:55,059] {scheduler_job.py:633} INFO - Processing file /home/airflow/.local/lib/python3.6/site-packages/airflow/example_dags/example_bash_operator.py for tasks to queue
[2025-02-15 14:10:55,060] {logging_mixin.py:104} INFO - [2025-02-15 14:10:55,060] {dagbag.py:496} INFO - Filling up the DagBag from /home/airflow/.local/lib/python3.6/site-packages/airflow/example_dags/example_bash_operator.py
[2025-02-15 14:10:55,076] {scheduler_job.py:643} INFO - DAG(s) dict_keys(['example_bash_operator']) retrieved from /home/airflow/.local/lib/python3.6/site-packages/airflow/example_dags/example_bash_operator.py
[2025-02-15 14:10:55,103] {logging_mixin.py:104} INFO - [2025-02-15 14:10:55,103] {dag.py:1833} INFO - Sync 1 DAGs
[2025-02-15 14:10:55,122] {logging_mixin.py:104} INFO - [2025-02-15 14:10:55,122] {dag.py:2306} INFO - Setting next_dagrun for example_bash_operator to 2025-02-13 00:00:00+00:00
[2025-02-15 14:10:55,138] {scheduler_job.py:190} INFO - Processing /home/airflow/.local/lib/python3.6/site-packages/airflow/example_dags/example_bash_operator.py took 0.083 seconds
[2025-02-15 14:11:25,615] {scheduler_job.py:182} INFO - Started process (PID=826) to work on /home/airflow/.local/lib/python3.6/site-packages/airflow/example_dags/example_bash_operator.py
[2025-02-15 14:11:25,616] {scheduler_job.py:633} INFO - Processing file /home/airflow/.local/lib/python3.6/site-packages/airflow/example_dags/example_bash_operator.py for tasks to queue
[2025-02-15 14:11:25,617] {logging_mixin.py:104} INFO - [2025-02-15 14:11:25,617] {dagbag.py:496} INFO - Filling up the DagBag from /home/airflow/.local/lib/python3.6/site-packages/airflow/example_dags/example_bash_operator.py
[2025-02-15 14:11:25,633] {scheduler_job.py:643} INFO - DAG(s) dict_keys(['example_bash_operator']) retrieved from /home/airflow/.local/lib/python3.6/site-packages/airflow/example_dags/example_bash_operator.py
[2025-02-15 14:11:25,662] {logging_mixin.py:104} INFO - [2025-02-15 14:11:25,662] {dag.py:1833} INFO - Sync 1 DAGs
[2025-02-15 14:11:25,683] {logging_mixin.py:104} INFO - [2025-02-15 14:11:25,683] {dag.py:2306} INFO - Setting next_dagrun for example_bash_operator to 2025-02-13 00:00:00+00:00
[2025-02-15 14:11:25,697] {scheduler_job.py:190} INFO - Processing /home/airflow/.local/lib/python3.6/site-packages/airflow/example_dags/example_bash_operator.py took 0.086 seconds
[2025-02-15 14:11:56,538] {scheduler_job.py:182} INFO - Started process (PID=878) to work on /home/airflow/.local/lib/python3.6/site-packages/airflow/example_dags/example_bash_operator.py
[2025-02-15 14:11:56,544] {scheduler_job.py:633} INFO - Processing file /home/airflow/.local/lib/python3.6/site-packages/airflow/example_dags/example_bash_operator.py for tasks to queue
[2025-02-15 14:11:56,546] {logging_mixin.py:104} INFO - [2025-02-15 14:11:56,545] {dagbag.py:496} INFO - Filling up the DagBag from /home/airflow/.local/lib/python3.6/site-packages/airflow/example_dags/example_bash_operator.py
[2025-02-15 14:11:56,577] {scheduler_job.py:643} INFO - DAG(s) dict_keys(['example_bash_operator']) retrieved from /home/airflow/.local/lib/python3.6/site-packages/airflow/example_dags/example_bash_operator.py
[2025-02-15 14:11:56,617] {logging_mixin.py:104} INFO - [2025-02-15 14:11:56,617] {dag.py:1833} INFO - Sync 1 DAGs
[2025-02-15 14:11:56,650] {logging_mixin.py:104} INFO - [2025-02-15 14:11:56,650] {dag.py:2306} INFO - Setting next_dagrun for example_bash_operator to 2025-02-13 00:00:00+00:00
[2025-02-15 14:11:56,683] {scheduler_job.py:190} INFO - Processing /home/airflow/.local/lib/python3.6/site-packages/airflow/example_dags/example_bash_operator.py took 0.152 seconds
[2025-02-15 14:12:27,548] {scheduler_job.py:182} INFO - Started process (PID=941) to work on /home/airflow/.local/lib/python3.6/site-packages/airflow/example_dags/example_bash_operator.py
[2025-02-15 14:12:27,550] {scheduler_job.py:633} INFO - Processing file /home/airflow/.local/lib/python3.6/site-packages/airflow/example_dags/example_bash_operator.py for tasks to queue
[2025-02-15 14:12:27,551] {logging_mixin.py:104} INFO - [2025-02-15 14:12:27,550] {dagbag.py:496} INFO - Filling up the DagBag from /home/airflow/.local/lib/python3.6/site-packages/airflow/example_dags/example_bash_operator.py
[2025-02-15 14:12:27,567] {scheduler_job.py:643} INFO - DAG(s) dict_keys(['example_bash_operator']) retrieved from /home/airflow/.local/lib/python3.6/site-packages/airflow/example_dags/example_bash_operator.py
[2025-02-15 14:12:27,596] {logging_mixin.py:104} INFO - [2025-02-15 14:12:27,596] {dag.py:1833} INFO - Sync 1 DAGs
[2025-02-15 14:12:27,621] {logging_mixin.py:104} INFO - [2025-02-15 14:12:27,621] {dag.py:2306} INFO - Setting next_dagrun for example_bash_operator to 2025-02-13 00:00:00+00:00
[2025-02-15 14:12:27,642] {scheduler_job.py:190} INFO - Processing /home/airflow/.local/lib/python3.6/site-packages/airflow/example_dags/example_bash_operator.py took 0.098 seconds
[2025-02-15 14:12:58,198] {scheduler_job.py:182} INFO - Started process (PID=1000) to work on /home/airflow/.local/lib/python3.6/site-packages/airflow/example_dags/example_bash_operator.py
[2025-02-15 14:12:58,199] {scheduler_job.py:633} INFO - Processing file /home/airflow/.local/lib/python3.6/site-packages/airflow/example_dags/example_bash_operator.py for tasks to queue
[2025-02-15 14:12:58,201] {logging_mixin.py:104} INFO - [2025-02-15 14:12:58,201] {dagbag.py:496} INFO - Filling up the DagBag from /home/airflow/.local/lib/python3.6/site-packages/airflow/example_dags/example_bash_operator.py
[2025-02-15 14:12:58,222] {scheduler_job.py:643} INFO - DAG(s) dict_keys(['example_bash_operator']) retrieved from /home/airflow/.local/lib/python3.6/site-packages/airflow/example_dags/example_bash_operator.py
[2025-02-15 14:12:58,251] {logging_mixin.py:104} INFO - [2025-02-15 14:12:58,251] {dag.py:1833} INFO - Sync 1 DAGs
[2025-02-15 14:12:58,273] {logging_mixin.py:104} INFO - [2025-02-15 14:12:58,273] {dag.py:2306} INFO - Setting next_dagrun for example_bash_operator to 2025-02-13 00:00:00+00:00
[2025-02-15 14:12:58,292] {scheduler_job.py:190} INFO - Processing /home/airflow/.local/lib/python3.6/site-packages/airflow/example_dags/example_bash_operator.py took 0.099 seconds
[2025-02-15 14:13:28,508] {scheduler_job.py:182} INFO - Started process (PID=1055) to work on /home/airflow/.local/lib/python3.6/site-packages/airflow/example_dags/example_bash_operator.py
[2025-02-15 14:13:28,509] {scheduler_job.py:633} INFO - Processing file /home/airflow/.local/lib/python3.6/site-packages/airflow/example_dags/example_bash_operator.py for tasks to queue
[2025-02-15 14:13:28,510] {logging_mixin.py:104} INFO - [2025-02-15 14:13:28,510] {dagbag.py:496} INFO - Filling up the DagBag from /home/airflow/.local/lib/python3.6/site-packages/airflow/example_dags/example_bash_operator.py
[2025-02-15 14:13:28,528] {scheduler_job.py:643} INFO - DAG(s) dict_keys(['example_bash_operator']) retrieved from /home/airflow/.local/lib/python3.6/site-packages/airflow/example_dags/example_bash_operator.py
[2025-02-15 14:13:28,560] {logging_mixin.py:104} INFO - [2025-02-15 14:13:28,560] {dag.py:1833} INFO - Sync 1 DAGs
[2025-02-15 14:13:28,589] {logging_mixin.py:104} INFO - [2025-02-15 14:13:28,589] {dag.py:2306} INFO - Setting next_dagrun for example_bash_operator to 2025-02-13 00:00:00+00:00
[2025-02-15 14:13:28,604] {scheduler_job.py:190} INFO - Processing /home/airflow/.local/lib/python3.6/site-packages/airflow/example_dags/example_bash_operator.py took 0.102 seconds
[2025-02-15 14:15:09,807] {scheduler_job.py:182} INFO - Started process (PID=73) to work on /home/airflow/.local/lib/python3.6/site-packages/airflow/example_dags/example_bash_operator.py
[2025-02-15 14:15:09,810] {scheduler_job.py:633} INFO - Processing file /home/airflow/.local/lib/python3.6/site-packages/airflow/example_dags/example_bash_operator.py for tasks to queue
[2025-02-15 14:15:09,812] {logging_mixin.py:104} INFO - [2025-02-15 14:15:09,812] {dagbag.py:496} INFO - Filling up the DagBag from /home/airflow/.local/lib/python3.6/site-packages/airflow/example_dags/example_bash_operator.py
[2025-02-15 14:15:09,876] {scheduler_job.py:643} INFO - DAG(s) dict_keys(['example_bash_operator']) retrieved from /home/airflow/.local/lib/python3.6/site-packages/airflow/example_dags/example_bash_operator.py
[2025-02-15 14:15:09,961] {logging_mixin.py:104} INFO - [2025-02-15 14:15:09,961] {dag.py:1833} INFO - Sync 1 DAGs
[2025-02-15 14:15:10,033] {logging_mixin.py:104} INFO - [2025-02-15 14:15:10,033] {dag.py:2306} INFO - Setting next_dagrun for example_bash_operator to 2025-02-13 00:00:00+00:00
[2025-02-15 14:15:10,064] {scheduler_job.py:190} INFO - Processing /home/airflow/.local/lib/python3.6/site-packages/airflow/example_dags/example_bash_operator.py took 0.266 seconds
[2025-02-15 14:15:45,413] {scheduler_job.py:182} INFO - Started process (PID=125) to work on /home/airflow/.local/lib/python3.6/site-packages/airflow/example_dags/example_bash_operator.py
[2025-02-15 14:15:45,419] {scheduler_job.py:633} INFO - Processing file /home/airflow/.local/lib/python3.6/site-packages/airflow/example_dags/example_bash_operator.py for tasks to queue
[2025-02-15 14:15:45,422] {logging_mixin.py:104} INFO - [2025-02-15 14:15:45,422] {dagbag.py:496} INFO - Filling up the DagBag from /home/airflow/.local/lib/python3.6/site-packages/airflow/example_dags/example_bash_operator.py
[2025-02-15 14:15:45,566] {scheduler_job.py:643} INFO - DAG(s) dict_keys(['example_bash_operator']) retrieved from /home/airflow/.local/lib/python3.6/site-packages/airflow/example_dags/example_bash_operator.py
[2025-02-15 14:15:45,643] {logging_mixin.py:104} INFO - [2025-02-15 14:15:45,643] {dag.py:1833} INFO - Sync 1 DAGs
[2025-02-15 14:15:45,711] {logging_mixin.py:104} INFO - [2025-02-15 14:15:45,711] {dag.py:2306} INFO - Setting next_dagrun for example_bash_operator to 2025-02-13 00:00:00+00:00
[2025-02-15 14:15:45,747] {scheduler_job.py:190} INFO - Processing /home/airflow/.local/lib/python3.6/site-packages/airflow/example_dags/example_bash_operator.py took 0.354 seconds
[2025-02-15 14:21:17,809] {scheduler_job.py:182} INFO - Started process (PID=179) to work on /home/airflow/.local/lib/python3.6/site-packages/airflow/example_dags/example_bash_operator.py
[2025-02-15 14:21:17,815] {scheduler_job.py:633} INFO - Processing file /home/airflow/.local/lib/python3.6/site-packages/airflow/example_dags/example_bash_operator.py for tasks to queue
[2025-02-15 14:21:17,817] {logging_mixin.py:104} INFO - [2025-02-15 14:21:17,816] {dagbag.py:496} INFO - Filling up the DagBag from /home/airflow/.local/lib/python3.6/site-packages/airflow/example_dags/example_bash_operator.py
[2025-02-15 14:21:17,911] {scheduler_job.py:643} INFO - DAG(s) dict_keys(['example_bash_operator']) retrieved from /home/airflow/.local/lib/python3.6/site-packages/airflow/example_dags/example_bash_operator.py
[2025-02-15 14:21:18,023] {logging_mixin.py:104} INFO - [2025-02-15 14:21:18,022] {dag.py:1833} INFO - Sync 1 DAGs
[2025-02-15 14:21:18,067] {logging_mixin.py:104} INFO - [2025-02-15 14:21:18,067] {dag.py:2306} INFO - Setting next_dagrun for example_bash_operator to 2025-02-13 00:00:00+00:00
[2025-02-15 14:21:18,122] {scheduler_job.py:190} INFO - Processing /home/airflow/.local/lib/python3.6/site-packages/airflow/example_dags/example_bash_operator.py took 0.326 seconds
[2025-02-15 14:21:49,547] {scheduler_job.py:182} INFO - Started process (PID=222) to work on /home/airflow/.local/lib/python3.6/site-packages/airflow/example_dags/example_bash_operator.py
[2025-02-15 14:21:49,549] {scheduler_job.py:633} INFO - Processing file /home/airflow/.local/lib/python3.6/site-packages/airflow/example_dags/example_bash_operator.py for tasks to queue
[2025-02-15 14:21:49,551] {logging_mixin.py:104} INFO - [2025-02-15 14:21:49,551] {dagbag.py:496} INFO - Filling up the DagBag from /home/airflow/.local/lib/python3.6/site-packages/airflow/example_dags/example_bash_operator.py
[2025-02-15 14:21:49,597] {scheduler_job.py:643} INFO - DAG(s) dict_keys(['example_bash_operator']) retrieved from /home/airflow/.local/lib/python3.6/site-packages/airflow/example_dags/example_bash_operator.py
[2025-02-15 14:21:49,684] {logging_mixin.py:104} INFO - [2025-02-15 14:21:49,683] {dag.py:1833} INFO - Sync 1 DAGs
[2025-02-15 14:21:49,740] {logging_mixin.py:104} INFO - [2025-02-15 14:21:49,740] {dag.py:2306} INFO - Setting next_dagrun for example_bash_operator to 2025-02-13 00:00:00+00:00
[2025-02-15 14:21:49,811] {scheduler_job.py:190} INFO - Processing /home/airflow/.local/lib/python3.6/site-packages/airflow/example_dags/example_bash_operator.py took 0.275 seconds
[2025-02-15 14:22:20,294] {scheduler_job.py:182} INFO - Started process (PID=273) to work on /home/airflow/.local/lib/python3.6/site-packages/airflow/example_dags/example_bash_operator.py
[2025-02-15 14:22:20,298] {scheduler_job.py:633} INFO - Processing file /home/airflow/.local/lib/python3.6/site-packages/airflow/example_dags/example_bash_operator.py for tasks to queue
[2025-02-15 14:22:20,300] {logging_mixin.py:104} INFO - [2025-02-15 14:22:20,300] {dagbag.py:496} INFO - Filling up the DagBag from /home/airflow/.local/lib/python3.6/site-packages/airflow/example_dags/example_bash_operator.py
[2025-02-15 14:22:20,343] {scheduler_job.py:643} INFO - DAG(s) dict_keys(['example_bash_operator']) retrieved from /home/airflow/.local/lib/python3.6/site-packages/airflow/example_dags/example_bash_operator.py
[2025-02-15 14:22:20,405] {logging_mixin.py:104} INFO - [2025-02-15 14:22:20,405] {dag.py:1833} INFO - Sync 1 DAGs
[2025-02-15 14:22:20,436] {logging_mixin.py:104} INFO - [2025-02-15 14:22:20,436] {dag.py:2306} INFO - Setting next_dagrun for example_bash_operator to 2025-02-13 00:00:00+00:00
[2025-02-15 14:22:20,456] {scheduler_job.py:190} INFO - Processing /home/airflow/.local/lib/python3.6/site-packages/airflow/example_dags/example_bash_operator.py took 0.174 seconds
[2025-02-15 14:22:52,437] {scheduler_job.py:182} INFO - Started process (PID=325) to work on /home/airflow/.local/lib/python3.6/site-packages/airflow/example_dags/example_bash_operator.py
[2025-02-15 14:22:52,440] {scheduler_job.py:633} INFO - Processing file /home/airflow/.local/lib/python3.6/site-packages/airflow/example_dags/example_bash_operator.py for tasks to queue
[2025-02-15 14:22:52,442] {logging_mixin.py:104} INFO - [2025-02-15 14:22:52,441] {dagbag.py:496} INFO - Filling up the DagBag from /home/airflow/.local/lib/python3.6/site-packages/airflow/example_dags/example_bash_operator.py
[2025-02-15 14:22:52,480] {scheduler_job.py:643} INFO - DAG(s) dict_keys(['example_bash_operator']) retrieved from /home/airflow/.local/lib/python3.6/site-packages/airflow/example_dags/example_bash_operator.py
[2025-02-15 14:22:52,532] {logging_mixin.py:104} INFO - [2025-02-15 14:22:52,532] {dag.py:1833} INFO - Sync 1 DAGs
[2025-02-15 14:22:52,557] {logging_mixin.py:104} INFO - [2025-02-15 14:22:52,557] {dag.py:2306} INFO - Setting next_dagrun for example_bash_operator to 2025-02-13 00:00:00+00:00
[2025-02-15 14:22:52,576] {scheduler_job.py:190} INFO - Processing /home/airflow/.local/lib/python3.6/site-packages/airflow/example_dags/example_bash_operator.py took 0.147 seconds
[2025-02-15 14:25:05,586] {scheduler_job.py:182} INFO - Started process (PID=72) to work on /home/airflow/.local/lib/python3.6/site-packages/airflow/example_dags/example_bash_operator.py
[2025-02-15 14:25:05,588] {scheduler_job.py:633} INFO - Processing file /home/airflow/.local/lib/python3.6/site-packages/airflow/example_dags/example_bash_operator.py for tasks to queue
[2025-02-15 14:25:05,598] {logging_mixin.py:104} INFO - [2025-02-15 14:25:05,598] {dagbag.py:496} INFO - Filling up the DagBag from /home/airflow/.local/lib/python3.6/site-packages/airflow/example_dags/example_bash_operator.py
[2025-02-15 14:25:05,809] {scheduler_job.py:643} INFO - DAG(s) dict_keys(['example_bash_operator']) retrieved from /home/airflow/.local/lib/python3.6/site-packages/airflow/example_dags/example_bash_operator.py
[2025-02-15 14:25:06,430] {logging_mixin.py:104} INFO - [2025-02-15 14:25:06,429] {dag.py:1833} INFO - Sync 1 DAGs
[2025-02-15 14:25:06,578] {logging_mixin.py:104} INFO - [2025-02-15 14:25:06,578] {dag.py:2306} INFO - Setting next_dagrun for example_bash_operator to 2025-02-13 00:00:00+00:00
[2025-02-15 14:25:06,648] {scheduler_job.py:190} INFO - Processing /home/airflow/.local/lib/python3.6/site-packages/airflow/example_dags/example_bash_operator.py took 1.081 seconds
[2025-02-15 14:25:36,951] {scheduler_job.py:182} INFO - Started process (PID=125) to work on /home/airflow/.local/lib/python3.6/site-packages/airflow/example_dags/example_bash_operator.py
[2025-02-15 14:25:36,957] {scheduler_job.py:633} INFO - Processing file /home/airflow/.local/lib/python3.6/site-packages/airflow/example_dags/example_bash_operator.py for tasks to queue
[2025-02-15 14:25:36,959] {logging_mixin.py:104} INFO - [2025-02-15 14:25:36,959] {dagbag.py:496} INFO - Filling up the DagBag from /home/airflow/.local/lib/python3.6/site-packages/airflow/example_dags/example_bash_operator.py
[2025-02-15 14:25:37,019] {scheduler_job.py:643} INFO - DAG(s) dict_keys(['example_bash_operator']) retrieved from /home/airflow/.local/lib/python3.6/site-packages/airflow/example_dags/example_bash_operator.py
[2025-02-15 14:25:37,118] {logging_mixin.py:104} INFO - [2025-02-15 14:25:37,118] {dag.py:1833} INFO - Sync 1 DAGs
[2025-02-15 14:25:37,188] {logging_mixin.py:104} INFO - [2025-02-15 14:25:37,188] {dag.py:2306} INFO - Setting next_dagrun for example_bash_operator to 2025-02-13 00:00:00+00:00
[2025-02-15 14:25:37,217] {scheduler_job.py:190} INFO - Processing /home/airflow/.local/lib/python3.6/site-packages/airflow/example_dags/example_bash_operator.py took 0.276 seconds
[2025-02-15 14:26:07,778] {scheduler_job.py:182} INFO - Started process (PID=177) to work on /home/airflow/.local/lib/python3.6/site-packages/airflow/example_dags/example_bash_operator.py
[2025-02-15 14:26:07,780] {scheduler_job.py:633} INFO - Processing file /home/airflow/.local/lib/python3.6/site-packages/airflow/example_dags/example_bash_operator.py for tasks to queue
[2025-02-15 14:26:07,780] {logging_mixin.py:104} INFO - [2025-02-15 14:26:07,780] {dagbag.py:496} INFO - Filling up the DagBag from /home/airflow/.local/lib/python3.6/site-packages/airflow/example_dags/example_bash_operator.py
[2025-02-15 14:26:07,798] {scheduler_job.py:643} INFO - DAG(s) dict_keys(['example_bash_operator']) retrieved from /home/airflow/.local/lib/python3.6/site-packages/airflow/example_dags/example_bash_operator.py
[2025-02-15 14:26:07,824] {logging_mixin.py:104} INFO - [2025-02-15 14:26:07,824] {dag.py:1833} INFO - Sync 1 DAGs
[2025-02-15 14:26:07,844] {logging_mixin.py:104} INFO - [2025-02-15 14:26:07,844] {dag.py:2306} INFO - Setting next_dagrun for example_bash_operator to 2025-02-13 00:00:00+00:00
[2025-02-15 14:26:07,860] {scheduler_job.py:190} INFO - Processing /home/airflow/.local/lib/python3.6/site-packages/airflow/example_dags/example_bash_operator.py took 0.086 seconds
[2025-02-15 14:26:38,202] {scheduler_job.py:182} INFO - Started process (PID=229) to work on /home/airflow/.local/lib/python3.6/site-packages/airflow/example_dags/example_bash_operator.py
[2025-02-15 14:26:38,204] {scheduler_job.py:633} INFO - Processing file /home/airflow/.local/lib/python3.6/site-packages/airflow/example_dags/example_bash_operator.py for tasks to queue
[2025-02-15 14:26:38,205] {logging_mixin.py:104} INFO - [2025-02-15 14:26:38,205] {dagbag.py:496} INFO - Filling up the DagBag from /home/airflow/.local/lib/python3.6/site-packages/airflow/example_dags/example_bash_operator.py
[2025-02-15 14:26:38,223] {scheduler_job.py:643} INFO - DAG(s) dict_keys(['example_bash_operator']) retrieved from /home/airflow/.local/lib/python3.6/site-packages/airflow/example_dags/example_bash_operator.py
[2025-02-15 14:26:38,258] {logging_mixin.py:104} INFO - [2025-02-15 14:26:38,258] {dag.py:1833} INFO - Sync 1 DAGs
[2025-02-15 14:26:38,279] {logging_mixin.py:104} INFO - [2025-02-15 14:26:38,279] {dag.py:2306} INFO - Setting next_dagrun for example_bash_operator to 2025-02-13 00:00:00+00:00
[2025-02-15 14:26:38,295] {scheduler_job.py:190} INFO - Processing /home/airflow/.local/lib/python3.6/site-packages/airflow/example_dags/example_bash_operator.py took 0.097 seconds
[2025-02-15 14:27:08,846] {scheduler_job.py:182} INFO - Started process (PID=291) to work on /home/airflow/.local/lib/python3.6/site-packages/airflow/example_dags/example_bash_operator.py
[2025-02-15 14:27:08,849] {scheduler_job.py:633} INFO - Processing file /home/airflow/.local/lib/python3.6/site-packages/airflow/example_dags/example_bash_operator.py for tasks to queue
[2025-02-15 14:27:08,850] {logging_mixin.py:104} INFO - [2025-02-15 14:27:08,850] {dagbag.py:496} INFO - Filling up the DagBag from /home/airflow/.local/lib/python3.6/site-packages/airflow/example_dags/example_bash_operator.py
[2025-02-15 14:27:08,869] {scheduler_job.py:643} INFO - DAG(s) dict_keys(['example_bash_operator']) retrieved from /home/airflow/.local/lib/python3.6/site-packages/airflow/example_dags/example_bash_operator.py
[2025-02-15 14:27:08,900] {logging_mixin.py:104} INFO - [2025-02-15 14:27:08,900] {dag.py:1833} INFO - Sync 1 DAGs
[2025-02-15 14:27:08,920] {logging_mixin.py:104} INFO - [2025-02-15 14:27:08,920] {dag.py:2306} INFO - Setting next_dagrun for example_bash_operator to 2025-02-13 00:00:00+00:00
[2025-02-15 14:27:08,936] {scheduler_job.py:190} INFO - Processing /home/airflow/.local/lib/python3.6/site-packages/airflow/example_dags/example_bash_operator.py took 0.095 seconds
[2025-02-15 14:27:39,672] {scheduler_job.py:182} INFO - Started process (PID=343) to work on /home/airflow/.local/lib/python3.6/site-packages/airflow/example_dags/example_bash_operator.py
[2025-02-15 14:27:39,674] {scheduler_job.py:633} INFO - Processing file /home/airflow/.local/lib/python3.6/site-packages/airflow/example_dags/example_bash_operator.py for tasks to queue
[2025-02-15 14:27:39,675] {logging_mixin.py:104} INFO - [2025-02-15 14:27:39,675] {dagbag.py:496} INFO - Filling up the DagBag from /home/airflow/.local/lib/python3.6/site-packages/airflow/example_dags/example_bash_operator.py
[2025-02-15 14:27:39,708] {scheduler_job.py:643} INFO - DAG(s) dict_keys(['example_bash_operator']) retrieved from /home/airflow/.local/lib/python3.6/site-packages/airflow/example_dags/example_bash_operator.py
[2025-02-15 14:27:39,760] {logging_mixin.py:104} INFO - [2025-02-15 14:27:39,760] {dag.py:1833} INFO - Sync 1 DAGs
[2025-02-15 14:27:39,802] {logging_mixin.py:104} INFO - [2025-02-15 14:27:39,802] {dag.py:2306} INFO - Setting next_dagrun for example_bash_operator to 2025-02-13 00:00:00+00:00
[2025-02-15 14:27:39,827] {scheduler_job.py:190} INFO - Processing /home/airflow/.local/lib/python3.6/site-packages/airflow/example_dags/example_bash_operator.py took 0.165 seconds
[2025-02-15 14:28:10,757] {scheduler_job.py:182} INFO - Started process (PID=405) to work on /home/airflow/.local/lib/python3.6/site-packages/airflow/example_dags/example_bash_operator.py
[2025-02-15 14:28:10,759] {scheduler_job.py:633} INFO - Processing file /home/airflow/.local/lib/python3.6/site-packages/airflow/example_dags/example_bash_operator.py for tasks to queue
[2025-02-15 14:28:10,760] {logging_mixin.py:104} INFO - [2025-02-15 14:28:10,760] {dagbag.py:496} INFO - Filling up the DagBag from /home/airflow/.local/lib/python3.6/site-packages/airflow/example_dags/example_bash_operator.py
[2025-02-15 14:28:10,779] {scheduler_job.py:643} INFO - DAG(s) dict_keys(['example_bash_operator']) retrieved from /home/airflow/.local/lib/python3.6/site-packages/airflow/example_dags/example_bash_operator.py
[2025-02-15 14:28:10,806] {logging_mixin.py:104} INFO - [2025-02-15 14:28:10,806] {dag.py:1833} INFO - Sync 1 DAGs
[2025-02-15 14:28:10,824] {logging_mixin.py:104} INFO - [2025-02-15 14:28:10,823] {dag.py:2306} INFO - Setting next_dagrun for example_bash_operator to 2025-02-13 00:00:00+00:00
[2025-02-15 14:28:10,839] {scheduler_job.py:190} INFO - Processing /home/airflow/.local/lib/python3.6/site-packages/airflow/example_dags/example_bash_operator.py took 0.090 seconds
[2025-02-15 14:28:41,586] {scheduler_job.py:182} INFO - Started process (PID=457) to work on /home/airflow/.local/lib/python3.6/site-packages/airflow/example_dags/example_bash_operator.py
[2025-02-15 14:28:41,588] {scheduler_job.py:633} INFO - Processing file /home/airflow/.local/lib/python3.6/site-packages/airflow/example_dags/example_bash_operator.py for tasks to queue
[2025-02-15 14:28:41,589] {logging_mixin.py:104} INFO - [2025-02-15 14:28:41,589] {dagbag.py:496} INFO - Filling up the DagBag from /home/airflow/.local/lib/python3.6/site-packages/airflow/example_dags/example_bash_operator.py
[2025-02-15 14:28:41,608] {scheduler_job.py:643} INFO - DAG(s) dict_keys(['example_bash_operator']) retrieved from /home/airflow/.local/lib/python3.6/site-packages/airflow/example_dags/example_bash_operator.py
[2025-02-15 14:28:41,637] {logging_mixin.py:104} INFO - [2025-02-15 14:28:41,637] {dag.py:1833} INFO - Sync 1 DAGs
[2025-02-15 14:28:41,657] {logging_mixin.py:104} INFO - [2025-02-15 14:28:41,657] {dag.py:2306} INFO - Setting next_dagrun for example_bash_operator to 2025-02-13 00:00:00+00:00
[2025-02-15 14:28:41,674] {scheduler_job.py:190} INFO - Processing /home/airflow/.local/lib/python3.6/site-packages/airflow/example_dags/example_bash_operator.py took 0.092 seconds
[2025-02-15 14:29:12,140] {scheduler_job.py:182} INFO - Started process (PID=518) to work on /home/airflow/.local/lib/python3.6/site-packages/airflow/example_dags/example_bash_operator.py
[2025-02-15 14:29:12,143] {scheduler_job.py:633} INFO - Processing file /home/airflow/.local/lib/python3.6/site-packages/airflow/example_dags/example_bash_operator.py for tasks to queue
[2025-02-15 14:29:12,144] {logging_mixin.py:104} INFO - [2025-02-15 14:29:12,144] {dagbag.py:496} INFO - Filling up the DagBag from /home/airflow/.local/lib/python3.6/site-packages/airflow/example_dags/example_bash_operator.py
[2025-02-15 14:29:12,175] {scheduler_job.py:643} INFO - DAG(s) dict_keys(['example_bash_operator']) retrieved from /home/airflow/.local/lib/python3.6/site-packages/airflow/example_dags/example_bash_operator.py
[2025-02-15 14:29:12,216] {logging_mixin.py:104} INFO - [2025-02-15 14:29:12,216] {dag.py:1833} INFO - Sync 1 DAGs
[2025-02-15 14:29:12,250] {logging_mixin.py:104} INFO - [2025-02-15 14:29:12,250] {dag.py:2306} INFO - Setting next_dagrun for example_bash_operator to 2025-02-13 00:00:00+00:00
[2025-02-15 14:29:12,277] {scheduler_job.py:190} INFO - Processing /home/airflow/.local/lib/python3.6/site-packages/airflow/example_dags/example_bash_operator.py took 0.145 seconds
[2025-02-15 14:29:42,465] {scheduler_job.py:182} INFO - Started process (PID=569) to work on /home/airflow/.local/lib/python3.6/site-packages/airflow/example_dags/example_bash_operator.py
[2025-02-15 14:29:42,468] {scheduler_job.py:633} INFO - Processing file /home/airflow/.local/lib/python3.6/site-packages/airflow/example_dags/example_bash_operator.py for tasks to queue
[2025-02-15 14:29:42,470] {logging_mixin.py:104} INFO - [2025-02-15 14:29:42,469] {dagbag.py:496} INFO - Filling up the DagBag from /home/airflow/.local/lib/python3.6/site-packages/airflow/example_dags/example_bash_operator.py
[2025-02-15 14:29:42,523] {scheduler_job.py:643} INFO - DAG(s) dict_keys(['example_bash_operator']) retrieved from /home/airflow/.local/lib/python3.6/site-packages/airflow/example_dags/example_bash_operator.py
[2025-02-15 14:29:42,576] {logging_mixin.py:104} INFO - [2025-02-15 14:29:42,576] {dag.py:1833} INFO - Sync 1 DAGs
[2025-02-15 14:29:42,605] {logging_mixin.py:104} INFO - [2025-02-15 14:29:42,605] {dag.py:2306} INFO - Setting next_dagrun for example_bash_operator to 2025-02-13 00:00:00+00:00
[2025-02-15 14:29:42,626] {scheduler_job.py:190} INFO - Processing /home/airflow/.local/lib/python3.6/site-packages/airflow/example_dags/example_bash_operator.py took 0.171 seconds
[2025-02-15 14:30:13,195] {scheduler_job.py:182} INFO - Started process (PID=622) to work on /home/airflow/.local/lib/python3.6/site-packages/airflow/example_dags/example_bash_operator.py
[2025-02-15 14:30:13,198] {scheduler_job.py:633} INFO - Processing file /home/airflow/.local/lib/python3.6/site-packages/airflow/example_dags/example_bash_operator.py for tasks to queue
[2025-02-15 14:30:13,200] {logging_mixin.py:104} INFO - [2025-02-15 14:30:13,200] {dagbag.py:496} INFO - Filling up the DagBag from /home/airflow/.local/lib/python3.6/site-packages/airflow/example_dags/example_bash_operator.py
[2025-02-15 14:30:13,227] {scheduler_job.py:643} INFO - DAG(s) dict_keys(['example_bash_operator']) retrieved from /home/airflow/.local/lib/python3.6/site-packages/airflow/example_dags/example_bash_operator.py
[2025-02-15 14:30:13,272] {logging_mixin.py:104} INFO - [2025-02-15 14:30:13,271] {dag.py:1833} INFO - Sync 1 DAGs
[2025-02-15 14:30:13,304] {logging_mixin.py:104} INFO - [2025-02-15 14:30:13,303] {dag.py:2306} INFO - Setting next_dagrun for example_bash_operator to 2025-02-13 00:00:00+00:00
[2025-02-15 14:30:13,326] {scheduler_job.py:190} INFO - Processing /home/airflow/.local/lib/python3.6/site-packages/airflow/example_dags/example_bash_operator.py took 0.141 seconds
[2025-02-15 14:30:43,446] {scheduler_job.py:182} INFO - Started process (PID=683) to work on /home/airflow/.local/lib/python3.6/site-packages/airflow/example_dags/example_bash_operator.py
[2025-02-15 14:30:43,447] {scheduler_job.py:633} INFO - Processing file /home/airflow/.local/lib/python3.6/site-packages/airflow/example_dags/example_bash_operator.py for tasks to queue
[2025-02-15 14:30:43,448] {logging_mixin.py:104} INFO - [2025-02-15 14:30:43,448] {dagbag.py:496} INFO - Filling up the DagBag from /home/airflow/.local/lib/python3.6/site-packages/airflow/example_dags/example_bash_operator.py
[2025-02-15 14:30:43,463] {scheduler_job.py:643} INFO - DAG(s) dict_keys(['example_bash_operator']) retrieved from /home/airflow/.local/lib/python3.6/site-packages/airflow/example_dags/example_bash_operator.py
[2025-02-15 14:30:43,489] {logging_mixin.py:104} INFO - [2025-02-15 14:30:43,489] {dag.py:1833} INFO - Sync 1 DAGs
[2025-02-15 14:30:43,507] {logging_mixin.py:104} INFO - [2025-02-15 14:30:43,507] {dag.py:2306} INFO - Setting next_dagrun for example_bash_operator to 2025-02-13 00:00:00+00:00
[2025-02-15 14:30:43,519] {scheduler_job.py:190} INFO - Processing /home/airflow/.local/lib/python3.6/site-packages/airflow/example_dags/example_bash_operator.py took 0.076 seconds
[2025-02-15 14:31:13,849] {scheduler_job.py:182} INFO - Started process (PID=735) to work on /home/airflow/.local/lib/python3.6/site-packages/airflow/example_dags/example_bash_operator.py
[2025-02-15 14:31:13,850] {scheduler_job.py:633} INFO - Processing file /home/airflow/.local/lib/python3.6/site-packages/airflow/example_dags/example_bash_operator.py for tasks to queue
[2025-02-15 14:31:13,851] {logging_mixin.py:104} INFO - [2025-02-15 14:31:13,851] {dagbag.py:496} INFO - Filling up the DagBag from /home/airflow/.local/lib/python3.6/site-packages/airflow/example_dags/example_bash_operator.py
[2025-02-15 14:31:13,868] {scheduler_job.py:643} INFO - DAG(s) dict_keys(['example_bash_operator']) retrieved from /home/airflow/.local/lib/python3.6/site-packages/airflow/example_dags/example_bash_operator.py
[2025-02-15 14:31:13,894] {logging_mixin.py:104} INFO - [2025-02-15 14:31:13,894] {dag.py:1833} INFO - Sync 1 DAGs
[2025-02-15 14:31:13,912] {logging_mixin.py:104} INFO - [2025-02-15 14:31:13,912] {dag.py:2306} INFO - Setting next_dagrun for example_bash_operator to 2025-02-13 00:00:00+00:00
[2025-02-15 14:31:13,928] {scheduler_job.py:190} INFO - Processing /home/airflow/.local/lib/python3.6/site-packages/airflow/example_dags/example_bash_operator.py took 0.082 seconds
[2025-02-15 14:31:44,100] {scheduler_job.py:182} INFO - Started process (PID=787) to work on /home/airflow/.local/lib/python3.6/site-packages/airflow/example_dags/example_bash_operator.py
[2025-02-15 14:31:44,102] {scheduler_job.py:633} INFO - Processing file /home/airflow/.local/lib/python3.6/site-packages/airflow/example_dags/example_bash_operator.py for tasks to queue
[2025-02-15 14:31:44,103] {logging_mixin.py:104} INFO - [2025-02-15 14:31:44,102] {dagbag.py:496} INFO - Filling up the DagBag from /home/airflow/.local/lib/python3.6/site-packages/airflow/example_dags/example_bash_operator.py
[2025-02-15 14:31:44,125] {scheduler_job.py:643} INFO - DAG(s) dict_keys(['example_bash_operator']) retrieved from /home/airflow/.local/lib/python3.6/site-packages/airflow/example_dags/example_bash_operator.py
[2025-02-15 14:31:44,165] {logging_mixin.py:104} INFO - [2025-02-15 14:31:44,165] {dag.py:1833} INFO - Sync 1 DAGs
[2025-02-15 14:31:44,192] {logging_mixin.py:104} INFO - [2025-02-15 14:31:44,192] {dag.py:2306} INFO - Setting next_dagrun for example_bash_operator to 2025-02-13 00:00:00+00:00
[2025-02-15 14:31:44,214] {scheduler_job.py:190} INFO - Processing /home/airflow/.local/lib/python3.6/site-packages/airflow/example_dags/example_bash_operator.py took 0.119 seconds
[2025-02-15 14:32:14,718] {scheduler_job.py:182} INFO - Started process (PID=849) to work on /home/airflow/.local/lib/python3.6/site-packages/airflow/example_dags/example_bash_operator.py
[2025-02-15 14:32:14,721] {scheduler_job.py:633} INFO - Processing file /home/airflow/.local/lib/python3.6/site-packages/airflow/example_dags/example_bash_operator.py for tasks to queue
[2025-02-15 14:32:14,722] {logging_mixin.py:104} INFO - [2025-02-15 14:32:14,722] {dagbag.py:496} INFO - Filling up the DagBag from /home/airflow/.local/lib/python3.6/site-packages/airflow/example_dags/example_bash_operator.py
[2025-02-15 14:32:14,749] {scheduler_job.py:643} INFO - DAG(s) dict_keys(['example_bash_operator']) retrieved from /home/airflow/.local/lib/python3.6/site-packages/airflow/example_dags/example_bash_operator.py
[2025-02-15 14:32:14,791] {logging_mixin.py:104} INFO - [2025-02-15 14:32:14,791] {dag.py:1833} INFO - Sync 1 DAGs
[2025-02-15 14:32:14,823] {logging_mixin.py:104} INFO - [2025-02-15 14:32:14,823] {dag.py:2306} INFO - Setting next_dagrun for example_bash_operator to 2025-02-13 00:00:00+00:00
[2025-02-15 14:32:14,839] {scheduler_job.py:190} INFO - Processing /home/airflow/.local/lib/python3.6/site-packages/airflow/example_dags/example_bash_operator.py took 0.126 seconds
[2025-02-15 14:32:45,629] {scheduler_job.py:182} INFO - Started process (PID=901) to work on /home/airflow/.local/lib/python3.6/site-packages/airflow/example_dags/example_bash_operator.py
[2025-02-15 14:32:45,631] {scheduler_job.py:633} INFO - Processing file /home/airflow/.local/lib/python3.6/site-packages/airflow/example_dags/example_bash_operator.py for tasks to queue
[2025-02-15 14:32:45,633] {logging_mixin.py:104} INFO - [2025-02-15 14:32:45,633] {dagbag.py:496} INFO - Filling up the DagBag from /home/airflow/.local/lib/python3.6/site-packages/airflow/example_dags/example_bash_operator.py
[2025-02-15 14:32:45,668] {scheduler_job.py:643} INFO - DAG(s) dict_keys(['example_bash_operator']) retrieved from /home/airflow/.local/lib/python3.6/site-packages/airflow/example_dags/example_bash_operator.py
[2025-02-15 14:32:45,735] {logging_mixin.py:104} INFO - [2025-02-15 14:32:45,735] {dag.py:1833} INFO - Sync 1 DAGs
[2025-02-15 14:32:45,789] {logging_mixin.py:104} INFO - [2025-02-15 14:32:45,788] {dag.py:2306} INFO - Setting next_dagrun for example_bash_operator to 2025-02-13 00:00:00+00:00
[2025-02-15 14:32:45,823] {scheduler_job.py:190} INFO - Processing /home/airflow/.local/lib/python3.6/site-packages/airflow/example_dags/example_bash_operator.py took 0.204 seconds
[2025-02-15 14:33:16,068] {scheduler_job.py:182} INFO - Started process (PID=953) to work on /home/airflow/.local/lib/python3.6/site-packages/airflow/example_dags/example_bash_operator.py
[2025-02-15 14:33:16,069] {scheduler_job.py:633} INFO - Processing file /home/airflow/.local/lib/python3.6/site-packages/airflow/example_dags/example_bash_operator.py for tasks to queue
[2025-02-15 14:33:16,070] {logging_mixin.py:104} INFO - [2025-02-15 14:33:16,070] {dagbag.py:496} INFO - Filling up the DagBag from /home/airflow/.local/lib/python3.6/site-packages/airflow/example_dags/example_bash_operator.py
[2025-02-15 14:33:16,089] {scheduler_job.py:643} INFO - DAG(s) dict_keys(['example_bash_operator']) retrieved from /home/airflow/.local/lib/python3.6/site-packages/airflow/example_dags/example_bash_operator.py
[2025-02-15 14:33:16,114] {logging_mixin.py:104} INFO - [2025-02-15 14:33:16,114] {dag.py:1833} INFO - Sync 1 DAGs
[2025-02-15 14:33:16,131] {logging_mixin.py:104} INFO - [2025-02-15 14:33:16,131] {dag.py:2306} INFO - Setting next_dagrun for example_bash_operator to 2025-02-13 00:00:00+00:00
[2025-02-15 14:33:16,148] {scheduler_job.py:190} INFO - Processing /home/airflow/.local/lib/python3.6/site-packages/airflow/example_dags/example_bash_operator.py took 0.086 seconds
[2025-02-15 14:33:46,440] {scheduler_job.py:182} INFO - Started process (PID=1015) to work on /home/airflow/.local/lib/python3.6/site-packages/airflow/example_dags/example_bash_operator.py
[2025-02-15 14:33:46,442] {scheduler_job.py:633} INFO - Processing file /home/airflow/.local/lib/python3.6/site-packages/airflow/example_dags/example_bash_operator.py for tasks to queue
[2025-02-15 14:33:46,443] {logging_mixin.py:104} INFO - [2025-02-15 14:33:46,443] {dagbag.py:496} INFO - Filling up the DagBag from /home/airflow/.local/lib/python3.6/site-packages/airflow/example_dags/example_bash_operator.py
[2025-02-15 14:33:46,465] {scheduler_job.py:643} INFO - DAG(s) dict_keys(['example_bash_operator']) retrieved from /home/airflow/.local/lib/python3.6/site-packages/airflow/example_dags/example_bash_operator.py
[2025-02-15 14:33:46,502] {logging_mixin.py:104} INFO - [2025-02-15 14:33:46,502] {dag.py:1833} INFO - Sync 1 DAGs
[2025-02-15 14:33:46,532] {logging_mixin.py:104} INFO - [2025-02-15 14:33:46,531] {dag.py:2306} INFO - Setting next_dagrun for example_bash_operator to 2025-02-13 00:00:00+00:00
[2025-02-15 14:33:46,552] {scheduler_job.py:190} INFO - Processing /home/airflow/.local/lib/python3.6/site-packages/airflow/example_dags/example_bash_operator.py took 0.117 seconds
[2025-02-15 14:34:16,965] {scheduler_job.py:182} INFO - Started process (PID=1067) to work on /home/airflow/.local/lib/python3.6/site-packages/airflow/example_dags/example_bash_operator.py
[2025-02-15 14:34:16,966] {scheduler_job.py:633} INFO - Processing file /home/airflow/.local/lib/python3.6/site-packages/airflow/example_dags/example_bash_operator.py for tasks to queue
[2025-02-15 14:34:16,967] {logging_mixin.py:104} INFO - [2025-02-15 14:34:16,967] {dagbag.py:496} INFO - Filling up the DagBag from /home/airflow/.local/lib/python3.6/site-packages/airflow/example_dags/example_bash_operator.py
[2025-02-15 14:34:16,993] {scheduler_job.py:643} INFO - DAG(s) dict_keys(['example_bash_operator']) retrieved from /home/airflow/.local/lib/python3.6/site-packages/airflow/example_dags/example_bash_operator.py
[2025-02-15 14:34:17,036] {logging_mixin.py:104} INFO - [2025-02-15 14:34:17,035] {dag.py:1833} INFO - Sync 1 DAGs
[2025-02-15 14:34:17,067] {logging_mixin.py:104} INFO - [2025-02-15 14:34:17,067] {dag.py:2306} INFO - Setting next_dagrun for example_bash_operator to 2025-02-13 00:00:00+00:00
[2025-02-15 14:34:17,087] {scheduler_job.py:190} INFO - Processing /home/airflow/.local/lib/python3.6/site-packages/airflow/example_dags/example_bash_operator.py took 0.128 seconds
[2025-02-15 14:38:24,131] {scheduler_job.py:182} INFO - Started process (PID=1150) to work on /home/airflow/.local/lib/python3.6/site-packages/airflow/example_dags/example_bash_operator.py
[2025-02-15 14:38:24,134] {scheduler_job.py:633} INFO - Processing file /home/airflow/.local/lib/python3.6/site-packages/airflow/example_dags/example_bash_operator.py for tasks to queue
[2025-02-15 14:38:24,135] {logging_mixin.py:104} INFO - [2025-02-15 14:38:24,135] {dagbag.py:496} INFO - Filling up the DagBag from /home/airflow/.local/lib/python3.6/site-packages/airflow/example_dags/example_bash_operator.py
[2025-02-15 14:38:24,170] {scheduler_job.py:643} INFO - DAG(s) dict_keys(['example_bash_operator']) retrieved from /home/airflow/.local/lib/python3.6/site-packages/airflow/example_dags/example_bash_operator.py
[2025-02-15 14:38:24,223] {logging_mixin.py:104} INFO - [2025-02-15 14:38:24,223] {dag.py:1833} INFO - Sync 1 DAGs
[2025-02-15 14:38:24,250] {logging_mixin.py:104} INFO - [2025-02-15 14:38:24,249] {dag.py:2306} INFO - Setting next_dagrun for example_bash_operator to 2025-02-13 00:00:00+00:00
[2025-02-15 14:38:24,266] {scheduler_job.py:190} INFO - Processing /home/airflow/.local/lib/python3.6/site-packages/airflow/example_dags/example_bash_operator.py took 0.144 seconds
[2025-02-15 14:38:55,395] {scheduler_job.py:182} INFO - Started process (PID=1211) to work on /home/airflow/.local/lib/python3.6/site-packages/airflow/example_dags/example_bash_operator.py
[2025-02-15 14:38:55,398] {scheduler_job.py:633} INFO - Processing file /home/airflow/.local/lib/python3.6/site-packages/airflow/example_dags/example_bash_operator.py for tasks to queue
[2025-02-15 14:38:55,400] {logging_mixin.py:104} INFO - [2025-02-15 14:38:55,400] {dagbag.py:496} INFO - Filling up the DagBag from /home/airflow/.local/lib/python3.6/site-packages/airflow/example_dags/example_bash_operator.py
[2025-02-15 14:38:55,445] {scheduler_job.py:643} INFO - DAG(s) dict_keys(['example_bash_operator']) retrieved from /home/airflow/.local/lib/python3.6/site-packages/airflow/example_dags/example_bash_operator.py
[2025-02-15 14:38:55,509] {logging_mixin.py:104} INFO - [2025-02-15 14:38:55,508] {dag.py:1833} INFO - Sync 1 DAGs
[2025-02-15 14:38:55,550] {logging_mixin.py:104} INFO - [2025-02-15 14:38:55,550] {dag.py:2306} INFO - Setting next_dagrun for example_bash_operator to 2025-02-13 00:00:00+00:00
[2025-02-15 14:38:55,586] {scheduler_job.py:190} INFO - Processing /home/airflow/.local/lib/python3.6/site-packages/airflow/example_dags/example_bash_operator.py took 0.202 seconds
[2025-02-15 14:44:06,453] {scheduler_job.py:182} INFO - Started process (PID=1254) to work on /home/airflow/.local/lib/python3.6/site-packages/airflow/example_dags/example_bash_operator.py
[2025-02-15 14:44:06,460] {scheduler_job.py:633} INFO - Processing file /home/airflow/.local/lib/python3.6/site-packages/airflow/example_dags/example_bash_operator.py for tasks to queue
[2025-02-15 14:44:06,463] {logging_mixin.py:104} INFO - [2025-02-15 14:44:06,462] {dagbag.py:496} INFO - Filling up the DagBag from /home/airflow/.local/lib/python3.6/site-packages/airflow/example_dags/example_bash_operator.py
[2025-02-15 14:44:06,528] {scheduler_job.py:643} INFO - DAG(s) dict_keys(['example_bash_operator']) retrieved from /home/airflow/.local/lib/python3.6/site-packages/airflow/example_dags/example_bash_operator.py
[2025-02-15 14:44:06,619] {logging_mixin.py:104} INFO - [2025-02-15 14:44:06,619] {dag.py:1833} INFO - Sync 1 DAGs
[2025-02-15 14:44:06,686] {logging_mixin.py:104} INFO - [2025-02-15 14:44:06,686] {dag.py:2306} INFO - Setting next_dagrun for example_bash_operator to 2025-02-13 00:00:00+00:00
[2025-02-15 14:44:06,726] {scheduler_job.py:190} INFO - Processing /home/airflow/.local/lib/python3.6/site-packages/airflow/example_dags/example_bash_operator.py took 0.289 seconds
[2025-02-15 14:44:36,976] {scheduler_job.py:182} INFO - Started process (PID=1299) to work on /home/airflow/.local/lib/python3.6/site-packages/airflow/example_dags/example_bash_operator.py
[2025-02-15 14:44:36,979] {scheduler_job.py:633} INFO - Processing file /home/airflow/.local/lib/python3.6/site-packages/airflow/example_dags/example_bash_operator.py for tasks to queue
[2025-02-15 14:44:36,980] {logging_mixin.py:104} INFO - [2025-02-15 14:44:36,980] {dagbag.py:496} INFO - Filling up the DagBag from /home/airflow/.local/lib/python3.6/site-packages/airflow/example_dags/example_bash_operator.py
[2025-02-15 14:44:37,010] {scheduler_job.py:643} INFO - DAG(s) dict_keys(['example_bash_operator']) retrieved from /home/airflow/.local/lib/python3.6/site-packages/airflow/example_dags/example_bash_operator.py
[2025-02-15 14:44:37,070] {logging_mixin.py:104} INFO - [2025-02-15 14:44:37,069] {dag.py:1833} INFO - Sync 1 DAGs
[2025-02-15 14:44:37,099] {logging_mixin.py:104} INFO - [2025-02-15 14:44:37,098] {dag.py:2306} INFO - Setting next_dagrun for example_bash_operator to 2025-02-13 00:00:00+00:00
[2025-02-15 14:44:37,122] {scheduler_job.py:190} INFO - Processing /home/airflow/.local/lib/python3.6/site-packages/airflow/example_dags/example_bash_operator.py took 0.152 seconds
[2025-02-15 14:46:15,365] {scheduler_job.py:182} INFO - Started process (PID=72) to work on /home/airflow/.local/lib/python3.6/site-packages/airflow/example_dags/example_bash_operator.py
[2025-02-15 14:46:15,374] {scheduler_job.py:633} INFO - Processing file /home/airflow/.local/lib/python3.6/site-packages/airflow/example_dags/example_bash_operator.py for tasks to queue
[2025-02-15 14:46:15,377] {logging_mixin.py:104} INFO - [2025-02-15 14:46:15,376] {dagbag.py:496} INFO - Filling up the DagBag from /home/airflow/.local/lib/python3.6/site-packages/airflow/example_dags/example_bash_operator.py
[2025-02-15 14:46:15,689] {scheduler_job.py:643} INFO - DAG(s) dict_keys(['example_bash_operator']) retrieved from /home/airflow/.local/lib/python3.6/site-packages/airflow/example_dags/example_bash_operator.py
[2025-02-15 14:46:15,956] {logging_mixin.py:104} INFO - [2025-02-15 14:46:15,956] {dag.py:1833} INFO - Sync 1 DAGs
[2025-02-15 14:46:16,181] {logging_mixin.py:104} INFO - [2025-02-15 14:46:16,181] {dag.py:2306} INFO - Setting next_dagrun for example_bash_operator to 2025-02-13 00:00:00+00:00
[2025-02-15 14:46:16,323] {scheduler_job.py:190} INFO - Processing /home/airflow/.local/lib/python3.6/site-packages/airflow/example_dags/example_bash_operator.py took 0.972 seconds
[2025-02-15 14:46:46,654] {scheduler_job.py:182} INFO - Started process (PID=123) to work on /home/airflow/.local/lib/python3.6/site-packages/airflow/example_dags/example_bash_operator.py
[2025-02-15 14:46:46,667] {scheduler_job.py:633} INFO - Processing file /home/airflow/.local/lib/python3.6/site-packages/airflow/example_dags/example_bash_operator.py for tasks to queue
[2025-02-15 14:46:46,671] {logging_mixin.py:104} INFO - [2025-02-15 14:46:46,670] {dagbag.py:496} INFO - Filling up the DagBag from /home/airflow/.local/lib/python3.6/site-packages/airflow/example_dags/example_bash_operator.py
[2025-02-15 14:46:46,782] {scheduler_job.py:643} INFO - DAG(s) dict_keys(['example_bash_operator']) retrieved from /home/airflow/.local/lib/python3.6/site-packages/airflow/example_dags/example_bash_operator.py
[2025-02-15 14:46:46,881] {logging_mixin.py:104} INFO - [2025-02-15 14:46:46,880] {dag.py:1833} INFO - Sync 1 DAGs
[2025-02-15 14:46:46,950] {logging_mixin.py:104} INFO - [2025-02-15 14:46:46,950] {dag.py:2306} INFO - Setting next_dagrun for example_bash_operator to 2025-02-13 00:00:00+00:00
[2025-02-15 14:46:46,993] {scheduler_job.py:190} INFO - Processing /home/airflow/.local/lib/python3.6/site-packages/airflow/example_dags/example_bash_operator.py took 0.353 seconds
[2025-02-15 14:47:17,660] {scheduler_job.py:182} INFO - Started process (PID=175) to work on /home/airflow/.local/lib/python3.6/site-packages/airflow/example_dags/example_bash_operator.py
[2025-02-15 14:47:17,661] {scheduler_job.py:633} INFO - Processing file /home/airflow/.local/lib/python3.6/site-packages/airflow/example_dags/example_bash_operator.py for tasks to queue
[2025-02-15 14:47:17,662] {logging_mixin.py:104} INFO - [2025-02-15 14:47:17,662] {dagbag.py:496} INFO - Filling up the DagBag from /home/airflow/.local/lib/python3.6/site-packages/airflow/example_dags/example_bash_operator.py
[2025-02-15 14:47:17,685] {scheduler_job.py:643} INFO - DAG(s) dict_keys(['example_bash_operator']) retrieved from /home/airflow/.local/lib/python3.6/site-packages/airflow/example_dags/example_bash_operator.py
[2025-02-15 14:47:17,725] {logging_mixin.py:104} INFO - [2025-02-15 14:47:17,724] {dag.py:1833} INFO - Sync 1 DAGs
[2025-02-15 14:47:17,754] {logging_mixin.py:104} INFO - [2025-02-15 14:47:17,754] {dag.py:2306} INFO - Setting next_dagrun for example_bash_operator to 2025-02-13 00:00:00+00:00
[2025-02-15 14:47:17,771] {scheduler_job.py:190} INFO - Processing /home/airflow/.local/lib/python3.6/site-packages/airflow/example_dags/example_bash_operator.py took 0.116 seconds
[2025-02-15 14:47:48,468] {scheduler_job.py:182} INFO - Started process (PID=227) to work on /home/airflow/.local/lib/python3.6/site-packages/airflow/example_dags/example_bash_operator.py
[2025-02-15 14:47:48,469] {scheduler_job.py:633} INFO - Processing file /home/airflow/.local/lib/python3.6/site-packages/airflow/example_dags/example_bash_operator.py for tasks to queue
[2025-02-15 14:47:48,469] {logging_mixin.py:104} INFO - [2025-02-15 14:47:48,469] {dagbag.py:496} INFO - Filling up the DagBag from /home/airflow/.local/lib/python3.6/site-packages/airflow/example_dags/example_bash_operator.py
[2025-02-15 14:47:48,483] {scheduler_job.py:643} INFO - DAG(s) dict_keys(['example_bash_operator']) retrieved from /home/airflow/.local/lib/python3.6/site-packages/airflow/example_dags/example_bash_operator.py
[2025-02-15 14:47:48,508] {logging_mixin.py:104} INFO - [2025-02-15 14:47:48,508] {dag.py:1833} INFO - Sync 1 DAGs
[2025-02-15 14:47:48,526] {logging_mixin.py:104} INFO - [2025-02-15 14:47:48,525] {dag.py:2306} INFO - Setting next_dagrun for example_bash_operator to 2025-02-13 00:00:00+00:00
[2025-02-15 14:47:48,542] {scheduler_job.py:190} INFO - Processing /home/airflow/.local/lib/python3.6/site-packages/airflow/example_dags/example_bash_operator.py took 0.077 seconds
[2025-02-15 14:48:19,178] {scheduler_job.py:182} INFO - Started process (PID=279) to work on /home/airflow/.local/lib/python3.6/site-packages/airflow/example_dags/example_bash_operator.py
[2025-02-15 14:48:19,180] {scheduler_job.py:633} INFO - Processing file /home/airflow/.local/lib/python3.6/site-packages/airflow/example_dags/example_bash_operator.py for tasks to queue
[2025-02-15 14:48:19,181] {logging_mixin.py:104} INFO - [2025-02-15 14:48:19,181] {dagbag.py:496} INFO - Filling up the DagBag from /home/airflow/.local/lib/python3.6/site-packages/airflow/example_dags/example_bash_operator.py
[2025-02-15 14:48:19,202] {scheduler_job.py:643} INFO - DAG(s) dict_keys(['example_bash_operator']) retrieved from /home/airflow/.local/lib/python3.6/site-packages/airflow/example_dags/example_bash_operator.py
[2025-02-15 14:48:19,235] {logging_mixin.py:104} INFO - [2025-02-15 14:48:19,235] {dag.py:1833} INFO - Sync 1 DAGs
[2025-02-15 14:48:19,256] {logging_mixin.py:104} INFO - [2025-02-15 14:48:19,255] {dag.py:2306} INFO - Setting next_dagrun for example_bash_operator to 2025-02-13 00:00:00+00:00
[2025-02-15 14:48:19,271] {scheduler_job.py:190} INFO - Processing /home/airflow/.local/lib/python3.6/site-packages/airflow/example_dags/example_bash_operator.py took 0.098 seconds
[2025-02-15 14:48:50,068] {scheduler_job.py:182} INFO - Started process (PID=341) to work on /home/airflow/.local/lib/python3.6/site-packages/airflow/example_dags/example_bash_operator.py
[2025-02-15 14:48:50,069] {scheduler_job.py:633} INFO - Processing file /home/airflow/.local/lib/python3.6/site-packages/airflow/example_dags/example_bash_operator.py for tasks to queue
[2025-02-15 14:48:50,070] {logging_mixin.py:104} INFO - [2025-02-15 14:48:50,070] {dagbag.py:496} INFO - Filling up the DagBag from /home/airflow/.local/lib/python3.6/site-packages/airflow/example_dags/example_bash_operator.py
[2025-02-15 14:48:50,086] {scheduler_job.py:643} INFO - DAG(s) dict_keys(['example_bash_operator']) retrieved from /home/airflow/.local/lib/python3.6/site-packages/airflow/example_dags/example_bash_operator.py
[2025-02-15 14:48:50,116] {logging_mixin.py:104} INFO - [2025-02-15 14:48:50,116] {dag.py:1833} INFO - Sync 1 DAGs
[2025-02-15 14:48:50,137] {logging_mixin.py:104} INFO - [2025-02-15 14:48:50,136] {dag.py:2306} INFO - Setting next_dagrun for example_bash_operator to 2025-02-13 00:00:00+00:00
[2025-02-15 14:48:50,153] {scheduler_job.py:190} INFO - Processing /home/airflow/.local/lib/python3.6/site-packages/airflow/example_dags/example_bash_operator.py took 0.089 seconds
[2025-02-15 14:49:20,745] {scheduler_job.py:182} INFO - Started process (PID=393) to work on /home/airflow/.local/lib/python3.6/site-packages/airflow/example_dags/example_bash_operator.py
[2025-02-15 14:49:20,747] {scheduler_job.py:633} INFO - Processing file /home/airflow/.local/lib/python3.6/site-packages/airflow/example_dags/example_bash_operator.py for tasks to queue
[2025-02-15 14:49:20,748] {logging_mixin.py:104} INFO - [2025-02-15 14:49:20,748] {dagbag.py:496} INFO - Filling up the DagBag from /home/airflow/.local/lib/python3.6/site-packages/airflow/example_dags/example_bash_operator.py
[2025-02-15 14:49:20,778] {scheduler_job.py:643} INFO - DAG(s) dict_keys(['example_bash_operator']) retrieved from /home/airflow/.local/lib/python3.6/site-packages/airflow/example_dags/example_bash_operator.py
[2025-02-15 14:49:20,819] {logging_mixin.py:104} INFO - [2025-02-15 14:49:20,819] {dag.py:1833} INFO - Sync 1 DAGs
[2025-02-15 14:49:20,852] {logging_mixin.py:104} INFO - [2025-02-15 14:49:20,851] {dag.py:2306} INFO - Setting next_dagrun for example_bash_operator to 2025-02-13 00:00:00+00:00
[2025-02-15 14:49:20,870] {scheduler_job.py:190} INFO - Processing /home/airflow/.local/lib/python3.6/site-packages/airflow/example_dags/example_bash_operator.py took 0.132 seconds
[2025-02-15 14:49:51,147] {scheduler_job.py:182} INFO - Started process (PID=454) to work on /home/airflow/.local/lib/python3.6/site-packages/airflow/example_dags/example_bash_operator.py
[2025-02-15 14:49:51,150] {scheduler_job.py:633} INFO - Processing file /home/airflow/.local/lib/python3.6/site-packages/airflow/example_dags/example_bash_operator.py for tasks to queue
[2025-02-15 14:49:51,150] {logging_mixin.py:104} INFO - [2025-02-15 14:49:51,150] {dagbag.py:496} INFO - Filling up the DagBag from /home/airflow/.local/lib/python3.6/site-packages/airflow/example_dags/example_bash_operator.py
[2025-02-15 14:49:51,169] {scheduler_job.py:643} INFO - DAG(s) dict_keys(['example_bash_operator']) retrieved from /home/airflow/.local/lib/python3.6/site-packages/airflow/example_dags/example_bash_operator.py
[2025-02-15 14:49:51,202] {logging_mixin.py:104} INFO - [2025-02-15 14:49:51,202] {dag.py:1833} INFO - Sync 1 DAGs
[2025-02-15 14:49:51,225] {logging_mixin.py:104} INFO - [2025-02-15 14:49:51,225] {dag.py:2306} INFO - Setting next_dagrun for example_bash_operator to 2025-02-13 00:00:00+00:00
[2025-02-15 14:49:51,246] {scheduler_job.py:190} INFO - Processing /home/airflow/.local/lib/python3.6/site-packages/airflow/example_dags/example_bash_operator.py took 0.103 seconds
[2025-02-15 14:50:21,851] {scheduler_job.py:182} INFO - Started process (PID=507) to work on /home/airflow/.local/lib/python3.6/site-packages/airflow/example_dags/example_bash_operator.py
[2025-02-15 14:50:21,852] {scheduler_job.py:633} INFO - Processing file /home/airflow/.local/lib/python3.6/site-packages/airflow/example_dags/example_bash_operator.py for tasks to queue
[2025-02-15 14:50:21,853] {logging_mixin.py:104} INFO - [2025-02-15 14:50:21,853] {dagbag.py:496} INFO - Filling up the DagBag from /home/airflow/.local/lib/python3.6/site-packages/airflow/example_dags/example_bash_operator.py
[2025-02-15 14:50:21,869] {scheduler_job.py:643} INFO - DAG(s) dict_keys(['example_bash_operator']) retrieved from /home/airflow/.local/lib/python3.6/site-packages/airflow/example_dags/example_bash_operator.py
[2025-02-15 14:50:21,896] {logging_mixin.py:104} INFO - [2025-02-15 14:50:21,896] {dag.py:1833} INFO - Sync 1 DAGs
[2025-02-15 14:50:21,915] {logging_mixin.py:104} INFO - [2025-02-15 14:50:21,915] {dag.py:2306} INFO - Setting next_dagrun for example_bash_operator to 2025-02-13 00:00:00+00:00
[2025-02-15 14:50:21,929] {scheduler_job.py:190} INFO - Processing /home/airflow/.local/lib/python3.6/site-packages/airflow/example_dags/example_bash_operator.py took 0.083 seconds
[2025-02-15 14:50:52,110] {scheduler_job.py:182} INFO - Started process (PID=558) to work on /home/airflow/.local/lib/python3.6/site-packages/airflow/example_dags/example_bash_operator.py
[2025-02-15 14:50:52,111] {scheduler_job.py:633} INFO - Processing file /home/airflow/.local/lib/python3.6/site-packages/airflow/example_dags/example_bash_operator.py for tasks to queue
[2025-02-15 14:50:52,113] {logging_mixin.py:104} INFO - [2025-02-15 14:50:52,113] {dagbag.py:496} INFO - Filling up the DagBag from /home/airflow/.local/lib/python3.6/site-packages/airflow/example_dags/example_bash_operator.py
[2025-02-15 14:50:52,131] {scheduler_job.py:643} INFO - DAG(s) dict_keys(['example_bash_operator']) retrieved from /home/airflow/.local/lib/python3.6/site-packages/airflow/example_dags/example_bash_operator.py
[2025-02-15 14:50:52,162] {logging_mixin.py:104} INFO - [2025-02-15 14:50:52,162] {dag.py:1833} INFO - Sync 1 DAGs
[2025-02-15 14:50:52,185] {logging_mixin.py:104} INFO - [2025-02-15 14:50:52,184] {dag.py:2306} INFO - Setting next_dagrun for example_bash_operator to 2025-02-13 00:00:00+00:00
[2025-02-15 14:50:52,208] {scheduler_job.py:190} INFO - Processing /home/airflow/.local/lib/python3.6/site-packages/airflow/example_dags/example_bash_operator.py took 0.102 seconds
[2025-02-15 14:51:22,346] {scheduler_job.py:182} INFO - Started process (PID=620) to work on /home/airflow/.local/lib/python3.6/site-packages/airflow/example_dags/example_bash_operator.py
[2025-02-15 14:51:22,347] {scheduler_job.py:633} INFO - Processing file /home/airflow/.local/lib/python3.6/site-packages/airflow/example_dags/example_bash_operator.py for tasks to queue
[2025-02-15 14:51:22,348] {logging_mixin.py:104} INFO - [2025-02-15 14:51:22,348] {dagbag.py:496} INFO - Filling up the DagBag from /home/airflow/.local/lib/python3.6/site-packages/airflow/example_dags/example_bash_operator.py
[2025-02-15 14:51:22,372] {scheduler_job.py:643} INFO - DAG(s) dict_keys(['example_bash_operator']) retrieved from /home/airflow/.local/lib/python3.6/site-packages/airflow/example_dags/example_bash_operator.py
[2025-02-15 14:51:22,420] {logging_mixin.py:104} INFO - [2025-02-15 14:51:22,420] {dag.py:1833} INFO - Sync 1 DAGs
[2025-02-15 14:51:22,455] {logging_mixin.py:104} INFO - [2025-02-15 14:51:22,455] {dag.py:2306} INFO - Setting next_dagrun for example_bash_operator to 2025-02-13 00:00:00+00:00
[2025-02-15 14:51:22,484] {scheduler_job.py:190} INFO - Processing /home/airflow/.local/lib/python3.6/site-packages/airflow/example_dags/example_bash_operator.py took 0.143 seconds
[2025-02-15 14:51:52,731] {scheduler_job.py:182} INFO - Started process (PID=673) to work on /home/airflow/.local/lib/python3.6/site-packages/airflow/example_dags/example_bash_operator.py
[2025-02-15 14:51:52,732] {scheduler_job.py:633} INFO - Processing file /home/airflow/.local/lib/python3.6/site-packages/airflow/example_dags/example_bash_operator.py for tasks to queue
[2025-02-15 14:51:52,733] {logging_mixin.py:104} INFO - [2025-02-15 14:51:52,733] {dagbag.py:496} INFO - Filling up the DagBag from /home/airflow/.local/lib/python3.6/site-packages/airflow/example_dags/example_bash_operator.py
[2025-02-15 14:51:52,751] {scheduler_job.py:643} INFO - DAG(s) dict_keys(['example_bash_operator']) retrieved from /home/airflow/.local/lib/python3.6/site-packages/airflow/example_dags/example_bash_operator.py
[2025-02-15 14:51:52,777] {logging_mixin.py:104} INFO - [2025-02-15 14:51:52,777] {dag.py:1833} INFO - Sync 1 DAGs
[2025-02-15 14:51:52,794] {logging_mixin.py:104} INFO - [2025-02-15 14:51:52,794] {dag.py:2306} INFO - Setting next_dagrun for example_bash_operator to 2025-02-13 00:00:00+00:00
[2025-02-15 14:51:52,813] {scheduler_job.py:190} INFO - Processing /home/airflow/.local/lib/python3.6/site-packages/airflow/example_dags/example_bash_operator.py took 0.088 seconds
[2025-02-15 15:12:39,736] {scheduler_job.py:182} INFO - Started process (PID=731) to work on /home/airflow/.local/lib/python3.6/site-packages/airflow/example_dags/example_bash_operator.py
[2025-02-15 15:12:39,761] {scheduler_job.py:633} INFO - Processing file /home/airflow/.local/lib/python3.6/site-packages/airflow/example_dags/example_bash_operator.py for tasks to queue
[2025-02-15 15:12:39,763] {logging_mixin.py:104} INFO - [2025-02-15 15:12:39,762] {dagbag.py:496} INFO - Filling up the DagBag from /home/airflow/.local/lib/python3.6/site-packages/airflow/example_dags/example_bash_operator.py
[2025-02-15 15:12:39,789] {scheduler_job.py:643} INFO - DAG(s) dict_keys(['example_bash_operator']) retrieved from /home/airflow/.local/lib/python3.6/site-packages/airflow/example_dags/example_bash_operator.py
[2025-02-15 15:12:39,836] {logging_mixin.py:104} INFO - [2025-02-15 15:12:39,836] {dag.py:1833} INFO - Sync 1 DAGs
[2025-02-15 15:12:39,861] {logging_mixin.py:104} INFO - [2025-02-15 15:12:39,861] {dag.py:2306} INFO - Setting next_dagrun for example_bash_operator to 2025-02-13 00:00:00+00:00
[2025-02-15 15:12:39,897] {scheduler_job.py:190} INFO - Processing /home/airflow/.local/lib/python3.6/site-packages/airflow/example_dags/example_bash_operator.py took 0.169 seconds
[2025-02-15 15:13:10,810] {scheduler_job.py:182} INFO - Started process (PID=784) to work on /home/airflow/.local/lib/python3.6/site-packages/airflow/example_dags/example_bash_operator.py
[2025-02-15 15:13:10,824] {scheduler_job.py:633} INFO - Processing file /home/airflow/.local/lib/python3.6/site-packages/airflow/example_dags/example_bash_operator.py for tasks to queue
[2025-02-15 15:13:10,826] {logging_mixin.py:104} INFO - [2025-02-15 15:13:10,826] {dagbag.py:496} INFO - Filling up the DagBag from /home/airflow/.local/lib/python3.6/site-packages/airflow/example_dags/example_bash_operator.py
[2025-02-15 15:13:10,927] {scheduler_job.py:643} INFO - DAG(s) dict_keys(['example_bash_operator']) retrieved from /home/airflow/.local/lib/python3.6/site-packages/airflow/example_dags/example_bash_operator.py
[2025-02-15 15:13:11,032] {logging_mixin.py:104} INFO - [2025-02-15 15:13:11,032] {dag.py:1833} INFO - Sync 1 DAGs
[2025-02-15 15:13:11,109] {logging_mixin.py:104} INFO - [2025-02-15 15:13:11,108] {dag.py:2306} INFO - Setting next_dagrun for example_bash_operator to 2025-02-13 00:00:00+00:00
[2025-02-15 15:13:11,140] {scheduler_job.py:190} INFO - Processing /home/airflow/.local/lib/python3.6/site-packages/airflow/example_dags/example_bash_operator.py took 0.361 seconds
[2025-02-15 15:20:37,856] {scheduler_job.py:182} INFO - Started process (PID=81) to work on /home/airflow/.local/lib/python3.6/site-packages/airflow/example_dags/example_bash_operator.py
[2025-02-15 15:20:37,870] {scheduler_job.py:633} INFO - Processing file /home/airflow/.local/lib/python3.6/site-packages/airflow/example_dags/example_bash_operator.py for tasks to queue
[2025-02-15 15:20:37,872] {logging_mixin.py:104} INFO - [2025-02-15 15:20:37,872] {dagbag.py:496} INFO - Filling up the DagBag from /home/airflow/.local/lib/python3.6/site-packages/airflow/example_dags/example_bash_operator.py
[2025-02-15 15:20:37,935] {scheduler_job.py:643} INFO - DAG(s) dict_keys(['example_bash_operator']) retrieved from /home/airflow/.local/lib/python3.6/site-packages/airflow/example_dags/example_bash_operator.py
[2025-02-15 15:20:38,083] {logging_mixin.py:104} INFO - [2025-02-15 15:20:38,083] {dag.py:1833} INFO - Sync 1 DAGs
[2025-02-15 15:20:38,256] {logging_mixin.py:104} INFO - [2025-02-15 15:20:38,256] {dag.py:2306} INFO - Setting next_dagrun for example_bash_operator to 2025-02-13 00:00:00+00:00
[2025-02-15 15:20:38,328] {scheduler_job.py:190} INFO - Processing /home/airflow/.local/lib/python3.6/site-packages/airflow/example_dags/example_bash_operator.py took 0.496 seconds
[2025-02-15 15:21:09,296] {scheduler_job.py:182} INFO - Started process (PID=131) to work on /home/airflow/.local/lib/python3.6/site-packages/airflow/example_dags/example_bash_operator.py
[2025-02-15 15:21:09,299] {scheduler_job.py:633} INFO - Processing file /home/airflow/.local/lib/python3.6/site-packages/airflow/example_dags/example_bash_operator.py for tasks to queue
[2025-02-15 15:21:09,302] {logging_mixin.py:104} INFO - [2025-02-15 15:21:09,301] {dagbag.py:496} INFO - Filling up the DagBag from /home/airflow/.local/lib/python3.6/site-packages/airflow/example_dags/example_bash_operator.py
[2025-02-15 15:21:09,386] {scheduler_job.py:643} INFO - DAG(s) dict_keys(['example_bash_operator']) retrieved from /home/airflow/.local/lib/python3.6/site-packages/airflow/example_dags/example_bash_operator.py
[2025-02-15 15:21:09,689] {logging_mixin.py:104} INFO - [2025-02-15 15:21:09,689] {dag.py:1833} INFO - Sync 1 DAGs
[2025-02-15 15:21:09,796] {logging_mixin.py:104} INFO - [2025-02-15 15:21:09,796] {dag.py:2306} INFO - Setting next_dagrun for example_bash_operator to 2025-02-13 00:00:00+00:00
[2025-02-15 15:21:09,862] {scheduler_job.py:190} INFO - Processing /home/airflow/.local/lib/python3.6/site-packages/airflow/example_dags/example_bash_operator.py took 0.581 seconds
[2025-02-15 15:21:54,030] {scheduler_job.py:182} INFO - Started process (PID=184) to work on /home/airflow/.local/lib/python3.6/site-packages/airflow/example_dags/example_bash_operator.py
[2025-02-15 15:21:54,050] {scheduler_job.py:633} INFO - Processing file /home/airflow/.local/lib/python3.6/site-packages/airflow/example_dags/example_bash_operator.py for tasks to queue
[2025-02-15 15:21:54,062] {logging_mixin.py:104} INFO - [2025-02-15 15:21:54,062] {dagbag.py:496} INFO - Filling up the DagBag from /home/airflow/.local/lib/python3.6/site-packages/airflow/example_dags/example_bash_operator.py
[2025-02-15 15:21:54,259] {scheduler_job.py:643} INFO - DAG(s) dict_keys(['example_bash_operator']) retrieved from /home/airflow/.local/lib/python3.6/site-packages/airflow/example_dags/example_bash_operator.py
[2025-02-15 15:21:54,645] {logging_mixin.py:104} INFO - [2025-02-15 15:21:54,645] {dag.py:1833} INFO - Sync 1 DAGs
[2025-02-15 15:21:54,941] {logging_mixin.py:104} INFO - [2025-02-15 15:21:54,941] {dag.py:2306} INFO - Setting next_dagrun for example_bash_operator to 2025-02-13 00:00:00+00:00
[2025-02-15 15:21:55,069] {scheduler_job.py:190} INFO - Processing /home/airflow/.local/lib/python3.6/site-packages/airflow/example_dags/example_bash_operator.py took 1.067 seconds
