[2025-02-15 13:54:05,375] {scheduler_job.py:182} INFO - Started process (PID=65) to work on /home/airflow/.local/lib/python3.6/site-packages/airflow/example_dags/example_branch_operator.py
[2025-02-15 13:54:05,379] {scheduler_job.py:633} INFO - Processing file /home/airflow/.local/lib/python3.6/site-packages/airflow/example_dags/example_branch_operator.py for tasks to queue
[2025-02-15 13:54:05,380] {logging_mixin.py:104} INFO - [2025-02-15 13:54:05,380] {dagbag.py:496} INFO - Filling up the DagBag from /home/airflow/.local/lib/python3.6/site-packages/airflow/example_dags/example_branch_operator.py
[2025-02-15 13:54:05,496] {scheduler_job.py:643} INFO - DAG(s) dict_keys(['example_branch_operator']) retrieved from /home/airflow/.local/lib/python3.6/site-packages/airflow/example_dags/example_branch_operator.py
[2025-02-15 13:54:07,231] {logging_mixin.py:104} INFO - [2025-02-15 13:54:07,230] {dag.py:1833} INFO - Sync 1 DAGs
[2025-02-15 13:54:07,369] {logging_mixin.py:104} INFO - [2025-02-15 13:54:07,369] {dag.py:2306} INFO - Setting next_dagrun for example_branch_operator to 2025-02-13 00:00:00+00:00
[2025-02-15 13:54:07,551] {scheduler_job.py:190} INFO - Processing /home/airflow/.local/lib/python3.6/site-packages/airflow/example_dags/example_branch_operator.py took 2.190 seconds
[2025-02-15 13:54:39,765] {scheduler_job.py:182} INFO - Started process (PID=114) to work on /home/airflow/.local/lib/python3.6/site-packages/airflow/example_dags/example_branch_operator.py
[2025-02-15 13:54:39,769] {scheduler_job.py:633} INFO - Processing file /home/airflow/.local/lib/python3.6/site-packages/airflow/example_dags/example_branch_operator.py for tasks to queue
[2025-02-15 13:54:39,782] {logging_mixin.py:104} INFO - [2025-02-15 13:54:39,782] {dagbag.py:496} INFO - Filling up the DagBag from /home/airflow/.local/lib/python3.6/site-packages/airflow/example_dags/example_branch_operator.py
[2025-02-15 13:54:39,974] {scheduler_job.py:643} INFO - DAG(s) dict_keys(['example_branch_operator']) retrieved from /home/airflow/.local/lib/python3.6/site-packages/airflow/example_dags/example_branch_operator.py
[2025-02-15 13:54:41,088] {logging_mixin.py:104} INFO - [2025-02-15 13:54:41,088] {dag.py:1833} INFO - Sync 1 DAGs
[2025-02-15 13:54:41,494] {logging_mixin.py:104} INFO - [2025-02-15 13:54:41,494] {dag.py:2306} INFO - Setting next_dagrun for example_branch_operator to 2025-02-13 00:00:00+00:00
[2025-02-15 13:54:41,578] {scheduler_job.py:190} INFO - Processing /home/airflow/.local/lib/python3.6/site-packages/airflow/example_dags/example_branch_operator.py took 1.848 seconds
[2025-02-15 13:55:17,611] {scheduler_job.py:182} INFO - Started process (PID=164) to work on /home/airflow/.local/lib/python3.6/site-packages/airflow/example_dags/example_branch_operator.py
[2025-02-15 13:55:17,630] {scheduler_job.py:633} INFO - Processing file /home/airflow/.local/lib/python3.6/site-packages/airflow/example_dags/example_branch_operator.py for tasks to queue
[2025-02-15 13:55:17,730] {logging_mixin.py:104} INFO - [2025-02-15 13:55:17,632] {dagbag.py:496} INFO - Filling up the DagBag from /home/airflow/.local/lib/python3.6/site-packages/airflow/example_dags/example_branch_operator.py
[2025-02-15 13:55:18,091] {scheduler_job.py:643} INFO - DAG(s) dict_keys(['example_branch_operator']) retrieved from /home/airflow/.local/lib/python3.6/site-packages/airflow/example_dags/example_branch_operator.py
[2025-02-15 13:55:18,435] {logging_mixin.py:104} INFO - [2025-02-15 13:55:18,434] {dag.py:1833} INFO - Sync 1 DAGs
[2025-02-15 13:55:18,652] {logging_mixin.py:104} INFO - [2025-02-15 13:55:18,652] {dag.py:2306} INFO - Setting next_dagrun for example_branch_operator to 2025-02-13 00:00:00+00:00
[2025-02-15 13:55:18,753] {scheduler_job.py:190} INFO - Processing /home/airflow/.local/lib/python3.6/site-packages/airflow/example_dags/example_branch_operator.py took 1.224 seconds
[2025-02-15 13:55:48,992] {scheduler_job.py:182} INFO - Started process (PID=215) to work on /home/airflow/.local/lib/python3.6/site-packages/airflow/example_dags/example_branch_operator.py
[2025-02-15 13:55:48,998] {scheduler_job.py:633} INFO - Processing file /home/airflow/.local/lib/python3.6/site-packages/airflow/example_dags/example_branch_operator.py for tasks to queue
[2025-02-15 13:55:48,998] {logging_mixin.py:104} INFO - [2025-02-15 13:55:48,998] {dagbag.py:496} INFO - Filling up the DagBag from /home/airflow/.local/lib/python3.6/site-packages/airflow/example_dags/example_branch_operator.py
[2025-02-15 13:55:49,016] {scheduler_job.py:643} INFO - DAG(s) dict_keys(['example_branch_operator']) retrieved from /home/airflow/.local/lib/python3.6/site-packages/airflow/example_dags/example_branch_operator.py
[2025-02-15 13:55:49,049] {logging_mixin.py:104} INFO - [2025-02-15 13:55:49,049] {dag.py:1833} INFO - Sync 1 DAGs
[2025-02-15 13:55:49,074] {logging_mixin.py:104} INFO - [2025-02-15 13:55:49,073] {dag.py:2306} INFO - Setting next_dagrun for example_branch_operator to 2025-02-13 00:00:00+00:00
[2025-02-15 13:55:49,093] {scheduler_job.py:190} INFO - Processing /home/airflow/.local/lib/python3.6/site-packages/airflow/example_dags/example_branch_operator.py took 0.105 seconds
[2025-02-15 13:56:19,516] {scheduler_job.py:182} INFO - Started process (PID=266) to work on /home/airflow/.local/lib/python3.6/site-packages/airflow/example_dags/example_branch_operator.py
[2025-02-15 13:56:19,518] {scheduler_job.py:633} INFO - Processing file /home/airflow/.local/lib/python3.6/site-packages/airflow/example_dags/example_branch_operator.py for tasks to queue
[2025-02-15 13:56:19,520] {logging_mixin.py:104} INFO - [2025-02-15 13:56:19,519] {dagbag.py:496} INFO - Filling up the DagBag from /home/airflow/.local/lib/python3.6/site-packages/airflow/example_dags/example_branch_operator.py
[2025-02-15 13:56:19,553] {scheduler_job.py:643} INFO - DAG(s) dict_keys(['example_branch_operator']) retrieved from /home/airflow/.local/lib/python3.6/site-packages/airflow/example_dags/example_branch_operator.py
[2025-02-15 13:56:19,601] {logging_mixin.py:104} INFO - [2025-02-15 13:56:19,601] {dag.py:1833} INFO - Sync 1 DAGs
[2025-02-15 13:56:19,635] {logging_mixin.py:104} INFO - [2025-02-15 13:56:19,634] {dag.py:2306} INFO - Setting next_dagrun for example_branch_operator to 2025-02-13 00:00:00+00:00
[2025-02-15 13:56:19,653] {scheduler_job.py:190} INFO - Processing /home/airflow/.local/lib/python3.6/site-packages/airflow/example_dags/example_branch_operator.py took 0.144 seconds
[2025-02-15 13:56:49,813] {scheduler_job.py:182} INFO - Started process (PID=317) to work on /home/airflow/.local/lib/python3.6/site-packages/airflow/example_dags/example_branch_operator.py
[2025-02-15 13:56:49,817] {scheduler_job.py:633} INFO - Processing file /home/airflow/.local/lib/python3.6/site-packages/airflow/example_dags/example_branch_operator.py for tasks to queue
[2025-02-15 13:56:49,819] {logging_mixin.py:104} INFO - [2025-02-15 13:56:49,819] {dagbag.py:496} INFO - Filling up the DagBag from /home/airflow/.local/lib/python3.6/site-packages/airflow/example_dags/example_branch_operator.py
[2025-02-15 13:56:49,863] {scheduler_job.py:643} INFO - DAG(s) dict_keys(['example_branch_operator']) retrieved from /home/airflow/.local/lib/python3.6/site-packages/airflow/example_dags/example_branch_operator.py
[2025-02-15 13:56:49,929] {logging_mixin.py:104} INFO - [2025-02-15 13:56:49,929] {dag.py:1833} INFO - Sync 1 DAGs
[2025-02-15 13:56:49,975] {logging_mixin.py:104} INFO - [2025-02-15 13:56:49,975] {dag.py:2306} INFO - Setting next_dagrun for example_branch_operator to 2025-02-13 00:00:00+00:00
[2025-02-15 13:56:49,999] {scheduler_job.py:190} INFO - Processing /home/airflow/.local/lib/python3.6/site-packages/airflow/example_dags/example_branch_operator.py took 0.195 seconds
[2025-02-15 13:57:20,609] {scheduler_job.py:182} INFO - Started process (PID=375) to work on /home/airflow/.local/lib/python3.6/site-packages/airflow/example_dags/example_branch_operator.py
[2025-02-15 13:57:20,624] {scheduler_job.py:633} INFO - Processing file /home/airflow/.local/lib/python3.6/site-packages/airflow/example_dags/example_branch_operator.py for tasks to queue
[2025-02-15 13:57:20,626] {logging_mixin.py:104} INFO - [2025-02-15 13:57:20,626] {dagbag.py:496} INFO - Filling up the DagBag from /home/airflow/.local/lib/python3.6/site-packages/airflow/example_dags/example_branch_operator.py
[2025-02-15 13:57:20,831] {scheduler_job.py:643} INFO - DAG(s) dict_keys(['example_branch_operator']) retrieved from /home/airflow/.local/lib/python3.6/site-packages/airflow/example_dags/example_branch_operator.py
[2025-02-15 13:57:21,033] {logging_mixin.py:104} INFO - [2025-02-15 13:57:21,032] {dag.py:1833} INFO - Sync 1 DAGs
[2025-02-15 13:57:21,193] {logging_mixin.py:104} INFO - [2025-02-15 13:57:21,193] {dag.py:2306} INFO - Setting next_dagrun for example_branch_operator to 2025-02-13 00:00:00+00:00
[2025-02-15 13:57:21,237] {scheduler_job.py:190} INFO - Processing /home/airflow/.local/lib/python3.6/site-packages/airflow/example_dags/example_branch_operator.py took 0.677 seconds
[2025-02-15 13:57:51,797] {scheduler_job.py:182} INFO - Started process (PID=425) to work on /home/airflow/.local/lib/python3.6/site-packages/airflow/example_dags/example_branch_operator.py
[2025-02-15 13:57:51,799] {scheduler_job.py:633} INFO - Processing file /home/airflow/.local/lib/python3.6/site-packages/airflow/example_dags/example_branch_operator.py for tasks to queue
[2025-02-15 13:57:51,801] {logging_mixin.py:104} INFO - [2025-02-15 13:57:51,800] {dagbag.py:496} INFO - Filling up the DagBag from /home/airflow/.local/lib/python3.6/site-packages/airflow/example_dags/example_branch_operator.py
[2025-02-15 13:57:51,826] {scheduler_job.py:643} INFO - DAG(s) dict_keys(['example_branch_operator']) retrieved from /home/airflow/.local/lib/python3.6/site-packages/airflow/example_dags/example_branch_operator.py
[2025-02-15 13:57:51,869] {logging_mixin.py:104} INFO - [2025-02-15 13:57:51,869] {dag.py:1833} INFO - Sync 1 DAGs
[2025-02-15 13:57:51,895] {logging_mixin.py:104} INFO - [2025-02-15 13:57:51,895] {dag.py:2306} INFO - Setting next_dagrun for example_branch_operator to 2025-02-13 00:00:00+00:00
[2025-02-15 13:57:51,910] {scheduler_job.py:190} INFO - Processing /home/airflow/.local/lib/python3.6/site-packages/airflow/example_dags/example_branch_operator.py took 0.117 seconds
[2025-02-15 13:58:22,762] {scheduler_job.py:182} INFO - Started process (PID=479) to work on /home/airflow/.local/lib/python3.6/site-packages/airflow/example_dags/example_branch_operator.py
[2025-02-15 13:58:22,764] {scheduler_job.py:633} INFO - Processing file /home/airflow/.local/lib/python3.6/site-packages/airflow/example_dags/example_branch_operator.py for tasks to queue
[2025-02-15 13:58:22,765] {logging_mixin.py:104} INFO - [2025-02-15 13:58:22,765] {dagbag.py:496} INFO - Filling up the DagBag from /home/airflow/.local/lib/python3.6/site-packages/airflow/example_dags/example_branch_operator.py
[2025-02-15 13:58:22,797] {scheduler_job.py:643} INFO - DAG(s) dict_keys(['example_branch_operator']) retrieved from /home/airflow/.local/lib/python3.6/site-packages/airflow/example_dags/example_branch_operator.py
[2025-02-15 13:58:22,836] {logging_mixin.py:104} INFO - [2025-02-15 13:58:22,836] {dag.py:1833} INFO - Sync 1 DAGs
[2025-02-15 13:58:22,864] {logging_mixin.py:104} INFO - [2025-02-15 13:58:22,864] {dag.py:2306} INFO - Setting next_dagrun for example_branch_operator to 2025-02-13 00:00:00+00:00
[2025-02-15 13:58:22,882] {scheduler_job.py:190} INFO - Processing /home/airflow/.local/lib/python3.6/site-packages/airflow/example_dags/example_branch_operator.py took 0.126 seconds
[2025-02-15 13:58:53,428] {scheduler_job.py:182} INFO - Started process (PID=531) to work on /home/airflow/.local/lib/python3.6/site-packages/airflow/example_dags/example_branch_operator.py
[2025-02-15 13:58:53,429] {scheduler_job.py:633} INFO - Processing file /home/airflow/.local/lib/python3.6/site-packages/airflow/example_dags/example_branch_operator.py for tasks to queue
[2025-02-15 13:58:53,431] {logging_mixin.py:104} INFO - [2025-02-15 13:58:53,430] {dagbag.py:496} INFO - Filling up the DagBag from /home/airflow/.local/lib/python3.6/site-packages/airflow/example_dags/example_branch_operator.py
[2025-02-15 13:58:53,449] {scheduler_job.py:643} INFO - DAG(s) dict_keys(['example_branch_operator']) retrieved from /home/airflow/.local/lib/python3.6/site-packages/airflow/example_dags/example_branch_operator.py
[2025-02-15 13:58:53,486] {logging_mixin.py:104} INFO - [2025-02-15 13:58:53,486] {dag.py:1833} INFO - Sync 1 DAGs
[2025-02-15 13:58:53,516] {logging_mixin.py:104} INFO - [2025-02-15 13:58:53,516] {dag.py:2306} INFO - Setting next_dagrun for example_branch_operator to 2025-02-13 00:00:00+00:00
[2025-02-15 13:58:53,535] {scheduler_job.py:190} INFO - Processing /home/airflow/.local/lib/python3.6/site-packages/airflow/example_dags/example_branch_operator.py took 0.112 seconds
[2025-02-15 13:59:23,554] {scheduler_job.py:182} INFO - Started process (PID=593) to work on /home/airflow/.local/lib/python3.6/site-packages/airflow/example_dags/example_branch_operator.py
[2025-02-15 13:59:23,560] {scheduler_job.py:633} INFO - Processing file /home/airflow/.local/lib/python3.6/site-packages/airflow/example_dags/example_branch_operator.py for tasks to queue
[2025-02-15 13:59:23,560] {logging_mixin.py:104} INFO - [2025-02-15 13:59:23,560] {dagbag.py:496} INFO - Filling up the DagBag from /home/airflow/.local/lib/python3.6/site-packages/airflow/example_dags/example_branch_operator.py
[2025-02-15 13:59:23,575] {scheduler_job.py:643} INFO - DAG(s) dict_keys(['example_branch_operator']) retrieved from /home/airflow/.local/lib/python3.6/site-packages/airflow/example_dags/example_branch_operator.py
[2025-02-15 13:59:23,605] {logging_mixin.py:104} INFO - [2025-02-15 13:59:23,605] {dag.py:1833} INFO - Sync 1 DAGs
[2025-02-15 13:59:23,625] {logging_mixin.py:104} INFO - [2025-02-15 13:59:23,625] {dag.py:2306} INFO - Setting next_dagrun for example_branch_operator to 2025-02-13 00:00:00+00:00
[2025-02-15 13:59:23,642] {scheduler_job.py:190} INFO - Processing /home/airflow/.local/lib/python3.6/site-packages/airflow/example_dags/example_branch_operator.py took 0.090 seconds
[2025-02-15 13:59:53,936] {scheduler_job.py:182} INFO - Started process (PID=655) to work on /home/airflow/.local/lib/python3.6/site-packages/airflow/example_dags/example_branch_operator.py
[2025-02-15 13:59:53,939] {scheduler_job.py:633} INFO - Processing file /home/airflow/.local/lib/python3.6/site-packages/airflow/example_dags/example_branch_operator.py for tasks to queue
[2025-02-15 13:59:53,940] {logging_mixin.py:104} INFO - [2025-02-15 13:59:53,940] {dagbag.py:496} INFO - Filling up the DagBag from /home/airflow/.local/lib/python3.6/site-packages/airflow/example_dags/example_branch_operator.py
[2025-02-15 13:59:53,965] {scheduler_job.py:643} INFO - DAG(s) dict_keys(['example_branch_operator']) retrieved from /home/airflow/.local/lib/python3.6/site-packages/airflow/example_dags/example_branch_operator.py
[2025-02-15 13:59:54,048] {logging_mixin.py:104} INFO - [2025-02-15 13:59:54,048] {dag.py:1833} INFO - Sync 1 DAGs
[2025-02-15 13:59:54,106] {logging_mixin.py:104} INFO - [2025-02-15 13:59:54,105] {dag.py:2306} INFO - Setting next_dagrun for example_branch_operator to 2025-02-13 00:00:00+00:00
[2025-02-15 13:59:54,130] {scheduler_job.py:190} INFO - Processing /home/airflow/.local/lib/python3.6/site-packages/airflow/example_dags/example_branch_operator.py took 0.199 seconds
[2025-02-15 14:01:29,546] {scheduler_job.py:182} INFO - Started process (PID=65) to work on /home/airflow/.local/lib/python3.6/site-packages/airflow/example_dags/example_branch_operator.py
[2025-02-15 14:01:29,553] {scheduler_job.py:633} INFO - Processing file /home/airflow/.local/lib/python3.6/site-packages/airflow/example_dags/example_branch_operator.py for tasks to queue
[2025-02-15 14:01:29,555] {logging_mixin.py:104} INFO - [2025-02-15 14:01:29,554] {dagbag.py:496} INFO - Filling up the DagBag from /home/airflow/.local/lib/python3.6/site-packages/airflow/example_dags/example_branch_operator.py
[2025-02-15 14:01:29,608] {scheduler_job.py:643} INFO - DAG(s) dict_keys(['example_branch_operator']) retrieved from /home/airflow/.local/lib/python3.6/site-packages/airflow/example_dags/example_branch_operator.py
[2025-02-15 14:01:29,687] {logging_mixin.py:104} INFO - [2025-02-15 14:01:29,687] {dag.py:1833} INFO - Sync 1 DAGs
[2025-02-15 14:01:29,741] {logging_mixin.py:104} INFO - [2025-02-15 14:01:29,740] {dag.py:2306} INFO - Setting next_dagrun for example_branch_operator to 2025-02-13 00:00:00+00:00
[2025-02-15 14:01:29,769] {scheduler_job.py:190} INFO - Processing /home/airflow/.local/lib/python3.6/site-packages/airflow/example_dags/example_branch_operator.py took 0.232 seconds
[2025-02-15 14:06:56,418] {scheduler_job.py:182} INFO - Started process (PID=195) to work on /home/airflow/.local/lib/python3.6/site-packages/airflow/example_dags/example_branch_operator.py
[2025-02-15 14:06:56,429] {scheduler_job.py:633} INFO - Processing file /home/airflow/.local/lib/python3.6/site-packages/airflow/example_dags/example_branch_operator.py for tasks to queue
[2025-02-15 14:06:56,456] {logging_mixin.py:104} INFO - [2025-02-15 14:06:56,454] {dagbag.py:496} INFO - Filling up the DagBag from /home/airflow/.local/lib/python3.6/site-packages/airflow/example_dags/example_branch_operator.py
[2025-02-15 14:06:56,872] {scheduler_job.py:643} INFO - DAG(s) dict_keys(['example_branch_operator']) retrieved from /home/airflow/.local/lib/python3.6/site-packages/airflow/example_dags/example_branch_operator.py
[2025-02-15 14:07:00,986] {logging_mixin.py:104} INFO - [2025-02-15 14:07:00,984] {dag.py:1833} INFO - Sync 1 DAGs
[2025-02-15 14:07:01,001] {logging_mixin.py:104} INFO - [2025-02-15 14:07:01,000] {dag.py:1852} INFO - Creating ORM DAG for example_branch_operator
[2025-02-15 14:07:01,013] {logging_mixin.py:104} INFO - [2025-02-15 14:07:01,013] {dag.py:2306} INFO - Setting next_dagrun for example_branch_operator to 2025-02-13 00:00:00+00:00
[2025-02-15 14:07:01,033] {scheduler_job.py:190} INFO - Processing /home/airflow/.local/lib/python3.6/site-packages/airflow/example_dags/example_branch_operator.py took 4.700 seconds
[2025-02-15 14:07:49,840] {scheduler_job.py:182} INFO - Started process (PID=417) to work on /home/airflow/.local/lib/python3.6/site-packages/airflow/example_dags/example_branch_operator.py
[2025-02-15 14:07:49,843] {scheduler_job.py:633} INFO - Processing file /home/airflow/.local/lib/python3.6/site-packages/airflow/example_dags/example_branch_operator.py for tasks to queue
[2025-02-15 14:07:49,844] {logging_mixin.py:104} INFO - [2025-02-15 14:07:49,844] {dagbag.py:496} INFO - Filling up the DagBag from /home/airflow/.local/lib/python3.6/site-packages/airflow/example_dags/example_branch_operator.py
[2025-02-15 14:07:49,887] {scheduler_job.py:643} INFO - DAG(s) dict_keys(['example_branch_operator']) retrieved from /home/airflow/.local/lib/python3.6/site-packages/airflow/example_dags/example_branch_operator.py
[2025-02-15 14:07:49,956] {logging_mixin.py:104} INFO - [2025-02-15 14:07:49,954] {dag.py:1833} INFO - Sync 1 DAGs
[2025-02-15 14:07:50,000] {logging_mixin.py:104} INFO - [2025-02-15 14:07:50,000] {dag.py:2306} INFO - Setting next_dagrun for example_branch_operator to 2025-02-13 00:00:00+00:00
[2025-02-15 14:07:50,027] {scheduler_job.py:190} INFO - Processing /home/airflow/.local/lib/python3.6/site-packages/airflow/example_dags/example_branch_operator.py took 0.194 seconds
[2025-02-15 14:08:20,239] {scheduler_job.py:182} INFO - Started process (PID=477) to work on /home/airflow/.local/lib/python3.6/site-packages/airflow/example_dags/example_branch_operator.py
[2025-02-15 14:08:20,241] {scheduler_job.py:633} INFO - Processing file /home/airflow/.local/lib/python3.6/site-packages/airflow/example_dags/example_branch_operator.py for tasks to queue
[2025-02-15 14:08:20,243] {logging_mixin.py:104} INFO - [2025-02-15 14:08:20,242] {dagbag.py:496} INFO - Filling up the DagBag from /home/airflow/.local/lib/python3.6/site-packages/airflow/example_dags/example_branch_operator.py
[2025-02-15 14:08:20,278] {scheduler_job.py:643} INFO - DAG(s) dict_keys(['example_branch_operator']) retrieved from /home/airflow/.local/lib/python3.6/site-packages/airflow/example_dags/example_branch_operator.py
[2025-02-15 14:08:20,337] {logging_mixin.py:104} INFO - [2025-02-15 14:08:20,337] {dag.py:1833} INFO - Sync 1 DAGs
[2025-02-15 14:08:20,373] {logging_mixin.py:104} INFO - [2025-02-15 14:08:20,373] {dag.py:2306} INFO - Setting next_dagrun for example_branch_operator to 2025-02-13 00:00:00+00:00
[2025-02-15 14:08:20,398] {scheduler_job.py:190} INFO - Processing /home/airflow/.local/lib/python3.6/site-packages/airflow/example_dags/example_branch_operator.py took 0.165 seconds
[2025-02-15 14:08:50,659] {scheduler_job.py:182} INFO - Started process (PID=530) to work on /home/airflow/.local/lib/python3.6/site-packages/airflow/example_dags/example_branch_operator.py
[2025-02-15 14:08:50,661] {scheduler_job.py:633} INFO - Processing file /home/airflow/.local/lib/python3.6/site-packages/airflow/example_dags/example_branch_operator.py for tasks to queue
[2025-02-15 14:08:50,662] {logging_mixin.py:104} INFO - [2025-02-15 14:08:50,661] {dagbag.py:496} INFO - Filling up the DagBag from /home/airflow/.local/lib/python3.6/site-packages/airflow/example_dags/example_branch_operator.py
[2025-02-15 14:08:50,685] {scheduler_job.py:643} INFO - DAG(s) dict_keys(['example_branch_operator']) retrieved from /home/airflow/.local/lib/python3.6/site-packages/airflow/example_dags/example_branch_operator.py
[2025-02-15 14:08:50,727] {logging_mixin.py:104} INFO - [2025-02-15 14:08:50,727] {dag.py:1833} INFO - Sync 1 DAGs
[2025-02-15 14:08:50,754] {logging_mixin.py:104} INFO - [2025-02-15 14:08:50,754] {dag.py:2306} INFO - Setting next_dagrun for example_branch_operator to 2025-02-13 00:00:00+00:00
[2025-02-15 14:08:50,771] {scheduler_job.py:190} INFO - Processing /home/airflow/.local/lib/python3.6/site-packages/airflow/example_dags/example_branch_operator.py took 0.117 seconds
[2025-02-15 14:09:21,276] {scheduler_job.py:182} INFO - Started process (PID=591) to work on /home/airflow/.local/lib/python3.6/site-packages/airflow/example_dags/example_branch_operator.py
[2025-02-15 14:09:21,277] {scheduler_job.py:633} INFO - Processing file /home/airflow/.local/lib/python3.6/site-packages/airflow/example_dags/example_branch_operator.py for tasks to queue
[2025-02-15 14:09:21,278] {logging_mixin.py:104} INFO - [2025-02-15 14:09:21,278] {dagbag.py:496} INFO - Filling up the DagBag from /home/airflow/.local/lib/python3.6/site-packages/airflow/example_dags/example_branch_operator.py
[2025-02-15 14:09:21,294] {scheduler_job.py:643} INFO - DAG(s) dict_keys(['example_branch_operator']) retrieved from /home/airflow/.local/lib/python3.6/site-packages/airflow/example_dags/example_branch_operator.py
[2025-02-15 14:09:21,321] {logging_mixin.py:104} INFO - [2025-02-15 14:09:21,321] {dag.py:1833} INFO - Sync 1 DAGs
[2025-02-15 14:09:21,345] {logging_mixin.py:104} INFO - [2025-02-15 14:09:21,345] {dag.py:2306} INFO - Setting next_dagrun for example_branch_operator to 2025-02-13 00:00:00+00:00
[2025-02-15 14:09:21,364] {scheduler_job.py:190} INFO - Processing /home/airflow/.local/lib/python3.6/site-packages/airflow/example_dags/example_branch_operator.py took 0.092 seconds
[2025-02-15 14:09:51,638] {scheduler_job.py:182} INFO - Started process (PID=643) to work on /home/airflow/.local/lib/python3.6/site-packages/airflow/example_dags/example_branch_operator.py
[2025-02-15 14:09:51,640] {scheduler_job.py:633} INFO - Processing file /home/airflow/.local/lib/python3.6/site-packages/airflow/example_dags/example_branch_operator.py for tasks to queue
[2025-02-15 14:09:51,641] {logging_mixin.py:104} INFO - [2025-02-15 14:09:51,641] {dagbag.py:496} INFO - Filling up the DagBag from /home/airflow/.local/lib/python3.6/site-packages/airflow/example_dags/example_branch_operator.py
[2025-02-15 14:09:51,671] {scheduler_job.py:643} INFO - DAG(s) dict_keys(['example_branch_operator']) retrieved from /home/airflow/.local/lib/python3.6/site-packages/airflow/example_dags/example_branch_operator.py
[2025-02-15 14:09:51,710] {logging_mixin.py:104} INFO - [2025-02-15 14:09:51,709] {dag.py:1833} INFO - Sync 1 DAGs
[2025-02-15 14:09:51,748] {logging_mixin.py:104} INFO - [2025-02-15 14:09:51,747] {dag.py:2306} INFO - Setting next_dagrun for example_branch_operator to 2025-02-13 00:00:00+00:00
[2025-02-15 14:09:51,784] {scheduler_job.py:190} INFO - Processing /home/airflow/.local/lib/python3.6/site-packages/airflow/example_dags/example_branch_operator.py took 0.151 seconds
[2025-02-15 14:10:22,099] {scheduler_job.py:182} INFO - Started process (PID=704) to work on /home/airflow/.local/lib/python3.6/site-packages/airflow/example_dags/example_branch_operator.py
[2025-02-15 14:10:22,100] {scheduler_job.py:633} INFO - Processing file /home/airflow/.local/lib/python3.6/site-packages/airflow/example_dags/example_branch_operator.py for tasks to queue
[2025-02-15 14:10:22,101] {logging_mixin.py:104} INFO - [2025-02-15 14:10:22,101] {dagbag.py:496} INFO - Filling up the DagBag from /home/airflow/.local/lib/python3.6/site-packages/airflow/example_dags/example_branch_operator.py
[2025-02-15 14:10:22,122] {scheduler_job.py:643} INFO - DAG(s) dict_keys(['example_branch_operator']) retrieved from /home/airflow/.local/lib/python3.6/site-packages/airflow/example_dags/example_branch_operator.py
[2025-02-15 14:10:22,156] {logging_mixin.py:104} INFO - [2025-02-15 14:10:22,156] {dag.py:1833} INFO - Sync 1 DAGs
[2025-02-15 14:10:22,179] {logging_mixin.py:104} INFO - [2025-02-15 14:10:22,179] {dag.py:2306} INFO - Setting next_dagrun for example_branch_operator to 2025-02-13 00:00:00+00:00
[2025-02-15 14:10:22,194] {scheduler_job.py:190} INFO - Processing /home/airflow/.local/lib/python3.6/site-packages/airflow/example_dags/example_branch_operator.py took 0.100 seconds
[2025-02-15 14:10:52,300] {scheduler_job.py:182} INFO - Started process (PID=756) to work on /home/airflow/.local/lib/python3.6/site-packages/airflow/example_dags/example_branch_operator.py
[2025-02-15 14:10:52,302] {scheduler_job.py:633} INFO - Processing file /home/airflow/.local/lib/python3.6/site-packages/airflow/example_dags/example_branch_operator.py for tasks to queue
[2025-02-15 14:10:52,302] {logging_mixin.py:104} INFO - [2025-02-15 14:10:52,302] {dagbag.py:496} INFO - Filling up the DagBag from /home/airflow/.local/lib/python3.6/site-packages/airflow/example_dags/example_branch_operator.py
[2025-02-15 14:10:52,321] {scheduler_job.py:643} INFO - DAG(s) dict_keys(['example_branch_operator']) retrieved from /home/airflow/.local/lib/python3.6/site-packages/airflow/example_dags/example_branch_operator.py
[2025-02-15 14:10:52,350] {logging_mixin.py:104} INFO - [2025-02-15 14:10:52,350] {dag.py:1833} INFO - Sync 1 DAGs
[2025-02-15 14:10:52,370] {logging_mixin.py:104} INFO - [2025-02-15 14:10:52,370] {dag.py:2306} INFO - Setting next_dagrun for example_branch_operator to 2025-02-13 00:00:00+00:00
[2025-02-15 14:10:52,384] {scheduler_job.py:190} INFO - Processing /home/airflow/.local/lib/python3.6/site-packages/airflow/example_dags/example_branch_operator.py took 0.088 seconds
[2025-02-15 14:11:22,551] {scheduler_job.py:182} INFO - Started process (PID=817) to work on /home/airflow/.local/lib/python3.6/site-packages/airflow/example_dags/example_branch_operator.py
[2025-02-15 14:11:22,552] {scheduler_job.py:633} INFO - Processing file /home/airflow/.local/lib/python3.6/site-packages/airflow/example_dags/example_branch_operator.py for tasks to queue
[2025-02-15 14:11:22,554] {logging_mixin.py:104} INFO - [2025-02-15 14:11:22,553] {dagbag.py:496} INFO - Filling up the DagBag from /home/airflow/.local/lib/python3.6/site-packages/airflow/example_dags/example_branch_operator.py
[2025-02-15 14:11:22,576] {scheduler_job.py:643} INFO - DAG(s) dict_keys(['example_branch_operator']) retrieved from /home/airflow/.local/lib/python3.6/site-packages/airflow/example_dags/example_branch_operator.py
[2025-02-15 14:11:22,616] {logging_mixin.py:104} INFO - [2025-02-15 14:11:22,616] {dag.py:1833} INFO - Sync 1 DAGs
[2025-02-15 14:11:22,646] {logging_mixin.py:104} INFO - [2025-02-15 14:11:22,646] {dag.py:2306} INFO - Setting next_dagrun for example_branch_operator to 2025-02-13 00:00:00+00:00
[2025-02-15 14:11:22,669] {scheduler_job.py:190} INFO - Processing /home/airflow/.local/lib/python3.6/site-packages/airflow/example_dags/example_branch_operator.py took 0.123 seconds
[2025-02-15 14:11:53,678] {scheduler_job.py:182} INFO - Started process (PID=870) to work on /home/airflow/.local/lib/python3.6/site-packages/airflow/example_dags/example_branch_operator.py
[2025-02-15 14:11:53,680] {scheduler_job.py:633} INFO - Processing file /home/airflow/.local/lib/python3.6/site-packages/airflow/example_dags/example_branch_operator.py for tasks to queue
[2025-02-15 14:11:53,681] {logging_mixin.py:104} INFO - [2025-02-15 14:11:53,681] {dagbag.py:496} INFO - Filling up the DagBag from /home/airflow/.local/lib/python3.6/site-packages/airflow/example_dags/example_branch_operator.py
[2025-02-15 14:11:53,705] {scheduler_job.py:643} INFO - DAG(s) dict_keys(['example_branch_operator']) retrieved from /home/airflow/.local/lib/python3.6/site-packages/airflow/example_dags/example_branch_operator.py
[2025-02-15 14:11:53,741] {logging_mixin.py:104} INFO - [2025-02-15 14:11:53,741] {dag.py:1833} INFO - Sync 1 DAGs
[2025-02-15 14:11:53,769] {logging_mixin.py:104} INFO - [2025-02-15 14:11:53,768] {dag.py:2306} INFO - Setting next_dagrun for example_branch_operator to 2025-02-13 00:00:00+00:00
[2025-02-15 14:11:53,785] {scheduler_job.py:190} INFO - Processing /home/airflow/.local/lib/python3.6/site-packages/airflow/example_dags/example_branch_operator.py took 0.114 seconds
[2025-02-15 14:12:23,881] {scheduler_job.py:182} INFO - Started process (PID=933) to work on /home/airflow/.local/lib/python3.6/site-packages/airflow/example_dags/example_branch_operator.py
[2025-02-15 14:12:23,882] {scheduler_job.py:633} INFO - Processing file /home/airflow/.local/lib/python3.6/site-packages/airflow/example_dags/example_branch_operator.py for tasks to queue
[2025-02-15 14:12:23,883] {logging_mixin.py:104} INFO - [2025-02-15 14:12:23,883] {dagbag.py:496} INFO - Filling up the DagBag from /home/airflow/.local/lib/python3.6/site-packages/airflow/example_dags/example_branch_operator.py
[2025-02-15 14:12:23,901] {scheduler_job.py:643} INFO - DAG(s) dict_keys(['example_branch_operator']) retrieved from /home/airflow/.local/lib/python3.6/site-packages/airflow/example_dags/example_branch_operator.py
[2025-02-15 14:12:23,929] {logging_mixin.py:104} INFO - [2025-02-15 14:12:23,929] {dag.py:1833} INFO - Sync 1 DAGs
[2025-02-15 14:12:23,949] {logging_mixin.py:104} INFO - [2025-02-15 14:12:23,949] {dag.py:2306} INFO - Setting next_dagrun for example_branch_operator to 2025-02-13 00:00:00+00:00
[2025-02-15 14:12:23,960] {scheduler_job.py:190} INFO - Processing /home/airflow/.local/lib/python3.6/site-packages/airflow/example_dags/example_branch_operator.py took 0.084 seconds
[2025-02-15 14:12:54,481] {scheduler_job.py:182} INFO - Started process (PID=985) to work on /home/airflow/.local/lib/python3.6/site-packages/airflow/example_dags/example_branch_operator.py
[2025-02-15 14:12:54,482] {scheduler_job.py:633} INFO - Processing file /home/airflow/.local/lib/python3.6/site-packages/airflow/example_dags/example_branch_operator.py for tasks to queue
[2025-02-15 14:12:54,483] {logging_mixin.py:104} INFO - [2025-02-15 14:12:54,483] {dagbag.py:496} INFO - Filling up the DagBag from /home/airflow/.local/lib/python3.6/site-packages/airflow/example_dags/example_branch_operator.py
[2025-02-15 14:12:54,506] {scheduler_job.py:643} INFO - DAG(s) dict_keys(['example_branch_operator']) retrieved from /home/airflow/.local/lib/python3.6/site-packages/airflow/example_dags/example_branch_operator.py
[2025-02-15 14:12:54,536] {logging_mixin.py:104} INFO - [2025-02-15 14:12:54,536] {dag.py:1833} INFO - Sync 1 DAGs
[2025-02-15 14:12:54,563] {logging_mixin.py:104} INFO - [2025-02-15 14:12:54,563] {dag.py:2306} INFO - Setting next_dagrun for example_branch_operator to 2025-02-13 00:00:00+00:00
[2025-02-15 14:12:54,580] {scheduler_job.py:190} INFO - Processing /home/airflow/.local/lib/python3.6/site-packages/airflow/example_dags/example_branch_operator.py took 0.104 seconds
[2025-02-15 14:13:24,962] {scheduler_job.py:182} INFO - Started process (PID=1047) to work on /home/airflow/.local/lib/python3.6/site-packages/airflow/example_dags/example_branch_operator.py
[2025-02-15 14:13:24,963] {scheduler_job.py:633} INFO - Processing file /home/airflow/.local/lib/python3.6/site-packages/airflow/example_dags/example_branch_operator.py for tasks to queue
[2025-02-15 14:13:24,964] {logging_mixin.py:104} INFO - [2025-02-15 14:13:24,964] {dagbag.py:496} INFO - Filling up the DagBag from /home/airflow/.local/lib/python3.6/site-packages/airflow/example_dags/example_branch_operator.py
[2025-02-15 14:13:24,983] {scheduler_job.py:643} INFO - DAG(s) dict_keys(['example_branch_operator']) retrieved from /home/airflow/.local/lib/python3.6/site-packages/airflow/example_dags/example_branch_operator.py
[2025-02-15 14:13:25,018] {logging_mixin.py:104} INFO - [2025-02-15 14:13:25,018] {dag.py:1833} INFO - Sync 1 DAGs
[2025-02-15 14:13:25,045] {logging_mixin.py:104} INFO - [2025-02-15 14:13:25,045] {dag.py:2306} INFO - Setting next_dagrun for example_branch_operator to 2025-02-13 00:00:00+00:00
[2025-02-15 14:13:25,061] {scheduler_job.py:190} INFO - Processing /home/airflow/.local/lib/python3.6/site-packages/airflow/example_dags/example_branch_operator.py took 0.104 seconds
[2025-02-15 14:13:55,446] {scheduler_job.py:182} INFO - Started process (PID=1099) to work on /home/airflow/.local/lib/python3.6/site-packages/airflow/example_dags/example_branch_operator.py
[2025-02-15 14:13:55,447] {scheduler_job.py:633} INFO - Processing file /home/airflow/.local/lib/python3.6/site-packages/airflow/example_dags/example_branch_operator.py for tasks to queue
[2025-02-15 14:13:55,448] {logging_mixin.py:104} INFO - [2025-02-15 14:13:55,448] {dagbag.py:496} INFO - Filling up the DagBag from /home/airflow/.local/lib/python3.6/site-packages/airflow/example_dags/example_branch_operator.py
[2025-02-15 14:13:55,464] {scheduler_job.py:643} INFO - DAG(s) dict_keys(['example_branch_operator']) retrieved from /home/airflow/.local/lib/python3.6/site-packages/airflow/example_dags/example_branch_operator.py
[2025-02-15 14:13:55,490] {logging_mixin.py:104} INFO - [2025-02-15 14:13:55,490] {dag.py:1833} INFO - Sync 1 DAGs
[2025-02-15 14:13:55,512] {logging_mixin.py:104} INFO - [2025-02-15 14:13:55,512] {dag.py:2306} INFO - Setting next_dagrun for example_branch_operator to 2025-02-13 00:00:00+00:00
[2025-02-15 14:13:55,525] {scheduler_job.py:190} INFO - Processing /home/airflow/.local/lib/python3.6/site-packages/airflow/example_dags/example_branch_operator.py took 0.083 seconds
[2025-02-15 14:15:07,919] {scheduler_job.py:182} INFO - Started process (PID=67) to work on /home/airflow/.local/lib/python3.6/site-packages/airflow/example_dags/example_branch_operator.py
[2025-02-15 14:15:07,922] {scheduler_job.py:633} INFO - Processing file /home/airflow/.local/lib/python3.6/site-packages/airflow/example_dags/example_branch_operator.py for tasks to queue
[2025-02-15 14:15:07,932] {logging_mixin.py:104} INFO - [2025-02-15 14:15:07,924] {dagbag.py:496} INFO - Filling up the DagBag from /home/airflow/.local/lib/python3.6/site-packages/airflow/example_dags/example_branch_operator.py
[2025-02-15 14:15:08,027] {scheduler_job.py:643} INFO - DAG(s) dict_keys(['example_branch_operator']) retrieved from /home/airflow/.local/lib/python3.6/site-packages/airflow/example_dags/example_branch_operator.py
[2025-02-15 14:15:08,124] {logging_mixin.py:104} INFO - [2025-02-15 14:15:08,124] {dag.py:1833} INFO - Sync 1 DAGs
[2025-02-15 14:15:08,208] {logging_mixin.py:104} INFO - [2025-02-15 14:15:08,207] {dag.py:2306} INFO - Setting next_dagrun for example_branch_operator to 2025-02-13 00:00:00+00:00
[2025-02-15 14:15:08,263] {scheduler_job.py:190} INFO - Processing /home/airflow/.local/lib/python3.6/site-packages/airflow/example_dags/example_branch_operator.py took 0.359 seconds
[2025-02-15 14:15:40,468] {scheduler_job.py:182} INFO - Started process (PID=119) to work on /home/airflow/.local/lib/python3.6/site-packages/airflow/example_dags/example_branch_operator.py
[2025-02-15 14:15:40,473] {scheduler_job.py:633} INFO - Processing file /home/airflow/.local/lib/python3.6/site-packages/airflow/example_dags/example_branch_operator.py for tasks to queue
[2025-02-15 14:15:40,476] {logging_mixin.py:104} INFO - [2025-02-15 14:15:40,476] {dagbag.py:496} INFO - Filling up the DagBag from /home/airflow/.local/lib/python3.6/site-packages/airflow/example_dags/example_branch_operator.py
[2025-02-15 14:15:40,521] {scheduler_job.py:643} INFO - DAG(s) dict_keys(['example_branch_operator']) retrieved from /home/airflow/.local/lib/python3.6/site-packages/airflow/example_dags/example_branch_operator.py
[2025-02-15 14:15:40,666] {logging_mixin.py:104} INFO - [2025-02-15 14:15:40,666] {dag.py:1833} INFO - Sync 1 DAGs
[2025-02-15 14:15:40,906] {logging_mixin.py:104} INFO - [2025-02-15 14:15:40,906] {dag.py:2306} INFO - Setting next_dagrun for example_branch_operator to 2025-02-13 00:00:00+00:00
[2025-02-15 14:15:40,936] {scheduler_job.py:190} INFO - Processing /home/airflow/.local/lib/python3.6/site-packages/airflow/example_dags/example_branch_operator.py took 0.483 seconds
[2025-02-15 14:21:15,975] {scheduler_job.py:182} INFO - Started process (PID=173) to work on /home/airflow/.local/lib/python3.6/site-packages/airflow/example_dags/example_branch_operator.py
[2025-02-15 14:21:16,003] {scheduler_job.py:633} INFO - Processing file /home/airflow/.local/lib/python3.6/site-packages/airflow/example_dags/example_branch_operator.py for tasks to queue
[2025-02-15 14:21:16,005] {logging_mixin.py:104} INFO - [2025-02-15 14:21:16,004] {dagbag.py:496} INFO - Filling up the DagBag from /home/airflow/.local/lib/python3.6/site-packages/airflow/example_dags/example_branch_operator.py
[2025-02-15 14:21:16,048] {scheduler_job.py:643} INFO - DAG(s) dict_keys(['example_branch_operator']) retrieved from /home/airflow/.local/lib/python3.6/site-packages/airflow/example_dags/example_branch_operator.py
[2025-02-15 14:21:16,137] {logging_mixin.py:104} INFO - [2025-02-15 14:21:16,137] {dag.py:1833} INFO - Sync 1 DAGs
[2025-02-15 14:21:16,182] {logging_mixin.py:104} INFO - [2025-02-15 14:21:16,181] {dag.py:2306} INFO - Setting next_dagrun for example_branch_operator to 2025-02-13 00:00:00+00:00
[2025-02-15 14:21:16,239] {scheduler_job.py:190} INFO - Processing /home/airflow/.local/lib/python3.6/site-packages/airflow/example_dags/example_branch_operator.py took 0.274 seconds
[2025-02-15 14:21:48,402] {scheduler_job.py:182} INFO - Started process (PID=216) to work on /home/airflow/.local/lib/python3.6/site-packages/airflow/example_dags/example_branch_operator.py
[2025-02-15 14:21:48,406] {scheduler_job.py:633} INFO - Processing file /home/airflow/.local/lib/python3.6/site-packages/airflow/example_dags/example_branch_operator.py for tasks to queue
[2025-02-15 14:21:48,409] {logging_mixin.py:104} INFO - [2025-02-15 14:21:48,408] {dagbag.py:496} INFO - Filling up the DagBag from /home/airflow/.local/lib/python3.6/site-packages/airflow/example_dags/example_branch_operator.py
[2025-02-15 14:21:48,497] {scheduler_job.py:643} INFO - DAG(s) dict_keys(['example_branch_operator']) retrieved from /home/airflow/.local/lib/python3.6/site-packages/airflow/example_dags/example_branch_operator.py
[2025-02-15 14:21:48,646] {logging_mixin.py:104} INFO - [2025-02-15 14:21:48,645] {dag.py:1833} INFO - Sync 1 DAGs
[2025-02-15 14:21:48,729] {logging_mixin.py:104} INFO - [2025-02-15 14:21:48,728] {dag.py:2306} INFO - Setting next_dagrun for example_branch_operator to 2025-02-13 00:00:00+00:00
[2025-02-15 14:21:48,766] {scheduler_job.py:190} INFO - Processing /home/airflow/.local/lib/python3.6/site-packages/airflow/example_dags/example_branch_operator.py took 0.380 seconds
[2025-02-15 14:22:19,575] {scheduler_job.py:182} INFO - Started process (PID=267) to work on /home/airflow/.local/lib/python3.6/site-packages/airflow/example_dags/example_branch_operator.py
[2025-02-15 14:22:19,578] {scheduler_job.py:633} INFO - Processing file /home/airflow/.local/lib/python3.6/site-packages/airflow/example_dags/example_branch_operator.py for tasks to queue
[2025-02-15 14:22:19,579] {logging_mixin.py:104} INFO - [2025-02-15 14:22:19,579] {dagbag.py:496} INFO - Filling up the DagBag from /home/airflow/.local/lib/python3.6/site-packages/airflow/example_dags/example_branch_operator.py
[2025-02-15 14:22:19,612] {scheduler_job.py:643} INFO - DAG(s) dict_keys(['example_branch_operator']) retrieved from /home/airflow/.local/lib/python3.6/site-packages/airflow/example_dags/example_branch_operator.py
[2025-02-15 14:22:19,679] {logging_mixin.py:104} INFO - [2025-02-15 14:22:19,679] {dag.py:1833} INFO - Sync 1 DAGs
[2025-02-15 14:22:19,723] {logging_mixin.py:104} INFO - [2025-02-15 14:22:19,723] {dag.py:2306} INFO - Setting next_dagrun for example_branch_operator to 2025-02-13 00:00:00+00:00
[2025-02-15 14:22:19,753] {scheduler_job.py:190} INFO - Processing /home/airflow/.local/lib/python3.6/site-packages/airflow/example_dags/example_branch_operator.py took 0.187 seconds
[2025-02-15 14:22:51,347] {scheduler_job.py:182} INFO - Started process (PID=319) to work on /home/airflow/.local/lib/python3.6/site-packages/airflow/example_dags/example_branch_operator.py
[2025-02-15 14:22:51,362] {scheduler_job.py:633} INFO - Processing file /home/airflow/.local/lib/python3.6/site-packages/airflow/example_dags/example_branch_operator.py for tasks to queue
[2025-02-15 14:22:51,364] {logging_mixin.py:104} INFO - [2025-02-15 14:22:51,364] {dagbag.py:496} INFO - Filling up the DagBag from /home/airflow/.local/lib/python3.6/site-packages/airflow/example_dags/example_branch_operator.py
[2025-02-15 14:22:51,422] {scheduler_job.py:643} INFO - DAG(s) dict_keys(['example_branch_operator']) retrieved from /home/airflow/.local/lib/python3.6/site-packages/airflow/example_dags/example_branch_operator.py
[2025-02-15 14:22:51,498] {logging_mixin.py:104} INFO - [2025-02-15 14:22:51,498] {dag.py:1833} INFO - Sync 1 DAGs
[2025-02-15 14:22:51,536] {logging_mixin.py:104} INFO - [2025-02-15 14:22:51,536] {dag.py:2306} INFO - Setting next_dagrun for example_branch_operator to 2025-02-13 00:00:00+00:00
[2025-02-15 14:22:51,570] {scheduler_job.py:190} INFO - Processing /home/airflow/.local/lib/python3.6/site-packages/airflow/example_dags/example_branch_operator.py took 0.242 seconds
[2025-02-15 14:25:03,380] {scheduler_job.py:182} INFO - Started process (PID=66) to work on /home/airflow/.local/lib/python3.6/site-packages/airflow/example_dags/example_branch_operator.py
[2025-02-15 14:25:03,389] {scheduler_job.py:633} INFO - Processing file /home/airflow/.local/lib/python3.6/site-packages/airflow/example_dags/example_branch_operator.py for tasks to queue
[2025-02-15 14:25:03,394] {logging_mixin.py:104} INFO - [2025-02-15 14:25:03,393] {dagbag.py:496} INFO - Filling up the DagBag from /home/airflow/.local/lib/python3.6/site-packages/airflow/example_dags/example_branch_operator.py
[2025-02-15 14:25:03,467] {scheduler_job.py:643} INFO - DAG(s) dict_keys(['example_branch_operator']) retrieved from /home/airflow/.local/lib/python3.6/site-packages/airflow/example_dags/example_branch_operator.py
[2025-02-15 14:25:03,583] {logging_mixin.py:104} INFO - [2025-02-15 14:25:03,583] {dag.py:1833} INFO - Sync 1 DAGs
[2025-02-15 14:25:03,715] {logging_mixin.py:104} INFO - [2025-02-15 14:25:03,715] {dag.py:2306} INFO - Setting next_dagrun for example_branch_operator to 2025-02-13 00:00:00+00:00
[2025-02-15 14:25:03,758] {scheduler_job.py:190} INFO - Processing /home/airflow/.local/lib/python3.6/site-packages/airflow/example_dags/example_branch_operator.py took 0.395 seconds
[2025-02-15 14:25:34,884] {scheduler_job.py:182} INFO - Started process (PID=118) to work on /home/airflow/.local/lib/python3.6/site-packages/airflow/example_dags/example_branch_operator.py
[2025-02-15 14:25:34,888] {scheduler_job.py:633} INFO - Processing file /home/airflow/.local/lib/python3.6/site-packages/airflow/example_dags/example_branch_operator.py for tasks to queue
[2025-02-15 14:25:34,890] {logging_mixin.py:104} INFO - [2025-02-15 14:25:34,889] {dagbag.py:496} INFO - Filling up the DagBag from /home/airflow/.local/lib/python3.6/site-packages/airflow/example_dags/example_branch_operator.py
[2025-02-15 14:25:34,954] {scheduler_job.py:643} INFO - DAG(s) dict_keys(['example_branch_operator']) retrieved from /home/airflow/.local/lib/python3.6/site-packages/airflow/example_dags/example_branch_operator.py
[2025-02-15 14:25:35,039] {logging_mixin.py:104} INFO - [2025-02-15 14:25:35,039] {dag.py:1833} INFO - Sync 1 DAGs
[2025-02-15 14:25:35,106] {logging_mixin.py:104} INFO - [2025-02-15 14:25:35,106] {dag.py:2306} INFO - Setting next_dagrun for example_branch_operator to 2025-02-13 00:00:00+00:00
[2025-02-15 14:25:35,136] {scheduler_job.py:190} INFO - Processing /home/airflow/.local/lib/python3.6/site-packages/airflow/example_dags/example_branch_operator.py took 0.260 seconds
[2025-02-15 14:26:05,352] {scheduler_job.py:182} INFO - Started process (PID=171) to work on /home/airflow/.local/lib/python3.6/site-packages/airflow/example_dags/example_branch_operator.py
[2025-02-15 14:26:05,353] {scheduler_job.py:633} INFO - Processing file /home/airflow/.local/lib/python3.6/site-packages/airflow/example_dags/example_branch_operator.py for tasks to queue
[2025-02-15 14:26:05,354] {logging_mixin.py:104} INFO - [2025-02-15 14:26:05,354] {dagbag.py:496} INFO - Filling up the DagBag from /home/airflow/.local/lib/python3.6/site-packages/airflow/example_dags/example_branch_operator.py
[2025-02-15 14:26:05,371] {scheduler_job.py:643} INFO - DAG(s) dict_keys(['example_branch_operator']) retrieved from /home/airflow/.local/lib/python3.6/site-packages/airflow/example_dags/example_branch_operator.py
[2025-02-15 14:26:05,405] {logging_mixin.py:104} INFO - [2025-02-15 14:26:05,404] {dag.py:1833} INFO - Sync 1 DAGs
[2025-02-15 14:26:05,423] {logging_mixin.py:104} INFO - [2025-02-15 14:26:05,423] {dag.py:2306} INFO - Setting next_dagrun for example_branch_operator to 2025-02-13 00:00:00+00:00
[2025-02-15 14:26:05,440] {scheduler_job.py:190} INFO - Processing /home/airflow/.local/lib/python3.6/site-packages/airflow/example_dags/example_branch_operator.py took 0.092 seconds
[2025-02-15 14:26:36,857] {scheduler_job.py:182} INFO - Started process (PID=223) to work on /home/airflow/.local/lib/python3.6/site-packages/airflow/example_dags/example_branch_operator.py
[2025-02-15 14:26:36,861] {scheduler_job.py:633} INFO - Processing file /home/airflow/.local/lib/python3.6/site-packages/airflow/example_dags/example_branch_operator.py for tasks to queue
[2025-02-15 14:26:36,863] {logging_mixin.py:104} INFO - [2025-02-15 14:26:36,862] {dagbag.py:496} INFO - Filling up the DagBag from /home/airflow/.local/lib/python3.6/site-packages/airflow/example_dags/example_branch_operator.py
[2025-02-15 14:26:36,898] {scheduler_job.py:643} INFO - DAG(s) dict_keys(['example_branch_operator']) retrieved from /home/airflow/.local/lib/python3.6/site-packages/airflow/example_dags/example_branch_operator.py
[2025-02-15 14:26:36,935] {logging_mixin.py:104} INFO - [2025-02-15 14:26:36,935] {dag.py:1833} INFO - Sync 1 DAGs
[2025-02-15 14:26:36,959] {logging_mixin.py:104} INFO - [2025-02-15 14:26:36,959] {dag.py:2306} INFO - Setting next_dagrun for example_branch_operator to 2025-02-13 00:00:00+00:00
[2025-02-15 14:26:36,973] {scheduler_job.py:190} INFO - Processing /home/airflow/.local/lib/python3.6/site-packages/airflow/example_dags/example_branch_operator.py took 0.124 seconds
[2025-02-15 14:27:07,545] {scheduler_job.py:182} INFO - Started process (PID=285) to work on /home/airflow/.local/lib/python3.6/site-packages/airflow/example_dags/example_branch_operator.py
[2025-02-15 14:27:07,547] {scheduler_job.py:633} INFO - Processing file /home/airflow/.local/lib/python3.6/site-packages/airflow/example_dags/example_branch_operator.py for tasks to queue
[2025-02-15 14:27:07,547] {logging_mixin.py:104} INFO - [2025-02-15 14:27:07,547] {dagbag.py:496} INFO - Filling up the DagBag from /home/airflow/.local/lib/python3.6/site-packages/airflow/example_dags/example_branch_operator.py
[2025-02-15 14:27:07,563] {scheduler_job.py:643} INFO - DAG(s) dict_keys(['example_branch_operator']) retrieved from /home/airflow/.local/lib/python3.6/site-packages/airflow/example_dags/example_branch_operator.py
[2025-02-15 14:27:07,589] {logging_mixin.py:104} INFO - [2025-02-15 14:27:07,589] {dag.py:1833} INFO - Sync 1 DAGs
[2025-02-15 14:27:07,606] {logging_mixin.py:104} INFO - [2025-02-15 14:27:07,606] {dag.py:2306} INFO - Setting next_dagrun for example_branch_operator to 2025-02-13 00:00:00+00:00
[2025-02-15 14:27:07,618] {scheduler_job.py:190} INFO - Processing /home/airflow/.local/lib/python3.6/site-packages/airflow/example_dags/example_branch_operator.py took 0.076 seconds
[2025-02-15 14:27:38,192] {scheduler_job.py:182} INFO - Started process (PID=337) to work on /home/airflow/.local/lib/python3.6/site-packages/airflow/example_dags/example_branch_operator.py
[2025-02-15 14:27:38,195] {scheduler_job.py:633} INFO - Processing file /home/airflow/.local/lib/python3.6/site-packages/airflow/example_dags/example_branch_operator.py for tasks to queue
[2025-02-15 14:27:38,197] {logging_mixin.py:104} INFO - [2025-02-15 14:27:38,196] {dagbag.py:496} INFO - Filling up the DagBag from /home/airflow/.local/lib/python3.6/site-packages/airflow/example_dags/example_branch_operator.py
[2025-02-15 14:27:38,218] {scheduler_job.py:643} INFO - DAG(s) dict_keys(['example_branch_operator']) retrieved from /home/airflow/.local/lib/python3.6/site-packages/airflow/example_dags/example_branch_operator.py
[2025-02-15 14:27:38,245] {logging_mixin.py:104} INFO - [2025-02-15 14:27:38,245] {dag.py:1833} INFO - Sync 1 DAGs
[2025-02-15 14:27:38,262] {logging_mixin.py:104} INFO - [2025-02-15 14:27:38,262] {dag.py:2306} INFO - Setting next_dagrun for example_branch_operator to 2025-02-13 00:00:00+00:00
[2025-02-15 14:27:38,281] {scheduler_job.py:190} INFO - Processing /home/airflow/.local/lib/python3.6/site-packages/airflow/example_dags/example_branch_operator.py took 0.096 seconds
[2025-02-15 14:28:08,314] {scheduler_job.py:182} INFO - Started process (PID=399) to work on /home/airflow/.local/lib/python3.6/site-packages/airflow/example_dags/example_branch_operator.py
[2025-02-15 14:28:08,315] {scheduler_job.py:633} INFO - Processing file /home/airflow/.local/lib/python3.6/site-packages/airflow/example_dags/example_branch_operator.py for tasks to queue
[2025-02-15 14:28:08,316] {logging_mixin.py:104} INFO - [2025-02-15 14:28:08,316] {dagbag.py:496} INFO - Filling up the DagBag from /home/airflow/.local/lib/python3.6/site-packages/airflow/example_dags/example_branch_operator.py
[2025-02-15 14:28:08,331] {scheduler_job.py:643} INFO - DAG(s) dict_keys(['example_branch_operator']) retrieved from /home/airflow/.local/lib/python3.6/site-packages/airflow/example_dags/example_branch_operator.py
[2025-02-15 14:28:08,357] {logging_mixin.py:104} INFO - [2025-02-15 14:28:08,357] {dag.py:1833} INFO - Sync 1 DAGs
[2025-02-15 14:28:08,375] {logging_mixin.py:104} INFO - [2025-02-15 14:28:08,375] {dag.py:2306} INFO - Setting next_dagrun for example_branch_operator to 2025-02-13 00:00:00+00:00
[2025-02-15 14:28:08,392] {scheduler_job.py:190} INFO - Processing /home/airflow/.local/lib/python3.6/site-packages/airflow/example_dags/example_branch_operator.py took 0.082 seconds
[2025-02-15 14:28:39,209] {scheduler_job.py:182} INFO - Started process (PID=451) to work on /home/airflow/.local/lib/python3.6/site-packages/airflow/example_dags/example_branch_operator.py
[2025-02-15 14:28:39,212] {scheduler_job.py:633} INFO - Processing file /home/airflow/.local/lib/python3.6/site-packages/airflow/example_dags/example_branch_operator.py for tasks to queue
[2025-02-15 14:28:39,213] {logging_mixin.py:104} INFO - [2025-02-15 14:28:39,213] {dagbag.py:496} INFO - Filling up the DagBag from /home/airflow/.local/lib/python3.6/site-packages/airflow/example_dags/example_branch_operator.py
[2025-02-15 14:28:39,237] {scheduler_job.py:643} INFO - DAG(s) dict_keys(['example_branch_operator']) retrieved from /home/airflow/.local/lib/python3.6/site-packages/airflow/example_dags/example_branch_operator.py
[2025-02-15 14:28:39,278] {logging_mixin.py:104} INFO - [2025-02-15 14:28:39,278] {dag.py:1833} INFO - Sync 1 DAGs
[2025-02-15 14:28:39,302] {logging_mixin.py:104} INFO - [2025-02-15 14:28:39,302] {dag.py:2306} INFO - Setting next_dagrun for example_branch_operator to 2025-02-13 00:00:00+00:00
[2025-02-15 14:28:39,317] {scheduler_job.py:190} INFO - Processing /home/airflow/.local/lib/python3.6/site-packages/airflow/example_dags/example_branch_operator.py took 0.114 seconds
[2025-02-15 14:29:09,638] {scheduler_job.py:182} INFO - Started process (PID=512) to work on /home/airflow/.local/lib/python3.6/site-packages/airflow/example_dags/example_branch_operator.py
[2025-02-15 14:29:09,640] {scheduler_job.py:633} INFO - Processing file /home/airflow/.local/lib/python3.6/site-packages/airflow/example_dags/example_branch_operator.py for tasks to queue
[2025-02-15 14:29:09,641] {logging_mixin.py:104} INFO - [2025-02-15 14:29:09,641] {dagbag.py:496} INFO - Filling up the DagBag from /home/airflow/.local/lib/python3.6/site-packages/airflow/example_dags/example_branch_operator.py
[2025-02-15 14:29:09,669] {scheduler_job.py:643} INFO - DAG(s) dict_keys(['example_branch_operator']) retrieved from /home/airflow/.local/lib/python3.6/site-packages/airflow/example_dags/example_branch_operator.py
[2025-02-15 14:29:09,715] {logging_mixin.py:104} INFO - [2025-02-15 14:29:09,715] {dag.py:1833} INFO - Sync 1 DAGs
[2025-02-15 14:29:09,748] {logging_mixin.py:104} INFO - [2025-02-15 14:29:09,748] {dag.py:2306} INFO - Setting next_dagrun for example_branch_operator to 2025-02-13 00:00:00+00:00
[2025-02-15 14:29:09,772] {scheduler_job.py:190} INFO - Processing /home/airflow/.local/lib/python3.6/site-packages/airflow/example_dags/example_branch_operator.py took 0.140 seconds
[2025-02-15 14:29:39,844] {scheduler_job.py:182} INFO - Started process (PID=563) to work on /home/airflow/.local/lib/python3.6/site-packages/airflow/example_dags/example_branch_operator.py
[2025-02-15 14:29:39,845] {scheduler_job.py:633} INFO - Processing file /home/airflow/.local/lib/python3.6/site-packages/airflow/example_dags/example_branch_operator.py for tasks to queue
[2025-02-15 14:29:39,846] {logging_mixin.py:104} INFO - [2025-02-15 14:29:39,845] {dagbag.py:496} INFO - Filling up the DagBag from /home/airflow/.local/lib/python3.6/site-packages/airflow/example_dags/example_branch_operator.py
[2025-02-15 14:29:39,864] {scheduler_job.py:643} INFO - DAG(s) dict_keys(['example_branch_operator']) retrieved from /home/airflow/.local/lib/python3.6/site-packages/airflow/example_dags/example_branch_operator.py
[2025-02-15 14:29:39,902] {logging_mixin.py:104} INFO - [2025-02-15 14:29:39,902] {dag.py:1833} INFO - Sync 1 DAGs
[2025-02-15 14:29:39,932] {logging_mixin.py:104} INFO - [2025-02-15 14:29:39,931] {dag.py:2306} INFO - Setting next_dagrun for example_branch_operator to 2025-02-13 00:00:00+00:00
[2025-02-15 14:29:39,947] {scheduler_job.py:190} INFO - Processing /home/airflow/.local/lib/python3.6/site-packages/airflow/example_dags/example_branch_operator.py took 0.108 seconds
[2025-02-15 14:30:10,042] {scheduler_job.py:182} INFO - Started process (PID=614) to work on /home/airflow/.local/lib/python3.6/site-packages/airflow/example_dags/example_branch_operator.py
[2025-02-15 14:30:10,046] {scheduler_job.py:633} INFO - Processing file /home/airflow/.local/lib/python3.6/site-packages/airflow/example_dags/example_branch_operator.py for tasks to queue
[2025-02-15 14:30:10,049] {logging_mixin.py:104} INFO - [2025-02-15 14:30:10,048] {dagbag.py:496} INFO - Filling up the DagBag from /home/airflow/.local/lib/python3.6/site-packages/airflow/example_dags/example_branch_operator.py
[2025-02-15 14:30:10,102] {scheduler_job.py:643} INFO - DAG(s) dict_keys(['example_branch_operator']) retrieved from /home/airflow/.local/lib/python3.6/site-packages/airflow/example_dags/example_branch_operator.py
[2025-02-15 14:30:10,167] {logging_mixin.py:104} INFO - [2025-02-15 14:30:10,167] {dag.py:1833} INFO - Sync 1 DAGs
[2025-02-15 14:30:10,217] {logging_mixin.py:104} INFO - [2025-02-15 14:30:10,216] {dag.py:2306} INFO - Setting next_dagrun for example_branch_operator to 2025-02-13 00:00:00+00:00
[2025-02-15 14:30:10,243] {scheduler_job.py:190} INFO - Processing /home/airflow/.local/lib/python3.6/site-packages/airflow/example_dags/example_branch_operator.py took 0.215 seconds
[2025-02-15 14:30:40,320] {scheduler_job.py:182} INFO - Started process (PID=666) to work on /home/airflow/.local/lib/python3.6/site-packages/airflow/example_dags/example_branch_operator.py
[2025-02-15 14:30:40,321] {scheduler_job.py:633} INFO - Processing file /home/airflow/.local/lib/python3.6/site-packages/airflow/example_dags/example_branch_operator.py for tasks to queue
[2025-02-15 14:30:40,323] {logging_mixin.py:104} INFO - [2025-02-15 14:30:40,323] {dagbag.py:496} INFO - Filling up the DagBag from /home/airflow/.local/lib/python3.6/site-packages/airflow/example_dags/example_branch_operator.py
[2025-02-15 14:30:40,347] {scheduler_job.py:643} INFO - DAG(s) dict_keys(['example_branch_operator']) retrieved from /home/airflow/.local/lib/python3.6/site-packages/airflow/example_dags/example_branch_operator.py
[2025-02-15 14:30:40,384] {logging_mixin.py:104} INFO - [2025-02-15 14:30:40,383] {dag.py:1833} INFO - Sync 1 DAGs
[2025-02-15 14:30:40,413] {logging_mixin.py:104} INFO - [2025-02-15 14:30:40,413] {dag.py:2306} INFO - Setting next_dagrun for example_branch_operator to 2025-02-13 00:00:00+00:00
[2025-02-15 14:30:40,436] {scheduler_job.py:190} INFO - Processing /home/airflow/.local/lib/python3.6/site-packages/airflow/example_dags/example_branch_operator.py took 0.121 seconds
[2025-02-15 14:31:10,475] {scheduler_job.py:182} INFO - Started process (PID=728) to work on /home/airflow/.local/lib/python3.6/site-packages/airflow/example_dags/example_branch_operator.py
[2025-02-15 14:31:10,477] {scheduler_job.py:633} INFO - Processing file /home/airflow/.local/lib/python3.6/site-packages/airflow/example_dags/example_branch_operator.py for tasks to queue
[2025-02-15 14:31:10,477] {logging_mixin.py:104} INFO - [2025-02-15 14:31:10,477] {dagbag.py:496} INFO - Filling up the DagBag from /home/airflow/.local/lib/python3.6/site-packages/airflow/example_dags/example_branch_operator.py
[2025-02-15 14:31:10,494] {scheduler_job.py:643} INFO - DAG(s) dict_keys(['example_branch_operator']) retrieved from /home/airflow/.local/lib/python3.6/site-packages/airflow/example_dags/example_branch_operator.py
[2025-02-15 14:31:10,525] {logging_mixin.py:104} INFO - [2025-02-15 14:31:10,525] {dag.py:1833} INFO - Sync 1 DAGs
[2025-02-15 14:31:10,546] {logging_mixin.py:104} INFO - [2025-02-15 14:31:10,546] {dag.py:2306} INFO - Setting next_dagrun for example_branch_operator to 2025-02-13 00:00:00+00:00
[2025-02-15 14:31:10,559] {scheduler_job.py:190} INFO - Processing /home/airflow/.local/lib/python3.6/site-packages/airflow/example_dags/example_branch_operator.py took 0.088 seconds
[2025-02-15 14:31:40,725] {scheduler_job.py:182} INFO - Started process (PID=780) to work on /home/airflow/.local/lib/python3.6/site-packages/airflow/example_dags/example_branch_operator.py
[2025-02-15 14:31:40,726] {scheduler_job.py:633} INFO - Processing file /home/airflow/.local/lib/python3.6/site-packages/airflow/example_dags/example_branch_operator.py for tasks to queue
[2025-02-15 14:31:40,727] {logging_mixin.py:104} INFO - [2025-02-15 14:31:40,727] {dagbag.py:496} INFO - Filling up the DagBag from /home/airflow/.local/lib/python3.6/site-packages/airflow/example_dags/example_branch_operator.py
[2025-02-15 14:31:40,744] {scheduler_job.py:643} INFO - DAG(s) dict_keys(['example_branch_operator']) retrieved from /home/airflow/.local/lib/python3.6/site-packages/airflow/example_dags/example_branch_operator.py
[2025-02-15 14:31:40,771] {logging_mixin.py:104} INFO - [2025-02-15 14:31:40,770] {dag.py:1833} INFO - Sync 1 DAGs
[2025-02-15 14:31:40,791] {logging_mixin.py:104} INFO - [2025-02-15 14:31:40,791] {dag.py:2306} INFO - Setting next_dagrun for example_branch_operator to 2025-02-13 00:00:00+00:00
[2025-02-15 14:31:40,804] {scheduler_job.py:190} INFO - Processing /home/airflow/.local/lib/python3.6/site-packages/airflow/example_dags/example_branch_operator.py took 0.083 seconds
[2025-02-15 14:32:11,042] {scheduler_job.py:182} INFO - Started process (PID=832) to work on /home/airflow/.local/lib/python3.6/site-packages/airflow/example_dags/example_branch_operator.py
[2025-02-15 14:32:11,045] {scheduler_job.py:633} INFO - Processing file /home/airflow/.local/lib/python3.6/site-packages/airflow/example_dags/example_branch_operator.py for tasks to queue
[2025-02-15 14:32:11,047] {logging_mixin.py:104} INFO - [2025-02-15 14:32:11,047] {dagbag.py:496} INFO - Filling up the DagBag from /home/airflow/.local/lib/python3.6/site-packages/airflow/example_dags/example_branch_operator.py
[2025-02-15 14:32:11,097] {scheduler_job.py:643} INFO - DAG(s) dict_keys(['example_branch_operator']) retrieved from /home/airflow/.local/lib/python3.6/site-packages/airflow/example_dags/example_branch_operator.py
[2025-02-15 14:32:11,184] {logging_mixin.py:104} INFO - [2025-02-15 14:32:11,183] {dag.py:1833} INFO - Sync 1 DAGs
[2025-02-15 14:32:11,232] {logging_mixin.py:104} INFO - [2025-02-15 14:32:11,232] {dag.py:2306} INFO - Setting next_dagrun for example_branch_operator to 2025-02-13 00:00:00+00:00
[2025-02-15 14:32:11,262] {scheduler_job.py:190} INFO - Processing /home/airflow/.local/lib/python3.6/site-packages/airflow/example_dags/example_branch_operator.py took 0.229 seconds
[2025-02-15 14:32:41,682] {scheduler_job.py:182} INFO - Started process (PID=894) to work on /home/airflow/.local/lib/python3.6/site-packages/airflow/example_dags/example_branch_operator.py
[2025-02-15 14:32:41,687] {scheduler_job.py:633} INFO - Processing file /home/airflow/.local/lib/python3.6/site-packages/airflow/example_dags/example_branch_operator.py for tasks to queue
[2025-02-15 14:32:41,689] {logging_mixin.py:104} INFO - [2025-02-15 14:32:41,689] {dagbag.py:496} INFO - Filling up the DagBag from /home/airflow/.local/lib/python3.6/site-packages/airflow/example_dags/example_branch_operator.py
[2025-02-15 14:32:41,759] {scheduler_job.py:643} INFO - DAG(s) dict_keys(['example_branch_operator']) retrieved from /home/airflow/.local/lib/python3.6/site-packages/airflow/example_dags/example_branch_operator.py
[2025-02-15 14:32:41,888] {logging_mixin.py:104} INFO - [2025-02-15 14:32:41,888] {dag.py:1833} INFO - Sync 1 DAGs
[2025-02-15 14:32:42,018] {logging_mixin.py:104} INFO - [2025-02-15 14:32:42,018] {dag.py:2306} INFO - Setting next_dagrun for example_branch_operator to 2025-02-13 00:00:00+00:00
[2025-02-15 14:32:42,268] {scheduler_job.py:190} INFO - Processing /home/airflow/.local/lib/python3.6/site-packages/airflow/example_dags/example_branch_operator.py took 0.604 seconds
[2025-02-15 14:33:12,626] {scheduler_job.py:182} INFO - Started process (PID=946) to work on /home/airflow/.local/lib/python3.6/site-packages/airflow/example_dags/example_branch_operator.py
[2025-02-15 14:33:12,629] {scheduler_job.py:633} INFO - Processing file /home/airflow/.local/lib/python3.6/site-packages/airflow/example_dags/example_branch_operator.py for tasks to queue
[2025-02-15 14:33:12,630] {logging_mixin.py:104} INFO - [2025-02-15 14:33:12,630] {dagbag.py:496} INFO - Filling up the DagBag from /home/airflow/.local/lib/python3.6/site-packages/airflow/example_dags/example_branch_operator.py
[2025-02-15 14:33:12,662] {scheduler_job.py:643} INFO - DAG(s) dict_keys(['example_branch_operator']) retrieved from /home/airflow/.local/lib/python3.6/site-packages/airflow/example_dags/example_branch_operator.py
[2025-02-15 14:33:12,703] {logging_mixin.py:104} INFO - [2025-02-15 14:33:12,703] {dag.py:1833} INFO - Sync 1 DAGs
[2025-02-15 14:33:12,740] {logging_mixin.py:104} INFO - [2025-02-15 14:33:12,740] {dag.py:2306} INFO - Setting next_dagrun for example_branch_operator to 2025-02-13 00:00:00+00:00
[2025-02-15 14:33:12,758] {scheduler_job.py:190} INFO - Processing /home/airflow/.local/lib/python3.6/site-packages/airflow/example_dags/example_branch_operator.py took 0.140 seconds
[2025-02-15 14:33:43,664] {scheduler_job.py:182} INFO - Started process (PID=1008) to work on /home/airflow/.local/lib/python3.6/site-packages/airflow/example_dags/example_branch_operator.py
[2025-02-15 14:33:43,666] {scheduler_job.py:633} INFO - Processing file /home/airflow/.local/lib/python3.6/site-packages/airflow/example_dags/example_branch_operator.py for tasks to queue
[2025-02-15 14:33:43,667] {logging_mixin.py:104} INFO - [2025-02-15 14:33:43,667] {dagbag.py:496} INFO - Filling up the DagBag from /home/airflow/.local/lib/python3.6/site-packages/airflow/example_dags/example_branch_operator.py
[2025-02-15 14:33:43,692] {scheduler_job.py:643} INFO - DAG(s) dict_keys(['example_branch_operator']) retrieved from /home/airflow/.local/lib/python3.6/site-packages/airflow/example_dags/example_branch_operator.py
[2025-02-15 14:33:43,740] {logging_mixin.py:104} INFO - [2025-02-15 14:33:43,739] {dag.py:1833} INFO - Sync 1 DAGs
[2025-02-15 14:33:43,774] {logging_mixin.py:104} INFO - [2025-02-15 14:33:43,774] {dag.py:2306} INFO - Setting next_dagrun for example_branch_operator to 2025-02-13 00:00:00+00:00
[2025-02-15 14:33:43,791] {scheduler_job.py:190} INFO - Processing /home/airflow/.local/lib/python3.6/site-packages/airflow/example_dags/example_branch_operator.py took 0.132 seconds
[2025-02-15 14:34:14,178] {scheduler_job.py:182} INFO - Started process (PID=1060) to work on /home/airflow/.local/lib/python3.6/site-packages/airflow/example_dags/example_branch_operator.py
[2025-02-15 14:34:14,181] {scheduler_job.py:633} INFO - Processing file /home/airflow/.local/lib/python3.6/site-packages/airflow/example_dags/example_branch_operator.py for tasks to queue
[2025-02-15 14:34:14,182] {logging_mixin.py:104} INFO - [2025-02-15 14:34:14,182] {dagbag.py:496} INFO - Filling up the DagBag from /home/airflow/.local/lib/python3.6/site-packages/airflow/example_dags/example_branch_operator.py
[2025-02-15 14:34:14,200] {scheduler_job.py:643} INFO - DAG(s) dict_keys(['example_branch_operator']) retrieved from /home/airflow/.local/lib/python3.6/site-packages/airflow/example_dags/example_branch_operator.py
[2025-02-15 14:34:14,231] {logging_mixin.py:104} INFO - [2025-02-15 14:34:14,231] {dag.py:1833} INFO - Sync 1 DAGs
[2025-02-15 14:34:14,253] {logging_mixin.py:104} INFO - [2025-02-15 14:34:14,253] {dag.py:2306} INFO - Setting next_dagrun for example_branch_operator to 2025-02-13 00:00:00+00:00
[2025-02-15 14:34:14,271] {scheduler_job.py:190} INFO - Processing /home/airflow/.local/lib/python3.6/site-packages/airflow/example_dags/example_branch_operator.py took 0.098 seconds
[2025-02-15 14:34:44,801] {scheduler_job.py:182} INFO - Started process (PID=1120) to work on /home/airflow/.local/lib/python3.6/site-packages/airflow/example_dags/example_branch_operator.py
[2025-02-15 14:34:44,810] {scheduler_job.py:633} INFO - Processing file /home/airflow/.local/lib/python3.6/site-packages/airflow/example_dags/example_branch_operator.py for tasks to queue
[2025-02-15 14:34:44,816] {logging_mixin.py:104} INFO - [2025-02-15 14:34:44,815] {dagbag.py:496} INFO - Filling up the DagBag from /home/airflow/.local/lib/python3.6/site-packages/airflow/example_dags/example_branch_operator.py
[2025-02-15 14:34:44,915] {scheduler_job.py:643} INFO - DAG(s) dict_keys(['example_branch_operator']) retrieved from /home/airflow/.local/lib/python3.6/site-packages/airflow/example_dags/example_branch_operator.py
[2025-02-15 14:34:45,089] {logging_mixin.py:104} INFO - [2025-02-15 14:34:45,089] {dag.py:1833} INFO - Sync 1 DAGs
[2025-02-15 14:34:45,190] {logging_mixin.py:104} INFO - [2025-02-15 14:34:45,189] {dag.py:2306} INFO - Setting next_dagrun for example_branch_operator to 2025-02-13 00:00:00+00:00
[2025-02-15 14:34:45,248] {scheduler_job.py:190} INFO - Processing /home/airflow/.local/lib/python3.6/site-packages/airflow/example_dags/example_branch_operator.py took 0.501 seconds
[2025-02-15 14:38:23,153] {scheduler_job.py:182} INFO - Started process (PID=1144) to work on /home/airflow/.local/lib/python3.6/site-packages/airflow/example_dags/example_branch_operator.py
[2025-02-15 14:38:23,156] {scheduler_job.py:633} INFO - Processing file /home/airflow/.local/lib/python3.6/site-packages/airflow/example_dags/example_branch_operator.py for tasks to queue
[2025-02-15 14:38:23,157] {logging_mixin.py:104} INFO - [2025-02-15 14:38:23,156] {dagbag.py:496} INFO - Filling up the DagBag from /home/airflow/.local/lib/python3.6/site-packages/airflow/example_dags/example_branch_operator.py
[2025-02-15 14:38:23,183] {scheduler_job.py:643} INFO - DAG(s) dict_keys(['example_branch_operator']) retrieved from /home/airflow/.local/lib/python3.6/site-packages/airflow/example_dags/example_branch_operator.py
[2025-02-15 14:38:23,223] {logging_mixin.py:104} INFO - [2025-02-15 14:38:23,223] {dag.py:1833} INFO - Sync 1 DAGs
[2025-02-15 14:38:23,249] {logging_mixin.py:104} INFO - [2025-02-15 14:38:23,248] {dag.py:2306} INFO - Setting next_dagrun for example_branch_operator to 2025-02-13 00:00:00+00:00
[2025-02-15 14:38:23,267] {scheduler_job.py:190} INFO - Processing /home/airflow/.local/lib/python3.6/site-packages/airflow/example_dags/example_branch_operator.py took 0.119 seconds
[2025-02-15 14:38:53,969] {scheduler_job.py:182} INFO - Started process (PID=1205) to work on /home/airflow/.local/lib/python3.6/site-packages/airflow/example_dags/example_branch_operator.py
[2025-02-15 14:38:53,971] {scheduler_job.py:633} INFO - Processing file /home/airflow/.local/lib/python3.6/site-packages/airflow/example_dags/example_branch_operator.py for tasks to queue
[2025-02-15 14:38:53,972] {logging_mixin.py:104} INFO - [2025-02-15 14:38:53,972] {dagbag.py:496} INFO - Filling up the DagBag from /home/airflow/.local/lib/python3.6/site-packages/airflow/example_dags/example_branch_operator.py
[2025-02-15 14:38:54,021] {scheduler_job.py:643} INFO - DAG(s) dict_keys(['example_branch_operator']) retrieved from /home/airflow/.local/lib/python3.6/site-packages/airflow/example_dags/example_branch_operator.py
[2025-02-15 14:38:54,104] {logging_mixin.py:104} INFO - [2025-02-15 14:38:54,104] {dag.py:1833} INFO - Sync 1 DAGs
[2025-02-15 14:38:54,148] {logging_mixin.py:104} INFO - [2025-02-15 14:38:54,148] {dag.py:2306} INFO - Setting next_dagrun for example_branch_operator to 2025-02-13 00:00:00+00:00
[2025-02-15 14:38:54,205] {scheduler_job.py:190} INFO - Processing /home/airflow/.local/lib/python3.6/site-packages/airflow/example_dags/example_branch_operator.py took 0.245 seconds
[2025-02-15 14:44:05,032] {scheduler_job.py:182} INFO - Started process (PID=1241) to work on /home/airflow/.local/lib/python3.6/site-packages/airflow/example_dags/example_branch_operator.py
[2025-02-15 14:44:05,039] {scheduler_job.py:633} INFO - Processing file /home/airflow/.local/lib/python3.6/site-packages/airflow/example_dags/example_branch_operator.py for tasks to queue
[2025-02-15 14:44:05,041] {logging_mixin.py:104} INFO - [2025-02-15 14:44:05,041] {dagbag.py:496} INFO - Filling up the DagBag from /home/airflow/.local/lib/python3.6/site-packages/airflow/example_dags/example_branch_operator.py
[2025-02-15 14:44:05,122] {scheduler_job.py:643} INFO - DAG(s) dict_keys(['example_branch_operator']) retrieved from /home/airflow/.local/lib/python3.6/site-packages/airflow/example_dags/example_branch_operator.py
[2025-02-15 14:44:05,211] {logging_mixin.py:104} INFO - [2025-02-15 14:44:05,211] {dag.py:1833} INFO - Sync 1 DAGs
[2025-02-15 14:44:05,262] {logging_mixin.py:104} INFO - [2025-02-15 14:44:05,262] {dag.py:2306} INFO - Setting next_dagrun for example_branch_operator to 2025-02-13 00:00:00+00:00
[2025-02-15 14:44:05,297] {scheduler_job.py:190} INFO - Processing /home/airflow/.local/lib/python3.6/site-packages/airflow/example_dags/example_branch_operator.py took 0.275 seconds
[2025-02-15 14:44:35,373] {scheduler_job.py:182} INFO - Started process (PID=1293) to work on /home/airflow/.local/lib/python3.6/site-packages/airflow/example_dags/example_branch_operator.py
[2025-02-15 14:44:35,375] {scheduler_job.py:633} INFO - Processing file /home/airflow/.local/lib/python3.6/site-packages/airflow/example_dags/example_branch_operator.py for tasks to queue
[2025-02-15 14:44:35,376] {logging_mixin.py:104} INFO - [2025-02-15 14:44:35,376] {dagbag.py:496} INFO - Filling up the DagBag from /home/airflow/.local/lib/python3.6/site-packages/airflow/example_dags/example_branch_operator.py
[2025-02-15 14:44:35,412] {scheduler_job.py:643} INFO - DAG(s) dict_keys(['example_branch_operator']) retrieved from /home/airflow/.local/lib/python3.6/site-packages/airflow/example_dags/example_branch_operator.py
[2025-02-15 14:44:35,463] {logging_mixin.py:104} INFO - [2025-02-15 14:44:35,462] {dag.py:1833} INFO - Sync 1 DAGs
[2025-02-15 14:44:35,497] {logging_mixin.py:104} INFO - [2025-02-15 14:44:35,496] {dag.py:2306} INFO - Setting next_dagrun for example_branch_operator to 2025-02-13 00:00:00+00:00
[2025-02-15 14:44:35,538] {scheduler_job.py:190} INFO - Processing /home/airflow/.local/lib/python3.6/site-packages/airflow/example_dags/example_branch_operator.py took 0.171 seconds
[2025-02-15 14:46:12,527] {scheduler_job.py:182} INFO - Started process (PID=65) to work on /home/airflow/.local/lib/python3.6/site-packages/airflow/example_dags/example_branch_operator.py
[2025-02-15 14:46:12,539] {scheduler_job.py:633} INFO - Processing file /home/airflow/.local/lib/python3.6/site-packages/airflow/example_dags/example_branch_operator.py for tasks to queue
[2025-02-15 14:46:12,541] {logging_mixin.py:104} INFO - [2025-02-15 14:46:12,541] {dagbag.py:496} INFO - Filling up the DagBag from /home/airflow/.local/lib/python3.6/site-packages/airflow/example_dags/example_branch_operator.py
[2025-02-15 14:46:12,664] {scheduler_job.py:643} INFO - DAG(s) dict_keys(['example_branch_operator']) retrieved from /home/airflow/.local/lib/python3.6/site-packages/airflow/example_dags/example_branch_operator.py
[2025-02-15 14:46:12,905] {logging_mixin.py:104} INFO - [2025-02-15 14:46:12,904] {dag.py:1833} INFO - Sync 1 DAGs
[2025-02-15 14:46:12,999] {logging_mixin.py:104} INFO - [2025-02-15 14:46:12,998] {dag.py:2306} INFO - Setting next_dagrun for example_branch_operator to 2025-02-13 00:00:00+00:00
[2025-02-15 14:46:13,079] {scheduler_job.py:190} INFO - Processing /home/airflow/.local/lib/python3.6/site-packages/airflow/example_dags/example_branch_operator.py took 0.571 seconds
[2025-02-15 14:46:43,537] {scheduler_job.py:182} INFO - Started process (PID=114) to work on /home/airflow/.local/lib/python3.6/site-packages/airflow/example_dags/example_branch_operator.py
[2025-02-15 14:46:43,542] {scheduler_job.py:633} INFO - Processing file /home/airflow/.local/lib/python3.6/site-packages/airflow/example_dags/example_branch_operator.py for tasks to queue
[2025-02-15 14:46:43,544] {logging_mixin.py:104} INFO - [2025-02-15 14:46:43,544] {dagbag.py:496} INFO - Filling up the DagBag from /home/airflow/.local/lib/python3.6/site-packages/airflow/example_dags/example_branch_operator.py
[2025-02-15 14:46:43,587] {scheduler_job.py:643} INFO - DAG(s) dict_keys(['example_branch_operator']) retrieved from /home/airflow/.local/lib/python3.6/site-packages/airflow/example_dags/example_branch_operator.py
[2025-02-15 14:46:43,651] {logging_mixin.py:104} INFO - [2025-02-15 14:46:43,651] {dag.py:1833} INFO - Sync 1 DAGs
[2025-02-15 14:46:43,701] {logging_mixin.py:104} INFO - [2025-02-15 14:46:43,701] {dag.py:2306} INFO - Setting next_dagrun for example_branch_operator to 2025-02-13 00:00:00+00:00
[2025-02-15 14:46:43,727] {scheduler_job.py:190} INFO - Processing /home/airflow/.local/lib/python3.6/site-packages/airflow/example_dags/example_branch_operator.py took 0.199 seconds
[2025-02-15 14:47:13,761] {scheduler_job.py:182} INFO - Started process (PID=158) to work on /home/airflow/.local/lib/python3.6/site-packages/airflow/example_dags/example_branch_operator.py
[2025-02-15 14:47:13,763] {scheduler_job.py:633} INFO - Processing file /home/airflow/.local/lib/python3.6/site-packages/airflow/example_dags/example_branch_operator.py for tasks to queue
[2025-02-15 14:47:13,764] {logging_mixin.py:104} INFO - [2025-02-15 14:47:13,763] {dagbag.py:496} INFO - Filling up the DagBag from /home/airflow/.local/lib/python3.6/site-packages/airflow/example_dags/example_branch_operator.py
[2025-02-15 14:47:13,783] {scheduler_job.py:643} INFO - DAG(s) dict_keys(['example_branch_operator']) retrieved from /home/airflow/.local/lib/python3.6/site-packages/airflow/example_dags/example_branch_operator.py
[2025-02-15 14:47:13,818] {logging_mixin.py:104} INFO - [2025-02-15 14:47:13,818] {dag.py:1833} INFO - Sync 1 DAGs
[2025-02-15 14:47:13,844] {logging_mixin.py:104} INFO - [2025-02-15 14:47:13,844] {dag.py:2306} INFO - Setting next_dagrun for example_branch_operator to 2025-02-13 00:00:00+00:00
[2025-02-15 14:47:13,864] {scheduler_job.py:190} INFO - Processing /home/airflow/.local/lib/python3.6/site-packages/airflow/example_dags/example_branch_operator.py took 0.107 seconds
[2025-02-15 14:47:44,010] {scheduler_job.py:182} INFO - Started process (PID=220) to work on /home/airflow/.local/lib/python3.6/site-packages/airflow/example_dags/example_branch_operator.py
[2025-02-15 14:47:44,012] {scheduler_job.py:633} INFO - Processing file /home/airflow/.local/lib/python3.6/site-packages/airflow/example_dags/example_branch_operator.py for tasks to queue
[2025-02-15 14:47:44,013] {logging_mixin.py:104} INFO - [2025-02-15 14:47:44,013] {dagbag.py:496} INFO - Filling up the DagBag from /home/airflow/.local/lib/python3.6/site-packages/airflow/example_dags/example_branch_operator.py
[2025-02-15 14:47:44,037] {scheduler_job.py:643} INFO - DAG(s) dict_keys(['example_branch_operator']) retrieved from /home/airflow/.local/lib/python3.6/site-packages/airflow/example_dags/example_branch_operator.py
[2025-02-15 14:47:44,078] {logging_mixin.py:104} INFO - [2025-02-15 14:47:44,078] {dag.py:1833} INFO - Sync 1 DAGs
[2025-02-15 14:47:44,106] {logging_mixin.py:104} INFO - [2025-02-15 14:47:44,106] {dag.py:2306} INFO - Setting next_dagrun for example_branch_operator to 2025-02-13 00:00:00+00:00
[2025-02-15 14:47:44,123] {scheduler_job.py:190} INFO - Processing /home/airflow/.local/lib/python3.6/site-packages/airflow/example_dags/example_branch_operator.py took 0.118 seconds
[2025-02-15 14:48:14,714] {scheduler_job.py:182} INFO - Started process (PID=272) to work on /home/airflow/.local/lib/python3.6/site-packages/airflow/example_dags/example_branch_operator.py
[2025-02-15 14:48:14,716] {scheduler_job.py:633} INFO - Processing file /home/airflow/.local/lib/python3.6/site-packages/airflow/example_dags/example_branch_operator.py for tasks to queue
[2025-02-15 14:48:14,718] {logging_mixin.py:104} INFO - [2025-02-15 14:48:14,718] {dagbag.py:496} INFO - Filling up the DagBag from /home/airflow/.local/lib/python3.6/site-packages/airflow/example_dags/example_branch_operator.py
[2025-02-15 14:48:14,733] {scheduler_job.py:643} INFO - DAG(s) dict_keys(['example_branch_operator']) retrieved from /home/airflow/.local/lib/python3.6/site-packages/airflow/example_dags/example_branch_operator.py
[2025-02-15 14:48:14,764] {logging_mixin.py:104} INFO - [2025-02-15 14:48:14,764] {dag.py:1833} INFO - Sync 1 DAGs
[2025-02-15 14:48:14,788] {logging_mixin.py:104} INFO - [2025-02-15 14:48:14,788] {dag.py:2306} INFO - Setting next_dagrun for example_branch_operator to 2025-02-13 00:00:00+00:00
[2025-02-15 14:48:14,801] {scheduler_job.py:190} INFO - Processing /home/airflow/.local/lib/python3.6/site-packages/airflow/example_dags/example_branch_operator.py took 0.090 seconds
[2025-02-15 14:48:45,615] {scheduler_job.py:182} INFO - Started process (PID=324) to work on /home/airflow/.local/lib/python3.6/site-packages/airflow/example_dags/example_branch_operator.py
[2025-02-15 14:48:45,616] {scheduler_job.py:633} INFO - Processing file /home/airflow/.local/lib/python3.6/site-packages/airflow/example_dags/example_branch_operator.py for tasks to queue
[2025-02-15 14:48:45,617] {logging_mixin.py:104} INFO - [2025-02-15 14:48:45,616] {dagbag.py:496} INFO - Filling up the DagBag from /home/airflow/.local/lib/python3.6/site-packages/airflow/example_dags/example_branch_operator.py
[2025-02-15 14:48:45,635] {scheduler_job.py:643} INFO - DAG(s) dict_keys(['example_branch_operator']) retrieved from /home/airflow/.local/lib/python3.6/site-packages/airflow/example_dags/example_branch_operator.py
[2025-02-15 14:48:45,660] {logging_mixin.py:104} INFO - [2025-02-15 14:48:45,660] {dag.py:1833} INFO - Sync 1 DAGs
[2025-02-15 14:48:45,676] {logging_mixin.py:104} INFO - [2025-02-15 14:48:45,676] {dag.py:2306} INFO - Setting next_dagrun for example_branch_operator to 2025-02-13 00:00:00+00:00
[2025-02-15 14:48:45,691] {scheduler_job.py:190} INFO - Processing /home/airflow/.local/lib/python3.6/site-packages/airflow/example_dags/example_branch_operator.py took 0.079 seconds
[2025-02-15 14:49:15,998] {scheduler_job.py:182} INFO - Started process (PID=386) to work on /home/airflow/.local/lib/python3.6/site-packages/airflow/example_dags/example_branch_operator.py
[2025-02-15 14:49:16,003] {scheduler_job.py:633} INFO - Processing file /home/airflow/.local/lib/python3.6/site-packages/airflow/example_dags/example_branch_operator.py for tasks to queue
[2025-02-15 14:49:16,004] {logging_mixin.py:104} INFO - [2025-02-15 14:49:16,004] {dagbag.py:496} INFO - Filling up the DagBag from /home/airflow/.local/lib/python3.6/site-packages/airflow/example_dags/example_branch_operator.py
[2025-02-15 14:49:16,027] {scheduler_job.py:643} INFO - DAG(s) dict_keys(['example_branch_operator']) retrieved from /home/airflow/.local/lib/python3.6/site-packages/airflow/example_dags/example_branch_operator.py
[2025-02-15 14:49:16,059] {logging_mixin.py:104} INFO - [2025-02-15 14:49:16,059] {dag.py:1833} INFO - Sync 1 DAGs
[2025-02-15 14:49:16,082] {logging_mixin.py:104} INFO - [2025-02-15 14:49:16,082] {dag.py:2306} INFO - Setting next_dagrun for example_branch_operator to 2025-02-13 00:00:00+00:00
[2025-02-15 14:49:16,098] {scheduler_job.py:190} INFO - Processing /home/airflow/.local/lib/python3.6/site-packages/airflow/example_dags/example_branch_operator.py took 0.107 seconds
[2025-02-15 14:49:46,178] {scheduler_job.py:182} INFO - Started process (PID=438) to work on /home/airflow/.local/lib/python3.6/site-packages/airflow/example_dags/example_branch_operator.py
[2025-02-15 14:49:46,179] {scheduler_job.py:633} INFO - Processing file /home/airflow/.local/lib/python3.6/site-packages/airflow/example_dags/example_branch_operator.py for tasks to queue
[2025-02-15 14:49:46,180] {logging_mixin.py:104} INFO - [2025-02-15 14:49:46,180] {dagbag.py:496} INFO - Filling up the DagBag from /home/airflow/.local/lib/python3.6/site-packages/airflow/example_dags/example_branch_operator.py
[2025-02-15 14:49:46,196] {scheduler_job.py:643} INFO - DAG(s) dict_keys(['example_branch_operator']) retrieved from /home/airflow/.local/lib/python3.6/site-packages/airflow/example_dags/example_branch_operator.py
[2025-02-15 14:49:46,222] {logging_mixin.py:104} INFO - [2025-02-15 14:49:46,222] {dag.py:1833} INFO - Sync 1 DAGs
[2025-02-15 14:49:46,242] {logging_mixin.py:104} INFO - [2025-02-15 14:49:46,242] {dag.py:2306} INFO - Setting next_dagrun for example_branch_operator to 2025-02-13 00:00:00+00:00
[2025-02-15 14:49:46,258] {scheduler_job.py:190} INFO - Processing /home/airflow/.local/lib/python3.6/site-packages/airflow/example_dags/example_branch_operator.py took 0.083 seconds
[2025-02-15 14:50:16,302] {scheduler_job.py:182} INFO - Started process (PID=498) to work on /home/airflow/.local/lib/python3.6/site-packages/airflow/example_dags/example_branch_operator.py
[2025-02-15 14:50:16,304] {scheduler_job.py:633} INFO - Processing file /home/airflow/.local/lib/python3.6/site-packages/airflow/example_dags/example_branch_operator.py for tasks to queue
[2025-02-15 14:50:16,305] {logging_mixin.py:104} INFO - [2025-02-15 14:50:16,305] {dagbag.py:496} INFO - Filling up the DagBag from /home/airflow/.local/lib/python3.6/site-packages/airflow/example_dags/example_branch_operator.py
[2025-02-15 14:50:16,332] {scheduler_job.py:643} INFO - DAG(s) dict_keys(['example_branch_operator']) retrieved from /home/airflow/.local/lib/python3.6/site-packages/airflow/example_dags/example_branch_operator.py
[2025-02-15 14:50:16,376] {logging_mixin.py:104} INFO - [2025-02-15 14:50:16,376] {dag.py:1833} INFO - Sync 1 DAGs
[2025-02-15 14:50:16,415] {logging_mixin.py:104} INFO - [2025-02-15 14:50:16,414] {dag.py:2306} INFO - Setting next_dagrun for example_branch_operator to 2025-02-13 00:00:00+00:00
[2025-02-15 14:50:16,438] {scheduler_job.py:190} INFO - Processing /home/airflow/.local/lib/python3.6/site-packages/airflow/example_dags/example_branch_operator.py took 0.141 seconds
[2025-02-15 14:50:46,624] {scheduler_job.py:182} INFO - Started process (PID=551) to work on /home/airflow/.local/lib/python3.6/site-packages/airflow/example_dags/example_branch_operator.py
[2025-02-15 14:50:46,626] {scheduler_job.py:633} INFO - Processing file /home/airflow/.local/lib/python3.6/site-packages/airflow/example_dags/example_branch_operator.py for tasks to queue
[2025-02-15 14:50:46,628] {logging_mixin.py:104} INFO - [2025-02-15 14:50:46,627] {dagbag.py:496} INFO - Filling up the DagBag from /home/airflow/.local/lib/python3.6/site-packages/airflow/example_dags/example_branch_operator.py
[2025-02-15 14:50:46,645] {scheduler_job.py:643} INFO - DAG(s) dict_keys(['example_branch_operator']) retrieved from /home/airflow/.local/lib/python3.6/site-packages/airflow/example_dags/example_branch_operator.py
[2025-02-15 14:50:46,672] {logging_mixin.py:104} INFO - [2025-02-15 14:50:46,671] {dag.py:1833} INFO - Sync 1 DAGs
[2025-02-15 14:50:46,692] {logging_mixin.py:104} INFO - [2025-02-15 14:50:46,692] {dag.py:2306} INFO - Setting next_dagrun for example_branch_operator to 2025-02-13 00:00:00+00:00
[2025-02-15 14:50:46,710] {scheduler_job.py:190} INFO - Processing /home/airflow/.local/lib/python3.6/site-packages/airflow/example_dags/example_branch_operator.py took 0.091 seconds
[2025-02-15 14:51:16,847] {scheduler_job.py:182} INFO - Started process (PID=603) to work on /home/airflow/.local/lib/python3.6/site-packages/airflow/example_dags/example_branch_operator.py
[2025-02-15 14:51:16,848] {scheduler_job.py:633} INFO - Processing file /home/airflow/.local/lib/python3.6/site-packages/airflow/example_dags/example_branch_operator.py for tasks to queue
[2025-02-15 14:51:16,849] {logging_mixin.py:104} INFO - [2025-02-15 14:51:16,848] {dagbag.py:496} INFO - Filling up the DagBag from /home/airflow/.local/lib/python3.6/site-packages/airflow/example_dags/example_branch_operator.py
[2025-02-15 14:51:16,863] {scheduler_job.py:643} INFO - DAG(s) dict_keys(['example_branch_operator']) retrieved from /home/airflow/.local/lib/python3.6/site-packages/airflow/example_dags/example_branch_operator.py
[2025-02-15 14:51:16,888] {logging_mixin.py:104} INFO - [2025-02-15 14:51:16,888] {dag.py:1833} INFO - Sync 1 DAGs
[2025-02-15 14:51:16,905] {logging_mixin.py:104} INFO - [2025-02-15 14:51:16,905] {dag.py:2306} INFO - Setting next_dagrun for example_branch_operator to 2025-02-13 00:00:00+00:00
[2025-02-15 14:51:16,919] {scheduler_job.py:190} INFO - Processing /home/airflow/.local/lib/python3.6/site-packages/airflow/example_dags/example_branch_operator.py took 0.076 seconds
[2025-02-15 14:51:47,209] {scheduler_job.py:182} INFO - Started process (PID=665) to work on /home/airflow/.local/lib/python3.6/site-packages/airflow/example_dags/example_branch_operator.py
[2025-02-15 14:51:47,211] {scheduler_job.py:633} INFO - Processing file /home/airflow/.local/lib/python3.6/site-packages/airflow/example_dags/example_branch_operator.py for tasks to queue
[2025-02-15 14:51:47,212] {logging_mixin.py:104} INFO - [2025-02-15 14:51:47,211] {dagbag.py:496} INFO - Filling up the DagBag from /home/airflow/.local/lib/python3.6/site-packages/airflow/example_dags/example_branch_operator.py
[2025-02-15 14:51:47,236] {scheduler_job.py:643} INFO - DAG(s) dict_keys(['example_branch_operator']) retrieved from /home/airflow/.local/lib/python3.6/site-packages/airflow/example_dags/example_branch_operator.py
[2025-02-15 14:51:47,269] {logging_mixin.py:104} INFO - [2025-02-15 14:51:47,269] {dag.py:1833} INFO - Sync 1 DAGs
[2025-02-15 14:51:47,292] {logging_mixin.py:104} INFO - [2025-02-15 14:51:47,292] {dag.py:2306} INFO - Setting next_dagrun for example_branch_operator to 2025-02-13 00:00:00+00:00
[2025-02-15 14:51:47,312] {scheduler_job.py:190} INFO - Processing /home/airflow/.local/lib/python3.6/site-packages/airflow/example_dags/example_branch_operator.py took 0.109 seconds
[2025-02-15 15:12:38,638] {scheduler_job.py:182} INFO - Started process (PID=725) to work on /home/airflow/.local/lib/python3.6/site-packages/airflow/example_dags/example_branch_operator.py
[2025-02-15 15:12:38,640] {scheduler_job.py:633} INFO - Processing file /home/airflow/.local/lib/python3.6/site-packages/airflow/example_dags/example_branch_operator.py for tasks to queue
[2025-02-15 15:12:38,644] {logging_mixin.py:104} INFO - [2025-02-15 15:12:38,644] {dagbag.py:496} INFO - Filling up the DagBag from /home/airflow/.local/lib/python3.6/site-packages/airflow/example_dags/example_branch_operator.py
[2025-02-15 15:12:38,673] {scheduler_job.py:643} INFO - DAG(s) dict_keys(['example_branch_operator']) retrieved from /home/airflow/.local/lib/python3.6/site-packages/airflow/example_dags/example_branch_operator.py
[2025-02-15 15:12:38,730] {logging_mixin.py:104} INFO - [2025-02-15 15:12:38,730] {dag.py:1833} INFO - Sync 1 DAGs
[2025-02-15 15:12:38,760] {logging_mixin.py:104} INFO - [2025-02-15 15:12:38,760] {dag.py:2306} INFO - Setting next_dagrun for example_branch_operator to 2025-02-13 00:00:00+00:00
[2025-02-15 15:12:38,782] {scheduler_job.py:190} INFO - Processing /home/airflow/.local/lib/python3.6/site-packages/airflow/example_dags/example_branch_operator.py took 0.151 seconds
[2025-02-15 15:13:09,773] {scheduler_job.py:182} INFO - Started process (PID=778) to work on /home/airflow/.local/lib/python3.6/site-packages/airflow/example_dags/example_branch_operator.py
[2025-02-15 15:13:09,775] {scheduler_job.py:633} INFO - Processing file /home/airflow/.local/lib/python3.6/site-packages/airflow/example_dags/example_branch_operator.py for tasks to queue
[2025-02-15 15:13:09,776] {logging_mixin.py:104} INFO - [2025-02-15 15:13:09,776] {dagbag.py:496} INFO - Filling up the DagBag from /home/airflow/.local/lib/python3.6/site-packages/airflow/example_dags/example_branch_operator.py
[2025-02-15 15:13:09,802] {scheduler_job.py:643} INFO - DAG(s) dict_keys(['example_branch_operator']) retrieved from /home/airflow/.local/lib/python3.6/site-packages/airflow/example_dags/example_branch_operator.py
[2025-02-15 15:13:09,859] {logging_mixin.py:104} INFO - [2025-02-15 15:13:09,858] {dag.py:1833} INFO - Sync 1 DAGs
[2025-02-15 15:13:09,891] {logging_mixin.py:104} INFO - [2025-02-15 15:13:09,891] {dag.py:2306} INFO - Setting next_dagrun for example_branch_operator to 2025-02-13 00:00:00+00:00
[2025-02-15 15:13:09,911] {scheduler_job.py:190} INFO - Processing /home/airflow/.local/lib/python3.6/site-packages/airflow/example_dags/example_branch_operator.py took 0.143 seconds
[2025-02-15 15:20:33,777] {scheduler_job.py:182} INFO - Started process (PID=75) to work on /home/airflow/.local/lib/python3.6/site-packages/airflow/example_dags/example_branch_operator.py
[2025-02-15 15:20:33,810] {scheduler_job.py:633} INFO - Processing file /home/airflow/.local/lib/python3.6/site-packages/airflow/example_dags/example_branch_operator.py for tasks to queue
[2025-02-15 15:20:33,811] {logging_mixin.py:104} INFO - [2025-02-15 15:20:33,811] {dagbag.py:496} INFO - Filling up the DagBag from /home/airflow/.local/lib/python3.6/site-packages/airflow/example_dags/example_branch_operator.py
[2025-02-15 15:20:33,972] {scheduler_job.py:643} INFO - DAG(s) dict_keys(['example_branch_operator']) retrieved from /home/airflow/.local/lib/python3.6/site-packages/airflow/example_dags/example_branch_operator.py
[2025-02-15 15:20:34,405] {logging_mixin.py:104} INFO - [2025-02-15 15:20:34,404] {dag.py:1833} INFO - Sync 1 DAGs
[2025-02-15 15:20:34,698] {logging_mixin.py:104} INFO - [2025-02-15 15:20:34,698] {dag.py:2306} INFO - Setting next_dagrun for example_branch_operator to 2025-02-13 00:00:00+00:00
[2025-02-15 15:20:34,770] {scheduler_job.py:190} INFO - Processing /home/airflow/.local/lib/python3.6/site-packages/airflow/example_dags/example_branch_operator.py took 1.012 seconds
[2025-02-15 15:21:05,391] {scheduler_job.py:182} INFO - Started process (PID=118) to work on /home/airflow/.local/lib/python3.6/site-packages/airflow/example_dags/example_branch_operator.py
[2025-02-15 15:21:05,410] {scheduler_job.py:633} INFO - Processing file /home/airflow/.local/lib/python3.6/site-packages/airflow/example_dags/example_branch_operator.py for tasks to queue
[2025-02-15 15:21:05,425] {logging_mixin.py:104} INFO - [2025-02-15 15:21:05,425] {dagbag.py:496} INFO - Filling up the DagBag from /home/airflow/.local/lib/python3.6/site-packages/airflow/example_dags/example_branch_operator.py
[2025-02-15 15:21:05,567] {scheduler_job.py:643} INFO - DAG(s) dict_keys(['example_branch_operator']) retrieved from /home/airflow/.local/lib/python3.6/site-packages/airflow/example_dags/example_branch_operator.py
[2025-02-15 15:21:05,790] {logging_mixin.py:104} INFO - [2025-02-15 15:21:05,790] {dag.py:1833} INFO - Sync 1 DAGs
[2025-02-15 15:21:05,924] {logging_mixin.py:104} INFO - [2025-02-15 15:21:05,923] {dag.py:2306} INFO - Setting next_dagrun for example_branch_operator to 2025-02-13 00:00:00+00:00
[2025-02-15 15:21:06,036] {scheduler_job.py:190} INFO - Processing /home/airflow/.local/lib/python3.6/site-packages/airflow/example_dags/example_branch_operator.py took 0.679 seconds
[2025-02-15 15:21:41,835] {scheduler_job.py:182} INFO - Started process (PID=169) to work on /home/airflow/.local/lib/python3.6/site-packages/airflow/example_dags/example_branch_operator.py
[2025-02-15 15:21:41,891] {scheduler_job.py:633} INFO - Processing file /home/airflow/.local/lib/python3.6/site-packages/airflow/example_dags/example_branch_operator.py for tasks to queue
[2025-02-15 15:21:41,893] {logging_mixin.py:104} INFO - [2025-02-15 15:21:41,892] {dagbag.py:496} INFO - Filling up the DagBag from /home/airflow/.local/lib/python3.6/site-packages/airflow/example_dags/example_branch_operator.py
[2025-02-15 15:21:42,028] {scheduler_job.py:643} INFO - DAG(s) dict_keys(['example_branch_operator']) retrieved from /home/airflow/.local/lib/python3.6/site-packages/airflow/example_dags/example_branch_operator.py
[2025-02-15 15:21:42,794] {logging_mixin.py:104} INFO - [2025-02-15 15:21:42,794] {dag.py:1833} INFO - Sync 1 DAGs
[2025-02-15 15:21:44,613] {logging_mixin.py:104} INFO - [2025-02-15 15:21:44,609] {dag.py:2306} INFO - Setting next_dagrun for example_branch_operator to 2025-02-13 00:00:00+00:00
[2025-02-15 15:21:44,748] {scheduler_job.py:190} INFO - Processing /home/airflow/.local/lib/python3.6/site-packages/airflow/example_dags/example_branch_operator.py took 3.004 seconds
