[2025-02-15 13:54:19,212] {scheduler_job.py:182} INFO - Started process (PID=87) to work on /home/airflow/.local/lib/python3.6/site-packages/airflow/example_dags/example_latest_only_with_trigger.py
[2025-02-15 13:54:19,225] {scheduler_job.py:633} INFO - Processing file /home/airflow/.local/lib/python3.6/site-packages/airflow/example_dags/example_latest_only_with_trigger.py for tasks to queue
[2025-02-15 13:54:19,228] {logging_mixin.py:104} INFO - [2025-02-15 13:54:19,227] {dagbag.py:496} INFO - Filling up the DagBag from /home/airflow/.local/lib/python3.6/site-packages/airflow/example_dags/example_latest_only_with_trigger.py
[2025-02-15 13:54:19,287] {scheduler_job.py:643} INFO - DAG(s) dict_keys(['latest_only_with_trigger']) retrieved from /home/airflow/.local/lib/python3.6/site-packages/airflow/example_dags/example_latest_only_with_trigger.py
[2025-02-15 13:54:20,240] {logging_mixin.py:104} INFO - [2025-02-15 13:54:20,239] {dag.py:1833} INFO - Sync 1 DAGs
[2025-02-15 13:54:20,301] {logging_mixin.py:104} INFO - [2025-02-15 13:54:20,301] {dag.py:2306} INFO - Setting next_dagrun for latest_only_with_trigger to 2025-02-13 00:00:00+00:00
[2025-02-15 13:54:20,361] {scheduler_job.py:190} INFO - Processing /home/airflow/.local/lib/python3.6/site-packages/airflow/example_dags/example_latest_only_with_trigger.py took 1.162 seconds
[2025-02-15 13:54:53,844] {scheduler_job.py:182} INFO - Started process (PID=133) to work on /home/airflow/.local/lib/python3.6/site-packages/airflow/example_dags/example_latest_only_with_trigger.py
[2025-02-15 13:54:53,862] {scheduler_job.py:633} INFO - Processing file /home/airflow/.local/lib/python3.6/site-packages/airflow/example_dags/example_latest_only_with_trigger.py for tasks to queue
[2025-02-15 13:54:53,867] {logging_mixin.py:104} INFO - [2025-02-15 13:54:53,867] {dagbag.py:496} INFO - Filling up the DagBag from /home/airflow/.local/lib/python3.6/site-packages/airflow/example_dags/example_latest_only_with_trigger.py
[2025-02-15 13:54:53,987] {scheduler_job.py:643} INFO - DAG(s) dict_keys(['latest_only_with_trigger']) retrieved from /home/airflow/.local/lib/python3.6/site-packages/airflow/example_dags/example_latest_only_with_trigger.py
[2025-02-15 13:54:54,422] {logging_mixin.py:104} INFO - [2025-02-15 13:54:54,404] {dag.py:1833} INFO - Sync 1 DAGs
[2025-02-15 13:54:54,866] {logging_mixin.py:104} INFO - [2025-02-15 13:54:54,865] {dag.py:2306} INFO - Setting next_dagrun for latest_only_with_trigger to 2025-02-13 00:00:00+00:00
[2025-02-15 13:54:55,042] {scheduler_job.py:190} INFO - Processing /home/airflow/.local/lib/python3.6/site-packages/airflow/example_dags/example_latest_only_with_trigger.py took 1.216 seconds
[2025-02-15 13:55:26,212] {scheduler_job.py:182} INFO - Started process (PID=177) to work on /home/airflow/.local/lib/python3.6/site-packages/airflow/example_dags/example_latest_only_with_trigger.py
[2025-02-15 13:55:26,216] {scheduler_job.py:633} INFO - Processing file /home/airflow/.local/lib/python3.6/site-packages/airflow/example_dags/example_latest_only_with_trigger.py for tasks to queue
[2025-02-15 13:55:26,219] {logging_mixin.py:104} INFO - [2025-02-15 13:55:26,218] {dagbag.py:496} INFO - Filling up the DagBag from /home/airflow/.local/lib/python3.6/site-packages/airflow/example_dags/example_latest_only_with_trigger.py
[2025-02-15 13:55:26,346] {scheduler_job.py:643} INFO - DAG(s) dict_keys(['latest_only_with_trigger']) retrieved from /home/airflow/.local/lib/python3.6/site-packages/airflow/example_dags/example_latest_only_with_trigger.py
[2025-02-15 13:55:26,442] {logging_mixin.py:104} INFO - [2025-02-15 13:55:26,442] {dag.py:1833} INFO - Sync 1 DAGs
[2025-02-15 13:55:26,550] {logging_mixin.py:104} INFO - [2025-02-15 13:55:26,550] {dag.py:2306} INFO - Setting next_dagrun for latest_only_with_trigger to 2025-02-13 00:00:00+00:00
[2025-02-15 13:55:26,606] {scheduler_job.py:190} INFO - Processing /home/airflow/.local/lib/python3.6/site-packages/airflow/example_dags/example_latest_only_with_trigger.py took 0.423 seconds
[2025-02-15 13:55:56,768] {scheduler_job.py:182} INFO - Started process (PID=228) to work on /home/airflow/.local/lib/python3.6/site-packages/airflow/example_dags/example_latest_only_with_trigger.py
[2025-02-15 13:55:56,770] {scheduler_job.py:633} INFO - Processing file /home/airflow/.local/lib/python3.6/site-packages/airflow/example_dags/example_latest_only_with_trigger.py for tasks to queue
[2025-02-15 13:55:56,771] {logging_mixin.py:104} INFO - [2025-02-15 13:55:56,771] {dagbag.py:496} INFO - Filling up the DagBag from /home/airflow/.local/lib/python3.6/site-packages/airflow/example_dags/example_latest_only_with_trigger.py
[2025-02-15 13:55:56,791] {scheduler_job.py:643} INFO - DAG(s) dict_keys(['latest_only_with_trigger']) retrieved from /home/airflow/.local/lib/python3.6/site-packages/airflow/example_dags/example_latest_only_with_trigger.py
[2025-02-15 13:55:56,837] {logging_mixin.py:104} INFO - [2025-02-15 13:55:56,837] {dag.py:1833} INFO - Sync 1 DAGs
[2025-02-15 13:55:56,860] {logging_mixin.py:104} INFO - [2025-02-15 13:55:56,860] {dag.py:2306} INFO - Setting next_dagrun for latest_only_with_trigger to 2025-02-13 00:00:00+00:00
[2025-02-15 13:55:56,877] {scheduler_job.py:190} INFO - Processing /home/airflow/.local/lib/python3.6/site-packages/airflow/example_dags/example_latest_only_with_trigger.py took 0.116 seconds
[2025-02-15 13:56:28,407] {scheduler_job.py:182} INFO - Started process (PID=289) to work on /home/airflow/.local/lib/python3.6/site-packages/airflow/example_dags/example_latest_only_with_trigger.py
[2025-02-15 13:56:28,410] {scheduler_job.py:633} INFO - Processing file /home/airflow/.local/lib/python3.6/site-packages/airflow/example_dags/example_latest_only_with_trigger.py for tasks to queue
[2025-02-15 13:56:28,413] {logging_mixin.py:104} INFO - [2025-02-15 13:56:28,412] {dagbag.py:496} INFO - Filling up the DagBag from /home/airflow/.local/lib/python3.6/site-packages/airflow/example_dags/example_latest_only_with_trigger.py
[2025-02-15 13:56:28,443] {scheduler_job.py:643} INFO - DAG(s) dict_keys(['latest_only_with_trigger']) retrieved from /home/airflow/.local/lib/python3.6/site-packages/airflow/example_dags/example_latest_only_with_trigger.py
[2025-02-15 13:56:28,515] {logging_mixin.py:104} INFO - [2025-02-15 13:56:28,514] {dag.py:1833} INFO - Sync 1 DAGs
[2025-02-15 13:56:28,605] {logging_mixin.py:104} INFO - [2025-02-15 13:56:28,604] {dag.py:2306} INFO - Setting next_dagrun for latest_only_with_trigger to 2025-02-13 00:00:00+00:00
[2025-02-15 13:56:28,648] {scheduler_job.py:190} INFO - Processing /home/airflow/.local/lib/python3.6/site-packages/airflow/example_dags/example_latest_only_with_trigger.py took 0.249 seconds
[2025-02-15 13:56:59,048] {scheduler_job.py:182} INFO - Started process (PID=339) to work on /home/airflow/.local/lib/python3.6/site-packages/airflow/example_dags/example_latest_only_with_trigger.py
[2025-02-15 13:56:59,050] {scheduler_job.py:633} INFO - Processing file /home/airflow/.local/lib/python3.6/site-packages/airflow/example_dags/example_latest_only_with_trigger.py for tasks to queue
[2025-02-15 13:56:59,052] {logging_mixin.py:104} INFO - [2025-02-15 13:56:59,051] {dagbag.py:496} INFO - Filling up the DagBag from /home/airflow/.local/lib/python3.6/site-packages/airflow/example_dags/example_latest_only_with_trigger.py
[2025-02-15 13:56:59,074] {scheduler_job.py:643} INFO - DAG(s) dict_keys(['latest_only_with_trigger']) retrieved from /home/airflow/.local/lib/python3.6/site-packages/airflow/example_dags/example_latest_only_with_trigger.py
[2025-02-15 13:56:59,116] {logging_mixin.py:104} INFO - [2025-02-15 13:56:59,116] {dag.py:1833} INFO - Sync 1 DAGs
[2025-02-15 13:56:59,139] {logging_mixin.py:104} INFO - [2025-02-15 13:56:59,139] {dag.py:2306} INFO - Setting next_dagrun for latest_only_with_trigger to 2025-02-13 00:00:00+00:00
[2025-02-15 13:56:59,157] {scheduler_job.py:190} INFO - Processing /home/airflow/.local/lib/python3.6/site-packages/airflow/example_dags/example_latest_only_with_trigger.py took 0.115 seconds
[2025-02-15 13:57:30,577] {scheduler_job.py:182} INFO - Started process (PID=391) to work on /home/airflow/.local/lib/python3.6/site-packages/airflow/example_dags/example_latest_only_with_trigger.py
[2025-02-15 13:57:30,580] {scheduler_job.py:633} INFO - Processing file /home/airflow/.local/lib/python3.6/site-packages/airflow/example_dags/example_latest_only_with_trigger.py for tasks to queue
[2025-02-15 13:57:30,581] {logging_mixin.py:104} INFO - [2025-02-15 13:57:30,581] {dagbag.py:496} INFO - Filling up the DagBag from /home/airflow/.local/lib/python3.6/site-packages/airflow/example_dags/example_latest_only_with_trigger.py
[2025-02-15 13:57:30,609] {scheduler_job.py:643} INFO - DAG(s) dict_keys(['latest_only_with_trigger']) retrieved from /home/airflow/.local/lib/python3.6/site-packages/airflow/example_dags/example_latest_only_with_trigger.py
[2025-02-15 13:57:30,658] {logging_mixin.py:104} INFO - [2025-02-15 13:57:30,658] {dag.py:1833} INFO - Sync 1 DAGs
[2025-02-15 13:57:30,686] {logging_mixin.py:104} INFO - [2025-02-15 13:57:30,686] {dag.py:2306} INFO - Setting next_dagrun for latest_only_with_trigger to 2025-02-13 00:00:00+00:00
[2025-02-15 13:57:30,703] {scheduler_job.py:190} INFO - Processing /home/airflow/.local/lib/python3.6/site-packages/airflow/example_dags/example_latest_only_with_trigger.py took 0.133 seconds
[2025-02-15 13:58:01,237] {scheduler_job.py:182} INFO - Started process (PID=442) to work on /home/airflow/.local/lib/python3.6/site-packages/airflow/example_dags/example_latest_only_with_trigger.py
[2025-02-15 13:58:01,240] {scheduler_job.py:633} INFO - Processing file /home/airflow/.local/lib/python3.6/site-packages/airflow/example_dags/example_latest_only_with_trigger.py for tasks to queue
[2025-02-15 13:58:01,241] {logging_mixin.py:104} INFO - [2025-02-15 13:58:01,241] {dagbag.py:496} INFO - Filling up the DagBag from /home/airflow/.local/lib/python3.6/site-packages/airflow/example_dags/example_latest_only_with_trigger.py
[2025-02-15 13:58:01,258] {scheduler_job.py:643} INFO - DAG(s) dict_keys(['latest_only_with_trigger']) retrieved from /home/airflow/.local/lib/python3.6/site-packages/airflow/example_dags/example_latest_only_with_trigger.py
[2025-02-15 13:58:01,292] {logging_mixin.py:104} INFO - [2025-02-15 13:58:01,292] {dag.py:1833} INFO - Sync 1 DAGs
[2025-02-15 13:58:01,313] {logging_mixin.py:104} INFO - [2025-02-15 13:58:01,312] {dag.py:2306} INFO - Setting next_dagrun for latest_only_with_trigger to 2025-02-13 00:00:00+00:00
[2025-02-15 13:58:01,330] {scheduler_job.py:190} INFO - Processing /home/airflow/.local/lib/python3.6/site-packages/airflow/example_dags/example_latest_only_with_trigger.py took 0.100 seconds
[2025-02-15 13:58:32,361] {scheduler_job.py:182} INFO - Started process (PID=504) to work on /home/airflow/.local/lib/python3.6/site-packages/airflow/example_dags/example_latest_only_with_trigger.py
[2025-02-15 13:58:32,364] {scheduler_job.py:633} INFO - Processing file /home/airflow/.local/lib/python3.6/site-packages/airflow/example_dags/example_latest_only_with_trigger.py for tasks to queue
[2025-02-15 13:58:32,367] {logging_mixin.py:104} INFO - [2025-02-15 13:58:32,366] {dagbag.py:496} INFO - Filling up the DagBag from /home/airflow/.local/lib/python3.6/site-packages/airflow/example_dags/example_latest_only_with_trigger.py
[2025-02-15 13:58:32,403] {scheduler_job.py:643} INFO - DAG(s) dict_keys(['latest_only_with_trigger']) retrieved from /home/airflow/.local/lib/python3.6/site-packages/airflow/example_dags/example_latest_only_with_trigger.py
[2025-02-15 13:58:32,475] {logging_mixin.py:104} INFO - [2025-02-15 13:58:32,475] {dag.py:1833} INFO - Sync 1 DAGs
[2025-02-15 13:58:32,517] {logging_mixin.py:104} INFO - [2025-02-15 13:58:32,516] {dag.py:2306} INFO - Setting next_dagrun for latest_only_with_trigger to 2025-02-13 00:00:00+00:00
[2025-02-15 13:58:32,546] {scheduler_job.py:190} INFO - Processing /home/airflow/.local/lib/python3.6/site-packages/airflow/example_dags/example_latest_only_with_trigger.py took 0.194 seconds
[2025-02-15 13:59:02,944] {scheduler_job.py:182} INFO - Started process (PID=556) to work on /home/airflow/.local/lib/python3.6/site-packages/airflow/example_dags/example_latest_only_with_trigger.py
[2025-02-15 13:59:02,945] {scheduler_job.py:633} INFO - Processing file /home/airflow/.local/lib/python3.6/site-packages/airflow/example_dags/example_latest_only_with_trigger.py for tasks to queue
[2025-02-15 13:59:02,946] {logging_mixin.py:104} INFO - [2025-02-15 13:59:02,946] {dagbag.py:496} INFO - Filling up the DagBag from /home/airflow/.local/lib/python3.6/site-packages/airflow/example_dags/example_latest_only_with_trigger.py
[2025-02-15 13:59:02,961] {scheduler_job.py:643} INFO - DAG(s) dict_keys(['latest_only_with_trigger']) retrieved from /home/airflow/.local/lib/python3.6/site-packages/airflow/example_dags/example_latest_only_with_trigger.py
[2025-02-15 13:59:02,992] {logging_mixin.py:104} INFO - [2025-02-15 13:59:02,992] {dag.py:1833} INFO - Sync 1 DAGs
[2025-02-15 13:59:03,011] {logging_mixin.py:104} INFO - [2025-02-15 13:59:03,011] {dag.py:2306} INFO - Setting next_dagrun for latest_only_with_trigger to 2025-02-13 00:00:00+00:00
[2025-02-15 13:59:03,031] {scheduler_job.py:190} INFO - Processing /home/airflow/.local/lib/python3.6/site-packages/airflow/example_dags/example_latest_only_with_trigger.py took 0.092 seconds
[2025-02-15 13:59:33,622] {scheduler_job.py:182} INFO - Started process (PID=618) to work on /home/airflow/.local/lib/python3.6/site-packages/airflow/example_dags/example_latest_only_with_trigger.py
[2025-02-15 13:59:33,623] {scheduler_job.py:633} INFO - Processing file /home/airflow/.local/lib/python3.6/site-packages/airflow/example_dags/example_latest_only_with_trigger.py for tasks to queue
[2025-02-15 13:59:33,624] {logging_mixin.py:104} INFO - [2025-02-15 13:59:33,623] {dagbag.py:496} INFO - Filling up the DagBag from /home/airflow/.local/lib/python3.6/site-packages/airflow/example_dags/example_latest_only_with_trigger.py
[2025-02-15 13:59:33,636] {scheduler_job.py:643} INFO - DAG(s) dict_keys(['latest_only_with_trigger']) retrieved from /home/airflow/.local/lib/python3.6/site-packages/airflow/example_dags/example_latest_only_with_trigger.py
[2025-02-15 13:59:33,662] {logging_mixin.py:104} INFO - [2025-02-15 13:59:33,662] {dag.py:1833} INFO - Sync 1 DAGs
[2025-02-15 13:59:33,677] {logging_mixin.py:104} INFO - [2025-02-15 13:59:33,677] {dag.py:2306} INFO - Setting next_dagrun for latest_only_with_trigger to 2025-02-13 00:00:00+00:00
[2025-02-15 13:59:33,692] {scheduler_job.py:190} INFO - Processing /home/airflow/.local/lib/python3.6/site-packages/airflow/example_dags/example_latest_only_with_trigger.py took 0.073 seconds
[2025-02-15 14:00:04,708] {scheduler_job.py:182} INFO - Started process (PID=677) to work on /home/airflow/.local/lib/python3.6/site-packages/airflow/example_dags/example_latest_only_with_trigger.py
[2025-02-15 14:00:04,712] {scheduler_job.py:633} INFO - Processing file /home/airflow/.local/lib/python3.6/site-packages/airflow/example_dags/example_latest_only_with_trigger.py for tasks to queue
[2025-02-15 14:00:04,713] {logging_mixin.py:104} INFO - [2025-02-15 14:00:04,713] {dagbag.py:496} INFO - Filling up the DagBag from /home/airflow/.local/lib/python3.6/site-packages/airflow/example_dags/example_latest_only_with_trigger.py
[2025-02-15 14:00:04,738] {scheduler_job.py:643} INFO - DAG(s) dict_keys(['latest_only_with_trigger']) retrieved from /home/airflow/.local/lib/python3.6/site-packages/airflow/example_dags/example_latest_only_with_trigger.py
[2025-02-15 14:00:04,784] {logging_mixin.py:104} INFO - [2025-02-15 14:00:04,784] {dag.py:1833} INFO - Sync 1 DAGs
[2025-02-15 14:00:04,812] {logging_mixin.py:104} INFO - [2025-02-15 14:00:04,812] {dag.py:2306} INFO - Setting next_dagrun for latest_only_with_trigger to 2025-02-13 00:00:00+00:00
[2025-02-15 14:00:04,832] {scheduler_job.py:190} INFO - Processing /home/airflow/.local/lib/python3.6/site-packages/airflow/example_dags/example_latest_only_with_trigger.py took 0.133 seconds
[2025-02-15 14:01:30,773] {scheduler_job.py:182} INFO - Started process (PID=86) to work on /home/airflow/.local/lib/python3.6/site-packages/airflow/example_dags/example_latest_only_with_trigger.py
[2025-02-15 14:01:30,777] {scheduler_job.py:633} INFO - Processing file /home/airflow/.local/lib/python3.6/site-packages/airflow/example_dags/example_latest_only_with_trigger.py for tasks to queue
[2025-02-15 14:01:30,779] {logging_mixin.py:104} INFO - [2025-02-15 14:01:30,779] {dagbag.py:496} INFO - Filling up the DagBag from /home/airflow/.local/lib/python3.6/site-packages/airflow/example_dags/example_latest_only_with_trigger.py
[2025-02-15 14:01:30,825] {scheduler_job.py:643} INFO - DAG(s) dict_keys(['latest_only_with_trigger']) retrieved from /home/airflow/.local/lib/python3.6/site-packages/airflow/example_dags/example_latest_only_with_trigger.py
[2025-02-15 14:01:30,919] {logging_mixin.py:104} INFO - [2025-02-15 14:01:30,918] {dag.py:1833} INFO - Sync 1 DAGs
[2025-02-15 14:01:30,967] {logging_mixin.py:104} INFO - [2025-02-15 14:01:30,966] {dag.py:2306} INFO - Setting next_dagrun for latest_only_with_trigger to 2025-02-13 00:00:00+00:00
[2025-02-15 14:01:30,997] {scheduler_job.py:190} INFO - Processing /home/airflow/.local/lib/python3.6/site-packages/airflow/example_dags/example_latest_only_with_trigger.py took 0.236 seconds
[2025-02-15 14:07:24,390] {scheduler_job.py:182} INFO - Started process (PID=323) to work on /home/airflow/.local/lib/python3.6/site-packages/airflow/example_dags/example_latest_only_with_trigger.py
[2025-02-15 14:07:24,395] {scheduler_job.py:633} INFO - Processing file /home/airflow/.local/lib/python3.6/site-packages/airflow/example_dags/example_latest_only_with_trigger.py for tasks to queue
[2025-02-15 14:07:24,396] {logging_mixin.py:104} INFO - [2025-02-15 14:07:24,396] {dagbag.py:496} INFO - Filling up the DagBag from /home/airflow/.local/lib/python3.6/site-packages/airflow/example_dags/example_latest_only_with_trigger.py
[2025-02-15 14:07:24,428] {scheduler_job.py:643} INFO - DAG(s) dict_keys(['latest_only_with_trigger']) retrieved from /home/airflow/.local/lib/python3.6/site-packages/airflow/example_dags/example_latest_only_with_trigger.py
[2025-02-15 14:07:28,209] {logging_mixin.py:104} INFO - [2025-02-15 14:07:28,206] {dag.py:1833} INFO - Sync 1 DAGs
[2025-02-15 14:07:28,242] {logging_mixin.py:104} INFO - [2025-02-15 14:07:28,239] {dag.py:1852} INFO - Creating ORM DAG for latest_only_with_trigger
[2025-02-15 14:07:28,267] {logging_mixin.py:104} INFO - [2025-02-15 14:07:28,267] {dag.py:2306} INFO - Setting next_dagrun for latest_only_with_trigger to 2025-02-13 00:00:00+00:00
[2025-02-15 14:07:28,350] {scheduler_job.py:190} INFO - Processing /home/airflow/.local/lib/python3.6/site-packages/airflow/example_dags/example_latest_only_with_trigger.py took 5.666 seconds
[2025-02-15 14:07:59,387] {scheduler_job.py:182} INFO - Started process (PID=439) to work on /home/airflow/.local/lib/python3.6/site-packages/airflow/example_dags/example_latest_only_with_trigger.py
[2025-02-15 14:07:59,389] {scheduler_job.py:633} INFO - Processing file /home/airflow/.local/lib/python3.6/site-packages/airflow/example_dags/example_latest_only_with_trigger.py for tasks to queue
[2025-02-15 14:07:59,390] {logging_mixin.py:104} INFO - [2025-02-15 14:07:59,390] {dagbag.py:496} INFO - Filling up the DagBag from /home/airflow/.local/lib/python3.6/site-packages/airflow/example_dags/example_latest_only_with_trigger.py
[2025-02-15 14:07:59,408] {scheduler_job.py:643} INFO - DAG(s) dict_keys(['latest_only_with_trigger']) retrieved from /home/airflow/.local/lib/python3.6/site-packages/airflow/example_dags/example_latest_only_with_trigger.py
[2025-02-15 14:07:59,442] {logging_mixin.py:104} INFO - [2025-02-15 14:07:59,442] {dag.py:1833} INFO - Sync 1 DAGs
[2025-02-15 14:07:59,463] {logging_mixin.py:104} INFO - [2025-02-15 14:07:59,462] {dag.py:2306} INFO - Setting next_dagrun for latest_only_with_trigger to 2025-02-13 00:00:00+00:00
[2025-02-15 14:07:59,483] {scheduler_job.py:190} INFO - Processing /home/airflow/.local/lib/python3.6/site-packages/airflow/example_dags/example_latest_only_with_trigger.py took 0.103 seconds
[2025-02-15 14:08:30,480] {scheduler_job.py:182} INFO - Started process (PID=491) to work on /home/airflow/.local/lib/python3.6/site-packages/airflow/example_dags/example_latest_only_with_trigger.py
[2025-02-15 14:08:30,481] {scheduler_job.py:633} INFO - Processing file /home/airflow/.local/lib/python3.6/site-packages/airflow/example_dags/example_latest_only_with_trigger.py for tasks to queue
[2025-02-15 14:08:30,483] {logging_mixin.py:104} INFO - [2025-02-15 14:08:30,483] {dagbag.py:496} INFO - Filling up the DagBag from /home/airflow/.local/lib/python3.6/site-packages/airflow/example_dags/example_latest_only_with_trigger.py
[2025-02-15 14:08:30,505] {scheduler_job.py:643} INFO - DAG(s) dict_keys(['latest_only_with_trigger']) retrieved from /home/airflow/.local/lib/python3.6/site-packages/airflow/example_dags/example_latest_only_with_trigger.py
[2025-02-15 14:08:30,541] {logging_mixin.py:104} INFO - [2025-02-15 14:08:30,541] {dag.py:1833} INFO - Sync 1 DAGs
[2025-02-15 14:08:30,568] {logging_mixin.py:104} INFO - [2025-02-15 14:08:30,567] {dag.py:2306} INFO - Setting next_dagrun for latest_only_with_trigger to 2025-02-13 00:00:00+00:00
[2025-02-15 14:08:30,584] {scheduler_job.py:190} INFO - Processing /home/airflow/.local/lib/python3.6/site-packages/airflow/example_dags/example_latest_only_with_trigger.py took 0.111 seconds
[2025-02-15 14:09:00,646] {scheduler_job.py:182} INFO - Started process (PID=553) to work on /home/airflow/.local/lib/python3.6/site-packages/airflow/example_dags/example_latest_only_with_trigger.py
[2025-02-15 14:09:00,647] {scheduler_job.py:633} INFO - Processing file /home/airflow/.local/lib/python3.6/site-packages/airflow/example_dags/example_latest_only_with_trigger.py for tasks to queue
[2025-02-15 14:09:00,648] {logging_mixin.py:104} INFO - [2025-02-15 14:09:00,647] {dagbag.py:496} INFO - Filling up the DagBag from /home/airflow/.local/lib/python3.6/site-packages/airflow/example_dags/example_latest_only_with_trigger.py
[2025-02-15 14:09:00,660] {scheduler_job.py:643} INFO - DAG(s) dict_keys(['latest_only_with_trigger']) retrieved from /home/airflow/.local/lib/python3.6/site-packages/airflow/example_dags/example_latest_only_with_trigger.py
[2025-02-15 14:09:00,687] {logging_mixin.py:104} INFO - [2025-02-15 14:09:00,687] {dag.py:1833} INFO - Sync 1 DAGs
[2025-02-15 14:09:00,704] {logging_mixin.py:104} INFO - [2025-02-15 14:09:00,704] {dag.py:2306} INFO - Setting next_dagrun for latest_only_with_trigger to 2025-02-13 00:00:00+00:00
[2025-02-15 14:09:00,719] {scheduler_job.py:190} INFO - Processing /home/airflow/.local/lib/python3.6/site-packages/airflow/example_dags/example_latest_only_with_trigger.py took 0.077 seconds
[2025-02-15 14:09:31,524] {scheduler_job.py:182} INFO - Started process (PID=615) to work on /home/airflow/.local/lib/python3.6/site-packages/airflow/example_dags/example_latest_only_with_trigger.py
[2025-02-15 14:09:31,525] {scheduler_job.py:633} INFO - Processing file /home/airflow/.local/lib/python3.6/site-packages/airflow/example_dags/example_latest_only_with_trigger.py for tasks to queue
[2025-02-15 14:09:31,526] {logging_mixin.py:104} INFO - [2025-02-15 14:09:31,526] {dagbag.py:496} INFO - Filling up the DagBag from /home/airflow/.local/lib/python3.6/site-packages/airflow/example_dags/example_latest_only_with_trigger.py
[2025-02-15 14:09:31,539] {scheduler_job.py:643} INFO - DAG(s) dict_keys(['latest_only_with_trigger']) retrieved from /home/airflow/.local/lib/python3.6/site-packages/airflow/example_dags/example_latest_only_with_trigger.py
[2025-02-15 14:09:31,567] {logging_mixin.py:104} INFO - [2025-02-15 14:09:31,567] {dag.py:1833} INFO - Sync 1 DAGs
[2025-02-15 14:09:31,586] {logging_mixin.py:104} INFO - [2025-02-15 14:09:31,586] {dag.py:2306} INFO - Setting next_dagrun for latest_only_with_trigger to 2025-02-13 00:00:00+00:00
[2025-02-15 14:09:31,605] {scheduler_job.py:190} INFO - Processing /home/airflow/.local/lib/python3.6/site-packages/airflow/example_dags/example_latest_only_with_trigger.py took 0.084 seconds
[2025-02-15 14:10:02,407] {scheduler_job.py:182} INFO - Started process (PID=666) to work on /home/airflow/.local/lib/python3.6/site-packages/airflow/example_dags/example_latest_only_with_trigger.py
[2025-02-15 14:10:02,411] {scheduler_job.py:633} INFO - Processing file /home/airflow/.local/lib/python3.6/site-packages/airflow/example_dags/example_latest_only_with_trigger.py for tasks to queue
[2025-02-15 14:10:02,414] {logging_mixin.py:104} INFO - [2025-02-15 14:10:02,413] {dagbag.py:496} INFO - Filling up the DagBag from /home/airflow/.local/lib/python3.6/site-packages/airflow/example_dags/example_latest_only_with_trigger.py
[2025-02-15 14:10:02,480] {scheduler_job.py:643} INFO - DAG(s) dict_keys(['latest_only_with_trigger']) retrieved from /home/airflow/.local/lib/python3.6/site-packages/airflow/example_dags/example_latest_only_with_trigger.py
[2025-02-15 14:10:02,663] {logging_mixin.py:104} INFO - [2025-02-15 14:10:02,663] {dag.py:1833} INFO - Sync 1 DAGs
[2025-02-15 14:10:02,762] {logging_mixin.py:104} INFO - [2025-02-15 14:10:02,759] {dag.py:2306} INFO - Setting next_dagrun for latest_only_with_trigger to 2025-02-13 00:00:00+00:00
[2025-02-15 14:10:02,805] {scheduler_job.py:190} INFO - Processing /home/airflow/.local/lib/python3.6/site-packages/airflow/example_dags/example_latest_only_with_trigger.py took 0.415 seconds
[2025-02-15 14:10:33,213] {scheduler_job.py:182} INFO - Started process (PID=728) to work on /home/airflow/.local/lib/python3.6/site-packages/airflow/example_dags/example_latest_only_with_trigger.py
[2025-02-15 14:10:33,217] {scheduler_job.py:633} INFO - Processing file /home/airflow/.local/lib/python3.6/site-packages/airflow/example_dags/example_latest_only_with_trigger.py for tasks to queue
[2025-02-15 14:10:33,220] {logging_mixin.py:104} INFO - [2025-02-15 14:10:33,219] {dagbag.py:496} INFO - Filling up the DagBag from /home/airflow/.local/lib/python3.6/site-packages/airflow/example_dags/example_latest_only_with_trigger.py
[2025-02-15 14:10:33,254] {scheduler_job.py:643} INFO - DAG(s) dict_keys(['latest_only_with_trigger']) retrieved from /home/airflow/.local/lib/python3.6/site-packages/airflow/example_dags/example_latest_only_with_trigger.py
[2025-02-15 14:10:33,317] {logging_mixin.py:104} INFO - [2025-02-15 14:10:33,317] {dag.py:1833} INFO - Sync 1 DAGs
[2025-02-15 14:10:33,367] {logging_mixin.py:104} INFO - [2025-02-15 14:10:33,367] {dag.py:2306} INFO - Setting next_dagrun for latest_only_with_trigger to 2025-02-13 00:00:00+00:00
[2025-02-15 14:10:33,394] {scheduler_job.py:190} INFO - Processing /home/airflow/.local/lib/python3.6/site-packages/airflow/example_dags/example_latest_only_with_trigger.py took 0.193 seconds
[2025-02-15 14:11:03,614] {scheduler_job.py:182} INFO - Started process (PID=780) to work on /home/airflow/.local/lib/python3.6/site-packages/airflow/example_dags/example_latest_only_with_trigger.py
[2025-02-15 14:11:03,616] {scheduler_job.py:633} INFO - Processing file /home/airflow/.local/lib/python3.6/site-packages/airflow/example_dags/example_latest_only_with_trigger.py for tasks to queue
[2025-02-15 14:11:03,618] {logging_mixin.py:104} INFO - [2025-02-15 14:11:03,618] {dagbag.py:496} INFO - Filling up the DagBag from /home/airflow/.local/lib/python3.6/site-packages/airflow/example_dags/example_latest_only_with_trigger.py
[2025-02-15 14:11:03,650] {scheduler_job.py:643} INFO - DAG(s) dict_keys(['latest_only_with_trigger']) retrieved from /home/airflow/.local/lib/python3.6/site-packages/airflow/example_dags/example_latest_only_with_trigger.py
[2025-02-15 14:11:03,724] {logging_mixin.py:104} INFO - [2025-02-15 14:11:03,724] {dag.py:1833} INFO - Sync 1 DAGs
[2025-02-15 14:11:03,767] {logging_mixin.py:104} INFO - [2025-02-15 14:11:03,767] {dag.py:2306} INFO - Setting next_dagrun for latest_only_with_trigger to 2025-02-13 00:00:00+00:00
[2025-02-15 14:11:03,787] {scheduler_job.py:190} INFO - Processing /home/airflow/.local/lib/python3.6/site-packages/airflow/example_dags/example_latest_only_with_trigger.py took 0.182 seconds
[2025-02-15 14:11:34,178] {scheduler_job.py:182} INFO - Started process (PID=842) to work on /home/airflow/.local/lib/python3.6/site-packages/airflow/example_dags/example_latest_only_with_trigger.py
[2025-02-15 14:11:34,179] {scheduler_job.py:633} INFO - Processing file /home/airflow/.local/lib/python3.6/site-packages/airflow/example_dags/example_latest_only_with_trigger.py for tasks to queue
[2025-02-15 14:11:34,179] {logging_mixin.py:104} INFO - [2025-02-15 14:11:34,179] {dagbag.py:496} INFO - Filling up the DagBag from /home/airflow/.local/lib/python3.6/site-packages/airflow/example_dags/example_latest_only_with_trigger.py
[2025-02-15 14:11:34,193] {scheduler_job.py:643} INFO - DAG(s) dict_keys(['latest_only_with_trigger']) retrieved from /home/airflow/.local/lib/python3.6/site-packages/airflow/example_dags/example_latest_only_with_trigger.py
[2025-02-15 14:11:34,221] {logging_mixin.py:104} INFO - [2025-02-15 14:11:34,221] {dag.py:1833} INFO - Sync 1 DAGs
[2025-02-15 14:11:34,238] {logging_mixin.py:104} INFO - [2025-02-15 14:11:34,238] {dag.py:2306} INFO - Setting next_dagrun for latest_only_with_trigger to 2025-02-13 00:00:00+00:00
[2025-02-15 14:11:34,255] {scheduler_job.py:190} INFO - Processing /home/airflow/.local/lib/python3.6/site-packages/airflow/example_dags/example_latest_only_with_trigger.py took 0.081 seconds
[2025-02-15 14:12:04,327] {scheduler_job.py:182} INFO - Started process (PID=895) to work on /home/airflow/.local/lib/python3.6/site-packages/airflow/example_dags/example_latest_only_with_trigger.py
[2025-02-15 14:12:04,329] {scheduler_job.py:633} INFO - Processing file /home/airflow/.local/lib/python3.6/site-packages/airflow/example_dags/example_latest_only_with_trigger.py for tasks to queue
[2025-02-15 14:12:04,330] {logging_mixin.py:104} INFO - [2025-02-15 14:12:04,330] {dagbag.py:496} INFO - Filling up the DagBag from /home/airflow/.local/lib/python3.6/site-packages/airflow/example_dags/example_latest_only_with_trigger.py
[2025-02-15 14:12:04,344] {scheduler_job.py:643} INFO - DAG(s) dict_keys(['latest_only_with_trigger']) retrieved from /home/airflow/.local/lib/python3.6/site-packages/airflow/example_dags/example_latest_only_with_trigger.py
[2025-02-15 14:12:04,374] {logging_mixin.py:104} INFO - [2025-02-15 14:12:04,374] {dag.py:1833} INFO - Sync 1 DAGs
[2025-02-15 14:12:04,392] {logging_mixin.py:104} INFO - [2025-02-15 14:12:04,392] {dag.py:2306} INFO - Setting next_dagrun for latest_only_with_trigger to 2025-02-13 00:00:00+00:00
[2025-02-15 14:12:04,406] {scheduler_job.py:190} INFO - Processing /home/airflow/.local/lib/python3.6/site-packages/airflow/example_dags/example_latest_only_with_trigger.py took 0.083 seconds
[2025-02-15 14:12:35,104] {scheduler_job.py:182} INFO - Started process (PID=957) to work on /home/airflow/.local/lib/python3.6/site-packages/airflow/example_dags/example_latest_only_with_trigger.py
[2025-02-15 14:12:35,105] {scheduler_job.py:633} INFO - Processing file /home/airflow/.local/lib/python3.6/site-packages/airflow/example_dags/example_latest_only_with_trigger.py for tasks to queue
[2025-02-15 14:12:35,106] {logging_mixin.py:104} INFO - [2025-02-15 14:12:35,106] {dagbag.py:496} INFO - Filling up the DagBag from /home/airflow/.local/lib/python3.6/site-packages/airflow/example_dags/example_latest_only_with_trigger.py
[2025-02-15 14:12:35,126] {scheduler_job.py:643} INFO - DAG(s) dict_keys(['latest_only_with_trigger']) retrieved from /home/airflow/.local/lib/python3.6/site-packages/airflow/example_dags/example_latest_only_with_trigger.py
[2025-02-15 14:12:35,160] {logging_mixin.py:104} INFO - [2025-02-15 14:12:35,159] {dag.py:1833} INFO - Sync 1 DAGs
[2025-02-15 14:12:35,184] {logging_mixin.py:104} INFO - [2025-02-15 14:12:35,184] {dag.py:2306} INFO - Setting next_dagrun for latest_only_with_trigger to 2025-02-13 00:00:00+00:00
[2025-02-15 14:12:35,208] {scheduler_job.py:190} INFO - Processing /home/airflow/.local/lib/python3.6/site-packages/airflow/example_dags/example_latest_only_with_trigger.py took 0.111 seconds
[2025-02-15 14:13:05,666] {scheduler_job.py:182} INFO - Started process (PID=1009) to work on /home/airflow/.local/lib/python3.6/site-packages/airflow/example_dags/example_latest_only_with_trigger.py
[2025-02-15 14:13:05,667] {scheduler_job.py:633} INFO - Processing file /home/airflow/.local/lib/python3.6/site-packages/airflow/example_dags/example_latest_only_with_trigger.py for tasks to queue
[2025-02-15 14:13:05,668] {logging_mixin.py:104} INFO - [2025-02-15 14:13:05,668] {dagbag.py:496} INFO - Filling up the DagBag from /home/airflow/.local/lib/python3.6/site-packages/airflow/example_dags/example_latest_only_with_trigger.py
[2025-02-15 14:13:05,682] {scheduler_job.py:643} INFO - DAG(s) dict_keys(['latest_only_with_trigger']) retrieved from /home/airflow/.local/lib/python3.6/site-packages/airflow/example_dags/example_latest_only_with_trigger.py
[2025-02-15 14:13:05,711] {logging_mixin.py:104} INFO - [2025-02-15 14:13:05,710] {dag.py:1833} INFO - Sync 1 DAGs
[2025-02-15 14:13:05,733] {logging_mixin.py:104} INFO - [2025-02-15 14:13:05,732] {dag.py:2306} INFO - Setting next_dagrun for latest_only_with_trigger to 2025-02-13 00:00:00+00:00
[2025-02-15 14:13:05,755] {scheduler_job.py:190} INFO - Processing /home/airflow/.local/lib/python3.6/site-packages/airflow/example_dags/example_latest_only_with_trigger.py took 0.093 seconds
[2025-02-15 14:13:35,990] {scheduler_job.py:182} INFO - Started process (PID=1070) to work on /home/airflow/.local/lib/python3.6/site-packages/airflow/example_dags/example_latest_only_with_trigger.py
[2025-02-15 14:13:35,992] {scheduler_job.py:633} INFO - Processing file /home/airflow/.local/lib/python3.6/site-packages/airflow/example_dags/example_latest_only_with_trigger.py for tasks to queue
[2025-02-15 14:13:35,994] {logging_mixin.py:104} INFO - [2025-02-15 14:13:35,994] {dagbag.py:496} INFO - Filling up the DagBag from /home/airflow/.local/lib/python3.6/site-packages/airflow/example_dags/example_latest_only_with_trigger.py
[2025-02-15 14:13:36,024] {scheduler_job.py:643} INFO - DAG(s) dict_keys(['latest_only_with_trigger']) retrieved from /home/airflow/.local/lib/python3.6/site-packages/airflow/example_dags/example_latest_only_with_trigger.py
[2025-02-15 14:13:36,109] {logging_mixin.py:104} INFO - [2025-02-15 14:13:36,109] {dag.py:1833} INFO - Sync 1 DAGs
[2025-02-15 14:13:36,161] {logging_mixin.py:104} INFO - [2025-02-15 14:13:36,160] {dag.py:2306} INFO - Setting next_dagrun for latest_only_with_trigger to 2025-02-13 00:00:00+00:00
[2025-02-15 14:13:36,202] {scheduler_job.py:190} INFO - Processing /home/airflow/.local/lib/python3.6/site-packages/airflow/example_dags/example_latest_only_with_trigger.py took 0.218 seconds
[2025-02-15 14:15:11,653] {scheduler_job.py:182} INFO - Started process (PID=79) to work on /home/airflow/.local/lib/python3.6/site-packages/airflow/example_dags/example_latest_only_with_trigger.py
[2025-02-15 14:15:11,657] {scheduler_job.py:633} INFO - Processing file /home/airflow/.local/lib/python3.6/site-packages/airflow/example_dags/example_latest_only_with_trigger.py for tasks to queue
[2025-02-15 14:15:11,660] {logging_mixin.py:104} INFO - [2025-02-15 14:15:11,660] {dagbag.py:496} INFO - Filling up the DagBag from /home/airflow/.local/lib/python3.6/site-packages/airflow/example_dags/example_latest_only_with_trigger.py
[2025-02-15 14:15:11,705] {scheduler_job.py:643} INFO - DAG(s) dict_keys(['latest_only_with_trigger']) retrieved from /home/airflow/.local/lib/python3.6/site-packages/airflow/example_dags/example_latest_only_with_trigger.py
[2025-02-15 14:15:11,836] {logging_mixin.py:104} INFO - [2025-02-15 14:15:11,836] {dag.py:1833} INFO - Sync 1 DAGs
[2025-02-15 14:15:11,930] {logging_mixin.py:104} INFO - [2025-02-15 14:15:11,929] {dag.py:2306} INFO - Setting next_dagrun for latest_only_with_trigger to 2025-02-13 00:00:00+00:00
[2025-02-15 14:15:12,043] {scheduler_job.py:190} INFO - Processing /home/airflow/.local/lib/python3.6/site-packages/airflow/example_dags/example_latest_only_with_trigger.py took 0.402 seconds
[2025-02-15 14:15:47,411] {scheduler_job.py:182} INFO - Started process (PID=131) to work on /home/airflow/.local/lib/python3.6/site-packages/airflow/example_dags/example_latest_only_with_trigger.py
[2025-02-15 14:15:47,414] {scheduler_job.py:633} INFO - Processing file /home/airflow/.local/lib/python3.6/site-packages/airflow/example_dags/example_latest_only_with_trigger.py for tasks to queue
[2025-02-15 14:15:47,416] {logging_mixin.py:104} INFO - [2025-02-15 14:15:47,416] {dagbag.py:496} INFO - Filling up the DagBag from /home/airflow/.local/lib/python3.6/site-packages/airflow/example_dags/example_latest_only_with_trigger.py
[2025-02-15 14:15:47,452] {scheduler_job.py:643} INFO - DAG(s) dict_keys(['latest_only_with_trigger']) retrieved from /home/airflow/.local/lib/python3.6/site-packages/airflow/example_dags/example_latest_only_with_trigger.py
[2025-02-15 14:15:47,521] {logging_mixin.py:104} INFO - [2025-02-15 14:15:47,520] {dag.py:1833} INFO - Sync 1 DAGs
[2025-02-15 14:15:47,573] {logging_mixin.py:104} INFO - [2025-02-15 14:15:47,572] {dag.py:2306} INFO - Setting next_dagrun for latest_only_with_trigger to 2025-02-13 00:00:00+00:00
[2025-02-15 14:15:47,612] {scheduler_job.py:190} INFO - Processing /home/airflow/.local/lib/python3.6/site-packages/airflow/example_dags/example_latest_only_with_trigger.py took 0.210 seconds
[2025-02-15 14:21:19,350] {scheduler_job.py:182} INFO - Started process (PID=185) to work on /home/airflow/.local/lib/python3.6/site-packages/airflow/example_dags/example_latest_only_with_trigger.py
[2025-02-15 14:21:19,361] {scheduler_job.py:633} INFO - Processing file /home/airflow/.local/lib/python3.6/site-packages/airflow/example_dags/example_latest_only_with_trigger.py for tasks to queue
[2025-02-15 14:21:19,363] {logging_mixin.py:104} INFO - [2025-02-15 14:21:19,362] {dagbag.py:496} INFO - Filling up the DagBag from /home/airflow/.local/lib/python3.6/site-packages/airflow/example_dags/example_latest_only_with_trigger.py
[2025-02-15 14:21:19,440] {scheduler_job.py:643} INFO - DAG(s) dict_keys(['latest_only_with_trigger']) retrieved from /home/airflow/.local/lib/python3.6/site-packages/airflow/example_dags/example_latest_only_with_trigger.py
[2025-02-15 14:21:19,597] {logging_mixin.py:104} INFO - [2025-02-15 14:21:19,596] {dag.py:1833} INFO - Sync 1 DAGs
[2025-02-15 14:21:19,653] {logging_mixin.py:104} INFO - [2025-02-15 14:21:19,652] {dag.py:2306} INFO - Setting next_dagrun for latest_only_with_trigger to 2025-02-13 00:00:00+00:00
[2025-02-15 14:21:19,723] {scheduler_job.py:190} INFO - Processing /home/airflow/.local/lib/python3.6/site-packages/airflow/example_dags/example_latest_only_with_trigger.py took 0.403 seconds
[2025-02-15 14:21:50,823] {scheduler_job.py:182} INFO - Started process (PID=228) to work on /home/airflow/.local/lib/python3.6/site-packages/airflow/example_dags/example_latest_only_with_trigger.py
[2025-02-15 14:21:50,833] {scheduler_job.py:633} INFO - Processing file /home/airflow/.local/lib/python3.6/site-packages/airflow/example_dags/example_latest_only_with_trigger.py for tasks to queue
[2025-02-15 14:21:50,837] {logging_mixin.py:104} INFO - [2025-02-15 14:21:50,836] {dagbag.py:496} INFO - Filling up the DagBag from /home/airflow/.local/lib/python3.6/site-packages/airflow/example_dags/example_latest_only_with_trigger.py
[2025-02-15 14:21:50,908] {scheduler_job.py:643} INFO - DAG(s) dict_keys(['latest_only_with_trigger']) retrieved from /home/airflow/.local/lib/python3.6/site-packages/airflow/example_dags/example_latest_only_with_trigger.py
[2025-02-15 14:21:51,079] {logging_mixin.py:104} INFO - [2025-02-15 14:21:51,079] {dag.py:1833} INFO - Sync 1 DAGs
[2025-02-15 14:21:51,179] {logging_mixin.py:104} INFO - [2025-02-15 14:21:51,178] {dag.py:2306} INFO - Setting next_dagrun for latest_only_with_trigger to 2025-02-13 00:00:00+00:00
[2025-02-15 14:21:51,273] {scheduler_job.py:190} INFO - Processing /home/airflow/.local/lib/python3.6/site-packages/airflow/example_dags/example_latest_only_with_trigger.py took 0.481 seconds
[2025-02-15 14:22:21,989] {scheduler_job.py:182} INFO - Started process (PID=279) to work on /home/airflow/.local/lib/python3.6/site-packages/airflow/example_dags/example_latest_only_with_trigger.py
[2025-02-15 14:22:21,992] {scheduler_job.py:633} INFO - Processing file /home/airflow/.local/lib/python3.6/site-packages/airflow/example_dags/example_latest_only_with_trigger.py for tasks to queue
[2025-02-15 14:22:21,994] {logging_mixin.py:104} INFO - [2025-02-15 14:22:21,994] {dagbag.py:496} INFO - Filling up the DagBag from /home/airflow/.local/lib/python3.6/site-packages/airflow/example_dags/example_latest_only_with_trigger.py
[2025-02-15 14:22:22,044] {scheduler_job.py:643} INFO - DAG(s) dict_keys(['latest_only_with_trigger']) retrieved from /home/airflow/.local/lib/python3.6/site-packages/airflow/example_dags/example_latest_only_with_trigger.py
[2025-02-15 14:22:22,131] {logging_mixin.py:104} INFO - [2025-02-15 14:22:22,130] {dag.py:1833} INFO - Sync 1 DAGs
[2025-02-15 14:22:22,171] {logging_mixin.py:104} INFO - [2025-02-15 14:22:22,171] {dag.py:2306} INFO - Setting next_dagrun for latest_only_with_trigger to 2025-02-13 00:00:00+00:00
[2025-02-15 14:22:22,211] {scheduler_job.py:190} INFO - Processing /home/airflow/.local/lib/python3.6/site-packages/airflow/example_dags/example_latest_only_with_trigger.py took 0.229 seconds
[2025-02-15 14:22:53,021] {scheduler_job.py:182} INFO - Started process (PID=331) to work on /home/airflow/.local/lib/python3.6/site-packages/airflow/example_dags/example_latest_only_with_trigger.py
[2025-02-15 14:22:53,022] {scheduler_job.py:633} INFO - Processing file /home/airflow/.local/lib/python3.6/site-packages/airflow/example_dags/example_latest_only_with_trigger.py for tasks to queue
[2025-02-15 14:22:53,023] {logging_mixin.py:104} INFO - [2025-02-15 14:22:53,023] {dagbag.py:496} INFO - Filling up the DagBag from /home/airflow/.local/lib/python3.6/site-packages/airflow/example_dags/example_latest_only_with_trigger.py
[2025-02-15 14:22:53,042] {scheduler_job.py:643} INFO - DAG(s) dict_keys(['latest_only_with_trigger']) retrieved from /home/airflow/.local/lib/python3.6/site-packages/airflow/example_dags/example_latest_only_with_trigger.py
[2025-02-15 14:22:53,083] {logging_mixin.py:104} INFO - [2025-02-15 14:22:53,082] {dag.py:1833} INFO - Sync 1 DAGs
[2025-02-15 14:22:53,102] {logging_mixin.py:104} INFO - [2025-02-15 14:22:53,102] {dag.py:2306} INFO - Setting next_dagrun for latest_only_with_trigger to 2025-02-13 00:00:00+00:00
[2025-02-15 14:22:53,125] {scheduler_job.py:190} INFO - Processing /home/airflow/.local/lib/python3.6/site-packages/airflow/example_dags/example_latest_only_with_trigger.py took 0.110 seconds
[2025-02-15 14:25:10,723] {scheduler_job.py:182} INFO - Started process (PID=78) to work on /home/airflow/.local/lib/python3.6/site-packages/airflow/example_dags/example_latest_only_with_trigger.py
[2025-02-15 14:25:10,728] {scheduler_job.py:633} INFO - Processing file /home/airflow/.local/lib/python3.6/site-packages/airflow/example_dags/example_latest_only_with_trigger.py for tasks to queue
[2025-02-15 14:25:10,730] {logging_mixin.py:104} INFO - [2025-02-15 14:25:10,729] {dagbag.py:496} INFO - Filling up the DagBag from /home/airflow/.local/lib/python3.6/site-packages/airflow/example_dags/example_latest_only_with_trigger.py
[2025-02-15 14:25:10,778] {scheduler_job.py:643} INFO - DAG(s) dict_keys(['latest_only_with_trigger']) retrieved from /home/airflow/.local/lib/python3.6/site-packages/airflow/example_dags/example_latest_only_with_trigger.py
[2025-02-15 14:25:10,843] {logging_mixin.py:104} INFO - [2025-02-15 14:25:10,842] {dag.py:1833} INFO - Sync 1 DAGs
[2025-02-15 14:25:10,939] {logging_mixin.py:104} INFO - [2025-02-15 14:25:10,939] {dag.py:2306} INFO - Setting next_dagrun for latest_only_with_trigger to 2025-02-13 00:00:00+00:00
[2025-02-15 14:25:10,967] {scheduler_job.py:190} INFO - Processing /home/airflow/.local/lib/python3.6/site-packages/airflow/example_dags/example_latest_only_with_trigger.py took 0.253 seconds
[2025-02-15 14:25:42,260] {scheduler_job.py:182} INFO - Started process (PID=131) to work on /home/airflow/.local/lib/python3.6/site-packages/airflow/example_dags/example_latest_only_with_trigger.py
[2025-02-15 14:25:42,269] {scheduler_job.py:633} INFO - Processing file /home/airflow/.local/lib/python3.6/site-packages/airflow/example_dags/example_latest_only_with_trigger.py for tasks to queue
[2025-02-15 14:25:42,281] {logging_mixin.py:104} INFO - [2025-02-15 14:25:42,281] {dagbag.py:496} INFO - Filling up the DagBag from /home/airflow/.local/lib/python3.6/site-packages/airflow/example_dags/example_latest_only_with_trigger.py
[2025-02-15 14:25:42,352] {scheduler_job.py:643} INFO - DAG(s) dict_keys(['latest_only_with_trigger']) retrieved from /home/airflow/.local/lib/python3.6/site-packages/airflow/example_dags/example_latest_only_with_trigger.py
[2025-02-15 14:25:42,430] {logging_mixin.py:104} INFO - [2025-02-15 14:25:42,429] {dag.py:1833} INFO - Sync 1 DAGs
[2025-02-15 14:25:42,480] {logging_mixin.py:104} INFO - [2025-02-15 14:25:42,479] {dag.py:2306} INFO - Setting next_dagrun for latest_only_with_trigger to 2025-02-13 00:00:00+00:00
[2025-02-15 14:25:42,517] {scheduler_job.py:190} INFO - Processing /home/airflow/.local/lib/python3.6/site-packages/airflow/example_dags/example_latest_only_with_trigger.py took 0.278 seconds
[2025-02-15 14:26:13,310] {scheduler_job.py:182} INFO - Started process (PID=183) to work on /home/airflow/.local/lib/python3.6/site-packages/airflow/example_dags/example_latest_only_with_trigger.py
[2025-02-15 14:26:13,312] {scheduler_job.py:633} INFO - Processing file /home/airflow/.local/lib/python3.6/site-packages/airflow/example_dags/example_latest_only_with_trigger.py for tasks to queue
[2025-02-15 14:26:13,313] {logging_mixin.py:104} INFO - [2025-02-15 14:26:13,313] {dagbag.py:496} INFO - Filling up the DagBag from /home/airflow/.local/lib/python3.6/site-packages/airflow/example_dags/example_latest_only_with_trigger.py
[2025-02-15 14:26:13,326] {scheduler_job.py:643} INFO - DAG(s) dict_keys(['latest_only_with_trigger']) retrieved from /home/airflow/.local/lib/python3.6/site-packages/airflow/example_dags/example_latest_only_with_trigger.py
[2025-02-15 14:26:13,362] {logging_mixin.py:104} INFO - [2025-02-15 14:26:13,362] {dag.py:1833} INFO - Sync 1 DAGs
[2025-02-15 14:26:13,380] {logging_mixin.py:104} INFO - [2025-02-15 14:26:13,380] {dag.py:2306} INFO - Setting next_dagrun for latest_only_with_trigger to 2025-02-13 00:00:00+00:00
[2025-02-15 14:26:13,393] {scheduler_job.py:190} INFO - Processing /home/airflow/.local/lib/python3.6/site-packages/airflow/example_dags/example_latest_only_with_trigger.py took 0.088 seconds
[2025-02-15 14:26:43,613] {scheduler_job.py:182} INFO - Started process (PID=244) to work on /home/airflow/.local/lib/python3.6/site-packages/airflow/example_dags/example_latest_only_with_trigger.py
[2025-02-15 14:26:43,618] {scheduler_job.py:633} INFO - Processing file /home/airflow/.local/lib/python3.6/site-packages/airflow/example_dags/example_latest_only_with_trigger.py for tasks to queue
[2025-02-15 14:26:43,619] {logging_mixin.py:104} INFO - [2025-02-15 14:26:43,619] {dagbag.py:496} INFO - Filling up the DagBag from /home/airflow/.local/lib/python3.6/site-packages/airflow/example_dags/example_latest_only_with_trigger.py
[2025-02-15 14:26:43,647] {scheduler_job.py:643} INFO - DAG(s) dict_keys(['latest_only_with_trigger']) retrieved from /home/airflow/.local/lib/python3.6/site-packages/airflow/example_dags/example_latest_only_with_trigger.py
[2025-02-15 14:26:43,705] {logging_mixin.py:104} INFO - [2025-02-15 14:26:43,704] {dag.py:1833} INFO - Sync 1 DAGs
[2025-02-15 14:26:43,733] {logging_mixin.py:104} INFO - [2025-02-15 14:26:43,732] {dag.py:2306} INFO - Setting next_dagrun for latest_only_with_trigger to 2025-02-13 00:00:00+00:00
[2025-02-15 14:26:43,749] {scheduler_job.py:190} INFO - Processing /home/airflow/.local/lib/python3.6/site-packages/airflow/example_dags/example_latest_only_with_trigger.py took 0.142 seconds
[2025-02-15 14:27:14,238] {scheduler_job.py:182} INFO - Started process (PID=296) to work on /home/airflow/.local/lib/python3.6/site-packages/airflow/example_dags/example_latest_only_with_trigger.py
[2025-02-15 14:27:14,240] {scheduler_job.py:633} INFO - Processing file /home/airflow/.local/lib/python3.6/site-packages/airflow/example_dags/example_latest_only_with_trigger.py for tasks to queue
[2025-02-15 14:27:14,241] {logging_mixin.py:104} INFO - [2025-02-15 14:27:14,241] {dagbag.py:496} INFO - Filling up the DagBag from /home/airflow/.local/lib/python3.6/site-packages/airflow/example_dags/example_latest_only_with_trigger.py
[2025-02-15 14:27:14,254] {scheduler_job.py:643} INFO - DAG(s) dict_keys(['latest_only_with_trigger']) retrieved from /home/airflow/.local/lib/python3.6/site-packages/airflow/example_dags/example_latest_only_with_trigger.py
[2025-02-15 14:27:14,283] {logging_mixin.py:104} INFO - [2025-02-15 14:27:14,283] {dag.py:1833} INFO - Sync 1 DAGs
[2025-02-15 14:27:14,300] {logging_mixin.py:104} INFO - [2025-02-15 14:27:14,300] {dag.py:2306} INFO - Setting next_dagrun for latest_only_with_trigger to 2025-02-13 00:00:00+00:00
[2025-02-15 14:27:14,315] {scheduler_job.py:190} INFO - Processing /home/airflow/.local/lib/python3.6/site-packages/airflow/example_dags/example_latest_only_with_trigger.py took 0.083 seconds
[2025-02-15 14:27:45,047] {scheduler_job.py:182} INFO - Started process (PID=359) to work on /home/airflow/.local/lib/python3.6/site-packages/airflow/example_dags/example_latest_only_with_trigger.py
[2025-02-15 14:27:45,048] {scheduler_job.py:633} INFO - Processing file /home/airflow/.local/lib/python3.6/site-packages/airflow/example_dags/example_latest_only_with_trigger.py for tasks to queue
[2025-02-15 14:27:45,049] {logging_mixin.py:104} INFO - [2025-02-15 14:27:45,049] {dagbag.py:496} INFO - Filling up the DagBag from /home/airflow/.local/lib/python3.6/site-packages/airflow/example_dags/example_latest_only_with_trigger.py
[2025-02-15 14:27:45,061] {scheduler_job.py:643} INFO - DAG(s) dict_keys(['latest_only_with_trigger']) retrieved from /home/airflow/.local/lib/python3.6/site-packages/airflow/example_dags/example_latest_only_with_trigger.py
[2025-02-15 14:27:45,086] {logging_mixin.py:104} INFO - [2025-02-15 14:27:45,086] {dag.py:1833} INFO - Sync 1 DAGs
[2025-02-15 14:27:45,102] {logging_mixin.py:104} INFO - [2025-02-15 14:27:45,102] {dag.py:2306} INFO - Setting next_dagrun for latest_only_with_trigger to 2025-02-13 00:00:00+00:00
[2025-02-15 14:27:45,117] {scheduler_job.py:190} INFO - Processing /home/airflow/.local/lib/python3.6/site-packages/airflow/example_dags/example_latest_only_with_trigger.py took 0.074 seconds
[2025-02-15 14:28:16,105] {scheduler_job.py:182} INFO - Started process (PID=411) to work on /home/airflow/.local/lib/python3.6/site-packages/airflow/example_dags/example_latest_only_with_trigger.py
[2025-02-15 14:28:16,106] {scheduler_job.py:633} INFO - Processing file /home/airflow/.local/lib/python3.6/site-packages/airflow/example_dags/example_latest_only_with_trigger.py for tasks to queue
[2025-02-15 14:28:16,107] {logging_mixin.py:104} INFO - [2025-02-15 14:28:16,107] {dagbag.py:496} INFO - Filling up the DagBag from /home/airflow/.local/lib/python3.6/site-packages/airflow/example_dags/example_latest_only_with_trigger.py
[2025-02-15 14:28:16,123] {scheduler_job.py:643} INFO - DAG(s) dict_keys(['latest_only_with_trigger']) retrieved from /home/airflow/.local/lib/python3.6/site-packages/airflow/example_dags/example_latest_only_with_trigger.py
[2025-02-15 14:28:16,157] {logging_mixin.py:104} INFO - [2025-02-15 14:28:16,157] {dag.py:1833} INFO - Sync 1 DAGs
[2025-02-15 14:28:16,176] {logging_mixin.py:104} INFO - [2025-02-15 14:28:16,176] {dag.py:2306} INFO - Setting next_dagrun for latest_only_with_trigger to 2025-02-13 00:00:00+00:00
[2025-02-15 14:28:16,188] {scheduler_job.py:190} INFO - Processing /home/airflow/.local/lib/python3.6/site-packages/airflow/example_dags/example_latest_only_with_trigger.py took 0.088 seconds
[2025-02-15 14:28:47,046] {scheduler_job.py:182} INFO - Started process (PID=473) to work on /home/airflow/.local/lib/python3.6/site-packages/airflow/example_dags/example_latest_only_with_trigger.py
[2025-02-15 14:28:47,047] {scheduler_job.py:633} INFO - Processing file /home/airflow/.local/lib/python3.6/site-packages/airflow/example_dags/example_latest_only_with_trigger.py for tasks to queue
[2025-02-15 14:28:47,048] {logging_mixin.py:104} INFO - [2025-02-15 14:28:47,048] {dagbag.py:496} INFO - Filling up the DagBag from /home/airflow/.local/lib/python3.6/site-packages/airflow/example_dags/example_latest_only_with_trigger.py
[2025-02-15 14:28:47,059] {scheduler_job.py:643} INFO - DAG(s) dict_keys(['latest_only_with_trigger']) retrieved from /home/airflow/.local/lib/python3.6/site-packages/airflow/example_dags/example_latest_only_with_trigger.py
[2025-02-15 14:28:47,085] {logging_mixin.py:104} INFO - [2025-02-15 14:28:47,085] {dag.py:1833} INFO - Sync 1 DAGs
[2025-02-15 14:28:47,100] {logging_mixin.py:104} INFO - [2025-02-15 14:28:47,100] {dag.py:2306} INFO - Setting next_dagrun for latest_only_with_trigger to 2025-02-13 00:00:00+00:00
[2025-02-15 14:28:47,115] {scheduler_job.py:190} INFO - Processing /home/airflow/.local/lib/python3.6/site-packages/airflow/example_dags/example_latest_only_with_trigger.py took 0.073 seconds
[2025-02-15 14:29:17,537] {scheduler_job.py:182} INFO - Started process (PID=524) to work on /home/airflow/.local/lib/python3.6/site-packages/airflow/example_dags/example_latest_only_with_trigger.py
[2025-02-15 14:29:17,538] {scheduler_job.py:633} INFO - Processing file /home/airflow/.local/lib/python3.6/site-packages/airflow/example_dags/example_latest_only_with_trigger.py for tasks to queue
[2025-02-15 14:29:17,539] {logging_mixin.py:104} INFO - [2025-02-15 14:29:17,539] {dagbag.py:496} INFO - Filling up the DagBag from /home/airflow/.local/lib/python3.6/site-packages/airflow/example_dags/example_latest_only_with_trigger.py
[2025-02-15 14:29:17,559] {scheduler_job.py:643} INFO - DAG(s) dict_keys(['latest_only_with_trigger']) retrieved from /home/airflow/.local/lib/python3.6/site-packages/airflow/example_dags/example_latest_only_with_trigger.py
[2025-02-15 14:29:17,598] {logging_mixin.py:104} INFO - [2025-02-15 14:29:17,598] {dag.py:1833} INFO - Sync 1 DAGs
[2025-02-15 14:29:17,622] {logging_mixin.py:104} INFO - [2025-02-15 14:29:17,622] {dag.py:2306} INFO - Setting next_dagrun for latest_only_with_trigger to 2025-02-13 00:00:00+00:00
[2025-02-15 14:29:17,646] {scheduler_job.py:190} INFO - Processing /home/airflow/.local/lib/python3.6/site-packages/airflow/example_dags/example_latest_only_with_trigger.py took 0.114 seconds
[2025-02-15 14:29:47,713] {scheduler_job.py:182} INFO - Started process (PID=575) to work on /home/airflow/.local/lib/python3.6/site-packages/airflow/example_dags/example_latest_only_with_trigger.py
[2025-02-15 14:29:47,715] {scheduler_job.py:633} INFO - Processing file /home/airflow/.local/lib/python3.6/site-packages/airflow/example_dags/example_latest_only_with_trigger.py for tasks to queue
[2025-02-15 14:29:47,717] {logging_mixin.py:104} INFO - [2025-02-15 14:29:47,716] {dagbag.py:496} INFO - Filling up the DagBag from /home/airflow/.local/lib/python3.6/site-packages/airflow/example_dags/example_latest_only_with_trigger.py
[2025-02-15 14:29:47,736] {scheduler_job.py:643} INFO - DAG(s) dict_keys(['latest_only_with_trigger']) retrieved from /home/airflow/.local/lib/python3.6/site-packages/airflow/example_dags/example_latest_only_with_trigger.py
[2025-02-15 14:29:47,764] {logging_mixin.py:104} INFO - [2025-02-15 14:29:47,764] {dag.py:1833} INFO - Sync 1 DAGs
[2025-02-15 14:29:47,781] {logging_mixin.py:104} INFO - [2025-02-15 14:29:47,780] {dag.py:2306} INFO - Setting next_dagrun for latest_only_with_trigger to 2025-02-13 00:00:00+00:00
[2025-02-15 14:29:47,797] {scheduler_job.py:190} INFO - Processing /home/airflow/.local/lib/python3.6/site-packages/airflow/example_dags/example_latest_only_with_trigger.py took 0.092 seconds
[2025-02-15 14:30:18,537] {scheduler_job.py:182} INFO - Started process (PID=638) to work on /home/airflow/.local/lib/python3.6/site-packages/airflow/example_dags/example_latest_only_with_trigger.py
[2025-02-15 14:30:18,539] {scheduler_job.py:633} INFO - Processing file /home/airflow/.local/lib/python3.6/site-packages/airflow/example_dags/example_latest_only_with_trigger.py for tasks to queue
[2025-02-15 14:30:18,540] {logging_mixin.py:104} INFO - [2025-02-15 14:30:18,540] {dagbag.py:496} INFO - Filling up the DagBag from /home/airflow/.local/lib/python3.6/site-packages/airflow/example_dags/example_latest_only_with_trigger.py
[2025-02-15 14:30:18,560] {scheduler_job.py:643} INFO - DAG(s) dict_keys(['latest_only_with_trigger']) retrieved from /home/airflow/.local/lib/python3.6/site-packages/airflow/example_dags/example_latest_only_with_trigger.py
[2025-02-15 14:30:18,605] {logging_mixin.py:104} INFO - [2025-02-15 14:30:18,605] {dag.py:1833} INFO - Sync 1 DAGs
[2025-02-15 14:30:18,635] {logging_mixin.py:104} INFO - [2025-02-15 14:30:18,635] {dag.py:2306} INFO - Setting next_dagrun for latest_only_with_trigger to 2025-02-13 00:00:00+00:00
[2025-02-15 14:30:18,654] {scheduler_job.py:190} INFO - Processing /home/airflow/.local/lib/python3.6/site-packages/airflow/example_dags/example_latest_only_with_trigger.py took 0.123 seconds
[2025-02-15 14:30:48,753] {scheduler_job.py:182} INFO - Started process (PID=689) to work on /home/airflow/.local/lib/python3.6/site-packages/airflow/example_dags/example_latest_only_with_trigger.py
[2025-02-15 14:30:48,754] {scheduler_job.py:633} INFO - Processing file /home/airflow/.local/lib/python3.6/site-packages/airflow/example_dags/example_latest_only_with_trigger.py for tasks to queue
[2025-02-15 14:30:48,758] {logging_mixin.py:104} INFO - [2025-02-15 14:30:48,757] {dagbag.py:496} INFO - Filling up the DagBag from /home/airflow/.local/lib/python3.6/site-packages/airflow/example_dags/example_latest_only_with_trigger.py
[2025-02-15 14:30:48,775] {scheduler_job.py:643} INFO - DAG(s) dict_keys(['latest_only_with_trigger']) retrieved from /home/airflow/.local/lib/python3.6/site-packages/airflow/example_dags/example_latest_only_with_trigger.py
[2025-02-15 14:30:48,809] {logging_mixin.py:104} INFO - [2025-02-15 14:30:48,809] {dag.py:1833} INFO - Sync 1 DAGs
[2025-02-15 14:30:48,829] {logging_mixin.py:104} INFO - [2025-02-15 14:30:48,829] {dag.py:2306} INFO - Setting next_dagrun for latest_only_with_trigger to 2025-02-13 00:00:00+00:00
[2025-02-15 14:30:48,844] {scheduler_job.py:190} INFO - Processing /home/airflow/.local/lib/python3.6/site-packages/airflow/example_dags/example_latest_only_with_trigger.py took 0.097 seconds
[2025-02-15 14:31:19,085] {scheduler_job.py:182} INFO - Started process (PID=741) to work on /home/airflow/.local/lib/python3.6/site-packages/airflow/example_dags/example_latest_only_with_trigger.py
[2025-02-15 14:31:19,086] {scheduler_job.py:633} INFO - Processing file /home/airflow/.local/lib/python3.6/site-packages/airflow/example_dags/example_latest_only_with_trigger.py for tasks to queue
[2025-02-15 14:31:19,087] {logging_mixin.py:104} INFO - [2025-02-15 14:31:19,087] {dagbag.py:496} INFO - Filling up the DagBag from /home/airflow/.local/lib/python3.6/site-packages/airflow/example_dags/example_latest_only_with_trigger.py
[2025-02-15 14:31:19,102] {scheduler_job.py:643} INFO - DAG(s) dict_keys(['latest_only_with_trigger']) retrieved from /home/airflow/.local/lib/python3.6/site-packages/airflow/example_dags/example_latest_only_with_trigger.py
[2025-02-15 14:31:19,130] {logging_mixin.py:104} INFO - [2025-02-15 14:31:19,129] {dag.py:1833} INFO - Sync 1 DAGs
[2025-02-15 14:31:19,144] {logging_mixin.py:104} INFO - [2025-02-15 14:31:19,144] {dag.py:2306} INFO - Setting next_dagrun for latest_only_with_trigger to 2025-02-13 00:00:00+00:00
[2025-02-15 14:31:19,156] {scheduler_job.py:190} INFO - Processing /home/airflow/.local/lib/python3.6/site-packages/airflow/example_dags/example_latest_only_with_trigger.py took 0.076 seconds
[2025-02-15 14:31:49,408] {scheduler_job.py:182} INFO - Started process (PID=803) to work on /home/airflow/.local/lib/python3.6/site-packages/airflow/example_dags/example_latest_only_with_trigger.py
[2025-02-15 14:31:49,409] {scheduler_job.py:633} INFO - Processing file /home/airflow/.local/lib/python3.6/site-packages/airflow/example_dags/example_latest_only_with_trigger.py for tasks to queue
[2025-02-15 14:31:49,410] {logging_mixin.py:104} INFO - [2025-02-15 14:31:49,410] {dagbag.py:496} INFO - Filling up the DagBag from /home/airflow/.local/lib/python3.6/site-packages/airflow/example_dags/example_latest_only_with_trigger.py
[2025-02-15 14:31:49,425] {scheduler_job.py:643} INFO - DAG(s) dict_keys(['latest_only_with_trigger']) retrieved from /home/airflow/.local/lib/python3.6/site-packages/airflow/example_dags/example_latest_only_with_trigger.py
[2025-02-15 14:31:49,459] {logging_mixin.py:104} INFO - [2025-02-15 14:31:49,458] {dag.py:1833} INFO - Sync 1 DAGs
[2025-02-15 14:31:49,480] {logging_mixin.py:104} INFO - [2025-02-15 14:31:49,479] {dag.py:2306} INFO - Setting next_dagrun for latest_only_with_trigger to 2025-02-13 00:00:00+00:00
[2025-02-15 14:31:49,500] {scheduler_job.py:190} INFO - Processing /home/airflow/.local/lib/python3.6/site-packages/airflow/example_dags/example_latest_only_with_trigger.py took 0.097 seconds
[2025-02-15 14:32:19,909] {scheduler_job.py:182} INFO - Started process (PID=855) to work on /home/airflow/.local/lib/python3.6/site-packages/airflow/example_dags/example_latest_only_with_trigger.py
[2025-02-15 14:32:19,911] {scheduler_job.py:633} INFO - Processing file /home/airflow/.local/lib/python3.6/site-packages/airflow/example_dags/example_latest_only_with_trigger.py for tasks to queue
[2025-02-15 14:32:19,913] {logging_mixin.py:104} INFO - [2025-02-15 14:32:19,912] {dagbag.py:496} INFO - Filling up the DagBag from /home/airflow/.local/lib/python3.6/site-packages/airflow/example_dags/example_latest_only_with_trigger.py
[2025-02-15 14:32:19,934] {scheduler_job.py:643} INFO - DAG(s) dict_keys(['latest_only_with_trigger']) retrieved from /home/airflow/.local/lib/python3.6/site-packages/airflow/example_dags/example_latest_only_with_trigger.py
[2025-02-15 14:32:19,982] {logging_mixin.py:104} INFO - [2025-02-15 14:32:19,981] {dag.py:1833} INFO - Sync 1 DAGs
[2025-02-15 14:32:20,013] {logging_mixin.py:104} INFO - [2025-02-15 14:32:20,013] {dag.py:2306} INFO - Setting next_dagrun for latest_only_with_trigger to 2025-02-13 00:00:00+00:00
[2025-02-15 14:32:20,032] {scheduler_job.py:190} INFO - Processing /home/airflow/.local/lib/python3.6/site-packages/airflow/example_dags/example_latest_only_with_trigger.py took 0.130 seconds
[2025-02-15 14:32:50,972] {scheduler_job.py:182} INFO - Started process (PID=907) to work on /home/airflow/.local/lib/python3.6/site-packages/airflow/example_dags/example_latest_only_with_trigger.py
[2025-02-15 14:32:50,974] {scheduler_job.py:633} INFO - Processing file /home/airflow/.local/lib/python3.6/site-packages/airflow/example_dags/example_latest_only_with_trigger.py for tasks to queue
[2025-02-15 14:32:50,975] {logging_mixin.py:104} INFO - [2025-02-15 14:32:50,975] {dagbag.py:496} INFO - Filling up the DagBag from /home/airflow/.local/lib/python3.6/site-packages/airflow/example_dags/example_latest_only_with_trigger.py
[2025-02-15 14:32:50,993] {scheduler_job.py:643} INFO - DAG(s) dict_keys(['latest_only_with_trigger']) retrieved from /home/airflow/.local/lib/python3.6/site-packages/airflow/example_dags/example_latest_only_with_trigger.py
[2025-02-15 14:32:51,041] {logging_mixin.py:104} INFO - [2025-02-15 14:32:51,041] {dag.py:1833} INFO - Sync 1 DAGs
[2025-02-15 14:32:51,070] {logging_mixin.py:104} INFO - [2025-02-15 14:32:51,070] {dag.py:2306} INFO - Setting next_dagrun for latest_only_with_trigger to 2025-02-13 00:00:00+00:00
[2025-02-15 14:32:51,089] {scheduler_job.py:190} INFO - Processing /home/airflow/.local/lib/python3.6/site-packages/airflow/example_dags/example_latest_only_with_trigger.py took 0.125 seconds
[2025-02-15 14:33:21,217] {scheduler_job.py:182} INFO - Started process (PID=969) to work on /home/airflow/.local/lib/python3.6/site-packages/airflow/example_dags/example_latest_only_with_trigger.py
[2025-02-15 14:33:21,218] {scheduler_job.py:633} INFO - Processing file /home/airflow/.local/lib/python3.6/site-packages/airflow/example_dags/example_latest_only_with_trigger.py for tasks to queue
[2025-02-15 14:33:21,219] {logging_mixin.py:104} INFO - [2025-02-15 14:33:21,219] {dagbag.py:496} INFO - Filling up the DagBag from /home/airflow/.local/lib/python3.6/site-packages/airflow/example_dags/example_latest_only_with_trigger.py
[2025-02-15 14:33:21,232] {scheduler_job.py:643} INFO - DAG(s) dict_keys(['latest_only_with_trigger']) retrieved from /home/airflow/.local/lib/python3.6/site-packages/airflow/example_dags/example_latest_only_with_trigger.py
[2025-02-15 14:33:21,257] {logging_mixin.py:104} INFO - [2025-02-15 14:33:21,257] {dag.py:1833} INFO - Sync 1 DAGs
[2025-02-15 14:33:21,271] {logging_mixin.py:104} INFO - [2025-02-15 14:33:21,271] {dag.py:2306} INFO - Setting next_dagrun for latest_only_with_trigger to 2025-02-13 00:00:00+00:00
[2025-02-15 14:33:21,284] {scheduler_job.py:190} INFO - Processing /home/airflow/.local/lib/python3.6/site-packages/airflow/example_dags/example_latest_only_with_trigger.py took 0.073 seconds
[2025-02-15 14:33:51,699] {scheduler_job.py:182} INFO - Started process (PID=1021) to work on /home/airflow/.local/lib/python3.6/site-packages/airflow/example_dags/example_latest_only_with_trigger.py
[2025-02-15 14:33:51,701] {scheduler_job.py:633} INFO - Processing file /home/airflow/.local/lib/python3.6/site-packages/airflow/example_dags/example_latest_only_with_trigger.py for tasks to queue
[2025-02-15 14:33:51,702] {logging_mixin.py:104} INFO - [2025-02-15 14:33:51,702] {dagbag.py:496} INFO - Filling up the DagBag from /home/airflow/.local/lib/python3.6/site-packages/airflow/example_dags/example_latest_only_with_trigger.py
[2025-02-15 14:33:51,734] {scheduler_job.py:643} INFO - DAG(s) dict_keys(['latest_only_with_trigger']) retrieved from /home/airflow/.local/lib/python3.6/site-packages/airflow/example_dags/example_latest_only_with_trigger.py
[2025-02-15 14:33:51,783] {logging_mixin.py:104} INFO - [2025-02-15 14:33:51,782] {dag.py:1833} INFO - Sync 1 DAGs
[2025-02-15 14:33:51,809] {logging_mixin.py:104} INFO - [2025-02-15 14:33:51,809] {dag.py:2306} INFO - Setting next_dagrun for latest_only_with_trigger to 2025-02-13 00:00:00+00:00
[2025-02-15 14:33:51,833] {scheduler_job.py:190} INFO - Processing /home/airflow/.local/lib/python3.6/site-packages/airflow/example_dags/example_latest_only_with_trigger.py took 0.139 seconds
[2025-02-15 14:34:22,276] {scheduler_job.py:182} INFO - Started process (PID=1083) to work on /home/airflow/.local/lib/python3.6/site-packages/airflow/example_dags/example_latest_only_with_trigger.py
[2025-02-15 14:34:22,277] {scheduler_job.py:633} INFO - Processing file /home/airflow/.local/lib/python3.6/site-packages/airflow/example_dags/example_latest_only_with_trigger.py for tasks to queue
[2025-02-15 14:34:22,278] {logging_mixin.py:104} INFO - [2025-02-15 14:34:22,278] {dagbag.py:496} INFO - Filling up the DagBag from /home/airflow/.local/lib/python3.6/site-packages/airflow/example_dags/example_latest_only_with_trigger.py
[2025-02-15 14:34:22,289] {scheduler_job.py:643} INFO - DAG(s) dict_keys(['latest_only_with_trigger']) retrieved from /home/airflow/.local/lib/python3.6/site-packages/airflow/example_dags/example_latest_only_with_trigger.py
[2025-02-15 14:34:22,315] {logging_mixin.py:104} INFO - [2025-02-15 14:34:22,315] {dag.py:1833} INFO - Sync 1 DAGs
[2025-02-15 14:34:22,331] {logging_mixin.py:104} INFO - [2025-02-15 14:34:22,331] {dag.py:2306} INFO - Setting next_dagrun for latest_only_with_trigger to 2025-02-13 00:00:00+00:00
[2025-02-15 14:34:22,348] {scheduler_job.py:190} INFO - Processing /home/airflow/.local/lib/python3.6/site-packages/airflow/example_dags/example_latest_only_with_trigger.py took 0.076 seconds
[2025-02-15 14:38:24,823] {scheduler_job.py:182} INFO - Started process (PID=1156) to work on /home/airflow/.local/lib/python3.6/site-packages/airflow/example_dags/example_latest_only_with_trigger.py
[2025-02-15 14:38:24,826] {scheduler_job.py:633} INFO - Processing file /home/airflow/.local/lib/python3.6/site-packages/airflow/example_dags/example_latest_only_with_trigger.py for tasks to queue
[2025-02-15 14:38:24,828] {logging_mixin.py:104} INFO - [2025-02-15 14:38:24,827] {dagbag.py:496} INFO - Filling up the DagBag from /home/airflow/.local/lib/python3.6/site-packages/airflow/example_dags/example_latest_only_with_trigger.py
[2025-02-15 14:38:24,851] {scheduler_job.py:643} INFO - DAG(s) dict_keys(['latest_only_with_trigger']) retrieved from /home/airflow/.local/lib/python3.6/site-packages/airflow/example_dags/example_latest_only_with_trigger.py
[2025-02-15 14:38:24,897] {logging_mixin.py:104} INFO - [2025-02-15 14:38:24,897] {dag.py:1833} INFO - Sync 1 DAGs
[2025-02-15 14:38:24,920] {logging_mixin.py:104} INFO - [2025-02-15 14:38:24,920] {dag.py:2306} INFO - Setting next_dagrun for latest_only_with_trigger to 2025-02-13 00:00:00+00:00
[2025-02-15 14:38:24,940] {scheduler_job.py:190} INFO - Processing /home/airflow/.local/lib/python3.6/site-packages/airflow/example_dags/example_latest_only_with_trigger.py took 0.125 seconds
[2025-02-15 14:38:56,234] {scheduler_job.py:182} INFO - Started process (PID=1218) to work on /home/airflow/.local/lib/python3.6/site-packages/airflow/example_dags/example_latest_only_with_trigger.py
[2025-02-15 14:38:56,236] {scheduler_job.py:633} INFO - Processing file /home/airflow/.local/lib/python3.6/site-packages/airflow/example_dags/example_latest_only_with_trigger.py for tasks to queue
[2025-02-15 14:38:56,238] {logging_mixin.py:104} INFO - [2025-02-15 14:38:56,238] {dagbag.py:496} INFO - Filling up the DagBag from /home/airflow/.local/lib/python3.6/site-packages/airflow/example_dags/example_latest_only_with_trigger.py
[2025-02-15 14:38:56,269] {scheduler_job.py:643} INFO - DAG(s) dict_keys(['latest_only_with_trigger']) retrieved from /home/airflow/.local/lib/python3.6/site-packages/airflow/example_dags/example_latest_only_with_trigger.py
[2025-02-15 14:38:56,354] {logging_mixin.py:104} INFO - [2025-02-15 14:38:56,354] {dag.py:1833} INFO - Sync 1 DAGs
[2025-02-15 14:38:56,387] {logging_mixin.py:104} INFO - [2025-02-15 14:38:56,387] {dag.py:2306} INFO - Setting next_dagrun for latest_only_with_trigger to 2025-02-13 00:00:00+00:00
[2025-02-15 14:38:56,419] {scheduler_job.py:190} INFO - Processing /home/airflow/.local/lib/python3.6/site-packages/airflow/example_dags/example_latest_only_with_trigger.py took 0.198 seconds
[2025-02-15 14:44:07,795] {scheduler_job.py:182} INFO - Started process (PID=1262) to work on /home/airflow/.local/lib/python3.6/site-packages/airflow/example_dags/example_latest_only_with_trigger.py
[2025-02-15 14:44:07,799] {scheduler_job.py:633} INFO - Processing file /home/airflow/.local/lib/python3.6/site-packages/airflow/example_dags/example_latest_only_with_trigger.py for tasks to queue
[2025-02-15 14:44:07,803] {logging_mixin.py:104} INFO - [2025-02-15 14:44:07,803] {dagbag.py:496} INFO - Filling up the DagBag from /home/airflow/.local/lib/python3.6/site-packages/airflow/example_dags/example_latest_only_with_trigger.py
[2025-02-15 14:44:07,847] {scheduler_job.py:643} INFO - DAG(s) dict_keys(['latest_only_with_trigger']) retrieved from /home/airflow/.local/lib/python3.6/site-packages/airflow/example_dags/example_latest_only_with_trigger.py
[2025-02-15 14:44:07,945] {logging_mixin.py:104} INFO - [2025-02-15 14:44:07,944] {dag.py:1833} INFO - Sync 1 DAGs
[2025-02-15 14:44:07,990] {logging_mixin.py:104} INFO - [2025-02-15 14:44:07,990] {dag.py:2306} INFO - Setting next_dagrun for latest_only_with_trigger to 2025-02-13 00:00:00+00:00
[2025-02-15 14:44:08,029] {scheduler_job.py:190} INFO - Processing /home/airflow/.local/lib/python3.6/site-packages/airflow/example_dags/example_latest_only_with_trigger.py took 0.251 seconds
[2025-02-15 14:44:38,629] {scheduler_job.py:182} INFO - Started process (PID=1305) to work on /home/airflow/.local/lib/python3.6/site-packages/airflow/example_dags/example_latest_only_with_trigger.py
[2025-02-15 14:44:38,633] {scheduler_job.py:633} INFO - Processing file /home/airflow/.local/lib/python3.6/site-packages/airflow/example_dags/example_latest_only_with_trigger.py for tasks to queue
[2025-02-15 14:44:38,635] {logging_mixin.py:104} INFO - [2025-02-15 14:44:38,635] {dagbag.py:496} INFO - Filling up the DagBag from /home/airflow/.local/lib/python3.6/site-packages/airflow/example_dags/example_latest_only_with_trigger.py
[2025-02-15 14:44:38,680] {scheduler_job.py:643} INFO - DAG(s) dict_keys(['latest_only_with_trigger']) retrieved from /home/airflow/.local/lib/python3.6/site-packages/airflow/example_dags/example_latest_only_with_trigger.py
[2025-02-15 14:44:38,765] {logging_mixin.py:104} INFO - [2025-02-15 14:44:38,764] {dag.py:1833} INFO - Sync 1 DAGs
[2025-02-15 14:44:38,798] {logging_mixin.py:104} INFO - [2025-02-15 14:44:38,798] {dag.py:2306} INFO - Setting next_dagrun for latest_only_with_trigger to 2025-02-13 00:00:00+00:00
[2025-02-15 14:44:38,825] {scheduler_job.py:190} INFO - Processing /home/airflow/.local/lib/python3.6/site-packages/airflow/example_dags/example_latest_only_with_trigger.py took 0.204 seconds
[2025-02-15 14:46:18,693] {scheduler_job.py:182} INFO - Started process (PID=78) to work on /home/airflow/.local/lib/python3.6/site-packages/airflow/example_dags/example_latest_only_with_trigger.py
[2025-02-15 14:46:18,701] {scheduler_job.py:633} INFO - Processing file /home/airflow/.local/lib/python3.6/site-packages/airflow/example_dags/example_latest_only_with_trigger.py for tasks to queue
[2025-02-15 14:46:18,704] {logging_mixin.py:104} INFO - [2025-02-15 14:46:18,703] {dagbag.py:496} INFO - Filling up the DagBag from /home/airflow/.local/lib/python3.6/site-packages/airflow/example_dags/example_latest_only_with_trigger.py
[2025-02-15 14:46:18,766] {scheduler_job.py:643} INFO - DAG(s) dict_keys(['latest_only_with_trigger']) retrieved from /home/airflow/.local/lib/python3.6/site-packages/airflow/example_dags/example_latest_only_with_trigger.py
[2025-02-15 14:46:18,863] {logging_mixin.py:104} INFO - [2025-02-15 14:46:18,863] {dag.py:1833} INFO - Sync 1 DAGs
[2025-02-15 14:46:18,967] {logging_mixin.py:104} INFO - [2025-02-15 14:46:18,967] {dag.py:2306} INFO - Setting next_dagrun for latest_only_with_trigger to 2025-02-13 00:00:00+00:00
[2025-02-15 14:46:19,007] {scheduler_job.py:190} INFO - Processing /home/airflow/.local/lib/python3.6/site-packages/airflow/example_dags/example_latest_only_with_trigger.py took 0.321 seconds
[2025-02-15 14:46:50,540] {scheduler_job.py:182} INFO - Started process (PID=129) to work on /home/airflow/.local/lib/python3.6/site-packages/airflow/example_dags/example_latest_only_with_trigger.py
[2025-02-15 14:46:50,551] {scheduler_job.py:633} INFO - Processing file /home/airflow/.local/lib/python3.6/site-packages/airflow/example_dags/example_latest_only_with_trigger.py for tasks to queue
[2025-02-15 14:46:50,553] {logging_mixin.py:104} INFO - [2025-02-15 14:46:50,552] {dagbag.py:496} INFO - Filling up the DagBag from /home/airflow/.local/lib/python3.6/site-packages/airflow/example_dags/example_latest_only_with_trigger.py
[2025-02-15 14:46:50,594] {scheduler_job.py:643} INFO - DAG(s) dict_keys(['latest_only_with_trigger']) retrieved from /home/airflow/.local/lib/python3.6/site-packages/airflow/example_dags/example_latest_only_with_trigger.py
[2025-02-15 14:46:50,732] {logging_mixin.py:104} INFO - [2025-02-15 14:46:50,732] {dag.py:1833} INFO - Sync 1 DAGs
[2025-02-15 14:46:50,828] {logging_mixin.py:104} INFO - [2025-02-15 14:46:50,827] {dag.py:2306} INFO - Setting next_dagrun for latest_only_with_trigger to 2025-02-13 00:00:00+00:00
[2025-02-15 14:46:50,885] {scheduler_job.py:190} INFO - Processing /home/airflow/.local/lib/python3.6/site-packages/airflow/example_dags/example_latest_only_with_trigger.py took 0.359 seconds
[2025-02-15 14:47:21,158] {scheduler_job.py:182} INFO - Started process (PID=181) to work on /home/airflow/.local/lib/python3.6/site-packages/airflow/example_dags/example_latest_only_with_trigger.py
[2025-02-15 14:47:21,160] {scheduler_job.py:633} INFO - Processing file /home/airflow/.local/lib/python3.6/site-packages/airflow/example_dags/example_latest_only_with_trigger.py for tasks to queue
[2025-02-15 14:47:21,160] {logging_mixin.py:104} INFO - [2025-02-15 14:47:21,160] {dagbag.py:496} INFO - Filling up the DagBag from /home/airflow/.local/lib/python3.6/site-packages/airflow/example_dags/example_latest_only_with_trigger.py
[2025-02-15 14:47:21,172] {scheduler_job.py:643} INFO - DAG(s) dict_keys(['latest_only_with_trigger']) retrieved from /home/airflow/.local/lib/python3.6/site-packages/airflow/example_dags/example_latest_only_with_trigger.py
[2025-02-15 14:47:21,201] {logging_mixin.py:104} INFO - [2025-02-15 14:47:21,201] {dag.py:1833} INFO - Sync 1 DAGs
[2025-02-15 14:47:21,221] {logging_mixin.py:104} INFO - [2025-02-15 14:47:21,221] {dag.py:2306} INFO - Setting next_dagrun for latest_only_with_trigger to 2025-02-13 00:00:00+00:00
[2025-02-15 14:47:21,235] {scheduler_job.py:190} INFO - Processing /home/airflow/.local/lib/python3.6/site-packages/airflow/example_dags/example_latest_only_with_trigger.py took 0.081 seconds
[2025-02-15 14:47:51,894] {scheduler_job.py:182} INFO - Started process (PID=233) to work on /home/airflow/.local/lib/python3.6/site-packages/airflow/example_dags/example_latest_only_with_trigger.py
[2025-02-15 14:47:51,895] {scheduler_job.py:633} INFO - Processing file /home/airflow/.local/lib/python3.6/site-packages/airflow/example_dags/example_latest_only_with_trigger.py for tasks to queue
[2025-02-15 14:47:51,895] {logging_mixin.py:104} INFO - [2025-02-15 14:47:51,895] {dagbag.py:496} INFO - Filling up the DagBag from /home/airflow/.local/lib/python3.6/site-packages/airflow/example_dags/example_latest_only_with_trigger.py
[2025-02-15 14:47:51,906] {scheduler_job.py:643} INFO - DAG(s) dict_keys(['latest_only_with_trigger']) retrieved from /home/airflow/.local/lib/python3.6/site-packages/airflow/example_dags/example_latest_only_with_trigger.py
[2025-02-15 14:47:51,935] {logging_mixin.py:104} INFO - [2025-02-15 14:47:51,935] {dag.py:1833} INFO - Sync 1 DAGs
[2025-02-15 14:47:51,950] {logging_mixin.py:104} INFO - [2025-02-15 14:47:51,950] {dag.py:2306} INFO - Setting next_dagrun for latest_only_with_trigger to 2025-02-13 00:00:00+00:00
[2025-02-15 14:47:51,962] {scheduler_job.py:190} INFO - Processing /home/airflow/.local/lib/python3.6/site-packages/airflow/example_dags/example_latest_only_with_trigger.py took 0.071 seconds
[2025-02-15 14:48:22,585] {scheduler_job.py:182} INFO - Started process (PID=292) to work on /home/airflow/.local/lib/python3.6/site-packages/airflow/example_dags/example_latest_only_with_trigger.py
[2025-02-15 14:48:22,587] {scheduler_job.py:633} INFO - Processing file /home/airflow/.local/lib/python3.6/site-packages/airflow/example_dags/example_latest_only_with_trigger.py for tasks to queue
[2025-02-15 14:48:22,588] {logging_mixin.py:104} INFO - [2025-02-15 14:48:22,588] {dagbag.py:496} INFO - Filling up the DagBag from /home/airflow/.local/lib/python3.6/site-packages/airflow/example_dags/example_latest_only_with_trigger.py
[2025-02-15 14:48:22,600] {scheduler_job.py:643} INFO - DAG(s) dict_keys(['latest_only_with_trigger']) retrieved from /home/airflow/.local/lib/python3.6/site-packages/airflow/example_dags/example_latest_only_with_trigger.py
[2025-02-15 14:48:22,628] {logging_mixin.py:104} INFO - [2025-02-15 14:48:22,628] {dag.py:1833} INFO - Sync 1 DAGs
[2025-02-15 14:48:22,645] {logging_mixin.py:104} INFO - [2025-02-15 14:48:22,645] {dag.py:2306} INFO - Setting next_dagrun for latest_only_with_trigger to 2025-02-13 00:00:00+00:00
[2025-02-15 14:48:22,658] {scheduler_job.py:190} INFO - Processing /home/airflow/.local/lib/python3.6/site-packages/airflow/example_dags/example_latest_only_with_trigger.py took 0.076 seconds
[2025-02-15 14:48:53,508] {scheduler_job.py:182} INFO - Started process (PID=347) to work on /home/airflow/.local/lib/python3.6/site-packages/airflow/example_dags/example_latest_only_with_trigger.py
[2025-02-15 14:48:53,510] {scheduler_job.py:633} INFO - Processing file /home/airflow/.local/lib/python3.6/site-packages/airflow/example_dags/example_latest_only_with_trigger.py for tasks to queue
[2025-02-15 14:48:53,511] {logging_mixin.py:104} INFO - [2025-02-15 14:48:53,510] {dagbag.py:496} INFO - Filling up the DagBag from /home/airflow/.local/lib/python3.6/site-packages/airflow/example_dags/example_latest_only_with_trigger.py
[2025-02-15 14:48:53,524] {scheduler_job.py:643} INFO - DAG(s) dict_keys(['latest_only_with_trigger']) retrieved from /home/airflow/.local/lib/python3.6/site-packages/airflow/example_dags/example_latest_only_with_trigger.py
[2025-02-15 14:48:53,556] {logging_mixin.py:104} INFO - [2025-02-15 14:48:53,556] {dag.py:1833} INFO - Sync 1 DAGs
[2025-02-15 14:48:53,575] {logging_mixin.py:104} INFO - [2025-02-15 14:48:53,575] {dag.py:2306} INFO - Setting next_dagrun for latest_only_with_trigger to 2025-02-13 00:00:00+00:00
[2025-02-15 14:48:53,590] {scheduler_job.py:190} INFO - Processing /home/airflow/.local/lib/python3.6/site-packages/airflow/example_dags/example_latest_only_with_trigger.py took 0.086 seconds
[2025-02-15 14:49:24,132] {scheduler_job.py:182} INFO - Started process (PID=399) to work on /home/airflow/.local/lib/python3.6/site-packages/airflow/example_dags/example_latest_only_with_trigger.py
[2025-02-15 14:49:24,134] {scheduler_job.py:633} INFO - Processing file /home/airflow/.local/lib/python3.6/site-packages/airflow/example_dags/example_latest_only_with_trigger.py for tasks to queue
[2025-02-15 14:49:24,135] {logging_mixin.py:104} INFO - [2025-02-15 14:49:24,135] {dagbag.py:496} INFO - Filling up the DagBag from /home/airflow/.local/lib/python3.6/site-packages/airflow/example_dags/example_latest_only_with_trigger.py
[2025-02-15 14:49:24,148] {scheduler_job.py:643} INFO - DAG(s) dict_keys(['latest_only_with_trigger']) retrieved from /home/airflow/.local/lib/python3.6/site-packages/airflow/example_dags/example_latest_only_with_trigger.py
[2025-02-15 14:49:24,175] {logging_mixin.py:104} INFO - [2025-02-15 14:49:24,175] {dag.py:1833} INFO - Sync 1 DAGs
[2025-02-15 14:49:24,191] {logging_mixin.py:104} INFO - [2025-02-15 14:49:24,191] {dag.py:2306} INFO - Setting next_dagrun for latest_only_with_trigger to 2025-02-13 00:00:00+00:00
[2025-02-15 14:49:24,208] {scheduler_job.py:190} INFO - Processing /home/airflow/.local/lib/python3.6/site-packages/airflow/example_dags/example_latest_only_with_trigger.py took 0.079 seconds
[2025-02-15 14:49:54,539] {scheduler_job.py:182} INFO - Started process (PID=461) to work on /home/airflow/.local/lib/python3.6/site-packages/airflow/example_dags/example_latest_only_with_trigger.py
[2025-02-15 14:49:54,543] {scheduler_job.py:633} INFO - Processing file /home/airflow/.local/lib/python3.6/site-packages/airflow/example_dags/example_latest_only_with_trigger.py for tasks to queue
[2025-02-15 14:49:54,545] {logging_mixin.py:104} INFO - [2025-02-15 14:49:54,545] {dagbag.py:496} INFO - Filling up the DagBag from /home/airflow/.local/lib/python3.6/site-packages/airflow/example_dags/example_latest_only_with_trigger.py
[2025-02-15 14:49:54,562] {scheduler_job.py:643} INFO - DAG(s) dict_keys(['latest_only_with_trigger']) retrieved from /home/airflow/.local/lib/python3.6/site-packages/airflow/example_dags/example_latest_only_with_trigger.py
[2025-02-15 14:49:54,600] {logging_mixin.py:104} INFO - [2025-02-15 14:49:54,600] {dag.py:1833} INFO - Sync 1 DAGs
[2025-02-15 14:49:54,626] {logging_mixin.py:104} INFO - [2025-02-15 14:49:54,626] {dag.py:2306} INFO - Setting next_dagrun for latest_only_with_trigger to 2025-02-13 00:00:00+00:00
[2025-02-15 14:49:54,641] {scheduler_job.py:190} INFO - Processing /home/airflow/.local/lib/python3.6/site-packages/airflow/example_dags/example_latest_only_with_trigger.py took 0.109 seconds
[2025-02-15 14:50:25,323] {scheduler_job.py:182} INFO - Started process (PID=513) to work on /home/airflow/.local/lib/python3.6/site-packages/airflow/example_dags/example_latest_only_with_trigger.py
[2025-02-15 14:50:25,324] {scheduler_job.py:633} INFO - Processing file /home/airflow/.local/lib/python3.6/site-packages/airflow/example_dags/example_latest_only_with_trigger.py for tasks to queue
[2025-02-15 14:50:25,325] {logging_mixin.py:104} INFO - [2025-02-15 14:50:25,324] {dagbag.py:496} INFO - Filling up the DagBag from /home/airflow/.local/lib/python3.6/site-packages/airflow/example_dags/example_latest_only_with_trigger.py
[2025-02-15 14:50:25,335] {scheduler_job.py:643} INFO - DAG(s) dict_keys(['latest_only_with_trigger']) retrieved from /home/airflow/.local/lib/python3.6/site-packages/airflow/example_dags/example_latest_only_with_trigger.py
[2025-02-15 14:50:25,362] {logging_mixin.py:104} INFO - [2025-02-15 14:50:25,362] {dag.py:1833} INFO - Sync 1 DAGs
[2025-02-15 14:50:25,378] {logging_mixin.py:104} INFO - [2025-02-15 14:50:25,378] {dag.py:2306} INFO - Setting next_dagrun for latest_only_with_trigger to 2025-02-13 00:00:00+00:00
[2025-02-15 14:50:25,392] {scheduler_job.py:190} INFO - Processing /home/airflow/.local/lib/python3.6/site-packages/airflow/example_dags/example_latest_only_with_trigger.py took 0.073 seconds
[2025-02-15 14:50:55,624] {scheduler_job.py:182} INFO - Started process (PID=575) to work on /home/airflow/.local/lib/python3.6/site-packages/airflow/example_dags/example_latest_only_with_trigger.py
[2025-02-15 14:50:55,629] {scheduler_job.py:633} INFO - Processing file /home/airflow/.local/lib/python3.6/site-packages/airflow/example_dags/example_latest_only_with_trigger.py for tasks to queue
[2025-02-15 14:50:55,631] {logging_mixin.py:104} INFO - [2025-02-15 14:50:55,630] {dagbag.py:496} INFO - Filling up the DagBag from /home/airflow/.local/lib/python3.6/site-packages/airflow/example_dags/example_latest_only_with_trigger.py
[2025-02-15 14:50:55,657] {scheduler_job.py:643} INFO - DAG(s) dict_keys(['latest_only_with_trigger']) retrieved from /home/airflow/.local/lib/python3.6/site-packages/airflow/example_dags/example_latest_only_with_trigger.py
[2025-02-15 14:50:55,711] {logging_mixin.py:104} INFO - [2025-02-15 14:50:55,711] {dag.py:1833} INFO - Sync 1 DAGs
[2025-02-15 14:50:55,746] {logging_mixin.py:104} INFO - [2025-02-15 14:50:55,745] {dag.py:2306} INFO - Setting next_dagrun for latest_only_with_trigger to 2025-02-13 00:00:00+00:00
[2025-02-15 14:50:55,770] {scheduler_job.py:190} INFO - Processing /home/airflow/.local/lib/python3.6/site-packages/airflow/example_dags/example_latest_only_with_trigger.py took 0.154 seconds
[2025-02-15 14:51:25,922] {scheduler_job.py:182} INFO - Started process (PID=626) to work on /home/airflow/.local/lib/python3.6/site-packages/airflow/example_dags/example_latest_only_with_trigger.py
[2025-02-15 14:51:25,923] {scheduler_job.py:633} INFO - Processing file /home/airflow/.local/lib/python3.6/site-packages/airflow/example_dags/example_latest_only_with_trigger.py for tasks to queue
[2025-02-15 14:51:25,924] {logging_mixin.py:104} INFO - [2025-02-15 14:51:25,923] {dagbag.py:496} INFO - Filling up the DagBag from /home/airflow/.local/lib/python3.6/site-packages/airflow/example_dags/example_latest_only_with_trigger.py
[2025-02-15 14:51:25,937] {scheduler_job.py:643} INFO - DAG(s) dict_keys(['latest_only_with_trigger']) retrieved from /home/airflow/.local/lib/python3.6/site-packages/airflow/example_dags/example_latest_only_with_trigger.py
[2025-02-15 14:51:25,967] {logging_mixin.py:104} INFO - [2025-02-15 14:51:25,967] {dag.py:1833} INFO - Sync 1 DAGs
[2025-02-15 14:51:25,983] {logging_mixin.py:104} INFO - [2025-02-15 14:51:25,983] {dag.py:2306} INFO - Setting next_dagrun for latest_only_with_trigger to 2025-02-13 00:00:00+00:00
[2025-02-15 14:51:25,998] {scheduler_job.py:190} INFO - Processing /home/airflow/.local/lib/python3.6/site-packages/airflow/example_dags/example_latest_only_with_trigger.py took 0.080 seconds
[2025-02-15 14:51:56,078] {scheduler_job.py:182} INFO - Started process (PID=679) to work on /home/airflow/.local/lib/python3.6/site-packages/airflow/example_dags/example_latest_only_with_trigger.py
[2025-02-15 14:51:56,079] {scheduler_job.py:633} INFO - Processing file /home/airflow/.local/lib/python3.6/site-packages/airflow/example_dags/example_latest_only_with_trigger.py for tasks to queue
[2025-02-15 14:51:56,080] {logging_mixin.py:104} INFO - [2025-02-15 14:51:56,080] {dagbag.py:496} INFO - Filling up the DagBag from /home/airflow/.local/lib/python3.6/site-packages/airflow/example_dags/example_latest_only_with_trigger.py
[2025-02-15 14:51:56,096] {scheduler_job.py:643} INFO - DAG(s) dict_keys(['latest_only_with_trigger']) retrieved from /home/airflow/.local/lib/python3.6/site-packages/airflow/example_dags/example_latest_only_with_trigger.py
[2025-02-15 14:51:56,126] {logging_mixin.py:104} INFO - [2025-02-15 14:51:56,126] {dag.py:1833} INFO - Sync 1 DAGs
[2025-02-15 14:51:56,148] {logging_mixin.py:104} INFO - [2025-02-15 14:51:56,148] {dag.py:2306} INFO - Setting next_dagrun for latest_only_with_trigger to 2025-02-13 00:00:00+00:00
[2025-02-15 14:51:56,169] {scheduler_job.py:190} INFO - Processing /home/airflow/.local/lib/python3.6/site-packages/airflow/example_dags/example_latest_only_with_trigger.py took 0.095 seconds
[2025-02-15 15:12:40,674] {scheduler_job.py:182} INFO - Started process (PID=737) to work on /home/airflow/.local/lib/python3.6/site-packages/airflow/example_dags/example_latest_only_with_trigger.py
[2025-02-15 15:12:40,678] {scheduler_job.py:633} INFO - Processing file /home/airflow/.local/lib/python3.6/site-packages/airflow/example_dags/example_latest_only_with_trigger.py for tasks to queue
[2025-02-15 15:12:40,679] {logging_mixin.py:104} INFO - [2025-02-15 15:12:40,679] {dagbag.py:496} INFO - Filling up the DagBag from /home/airflow/.local/lib/python3.6/site-packages/airflow/example_dags/example_latest_only_with_trigger.py
[2025-02-15 15:12:40,702] {scheduler_job.py:643} INFO - DAG(s) dict_keys(['latest_only_with_trigger']) retrieved from /home/airflow/.local/lib/python3.6/site-packages/airflow/example_dags/example_latest_only_with_trigger.py
[2025-02-15 15:12:40,762] {logging_mixin.py:104} INFO - [2025-02-15 15:12:40,762] {dag.py:1833} INFO - Sync 1 DAGs
[2025-02-15 15:12:40,790] {logging_mixin.py:104} INFO - [2025-02-15 15:12:40,790] {dag.py:2306} INFO - Setting next_dagrun for latest_only_with_trigger to 2025-02-13 00:00:00+00:00
[2025-02-15 15:12:40,818] {scheduler_job.py:190} INFO - Processing /home/airflow/.local/lib/python3.6/site-packages/airflow/example_dags/example_latest_only_with_trigger.py took 0.149 seconds
[2025-02-15 15:13:11,731] {scheduler_job.py:182} INFO - Started process (PID=790) to work on /home/airflow/.local/lib/python3.6/site-packages/airflow/example_dags/example_latest_only_with_trigger.py
[2025-02-15 15:13:11,735] {scheduler_job.py:633} INFO - Processing file /home/airflow/.local/lib/python3.6/site-packages/airflow/example_dags/example_latest_only_with_trigger.py for tasks to queue
[2025-02-15 15:13:11,738] {logging_mixin.py:104} INFO - [2025-02-15 15:13:11,737] {dagbag.py:496} INFO - Filling up the DagBag from /home/airflow/.local/lib/python3.6/site-packages/airflow/example_dags/example_latest_only_with_trigger.py
[2025-02-15 15:13:11,775] {scheduler_job.py:643} INFO - DAG(s) dict_keys(['latest_only_with_trigger']) retrieved from /home/airflow/.local/lib/python3.6/site-packages/airflow/example_dags/example_latest_only_with_trigger.py
[2025-02-15 15:13:11,858] {logging_mixin.py:104} INFO - [2025-02-15 15:13:11,858] {dag.py:1833} INFO - Sync 1 DAGs
[2025-02-15 15:13:11,903] {logging_mixin.py:104} INFO - [2025-02-15 15:13:11,902] {dag.py:2306} INFO - Setting next_dagrun for latest_only_with_trigger to 2025-02-13 00:00:00+00:00
[2025-02-15 15:13:11,938] {scheduler_job.py:190} INFO - Processing /home/airflow/.local/lib/python3.6/site-packages/airflow/example_dags/example_latest_only_with_trigger.py took 0.218 seconds
[2025-02-15 15:20:40,568] {scheduler_job.py:182} INFO - Started process (PID=87) to work on /home/airflow/.local/lib/python3.6/site-packages/airflow/example_dags/example_latest_only_with_trigger.py
[2025-02-15 15:20:40,572] {scheduler_job.py:633} INFO - Processing file /home/airflow/.local/lib/python3.6/site-packages/airflow/example_dags/example_latest_only_with_trigger.py for tasks to queue
[2025-02-15 15:20:40,574] {logging_mixin.py:104} INFO - [2025-02-15 15:20:40,574] {dagbag.py:496} INFO - Filling up the DagBag from /home/airflow/.local/lib/python3.6/site-packages/airflow/example_dags/example_latest_only_with_trigger.py
[2025-02-15 15:20:40,694] {scheduler_job.py:643} INFO - DAG(s) dict_keys(['latest_only_with_trigger']) retrieved from /home/airflow/.local/lib/python3.6/site-packages/airflow/example_dags/example_latest_only_with_trigger.py
[2025-02-15 15:20:40,860] {logging_mixin.py:104} INFO - [2025-02-15 15:20:40,860] {dag.py:1833} INFO - Sync 1 DAGs
[2025-02-15 15:20:40,948] {logging_mixin.py:104} INFO - [2025-02-15 15:20:40,948] {dag.py:2306} INFO - Setting next_dagrun for latest_only_with_trigger to 2025-02-13 00:00:00+00:00
[2025-02-15 15:20:41,010] {scheduler_job.py:190} INFO - Processing /home/airflow/.local/lib/python3.6/site-packages/airflow/example_dags/example_latest_only_with_trigger.py took 0.473 seconds
[2025-02-15 15:21:15,780] {scheduler_job.py:182} INFO - Started process (PID=139) to work on /home/airflow/.local/lib/python3.6/site-packages/airflow/example_dags/example_latest_only_with_trigger.py
[2025-02-15 15:21:15,787] {scheduler_job.py:633} INFO - Processing file /home/airflow/.local/lib/python3.6/site-packages/airflow/example_dags/example_latest_only_with_trigger.py for tasks to queue
[2025-02-15 15:21:15,795] {logging_mixin.py:104} INFO - [2025-02-15 15:21:15,794] {dagbag.py:496} INFO - Filling up the DagBag from /home/airflow/.local/lib/python3.6/site-packages/airflow/example_dags/example_latest_only_with_trigger.py
[2025-02-15 15:21:15,988] {scheduler_job.py:643} INFO - DAG(s) dict_keys(['latest_only_with_trigger']) retrieved from /home/airflow/.local/lib/python3.6/site-packages/airflow/example_dags/example_latest_only_with_trigger.py
[2025-02-15 15:21:16,301] {logging_mixin.py:104} INFO - [2025-02-15 15:21:16,301] {dag.py:1833} INFO - Sync 1 DAGs
[2025-02-15 15:21:16,485] {logging_mixin.py:104} INFO - [2025-02-15 15:21:16,485] {dag.py:2306} INFO - Setting next_dagrun for latest_only_with_trigger to 2025-02-13 00:00:00+00:00
[2025-02-15 15:21:16,623] {scheduler_job.py:190} INFO - Processing /home/airflow/.local/lib/python3.6/site-packages/airflow/example_dags/example_latest_only_with_trigger.py took 0.877 seconds
[2025-02-15 15:22:01,659] {scheduler_job.py:182} INFO - Started process (PID=193) to work on /home/airflow/.local/lib/python3.6/site-packages/airflow/example_dags/example_latest_only_with_trigger.py
[2025-02-15 15:22:01,695] {scheduler_job.py:633} INFO - Processing file /home/airflow/.local/lib/python3.6/site-packages/airflow/example_dags/example_latest_only_with_trigger.py for tasks to queue
[2025-02-15 15:22:01,733] {logging_mixin.py:104} INFO - [2025-02-15 15:22:01,717] {dagbag.py:496} INFO - Filling up the DagBag from /home/airflow/.local/lib/python3.6/site-packages/airflow/example_dags/example_latest_only_with_trigger.py
[2025-02-15 15:22:01,984] {scheduler_job.py:643} INFO - DAG(s) dict_keys(['latest_only_with_trigger']) retrieved from /home/airflow/.local/lib/python3.6/site-packages/airflow/example_dags/example_latest_only_with_trigger.py
[2025-02-15 15:22:02,257] {logging_mixin.py:104} INFO - [2025-02-15 15:22:02,256] {dag.py:1833} INFO - Sync 1 DAGs
[2025-02-15 15:22:02,479] {logging_mixin.py:104} INFO - [2025-02-15 15:22:02,478] {dag.py:2306} INFO - Setting next_dagrun for latest_only_with_trigger to 2025-02-13 00:00:00+00:00
[2025-02-15 15:22:02,788] {scheduler_job.py:190} INFO - Processing /home/airflow/.local/lib/python3.6/site-packages/airflow/example_dags/example_latest_only_with_trigger.py took 1.167 seconds
