[2025-02-15 13:54:02,782] {scheduler_job.py:182} INFO - Started process (PID=63) to work on /home/airflow/.local/lib/python3.6/site-packages/airflow/example_dags/tutorial_taskflow_api_etl.py
[2025-02-15 13:54:02,790] {scheduler_job.py:633} INFO - Processing file /home/airflow/.local/lib/python3.6/site-packages/airflow/example_dags/tutorial_taskflow_api_etl.py for tasks to queue
[2025-02-15 13:54:02,799] {logging_mixin.py:104} INFO - [2025-02-15 13:54:02,798] {dagbag.py:496} INFO - Filling up the DagBag from /home/airflow/.local/lib/python3.6/site-packages/airflow/example_dags/tutorial_taskflow_api_etl.py
[2025-02-15 13:54:02,893] {scheduler_job.py:643} INFO - DAG(s) dict_keys(['tutorial_taskflow_api_etl']) retrieved from /home/airflow/.local/lib/python3.6/site-packages/airflow/example_dags/tutorial_taskflow_api_etl.py
[2025-02-15 13:54:04,894] {logging_mixin.py:104} INFO - [2025-02-15 13:54:04,894] {dag.py:1833} INFO - Sync 1 DAGs
[2025-02-15 13:54:04,962] {logging_mixin.py:104} INFO - [2025-02-15 13:54:04,962] {dag.py:2306} INFO - Setting next_dagrun for tutorial_taskflow_api_etl to None
[2025-02-15 13:54:05,018] {scheduler_job.py:190} INFO - Processing /home/airflow/.local/lib/python3.6/site-packages/airflow/example_dags/tutorial_taskflow_api_etl.py took 2.287 seconds
[2025-02-15 13:54:37,208] {scheduler_job.py:182} INFO - Started process (PID=110) to work on /home/airflow/.local/lib/python3.6/site-packages/airflow/example_dags/tutorial_taskflow_api_etl.py
[2025-02-15 13:54:37,211] {scheduler_job.py:633} INFO - Processing file /home/airflow/.local/lib/python3.6/site-packages/airflow/example_dags/tutorial_taskflow_api_etl.py for tasks to queue
[2025-02-15 13:54:37,213] {logging_mixin.py:104} INFO - [2025-02-15 13:54:37,213] {dagbag.py:496} INFO - Filling up the DagBag from /home/airflow/.local/lib/python3.6/site-packages/airflow/example_dags/tutorial_taskflow_api_etl.py
[2025-02-15 13:54:37,456] {scheduler_job.py:643} INFO - DAG(s) dict_keys(['tutorial_taskflow_api_etl']) retrieved from /home/airflow/.local/lib/python3.6/site-packages/airflow/example_dags/tutorial_taskflow_api_etl.py
[2025-02-15 13:54:40,412] {logging_mixin.py:104} INFO - [2025-02-15 13:54:40,412] {dag.py:1833} INFO - Sync 1 DAGs
[2025-02-15 13:54:40,970] {logging_mixin.py:104} INFO - [2025-02-15 13:54:40,970] {dag.py:2306} INFO - Setting next_dagrun for tutorial_taskflow_api_etl to None
[2025-02-15 13:54:41,337] {scheduler_job.py:190} INFO - Processing /home/airflow/.local/lib/python3.6/site-packages/airflow/example_dags/tutorial_taskflow_api_etl.py took 4.192 seconds
[2025-02-15 13:55:17,020] {scheduler_job.py:182} INFO - Started process (PID=163) to work on /home/airflow/.local/lib/python3.6/site-packages/airflow/example_dags/tutorial_taskflow_api_etl.py
[2025-02-15 13:55:17,038] {scheduler_job.py:633} INFO - Processing file /home/airflow/.local/lib/python3.6/site-packages/airflow/example_dags/tutorial_taskflow_api_etl.py for tasks to queue
[2025-02-15 13:55:17,070] {logging_mixin.py:104} INFO - [2025-02-15 13:55:17,048] {dagbag.py:496} INFO - Filling up the DagBag from /home/airflow/.local/lib/python3.6/site-packages/airflow/example_dags/tutorial_taskflow_api_etl.py
[2025-02-15 13:55:17,381] {scheduler_job.py:643} INFO - DAG(s) dict_keys(['tutorial_taskflow_api_etl']) retrieved from /home/airflow/.local/lib/python3.6/site-packages/airflow/example_dags/tutorial_taskflow_api_etl.py
[2025-02-15 13:55:20,815] {logging_mixin.py:104} INFO - [2025-02-15 13:55:20,814] {dag.py:1833} INFO - Sync 1 DAGs
[2025-02-15 13:55:21,053] {logging_mixin.py:104} INFO - [2025-02-15 13:55:21,053] {dag.py:2306} INFO - Setting next_dagrun for tutorial_taskflow_api_etl to None
[2025-02-15 13:55:21,213] {scheduler_job.py:190} INFO - Processing /home/airflow/.local/lib/python3.6/site-packages/airflow/example_dags/tutorial_taskflow_api_etl.py took 4.250 seconds
[2025-02-15 13:55:52,141] {scheduler_job.py:182} INFO - Started process (PID=217) to work on /home/airflow/.local/lib/python3.6/site-packages/airflow/example_dags/tutorial_taskflow_api_etl.py
[2025-02-15 13:55:52,147] {scheduler_job.py:633} INFO - Processing file /home/airflow/.local/lib/python3.6/site-packages/airflow/example_dags/tutorial_taskflow_api_etl.py for tasks to queue
[2025-02-15 13:55:52,149] {logging_mixin.py:104} INFO - [2025-02-15 13:55:52,148] {dagbag.py:496} INFO - Filling up the DagBag from /home/airflow/.local/lib/python3.6/site-packages/airflow/example_dags/tutorial_taskflow_api_etl.py
[2025-02-15 13:55:52,193] {scheduler_job.py:643} INFO - DAG(s) dict_keys(['tutorial_taskflow_api_etl']) retrieved from /home/airflow/.local/lib/python3.6/site-packages/airflow/example_dags/tutorial_taskflow_api_etl.py
[2025-02-15 13:55:52,489] {logging_mixin.py:104} INFO - [2025-02-15 13:55:52,489] {dag.py:1833} INFO - Sync 1 DAGs
[2025-02-15 13:55:52,509] {logging_mixin.py:104} INFO - [2025-02-15 13:55:52,508] {dag.py:2306} INFO - Setting next_dagrun for tutorial_taskflow_api_etl to None
[2025-02-15 13:55:52,523] {scheduler_job.py:190} INFO - Processing /home/airflow/.local/lib/python3.6/site-packages/airflow/example_dags/tutorial_taskflow_api_etl.py took 0.390 seconds
[2025-02-15 13:56:22,722] {scheduler_job.py:182} INFO - Started process (PID=275) to work on /home/airflow/.local/lib/python3.6/site-packages/airflow/example_dags/tutorial_taskflow_api_etl.py
[2025-02-15 13:56:22,731] {scheduler_job.py:633} INFO - Processing file /home/airflow/.local/lib/python3.6/site-packages/airflow/example_dags/tutorial_taskflow_api_etl.py for tasks to queue
[2025-02-15 13:56:22,735] {logging_mixin.py:104} INFO - [2025-02-15 13:56:22,734] {dagbag.py:496} INFO - Filling up the DagBag from /home/airflow/.local/lib/python3.6/site-packages/airflow/example_dags/tutorial_taskflow_api_etl.py
[2025-02-15 13:56:22,843] {scheduler_job.py:643} INFO - DAG(s) dict_keys(['tutorial_taskflow_api_etl']) retrieved from /home/airflow/.local/lib/python3.6/site-packages/airflow/example_dags/tutorial_taskflow_api_etl.py
[2025-02-15 13:56:23,678] {logging_mixin.py:104} INFO - [2025-02-15 13:56:23,678] {dag.py:1833} INFO - Sync 1 DAGs
[2025-02-15 13:56:23,714] {logging_mixin.py:104} INFO - [2025-02-15 13:56:23,714] {dag.py:2306} INFO - Setting next_dagrun for tutorial_taskflow_api_etl to None
[2025-02-15 13:56:23,746] {scheduler_job.py:190} INFO - Processing /home/airflow/.local/lib/python3.6/site-packages/airflow/example_dags/tutorial_taskflow_api_etl.py took 1.051 seconds
[2025-02-15 13:56:54,058] {scheduler_job.py:182} INFO - Started process (PID=329) to work on /home/airflow/.local/lib/python3.6/site-packages/airflow/example_dags/tutorial_taskflow_api_etl.py
[2025-02-15 13:56:54,061] {scheduler_job.py:633} INFO - Processing file /home/airflow/.local/lib/python3.6/site-packages/airflow/example_dags/tutorial_taskflow_api_etl.py for tasks to queue
[2025-02-15 13:56:54,062] {logging_mixin.py:104} INFO - [2025-02-15 13:56:54,062] {dagbag.py:496} INFO - Filling up the DagBag from /home/airflow/.local/lib/python3.6/site-packages/airflow/example_dags/tutorial_taskflow_api_etl.py
[2025-02-15 13:56:54,097] {scheduler_job.py:643} INFO - DAG(s) dict_keys(['tutorial_taskflow_api_etl']) retrieved from /home/airflow/.local/lib/python3.6/site-packages/airflow/example_dags/tutorial_taskflow_api_etl.py
[2025-02-15 13:56:54,767] {logging_mixin.py:104} INFO - [2025-02-15 13:56:54,766] {dag.py:1833} INFO - Sync 1 DAGs
[2025-02-15 13:56:54,810] {logging_mixin.py:104} INFO - [2025-02-15 13:56:54,810] {dag.py:2306} INFO - Setting next_dagrun for tutorial_taskflow_api_etl to None
[2025-02-15 13:56:54,849] {scheduler_job.py:190} INFO - Processing /home/airflow/.local/lib/python3.6/site-packages/airflow/example_dags/tutorial_taskflow_api_etl.py took 0.796 seconds
[2025-02-15 13:57:25,758] {scheduler_job.py:182} INFO - Started process (PID=381) to work on /home/airflow/.local/lib/python3.6/site-packages/airflow/example_dags/tutorial_taskflow_api_etl.py
[2025-02-15 13:57:25,760] {scheduler_job.py:633} INFO - Processing file /home/airflow/.local/lib/python3.6/site-packages/airflow/example_dags/tutorial_taskflow_api_etl.py for tasks to queue
[2025-02-15 13:57:25,761] {logging_mixin.py:104} INFO - [2025-02-15 13:57:25,761] {dagbag.py:496} INFO - Filling up the DagBag from /home/airflow/.local/lib/python3.6/site-packages/airflow/example_dags/tutorial_taskflow_api_etl.py
[2025-02-15 13:57:25,790] {scheduler_job.py:643} INFO - DAG(s) dict_keys(['tutorial_taskflow_api_etl']) retrieved from /home/airflow/.local/lib/python3.6/site-packages/airflow/example_dags/tutorial_taskflow_api_etl.py
[2025-02-15 13:57:26,391] {logging_mixin.py:104} INFO - [2025-02-15 13:57:26,391] {dag.py:1833} INFO - Sync 1 DAGs
[2025-02-15 13:57:26,428] {logging_mixin.py:104} INFO - [2025-02-15 13:57:26,427] {dag.py:2306} INFO - Setting next_dagrun for tutorial_taskflow_api_etl to None
[2025-02-15 13:57:26,456] {scheduler_job.py:190} INFO - Processing /home/airflow/.local/lib/python3.6/site-packages/airflow/example_dags/tutorial_taskflow_api_etl.py took 0.703 seconds
[2025-02-15 13:57:57,107] {scheduler_job.py:182} INFO - Started process (PID=432) to work on /home/airflow/.local/lib/python3.6/site-packages/airflow/example_dags/tutorial_taskflow_api_etl.py
[2025-02-15 13:57:57,111] {scheduler_job.py:633} INFO - Processing file /home/airflow/.local/lib/python3.6/site-packages/airflow/example_dags/tutorial_taskflow_api_etl.py for tasks to queue
[2025-02-15 13:57:57,112] {logging_mixin.py:104} INFO - [2025-02-15 13:57:57,112] {dagbag.py:496} INFO - Filling up the DagBag from /home/airflow/.local/lib/python3.6/site-packages/airflow/example_dags/tutorial_taskflow_api_etl.py
[2025-02-15 13:57:57,148] {scheduler_job.py:643} INFO - DAG(s) dict_keys(['tutorial_taskflow_api_etl']) retrieved from /home/airflow/.local/lib/python3.6/site-packages/airflow/example_dags/tutorial_taskflow_api_etl.py
[2025-02-15 13:57:57,401] {logging_mixin.py:104} INFO - [2025-02-15 13:57:57,401] {dag.py:1833} INFO - Sync 1 DAGs
[2025-02-15 13:57:57,419] {logging_mixin.py:104} INFO - [2025-02-15 13:57:57,419] {dag.py:2306} INFO - Setting next_dagrun for tutorial_taskflow_api_etl to None
[2025-02-15 13:57:57,434] {scheduler_job.py:190} INFO - Processing /home/airflow/.local/lib/python3.6/site-packages/airflow/example_dags/tutorial_taskflow_api_etl.py took 0.335 seconds
[2025-02-15 13:58:27,680] {scheduler_job.py:182} INFO - Started process (PID=483) to work on /home/airflow/.local/lib/python3.6/site-packages/airflow/example_dags/tutorial_taskflow_api_etl.py
[2025-02-15 13:58:27,686] {scheduler_job.py:633} INFO - Processing file /home/airflow/.local/lib/python3.6/site-packages/airflow/example_dags/tutorial_taskflow_api_etl.py for tasks to queue
[2025-02-15 13:58:27,690] {logging_mixin.py:104} INFO - [2025-02-15 13:58:27,689] {dagbag.py:496} INFO - Filling up the DagBag from /home/airflow/.local/lib/python3.6/site-packages/airflow/example_dags/tutorial_taskflow_api_etl.py
[2025-02-15 13:58:27,736] {scheduler_job.py:643} INFO - DAG(s) dict_keys(['tutorial_taskflow_api_etl']) retrieved from /home/airflow/.local/lib/python3.6/site-packages/airflow/example_dags/tutorial_taskflow_api_etl.py
[2025-02-15 13:58:28,008] {logging_mixin.py:104} INFO - [2025-02-15 13:58:28,008] {dag.py:1833} INFO - Sync 1 DAGs
[2025-02-15 13:58:28,021] {logging_mixin.py:104} INFO - [2025-02-15 13:58:28,021] {dag.py:2306} INFO - Setting next_dagrun for tutorial_taskflow_api_etl to None
[2025-02-15 13:58:28,039] {scheduler_job.py:190} INFO - Processing /home/airflow/.local/lib/python3.6/site-packages/airflow/example_dags/tutorial_taskflow_api_etl.py took 0.370 seconds
[2025-02-15 13:58:58,075] {scheduler_job.py:182} INFO - Started process (PID=545) to work on /home/airflow/.local/lib/python3.6/site-packages/airflow/example_dags/tutorial_taskflow_api_etl.py
[2025-02-15 13:58:58,081] {scheduler_job.py:633} INFO - Processing file /home/airflow/.local/lib/python3.6/site-packages/airflow/example_dags/tutorial_taskflow_api_etl.py for tasks to queue
[2025-02-15 13:58:58,082] {logging_mixin.py:104} INFO - [2025-02-15 13:58:58,082] {dagbag.py:496} INFO - Filling up the DagBag from /home/airflow/.local/lib/python3.6/site-packages/airflow/example_dags/tutorial_taskflow_api_etl.py
[2025-02-15 13:58:58,111] {scheduler_job.py:643} INFO - DAG(s) dict_keys(['tutorial_taskflow_api_etl']) retrieved from /home/airflow/.local/lib/python3.6/site-packages/airflow/example_dags/tutorial_taskflow_api_etl.py
[2025-02-15 13:58:58,412] {logging_mixin.py:104} INFO - [2025-02-15 13:58:58,411] {dag.py:1833} INFO - Sync 1 DAGs
[2025-02-15 13:58:58,430] {logging_mixin.py:104} INFO - [2025-02-15 13:58:58,430] {dag.py:2306} INFO - Setting next_dagrun for tutorial_taskflow_api_etl to None
[2025-02-15 13:58:58,445] {scheduler_job.py:190} INFO - Processing /home/airflow/.local/lib/python3.6/site-packages/airflow/example_dags/tutorial_taskflow_api_etl.py took 0.374 seconds
[2025-02-15 13:59:28,864] {scheduler_job.py:182} INFO - Started process (PID=604) to work on /home/airflow/.local/lib/python3.6/site-packages/airflow/example_dags/tutorial_taskflow_api_etl.py
[2025-02-15 13:59:28,865] {scheduler_job.py:633} INFO - Processing file /home/airflow/.local/lib/python3.6/site-packages/airflow/example_dags/tutorial_taskflow_api_etl.py for tasks to queue
[2025-02-15 13:59:28,866] {logging_mixin.py:104} INFO - [2025-02-15 13:59:28,866] {dagbag.py:496} INFO - Filling up the DagBag from /home/airflow/.local/lib/python3.6/site-packages/airflow/example_dags/tutorial_taskflow_api_etl.py
[2025-02-15 13:59:28,884] {scheduler_job.py:643} INFO - DAG(s) dict_keys(['tutorial_taskflow_api_etl']) retrieved from /home/airflow/.local/lib/python3.6/site-packages/airflow/example_dags/tutorial_taskflow_api_etl.py
[2025-02-15 13:59:29,100] {logging_mixin.py:104} INFO - [2025-02-15 13:59:29,100] {dag.py:1833} INFO - Sync 1 DAGs
[2025-02-15 13:59:29,115] {logging_mixin.py:104} INFO - [2025-02-15 13:59:29,115] {dag.py:2306} INFO - Setting next_dagrun for tutorial_taskflow_api_etl to None
[2025-02-15 13:59:29,129] {scheduler_job.py:190} INFO - Processing /home/airflow/.local/lib/python3.6/site-packages/airflow/example_dags/tutorial_taskflow_api_etl.py took 0.269 seconds
[2025-02-15 13:59:59,329] {scheduler_job.py:182} INFO - Started process (PID=659) to work on /home/airflow/.local/lib/python3.6/site-packages/airflow/example_dags/tutorial_taskflow_api_etl.py
[2025-02-15 13:59:59,335] {scheduler_job.py:633} INFO - Processing file /home/airflow/.local/lib/python3.6/site-packages/airflow/example_dags/tutorial_taskflow_api_etl.py for tasks to queue
[2025-02-15 13:59:59,336] {logging_mixin.py:104} INFO - [2025-02-15 13:59:59,336] {dagbag.py:496} INFO - Filling up the DagBag from /home/airflow/.local/lib/python3.6/site-packages/airflow/example_dags/tutorial_taskflow_api_etl.py
[2025-02-15 13:59:59,354] {scheduler_job.py:643} INFO - DAG(s) dict_keys(['tutorial_taskflow_api_etl']) retrieved from /home/airflow/.local/lib/python3.6/site-packages/airflow/example_dags/tutorial_taskflow_api_etl.py
[2025-02-15 13:59:59,566] {logging_mixin.py:104} INFO - [2025-02-15 13:59:59,566] {dag.py:1833} INFO - Sync 1 DAGs
[2025-02-15 13:59:59,580] {logging_mixin.py:104} INFO - [2025-02-15 13:59:59,580] {dag.py:2306} INFO - Setting next_dagrun for tutorial_taskflow_api_etl to None
[2025-02-15 13:59:59,599] {scheduler_job.py:190} INFO - Processing /home/airflow/.local/lib/python3.6/site-packages/airflow/example_dags/tutorial_taskflow_api_etl.py took 0.275 seconds
[2025-02-15 14:01:29,251] {scheduler_job.py:182} INFO - Started process (PID=63) to work on /home/airflow/.local/lib/python3.6/site-packages/airflow/example_dags/tutorial_taskflow_api_etl.py
[2025-02-15 14:01:29,255] {scheduler_job.py:633} INFO - Processing file /home/airflow/.local/lib/python3.6/site-packages/airflow/example_dags/tutorial_taskflow_api_etl.py for tasks to queue
[2025-02-15 14:01:29,257] {logging_mixin.py:104} INFO - [2025-02-15 14:01:29,256] {dagbag.py:496} INFO - Filling up the DagBag from /home/airflow/.local/lib/python3.6/site-packages/airflow/example_dags/tutorial_taskflow_api_etl.py
[2025-02-15 14:01:29,319] {scheduler_job.py:643} INFO - DAG(s) dict_keys(['tutorial_taskflow_api_etl']) retrieved from /home/airflow/.local/lib/python3.6/site-packages/airflow/example_dags/tutorial_taskflow_api_etl.py
[2025-02-15 14:01:29,951] {logging_mixin.py:104} INFO - [2025-02-15 14:01:29,951] {dag.py:1833} INFO - Sync 1 DAGs
[2025-02-15 14:01:30,011] {logging_mixin.py:104} INFO - [2025-02-15 14:01:30,010] {dag.py:2306} INFO - Setting next_dagrun for tutorial_taskflow_api_etl to None
[2025-02-15 14:01:30,048] {scheduler_job.py:190} INFO - Processing /home/airflow/.local/lib/python3.6/site-packages/airflow/example_dags/tutorial_taskflow_api_etl.py took 0.808 seconds
[2025-02-15 14:06:44,749] {scheduler_job.py:182} INFO - Started process (PID=167) to work on /home/airflow/.local/lib/python3.6/site-packages/airflow/example_dags/tutorial_taskflow_api_etl.py
[2025-02-15 14:06:44,754] {scheduler_job.py:633} INFO - Processing file /home/airflow/.local/lib/python3.6/site-packages/airflow/example_dags/tutorial_taskflow_api_etl.py for tasks to queue
[2025-02-15 14:06:44,757] {logging_mixin.py:104} INFO - [2025-02-15 14:06:44,756] {dagbag.py:496} INFO - Filling up the DagBag from /home/airflow/.local/lib/python3.6/site-packages/airflow/example_dags/tutorial_taskflow_api_etl.py
[2025-02-15 14:06:44,881] {scheduler_job.py:643} INFO - DAG(s) dict_keys(['tutorial_taskflow_api_etl']) retrieved from /home/airflow/.local/lib/python3.6/site-packages/airflow/example_dags/tutorial_taskflow_api_etl.py
[2025-02-15 14:06:55,676] {logging_mixin.py:104} INFO - [2025-02-15 14:06:55,669] {dag.py:1833} INFO - Sync 1 DAGs
[2025-02-15 14:06:55,715] {logging_mixin.py:104} INFO - [2025-02-15 14:06:55,707] {dag.py:1852} INFO - Creating ORM DAG for tutorial_taskflow_api_etl
[2025-02-15 14:06:55,741] {logging_mixin.py:104} INFO - [2025-02-15 14:06:55,740] {dag.py:2306} INFO - Setting next_dagrun for tutorial_taskflow_api_etl to None
[2025-02-15 14:06:55,798] {scheduler_job.py:190} INFO - Processing /home/airflow/.local/lib/python3.6/site-packages/airflow/example_dags/tutorial_taskflow_api_etl.py took 12.795 seconds
[2025-02-15 14:07:49,492] {scheduler_job.py:182} INFO - Started process (PID=415) to work on /home/airflow/.local/lib/python3.6/site-packages/airflow/example_dags/tutorial_taskflow_api_etl.py
[2025-02-15 14:07:49,495] {scheduler_job.py:633} INFO - Processing file /home/airflow/.local/lib/python3.6/site-packages/airflow/example_dags/tutorial_taskflow_api_etl.py for tasks to queue
[2025-02-15 14:07:49,497] {logging_mixin.py:104} INFO - [2025-02-15 14:07:49,496] {dagbag.py:496} INFO - Filling up the DagBag from /home/airflow/.local/lib/python3.6/site-packages/airflow/example_dags/tutorial_taskflow_api_etl.py
[2025-02-15 14:07:49,554] {scheduler_job.py:643} INFO - DAG(s) dict_keys(['tutorial_taskflow_api_etl']) retrieved from /home/airflow/.local/lib/python3.6/site-packages/airflow/example_dags/tutorial_taskflow_api_etl.py
[2025-02-15 14:07:50,073] {logging_mixin.py:104} INFO - [2025-02-15 14:07:50,073] {dag.py:1833} INFO - Sync 1 DAGs
[2025-02-15 14:07:50,108] {logging_mixin.py:104} INFO - [2025-02-15 14:07:50,108] {dag.py:2306} INFO - Setting next_dagrun for tutorial_taskflow_api_etl to None
[2025-02-15 14:07:50,140] {scheduler_job.py:190} INFO - Processing /home/airflow/.local/lib/python3.6/site-packages/airflow/example_dags/tutorial_taskflow_api_etl.py took 0.661 seconds
[2025-02-15 14:08:20,359] {scheduler_job.py:182} INFO - Started process (PID=478) to work on /home/airflow/.local/lib/python3.6/site-packages/airflow/example_dags/tutorial_taskflow_api_etl.py
[2025-02-15 14:08:20,362] {scheduler_job.py:633} INFO - Processing file /home/airflow/.local/lib/python3.6/site-packages/airflow/example_dags/tutorial_taskflow_api_etl.py for tasks to queue
[2025-02-15 14:08:20,364] {logging_mixin.py:104} INFO - [2025-02-15 14:08:20,363] {dagbag.py:496} INFO - Filling up the DagBag from /home/airflow/.local/lib/python3.6/site-packages/airflow/example_dags/tutorial_taskflow_api_etl.py
[2025-02-15 14:08:20,395] {scheduler_job.py:643} INFO - DAG(s) dict_keys(['tutorial_taskflow_api_etl']) retrieved from /home/airflow/.local/lib/python3.6/site-packages/airflow/example_dags/tutorial_taskflow_api_etl.py
[2025-02-15 14:08:20,668] {logging_mixin.py:104} INFO - [2025-02-15 14:08:20,668] {dag.py:1833} INFO - Sync 1 DAGs
[2025-02-15 14:08:20,682] {logging_mixin.py:104} INFO - [2025-02-15 14:08:20,682] {dag.py:2306} INFO - Setting next_dagrun for tutorial_taskflow_api_etl to None
[2025-02-15 14:08:20,696] {scheduler_job.py:190} INFO - Processing /home/airflow/.local/lib/python3.6/site-packages/airflow/example_dags/tutorial_taskflow_api_etl.py took 0.344 seconds
[2025-02-15 14:08:50,922] {scheduler_job.py:182} INFO - Started process (PID=532) to work on /home/airflow/.local/lib/python3.6/site-packages/airflow/example_dags/tutorial_taskflow_api_etl.py
[2025-02-15 14:08:50,924] {scheduler_job.py:633} INFO - Processing file /home/airflow/.local/lib/python3.6/site-packages/airflow/example_dags/tutorial_taskflow_api_etl.py for tasks to queue
[2025-02-15 14:08:50,927] {logging_mixin.py:104} INFO - [2025-02-15 14:08:50,927] {dagbag.py:496} INFO - Filling up the DagBag from /home/airflow/.local/lib/python3.6/site-packages/airflow/example_dags/tutorial_taskflow_api_etl.py
[2025-02-15 14:08:50,964] {scheduler_job.py:643} INFO - DAG(s) dict_keys(['tutorial_taskflow_api_etl']) retrieved from /home/airflow/.local/lib/python3.6/site-packages/airflow/example_dags/tutorial_taskflow_api_etl.py
[2025-02-15 14:08:51,304] {logging_mixin.py:104} INFO - [2025-02-15 14:08:51,304] {dag.py:1833} INFO - Sync 1 DAGs
[2025-02-15 14:08:51,321] {logging_mixin.py:104} INFO - [2025-02-15 14:08:51,321] {dag.py:2306} INFO - Setting next_dagrun for tutorial_taskflow_api_etl to None
[2025-02-15 14:08:51,345] {scheduler_job.py:190} INFO - Processing /home/airflow/.local/lib/python3.6/site-packages/airflow/example_dags/tutorial_taskflow_api_etl.py took 0.432 seconds
[2025-02-15 14:09:21,616] {scheduler_job.py:182} INFO - Started process (PID=594) to work on /home/airflow/.local/lib/python3.6/site-packages/airflow/example_dags/tutorial_taskflow_api_etl.py
[2025-02-15 14:09:21,617] {scheduler_job.py:633} INFO - Processing file /home/airflow/.local/lib/python3.6/site-packages/airflow/example_dags/tutorial_taskflow_api_etl.py for tasks to queue
[2025-02-15 14:09:21,618] {logging_mixin.py:104} INFO - [2025-02-15 14:09:21,618] {dagbag.py:496} INFO - Filling up the DagBag from /home/airflow/.local/lib/python3.6/site-packages/airflow/example_dags/tutorial_taskflow_api_etl.py
[2025-02-15 14:09:21,639] {scheduler_job.py:643} INFO - DAG(s) dict_keys(['tutorial_taskflow_api_etl']) retrieved from /home/airflow/.local/lib/python3.6/site-packages/airflow/example_dags/tutorial_taskflow_api_etl.py
[2025-02-15 14:09:21,875] {logging_mixin.py:104} INFO - [2025-02-15 14:09:21,875] {dag.py:1833} INFO - Sync 1 DAGs
[2025-02-15 14:09:21,893] {logging_mixin.py:104} INFO - [2025-02-15 14:09:21,893] {dag.py:2306} INFO - Setting next_dagrun for tutorial_taskflow_api_etl to None
[2025-02-15 14:09:21,912] {scheduler_job.py:190} INFO - Processing /home/airflow/.local/lib/python3.6/site-packages/airflow/example_dags/tutorial_taskflow_api_etl.py took 0.301 seconds
[2025-02-15 14:09:52,405] {scheduler_job.py:182} INFO - Started process (PID=646) to work on /home/airflow/.local/lib/python3.6/site-packages/airflow/example_dags/tutorial_taskflow_api_etl.py
[2025-02-15 14:09:52,407] {scheduler_job.py:633} INFO - Processing file /home/airflow/.local/lib/python3.6/site-packages/airflow/example_dags/tutorial_taskflow_api_etl.py for tasks to queue
[2025-02-15 14:09:52,409] {logging_mixin.py:104} INFO - [2025-02-15 14:09:52,409] {dagbag.py:496} INFO - Filling up the DagBag from /home/airflow/.local/lib/python3.6/site-packages/airflow/example_dags/tutorial_taskflow_api_etl.py
[2025-02-15 14:09:52,453] {scheduler_job.py:643} INFO - DAG(s) dict_keys(['tutorial_taskflow_api_etl']) retrieved from /home/airflow/.local/lib/python3.6/site-packages/airflow/example_dags/tutorial_taskflow_api_etl.py
[2025-02-15 14:09:52,804] {logging_mixin.py:104} INFO - [2025-02-15 14:09:52,804] {dag.py:1833} INFO - Sync 1 DAGs
[2025-02-15 14:09:52,822] {logging_mixin.py:104} INFO - [2025-02-15 14:09:52,822] {dag.py:2306} INFO - Setting next_dagrun for tutorial_taskflow_api_etl to None
[2025-02-15 14:09:52,845] {scheduler_job.py:190} INFO - Processing /home/airflow/.local/lib/python3.6/site-packages/airflow/example_dags/tutorial_taskflow_api_etl.py took 0.453 seconds
[2025-02-15 14:10:23,245] {scheduler_job.py:182} INFO - Started process (PID=706) to work on /home/airflow/.local/lib/python3.6/site-packages/airflow/example_dags/tutorial_taskflow_api_etl.py
[2025-02-15 14:10:23,248] {scheduler_job.py:633} INFO - Processing file /home/airflow/.local/lib/python3.6/site-packages/airflow/example_dags/tutorial_taskflow_api_etl.py for tasks to queue
[2025-02-15 14:10:23,249] {logging_mixin.py:104} INFO - [2025-02-15 14:10:23,249] {dagbag.py:496} INFO - Filling up the DagBag from /home/airflow/.local/lib/python3.6/site-packages/airflow/example_dags/tutorial_taskflow_api_etl.py
[2025-02-15 14:10:23,273] {scheduler_job.py:643} INFO - DAG(s) dict_keys(['tutorial_taskflow_api_etl']) retrieved from /home/airflow/.local/lib/python3.6/site-packages/airflow/example_dags/tutorial_taskflow_api_etl.py
[2025-02-15 14:10:23,465] {logging_mixin.py:104} INFO - [2025-02-15 14:10:23,465] {dag.py:1833} INFO - Sync 1 DAGs
[2025-02-15 14:10:23,478] {logging_mixin.py:104} INFO - [2025-02-15 14:10:23,478] {dag.py:2306} INFO - Setting next_dagrun for tutorial_taskflow_api_etl to None
[2025-02-15 14:10:23,491] {scheduler_job.py:190} INFO - Processing /home/airflow/.local/lib/python3.6/site-packages/airflow/example_dags/tutorial_taskflow_api_etl.py took 0.257 seconds
[2025-02-15 14:10:53,581] {scheduler_job.py:182} INFO - Started process (PID=759) to work on /home/airflow/.local/lib/python3.6/site-packages/airflow/example_dags/tutorial_taskflow_api_etl.py
[2025-02-15 14:10:53,583] {scheduler_job.py:633} INFO - Processing file /home/airflow/.local/lib/python3.6/site-packages/airflow/example_dags/tutorial_taskflow_api_etl.py for tasks to queue
[2025-02-15 14:10:53,584] {logging_mixin.py:104} INFO - [2025-02-15 14:10:53,584] {dagbag.py:496} INFO - Filling up the DagBag from /home/airflow/.local/lib/python3.6/site-packages/airflow/example_dags/tutorial_taskflow_api_etl.py
[2025-02-15 14:10:53,605] {scheduler_job.py:643} INFO - DAG(s) dict_keys(['tutorial_taskflow_api_etl']) retrieved from /home/airflow/.local/lib/python3.6/site-packages/airflow/example_dags/tutorial_taskflow_api_etl.py
[2025-02-15 14:10:53,799] {logging_mixin.py:104} INFO - [2025-02-15 14:10:53,799] {dag.py:1833} INFO - Sync 1 DAGs
[2025-02-15 14:10:53,813] {logging_mixin.py:104} INFO - [2025-02-15 14:10:53,813] {dag.py:2306} INFO - Setting next_dagrun for tutorial_taskflow_api_etl to None
[2025-02-15 14:10:53,828] {scheduler_job.py:190} INFO - Processing /home/airflow/.local/lib/python3.6/site-packages/airflow/example_dags/tutorial_taskflow_api_etl.py took 0.251 seconds
[2025-02-15 14:11:23,964] {scheduler_job.py:182} INFO - Started process (PID=821) to work on /home/airflow/.local/lib/python3.6/site-packages/airflow/example_dags/tutorial_taskflow_api_etl.py
[2025-02-15 14:11:23,966] {scheduler_job.py:633} INFO - Processing file /home/airflow/.local/lib/python3.6/site-packages/airflow/example_dags/tutorial_taskflow_api_etl.py for tasks to queue
[2025-02-15 14:11:23,967] {logging_mixin.py:104} INFO - [2025-02-15 14:11:23,966] {dagbag.py:496} INFO - Filling up the DagBag from /home/airflow/.local/lib/python3.6/site-packages/airflow/example_dags/tutorial_taskflow_api_etl.py
[2025-02-15 14:11:23,989] {scheduler_job.py:643} INFO - DAG(s) dict_keys(['tutorial_taskflow_api_etl']) retrieved from /home/airflow/.local/lib/python3.6/site-packages/airflow/example_dags/tutorial_taskflow_api_etl.py
[2025-02-15 14:11:24,237] {logging_mixin.py:104} INFO - [2025-02-15 14:11:24,237] {dag.py:1833} INFO - Sync 1 DAGs
[2025-02-15 14:11:24,252] {logging_mixin.py:104} INFO - [2025-02-15 14:11:24,252] {dag.py:2306} INFO - Setting next_dagrun for tutorial_taskflow_api_etl to None
[2025-02-15 14:11:24,270] {scheduler_job.py:190} INFO - Processing /home/airflow/.local/lib/python3.6/site-packages/airflow/example_dags/tutorial_taskflow_api_etl.py took 0.312 seconds
[2025-02-15 14:11:54,819] {scheduler_job.py:182} INFO - Started process (PID=872) to work on /home/airflow/.local/lib/python3.6/site-packages/airflow/example_dags/tutorial_taskflow_api_etl.py
[2025-02-15 14:11:54,821] {scheduler_job.py:633} INFO - Processing file /home/airflow/.local/lib/python3.6/site-packages/airflow/example_dags/tutorial_taskflow_api_etl.py for tasks to queue
[2025-02-15 14:11:54,823] {logging_mixin.py:104} INFO - [2025-02-15 14:11:54,822] {dagbag.py:496} INFO - Filling up the DagBag from /home/airflow/.local/lib/python3.6/site-packages/airflow/example_dags/tutorial_taskflow_api_etl.py
[2025-02-15 14:11:54,853] {scheduler_job.py:643} INFO - DAG(s) dict_keys(['tutorial_taskflow_api_etl']) retrieved from /home/airflow/.local/lib/python3.6/site-packages/airflow/example_dags/tutorial_taskflow_api_etl.py
[2025-02-15 14:11:55,214] {logging_mixin.py:104} INFO - [2025-02-15 14:11:55,214] {dag.py:1833} INFO - Sync 1 DAGs
[2025-02-15 14:11:55,231] {logging_mixin.py:104} INFO - [2025-02-15 14:11:55,231] {dag.py:2306} INFO - Setting next_dagrun for tutorial_taskflow_api_etl to None
[2025-02-15 14:11:55,250] {scheduler_job.py:190} INFO - Processing /home/airflow/.local/lib/python3.6/site-packages/airflow/example_dags/tutorial_taskflow_api_etl.py took 0.439 seconds
[2025-02-15 14:12:26,173] {scheduler_job.py:182} INFO - Started process (PID=936) to work on /home/airflow/.local/lib/python3.6/site-packages/airflow/example_dags/tutorial_taskflow_api_etl.py
[2025-02-15 14:12:26,175] {scheduler_job.py:633} INFO - Processing file /home/airflow/.local/lib/python3.6/site-packages/airflow/example_dags/tutorial_taskflow_api_etl.py for tasks to queue
[2025-02-15 14:12:26,177] {logging_mixin.py:104} INFO - [2025-02-15 14:12:26,177] {dagbag.py:496} INFO - Filling up the DagBag from /home/airflow/.local/lib/python3.6/site-packages/airflow/example_dags/tutorial_taskflow_api_etl.py
[2025-02-15 14:12:26,199] {scheduler_job.py:643} INFO - DAG(s) dict_keys(['tutorial_taskflow_api_etl']) retrieved from /home/airflow/.local/lib/python3.6/site-packages/airflow/example_dags/tutorial_taskflow_api_etl.py
[2025-02-15 14:12:26,387] {logging_mixin.py:104} INFO - [2025-02-15 14:12:26,387] {dag.py:1833} INFO - Sync 1 DAGs
[2025-02-15 14:12:26,400] {logging_mixin.py:104} INFO - [2025-02-15 14:12:26,400] {dag.py:2306} INFO - Setting next_dagrun for tutorial_taskflow_api_etl to None
[2025-02-15 14:12:26,416] {scheduler_job.py:190} INFO - Processing /home/airflow/.local/lib/python3.6/site-packages/airflow/example_dags/tutorial_taskflow_api_etl.py took 0.253 seconds
[2025-02-15 14:12:56,726] {scheduler_job.py:182} INFO - Started process (PID=988) to work on /home/airflow/.local/lib/python3.6/site-packages/airflow/example_dags/tutorial_taskflow_api_etl.py
[2025-02-15 14:12:56,733] {scheduler_job.py:633} INFO - Processing file /home/airflow/.local/lib/python3.6/site-packages/airflow/example_dags/tutorial_taskflow_api_etl.py for tasks to queue
[2025-02-15 14:12:56,737] {logging_mixin.py:104} INFO - [2025-02-15 14:12:56,736] {dagbag.py:496} INFO - Filling up the DagBag from /home/airflow/.local/lib/python3.6/site-packages/airflow/example_dags/tutorial_taskflow_api_etl.py
[2025-02-15 14:12:56,810] {scheduler_job.py:643} INFO - DAG(s) dict_keys(['tutorial_taskflow_api_etl']) retrieved from /home/airflow/.local/lib/python3.6/site-packages/airflow/example_dags/tutorial_taskflow_api_etl.py
[2025-02-15 14:12:57,134] {logging_mixin.py:104} INFO - [2025-02-15 14:12:57,134] {dag.py:1833} INFO - Sync 1 DAGs
[2025-02-15 14:12:57,152] {logging_mixin.py:104} INFO - [2025-02-15 14:12:57,151] {dag.py:2306} INFO - Setting next_dagrun for tutorial_taskflow_api_etl to None
[2025-02-15 14:12:57,172] {scheduler_job.py:190} INFO - Processing /home/airflow/.local/lib/python3.6/site-packages/airflow/example_dags/tutorial_taskflow_api_etl.py took 0.469 seconds
[2025-02-15 14:13:27,234] {scheduler_job.py:182} INFO - Started process (PID=1052) to work on /home/airflow/.local/lib/python3.6/site-packages/airflow/example_dags/tutorial_taskflow_api_etl.py
[2025-02-15 14:13:27,235] {scheduler_job.py:633} INFO - Processing file /home/airflow/.local/lib/python3.6/site-packages/airflow/example_dags/tutorial_taskflow_api_etl.py for tasks to queue
[2025-02-15 14:13:27,236] {logging_mixin.py:104} INFO - [2025-02-15 14:13:27,235] {dagbag.py:496} INFO - Filling up the DagBag from /home/airflow/.local/lib/python3.6/site-packages/airflow/example_dags/tutorial_taskflow_api_etl.py
[2025-02-15 14:13:27,254] {scheduler_job.py:643} INFO - DAG(s) dict_keys(['tutorial_taskflow_api_etl']) retrieved from /home/airflow/.local/lib/python3.6/site-packages/airflow/example_dags/tutorial_taskflow_api_etl.py
[2025-02-15 14:13:27,447] {logging_mixin.py:104} INFO - [2025-02-15 14:13:27,447] {dag.py:1833} INFO - Sync 1 DAGs
[2025-02-15 14:13:27,461] {logging_mixin.py:104} INFO - [2025-02-15 14:13:27,461] {dag.py:2306} INFO - Setting next_dagrun for tutorial_taskflow_api_etl to None
[2025-02-15 14:13:27,473] {scheduler_job.py:190} INFO - Processing /home/airflow/.local/lib/python3.6/site-packages/airflow/example_dags/tutorial_taskflow_api_etl.py took 0.244 seconds
[2025-02-15 14:15:06,875] {scheduler_job.py:182} INFO - Started process (PID=65) to work on /home/airflow/.local/lib/python3.6/site-packages/airflow/example_dags/tutorial_taskflow_api_etl.py
[2025-02-15 14:15:06,905] {scheduler_job.py:633} INFO - Processing file /home/airflow/.local/lib/python3.6/site-packages/airflow/example_dags/tutorial_taskflow_api_etl.py for tasks to queue
[2025-02-15 14:15:06,910] {logging_mixin.py:104} INFO - [2025-02-15 14:15:06,909] {dagbag.py:496} INFO - Filling up the DagBag from /home/airflow/.local/lib/python3.6/site-packages/airflow/example_dags/tutorial_taskflow_api_etl.py
[2025-02-15 14:15:07,066] {scheduler_job.py:643} INFO - DAG(s) dict_keys(['tutorial_taskflow_api_etl']) retrieved from /home/airflow/.local/lib/python3.6/site-packages/airflow/example_dags/tutorial_taskflow_api_etl.py
[2025-02-15 14:15:08,172] {logging_mixin.py:104} INFO - [2025-02-15 14:15:08,171] {dag.py:1833} INFO - Sync 1 DAGs
[2025-02-15 14:15:08,226] {logging_mixin.py:104} INFO - [2025-02-15 14:15:08,226] {dag.py:2306} INFO - Setting next_dagrun for tutorial_taskflow_api_etl to None
[2025-02-15 14:15:08,309] {scheduler_job.py:190} INFO - Processing /home/airflow/.local/lib/python3.6/site-packages/airflow/example_dags/tutorial_taskflow_api_etl.py took 1.468 seconds
[2025-02-15 14:15:40,072] {scheduler_job.py:182} INFO - Started process (PID=118) to work on /home/airflow/.local/lib/python3.6/site-packages/airflow/example_dags/tutorial_taskflow_api_etl.py
[2025-02-15 14:15:40,085] {scheduler_job.py:633} INFO - Processing file /home/airflow/.local/lib/python3.6/site-packages/airflow/example_dags/tutorial_taskflow_api_etl.py for tasks to queue
[2025-02-15 14:15:40,107] {logging_mixin.py:104} INFO - [2025-02-15 14:15:40,102] {dagbag.py:496} INFO - Filling up the DagBag from /home/airflow/.local/lib/python3.6/site-packages/airflow/example_dags/tutorial_taskflow_api_etl.py
[2025-02-15 14:15:40,302] {scheduler_job.py:643} INFO - DAG(s) dict_keys(['tutorial_taskflow_api_etl']) retrieved from /home/airflow/.local/lib/python3.6/site-packages/airflow/example_dags/tutorial_taskflow_api_etl.py
[2025-02-15 14:15:41,359] {logging_mixin.py:104} INFO - [2025-02-15 14:15:41,359] {dag.py:1833} INFO - Sync 1 DAGs
[2025-02-15 14:15:41,390] {logging_mixin.py:104} INFO - [2025-02-15 14:15:41,389] {dag.py:2306} INFO - Setting next_dagrun for tutorial_taskflow_api_etl to None
[2025-02-15 14:15:42,586] {scheduler_job.py:190} INFO - Processing /home/airflow/.local/lib/python3.6/site-packages/airflow/example_dags/tutorial_taskflow_api_etl.py took 2.622 seconds
[2025-02-15 14:21:14,083] {scheduler_job.py:182} INFO - Started process (PID=169) to work on /home/airflow/.local/lib/python3.6/site-packages/airflow/example_dags/tutorial_taskflow_api_etl.py
[2025-02-15 14:21:14,095] {scheduler_job.py:633} INFO - Processing file /home/airflow/.local/lib/python3.6/site-packages/airflow/example_dags/tutorial_taskflow_api_etl.py for tasks to queue
[2025-02-15 14:21:14,097] {logging_mixin.py:104} INFO - [2025-02-15 14:21:14,097] {dagbag.py:496} INFO - Filling up the DagBag from /home/airflow/.local/lib/python3.6/site-packages/airflow/example_dags/tutorial_taskflow_api_etl.py
[2025-02-15 14:21:14,260] {scheduler_job.py:643} INFO - DAG(s) dict_keys(['tutorial_taskflow_api_etl']) retrieved from /home/airflow/.local/lib/python3.6/site-packages/airflow/example_dags/tutorial_taskflow_api_etl.py
[2025-02-15 14:21:15,758] {logging_mixin.py:104} INFO - [2025-02-15 14:21:15,758] {dag.py:1833} INFO - Sync 1 DAGs
[2025-02-15 14:21:15,846] {logging_mixin.py:104} INFO - [2025-02-15 14:21:15,845] {dag.py:2306} INFO - Setting next_dagrun for tutorial_taskflow_api_etl to None
[2025-02-15 14:21:15,929] {scheduler_job.py:190} INFO - Processing /home/airflow/.local/lib/python3.6/site-packages/airflow/example_dags/tutorial_taskflow_api_etl.py took 1.863 seconds
[2025-02-15 14:21:46,275] {scheduler_job.py:182} INFO - Started process (PID=214) to work on /home/airflow/.local/lib/python3.6/site-packages/airflow/example_dags/tutorial_taskflow_api_etl.py
[2025-02-15 14:21:46,280] {scheduler_job.py:633} INFO - Processing file /home/airflow/.local/lib/python3.6/site-packages/airflow/example_dags/tutorial_taskflow_api_etl.py for tasks to queue
[2025-02-15 14:21:46,282] {logging_mixin.py:104} INFO - [2025-02-15 14:21:46,281] {dagbag.py:496} INFO - Filling up the DagBag from /home/airflow/.local/lib/python3.6/site-packages/airflow/example_dags/tutorial_taskflow_api_etl.py
[2025-02-15 14:21:46,493] {scheduler_job.py:643} INFO - DAG(s) dict_keys(['tutorial_taskflow_api_etl']) retrieved from /home/airflow/.local/lib/python3.6/site-packages/airflow/example_dags/tutorial_taskflow_api_etl.py
[2025-02-15 14:21:48,118] {logging_mixin.py:104} INFO - [2025-02-15 14:21:48,118] {dag.py:1833} INFO - Sync 1 DAGs
[2025-02-15 14:21:48,148] {logging_mixin.py:104} INFO - [2025-02-15 14:21:48,148] {dag.py:2306} INFO - Setting next_dagrun for tutorial_taskflow_api_etl to None
[2025-02-15 14:21:48,198] {scheduler_job.py:190} INFO - Processing /home/airflow/.local/lib/python3.6/site-packages/airflow/example_dags/tutorial_taskflow_api_etl.py took 1.933 seconds
[2025-02-15 14:22:18,385] {scheduler_job.py:182} INFO - Started process (PID=264) to work on /home/airflow/.local/lib/python3.6/site-packages/airflow/example_dags/tutorial_taskflow_api_etl.py
[2025-02-15 14:22:18,387] {scheduler_job.py:633} INFO - Processing file /home/airflow/.local/lib/python3.6/site-packages/airflow/example_dags/tutorial_taskflow_api_etl.py for tasks to queue
[2025-02-15 14:22:18,390] {logging_mixin.py:104} INFO - [2025-02-15 14:22:18,389] {dagbag.py:496} INFO - Filling up the DagBag from /home/airflow/.local/lib/python3.6/site-packages/airflow/example_dags/tutorial_taskflow_api_etl.py
[2025-02-15 14:22:18,440] {scheduler_job.py:643} INFO - DAG(s) dict_keys(['tutorial_taskflow_api_etl']) retrieved from /home/airflow/.local/lib/python3.6/site-packages/airflow/example_dags/tutorial_taskflow_api_etl.py
[2025-02-15 14:22:19,310] {logging_mixin.py:104} INFO - [2025-02-15 14:22:19,309] {dag.py:1833} INFO - Sync 1 DAGs
[2025-02-15 14:22:19,337] {logging_mixin.py:104} INFO - [2025-02-15 14:22:19,337] {dag.py:2306} INFO - Setting next_dagrun for tutorial_taskflow_api_etl to None
[2025-02-15 14:22:19,370] {scheduler_job.py:190} INFO - Processing /home/airflow/.local/lib/python3.6/site-packages/airflow/example_dags/tutorial_taskflow_api_etl.py took 0.994 seconds
[2025-02-15 14:22:50,087] {scheduler_job.py:182} INFO - Started process (PID=317) to work on /home/airflow/.local/lib/python3.6/site-packages/airflow/example_dags/tutorial_taskflow_api_etl.py
[2025-02-15 14:22:50,092] {scheduler_job.py:633} INFO - Processing file /home/airflow/.local/lib/python3.6/site-packages/airflow/example_dags/tutorial_taskflow_api_etl.py for tasks to queue
[2025-02-15 14:22:50,094] {logging_mixin.py:104} INFO - [2025-02-15 14:22:50,094] {dagbag.py:496} INFO - Filling up the DagBag from /home/airflow/.local/lib/python3.6/site-packages/airflow/example_dags/tutorial_taskflow_api_etl.py
[2025-02-15 14:22:50,134] {scheduler_job.py:643} INFO - DAG(s) dict_keys(['tutorial_taskflow_api_etl']) retrieved from /home/airflow/.local/lib/python3.6/site-packages/airflow/example_dags/tutorial_taskflow_api_etl.py
[2025-02-15 14:22:51,223] {logging_mixin.py:104} INFO - [2025-02-15 14:22:51,222] {dag.py:1833} INFO - Sync 1 DAGs
[2025-02-15 14:22:51,247] {logging_mixin.py:104} INFO - [2025-02-15 14:22:51,247] {dag.py:2306} INFO - Setting next_dagrun for tutorial_taskflow_api_etl to None
[2025-02-15 14:22:51,278] {scheduler_job.py:190} INFO - Processing /home/airflow/.local/lib/python3.6/site-packages/airflow/example_dags/tutorial_taskflow_api_etl.py took 1.197 seconds
[2025-02-15 14:25:02,215] {scheduler_job.py:182} INFO - Started process (PID=63) to work on /home/airflow/.local/lib/python3.6/site-packages/airflow/example_dags/tutorial_taskflow_api_etl.py
[2025-02-15 14:25:02,220] {scheduler_job.py:633} INFO - Processing file /home/airflow/.local/lib/python3.6/site-packages/airflow/example_dags/tutorial_taskflow_api_etl.py for tasks to queue
[2025-02-15 14:25:02,224] {logging_mixin.py:104} INFO - [2025-02-15 14:25:02,223] {dagbag.py:496} INFO - Filling up the DagBag from /home/airflow/.local/lib/python3.6/site-packages/airflow/example_dags/tutorial_taskflow_api_etl.py
[2025-02-15 14:25:02,301] {scheduler_job.py:643} INFO - DAG(s) dict_keys(['tutorial_taskflow_api_etl']) retrieved from /home/airflow/.local/lib/python3.6/site-packages/airflow/example_dags/tutorial_taskflow_api_etl.py
[2025-02-15 14:25:03,210] {logging_mixin.py:104} INFO - [2025-02-15 14:25:03,209] {dag.py:1833} INFO - Sync 1 DAGs
[2025-02-15 14:25:03,265] {logging_mixin.py:104} INFO - [2025-02-15 14:25:03,265] {dag.py:2306} INFO - Setting next_dagrun for tutorial_taskflow_api_etl to None
[2025-02-15 14:25:03,306] {scheduler_job.py:190} INFO - Processing /home/airflow/.local/lib/python3.6/site-packages/airflow/example_dags/tutorial_taskflow_api_etl.py took 1.102 seconds
[2025-02-15 14:25:33,745] {scheduler_job.py:182} INFO - Started process (PID=114) to work on /home/airflow/.local/lib/python3.6/site-packages/airflow/example_dags/tutorial_taskflow_api_etl.py
[2025-02-15 14:25:33,749] {scheduler_job.py:633} INFO - Processing file /home/airflow/.local/lib/python3.6/site-packages/airflow/example_dags/tutorial_taskflow_api_etl.py for tasks to queue
[2025-02-15 14:25:33,751] {logging_mixin.py:104} INFO - [2025-02-15 14:25:33,751] {dagbag.py:496} INFO - Filling up the DagBag from /home/airflow/.local/lib/python3.6/site-packages/airflow/example_dags/tutorial_taskflow_api_etl.py
[2025-02-15 14:25:33,800] {scheduler_job.py:643} INFO - DAG(s) dict_keys(['tutorial_taskflow_api_etl']) retrieved from /home/airflow/.local/lib/python3.6/site-packages/airflow/example_dags/tutorial_taskflow_api_etl.py
[2025-02-15 14:25:34,723] {logging_mixin.py:104} INFO - [2025-02-15 14:25:34,723] {dag.py:1833} INFO - Sync 1 DAGs
[2025-02-15 14:25:34,756] {logging_mixin.py:104} INFO - [2025-02-15 14:25:34,756] {dag.py:2306} INFO - Setting next_dagrun for tutorial_taskflow_api_etl to None
[2025-02-15 14:25:34,801] {scheduler_job.py:190} INFO - Processing /home/airflow/.local/lib/python3.6/site-packages/airflow/example_dags/tutorial_taskflow_api_etl.py took 1.064 seconds
[2025-02-15 14:26:04,888] {scheduler_job.py:182} INFO - Started process (PID=169) to work on /home/airflow/.local/lib/python3.6/site-packages/airflow/example_dags/tutorial_taskflow_api_etl.py
[2025-02-15 14:26:04,890] {scheduler_job.py:633} INFO - Processing file /home/airflow/.local/lib/python3.6/site-packages/airflow/example_dags/tutorial_taskflow_api_etl.py for tasks to queue
[2025-02-15 14:26:04,892] {logging_mixin.py:104} INFO - [2025-02-15 14:26:04,892] {dagbag.py:496} INFO - Filling up the DagBag from /home/airflow/.local/lib/python3.6/site-packages/airflow/example_dags/tutorial_taskflow_api_etl.py
[2025-02-15 14:26:04,933] {scheduler_job.py:643} INFO - DAG(s) dict_keys(['tutorial_taskflow_api_etl']) retrieved from /home/airflow/.local/lib/python3.6/site-packages/airflow/example_dags/tutorial_taskflow_api_etl.py
[2025-02-15 14:26:05,209] {logging_mixin.py:104} INFO - [2025-02-15 14:26:05,209] {dag.py:1833} INFO - Sync 1 DAGs
[2025-02-15 14:26:05,223] {logging_mixin.py:104} INFO - [2025-02-15 14:26:05,223] {dag.py:2306} INFO - Setting next_dagrun for tutorial_taskflow_api_etl to None
[2025-02-15 14:26:05,236] {scheduler_job.py:190} INFO - Processing /home/airflow/.local/lib/python3.6/site-packages/airflow/example_dags/tutorial_taskflow_api_etl.py took 0.356 seconds
[2025-02-15 14:26:36,218] {scheduler_job.py:182} INFO - Started process (PID=221) to work on /home/airflow/.local/lib/python3.6/site-packages/airflow/example_dags/tutorial_taskflow_api_etl.py
[2025-02-15 14:26:36,224] {scheduler_job.py:633} INFO - Processing file /home/airflow/.local/lib/python3.6/site-packages/airflow/example_dags/tutorial_taskflow_api_etl.py for tasks to queue
[2025-02-15 14:26:36,229] {logging_mixin.py:104} INFO - [2025-02-15 14:26:36,228] {dagbag.py:496} INFO - Filling up the DagBag from /home/airflow/.local/lib/python3.6/site-packages/airflow/example_dags/tutorial_taskflow_api_etl.py
[2025-02-15 14:26:36,305] {scheduler_job.py:643} INFO - DAG(s) dict_keys(['tutorial_taskflow_api_etl']) retrieved from /home/airflow/.local/lib/python3.6/site-packages/airflow/example_dags/tutorial_taskflow_api_etl.py
[2025-02-15 14:26:36,741] {logging_mixin.py:104} INFO - [2025-02-15 14:26:36,741] {dag.py:1833} INFO - Sync 1 DAGs
[2025-02-15 14:26:36,778] {logging_mixin.py:104} INFO - [2025-02-15 14:26:36,778] {dag.py:2306} INFO - Setting next_dagrun for tutorial_taskflow_api_etl to None
[2025-02-15 14:26:36,808] {scheduler_job.py:190} INFO - Processing /home/airflow/.local/lib/python3.6/site-packages/airflow/example_dags/tutorial_taskflow_api_etl.py took 0.609 seconds
[2025-02-15 14:27:07,359] {scheduler_job.py:182} INFO - Started process (PID=283) to work on /home/airflow/.local/lib/python3.6/site-packages/airflow/example_dags/tutorial_taskflow_api_etl.py
[2025-02-15 14:27:07,361] {scheduler_job.py:633} INFO - Processing file /home/airflow/.local/lib/python3.6/site-packages/airflow/example_dags/tutorial_taskflow_api_etl.py for tasks to queue
[2025-02-15 14:27:07,363] {logging_mixin.py:104} INFO - [2025-02-15 14:27:07,362] {dagbag.py:496} INFO - Filling up the DagBag from /home/airflow/.local/lib/python3.6/site-packages/airflow/example_dags/tutorial_taskflow_api_etl.py
[2025-02-15 14:27:07,385] {scheduler_job.py:643} INFO - DAG(s) dict_keys(['tutorial_taskflow_api_etl']) retrieved from /home/airflow/.local/lib/python3.6/site-packages/airflow/example_dags/tutorial_taskflow_api_etl.py
[2025-02-15 14:27:07,598] {logging_mixin.py:104} INFO - [2025-02-15 14:27:07,598] {dag.py:1833} INFO - Sync 1 DAGs
[2025-02-15 14:27:07,611] {logging_mixin.py:104} INFO - [2025-02-15 14:27:07,611] {dag.py:2306} INFO - Setting next_dagrun for tutorial_taskflow_api_etl to None
[2025-02-15 14:27:07,624] {scheduler_job.py:190} INFO - Processing /home/airflow/.local/lib/python3.6/site-packages/airflow/example_dags/tutorial_taskflow_api_etl.py took 0.273 seconds
[2025-02-15 14:27:37,745] {scheduler_job.py:182} INFO - Started process (PID=335) to work on /home/airflow/.local/lib/python3.6/site-packages/airflow/example_dags/tutorial_taskflow_api_etl.py
[2025-02-15 14:27:37,746] {scheduler_job.py:633} INFO - Processing file /home/airflow/.local/lib/python3.6/site-packages/airflow/example_dags/tutorial_taskflow_api_etl.py for tasks to queue
[2025-02-15 14:27:37,747] {logging_mixin.py:104} INFO - [2025-02-15 14:27:37,747] {dagbag.py:496} INFO - Filling up the DagBag from /home/airflow/.local/lib/python3.6/site-packages/airflow/example_dags/tutorial_taskflow_api_etl.py
[2025-02-15 14:27:37,771] {scheduler_job.py:643} INFO - DAG(s) dict_keys(['tutorial_taskflow_api_etl']) retrieved from /home/airflow/.local/lib/python3.6/site-packages/airflow/example_dags/tutorial_taskflow_api_etl.py
[2025-02-15 14:27:38,030] {logging_mixin.py:104} INFO - [2025-02-15 14:27:38,030] {dag.py:1833} INFO - Sync 1 DAGs
[2025-02-15 14:27:38,044] {logging_mixin.py:104} INFO - [2025-02-15 14:27:38,044] {dag.py:2306} INFO - Setting next_dagrun for tutorial_taskflow_api_etl to None
[2025-02-15 14:27:38,063] {scheduler_job.py:190} INFO - Processing /home/airflow/.local/lib/python3.6/site-packages/airflow/example_dags/tutorial_taskflow_api_etl.py took 0.324 seconds
[2025-02-15 14:28:08,095] {scheduler_job.py:182} INFO - Started process (PID=397) to work on /home/airflow/.local/lib/python3.6/site-packages/airflow/example_dags/tutorial_taskflow_api_etl.py
[2025-02-15 14:28:08,097] {scheduler_job.py:633} INFO - Processing file /home/airflow/.local/lib/python3.6/site-packages/airflow/example_dags/tutorial_taskflow_api_etl.py for tasks to queue
[2025-02-15 14:28:08,097] {logging_mixin.py:104} INFO - [2025-02-15 14:28:08,097] {dagbag.py:496} INFO - Filling up the DagBag from /home/airflow/.local/lib/python3.6/site-packages/airflow/example_dags/tutorial_taskflow_api_etl.py
[2025-02-15 14:28:08,124] {scheduler_job.py:643} INFO - DAG(s) dict_keys(['tutorial_taskflow_api_etl']) retrieved from /home/airflow/.local/lib/python3.6/site-packages/airflow/example_dags/tutorial_taskflow_api_etl.py
[2025-02-15 14:28:08,360] {logging_mixin.py:104} INFO - [2025-02-15 14:28:08,360] {dag.py:1833} INFO - Sync 1 DAGs
[2025-02-15 14:28:08,373] {logging_mixin.py:104} INFO - [2025-02-15 14:28:08,373] {dag.py:2306} INFO - Setting next_dagrun for tutorial_taskflow_api_etl to None
[2025-02-15 14:28:08,390] {scheduler_job.py:190} INFO - Processing /home/airflow/.local/lib/python3.6/site-packages/airflow/example_dags/tutorial_taskflow_api_etl.py took 0.298 seconds
[2025-02-15 14:28:38,440] {scheduler_job.py:182} INFO - Started process (PID=449) to work on /home/airflow/.local/lib/python3.6/site-packages/airflow/example_dags/tutorial_taskflow_api_etl.py
[2025-02-15 14:28:38,444] {scheduler_job.py:633} INFO - Processing file /home/airflow/.local/lib/python3.6/site-packages/airflow/example_dags/tutorial_taskflow_api_etl.py for tasks to queue
[2025-02-15 14:28:38,446] {logging_mixin.py:104} INFO - [2025-02-15 14:28:38,446] {dagbag.py:496} INFO - Filling up the DagBag from /home/airflow/.local/lib/python3.6/site-packages/airflow/example_dags/tutorial_taskflow_api_etl.py
[2025-02-15 14:28:38,503] {scheduler_job.py:643} INFO - DAG(s) dict_keys(['tutorial_taskflow_api_etl']) retrieved from /home/airflow/.local/lib/python3.6/site-packages/airflow/example_dags/tutorial_taskflow_api_etl.py
[2025-02-15 14:28:38,960] {logging_mixin.py:104} INFO - [2025-02-15 14:28:38,960] {dag.py:1833} INFO - Sync 1 DAGs
[2025-02-15 14:28:38,988] {logging_mixin.py:104} INFO - [2025-02-15 14:28:38,988] {dag.py:2306} INFO - Setting next_dagrun for tutorial_taskflow_api_etl to None
[2025-02-15 14:28:39,015] {scheduler_job.py:190} INFO - Processing /home/airflow/.local/lib/python3.6/site-packages/airflow/example_dags/tutorial_taskflow_api_etl.py took 0.585 seconds
[2025-02-15 14:29:09,307] {scheduler_job.py:182} INFO - Started process (PID=510) to work on /home/airflow/.local/lib/python3.6/site-packages/airflow/example_dags/tutorial_taskflow_api_etl.py
[2025-02-15 14:29:09,310] {scheduler_job.py:633} INFO - Processing file /home/airflow/.local/lib/python3.6/site-packages/airflow/example_dags/tutorial_taskflow_api_etl.py for tasks to queue
[2025-02-15 14:29:09,311] {logging_mixin.py:104} INFO - [2025-02-15 14:29:09,311] {dagbag.py:496} INFO - Filling up the DagBag from /home/airflow/.local/lib/python3.6/site-packages/airflow/example_dags/tutorial_taskflow_api_etl.py
[2025-02-15 14:29:09,344] {scheduler_job.py:643} INFO - DAG(s) dict_keys(['tutorial_taskflow_api_etl']) retrieved from /home/airflow/.local/lib/python3.6/site-packages/airflow/example_dags/tutorial_taskflow_api_etl.py
[2025-02-15 14:29:09,395] {logging_mixin.py:104} INFO - [2025-02-15 14:29:09,395] {dag.py:1833} INFO - Sync 1 DAGs
[2025-02-15 14:29:09,431] {logging_mixin.py:104} INFO - [2025-02-15 14:29:09,431] {dag.py:2306} INFO - Setting next_dagrun for tutorial_taskflow_api_etl to None
[2025-02-15 14:29:09,455] {scheduler_job.py:190} INFO - Processing /home/airflow/.local/lib/python3.6/site-packages/airflow/example_dags/tutorial_taskflow_api_etl.py took 0.155 seconds
[2025-02-15 14:29:39,727] {scheduler_job.py:182} INFO - Started process (PID=561) to work on /home/airflow/.local/lib/python3.6/site-packages/airflow/example_dags/tutorial_taskflow_api_etl.py
[2025-02-15 14:29:39,729] {scheduler_job.py:633} INFO - Processing file /home/airflow/.local/lib/python3.6/site-packages/airflow/example_dags/tutorial_taskflow_api_etl.py for tasks to queue
[2025-02-15 14:29:39,730] {logging_mixin.py:104} INFO - [2025-02-15 14:29:39,730] {dagbag.py:496} INFO - Filling up the DagBag from /home/airflow/.local/lib/python3.6/site-packages/airflow/example_dags/tutorial_taskflow_api_etl.py
[2025-02-15 14:29:39,752] {scheduler_job.py:643} INFO - DAG(s) dict_keys(['tutorial_taskflow_api_etl']) retrieved from /home/airflow/.local/lib/python3.6/site-packages/airflow/example_dags/tutorial_taskflow_api_etl.py
[2025-02-15 14:29:40,037] {logging_mixin.py:104} INFO - [2025-02-15 14:29:40,037] {dag.py:1833} INFO - Sync 1 DAGs
[2025-02-15 14:29:40,061] {logging_mixin.py:104} INFO - [2025-02-15 14:29:40,061] {dag.py:2306} INFO - Setting next_dagrun for tutorial_taskflow_api_etl to None
[2025-02-15 14:29:40,081] {scheduler_job.py:190} INFO - Processing /home/airflow/.local/lib/python3.6/site-packages/airflow/example_dags/tutorial_taskflow_api_etl.py took 0.358 seconds
[2025-02-15 14:30:10,203] {scheduler_job.py:182} INFO - Started process (PID=615) to work on /home/airflow/.local/lib/python3.6/site-packages/airflow/example_dags/tutorial_taskflow_api_etl.py
[2025-02-15 14:30:10,206] {scheduler_job.py:633} INFO - Processing file /home/airflow/.local/lib/python3.6/site-packages/airflow/example_dags/tutorial_taskflow_api_etl.py for tasks to queue
[2025-02-15 14:30:10,207] {logging_mixin.py:104} INFO - [2025-02-15 14:30:10,207] {dagbag.py:496} INFO - Filling up the DagBag from /home/airflow/.local/lib/python3.6/site-packages/airflow/example_dags/tutorial_taskflow_api_etl.py
[2025-02-15 14:30:10,251] {scheduler_job.py:643} INFO - DAG(s) dict_keys(['tutorial_taskflow_api_etl']) retrieved from /home/airflow/.local/lib/python3.6/site-packages/airflow/example_dags/tutorial_taskflow_api_etl.py
[2025-02-15 14:30:10,684] {logging_mixin.py:104} INFO - [2025-02-15 14:30:10,683] {dag.py:1833} INFO - Sync 1 DAGs
[2025-02-15 14:30:10,706] {logging_mixin.py:104} INFO - [2025-02-15 14:30:10,706] {dag.py:2306} INFO - Setting next_dagrun for tutorial_taskflow_api_etl to None
[2025-02-15 14:30:10,734] {scheduler_job.py:190} INFO - Processing /home/airflow/.local/lib/python3.6/site-packages/airflow/example_dags/tutorial_taskflow_api_etl.py took 0.540 seconds
[2025-02-15 14:30:41,334] {scheduler_job.py:182} INFO - Started process (PID=668) to work on /home/airflow/.local/lib/python3.6/site-packages/airflow/example_dags/tutorial_taskflow_api_etl.py
[2025-02-15 14:30:41,335] {scheduler_job.py:633} INFO - Processing file /home/airflow/.local/lib/python3.6/site-packages/airflow/example_dags/tutorial_taskflow_api_etl.py for tasks to queue
[2025-02-15 14:30:41,336] {logging_mixin.py:104} INFO - [2025-02-15 14:30:41,336] {dagbag.py:496} INFO - Filling up the DagBag from /home/airflow/.local/lib/python3.6/site-packages/airflow/example_dags/tutorial_taskflow_api_etl.py
[2025-02-15 14:30:41,384] {scheduler_job.py:643} INFO - DAG(s) dict_keys(['tutorial_taskflow_api_etl']) retrieved from /home/airflow/.local/lib/python3.6/site-packages/airflow/example_dags/tutorial_taskflow_api_etl.py
[2025-02-15 14:30:41,908] {logging_mixin.py:104} INFO - [2025-02-15 14:30:41,908] {dag.py:1833} INFO - Sync 1 DAGs
[2025-02-15 14:30:41,956] {logging_mixin.py:104} INFO - [2025-02-15 14:30:41,955] {dag.py:2306} INFO - Setting next_dagrun for tutorial_taskflow_api_etl to None
[2025-02-15 14:30:41,989] {scheduler_job.py:190} INFO - Processing /home/airflow/.local/lib/python3.6/site-packages/airflow/example_dags/tutorial_taskflow_api_etl.py took 0.661 seconds
[2025-02-15 14:31:12,506] {scheduler_job.py:182} INFO - Started process (PID=730) to work on /home/airflow/.local/lib/python3.6/site-packages/airflow/example_dags/tutorial_taskflow_api_etl.py
[2025-02-15 14:31:12,508] {scheduler_job.py:633} INFO - Processing file /home/airflow/.local/lib/python3.6/site-packages/airflow/example_dags/tutorial_taskflow_api_etl.py for tasks to queue
[2025-02-15 14:31:12,509] {logging_mixin.py:104} INFO - [2025-02-15 14:31:12,508] {dagbag.py:496} INFO - Filling up the DagBag from /home/airflow/.local/lib/python3.6/site-packages/airflow/example_dags/tutorial_taskflow_api_etl.py
[2025-02-15 14:31:12,526] {scheduler_job.py:643} INFO - DAG(s) dict_keys(['tutorial_taskflow_api_etl']) retrieved from /home/airflow/.local/lib/python3.6/site-packages/airflow/example_dags/tutorial_taskflow_api_etl.py
[2025-02-15 14:31:12,550] {logging_mixin.py:104} INFO - [2025-02-15 14:31:12,550] {dag.py:1833} INFO - Sync 1 DAGs
[2025-02-15 14:31:12,570] {logging_mixin.py:104} INFO - [2025-02-15 14:31:12,570] {dag.py:2306} INFO - Setting next_dagrun for tutorial_taskflow_api_etl to None
[2025-02-15 14:31:12,590] {scheduler_job.py:190} INFO - Processing /home/airflow/.local/lib/python3.6/site-packages/airflow/example_dags/tutorial_taskflow_api_etl.py took 0.089 seconds
[2025-02-15 14:31:42,842] {scheduler_job.py:182} INFO - Started process (PID=782) to work on /home/airflow/.local/lib/python3.6/site-packages/airflow/example_dags/tutorial_taskflow_api_etl.py
[2025-02-15 14:31:42,843] {scheduler_job.py:633} INFO - Processing file /home/airflow/.local/lib/python3.6/site-packages/airflow/example_dags/tutorial_taskflow_api_etl.py for tasks to queue
[2025-02-15 14:31:42,844] {logging_mixin.py:104} INFO - [2025-02-15 14:31:42,843] {dagbag.py:496} INFO - Filling up the DagBag from /home/airflow/.local/lib/python3.6/site-packages/airflow/example_dags/tutorial_taskflow_api_etl.py
[2025-02-15 14:31:42,860] {scheduler_job.py:643} INFO - DAG(s) dict_keys(['tutorial_taskflow_api_etl']) retrieved from /home/airflow/.local/lib/python3.6/site-packages/airflow/example_dags/tutorial_taskflow_api_etl.py
[2025-02-15 14:31:42,885] {logging_mixin.py:104} INFO - [2025-02-15 14:31:42,884] {dag.py:1833} INFO - Sync 1 DAGs
[2025-02-15 14:31:42,900] {logging_mixin.py:104} INFO - [2025-02-15 14:31:42,900] {dag.py:2306} INFO - Setting next_dagrun for tutorial_taskflow_api_etl to None
[2025-02-15 14:31:42,913] {scheduler_job.py:190} INFO - Processing /home/airflow/.local/lib/python3.6/site-packages/airflow/example_dags/tutorial_taskflow_api_etl.py took 0.076 seconds
[2025-02-15 14:32:13,255] {scheduler_job.py:182} INFO - Started process (PID=844) to work on /home/airflow/.local/lib/python3.6/site-packages/airflow/example_dags/tutorial_taskflow_api_etl.py
[2025-02-15 14:32:13,257] {scheduler_job.py:633} INFO - Processing file /home/airflow/.local/lib/python3.6/site-packages/airflow/example_dags/tutorial_taskflow_api_etl.py for tasks to queue
[2025-02-15 14:32:13,258] {logging_mixin.py:104} INFO - [2025-02-15 14:32:13,258] {dagbag.py:496} INFO - Filling up the DagBag from /home/airflow/.local/lib/python3.6/site-packages/airflow/example_dags/tutorial_taskflow_api_etl.py
[2025-02-15 14:32:13,288] {scheduler_job.py:643} INFO - DAG(s) dict_keys(['tutorial_taskflow_api_etl']) retrieved from /home/airflow/.local/lib/python3.6/site-packages/airflow/example_dags/tutorial_taskflow_api_etl.py
[2025-02-15 14:32:13,333] {logging_mixin.py:104} INFO - [2025-02-15 14:32:13,332] {dag.py:1833} INFO - Sync 1 DAGs
[2025-02-15 14:32:13,362] {logging_mixin.py:104} INFO - [2025-02-15 14:32:13,362] {dag.py:2306} INFO - Setting next_dagrun for tutorial_taskflow_api_etl to None
[2025-02-15 14:32:13,379] {scheduler_job.py:190} INFO - Processing /home/airflow/.local/lib/python3.6/site-packages/airflow/example_dags/tutorial_taskflow_api_etl.py took 0.129 seconds
[2025-02-15 14:32:43,727] {scheduler_job.py:182} INFO - Started process (PID=896) to work on /home/airflow/.local/lib/python3.6/site-packages/airflow/example_dags/tutorial_taskflow_api_etl.py
[2025-02-15 14:32:43,730] {scheduler_job.py:633} INFO - Processing file /home/airflow/.local/lib/python3.6/site-packages/airflow/example_dags/tutorial_taskflow_api_etl.py for tasks to queue
[2025-02-15 14:32:43,735] {logging_mixin.py:104} INFO - [2025-02-15 14:32:43,734] {dagbag.py:496} INFO - Filling up the DagBag from /home/airflow/.local/lib/python3.6/site-packages/airflow/example_dags/tutorial_taskflow_api_etl.py
[2025-02-15 14:32:43,780] {scheduler_job.py:643} INFO - DAG(s) dict_keys(['tutorial_taskflow_api_etl']) retrieved from /home/airflow/.local/lib/python3.6/site-packages/airflow/example_dags/tutorial_taskflow_api_etl.py
[2025-02-15 14:32:44,191] {logging_mixin.py:104} INFO - [2025-02-15 14:32:44,190] {dag.py:1833} INFO - Sync 1 DAGs
[2025-02-15 14:32:44,225] {logging_mixin.py:104} INFO - [2025-02-15 14:32:44,225] {dag.py:2306} INFO - Setting next_dagrun for tutorial_taskflow_api_etl to None
[2025-02-15 14:32:44,251] {scheduler_job.py:190} INFO - Processing /home/airflow/.local/lib/python3.6/site-packages/airflow/example_dags/tutorial_taskflow_api_etl.py took 0.530 seconds
[2025-02-15 14:33:14,778] {scheduler_job.py:182} INFO - Started process (PID=948) to work on /home/airflow/.local/lib/python3.6/site-packages/airflow/example_dags/tutorial_taskflow_api_etl.py
[2025-02-15 14:33:14,780] {scheduler_job.py:633} INFO - Processing file /home/airflow/.local/lib/python3.6/site-packages/airflow/example_dags/tutorial_taskflow_api_etl.py for tasks to queue
[2025-02-15 14:33:14,781] {logging_mixin.py:104} INFO - [2025-02-15 14:33:14,780] {dagbag.py:496} INFO - Filling up the DagBag from /home/airflow/.local/lib/python3.6/site-packages/airflow/example_dags/tutorial_taskflow_api_etl.py
[2025-02-15 14:33:14,799] {scheduler_job.py:643} INFO - DAG(s) dict_keys(['tutorial_taskflow_api_etl']) retrieved from /home/airflow/.local/lib/python3.6/site-packages/airflow/example_dags/tutorial_taskflow_api_etl.py
[2025-02-15 14:33:14,824] {logging_mixin.py:104} INFO - [2025-02-15 14:33:14,824] {dag.py:1833} INFO - Sync 1 DAGs
[2025-02-15 14:33:14,840] {logging_mixin.py:104} INFO - [2025-02-15 14:33:14,840] {dag.py:2306} INFO - Setting next_dagrun for tutorial_taskflow_api_etl to None
[2025-02-15 14:33:14,856] {scheduler_job.py:190} INFO - Processing /home/airflow/.local/lib/python3.6/site-packages/airflow/example_dags/tutorial_taskflow_api_etl.py took 0.082 seconds
[2025-02-15 14:33:45,812] {scheduler_job.py:182} INFO - Started process (PID=1010) to work on /home/airflow/.local/lib/python3.6/site-packages/airflow/example_dags/tutorial_taskflow_api_etl.py
[2025-02-15 14:33:45,813] {scheduler_job.py:633} INFO - Processing file /home/airflow/.local/lib/python3.6/site-packages/airflow/example_dags/tutorial_taskflow_api_etl.py for tasks to queue
[2025-02-15 14:33:45,814] {logging_mixin.py:104} INFO - [2025-02-15 14:33:45,814] {dagbag.py:496} INFO - Filling up the DagBag from /home/airflow/.local/lib/python3.6/site-packages/airflow/example_dags/tutorial_taskflow_api_etl.py
[2025-02-15 14:33:45,831] {scheduler_job.py:643} INFO - DAG(s) dict_keys(['tutorial_taskflow_api_etl']) retrieved from /home/airflow/.local/lib/python3.6/site-packages/airflow/example_dags/tutorial_taskflow_api_etl.py
[2025-02-15 14:33:46,078] {logging_mixin.py:104} INFO - [2025-02-15 14:33:46,078] {dag.py:1833} INFO - Sync 1 DAGs
[2025-02-15 14:33:46,096] {logging_mixin.py:104} INFO - [2025-02-15 14:33:46,096] {dag.py:2306} INFO - Setting next_dagrun for tutorial_taskflow_api_etl to None
[2025-02-15 14:33:46,115] {scheduler_job.py:190} INFO - Processing /home/airflow/.local/lib/python3.6/site-packages/airflow/example_dags/tutorial_taskflow_api_etl.py took 0.308 seconds
[2025-02-15 14:34:16,285] {scheduler_job.py:182} INFO - Started process (PID=1062) to work on /home/airflow/.local/lib/python3.6/site-packages/airflow/example_dags/tutorial_taskflow_api_etl.py
[2025-02-15 14:34:16,286] {scheduler_job.py:633} INFO - Processing file /home/airflow/.local/lib/python3.6/site-packages/airflow/example_dags/tutorial_taskflow_api_etl.py for tasks to queue
[2025-02-15 14:34:16,286] {logging_mixin.py:104} INFO - [2025-02-15 14:34:16,286] {dagbag.py:496} INFO - Filling up the DagBag from /home/airflow/.local/lib/python3.6/site-packages/airflow/example_dags/tutorial_taskflow_api_etl.py
[2025-02-15 14:34:16,303] {scheduler_job.py:643} INFO - DAG(s) dict_keys(['tutorial_taskflow_api_etl']) retrieved from /home/airflow/.local/lib/python3.6/site-packages/airflow/example_dags/tutorial_taskflow_api_etl.py
[2025-02-15 14:34:16,586] {logging_mixin.py:104} INFO - [2025-02-15 14:34:16,586] {dag.py:1833} INFO - Sync 1 DAGs
[2025-02-15 14:34:16,609] {logging_mixin.py:104} INFO - [2025-02-15 14:34:16,609] {dag.py:2306} INFO - Setting next_dagrun for tutorial_taskflow_api_etl to None
[2025-02-15 14:34:16,634] {scheduler_job.py:190} INFO - Processing /home/airflow/.local/lib/python3.6/site-packages/airflow/example_dags/tutorial_taskflow_api_etl.py took 0.353 seconds
[2025-02-15 14:34:46,999] {scheduler_job.py:182} INFO - Started process (PID=1125) to work on /home/airflow/.local/lib/python3.6/site-packages/airflow/example_dags/tutorial_taskflow_api_etl.py
[2025-02-15 14:34:47,025] {scheduler_job.py:633} INFO - Processing file /home/airflow/.local/lib/python3.6/site-packages/airflow/example_dags/tutorial_taskflow_api_etl.py for tasks to queue
[2025-02-15 14:34:47,038] {logging_mixin.py:104} INFO - [2025-02-15 14:34:47,037] {dagbag.py:496} INFO - Filling up the DagBag from /home/airflow/.local/lib/python3.6/site-packages/airflow/example_dags/tutorial_taskflow_api_etl.py
[2025-02-15 14:34:47,280] {scheduler_job.py:643} INFO - DAG(s) dict_keys(['tutorial_taskflow_api_etl']) retrieved from /home/airflow/.local/lib/python3.6/site-packages/airflow/example_dags/tutorial_taskflow_api_etl.py
[2025-02-15 14:35:58,318] {logging_mixin.py:104} INFO - [2025-02-15 14:35:58,308] {dag.py:1833} INFO - Sync 1 DAGs
[2025-02-15 14:38:20,149] {scheduler_job.py:182} INFO - Started process (PID=1142) to work on /home/airflow/.local/lib/python3.6/site-packages/airflow/example_dags/tutorial_taskflow_api_etl.py
[2025-02-15 14:38:20,151] {scheduler_job.py:633} INFO - Processing file /home/airflow/.local/lib/python3.6/site-packages/airflow/example_dags/tutorial_taskflow_api_etl.py for tasks to queue
[2025-02-15 14:38:20,153] {logging_mixin.py:104} INFO - [2025-02-15 14:38:20,152] {dagbag.py:496} INFO - Filling up the DagBag from /home/airflow/.local/lib/python3.6/site-packages/airflow/example_dags/tutorial_taskflow_api_etl.py
[2025-02-15 14:38:20,185] {scheduler_job.py:643} INFO - DAG(s) dict_keys(['tutorial_taskflow_api_etl']) retrieved from /home/airflow/.local/lib/python3.6/site-packages/airflow/example_dags/tutorial_taskflow_api_etl.py
[2025-02-15 14:38:22,939] {logging_mixin.py:104} INFO - [2025-02-15 14:38:22,939] {dag.py:1833} INFO - Sync 1 DAGs
[2025-02-15 14:38:22,956] {logging_mixin.py:104} INFO - [2025-02-15 14:38:22,955] {dag.py:2306} INFO - Setting next_dagrun for tutorial_taskflow_api_etl to None
[2025-02-15 14:38:22,991] {scheduler_job.py:190} INFO - Processing /home/airflow/.local/lib/python3.6/site-packages/airflow/example_dags/tutorial_taskflow_api_etl.py took 2.849 seconds
[2025-02-15 14:38:53,330] {scheduler_job.py:182} INFO - Started process (PID=1201) to work on /home/airflow/.local/lib/python3.6/site-packages/airflow/example_dags/tutorial_taskflow_api_etl.py
[2025-02-15 14:38:53,334] {scheduler_job.py:633} INFO - Processing file /home/airflow/.local/lib/python3.6/site-packages/airflow/example_dags/tutorial_taskflow_api_etl.py for tasks to queue
[2025-02-15 14:38:53,339] {logging_mixin.py:104} INFO - [2025-02-15 14:38:53,339] {dagbag.py:496} INFO - Filling up the DagBag from /home/airflow/.local/lib/python3.6/site-packages/airflow/example_dags/tutorial_taskflow_api_etl.py
[2025-02-15 14:38:53,433] {scheduler_job.py:643} INFO - DAG(s) dict_keys(['tutorial_taskflow_api_etl']) retrieved from /home/airflow/.local/lib/python3.6/site-packages/airflow/example_dags/tutorial_taskflow_api_etl.py
[2025-02-15 14:38:53,559] {logging_mixin.py:104} INFO - [2025-02-15 14:38:53,558] {dag.py:1833} INFO - Sync 1 DAGs
[2025-02-15 14:38:53,612] {logging_mixin.py:104} INFO - [2025-02-15 14:38:53,612] {dag.py:2306} INFO - Setting next_dagrun for tutorial_taskflow_api_etl to None
[2025-02-15 14:38:53,647] {scheduler_job.py:190} INFO - Processing /home/airflow/.local/lib/python3.6/site-packages/airflow/example_dags/tutorial_taskflow_api_etl.py took 0.331 seconds
[2025-02-15 14:44:01,165] {scheduler_job.py:182} INFO - Started process (PID=1239) to work on /home/airflow/.local/lib/python3.6/site-packages/airflow/example_dags/tutorial_taskflow_api_etl.py
[2025-02-15 14:44:01,171] {scheduler_job.py:633} INFO - Processing file /home/airflow/.local/lib/python3.6/site-packages/airflow/example_dags/tutorial_taskflow_api_etl.py for tasks to queue
[2025-02-15 14:44:01,172] {logging_mixin.py:104} INFO - [2025-02-15 14:44:01,172] {dagbag.py:496} INFO - Filling up the DagBag from /home/airflow/.local/lib/python3.6/site-packages/airflow/example_dags/tutorial_taskflow_api_etl.py
[2025-02-15 14:44:01,227] {scheduler_job.py:643} INFO - DAG(s) dict_keys(['tutorial_taskflow_api_etl']) retrieved from /home/airflow/.local/lib/python3.6/site-packages/airflow/example_dags/tutorial_taskflow_api_etl.py
[2025-02-15 14:44:04,720] {logging_mixin.py:104} INFO - [2025-02-15 14:44:04,720] {dag.py:1833} INFO - Sync 1 DAGs
[2025-02-15 14:44:04,743] {logging_mixin.py:104} INFO - [2025-02-15 14:44:04,742] {dag.py:2306} INFO - Setting next_dagrun for tutorial_taskflow_api_etl to None
[2025-02-15 14:44:04,775] {scheduler_job.py:190} INFO - Processing /home/airflow/.local/lib/python3.6/site-packages/airflow/example_dags/tutorial_taskflow_api_etl.py took 3.617 seconds
[2025-02-15 14:44:35,046] {scheduler_job.py:182} INFO - Started process (PID=1291) to work on /home/airflow/.local/lib/python3.6/site-packages/airflow/example_dags/tutorial_taskflow_api_etl.py
[2025-02-15 14:44:35,048] {scheduler_job.py:633} INFO - Processing file /home/airflow/.local/lib/python3.6/site-packages/airflow/example_dags/tutorial_taskflow_api_etl.py for tasks to queue
[2025-02-15 14:44:35,049] {logging_mixin.py:104} INFO - [2025-02-15 14:44:35,049] {dagbag.py:496} INFO - Filling up the DagBag from /home/airflow/.local/lib/python3.6/site-packages/airflow/example_dags/tutorial_taskflow_api_etl.py
[2025-02-15 14:44:35,077] {scheduler_job.py:643} INFO - DAG(s) dict_keys(['tutorial_taskflow_api_etl']) retrieved from /home/airflow/.local/lib/python3.6/site-packages/airflow/example_dags/tutorial_taskflow_api_etl.py
[2025-02-15 14:44:35,133] {logging_mixin.py:104} INFO - [2025-02-15 14:44:35,133] {dag.py:1833} INFO - Sync 1 DAGs
[2025-02-15 14:44:35,159] {logging_mixin.py:104} INFO - [2025-02-15 14:44:35,158] {dag.py:2306} INFO - Setting next_dagrun for tutorial_taskflow_api_etl to None
[2025-02-15 14:44:35,184] {scheduler_job.py:190} INFO - Processing /home/airflow/.local/lib/python3.6/site-packages/airflow/example_dags/tutorial_taskflow_api_etl.py took 0.144 seconds
[2025-02-15 14:46:11,445] {scheduler_job.py:182} INFO - Started process (PID=63) to work on /home/airflow/.local/lib/python3.6/site-packages/airflow/example_dags/tutorial_taskflow_api_etl.py
[2025-02-15 14:46:11,452] {scheduler_job.py:633} INFO - Processing file /home/airflow/.local/lib/python3.6/site-packages/airflow/example_dags/tutorial_taskflow_api_etl.py for tasks to queue
[2025-02-15 14:46:11,457] {logging_mixin.py:104} INFO - [2025-02-15 14:46:11,456] {dagbag.py:496} INFO - Filling up the DagBag from /home/airflow/.local/lib/python3.6/site-packages/airflow/example_dags/tutorial_taskflow_api_etl.py
[2025-02-15 14:46:11,587] {scheduler_job.py:643} INFO - DAG(s) dict_keys(['tutorial_taskflow_api_etl']) retrieved from /home/airflow/.local/lib/python3.6/site-packages/airflow/example_dags/tutorial_taskflow_api_etl.py
[2025-02-15 14:46:12,691] {logging_mixin.py:104} INFO - [2025-02-15 14:46:12,691] {dag.py:1833} INFO - Sync 1 DAGs
[2025-02-15 14:46:12,730] {logging_mixin.py:104} INFO - [2025-02-15 14:46:12,730] {dag.py:2306} INFO - Setting next_dagrun for tutorial_taskflow_api_etl to None
[2025-02-15 14:46:12,791] {scheduler_job.py:190} INFO - Processing /home/airflow/.local/lib/python3.6/site-packages/airflow/example_dags/tutorial_taskflow_api_etl.py took 1.362 seconds
[2025-02-15 14:46:43,302] {scheduler_job.py:182} INFO - Started process (PID=112) to work on /home/airflow/.local/lib/python3.6/site-packages/airflow/example_dags/tutorial_taskflow_api_etl.py
[2025-02-15 14:46:43,307] {scheduler_job.py:633} INFO - Processing file /home/airflow/.local/lib/python3.6/site-packages/airflow/example_dags/tutorial_taskflow_api_etl.py for tasks to queue
[2025-02-15 14:46:43,309] {logging_mixin.py:104} INFO - [2025-02-15 14:46:43,309] {dagbag.py:496} INFO - Filling up the DagBag from /home/airflow/.local/lib/python3.6/site-packages/airflow/example_dags/tutorial_taskflow_api_etl.py
[2025-02-15 14:46:43,361] {scheduler_job.py:643} INFO - DAG(s) dict_keys(['tutorial_taskflow_api_etl']) retrieved from /home/airflow/.local/lib/python3.6/site-packages/airflow/example_dags/tutorial_taskflow_api_etl.py
[2025-02-15 14:46:43,918] {logging_mixin.py:104} INFO - [2025-02-15 14:46:43,917] {dag.py:1833} INFO - Sync 1 DAGs
[2025-02-15 14:46:43,960] {logging_mixin.py:104} INFO - [2025-02-15 14:46:43,960] {dag.py:2306} INFO - Setting next_dagrun for tutorial_taskflow_api_etl to None
[2025-02-15 14:46:44,009] {scheduler_job.py:190} INFO - Processing /home/airflow/.local/lib/python3.6/site-packages/airflow/example_dags/tutorial_taskflow_api_etl.py took 0.715 seconds
[2025-02-15 14:47:14,789] {scheduler_job.py:182} INFO - Started process (PID=159) to work on /home/airflow/.local/lib/python3.6/site-packages/airflow/example_dags/tutorial_taskflow_api_etl.py
[2025-02-15 14:47:14,797] {scheduler_job.py:633} INFO - Processing file /home/airflow/.local/lib/python3.6/site-packages/airflow/example_dags/tutorial_taskflow_api_etl.py for tasks to queue
[2025-02-15 14:47:14,803] {logging_mixin.py:104} INFO - [2025-02-15 14:47:14,802] {dagbag.py:496} INFO - Filling up the DagBag from /home/airflow/.local/lib/python3.6/site-packages/airflow/example_dags/tutorial_taskflow_api_etl.py
[2025-02-15 14:47:14,867] {scheduler_job.py:643} INFO - DAG(s) dict_keys(['tutorial_taskflow_api_etl']) retrieved from /home/airflow/.local/lib/python3.6/site-packages/airflow/example_dags/tutorial_taskflow_api_etl.py
[2025-02-15 14:47:15,473] {logging_mixin.py:104} INFO - [2025-02-15 14:47:15,473] {dag.py:1833} INFO - Sync 1 DAGs
[2025-02-15 14:47:15,502] {logging_mixin.py:104} INFO - [2025-02-15 14:47:15,501] {dag.py:2306} INFO - Setting next_dagrun for tutorial_taskflow_api_etl to None
[2025-02-15 14:47:15,533] {scheduler_job.py:190} INFO - Processing /home/airflow/.local/lib/python3.6/site-packages/airflow/example_dags/tutorial_taskflow_api_etl.py took 0.759 seconds
[2025-02-15 14:47:46,182] {scheduler_job.py:182} INFO - Started process (PID=222) to work on /home/airflow/.local/lib/python3.6/site-packages/airflow/example_dags/tutorial_taskflow_api_etl.py
[2025-02-15 14:47:46,188] {scheduler_job.py:633} INFO - Processing file /home/airflow/.local/lib/python3.6/site-packages/airflow/example_dags/tutorial_taskflow_api_etl.py for tasks to queue
[2025-02-15 14:47:46,189] {logging_mixin.py:104} INFO - [2025-02-15 14:47:46,189] {dagbag.py:496} INFO - Filling up the DagBag from /home/airflow/.local/lib/python3.6/site-packages/airflow/example_dags/tutorial_taskflow_api_etl.py
[2025-02-15 14:47:46,208] {scheduler_job.py:643} INFO - DAG(s) dict_keys(['tutorial_taskflow_api_etl']) retrieved from /home/airflow/.local/lib/python3.6/site-packages/airflow/example_dags/tutorial_taskflow_api_etl.py
[2025-02-15 14:47:46,390] {logging_mixin.py:104} INFO - [2025-02-15 14:47:46,390] {dag.py:1833} INFO - Sync 1 DAGs
[2025-02-15 14:47:46,401] {logging_mixin.py:104} INFO - [2025-02-15 14:47:46,401] {dag.py:2306} INFO - Setting next_dagrun for tutorial_taskflow_api_etl to None
[2025-02-15 14:47:46,416] {scheduler_job.py:190} INFO - Processing /home/airflow/.local/lib/python3.6/site-packages/airflow/example_dags/tutorial_taskflow_api_etl.py took 0.240 seconds
[2025-02-15 14:48:16,833] {scheduler_job.py:182} INFO - Started process (PID=274) to work on /home/airflow/.local/lib/python3.6/site-packages/airflow/example_dags/tutorial_taskflow_api_etl.py
[2025-02-15 14:48:16,836] {scheduler_job.py:633} INFO - Processing file /home/airflow/.local/lib/python3.6/site-packages/airflow/example_dags/tutorial_taskflow_api_etl.py for tasks to queue
[2025-02-15 14:48:16,838] {logging_mixin.py:104} INFO - [2025-02-15 14:48:16,838] {dagbag.py:496} INFO - Filling up the DagBag from /home/airflow/.local/lib/python3.6/site-packages/airflow/example_dags/tutorial_taskflow_api_etl.py
[2025-02-15 14:48:16,859] {scheduler_job.py:643} INFO - DAG(s) dict_keys(['tutorial_taskflow_api_etl']) retrieved from /home/airflow/.local/lib/python3.6/site-packages/airflow/example_dags/tutorial_taskflow_api_etl.py
[2025-02-15 14:48:17,108] {logging_mixin.py:104} INFO - [2025-02-15 14:48:17,108] {dag.py:1833} INFO - Sync 1 DAGs
[2025-02-15 14:48:17,122] {logging_mixin.py:104} INFO - [2025-02-15 14:48:17,122] {dag.py:2306} INFO - Setting next_dagrun for tutorial_taskflow_api_etl to None
[2025-02-15 14:48:17,137] {scheduler_job.py:190} INFO - Processing /home/airflow/.local/lib/python3.6/site-packages/airflow/example_dags/tutorial_taskflow_api_etl.py took 0.312 seconds
[2025-02-15 14:48:47,709] {scheduler_job.py:182} INFO - Started process (PID=336) to work on /home/airflow/.local/lib/python3.6/site-packages/airflow/example_dags/tutorial_taskflow_api_etl.py
[2025-02-15 14:48:47,710] {scheduler_job.py:633} INFO - Processing file /home/airflow/.local/lib/python3.6/site-packages/airflow/example_dags/tutorial_taskflow_api_etl.py for tasks to queue
[2025-02-15 14:48:47,711] {logging_mixin.py:104} INFO - [2025-02-15 14:48:47,711] {dagbag.py:496} INFO - Filling up the DagBag from /home/airflow/.local/lib/python3.6/site-packages/airflow/example_dags/tutorial_taskflow_api_etl.py
[2025-02-15 14:48:47,740] {scheduler_job.py:643} INFO - DAG(s) dict_keys(['tutorial_taskflow_api_etl']) retrieved from /home/airflow/.local/lib/python3.6/site-packages/airflow/example_dags/tutorial_taskflow_api_etl.py
[2025-02-15 14:48:48,048] {logging_mixin.py:104} INFO - [2025-02-15 14:48:48,048] {dag.py:1833} INFO - Sync 1 DAGs
[2025-02-15 14:48:48,066] {logging_mixin.py:104} INFO - [2025-02-15 14:48:48,066] {dag.py:2306} INFO - Setting next_dagrun for tutorial_taskflow_api_etl to None
[2025-02-15 14:48:48,085] {scheduler_job.py:190} INFO - Processing /home/airflow/.local/lib/python3.6/site-packages/airflow/example_dags/tutorial_taskflow_api_etl.py took 0.379 seconds
[2025-02-15 14:49:18,155] {scheduler_job.py:182} INFO - Started process (PID=388) to work on /home/airflow/.local/lib/python3.6/site-packages/airflow/example_dags/tutorial_taskflow_api_etl.py
[2025-02-15 14:49:18,157] {scheduler_job.py:633} INFO - Processing file /home/airflow/.local/lib/python3.6/site-packages/airflow/example_dags/tutorial_taskflow_api_etl.py for tasks to queue
[2025-02-15 14:49:18,158] {logging_mixin.py:104} INFO - [2025-02-15 14:49:18,158] {dagbag.py:496} INFO - Filling up the DagBag from /home/airflow/.local/lib/python3.6/site-packages/airflow/example_dags/tutorial_taskflow_api_etl.py
[2025-02-15 14:49:18,182] {scheduler_job.py:643} INFO - DAG(s) dict_keys(['tutorial_taskflow_api_etl']) retrieved from /home/airflow/.local/lib/python3.6/site-packages/airflow/example_dags/tutorial_taskflow_api_etl.py
[2025-02-15 14:49:18,608] {logging_mixin.py:104} INFO - [2025-02-15 14:49:18,607] {dag.py:1833} INFO - Sync 1 DAGs
[2025-02-15 14:49:18,629] {logging_mixin.py:104} INFO - [2025-02-15 14:49:18,629] {dag.py:2306} INFO - Setting next_dagrun for tutorial_taskflow_api_etl to None
[2025-02-15 14:49:18,645] {scheduler_job.py:190} INFO - Processing /home/airflow/.local/lib/python3.6/site-packages/airflow/example_dags/tutorial_taskflow_api_etl.py took 0.495 seconds
[2025-02-15 14:49:48,735] {scheduler_job.py:182} INFO - Started process (PID=442) to work on /home/airflow/.local/lib/python3.6/site-packages/airflow/example_dags/tutorial_taskflow_api_etl.py
[2025-02-15 14:49:48,738] {scheduler_job.py:633} INFO - Processing file /home/airflow/.local/lib/python3.6/site-packages/airflow/example_dags/tutorial_taskflow_api_etl.py for tasks to queue
[2025-02-15 14:49:48,740] {logging_mixin.py:104} INFO - [2025-02-15 14:49:48,739] {dagbag.py:496} INFO - Filling up the DagBag from /home/airflow/.local/lib/python3.6/site-packages/airflow/example_dags/tutorial_taskflow_api_etl.py
[2025-02-15 14:49:48,770] {scheduler_job.py:643} INFO - DAG(s) dict_keys(['tutorial_taskflow_api_etl']) retrieved from /home/airflow/.local/lib/python3.6/site-packages/airflow/example_dags/tutorial_taskflow_api_etl.py
[2025-02-15 14:49:49,053] {logging_mixin.py:104} INFO - [2025-02-15 14:49:49,053] {dag.py:1833} INFO - Sync 1 DAGs
[2025-02-15 14:49:49,070] {logging_mixin.py:104} INFO - [2025-02-15 14:49:49,070] {dag.py:2306} INFO - Setting next_dagrun for tutorial_taskflow_api_etl to None
[2025-02-15 14:49:49,091] {scheduler_job.py:190} INFO - Processing /home/airflow/.local/lib/python3.6/site-packages/airflow/example_dags/tutorial_taskflow_api_etl.py took 0.363 seconds
[2025-02-15 14:50:19,749] {scheduler_job.py:182} INFO - Started process (PID=504) to work on /home/airflow/.local/lib/python3.6/site-packages/airflow/example_dags/tutorial_taskflow_api_etl.py
[2025-02-15 14:50:19,752] {scheduler_job.py:633} INFO - Processing file /home/airflow/.local/lib/python3.6/site-packages/airflow/example_dags/tutorial_taskflow_api_etl.py for tasks to queue
[2025-02-15 14:50:19,753] {logging_mixin.py:104} INFO - [2025-02-15 14:50:19,753] {dagbag.py:496} INFO - Filling up the DagBag from /home/airflow/.local/lib/python3.6/site-packages/airflow/example_dags/tutorial_taskflow_api_etl.py
[2025-02-15 14:50:19,776] {scheduler_job.py:643} INFO - DAG(s) dict_keys(['tutorial_taskflow_api_etl']) retrieved from /home/airflow/.local/lib/python3.6/site-packages/airflow/example_dags/tutorial_taskflow_api_etl.py
[2025-02-15 14:50:19,985] {logging_mixin.py:104} INFO - [2025-02-15 14:50:19,984] {dag.py:1833} INFO - Sync 1 DAGs
[2025-02-15 14:50:19,998] {logging_mixin.py:104} INFO - [2025-02-15 14:50:19,997] {dag.py:2306} INFO - Setting next_dagrun for tutorial_taskflow_api_etl to None
[2025-02-15 14:50:20,020] {scheduler_job.py:190} INFO - Processing /home/airflow/.local/lib/python3.6/site-packages/airflow/example_dags/tutorial_taskflow_api_etl.py took 0.278 seconds
[2025-02-15 14:50:50,845] {scheduler_job.py:182} INFO - Started process (PID=556) to work on /home/airflow/.local/lib/python3.6/site-packages/airflow/example_dags/tutorial_taskflow_api_etl.py
[2025-02-15 14:50:50,846] {scheduler_job.py:633} INFO - Processing file /home/airflow/.local/lib/python3.6/site-packages/airflow/example_dags/tutorial_taskflow_api_etl.py for tasks to queue
[2025-02-15 14:50:50,847] {logging_mixin.py:104} INFO - [2025-02-15 14:50:50,847] {dagbag.py:496} INFO - Filling up the DagBag from /home/airflow/.local/lib/python3.6/site-packages/airflow/example_dags/tutorial_taskflow_api_etl.py
[2025-02-15 14:50:50,865] {scheduler_job.py:643} INFO - DAG(s) dict_keys(['tutorial_taskflow_api_etl']) retrieved from /home/airflow/.local/lib/python3.6/site-packages/airflow/example_dags/tutorial_taskflow_api_etl.py
[2025-02-15 14:50:51,057] {logging_mixin.py:104} INFO - [2025-02-15 14:50:51,056] {dag.py:1833} INFO - Sync 1 DAGs
[2025-02-15 14:50:51,072] {logging_mixin.py:104} INFO - [2025-02-15 14:50:51,071] {dag.py:2306} INFO - Setting next_dagrun for tutorial_taskflow_api_etl to None
[2025-02-15 14:50:51,088] {scheduler_job.py:190} INFO - Processing /home/airflow/.local/lib/python3.6/site-packages/airflow/example_dags/tutorial_taskflow_api_etl.py took 0.247 seconds
[2025-02-15 14:51:21,141] {scheduler_job.py:182} INFO - Started process (PID=618) to work on /home/airflow/.local/lib/python3.6/site-packages/airflow/example_dags/tutorial_taskflow_api_etl.py
[2025-02-15 14:51:21,143] {scheduler_job.py:633} INFO - Processing file /home/airflow/.local/lib/python3.6/site-packages/airflow/example_dags/tutorial_taskflow_api_etl.py for tasks to queue
[2025-02-15 14:51:21,144] {logging_mixin.py:104} INFO - [2025-02-15 14:51:21,144] {dagbag.py:496} INFO - Filling up the DagBag from /home/airflow/.local/lib/python3.6/site-packages/airflow/example_dags/tutorial_taskflow_api_etl.py
[2025-02-15 14:51:21,167] {scheduler_job.py:643} INFO - DAG(s) dict_keys(['tutorial_taskflow_api_etl']) retrieved from /home/airflow/.local/lib/python3.6/site-packages/airflow/example_dags/tutorial_taskflow_api_etl.py
[2025-02-15 14:51:21,442] {logging_mixin.py:104} INFO - [2025-02-15 14:51:21,442] {dag.py:1833} INFO - Sync 1 DAGs
[2025-02-15 14:51:21,466] {logging_mixin.py:104} INFO - [2025-02-15 14:51:21,466] {dag.py:2306} INFO - Setting next_dagrun for tutorial_taskflow_api_etl to None
[2025-02-15 14:51:21,495] {scheduler_job.py:190} INFO - Processing /home/airflow/.local/lib/python3.6/site-packages/airflow/example_dags/tutorial_taskflow_api_etl.py took 0.360 seconds
[2025-02-15 14:51:51,626] {scheduler_job.py:182} INFO - Started process (PID=671) to work on /home/airflow/.local/lib/python3.6/site-packages/airflow/example_dags/tutorial_taskflow_api_etl.py
[2025-02-15 14:51:51,628] {scheduler_job.py:633} INFO - Processing file /home/airflow/.local/lib/python3.6/site-packages/airflow/example_dags/tutorial_taskflow_api_etl.py for tasks to queue
[2025-02-15 14:51:51,629] {logging_mixin.py:104} INFO - [2025-02-15 14:51:51,629] {dagbag.py:496} INFO - Filling up the DagBag from /home/airflow/.local/lib/python3.6/site-packages/airflow/example_dags/tutorial_taskflow_api_etl.py
[2025-02-15 14:51:51,645] {scheduler_job.py:643} INFO - DAG(s) dict_keys(['tutorial_taskflow_api_etl']) retrieved from /home/airflow/.local/lib/python3.6/site-packages/airflow/example_dags/tutorial_taskflow_api_etl.py
[2025-02-15 14:51:51,669] {logging_mixin.py:104} INFO - [2025-02-15 14:51:51,669] {dag.py:1833} INFO - Sync 1 DAGs
[2025-02-15 14:51:51,684] {logging_mixin.py:104} INFO - [2025-02-15 14:51:51,684] {dag.py:2306} INFO - Setting next_dagrun for tutorial_taskflow_api_etl to None
[2025-02-15 14:51:51,708] {scheduler_job.py:190} INFO - Processing /home/airflow/.local/lib/python3.6/site-packages/airflow/example_dags/tutorial_taskflow_api_etl.py took 0.086 seconds
[2025-02-15 15:12:33,104] {scheduler_job.py:182} INFO - Started process (PID=720) to work on /home/airflow/.local/lib/python3.6/site-packages/airflow/example_dags/tutorial_taskflow_api_etl.py
[2025-02-15 15:12:33,108] {scheduler_job.py:633} INFO - Processing file /home/airflow/.local/lib/python3.6/site-packages/airflow/example_dags/tutorial_taskflow_api_etl.py for tasks to queue
[2025-02-15 15:12:33,111] {logging_mixin.py:104} INFO - [2025-02-15 15:12:33,111] {dagbag.py:496} INFO - Filling up the DagBag from /home/airflow/.local/lib/python3.6/site-packages/airflow/example_dags/tutorial_taskflow_api_etl.py
[2025-02-15 15:12:33,166] {scheduler_job.py:643} INFO - DAG(s) dict_keys(['tutorial_taskflow_api_etl']) retrieved from /home/airflow/.local/lib/python3.6/site-packages/airflow/example_dags/tutorial_taskflow_api_etl.py
[2025-02-15 15:12:38,398] {logging_mixin.py:104} INFO - [2025-02-15 15:12:38,398] {dag.py:1833} INFO - Sync 1 DAGs
[2025-02-15 15:12:38,422] {logging_mixin.py:104} INFO - [2025-02-15 15:12:38,422] {dag.py:2306} INFO - Setting next_dagrun for tutorial_taskflow_api_etl to None
[2025-02-15 15:12:38,452] {scheduler_job.py:190} INFO - Processing /home/airflow/.local/lib/python3.6/site-packages/airflow/example_dags/tutorial_taskflow_api_etl.py took 5.357 seconds
[2025-02-15 15:13:09,113] {scheduler_job.py:182} INFO - Started process (PID=776) to work on /home/airflow/.local/lib/python3.6/site-packages/airflow/example_dags/tutorial_taskflow_api_etl.py
[2025-02-15 15:13:09,123] {scheduler_job.py:633} INFO - Processing file /home/airflow/.local/lib/python3.6/site-packages/airflow/example_dags/tutorial_taskflow_api_etl.py for tasks to queue
[2025-02-15 15:13:09,127] {logging_mixin.py:104} INFO - [2025-02-15 15:13:09,126] {dagbag.py:496} INFO - Filling up the DagBag from /home/airflow/.local/lib/python3.6/site-packages/airflow/example_dags/tutorial_taskflow_api_etl.py
[2025-02-15 15:13:09,269] {scheduler_job.py:643} INFO - DAG(s) dict_keys(['tutorial_taskflow_api_etl']) retrieved from /home/airflow/.local/lib/python3.6/site-packages/airflow/example_dags/tutorial_taskflow_api_etl.py
[2025-02-15 15:13:09,446] {logging_mixin.py:104} INFO - [2025-02-15 15:13:09,445] {dag.py:1833} INFO - Sync 1 DAGs
[2025-02-15 15:13:09,512] {logging_mixin.py:104} INFO - [2025-02-15 15:13:09,512] {dag.py:2306} INFO - Setting next_dagrun for tutorial_taskflow_api_etl to None
[2025-02-15 15:13:09,534] {scheduler_job.py:190} INFO - Processing /home/airflow/.local/lib/python3.6/site-packages/airflow/example_dags/tutorial_taskflow_api_etl.py took 0.467 seconds
[2025-02-15 15:20:31,749] {scheduler_job.py:182} INFO - Started process (PID=72) to work on /home/airflow/.local/lib/python3.6/site-packages/airflow/example_dags/tutorial_taskflow_api_etl.py
[2025-02-15 15:20:31,768] {scheduler_job.py:633} INFO - Processing file /home/airflow/.local/lib/python3.6/site-packages/airflow/example_dags/tutorial_taskflow_api_etl.py for tasks to queue
[2025-02-15 15:20:31,775] {logging_mixin.py:104} INFO - [2025-02-15 15:20:31,774] {dagbag.py:496} INFO - Filling up the DagBag from /home/airflow/.local/lib/python3.6/site-packages/airflow/example_dags/tutorial_taskflow_api_etl.py
[2025-02-15 15:20:31,876] {scheduler_job.py:643} INFO - DAG(s) dict_keys(['tutorial_taskflow_api_etl']) retrieved from /home/airflow/.local/lib/python3.6/site-packages/airflow/example_dags/tutorial_taskflow_api_etl.py
[2025-02-15 15:20:34,419] {logging_mixin.py:104} INFO - [2025-02-15 15:20:34,417] {dag.py:1833} INFO - Sync 1 DAGs
[2025-02-15 15:20:34,767] {logging_mixin.py:104} INFO - [2025-02-15 15:20:34,756] {dag.py:2306} INFO - Setting next_dagrun for tutorial_taskflow_api_etl to None
[2025-02-15 15:20:34,906] {scheduler_job.py:190} INFO - Processing /home/airflow/.local/lib/python3.6/site-packages/airflow/example_dags/tutorial_taskflow_api_etl.py took 3.166 seconds
[2025-02-15 15:21:05,329] {scheduler_job.py:182} INFO - Started process (PID=117) to work on /home/airflow/.local/lib/python3.6/site-packages/airflow/example_dags/tutorial_taskflow_api_etl.py
[2025-02-15 15:21:05,358] {scheduler_job.py:633} INFO - Processing file /home/airflow/.local/lib/python3.6/site-packages/airflow/example_dags/tutorial_taskflow_api_etl.py for tasks to queue
[2025-02-15 15:21:05,360] {logging_mixin.py:104} INFO - [2025-02-15 15:21:05,360] {dagbag.py:496} INFO - Filling up the DagBag from /home/airflow/.local/lib/python3.6/site-packages/airflow/example_dags/tutorial_taskflow_api_etl.py
[2025-02-15 15:21:05,510] {scheduler_job.py:643} INFO - DAG(s) dict_keys(['tutorial_taskflow_api_etl']) retrieved from /home/airflow/.local/lib/python3.6/site-packages/airflow/example_dags/tutorial_taskflow_api_etl.py
[2025-02-15 15:21:07,059] {logging_mixin.py:104} INFO - [2025-02-15 15:21:07,059] {dag.py:1833} INFO - Sync 1 DAGs
[2025-02-15 15:21:07,209] {logging_mixin.py:104} INFO - [2025-02-15 15:21:07,209] {dag.py:2306} INFO - Setting next_dagrun for tutorial_taskflow_api_etl to None
[2025-02-15 15:21:07,347] {scheduler_job.py:190} INFO - Processing /home/airflow/.local/lib/python3.6/site-packages/airflow/example_dags/tutorial_taskflow_api_etl.py took 2.057 seconds
[2025-02-15 15:21:40,657] {scheduler_job.py:182} INFO - Started process (PID=167) to work on /home/airflow/.local/lib/python3.6/site-packages/airflow/example_dags/tutorial_taskflow_api_etl.py
[2025-02-15 15:21:40,673] {scheduler_job.py:633} INFO - Processing file /home/airflow/.local/lib/python3.6/site-packages/airflow/example_dags/tutorial_taskflow_api_etl.py for tasks to queue
[2025-02-15 15:21:40,675] {logging_mixin.py:104} INFO - [2025-02-15 15:21:40,675] {dagbag.py:496} INFO - Filling up the DagBag from /home/airflow/.local/lib/python3.6/site-packages/airflow/example_dags/tutorial_taskflow_api_etl.py
[2025-02-15 15:21:40,795] {scheduler_job.py:643} INFO - DAG(s) dict_keys(['tutorial_taskflow_api_etl']) retrieved from /home/airflow/.local/lib/python3.6/site-packages/airflow/example_dags/tutorial_taskflow_api_etl.py
[2025-02-15 15:21:46,505] {logging_mixin.py:104} INFO - [2025-02-15 15:21:46,503] {dag.py:1833} INFO - Sync 1 DAGs
[2025-02-15 15:21:47,079] {logging_mixin.py:104} INFO - [2025-02-15 15:21:47,079] {dag.py:2306} INFO - Setting next_dagrun for tutorial_taskflow_api_etl to None
[2025-02-15 15:21:47,340] {scheduler_job.py:190} INFO - Processing /home/airflow/.local/lib/python3.6/site-packages/airflow/example_dags/tutorial_taskflow_api_etl.py took 6.714 seconds
