[2025-02-15 13:54:00,965] {scheduler_job.py:182} INFO - Started process (PID=60) to work on /home/airflow/.local/lib/python3.6/site-packages/airflow/example_dags/tutorial_etl_dag.py
[2025-02-15 13:54:00,968] {scheduler_job.py:633} INFO - Processing file /home/airflow/.local/lib/python3.6/site-packages/airflow/example_dags/tutorial_etl_dag.py for tasks to queue
[2025-02-15 13:54:00,970] {logging_mixin.py:104} INFO - [2025-02-15 13:54:00,969] {dagbag.py:496} INFO - Filling up the DagBag from /home/airflow/.local/lib/python3.6/site-packages/airflow/example_dags/tutorial_etl_dag.py
[2025-02-15 13:54:01,023] {scheduler_job.py:643} INFO - DAG(s) dict_keys(['tutorial_etl_dag']) retrieved from /home/airflow/.local/lib/python3.6/site-packages/airflow/example_dags/tutorial_etl_dag.py
[2025-02-15 13:54:02,430] {logging_mixin.py:104} INFO - [2025-02-15 13:54:02,430] {dag.py:1833} INFO - Sync 1 DAGs
[2025-02-15 13:54:02,498] {logging_mixin.py:104} INFO - [2025-02-15 13:54:02,497] {dag.py:2306} INFO - Setting next_dagrun for tutorial_etl_dag to None
[2025-02-15 13:54:02,599] {scheduler_job.py:190} INFO - Processing /home/airflow/.local/lib/python3.6/site-packages/airflow/example_dags/tutorial_etl_dag.py took 1.663 seconds
[2025-02-15 13:54:33,603] {scheduler_job.py:182} INFO - Started process (PID=107) to work on /home/airflow/.local/lib/python3.6/site-packages/airflow/example_dags/tutorial_etl_dag.py
[2025-02-15 13:54:33,607] {scheduler_job.py:633} INFO - Processing file /home/airflow/.local/lib/python3.6/site-packages/airflow/example_dags/tutorial_etl_dag.py for tasks to queue
[2025-02-15 13:54:33,610] {logging_mixin.py:104} INFO - [2025-02-15 13:54:33,609] {dagbag.py:496} INFO - Filling up the DagBag from /home/airflow/.local/lib/python3.6/site-packages/airflow/example_dags/tutorial_etl_dag.py
[2025-02-15 13:54:33,785] {scheduler_job.py:643} INFO - DAG(s) dict_keys(['tutorial_etl_dag']) retrieved from /home/airflow/.local/lib/python3.6/site-packages/airflow/example_dags/tutorial_etl_dag.py
[2025-02-15 13:54:34,326] {logging_mixin.py:104} INFO - [2025-02-15 13:54:34,325] {dag.py:1833} INFO - Sync 1 DAGs
[2025-02-15 13:54:33,357] {logging_mixin.py:104} INFO - [2025-02-15 13:54:33,357] {dag.py:2306} INFO - Setting next_dagrun for tutorial_etl_dag to None
[2025-02-15 13:54:34,500] {scheduler_job.py:190} INFO - Processing /home/airflow/.local/lib/python3.6/site-packages/airflow/example_dags/tutorial_etl_dag.py took 2.861 seconds
[2025-02-15 13:55:05,594] {scheduler_job.py:182} INFO - Started process (PID=149) to work on /home/airflow/.local/lib/python3.6/site-packages/airflow/example_dags/tutorial_etl_dag.py
[2025-02-15 13:55:05,629] {scheduler_job.py:633} INFO - Processing file /home/airflow/.local/lib/python3.6/site-packages/airflow/example_dags/tutorial_etl_dag.py for tasks to queue
[2025-02-15 13:55:05,777] {logging_mixin.py:104} INFO - [2025-02-15 13:55:05,722] {dagbag.py:496} INFO - Filling up the DagBag from /home/airflow/.local/lib/python3.6/site-packages/airflow/example_dags/tutorial_etl_dag.py
[2025-02-15 13:55:06,369] {scheduler_job.py:643} INFO - DAG(s) dict_keys(['tutorial_etl_dag']) retrieved from /home/airflow/.local/lib/python3.6/site-packages/airflow/example_dags/tutorial_etl_dag.py
[2025-02-15 13:55:07,151] {logging_mixin.py:104} INFO - [2025-02-15 13:55:07,151] {dag.py:1833} INFO - Sync 1 DAGs
[2025-02-15 13:55:07,514] {logging_mixin.py:104} INFO - [2025-02-15 13:55:07,513] {dag.py:2306} INFO - Setting next_dagrun for tutorial_etl_dag to None
[2025-02-15 13:55:07,718] {scheduler_job.py:190} INFO - Processing /home/airflow/.local/lib/python3.6/site-packages/airflow/example_dags/tutorial_etl_dag.py took 2.456 seconds
[2025-02-15 13:55:38,654] {scheduler_job.py:182} INFO - Started process (PID=200) to work on /home/airflow/.local/lib/python3.6/site-packages/airflow/example_dags/tutorial_etl_dag.py
[2025-02-15 13:55:38,658] {scheduler_job.py:633} INFO - Processing file /home/airflow/.local/lib/python3.6/site-packages/airflow/example_dags/tutorial_etl_dag.py for tasks to queue
[2025-02-15 13:55:38,660] {logging_mixin.py:104} INFO - [2025-02-15 13:55:38,659] {dagbag.py:496} INFO - Filling up the DagBag from /home/airflow/.local/lib/python3.6/site-packages/airflow/example_dags/tutorial_etl_dag.py
[2025-02-15 13:55:38,684] {scheduler_job.py:643} INFO - DAG(s) dict_keys(['tutorial_etl_dag']) retrieved from /home/airflow/.local/lib/python3.6/site-packages/airflow/example_dags/tutorial_etl_dag.py
[2025-02-15 13:55:38,726] {logging_mixin.py:104} INFO - [2025-02-15 13:55:38,725] {dag.py:1833} INFO - Sync 1 DAGs
[2025-02-15 13:55:38,751] {logging_mixin.py:104} INFO - [2025-02-15 13:55:38,751] {dag.py:2306} INFO - Setting next_dagrun for tutorial_etl_dag to None
[2025-02-15 13:55:38,765] {scheduler_job.py:190} INFO - Processing /home/airflow/.local/lib/python3.6/site-packages/airflow/example_dags/tutorial_etl_dag.py took 0.117 seconds
[2025-02-15 13:56:09,086] {scheduler_job.py:182} INFO - Started process (PID=258) to work on /home/airflow/.local/lib/python3.6/site-packages/airflow/example_dags/tutorial_etl_dag.py
[2025-02-15 13:56:09,089] {scheduler_job.py:633} INFO - Processing file /home/airflow/.local/lib/python3.6/site-packages/airflow/example_dags/tutorial_etl_dag.py for tasks to queue
[2025-02-15 13:56:09,090] {logging_mixin.py:104} INFO - [2025-02-15 13:56:09,090] {dagbag.py:496} INFO - Filling up the DagBag from /home/airflow/.local/lib/python3.6/site-packages/airflow/example_dags/tutorial_etl_dag.py
[2025-02-15 13:56:09,120] {scheduler_job.py:643} INFO - DAG(s) dict_keys(['tutorial_etl_dag']) retrieved from /home/airflow/.local/lib/python3.6/site-packages/airflow/example_dags/tutorial_etl_dag.py
[2025-02-15 13:56:09,174] {logging_mixin.py:104} INFO - [2025-02-15 13:56:09,173] {dag.py:1833} INFO - Sync 1 DAGs
[2025-02-15 13:56:09,207] {logging_mixin.py:104} INFO - [2025-02-15 13:56:09,207] {dag.py:2306} INFO - Setting next_dagrun for tutorial_etl_dag to None
[2025-02-15 13:56:09,230] {scheduler_job.py:190} INFO - Processing /home/airflow/.local/lib/python3.6/site-packages/airflow/example_dags/tutorial_etl_dag.py took 0.154 seconds
[2025-02-15 13:56:39,568] {scheduler_job.py:182} INFO - Started process (PID=311) to work on /home/airflow/.local/lib/python3.6/site-packages/airflow/example_dags/tutorial_etl_dag.py
[2025-02-15 13:56:39,571] {scheduler_job.py:633} INFO - Processing file /home/airflow/.local/lib/python3.6/site-packages/airflow/example_dags/tutorial_etl_dag.py for tasks to queue
[2025-02-15 13:56:39,572] {logging_mixin.py:104} INFO - [2025-02-15 13:56:39,572] {dagbag.py:496} INFO - Filling up the DagBag from /home/airflow/.local/lib/python3.6/site-packages/airflow/example_dags/tutorial_etl_dag.py
[2025-02-15 13:56:39,594] {scheduler_job.py:643} INFO - DAG(s) dict_keys(['tutorial_etl_dag']) retrieved from /home/airflow/.local/lib/python3.6/site-packages/airflow/example_dags/tutorial_etl_dag.py
[2025-02-15 13:56:39,638] {logging_mixin.py:104} INFO - [2025-02-15 13:56:39,638] {dag.py:1833} INFO - Sync 1 DAGs
[2025-02-15 13:56:39,674] {logging_mixin.py:104} INFO - [2025-02-15 13:56:39,673] {dag.py:2306} INFO - Setting next_dagrun for tutorial_etl_dag to None
[2025-02-15 13:56:39,696] {scheduler_job.py:190} INFO - Processing /home/airflow/.local/lib/python3.6/site-packages/airflow/example_dags/tutorial_etl_dag.py took 0.134 seconds
[2025-02-15 13:57:09,904] {scheduler_job.py:182} INFO - Started process (PID=363) to work on /home/airflow/.local/lib/python3.6/site-packages/airflow/example_dags/tutorial_etl_dag.py
[2025-02-15 13:57:09,906] {scheduler_job.py:633} INFO - Processing file /home/airflow/.local/lib/python3.6/site-packages/airflow/example_dags/tutorial_etl_dag.py for tasks to queue
[2025-02-15 13:57:09,908] {logging_mixin.py:104} INFO - [2025-02-15 13:57:09,908] {dagbag.py:496} INFO - Filling up the DagBag from /home/airflow/.local/lib/python3.6/site-packages/airflow/example_dags/tutorial_etl_dag.py
[2025-02-15 13:57:09,929] {scheduler_job.py:643} INFO - DAG(s) dict_keys(['tutorial_etl_dag']) retrieved from /home/airflow/.local/lib/python3.6/site-packages/airflow/example_dags/tutorial_etl_dag.py
[2025-02-15 13:57:09,963] {logging_mixin.py:104} INFO - [2025-02-15 13:57:09,963] {dag.py:1833} INFO - Sync 1 DAGs
[2025-02-15 13:57:09,984] {logging_mixin.py:104} INFO - [2025-02-15 13:57:09,984] {dag.py:2306} INFO - Setting next_dagrun for tutorial_etl_dag to None
[2025-02-15 13:57:10,002] {scheduler_job.py:190} INFO - Processing /home/airflow/.local/lib/python3.6/site-packages/airflow/example_dags/tutorial_etl_dag.py took 0.104 seconds
[2025-02-15 13:57:40,371] {scheduler_job.py:182} INFO - Started process (PID=414) to work on /home/airflow/.local/lib/python3.6/site-packages/airflow/example_dags/tutorial_etl_dag.py
[2025-02-15 13:57:40,374] {scheduler_job.py:633} INFO - Processing file /home/airflow/.local/lib/python3.6/site-packages/airflow/example_dags/tutorial_etl_dag.py for tasks to queue
[2025-02-15 13:57:40,375] {logging_mixin.py:104} INFO - [2025-02-15 13:57:40,375] {dagbag.py:496} INFO - Filling up the DagBag from /home/airflow/.local/lib/python3.6/site-packages/airflow/example_dags/tutorial_etl_dag.py
[2025-02-15 13:57:40,457] {scheduler_job.py:643} INFO - DAG(s) dict_keys(['tutorial_etl_dag']) retrieved from /home/airflow/.local/lib/python3.6/site-packages/airflow/example_dags/tutorial_etl_dag.py
[2025-02-15 13:57:40,510] {logging_mixin.py:104} INFO - [2025-02-15 13:57:40,509] {dag.py:1833} INFO - Sync 1 DAGs
[2025-02-15 13:57:40,542] {logging_mixin.py:104} INFO - [2025-02-15 13:57:40,542] {dag.py:2306} INFO - Setting next_dagrun for tutorial_etl_dag to None
[2025-02-15 13:57:40,566] {scheduler_job.py:190} INFO - Processing /home/airflow/.local/lib/python3.6/site-packages/airflow/example_dags/tutorial_etl_dag.py took 0.201 seconds
[2025-02-15 13:58:11,386] {scheduler_job.py:182} INFO - Started process (PID=465) to work on /home/airflow/.local/lib/python3.6/site-packages/airflow/example_dags/tutorial_etl_dag.py
[2025-02-15 13:58:11,390] {scheduler_job.py:633} INFO - Processing file /home/airflow/.local/lib/python3.6/site-packages/airflow/example_dags/tutorial_etl_dag.py for tasks to queue
[2025-02-15 13:58:11,391] {logging_mixin.py:104} INFO - [2025-02-15 13:58:11,391] {dagbag.py:496} INFO - Filling up the DagBag from /home/airflow/.local/lib/python3.6/site-packages/airflow/example_dags/tutorial_etl_dag.py
[2025-02-15 13:58:11,422] {scheduler_job.py:643} INFO - DAG(s) dict_keys(['tutorial_etl_dag']) retrieved from /home/airflow/.local/lib/python3.6/site-packages/airflow/example_dags/tutorial_etl_dag.py
[2025-02-15 13:58:11,474] {logging_mixin.py:104} INFO - [2025-02-15 13:58:11,474] {dag.py:1833} INFO - Sync 1 DAGs
[2025-02-15 13:58:11,506] {logging_mixin.py:104} INFO - [2025-02-15 13:58:11,506] {dag.py:2306} INFO - Setting next_dagrun for tutorial_etl_dag to None
[2025-02-15 13:58:11,520] {scheduler_job.py:190} INFO - Processing /home/airflow/.local/lib/python3.6/site-packages/airflow/example_dags/tutorial_etl_dag.py took 0.140 seconds
[2025-02-15 13:58:41,915] {scheduler_job.py:182} INFO - Started process (PID=516) to work on /home/airflow/.local/lib/python3.6/site-packages/airflow/example_dags/tutorial_etl_dag.py
[2025-02-15 13:58:41,923] {scheduler_job.py:633} INFO - Processing file /home/airflow/.local/lib/python3.6/site-packages/airflow/example_dags/tutorial_etl_dag.py for tasks to queue
[2025-02-15 13:58:41,925] {logging_mixin.py:104} INFO - [2025-02-15 13:58:41,924] {dagbag.py:496} INFO - Filling up the DagBag from /home/airflow/.local/lib/python3.6/site-packages/airflow/example_dags/tutorial_etl_dag.py
[2025-02-15 13:58:41,947] {scheduler_job.py:643} INFO - DAG(s) dict_keys(['tutorial_etl_dag']) retrieved from /home/airflow/.local/lib/python3.6/site-packages/airflow/example_dags/tutorial_etl_dag.py
[2025-02-15 13:58:41,974] {logging_mixin.py:104} INFO - [2025-02-15 13:58:41,973] {dag.py:1833} INFO - Sync 1 DAGs
[2025-02-15 13:58:41,989] {logging_mixin.py:104} INFO - [2025-02-15 13:58:41,989] {dag.py:2306} INFO - Setting next_dagrun for tutorial_etl_dag to None
[2025-02-15 13:58:42,005] {scheduler_job.py:190} INFO - Processing /home/airflow/.local/lib/python3.6/site-packages/airflow/example_dags/tutorial_etl_dag.py took 0.105 seconds
[2025-02-15 13:59:12,171] {scheduler_job.py:182} INFO - Started process (PID=578) to work on /home/airflow/.local/lib/python3.6/site-packages/airflow/example_dags/tutorial_etl_dag.py
[2025-02-15 13:59:12,178] {scheduler_job.py:633} INFO - Processing file /home/airflow/.local/lib/python3.6/site-packages/airflow/example_dags/tutorial_etl_dag.py for tasks to queue
[2025-02-15 13:59:12,179] {logging_mixin.py:104} INFO - [2025-02-15 13:59:12,179] {dagbag.py:496} INFO - Filling up the DagBag from /home/airflow/.local/lib/python3.6/site-packages/airflow/example_dags/tutorial_etl_dag.py
[2025-02-15 13:59:12,200] {scheduler_job.py:643} INFO - DAG(s) dict_keys(['tutorial_etl_dag']) retrieved from /home/airflow/.local/lib/python3.6/site-packages/airflow/example_dags/tutorial_etl_dag.py
[2025-02-15 13:59:12,236] {logging_mixin.py:104} INFO - [2025-02-15 13:59:12,236] {dag.py:1833} INFO - Sync 1 DAGs
[2025-02-15 13:59:12,272] {logging_mixin.py:104} INFO - [2025-02-15 13:59:12,272] {dag.py:2306} INFO - Setting next_dagrun for tutorial_etl_dag to None
[2025-02-15 13:59:12,293] {scheduler_job.py:190} INFO - Processing /home/airflow/.local/lib/python3.6/site-packages/airflow/example_dags/tutorial_etl_dag.py took 0.131 seconds
[2025-02-15 13:59:42,665] {scheduler_job.py:182} INFO - Started process (PID=640) to work on /home/airflow/.local/lib/python3.6/site-packages/airflow/example_dags/tutorial_etl_dag.py
[2025-02-15 13:59:42,673] {scheduler_job.py:633} INFO - Processing file /home/airflow/.local/lib/python3.6/site-packages/airflow/example_dags/tutorial_etl_dag.py for tasks to queue
[2025-02-15 13:59:42,675] {logging_mixin.py:104} INFO - [2025-02-15 13:59:42,674] {dagbag.py:496} INFO - Filling up the DagBag from /home/airflow/.local/lib/python3.6/site-packages/airflow/example_dags/tutorial_etl_dag.py
[2025-02-15 13:59:42,701] {scheduler_job.py:643} INFO - DAG(s) dict_keys(['tutorial_etl_dag']) retrieved from /home/airflow/.local/lib/python3.6/site-packages/airflow/example_dags/tutorial_etl_dag.py
[2025-02-15 13:59:42,733] {logging_mixin.py:104} INFO - [2025-02-15 13:59:42,733] {dag.py:1833} INFO - Sync 1 DAGs
[2025-02-15 13:59:42,752] {logging_mixin.py:104} INFO - [2025-02-15 13:59:42,751] {dag.py:2306} INFO - Setting next_dagrun for tutorial_etl_dag to None
[2025-02-15 13:59:42,773] {scheduler_job.py:190} INFO - Processing /home/airflow/.local/lib/python3.6/site-packages/airflow/example_dags/tutorial_etl_dag.py took 0.125 seconds
[2025-02-15 14:00:13,075] {scheduler_job.py:182} INFO - Started process (PID=692) to work on /home/airflow/.local/lib/python3.6/site-packages/airflow/example_dags/tutorial_etl_dag.py
[2025-02-15 14:00:13,077] {scheduler_job.py:633} INFO - Processing file /home/airflow/.local/lib/python3.6/site-packages/airflow/example_dags/tutorial_etl_dag.py for tasks to queue
[2025-02-15 14:00:13,078] {logging_mixin.py:104} INFO - [2025-02-15 14:00:13,078] {dagbag.py:496} INFO - Filling up the DagBag from /home/airflow/.local/lib/python3.6/site-packages/airflow/example_dags/tutorial_etl_dag.py
[2025-02-15 14:00:13,093] {scheduler_job.py:643} INFO - DAG(s) dict_keys(['tutorial_etl_dag']) retrieved from /home/airflow/.local/lib/python3.6/site-packages/airflow/example_dags/tutorial_etl_dag.py
[2025-02-15 14:00:13,120] {logging_mixin.py:104} INFO - [2025-02-15 14:00:13,120] {dag.py:1833} INFO - Sync 1 DAGs
[2025-02-15 14:00:13,137] {logging_mixin.py:104} INFO - [2025-02-15 14:00:13,137] {dag.py:2306} INFO - Setting next_dagrun for tutorial_etl_dag to None
[2025-02-15 14:00:13,148] {scheduler_job.py:190} INFO - Processing /home/airflow/.local/lib/python3.6/site-packages/airflow/example_dags/tutorial_etl_dag.py took 0.076 seconds
[2025-02-15 14:01:28,509] {scheduler_job.py:182} INFO - Started process (PID=60) to work on /home/airflow/.local/lib/python3.6/site-packages/airflow/example_dags/tutorial_etl_dag.py
[2025-02-15 14:01:28,513] {scheduler_job.py:633} INFO - Processing file /home/airflow/.local/lib/python3.6/site-packages/airflow/example_dags/tutorial_etl_dag.py for tasks to queue
[2025-02-15 14:01:28,514] {logging_mixin.py:104} INFO - [2025-02-15 14:01:28,514] {dagbag.py:496} INFO - Filling up the DagBag from /home/airflow/.local/lib/python3.6/site-packages/airflow/example_dags/tutorial_etl_dag.py
[2025-02-15 14:01:28,548] {scheduler_job.py:643} INFO - DAG(s) dict_keys(['tutorial_etl_dag']) retrieved from /home/airflow/.local/lib/python3.6/site-packages/airflow/example_dags/tutorial_etl_dag.py
[2025-02-15 14:01:28,614] {logging_mixin.py:104} INFO - [2025-02-15 14:01:28,614] {dag.py:1833} INFO - Sync 1 DAGs
[2025-02-15 14:01:28,667] {logging_mixin.py:104} INFO - [2025-02-15 14:01:28,667] {dag.py:2306} INFO - Setting next_dagrun for tutorial_etl_dag to None
[2025-02-15 14:01:28,698] {scheduler_job.py:190} INFO - Processing /home/airflow/.local/lib/python3.6/site-packages/airflow/example_dags/tutorial_etl_dag.py took 0.199 seconds
[2025-02-15 14:06:24,166] {scheduler_job.py:182} INFO - Started process (PID=138) to work on /home/airflow/.local/lib/python3.6/site-packages/airflow/example_dags/tutorial_etl_dag.py
[2025-02-15 14:06:24,172] {scheduler_job.py:633} INFO - Processing file /home/airflow/.local/lib/python3.6/site-packages/airflow/example_dags/tutorial_etl_dag.py for tasks to queue
[2025-02-15 14:06:24,176] {logging_mixin.py:104} INFO - [2025-02-15 14:06:24,175] {dagbag.py:496} INFO - Filling up the DagBag from /home/airflow/.local/lib/python3.6/site-packages/airflow/example_dags/tutorial_etl_dag.py
[2025-02-15 14:06:24,289] {scheduler_job.py:643} INFO - DAG(s) dict_keys(['tutorial_etl_dag']) retrieved from /home/airflow/.local/lib/python3.6/site-packages/airflow/example_dags/tutorial_etl_dag.py
[2025-02-15 14:06:43,731] {logging_mixin.py:104} INFO - [2025-02-15 14:06:43,727] {dag.py:1833} INFO - Sync 1 DAGs
[2025-02-15 14:06:43,769] {logging_mixin.py:104} INFO - [2025-02-15 14:06:43,765] {dag.py:1852} INFO - Creating ORM DAG for tutorial_etl_dag
[2025-02-15 14:06:43,787] {logging_mixin.py:104} INFO - [2025-02-15 14:06:43,787] {dag.py:2306} INFO - Setting next_dagrun for tutorial_etl_dag to None
[2025-02-15 14:06:43,832] {scheduler_job.py:190} INFO - Processing /home/airflow/.local/lib/python3.6/site-packages/airflow/example_dags/tutorial_etl_dag.py took 19.684 seconds
[2025-02-15 14:07:48,843] {scheduler_job.py:182} INFO - Started process (PID=412) to work on /home/airflow/.local/lib/python3.6/site-packages/airflow/example_dags/tutorial_etl_dag.py
[2025-02-15 14:07:48,845] {scheduler_job.py:633} INFO - Processing file /home/airflow/.local/lib/python3.6/site-packages/airflow/example_dags/tutorial_etl_dag.py for tasks to queue
[2025-02-15 14:07:48,846] {logging_mixin.py:104} INFO - [2025-02-15 14:07:48,846] {dagbag.py:496} INFO - Filling up the DagBag from /home/airflow/.local/lib/python3.6/site-packages/airflow/example_dags/tutorial_etl_dag.py
[2025-02-15 14:07:48,878] {scheduler_job.py:643} INFO - DAG(s) dict_keys(['tutorial_etl_dag']) retrieved from /home/airflow/.local/lib/python3.6/site-packages/airflow/example_dags/tutorial_etl_dag.py
[2025-02-15 14:07:48,940] {logging_mixin.py:104} INFO - [2025-02-15 14:07:48,939] {dag.py:1833} INFO - Sync 1 DAGs
[2025-02-15 14:07:48,978] {logging_mixin.py:104} INFO - [2025-02-15 14:07:48,978] {dag.py:2306} INFO - Setting next_dagrun for tutorial_etl_dag to None
[2025-02-15 14:07:49,001] {scheduler_job.py:190} INFO - Processing /home/airflow/.local/lib/python3.6/site-packages/airflow/example_dags/tutorial_etl_dag.py took 0.165 seconds
[2025-02-15 14:08:19,208] {scheduler_job.py:182} INFO - Started process (PID=470) to work on /home/airflow/.local/lib/python3.6/site-packages/airflow/example_dags/tutorial_etl_dag.py
[2025-02-15 14:08:19,211] {scheduler_job.py:633} INFO - Processing file /home/airflow/.local/lib/python3.6/site-packages/airflow/example_dags/tutorial_etl_dag.py for tasks to queue
[2025-02-15 14:08:19,214] {logging_mixin.py:104} INFO - [2025-02-15 14:08:19,213] {dagbag.py:496} INFO - Filling up the DagBag from /home/airflow/.local/lib/python3.6/site-packages/airflow/example_dags/tutorial_etl_dag.py
[2025-02-15 14:08:19,244] {scheduler_job.py:643} INFO - DAG(s) dict_keys(['tutorial_etl_dag']) retrieved from /home/airflow/.local/lib/python3.6/site-packages/airflow/example_dags/tutorial_etl_dag.py
[2025-02-15 14:08:19,312] {logging_mixin.py:104} INFO - [2025-02-15 14:08:19,312] {dag.py:1833} INFO - Sync 1 DAGs
[2025-02-15 14:08:19,391] {logging_mixin.py:104} INFO - [2025-02-15 14:08:19,390] {dag.py:2306} INFO - Setting next_dagrun for tutorial_etl_dag to None
[2025-02-15 14:08:19,435] {scheduler_job.py:190} INFO - Processing /home/airflow/.local/lib/python3.6/site-packages/airflow/example_dags/tutorial_etl_dag.py took 0.236 seconds
[2025-02-15 14:08:49,563] {scheduler_job.py:182} INFO - Started process (PID=524) to work on /home/airflow/.local/lib/python3.6/site-packages/airflow/example_dags/tutorial_etl_dag.py
[2025-02-15 14:08:49,566] {scheduler_job.py:633} INFO - Processing file /home/airflow/.local/lib/python3.6/site-packages/airflow/example_dags/tutorial_etl_dag.py for tasks to queue
[2025-02-15 14:08:49,570] {logging_mixin.py:104} INFO - [2025-02-15 14:08:49,569] {dagbag.py:496} INFO - Filling up the DagBag from /home/airflow/.local/lib/python3.6/site-packages/airflow/example_dags/tutorial_etl_dag.py
[2025-02-15 14:08:49,616] {scheduler_job.py:643} INFO - DAG(s) dict_keys(['tutorial_etl_dag']) retrieved from /home/airflow/.local/lib/python3.6/site-packages/airflow/example_dags/tutorial_etl_dag.py
[2025-02-15 14:08:49,699] {logging_mixin.py:104} INFO - [2025-02-15 14:08:49,699] {dag.py:1833} INFO - Sync 1 DAGs
[2025-02-15 14:08:49,738] {logging_mixin.py:104} INFO - [2025-02-15 14:08:49,738] {dag.py:2306} INFO - Setting next_dagrun for tutorial_etl_dag to None
[2025-02-15 14:08:49,766] {scheduler_job.py:190} INFO - Processing /home/airflow/.local/lib/python3.6/site-packages/airflow/example_dags/tutorial_etl_dag.py took 0.215 seconds
[2025-02-15 14:09:19,954] {scheduler_job.py:182} INFO - Started process (PID=586) to work on /home/airflow/.local/lib/python3.6/site-packages/airflow/example_dags/tutorial_etl_dag.py
[2025-02-15 14:09:19,955] {scheduler_job.py:633} INFO - Processing file /home/airflow/.local/lib/python3.6/site-packages/airflow/example_dags/tutorial_etl_dag.py for tasks to queue
[2025-02-15 14:09:19,956] {logging_mixin.py:104} INFO - [2025-02-15 14:09:19,956] {dagbag.py:496} INFO - Filling up the DagBag from /home/airflow/.local/lib/python3.6/site-packages/airflow/example_dags/tutorial_etl_dag.py
[2025-02-15 14:09:19,972] {scheduler_job.py:643} INFO - DAG(s) dict_keys(['tutorial_etl_dag']) retrieved from /home/airflow/.local/lib/python3.6/site-packages/airflow/example_dags/tutorial_etl_dag.py
[2025-02-15 14:09:19,998] {logging_mixin.py:104} INFO - [2025-02-15 14:09:19,998] {dag.py:1833} INFO - Sync 1 DAGs
[2025-02-15 14:09:20,014] {logging_mixin.py:104} INFO - [2025-02-15 14:09:20,014] {dag.py:2306} INFO - Setting next_dagrun for tutorial_etl_dag to None
[2025-02-15 14:09:20,025] {scheduler_job.py:190} INFO - Processing /home/airflow/.local/lib/python3.6/site-packages/airflow/example_dags/tutorial_etl_dag.py took 0.075 seconds
[2025-02-15 14:09:50,294] {scheduler_job.py:182} INFO - Started process (PID=638) to work on /home/airflow/.local/lib/python3.6/site-packages/airflow/example_dags/tutorial_etl_dag.py
[2025-02-15 14:09:50,295] {scheduler_job.py:633} INFO - Processing file /home/airflow/.local/lib/python3.6/site-packages/airflow/example_dags/tutorial_etl_dag.py for tasks to queue
[2025-02-15 14:09:50,296] {logging_mixin.py:104} INFO - [2025-02-15 14:09:50,296] {dagbag.py:496} INFO - Filling up the DagBag from /home/airflow/.local/lib/python3.6/site-packages/airflow/example_dags/tutorial_etl_dag.py
[2025-02-15 14:09:50,312] {scheduler_job.py:643} INFO - DAG(s) dict_keys(['tutorial_etl_dag']) retrieved from /home/airflow/.local/lib/python3.6/site-packages/airflow/example_dags/tutorial_etl_dag.py
[2025-02-15 14:09:50,346] {logging_mixin.py:104} INFO - [2025-02-15 14:09:50,346] {dag.py:1833} INFO - Sync 1 DAGs
[2025-02-15 14:09:50,372] {logging_mixin.py:104} INFO - [2025-02-15 14:09:50,372] {dag.py:2306} INFO - Setting next_dagrun for tutorial_etl_dag to None
[2025-02-15 14:09:50,391] {scheduler_job.py:190} INFO - Processing /home/airflow/.local/lib/python3.6/site-packages/airflow/example_dags/tutorial_etl_dag.py took 0.102 seconds
[2025-02-15 14:10:20,683] {scheduler_job.py:182} INFO - Started process (PID=699) to work on /home/airflow/.local/lib/python3.6/site-packages/airflow/example_dags/tutorial_etl_dag.py
[2025-02-15 14:10:20,685] {scheduler_job.py:633} INFO - Processing file /home/airflow/.local/lib/python3.6/site-packages/airflow/example_dags/tutorial_etl_dag.py for tasks to queue
[2025-02-15 14:10:20,686] {logging_mixin.py:104} INFO - [2025-02-15 14:10:20,686] {dagbag.py:496} INFO - Filling up the DagBag from /home/airflow/.local/lib/python3.6/site-packages/airflow/example_dags/tutorial_etl_dag.py
[2025-02-15 14:10:20,708] {scheduler_job.py:643} INFO - DAG(s) dict_keys(['tutorial_etl_dag']) retrieved from /home/airflow/.local/lib/python3.6/site-packages/airflow/example_dags/tutorial_etl_dag.py
[2025-02-15 14:10:20,741] {logging_mixin.py:104} INFO - [2025-02-15 14:10:20,741] {dag.py:1833} INFO - Sync 1 DAGs
[2025-02-15 14:10:20,760] {logging_mixin.py:104} INFO - [2025-02-15 14:10:20,760] {dag.py:2306} INFO - Setting next_dagrun for tutorial_etl_dag to None
[2025-02-15 14:10:20,776] {scheduler_job.py:190} INFO - Processing /home/airflow/.local/lib/python3.6/site-packages/airflow/example_dags/tutorial_etl_dag.py took 0.099 seconds
[2025-02-15 14:10:51,042] {scheduler_job.py:182} INFO - Started process (PID=751) to work on /home/airflow/.local/lib/python3.6/site-packages/airflow/example_dags/tutorial_etl_dag.py
[2025-02-15 14:10:51,043] {scheduler_job.py:633} INFO - Processing file /home/airflow/.local/lib/python3.6/site-packages/airflow/example_dags/tutorial_etl_dag.py for tasks to queue
[2025-02-15 14:10:51,044] {logging_mixin.py:104} INFO - [2025-02-15 14:10:51,044] {dagbag.py:496} INFO - Filling up the DagBag from /home/airflow/.local/lib/python3.6/site-packages/airflow/example_dags/tutorial_etl_dag.py
[2025-02-15 14:10:51,065] {scheduler_job.py:643} INFO - DAG(s) dict_keys(['tutorial_etl_dag']) retrieved from /home/airflow/.local/lib/python3.6/site-packages/airflow/example_dags/tutorial_etl_dag.py
[2025-02-15 14:10:51,099] {logging_mixin.py:104} INFO - [2025-02-15 14:10:51,099] {dag.py:1833} INFO - Sync 1 DAGs
[2025-02-15 14:10:51,120] {logging_mixin.py:104} INFO - [2025-02-15 14:10:51,120] {dag.py:2306} INFO - Setting next_dagrun for tutorial_etl_dag to None
[2025-02-15 14:10:51,137] {scheduler_job.py:190} INFO - Processing /home/airflow/.local/lib/python3.6/site-packages/airflow/example_dags/tutorial_etl_dag.py took 0.100 seconds
[2025-02-15 14:11:21,338] {scheduler_job.py:182} INFO - Started process (PID=812) to work on /home/airflow/.local/lib/python3.6/site-packages/airflow/example_dags/tutorial_etl_dag.py
[2025-02-15 14:11:21,339] {scheduler_job.py:633} INFO - Processing file /home/airflow/.local/lib/python3.6/site-packages/airflow/example_dags/tutorial_etl_dag.py for tasks to queue
[2025-02-15 14:11:21,340] {logging_mixin.py:104} INFO - [2025-02-15 14:11:21,340] {dagbag.py:496} INFO - Filling up the DagBag from /home/airflow/.local/lib/python3.6/site-packages/airflow/example_dags/tutorial_etl_dag.py
[2025-02-15 14:11:21,356] {scheduler_job.py:643} INFO - DAG(s) dict_keys(['tutorial_etl_dag']) retrieved from /home/airflow/.local/lib/python3.6/site-packages/airflow/example_dags/tutorial_etl_dag.py
[2025-02-15 14:11:21,385] {logging_mixin.py:104} INFO - [2025-02-15 14:11:21,385] {dag.py:1833} INFO - Sync 1 DAGs
[2025-02-15 14:11:21,403] {logging_mixin.py:104} INFO - [2025-02-15 14:11:21,403] {dag.py:2306} INFO - Setting next_dagrun for tutorial_etl_dag to None
[2025-02-15 14:11:21,419] {scheduler_job.py:190} INFO - Processing /home/airflow/.local/lib/python3.6/site-packages/airflow/example_dags/tutorial_etl_dag.py took 0.085 seconds
[2025-02-15 14:11:52,215] {scheduler_job.py:182} INFO - Started process (PID=865) to work on /home/airflow/.local/lib/python3.6/site-packages/airflow/example_dags/tutorial_etl_dag.py
[2025-02-15 14:11:52,217] {scheduler_job.py:633} INFO - Processing file /home/airflow/.local/lib/python3.6/site-packages/airflow/example_dags/tutorial_etl_dag.py for tasks to queue
[2025-02-15 14:11:52,219] {logging_mixin.py:104} INFO - [2025-02-15 14:11:52,219] {dagbag.py:496} INFO - Filling up the DagBag from /home/airflow/.local/lib/python3.6/site-packages/airflow/example_dags/tutorial_etl_dag.py
[2025-02-15 14:11:52,243] {scheduler_job.py:643} INFO - DAG(s) dict_keys(['tutorial_etl_dag']) retrieved from /home/airflow/.local/lib/python3.6/site-packages/airflow/example_dags/tutorial_etl_dag.py
[2025-02-15 14:11:52,301] {logging_mixin.py:104} INFO - [2025-02-15 14:11:52,301] {dag.py:1833} INFO - Sync 1 DAGs
[2025-02-15 14:11:52,326] {logging_mixin.py:104} INFO - [2025-02-15 14:11:52,326] {dag.py:2306} INFO - Setting next_dagrun for tutorial_etl_dag to None
[2025-02-15 14:11:52,341] {scheduler_job.py:190} INFO - Processing /home/airflow/.local/lib/python3.6/site-packages/airflow/example_dags/tutorial_etl_dag.py took 0.134 seconds
[2025-02-15 14:12:22,435] {scheduler_job.py:182} INFO - Started process (PID=928) to work on /home/airflow/.local/lib/python3.6/site-packages/airflow/example_dags/tutorial_etl_dag.py
[2025-02-15 14:12:22,437] {scheduler_job.py:633} INFO - Processing file /home/airflow/.local/lib/python3.6/site-packages/airflow/example_dags/tutorial_etl_dag.py for tasks to queue
[2025-02-15 14:12:22,438] {logging_mixin.py:104} INFO - [2025-02-15 14:12:22,438] {dagbag.py:496} INFO - Filling up the DagBag from /home/airflow/.local/lib/python3.6/site-packages/airflow/example_dags/tutorial_etl_dag.py
[2025-02-15 14:12:22,456] {scheduler_job.py:643} INFO - DAG(s) dict_keys(['tutorial_etl_dag']) retrieved from /home/airflow/.local/lib/python3.6/site-packages/airflow/example_dags/tutorial_etl_dag.py
[2025-02-15 14:12:22,488] {logging_mixin.py:104} INFO - [2025-02-15 14:12:22,488] {dag.py:1833} INFO - Sync 1 DAGs
[2025-02-15 14:12:22,513] {logging_mixin.py:104} INFO - [2025-02-15 14:12:22,512] {dag.py:2306} INFO - Setting next_dagrun for tutorial_etl_dag to None
[2025-02-15 14:12:22,535] {scheduler_job.py:190} INFO - Processing /home/airflow/.local/lib/python3.6/site-packages/airflow/example_dags/tutorial_etl_dag.py took 0.106 seconds
[2025-02-15 14:12:53,191] {scheduler_job.py:182} INFO - Started process (PID=980) to work on /home/airflow/.local/lib/python3.6/site-packages/airflow/example_dags/tutorial_etl_dag.py
[2025-02-15 14:12:53,192] {scheduler_job.py:633} INFO - Processing file /home/airflow/.local/lib/python3.6/site-packages/airflow/example_dags/tutorial_etl_dag.py for tasks to queue
[2025-02-15 14:12:53,193] {logging_mixin.py:104} INFO - [2025-02-15 14:12:53,193] {dagbag.py:496} INFO - Filling up the DagBag from /home/airflow/.local/lib/python3.6/site-packages/airflow/example_dags/tutorial_etl_dag.py
[2025-02-15 14:12:53,209] {scheduler_job.py:643} INFO - DAG(s) dict_keys(['tutorial_etl_dag']) retrieved from /home/airflow/.local/lib/python3.6/site-packages/airflow/example_dags/tutorial_etl_dag.py
[2025-02-15 14:12:53,239] {logging_mixin.py:104} INFO - [2025-02-15 14:12:53,239] {dag.py:1833} INFO - Sync 1 DAGs
[2025-02-15 14:12:53,256] {logging_mixin.py:104} INFO - [2025-02-15 14:12:53,256] {dag.py:2306} INFO - Setting next_dagrun for tutorial_etl_dag to None
[2025-02-15 14:12:53,273] {scheduler_job.py:190} INFO - Processing /home/airflow/.local/lib/python3.6/site-packages/airflow/example_dags/tutorial_etl_dag.py took 0.085 seconds
[2025-02-15 14:13:23,564] {scheduler_job.py:182} INFO - Started process (PID=1041) to work on /home/airflow/.local/lib/python3.6/site-packages/airflow/example_dags/tutorial_etl_dag.py
[2025-02-15 14:13:23,565] {scheduler_job.py:633} INFO - Processing file /home/airflow/.local/lib/python3.6/site-packages/airflow/example_dags/tutorial_etl_dag.py for tasks to queue
[2025-02-15 14:13:23,567] {logging_mixin.py:104} INFO - [2025-02-15 14:13:23,566] {dagbag.py:496} INFO - Filling up the DagBag from /home/airflow/.local/lib/python3.6/site-packages/airflow/example_dags/tutorial_etl_dag.py
[2025-02-15 14:13:23,589] {scheduler_job.py:643} INFO - DAG(s) dict_keys(['tutorial_etl_dag']) retrieved from /home/airflow/.local/lib/python3.6/site-packages/airflow/example_dags/tutorial_etl_dag.py
[2025-02-15 14:13:23,627] {logging_mixin.py:104} INFO - [2025-02-15 14:13:23,627] {dag.py:1833} INFO - Sync 1 DAGs
[2025-02-15 14:13:23,647] {logging_mixin.py:104} INFO - [2025-02-15 14:13:23,647] {dag.py:2306} INFO - Setting next_dagrun for tutorial_etl_dag to None
[2025-02-15 14:13:23,666] {scheduler_job.py:190} INFO - Processing /home/airflow/.local/lib/python3.6/site-packages/airflow/example_dags/tutorial_etl_dag.py took 0.108 seconds
[2025-02-15 14:13:54,082] {scheduler_job.py:182} INFO - Started process (PID=1094) to work on /home/airflow/.local/lib/python3.6/site-packages/airflow/example_dags/tutorial_etl_dag.py
[2025-02-15 14:13:54,084] {scheduler_job.py:633} INFO - Processing file /home/airflow/.local/lib/python3.6/site-packages/airflow/example_dags/tutorial_etl_dag.py for tasks to queue
[2025-02-15 14:13:54,085] {logging_mixin.py:104} INFO - [2025-02-15 14:13:54,085] {dagbag.py:496} INFO - Filling up the DagBag from /home/airflow/.local/lib/python3.6/site-packages/airflow/example_dags/tutorial_etl_dag.py
[2025-02-15 14:13:54,103] {scheduler_job.py:643} INFO - DAG(s) dict_keys(['tutorial_etl_dag']) retrieved from /home/airflow/.local/lib/python3.6/site-packages/airflow/example_dags/tutorial_etl_dag.py
[2025-02-15 14:13:54,138] {logging_mixin.py:104} INFO - [2025-02-15 14:13:54,138] {dag.py:1833} INFO - Sync 1 DAGs
[2025-02-15 14:13:54,165] {logging_mixin.py:104} INFO - [2025-02-15 14:13:54,165] {dag.py:2306} INFO - Setting next_dagrun for tutorial_etl_dag to None
[2025-02-15 14:13:54,184] {scheduler_job.py:190} INFO - Processing /home/airflow/.local/lib/python3.6/site-packages/airflow/example_dags/tutorial_etl_dag.py took 0.106 seconds
[2025-02-15 14:15:05,359] {scheduler_job.py:182} INFO - Started process (PID=62) to work on /home/airflow/.local/lib/python3.6/site-packages/airflow/example_dags/tutorial_etl_dag.py
[2025-02-15 14:15:05,362] {scheduler_job.py:633} INFO - Processing file /home/airflow/.local/lib/python3.6/site-packages/airflow/example_dags/tutorial_etl_dag.py for tasks to queue
[2025-02-15 14:15:05,364] {logging_mixin.py:104} INFO - [2025-02-15 14:15:05,364] {dagbag.py:496} INFO - Filling up the DagBag from /home/airflow/.local/lib/python3.6/site-packages/airflow/example_dags/tutorial_etl_dag.py
[2025-02-15 14:15:05,431] {scheduler_job.py:643} INFO - DAG(s) dict_keys(['tutorial_etl_dag']) retrieved from /home/airflow/.local/lib/python3.6/site-packages/airflow/example_dags/tutorial_etl_dag.py
[2025-02-15 14:15:05,549] {logging_mixin.py:104} INFO - [2025-02-15 14:15:05,548] {dag.py:1833} INFO - Sync 1 DAGs
[2025-02-15 14:15:06,159] {logging_mixin.py:104} INFO - [2025-02-15 14:15:06,159] {dag.py:2306} INFO - Setting next_dagrun for tutorial_etl_dag to None
[2025-02-15 14:15:06,234] {scheduler_job.py:190} INFO - Processing /home/airflow/.local/lib/python3.6/site-packages/airflow/example_dags/tutorial_etl_dag.py took 0.883 seconds
[2025-02-15 14:15:36,644] {scheduler_job.py:182} INFO - Started process (PID=112) to work on /home/airflow/.local/lib/python3.6/site-packages/airflow/example_dags/tutorial_etl_dag.py
[2025-02-15 14:15:36,650] {scheduler_job.py:633} INFO - Processing file /home/airflow/.local/lib/python3.6/site-packages/airflow/example_dags/tutorial_etl_dag.py for tasks to queue
[2025-02-15 14:15:36,653] {logging_mixin.py:104} INFO - [2025-02-15 14:15:36,652] {dagbag.py:496} INFO - Filling up the DagBag from /home/airflow/.local/lib/python3.6/site-packages/airflow/example_dags/tutorial_etl_dag.py
[2025-02-15 14:15:36,755] {scheduler_job.py:643} INFO - DAG(s) dict_keys(['tutorial_etl_dag']) retrieved from /home/airflow/.local/lib/python3.6/site-packages/airflow/example_dags/tutorial_etl_dag.py
[2025-02-15 14:15:36,879] {logging_mixin.py:104} INFO - [2025-02-15 14:15:36,879] {dag.py:1833} INFO - Sync 1 DAGs
[2025-02-15 14:15:36,969] {logging_mixin.py:104} INFO - [2025-02-15 14:15:36,969] {dag.py:2306} INFO - Setting next_dagrun for tutorial_etl_dag to None
[2025-02-15 14:15:37,011] {scheduler_job.py:190} INFO - Processing /home/airflow/.local/lib/python3.6/site-packages/airflow/example_dags/tutorial_etl_dag.py took 0.382 seconds
[2025-02-15 14:21:12,118] {scheduler_job.py:182} INFO - Started process (PID=159) to work on /home/airflow/.local/lib/python3.6/site-packages/airflow/example_dags/tutorial_etl_dag.py
[2025-02-15 14:21:12,126] {scheduler_job.py:633} INFO - Processing file /home/airflow/.local/lib/python3.6/site-packages/airflow/example_dags/tutorial_etl_dag.py for tasks to queue
[2025-02-15 14:21:12,128] {logging_mixin.py:104} INFO - [2025-02-15 14:21:12,127] {dagbag.py:496} INFO - Filling up the DagBag from /home/airflow/.local/lib/python3.6/site-packages/airflow/example_dags/tutorial_etl_dag.py
[2025-02-15 14:21:12,188] {scheduler_job.py:643} INFO - DAG(s) dict_keys(['tutorial_etl_dag']) retrieved from /home/airflow/.local/lib/python3.6/site-packages/airflow/example_dags/tutorial_etl_dag.py
[2025-02-15 14:21:12,390] {logging_mixin.py:104} INFO - [2025-02-15 14:21:12,389] {dag.py:1833} INFO - Sync 1 DAGs
[2025-02-15 14:21:12,516] {logging_mixin.py:104} INFO - [2025-02-15 14:21:12,516] {dag.py:2306} INFO - Setting next_dagrun for tutorial_etl_dag to None
[2025-02-15 14:21:12,585] {scheduler_job.py:190} INFO - Processing /home/airflow/.local/lib/python3.6/site-packages/airflow/example_dags/tutorial_etl_dag.py took 0.481 seconds
[2025-02-15 14:21:43,286] {scheduler_job.py:182} INFO - Started process (PID=210) to work on /home/airflow/.local/lib/python3.6/site-packages/airflow/example_dags/tutorial_etl_dag.py
[2025-02-15 14:21:43,289] {scheduler_job.py:633} INFO - Processing file /home/airflow/.local/lib/python3.6/site-packages/airflow/example_dags/tutorial_etl_dag.py for tasks to queue
[2025-02-15 14:21:43,291] {logging_mixin.py:104} INFO - [2025-02-15 14:21:43,291] {dagbag.py:496} INFO - Filling up the DagBag from /home/airflow/.local/lib/python3.6/site-packages/airflow/example_dags/tutorial_etl_dag.py
[2025-02-15 14:21:43,354] {scheduler_job.py:643} INFO - DAG(s) dict_keys(['tutorial_etl_dag']) retrieved from /home/airflow/.local/lib/python3.6/site-packages/airflow/example_dags/tutorial_etl_dag.py
[2025-02-15 14:21:43,637] {logging_mixin.py:104} INFO - [2025-02-15 14:21:43,636] {dag.py:1833} INFO - Sync 1 DAGs
[2025-02-15 14:21:43,721] {logging_mixin.py:104} INFO - [2025-02-15 14:21:43,720] {dag.py:2306} INFO - Setting next_dagrun for tutorial_etl_dag to None
[2025-02-15 14:21:43,801] {scheduler_job.py:190} INFO - Processing /home/airflow/.local/lib/python3.6/site-packages/airflow/example_dags/tutorial_etl_dag.py took 0.527 seconds
[2025-02-15 14:22:13,961] {scheduler_job.py:182} INFO - Started process (PID=261) to work on /home/airflow/.local/lib/python3.6/site-packages/airflow/example_dags/tutorial_etl_dag.py
[2025-02-15 14:22:13,969] {scheduler_job.py:633} INFO - Processing file /home/airflow/.local/lib/python3.6/site-packages/airflow/example_dags/tutorial_etl_dag.py for tasks to queue
[2025-02-15 14:22:13,985] {logging_mixin.py:104} INFO - [2025-02-15 14:22:13,985] {dagbag.py:496} INFO - Filling up the DagBag from /home/airflow/.local/lib/python3.6/site-packages/airflow/example_dags/tutorial_etl_dag.py
[2025-02-15 14:22:15,644] {scheduler_job.py:643} INFO - DAG(s) dict_keys(['tutorial_etl_dag']) retrieved from /home/airflow/.local/lib/python3.6/site-packages/airflow/example_dags/tutorial_etl_dag.py
[2025-02-15 14:22:16,300] {logging_mixin.py:104} INFO - [2025-02-15 14:22:16,299] {dag.py:1833} INFO - Sync 1 DAGs
[2025-02-15 14:22:17,116] {logging_mixin.py:104} INFO - [2025-02-15 14:22:17,116] {dag.py:2306} INFO - Setting next_dagrun for tutorial_etl_dag to None
[2025-02-15 14:22:17,683] {scheduler_job.py:190} INFO - Processing /home/airflow/.local/lib/python3.6/site-packages/airflow/example_dags/tutorial_etl_dag.py took 3.754 seconds
[2025-02-15 14:22:48,862] {scheduler_job.py:182} INFO - Started process (PID=314) to work on /home/airflow/.local/lib/python3.6/site-packages/airflow/example_dags/tutorial_etl_dag.py
[2025-02-15 14:22:48,871] {scheduler_job.py:633} INFO - Processing file /home/airflow/.local/lib/python3.6/site-packages/airflow/example_dags/tutorial_etl_dag.py for tasks to queue
[2025-02-15 14:22:48,873] {logging_mixin.py:104} INFO - [2025-02-15 14:22:48,873] {dagbag.py:496} INFO - Filling up the DagBag from /home/airflow/.local/lib/python3.6/site-packages/airflow/example_dags/tutorial_etl_dag.py
[2025-02-15 14:22:48,905] {scheduler_job.py:643} INFO - DAG(s) dict_keys(['tutorial_etl_dag']) retrieved from /home/airflow/.local/lib/python3.6/site-packages/airflow/example_dags/tutorial_etl_dag.py
[2025-02-15 14:22:48,976] {logging_mixin.py:104} INFO - [2025-02-15 14:22:48,976] {dag.py:1833} INFO - Sync 1 DAGs
[2025-02-15 14:22:49,010] {logging_mixin.py:104} INFO - [2025-02-15 14:22:49,010] {dag.py:2306} INFO - Setting next_dagrun for tutorial_etl_dag to None
[2025-02-15 14:22:49,040] {scheduler_job.py:190} INFO - Processing /home/airflow/.local/lib/python3.6/site-packages/airflow/example_dags/tutorial_etl_dag.py took 0.190 seconds
[2025-02-15 14:25:01,346] {scheduler_job.py:182} INFO - Started process (PID=60) to work on /home/airflow/.local/lib/python3.6/site-packages/airflow/example_dags/tutorial_etl_dag.py
[2025-02-15 14:25:01,349] {scheduler_job.py:633} INFO - Processing file /home/airflow/.local/lib/python3.6/site-packages/airflow/example_dags/tutorial_etl_dag.py for tasks to queue
[2025-02-15 14:25:01,352] {logging_mixin.py:104} INFO - [2025-02-15 14:25:01,352] {dagbag.py:496} INFO - Filling up the DagBag from /home/airflow/.local/lib/python3.6/site-packages/airflow/example_dags/tutorial_etl_dag.py
[2025-02-15 14:25:01,393] {scheduler_job.py:643} INFO - DAG(s) dict_keys(['tutorial_etl_dag']) retrieved from /home/airflow/.local/lib/python3.6/site-packages/airflow/example_dags/tutorial_etl_dag.py
[2025-02-15 14:25:01,476] {logging_mixin.py:104} INFO - [2025-02-15 14:25:01,475] {dag.py:1833} INFO - Sync 1 DAGs
[2025-02-15 14:25:01,531] {logging_mixin.py:104} INFO - [2025-02-15 14:25:01,530] {dag.py:2306} INFO - Setting next_dagrun for tutorial_etl_dag to None
[2025-02-15 14:25:01,562] {scheduler_job.py:190} INFO - Processing /home/airflow/.local/lib/python3.6/site-packages/airflow/example_dags/tutorial_etl_dag.py took 0.225 seconds
[2025-02-15 14:25:31,910] {scheduler_job.py:182} INFO - Started process (PID=102) to work on /home/airflow/.local/lib/python3.6/site-packages/airflow/example_dags/tutorial_etl_dag.py
[2025-02-15 14:25:31,925] {scheduler_job.py:633} INFO - Processing file /home/airflow/.local/lib/python3.6/site-packages/airflow/example_dags/tutorial_etl_dag.py for tasks to queue
[2025-02-15 14:25:31,931] {logging_mixin.py:104} INFO - [2025-02-15 14:25:31,929] {dagbag.py:496} INFO - Filling up the DagBag from /home/airflow/.local/lib/python3.6/site-packages/airflow/example_dags/tutorial_etl_dag.py
[2025-02-15 14:25:31,986] {scheduler_job.py:643} INFO - DAG(s) dict_keys(['tutorial_etl_dag']) retrieved from /home/airflow/.local/lib/python3.6/site-packages/airflow/example_dags/tutorial_etl_dag.py
[2025-02-15 14:25:32,127] {logging_mixin.py:104} INFO - [2025-02-15 14:25:32,125] {dag.py:1833} INFO - Sync 1 DAGs
[2025-02-15 14:25:32,264] {logging_mixin.py:104} INFO - [2025-02-15 14:25:32,264] {dag.py:2306} INFO - Setting next_dagrun for tutorial_etl_dag to None
[2025-02-15 14:25:32,320] {scheduler_job.py:190} INFO - Processing /home/airflow/.local/lib/python3.6/site-packages/airflow/example_dags/tutorial_etl_dag.py took 0.428 seconds
[2025-02-15 14:26:02,562] {scheduler_job.py:182} INFO - Started process (PID=164) to work on /home/airflow/.local/lib/python3.6/site-packages/airflow/example_dags/tutorial_etl_dag.py
[2025-02-15 14:26:02,565] {scheduler_job.py:633} INFO - Processing file /home/airflow/.local/lib/python3.6/site-packages/airflow/example_dags/tutorial_etl_dag.py for tasks to queue
[2025-02-15 14:26:02,567] {logging_mixin.py:104} INFO - [2025-02-15 14:26:02,566] {dagbag.py:496} INFO - Filling up the DagBag from /home/airflow/.local/lib/python3.6/site-packages/airflow/example_dags/tutorial_etl_dag.py
[2025-02-15 14:26:02,600] {scheduler_job.py:643} INFO - DAG(s) dict_keys(['tutorial_etl_dag']) retrieved from /home/airflow/.local/lib/python3.6/site-packages/airflow/example_dags/tutorial_etl_dag.py
[2025-02-15 14:26:02,657] {logging_mixin.py:104} INFO - [2025-02-15 14:26:02,656] {dag.py:1833} INFO - Sync 1 DAGs
[2025-02-15 14:26:02,692] {logging_mixin.py:104} INFO - [2025-02-15 14:26:02,691] {dag.py:2306} INFO - Setting next_dagrun for tutorial_etl_dag to None
[2025-02-15 14:26:02,713] {scheduler_job.py:190} INFO - Processing /home/airflow/.local/lib/python3.6/site-packages/airflow/example_dags/tutorial_etl_dag.py took 0.160 seconds
[2025-02-15 14:26:32,953] {scheduler_job.py:182} INFO - Started process (PID=217) to work on /home/airflow/.local/lib/python3.6/site-packages/airflow/example_dags/tutorial_etl_dag.py
[2025-02-15 14:26:32,955] {scheduler_job.py:633} INFO - Processing file /home/airflow/.local/lib/python3.6/site-packages/airflow/example_dags/tutorial_etl_dag.py for tasks to queue
[2025-02-15 14:26:32,956] {logging_mixin.py:104} INFO - [2025-02-15 14:26:32,955] {dagbag.py:496} INFO - Filling up the DagBag from /home/airflow/.local/lib/python3.6/site-packages/airflow/example_dags/tutorial_etl_dag.py
[2025-02-15 14:26:32,971] {scheduler_job.py:643} INFO - DAG(s) dict_keys(['tutorial_etl_dag']) retrieved from /home/airflow/.local/lib/python3.6/site-packages/airflow/example_dags/tutorial_etl_dag.py
[2025-02-15 14:26:33,001] {logging_mixin.py:104} INFO - [2025-02-15 14:26:33,001] {dag.py:1833} INFO - Sync 1 DAGs
[2025-02-15 14:26:33,026] {logging_mixin.py:104} INFO - [2025-02-15 14:26:33,026] {dag.py:2306} INFO - Setting next_dagrun for tutorial_etl_dag to None
[2025-02-15 14:26:33,041] {scheduler_job.py:190} INFO - Processing /home/airflow/.local/lib/python3.6/site-packages/airflow/example_dags/tutorial_etl_dag.py took 0.092 seconds
[2025-02-15 14:27:03,126] {scheduler_job.py:182} INFO - Started process (PID=269) to work on /home/airflow/.local/lib/python3.6/site-packages/airflow/example_dags/tutorial_etl_dag.py
[2025-02-15 14:27:03,128] {scheduler_job.py:633} INFO - Processing file /home/airflow/.local/lib/python3.6/site-packages/airflow/example_dags/tutorial_etl_dag.py for tasks to queue
[2025-02-15 14:27:03,129] {logging_mixin.py:104} INFO - [2025-02-15 14:27:03,129] {dagbag.py:496} INFO - Filling up the DagBag from /home/airflow/.local/lib/python3.6/site-packages/airflow/example_dags/tutorial_etl_dag.py
[2025-02-15 14:27:03,145] {scheduler_job.py:643} INFO - DAG(s) dict_keys(['tutorial_etl_dag']) retrieved from /home/airflow/.local/lib/python3.6/site-packages/airflow/example_dags/tutorial_etl_dag.py
[2025-02-15 14:27:03,173] {logging_mixin.py:104} INFO - [2025-02-15 14:27:03,173] {dag.py:1833} INFO - Sync 1 DAGs
[2025-02-15 14:27:03,189] {logging_mixin.py:104} INFO - [2025-02-15 14:27:03,189] {dag.py:2306} INFO - Setting next_dagrun for tutorial_etl_dag to None
[2025-02-15 14:27:03,202] {scheduler_job.py:190} INFO - Processing /home/airflow/.local/lib/python3.6/site-packages/airflow/example_dags/tutorial_etl_dag.py took 0.081 seconds
[2025-02-15 14:27:33,409] {scheduler_job.py:182} INFO - Started process (PID=331) to work on /home/airflow/.local/lib/python3.6/site-packages/airflow/example_dags/tutorial_etl_dag.py
[2025-02-15 14:27:33,413] {scheduler_job.py:633} INFO - Processing file /home/airflow/.local/lib/python3.6/site-packages/airflow/example_dags/tutorial_etl_dag.py for tasks to queue
[2025-02-15 14:27:33,414] {logging_mixin.py:104} INFO - [2025-02-15 14:27:33,414] {dagbag.py:496} INFO - Filling up the DagBag from /home/airflow/.local/lib/python3.6/site-packages/airflow/example_dags/tutorial_etl_dag.py
[2025-02-15 14:27:33,443] {scheduler_job.py:643} INFO - DAG(s) dict_keys(['tutorial_etl_dag']) retrieved from /home/airflow/.local/lib/python3.6/site-packages/airflow/example_dags/tutorial_etl_dag.py
[2025-02-15 14:27:33,486] {logging_mixin.py:104} INFO - [2025-02-15 14:27:33,485] {dag.py:1833} INFO - Sync 1 DAGs
[2025-02-15 14:27:33,510] {logging_mixin.py:104} INFO - [2025-02-15 14:27:33,510] {dag.py:2306} INFO - Setting next_dagrun for tutorial_etl_dag to None
[2025-02-15 14:27:33,528] {scheduler_job.py:190} INFO - Processing /home/airflow/.local/lib/python3.6/site-packages/airflow/example_dags/tutorial_etl_dag.py took 0.126 seconds
[2025-02-15 14:28:03,901] {scheduler_job.py:182} INFO - Started process (PID=383) to work on /home/airflow/.local/lib/python3.6/site-packages/airflow/example_dags/tutorial_etl_dag.py
[2025-02-15 14:28:03,902] {scheduler_job.py:633} INFO - Processing file /home/airflow/.local/lib/python3.6/site-packages/airflow/example_dags/tutorial_etl_dag.py for tasks to queue
[2025-02-15 14:28:03,903] {logging_mixin.py:104} INFO - [2025-02-15 14:28:03,903] {dagbag.py:496} INFO - Filling up the DagBag from /home/airflow/.local/lib/python3.6/site-packages/airflow/example_dags/tutorial_etl_dag.py
[2025-02-15 14:28:03,916] {scheduler_job.py:643} INFO - DAG(s) dict_keys(['tutorial_etl_dag']) retrieved from /home/airflow/.local/lib/python3.6/site-packages/airflow/example_dags/tutorial_etl_dag.py
[2025-02-15 14:28:03,942] {logging_mixin.py:104} INFO - [2025-02-15 14:28:03,942] {dag.py:1833} INFO - Sync 1 DAGs
[2025-02-15 14:28:03,957] {logging_mixin.py:104} INFO - [2025-02-15 14:28:03,957] {dag.py:2306} INFO - Setting next_dagrun for tutorial_etl_dag to None
[2025-02-15 14:28:03,969] {scheduler_job.py:190} INFO - Processing /home/airflow/.local/lib/python3.6/site-packages/airflow/example_dags/tutorial_etl_dag.py took 0.072 seconds
[2025-02-15 14:28:34,186] {scheduler_job.py:182} INFO - Started process (PID=445) to work on /home/airflow/.local/lib/python3.6/site-packages/airflow/example_dags/tutorial_etl_dag.py
[2025-02-15 14:28:34,189] {scheduler_job.py:633} INFO - Processing file /home/airflow/.local/lib/python3.6/site-packages/airflow/example_dags/tutorial_etl_dag.py for tasks to queue
[2025-02-15 14:28:34,190] {logging_mixin.py:104} INFO - [2025-02-15 14:28:34,190] {dagbag.py:496} INFO - Filling up the DagBag from /home/airflow/.local/lib/python3.6/site-packages/airflow/example_dags/tutorial_etl_dag.py
[2025-02-15 14:28:34,209] {scheduler_job.py:643} INFO - DAG(s) dict_keys(['tutorial_etl_dag']) retrieved from /home/airflow/.local/lib/python3.6/site-packages/airflow/example_dags/tutorial_etl_dag.py
[2025-02-15 14:28:34,242] {logging_mixin.py:104} INFO - [2025-02-15 14:28:34,242] {dag.py:1833} INFO - Sync 1 DAGs
[2025-02-15 14:28:34,262] {logging_mixin.py:104} INFO - [2025-02-15 14:28:34,262] {dag.py:2306} INFO - Setting next_dagrun for tutorial_etl_dag to None
[2025-02-15 14:28:34,279] {scheduler_job.py:190} INFO - Processing /home/airflow/.local/lib/python3.6/site-packages/airflow/example_dags/tutorial_etl_dag.py took 0.098 seconds
[2025-02-15 14:29:04,813] {scheduler_job.py:182} INFO - Started process (PID=497) to work on /home/airflow/.local/lib/python3.6/site-packages/airflow/example_dags/tutorial_etl_dag.py
[2025-02-15 14:29:04,815] {scheduler_job.py:633} INFO - Processing file /home/airflow/.local/lib/python3.6/site-packages/airflow/example_dags/tutorial_etl_dag.py for tasks to queue
[2025-02-15 14:29:04,815] {logging_mixin.py:104} INFO - [2025-02-15 14:29:04,815] {dagbag.py:496} INFO - Filling up the DagBag from /home/airflow/.local/lib/python3.6/site-packages/airflow/example_dags/tutorial_etl_dag.py
[2025-02-15 14:29:04,832] {scheduler_job.py:643} INFO - DAG(s) dict_keys(['tutorial_etl_dag']) retrieved from /home/airflow/.local/lib/python3.6/site-packages/airflow/example_dags/tutorial_etl_dag.py
[2025-02-15 14:29:04,873] {logging_mixin.py:104} INFO - [2025-02-15 14:29:04,873] {dag.py:1833} INFO - Sync 1 DAGs
[2025-02-15 14:29:04,907] {logging_mixin.py:104} INFO - [2025-02-15 14:29:04,907] {dag.py:2306} INFO - Setting next_dagrun for tutorial_etl_dag to None
[2025-02-15 14:29:04,932] {scheduler_job.py:190} INFO - Processing /home/airflow/.local/lib/python3.6/site-packages/airflow/example_dags/tutorial_etl_dag.py took 0.122 seconds
[2025-02-15 14:29:35,296] {scheduler_job.py:182} INFO - Started process (PID=557) to work on /home/airflow/.local/lib/python3.6/site-packages/airflow/example_dags/tutorial_etl_dag.py
[2025-02-15 14:29:35,299] {scheduler_job.py:633} INFO - Processing file /home/airflow/.local/lib/python3.6/site-packages/airflow/example_dags/tutorial_etl_dag.py for tasks to queue
[2025-02-15 14:29:35,300] {logging_mixin.py:104} INFO - [2025-02-15 14:29:35,300] {dagbag.py:496} INFO - Filling up the DagBag from /home/airflow/.local/lib/python3.6/site-packages/airflow/example_dags/tutorial_etl_dag.py
[2025-02-15 14:29:35,330] {scheduler_job.py:643} INFO - DAG(s) dict_keys(['tutorial_etl_dag']) retrieved from /home/airflow/.local/lib/python3.6/site-packages/airflow/example_dags/tutorial_etl_dag.py
[2025-02-15 14:29:35,383] {logging_mixin.py:104} INFO - [2025-02-15 14:29:35,382] {dag.py:1833} INFO - Sync 1 DAGs
[2025-02-15 14:29:35,438] {logging_mixin.py:104} INFO - [2025-02-15 14:29:35,438] {dag.py:2306} INFO - Setting next_dagrun for tutorial_etl_dag to None
[2025-02-15 14:29:35,474] {scheduler_job.py:190} INFO - Processing /home/airflow/.local/lib/python3.6/site-packages/airflow/example_dags/tutorial_etl_dag.py took 0.186 seconds
[2025-02-15 14:30:06,459] {scheduler_job.py:182} INFO - Started process (PID=610) to work on /home/airflow/.local/lib/python3.6/site-packages/airflow/example_dags/tutorial_etl_dag.py
[2025-02-15 14:30:06,462] {scheduler_job.py:633} INFO - Processing file /home/airflow/.local/lib/python3.6/site-packages/airflow/example_dags/tutorial_etl_dag.py for tasks to queue
[2025-02-15 14:30:06,465] {logging_mixin.py:104} INFO - [2025-02-15 14:30:06,464] {dagbag.py:496} INFO - Filling up the DagBag from /home/airflow/.local/lib/python3.6/site-packages/airflow/example_dags/tutorial_etl_dag.py
[2025-02-15 14:30:06,504] {scheduler_job.py:643} INFO - DAG(s) dict_keys(['tutorial_etl_dag']) retrieved from /home/airflow/.local/lib/python3.6/site-packages/airflow/example_dags/tutorial_etl_dag.py
[2025-02-15 14:30:06,574] {logging_mixin.py:104} INFO - [2025-02-15 14:30:06,574] {dag.py:1833} INFO - Sync 1 DAGs
[2025-02-15 14:30:06,618] {logging_mixin.py:104} INFO - [2025-02-15 14:30:06,617] {dag.py:2306} INFO - Setting next_dagrun for tutorial_etl_dag to None
[2025-02-15 14:30:06,646] {scheduler_job.py:190} INFO - Processing /home/airflow/.local/lib/python3.6/site-packages/airflow/example_dags/tutorial_etl_dag.py took 0.198 seconds
[2025-02-15 14:30:36,939] {scheduler_job.py:182} INFO - Started process (PID=662) to work on /home/airflow/.local/lib/python3.6/site-packages/airflow/example_dags/tutorial_etl_dag.py
[2025-02-15 14:30:36,942] {scheduler_job.py:633} INFO - Processing file /home/airflow/.local/lib/python3.6/site-packages/airflow/example_dags/tutorial_etl_dag.py for tasks to queue
[2025-02-15 14:30:36,944] {logging_mixin.py:104} INFO - [2025-02-15 14:30:36,944] {dagbag.py:496} INFO - Filling up the DagBag from /home/airflow/.local/lib/python3.6/site-packages/airflow/example_dags/tutorial_etl_dag.py
[2025-02-15 14:30:36,980] {scheduler_job.py:643} INFO - DAG(s) dict_keys(['tutorial_etl_dag']) retrieved from /home/airflow/.local/lib/python3.6/site-packages/airflow/example_dags/tutorial_etl_dag.py
[2025-02-15 14:30:37,041] {logging_mixin.py:104} INFO - [2025-02-15 14:30:37,041] {dag.py:1833} INFO - Sync 1 DAGs
[2025-02-15 14:30:37,079] {logging_mixin.py:104} INFO - [2025-02-15 14:30:37,079] {dag.py:2306} INFO - Setting next_dagrun for tutorial_etl_dag to None
[2025-02-15 14:30:37,107] {scheduler_job.py:190} INFO - Processing /home/airflow/.local/lib/python3.6/site-packages/airflow/example_dags/tutorial_etl_dag.py took 0.175 seconds
[2025-02-15 14:31:07,177] {scheduler_job.py:182} INFO - Started process (PID=714) to work on /home/airflow/.local/lib/python3.6/site-packages/airflow/example_dags/tutorial_etl_dag.py
[2025-02-15 14:31:07,179] {scheduler_job.py:633} INFO - Processing file /home/airflow/.local/lib/python3.6/site-packages/airflow/example_dags/tutorial_etl_dag.py for tasks to queue
[2025-02-15 14:31:07,180] {logging_mixin.py:104} INFO - [2025-02-15 14:31:07,179] {dagbag.py:496} INFO - Filling up the DagBag from /home/airflow/.local/lib/python3.6/site-packages/airflow/example_dags/tutorial_etl_dag.py
[2025-02-15 14:31:07,194] {scheduler_job.py:643} INFO - DAG(s) dict_keys(['tutorial_etl_dag']) retrieved from /home/airflow/.local/lib/python3.6/site-packages/airflow/example_dags/tutorial_etl_dag.py
[2025-02-15 14:31:07,222] {logging_mixin.py:104} INFO - [2025-02-15 14:31:07,222] {dag.py:1833} INFO - Sync 1 DAGs
[2025-02-15 14:31:07,238] {logging_mixin.py:104} INFO - [2025-02-15 14:31:07,238] {dag.py:2306} INFO - Setting next_dagrun for tutorial_etl_dag to None
[2025-02-15 14:31:07,250] {scheduler_job.py:190} INFO - Processing /home/airflow/.local/lib/python3.6/site-packages/airflow/example_dags/tutorial_etl_dag.py took 0.076 seconds
[2025-02-15 14:31:37,473] {scheduler_job.py:182} INFO - Started process (PID=776) to work on /home/airflow/.local/lib/python3.6/site-packages/airflow/example_dags/tutorial_etl_dag.py
[2025-02-15 14:31:37,475] {scheduler_job.py:633} INFO - Processing file /home/airflow/.local/lib/python3.6/site-packages/airflow/example_dags/tutorial_etl_dag.py for tasks to queue
[2025-02-15 14:31:37,476] {logging_mixin.py:104} INFO - [2025-02-15 14:31:37,476] {dagbag.py:496} INFO - Filling up the DagBag from /home/airflow/.local/lib/python3.6/site-packages/airflow/example_dags/tutorial_etl_dag.py
[2025-02-15 14:31:37,499] {scheduler_job.py:643} INFO - DAG(s) dict_keys(['tutorial_etl_dag']) retrieved from /home/airflow/.local/lib/python3.6/site-packages/airflow/example_dags/tutorial_etl_dag.py
[2025-02-15 14:31:37,541] {logging_mixin.py:104} INFO - [2025-02-15 14:31:37,541] {dag.py:1833} INFO - Sync 1 DAGs
[2025-02-15 14:31:37,564] {logging_mixin.py:104} INFO - [2025-02-15 14:31:37,564] {dag.py:2306} INFO - Setting next_dagrun for tutorial_etl_dag to None
[2025-02-15 14:31:37,581] {scheduler_job.py:190} INFO - Processing /home/airflow/.local/lib/python3.6/site-packages/airflow/example_dags/tutorial_etl_dag.py took 0.114 seconds
[2025-02-15 14:32:07,853] {scheduler_job.py:182} INFO - Started process (PID=828) to work on /home/airflow/.local/lib/python3.6/site-packages/airflow/example_dags/tutorial_etl_dag.py
[2025-02-15 14:32:07,856] {scheduler_job.py:633} INFO - Processing file /home/airflow/.local/lib/python3.6/site-packages/airflow/example_dags/tutorial_etl_dag.py for tasks to queue
[2025-02-15 14:32:07,858] {logging_mixin.py:104} INFO - [2025-02-15 14:32:07,858] {dagbag.py:496} INFO - Filling up the DagBag from /home/airflow/.local/lib/python3.6/site-packages/airflow/example_dags/tutorial_etl_dag.py
[2025-02-15 14:32:07,884] {scheduler_job.py:643} INFO - DAG(s) dict_keys(['tutorial_etl_dag']) retrieved from /home/airflow/.local/lib/python3.6/site-packages/airflow/example_dags/tutorial_etl_dag.py
[2025-02-15 14:32:07,939] {logging_mixin.py:104} INFO - [2025-02-15 14:32:07,939] {dag.py:1833} INFO - Sync 1 DAGs
[2025-02-15 14:32:07,971] {logging_mixin.py:104} INFO - [2025-02-15 14:32:07,971] {dag.py:2306} INFO - Setting next_dagrun for tutorial_etl_dag to None
[2025-02-15 14:32:07,990] {scheduler_job.py:190} INFO - Processing /home/airflow/.local/lib/python3.6/site-packages/airflow/example_dags/tutorial_etl_dag.py took 0.144 seconds
[2025-02-15 14:32:38,301] {scheduler_job.py:182} INFO - Started process (PID=887) to work on /home/airflow/.local/lib/python3.6/site-packages/airflow/example_dags/tutorial_etl_dag.py
[2025-02-15 14:32:38,303] {scheduler_job.py:633} INFO - Processing file /home/airflow/.local/lib/python3.6/site-packages/airflow/example_dags/tutorial_etl_dag.py for tasks to queue
[2025-02-15 14:32:38,305] {logging_mixin.py:104} INFO - [2025-02-15 14:32:38,305] {dagbag.py:496} INFO - Filling up the DagBag from /home/airflow/.local/lib/python3.6/site-packages/airflow/example_dags/tutorial_etl_dag.py
[2025-02-15 14:32:38,332] {scheduler_job.py:643} INFO - DAG(s) dict_keys(['tutorial_etl_dag']) retrieved from /home/airflow/.local/lib/python3.6/site-packages/airflow/example_dags/tutorial_etl_dag.py
[2025-02-15 14:32:38,387] {logging_mixin.py:104} INFO - [2025-02-15 14:32:38,387] {dag.py:1833} INFO - Sync 1 DAGs
[2025-02-15 14:32:38,422] {logging_mixin.py:104} INFO - [2025-02-15 14:32:38,422] {dag.py:2306} INFO - Setting next_dagrun for tutorial_etl_dag to None
[2025-02-15 14:32:38,447] {scheduler_job.py:190} INFO - Processing /home/airflow/.local/lib/python3.6/site-packages/airflow/example_dags/tutorial_etl_dag.py took 0.154 seconds
[2025-02-15 14:33:08,482] {scheduler_job.py:182} INFO - Started process (PID=942) to work on /home/airflow/.local/lib/python3.6/site-packages/airflow/example_dags/tutorial_etl_dag.py
[2025-02-15 14:33:08,483] {scheduler_job.py:633} INFO - Processing file /home/airflow/.local/lib/python3.6/site-packages/airflow/example_dags/tutorial_etl_dag.py for tasks to queue
[2025-02-15 14:33:08,484] {logging_mixin.py:104} INFO - [2025-02-15 14:33:08,484] {dagbag.py:496} INFO - Filling up the DagBag from /home/airflow/.local/lib/python3.6/site-packages/airflow/example_dags/tutorial_etl_dag.py
[2025-02-15 14:33:08,495] {scheduler_job.py:643} INFO - DAG(s) dict_keys(['tutorial_etl_dag']) retrieved from /home/airflow/.local/lib/python3.6/site-packages/airflow/example_dags/tutorial_etl_dag.py
[2025-02-15 14:33:08,521] {logging_mixin.py:104} INFO - [2025-02-15 14:33:08,521] {dag.py:1833} INFO - Sync 1 DAGs
[2025-02-15 14:33:08,536] {logging_mixin.py:104} INFO - [2025-02-15 14:33:08,536] {dag.py:2306} INFO - Setting next_dagrun for tutorial_etl_dag to None
[2025-02-15 14:33:08,549] {scheduler_job.py:190} INFO - Processing /home/airflow/.local/lib/python3.6/site-packages/airflow/example_dags/tutorial_etl_dag.py took 0.071 seconds
[2025-02-15 14:33:39,263] {scheduler_job.py:182} INFO - Started process (PID=994) to work on /home/airflow/.local/lib/python3.6/site-packages/airflow/example_dags/tutorial_etl_dag.py
[2025-02-15 14:33:39,266] {scheduler_job.py:633} INFO - Processing file /home/airflow/.local/lib/python3.6/site-packages/airflow/example_dags/tutorial_etl_dag.py for tasks to queue
[2025-02-15 14:33:39,269] {logging_mixin.py:104} INFO - [2025-02-15 14:33:39,268] {dagbag.py:496} INFO - Filling up the DagBag from /home/airflow/.local/lib/python3.6/site-packages/airflow/example_dags/tutorial_etl_dag.py
[2025-02-15 14:33:39,342] {scheduler_job.py:643} INFO - DAG(s) dict_keys(['tutorial_etl_dag']) retrieved from /home/airflow/.local/lib/python3.6/site-packages/airflow/example_dags/tutorial_etl_dag.py
[2025-02-15 14:33:39,436] {logging_mixin.py:104} INFO - [2025-02-15 14:33:39,435] {dag.py:1833} INFO - Sync 1 DAGs
[2025-02-15 14:33:39,503] {logging_mixin.py:104} INFO - [2025-02-15 14:33:39,503] {dag.py:2306} INFO - Setting next_dagrun for tutorial_etl_dag to None
[2025-02-15 14:33:39,535] {scheduler_job.py:190} INFO - Processing /home/airflow/.local/lib/python3.6/site-packages/airflow/example_dags/tutorial_etl_dag.py took 0.287 seconds
[2025-02-15 14:34:09,967] {scheduler_job.py:182} INFO - Started process (PID=1056) to work on /home/airflow/.local/lib/python3.6/site-packages/airflow/example_dags/tutorial_etl_dag.py
[2025-02-15 14:34:09,968] {scheduler_job.py:633} INFO - Processing file /home/airflow/.local/lib/python3.6/site-packages/airflow/example_dags/tutorial_etl_dag.py for tasks to queue
[2025-02-15 14:34:09,968] {logging_mixin.py:104} INFO - [2025-02-15 14:34:09,968] {dagbag.py:496} INFO - Filling up the DagBag from /home/airflow/.local/lib/python3.6/site-packages/airflow/example_dags/tutorial_etl_dag.py
[2025-02-15 14:34:09,982] {scheduler_job.py:643} INFO - DAG(s) dict_keys(['tutorial_etl_dag']) retrieved from /home/airflow/.local/lib/python3.6/site-packages/airflow/example_dags/tutorial_etl_dag.py
[2025-02-15 14:34:10,008] {logging_mixin.py:104} INFO - [2025-02-15 14:34:10,008] {dag.py:1833} INFO - Sync 1 DAGs
[2025-02-15 14:34:10,027] {logging_mixin.py:104} INFO - [2025-02-15 14:34:10,027] {dag.py:2306} INFO - Setting next_dagrun for tutorial_etl_dag to None
[2025-02-15 14:34:10,039] {scheduler_job.py:190} INFO - Processing /home/airflow/.local/lib/python3.6/site-packages/airflow/example_dags/tutorial_etl_dag.py took 0.076 seconds
[2025-02-15 14:34:40,354] {scheduler_job.py:182} INFO - Started process (PID=1108) to work on /home/airflow/.local/lib/python3.6/site-packages/airflow/example_dags/tutorial_etl_dag.py
[2025-02-15 14:34:40,356] {scheduler_job.py:633} INFO - Processing file /home/airflow/.local/lib/python3.6/site-packages/airflow/example_dags/tutorial_etl_dag.py for tasks to queue
[2025-02-15 14:34:40,357] {logging_mixin.py:104} INFO - [2025-02-15 14:34:40,357] {dagbag.py:496} INFO - Filling up the DagBag from /home/airflow/.local/lib/python3.6/site-packages/airflow/example_dags/tutorial_etl_dag.py
[2025-02-15 14:34:40,382] {scheduler_job.py:643} INFO - DAG(s) dict_keys(['tutorial_etl_dag']) retrieved from /home/airflow/.local/lib/python3.6/site-packages/airflow/example_dags/tutorial_etl_dag.py
[2025-02-15 14:34:40,437] {logging_mixin.py:104} INFO - [2025-02-15 14:34:40,436] {dag.py:1833} INFO - Sync 1 DAGs
[2025-02-15 14:34:40,499] {logging_mixin.py:104} INFO - [2025-02-15 14:34:40,499] {dag.py:2306} INFO - Setting next_dagrun for tutorial_etl_dag to None
[2025-02-15 14:34:40,534] {scheduler_job.py:190} INFO - Processing /home/airflow/.local/lib/python3.6/site-packages/airflow/example_dags/tutorial_etl_dag.py took 0.185 seconds
[2025-02-15 14:38:19,637] {scheduler_job.py:182} INFO - Started process (PID=1139) to work on /home/airflow/.local/lib/python3.6/site-packages/airflow/example_dags/tutorial_etl_dag.py
[2025-02-15 14:38:19,639] {scheduler_job.py:633} INFO - Processing file /home/airflow/.local/lib/python3.6/site-packages/airflow/example_dags/tutorial_etl_dag.py for tasks to queue
[2025-02-15 14:38:19,641] {logging_mixin.py:104} INFO - [2025-02-15 14:38:19,641] {dagbag.py:496} INFO - Filling up the DagBag from /home/airflow/.local/lib/python3.6/site-packages/airflow/example_dags/tutorial_etl_dag.py
[2025-02-15 14:38:19,674] {scheduler_job.py:643} INFO - DAG(s) dict_keys(['tutorial_etl_dag']) retrieved from /home/airflow/.local/lib/python3.6/site-packages/airflow/example_dags/tutorial_etl_dag.py
[2025-02-15 14:38:19,737] {logging_mixin.py:104} INFO - [2025-02-15 14:38:19,736] {dag.py:1833} INFO - Sync 1 DAGs
[2025-02-15 14:38:19,762] {logging_mixin.py:104} INFO - [2025-02-15 14:38:19,761] {dag.py:2306} INFO - Setting next_dagrun for tutorial_etl_dag to None
[2025-02-15 14:38:19,782] {scheduler_job.py:190} INFO - Processing /home/airflow/.local/lib/python3.6/site-packages/airflow/example_dags/tutorial_etl_dag.py took 0.154 seconds
[2025-02-15 14:38:50,020] {scheduler_job.py:182} INFO - Started process (PID=1190) to work on /home/airflow/.local/lib/python3.6/site-packages/airflow/example_dags/tutorial_etl_dag.py
[2025-02-15 14:38:50,023] {scheduler_job.py:633} INFO - Processing file /home/airflow/.local/lib/python3.6/site-packages/airflow/example_dags/tutorial_etl_dag.py for tasks to queue
[2025-02-15 14:38:50,025] {logging_mixin.py:104} INFO - [2025-02-15 14:38:50,024] {dagbag.py:496} INFO - Filling up the DagBag from /home/airflow/.local/lib/python3.6/site-packages/airflow/example_dags/tutorial_etl_dag.py
[2025-02-15 14:38:50,052] {scheduler_job.py:643} INFO - DAG(s) dict_keys(['tutorial_etl_dag']) retrieved from /home/airflow/.local/lib/python3.6/site-packages/airflow/example_dags/tutorial_etl_dag.py
[2025-02-15 14:38:50,105] {logging_mixin.py:104} INFO - [2025-02-15 14:38:50,105] {dag.py:1833} INFO - Sync 1 DAGs
[2025-02-15 14:38:50,128] {logging_mixin.py:104} INFO - [2025-02-15 14:38:50,127] {dag.py:2306} INFO - Setting next_dagrun for tutorial_etl_dag to None
[2025-02-15 14:38:50,165] {scheduler_job.py:190} INFO - Processing /home/airflow/.local/lib/python3.6/site-packages/airflow/example_dags/tutorial_etl_dag.py took 0.152 seconds
[2025-02-15 14:43:59,895] {scheduler_job.py:182} INFO - Started process (PID=1236) to work on /home/airflow/.local/lib/python3.6/site-packages/airflow/example_dags/tutorial_etl_dag.py
[2025-02-15 14:43:59,906] {scheduler_job.py:633} INFO - Processing file /home/airflow/.local/lib/python3.6/site-packages/airflow/example_dags/tutorial_etl_dag.py for tasks to queue
[2025-02-15 14:43:59,909] {logging_mixin.py:104} INFO - [2025-02-15 14:43:59,908] {dagbag.py:496} INFO - Filling up the DagBag from /home/airflow/.local/lib/python3.6/site-packages/airflow/example_dags/tutorial_etl_dag.py
[2025-02-15 14:43:59,963] {scheduler_job.py:643} INFO - DAG(s) dict_keys(['tutorial_etl_dag']) retrieved from /home/airflow/.local/lib/python3.6/site-packages/airflow/example_dags/tutorial_etl_dag.py
[2025-02-15 14:44:00,103] {logging_mixin.py:104} INFO - [2025-02-15 14:44:00,103] {dag.py:1833} INFO - Sync 1 DAGs
[2025-02-15 14:44:00,179] {logging_mixin.py:104} INFO - [2025-02-15 14:44:00,179] {dag.py:2306} INFO - Setting next_dagrun for tutorial_etl_dag to None
[2025-02-15 14:44:00,239] {scheduler_job.py:190} INFO - Processing /home/airflow/.local/lib/python3.6/site-packages/airflow/example_dags/tutorial_etl_dag.py took 0.362 seconds
[2025-02-15 14:44:30,350] {scheduler_job.py:182} INFO - Started process (PID=1287) to work on /home/airflow/.local/lib/python3.6/site-packages/airflow/example_dags/tutorial_etl_dag.py
[2025-02-15 14:44:30,365] {scheduler_job.py:633} INFO - Processing file /home/airflow/.local/lib/python3.6/site-packages/airflow/example_dags/tutorial_etl_dag.py for tasks to queue
[2025-02-15 14:44:30,368] {logging_mixin.py:104} INFO - [2025-02-15 14:44:30,368] {dagbag.py:496} INFO - Filling up the DagBag from /home/airflow/.local/lib/python3.6/site-packages/airflow/example_dags/tutorial_etl_dag.py
[2025-02-15 14:44:30,550] {scheduler_job.py:643} INFO - DAG(s) dict_keys(['tutorial_etl_dag']) retrieved from /home/airflow/.local/lib/python3.6/site-packages/airflow/example_dags/tutorial_etl_dag.py
[2025-02-15 14:44:30,755] {logging_mixin.py:104} INFO - [2025-02-15 14:44:30,754] {dag.py:1833} INFO - Sync 1 DAGs
[2025-02-15 14:44:30,795] {logging_mixin.py:104} INFO - [2025-02-15 14:44:30,794] {dag.py:2306} INFO - Setting next_dagrun for tutorial_etl_dag to None
[2025-02-15 14:44:30,833] {scheduler_job.py:190} INFO - Processing /home/airflow/.local/lib/python3.6/site-packages/airflow/example_dags/tutorial_etl_dag.py took 0.513 seconds
[2025-02-15 14:46:10,023] {scheduler_job.py:182} INFO - Started process (PID=58) to work on /home/airflow/.local/lib/python3.6/site-packages/airflow/example_dags/tutorial_etl_dag.py
[2025-02-15 14:46:10,029] {scheduler_job.py:633} INFO - Processing file /home/airflow/.local/lib/python3.6/site-packages/airflow/example_dags/tutorial_etl_dag.py for tasks to queue
[2025-02-15 14:46:10,033] {logging_mixin.py:104} INFO - [2025-02-15 14:46:10,032] {dagbag.py:496} INFO - Filling up the DagBag from /home/airflow/.local/lib/python3.6/site-packages/airflow/example_dags/tutorial_etl_dag.py
[2025-02-15 14:46:10,077] {scheduler_job.py:643} INFO - DAG(s) dict_keys(['tutorial_etl_dag']) retrieved from /home/airflow/.local/lib/python3.6/site-packages/airflow/example_dags/tutorial_etl_dag.py
[2025-02-15 14:46:10,233] {logging_mixin.py:104} INFO - [2025-02-15 14:46:10,233] {dag.py:1833} INFO - Sync 1 DAGs
[2025-02-15 14:46:10,311] {logging_mixin.py:104} INFO - [2025-02-15 14:46:10,310] {dag.py:2306} INFO - Setting next_dagrun for tutorial_etl_dag to None
[2025-02-15 14:46:10,350] {scheduler_job.py:190} INFO - Processing /home/airflow/.local/lib/python3.6/site-packages/airflow/example_dags/tutorial_etl_dag.py took 0.338 seconds
[2025-02-15 14:46:40,605] {scheduler_job.py:182} INFO - Started process (PID=102) to work on /home/airflow/.local/lib/python3.6/site-packages/airflow/example_dags/tutorial_etl_dag.py
[2025-02-15 14:46:40,611] {scheduler_job.py:633} INFO - Processing file /home/airflow/.local/lib/python3.6/site-packages/airflow/example_dags/tutorial_etl_dag.py for tasks to queue
[2025-02-15 14:46:40,617] {logging_mixin.py:104} INFO - [2025-02-15 14:46:40,617] {dagbag.py:496} INFO - Filling up the DagBag from /home/airflow/.local/lib/python3.6/site-packages/airflow/example_dags/tutorial_etl_dag.py
[2025-02-15 14:46:40,756] {scheduler_job.py:643} INFO - DAG(s) dict_keys(['tutorial_etl_dag']) retrieved from /home/airflow/.local/lib/python3.6/site-packages/airflow/example_dags/tutorial_etl_dag.py
[2025-02-15 14:46:40,884] {logging_mixin.py:104} INFO - [2025-02-15 14:46:40,883] {dag.py:1833} INFO - Sync 1 DAGs
[2025-02-15 14:46:40,948] {logging_mixin.py:104} INFO - [2025-02-15 14:46:40,947] {dag.py:2306} INFO - Setting next_dagrun for tutorial_etl_dag to None
[2025-02-15 14:46:40,991] {scheduler_job.py:190} INFO - Processing /home/airflow/.local/lib/python3.6/site-packages/airflow/example_dags/tutorial_etl_dag.py took 0.402 seconds
[2025-02-15 14:47:11,233] {scheduler_job.py:182} INFO - Started process (PID=153) to work on /home/airflow/.local/lib/python3.6/site-packages/airflow/example_dags/tutorial_etl_dag.py
[2025-02-15 14:47:11,235] {scheduler_job.py:633} INFO - Processing file /home/airflow/.local/lib/python3.6/site-packages/airflow/example_dags/tutorial_etl_dag.py for tasks to queue
[2025-02-15 14:47:11,236] {logging_mixin.py:104} INFO - [2025-02-15 14:47:11,236] {dagbag.py:496} INFO - Filling up the DagBag from /home/airflow/.local/lib/python3.6/site-packages/airflow/example_dags/tutorial_etl_dag.py
[2025-02-15 14:47:11,259] {scheduler_job.py:643} INFO - DAG(s) dict_keys(['tutorial_etl_dag']) retrieved from /home/airflow/.local/lib/python3.6/site-packages/airflow/example_dags/tutorial_etl_dag.py
[2025-02-15 14:47:11,291] {logging_mixin.py:104} INFO - [2025-02-15 14:47:11,291] {dag.py:1833} INFO - Sync 1 DAGs
[2025-02-15 14:47:11,311] {logging_mixin.py:104} INFO - [2025-02-15 14:47:11,310] {dag.py:2306} INFO - Setting next_dagrun for tutorial_etl_dag to None
[2025-02-15 14:47:11,326] {scheduler_job.py:190} INFO - Processing /home/airflow/.local/lib/python3.6/site-packages/airflow/example_dags/tutorial_etl_dag.py took 0.100 seconds
[2025-02-15 14:47:41,920] {scheduler_job.py:182} INFO - Started process (PID=214) to work on /home/airflow/.local/lib/python3.6/site-packages/airflow/example_dags/tutorial_etl_dag.py
[2025-02-15 14:47:41,925] {scheduler_job.py:633} INFO - Processing file /home/airflow/.local/lib/python3.6/site-packages/airflow/example_dags/tutorial_etl_dag.py for tasks to queue
[2025-02-15 14:47:41,927] {logging_mixin.py:104} INFO - [2025-02-15 14:47:41,927] {dagbag.py:496} INFO - Filling up the DagBag from /home/airflow/.local/lib/python3.6/site-packages/airflow/example_dags/tutorial_etl_dag.py
[2025-02-15 14:47:41,949] {scheduler_job.py:643} INFO - DAG(s) dict_keys(['tutorial_etl_dag']) retrieved from /home/airflow/.local/lib/python3.6/site-packages/airflow/example_dags/tutorial_etl_dag.py
[2025-02-15 14:47:41,995] {logging_mixin.py:104} INFO - [2025-02-15 14:47:41,995] {dag.py:1833} INFO - Sync 1 DAGs
[2025-02-15 14:47:42,032] {logging_mixin.py:104} INFO - [2025-02-15 14:47:42,031] {dag.py:2306} INFO - Setting next_dagrun for tutorial_etl_dag to None
[2025-02-15 14:47:42,055] {scheduler_job.py:190} INFO - Processing /home/airflow/.local/lib/python3.6/site-packages/airflow/example_dags/tutorial_etl_dag.py took 0.144 seconds
[2025-02-15 14:48:12,185] {scheduler_job.py:182} INFO - Started process (PID=267) to work on /home/airflow/.local/lib/python3.6/site-packages/airflow/example_dags/tutorial_etl_dag.py
[2025-02-15 14:48:12,188] {scheduler_job.py:633} INFO - Processing file /home/airflow/.local/lib/python3.6/site-packages/airflow/example_dags/tutorial_etl_dag.py for tasks to queue
[2025-02-15 14:48:12,190] {logging_mixin.py:104} INFO - [2025-02-15 14:48:12,190] {dagbag.py:496} INFO - Filling up the DagBag from /home/airflow/.local/lib/python3.6/site-packages/airflow/example_dags/tutorial_etl_dag.py
[2025-02-15 14:48:12,220] {scheduler_job.py:643} INFO - DAG(s) dict_keys(['tutorial_etl_dag']) retrieved from /home/airflow/.local/lib/python3.6/site-packages/airflow/example_dags/tutorial_etl_dag.py
[2025-02-15 14:48:12,316] {logging_mixin.py:104} INFO - [2025-02-15 14:48:12,316] {dag.py:1833} INFO - Sync 1 DAGs
[2025-02-15 14:48:12,425] {logging_mixin.py:104} INFO - [2025-02-15 14:48:12,424] {dag.py:2306} INFO - Setting next_dagrun for tutorial_etl_dag to None
[2025-02-15 14:48:12,474] {scheduler_job.py:190} INFO - Processing /home/airflow/.local/lib/python3.6/site-packages/airflow/example_dags/tutorial_etl_dag.py took 0.296 seconds
[2025-02-15 14:48:43,295] {scheduler_job.py:182} INFO - Started process (PID=319) to work on /home/airflow/.local/lib/python3.6/site-packages/airflow/example_dags/tutorial_etl_dag.py
[2025-02-15 14:48:43,298] {scheduler_job.py:633} INFO - Processing file /home/airflow/.local/lib/python3.6/site-packages/airflow/example_dags/tutorial_etl_dag.py for tasks to queue
[2025-02-15 14:48:43,302] {logging_mixin.py:104} INFO - [2025-02-15 14:48:43,301] {dagbag.py:496} INFO - Filling up the DagBag from /home/airflow/.local/lib/python3.6/site-packages/airflow/example_dags/tutorial_etl_dag.py
[2025-02-15 14:48:43,322] {scheduler_job.py:643} INFO - DAG(s) dict_keys(['tutorial_etl_dag']) retrieved from /home/airflow/.local/lib/python3.6/site-packages/airflow/example_dags/tutorial_etl_dag.py
[2025-02-15 14:48:43,360] {logging_mixin.py:104} INFO - [2025-02-15 14:48:43,360] {dag.py:1833} INFO - Sync 1 DAGs
[2025-02-15 14:48:43,385] {logging_mixin.py:104} INFO - [2025-02-15 14:48:43,384] {dag.py:2306} INFO - Setting next_dagrun for tutorial_etl_dag to None
[2025-02-15 14:48:43,402] {scheduler_job.py:190} INFO - Processing /home/airflow/.local/lib/python3.6/site-packages/airflow/example_dags/tutorial_etl_dag.py took 0.112 seconds
[2025-02-15 14:49:13,616] {scheduler_job.py:182} INFO - Started process (PID=381) to work on /home/airflow/.local/lib/python3.6/site-packages/airflow/example_dags/tutorial_etl_dag.py
[2025-02-15 14:49:13,618] {scheduler_job.py:633} INFO - Processing file /home/airflow/.local/lib/python3.6/site-packages/airflow/example_dags/tutorial_etl_dag.py for tasks to queue
[2025-02-15 14:49:13,619] {logging_mixin.py:104} INFO - [2025-02-15 14:49:13,619] {dagbag.py:496} INFO - Filling up the DagBag from /home/airflow/.local/lib/python3.6/site-packages/airflow/example_dags/tutorial_etl_dag.py
[2025-02-15 14:49:13,636] {scheduler_job.py:643} INFO - DAG(s) dict_keys(['tutorial_etl_dag']) retrieved from /home/airflow/.local/lib/python3.6/site-packages/airflow/example_dags/tutorial_etl_dag.py
[2025-02-15 14:49:13,668] {logging_mixin.py:104} INFO - [2025-02-15 14:49:13,668] {dag.py:1833} INFO - Sync 1 DAGs
[2025-02-15 14:49:13,694] {logging_mixin.py:104} INFO - [2025-02-15 14:49:13,694] {dag.py:2306} INFO - Setting next_dagrun for tutorial_etl_dag to None
[2025-02-15 14:49:13,709] {scheduler_job.py:190} INFO - Processing /home/airflow/.local/lib/python3.6/site-packages/airflow/example_dags/tutorial_etl_dag.py took 0.098 seconds
[2025-02-15 14:49:43,883] {scheduler_job.py:182} INFO - Started process (PID=433) to work on /home/airflow/.local/lib/python3.6/site-packages/airflow/example_dags/tutorial_etl_dag.py
[2025-02-15 14:49:43,887] {scheduler_job.py:633} INFO - Processing file /home/airflow/.local/lib/python3.6/site-packages/airflow/example_dags/tutorial_etl_dag.py for tasks to queue
[2025-02-15 14:49:43,887] {logging_mixin.py:104} INFO - [2025-02-15 14:49:43,887] {dagbag.py:496} INFO - Filling up the DagBag from /home/airflow/.local/lib/python3.6/site-packages/airflow/example_dags/tutorial_etl_dag.py
[2025-02-15 14:49:43,902] {scheduler_job.py:643} INFO - DAG(s) dict_keys(['tutorial_etl_dag']) retrieved from /home/airflow/.local/lib/python3.6/site-packages/airflow/example_dags/tutorial_etl_dag.py
[2025-02-15 14:49:43,934] {logging_mixin.py:104} INFO - [2025-02-15 14:49:43,933] {dag.py:1833} INFO - Sync 1 DAGs
[2025-02-15 14:49:43,951] {logging_mixin.py:104} INFO - [2025-02-15 14:49:43,951] {dag.py:2306} INFO - Setting next_dagrun for tutorial_etl_dag to None
[2025-02-15 14:49:43,967] {scheduler_job.py:190} INFO - Processing /home/airflow/.local/lib/python3.6/site-packages/airflow/example_dags/tutorial_etl_dag.py took 0.087 seconds
[2025-02-15 14:50:14,060] {scheduler_job.py:182} INFO - Started process (PID=485) to work on /home/airflow/.local/lib/python3.6/site-packages/airflow/example_dags/tutorial_etl_dag.py
[2025-02-15 14:50:14,061] {scheduler_job.py:633} INFO - Processing file /home/airflow/.local/lib/python3.6/site-packages/airflow/example_dags/tutorial_etl_dag.py for tasks to queue
[2025-02-15 14:50:14,062] {logging_mixin.py:104} INFO - [2025-02-15 14:50:14,062] {dagbag.py:496} INFO - Filling up the DagBag from /home/airflow/.local/lib/python3.6/site-packages/airflow/example_dags/tutorial_etl_dag.py
[2025-02-15 14:50:14,080] {scheduler_job.py:643} INFO - DAG(s) dict_keys(['tutorial_etl_dag']) retrieved from /home/airflow/.local/lib/python3.6/site-packages/airflow/example_dags/tutorial_etl_dag.py
[2025-02-15 14:50:14,107] {logging_mixin.py:104} INFO - [2025-02-15 14:50:14,107] {dag.py:1833} INFO - Sync 1 DAGs
[2025-02-15 14:50:14,126] {logging_mixin.py:104} INFO - [2025-02-15 14:50:14,126] {dag.py:2306} INFO - Setting next_dagrun for tutorial_etl_dag to None
[2025-02-15 14:50:14,141] {scheduler_job.py:190} INFO - Processing /home/airflow/.local/lib/python3.6/site-packages/airflow/example_dags/tutorial_etl_dag.py took 0.085 seconds
[2025-02-15 14:50:44,407] {scheduler_job.py:182} INFO - Started process (PID=547) to work on /home/airflow/.local/lib/python3.6/site-packages/airflow/example_dags/tutorial_etl_dag.py
[2025-02-15 14:50:44,408] {scheduler_job.py:633} INFO - Processing file /home/airflow/.local/lib/python3.6/site-packages/airflow/example_dags/tutorial_etl_dag.py for tasks to queue
[2025-02-15 14:50:44,409] {logging_mixin.py:104} INFO - [2025-02-15 14:50:44,409] {dagbag.py:496} INFO - Filling up the DagBag from /home/airflow/.local/lib/python3.6/site-packages/airflow/example_dags/tutorial_etl_dag.py
[2025-02-15 14:50:44,428] {scheduler_job.py:643} INFO - DAG(s) dict_keys(['tutorial_etl_dag']) retrieved from /home/airflow/.local/lib/python3.6/site-packages/airflow/example_dags/tutorial_etl_dag.py
[2025-02-15 14:50:44,458] {logging_mixin.py:104} INFO - [2025-02-15 14:50:44,458] {dag.py:1833} INFO - Sync 1 DAGs
[2025-02-15 14:50:44,476] {logging_mixin.py:104} INFO - [2025-02-15 14:50:44,476] {dag.py:2306} INFO - Setting next_dagrun for tutorial_etl_dag to None
[2025-02-15 14:50:44,496] {scheduler_job.py:190} INFO - Processing /home/airflow/.local/lib/python3.6/site-packages/airflow/example_dags/tutorial_etl_dag.py took 0.094 seconds
[2025-02-15 14:51:14,637] {scheduler_job.py:182} INFO - Started process (PID=599) to work on /home/airflow/.local/lib/python3.6/site-packages/airflow/example_dags/tutorial_etl_dag.py
[2025-02-15 14:51:14,639] {scheduler_job.py:633} INFO - Processing file /home/airflow/.local/lib/python3.6/site-packages/airflow/example_dags/tutorial_etl_dag.py for tasks to queue
[2025-02-15 14:51:14,641] {logging_mixin.py:104} INFO - [2025-02-15 14:51:14,640] {dagbag.py:496} INFO - Filling up the DagBag from /home/airflow/.local/lib/python3.6/site-packages/airflow/example_dags/tutorial_etl_dag.py
[2025-02-15 14:51:14,660] {scheduler_job.py:643} INFO - DAG(s) dict_keys(['tutorial_etl_dag']) retrieved from /home/airflow/.local/lib/python3.6/site-packages/airflow/example_dags/tutorial_etl_dag.py
[2025-02-15 14:51:14,686] {logging_mixin.py:104} INFO - [2025-02-15 14:51:14,686] {dag.py:1833} INFO - Sync 1 DAGs
[2025-02-15 14:51:14,700] {logging_mixin.py:104} INFO - [2025-02-15 14:51:14,700] {dag.py:2306} INFO - Setting next_dagrun for tutorial_etl_dag to None
[2025-02-15 14:51:14,717] {scheduler_job.py:190} INFO - Processing /home/airflow/.local/lib/python3.6/site-packages/airflow/example_dags/tutorial_etl_dag.py took 0.087 seconds
[2025-02-15 14:51:44,974] {scheduler_job.py:182} INFO - Started process (PID=652) to work on /home/airflow/.local/lib/python3.6/site-packages/airflow/example_dags/tutorial_etl_dag.py
[2025-02-15 14:51:44,975] {scheduler_job.py:633} INFO - Processing file /home/airflow/.local/lib/python3.6/site-packages/airflow/example_dags/tutorial_etl_dag.py for tasks to queue
[2025-02-15 14:51:44,975] {logging_mixin.py:104} INFO - [2025-02-15 14:51:44,975] {dagbag.py:496} INFO - Filling up the DagBag from /home/airflow/.local/lib/python3.6/site-packages/airflow/example_dags/tutorial_etl_dag.py
[2025-02-15 14:51:44,987] {scheduler_job.py:643} INFO - DAG(s) dict_keys(['tutorial_etl_dag']) retrieved from /home/airflow/.local/lib/python3.6/site-packages/airflow/example_dags/tutorial_etl_dag.py
[2025-02-15 14:51:45,011] {logging_mixin.py:104} INFO - [2025-02-15 14:51:45,011] {dag.py:1833} INFO - Sync 1 DAGs
[2025-02-15 14:51:45,027] {logging_mixin.py:104} INFO - [2025-02-15 14:51:45,026] {dag.py:2306} INFO - Setting next_dagrun for tutorial_etl_dag to None
[2025-02-15 14:51:45,043] {scheduler_job.py:190} INFO - Processing /home/airflow/.local/lib/python3.6/site-packages/airflow/example_dags/tutorial_etl_dag.py took 0.073 seconds
[2025-02-15 15:12:32,233] {scheduler_job.py:182} INFO - Started process (PID=710) to work on /home/airflow/.local/lib/python3.6/site-packages/airflow/example_dags/tutorial_etl_dag.py
[2025-02-15 15:12:32,236] {scheduler_job.py:633} INFO - Processing file /home/airflow/.local/lib/python3.6/site-packages/airflow/example_dags/tutorial_etl_dag.py for tasks to queue
[2025-02-15 15:12:32,238] {logging_mixin.py:104} INFO - [2025-02-15 15:12:32,237] {dagbag.py:496} INFO - Filling up the DagBag from /home/airflow/.local/lib/python3.6/site-packages/airflow/example_dags/tutorial_etl_dag.py
[2025-02-15 15:12:32,263] {scheduler_job.py:643} INFO - DAG(s) dict_keys(['tutorial_etl_dag']) retrieved from /home/airflow/.local/lib/python3.6/site-packages/airflow/example_dags/tutorial_etl_dag.py
[2025-02-15 15:12:32,314] {logging_mixin.py:104} INFO - [2025-02-15 15:12:32,314] {dag.py:1833} INFO - Sync 1 DAGs
[2025-02-15 15:12:32,336] {logging_mixin.py:104} INFO - [2025-02-15 15:12:32,336] {dag.py:2306} INFO - Setting next_dagrun for tutorial_etl_dag to None
[2025-02-15 15:12:32,357] {scheduler_job.py:190} INFO - Processing /home/airflow/.local/lib/python3.6/site-packages/airflow/example_dags/tutorial_etl_dag.py took 0.129 seconds
[2025-02-15 15:13:02,704] {scheduler_job.py:182} INFO - Started process (PID=761) to work on /home/airflow/.local/lib/python3.6/site-packages/airflow/example_dags/tutorial_etl_dag.py
[2025-02-15 15:13:02,708] {scheduler_job.py:633} INFO - Processing file /home/airflow/.local/lib/python3.6/site-packages/airflow/example_dags/tutorial_etl_dag.py for tasks to queue
[2025-02-15 15:13:02,710] {logging_mixin.py:104} INFO - [2025-02-15 15:13:02,710] {dagbag.py:496} INFO - Filling up the DagBag from /home/airflow/.local/lib/python3.6/site-packages/airflow/example_dags/tutorial_etl_dag.py
[2025-02-15 15:13:02,733] {scheduler_job.py:643} INFO - DAG(s) dict_keys(['tutorial_etl_dag']) retrieved from /home/airflow/.local/lib/python3.6/site-packages/airflow/example_dags/tutorial_etl_dag.py
[2025-02-15 15:13:02,806] {logging_mixin.py:104} INFO - [2025-02-15 15:13:02,806] {dag.py:1833} INFO - Sync 1 DAGs
[2025-02-15 15:13:02,844] {logging_mixin.py:104} INFO - [2025-02-15 15:13:02,843] {dag.py:2306} INFO - Setting next_dagrun for tutorial_etl_dag to None
[2025-02-15 15:13:02,877] {scheduler_job.py:190} INFO - Processing /home/airflow/.local/lib/python3.6/site-packages/airflow/example_dags/tutorial_etl_dag.py took 0.180 seconds
[2025-02-15 15:20:29,267] {scheduler_job.py:182} INFO - Started process (PID=69) to work on /home/airflow/.local/lib/python3.6/site-packages/airflow/example_dags/tutorial_etl_dag.py
[2025-02-15 15:20:29,283] {scheduler_job.py:633} INFO - Processing file /home/airflow/.local/lib/python3.6/site-packages/airflow/example_dags/tutorial_etl_dag.py for tasks to queue
[2025-02-15 15:20:29,294] {logging_mixin.py:104} INFO - [2025-02-15 15:20:29,293] {dagbag.py:496} INFO - Filling up the DagBag from /home/airflow/.local/lib/python3.6/site-packages/airflow/example_dags/tutorial_etl_dag.py
[2025-02-15 15:20:29,421] {scheduler_job.py:643} INFO - DAG(s) dict_keys(['tutorial_etl_dag']) retrieved from /home/airflow/.local/lib/python3.6/site-packages/airflow/example_dags/tutorial_etl_dag.py
[2025-02-15 15:20:29,672] {logging_mixin.py:104} INFO - [2025-02-15 15:20:29,672] {dag.py:1833} INFO - Sync 1 DAGs
[2025-02-15 15:20:30,039] {logging_mixin.py:104} INFO - [2025-02-15 15:20:30,038] {dag.py:2306} INFO - Setting next_dagrun for tutorial_etl_dag to None
[2025-02-15 15:20:30,251] {scheduler_job.py:190} INFO - Processing /home/airflow/.local/lib/python3.6/site-packages/airflow/example_dags/tutorial_etl_dag.py took 1.004 seconds
[2025-02-15 15:21:00,816] {scheduler_job.py:182} INFO - Started process (PID=112) to work on /home/airflow/.local/lib/python3.6/site-packages/airflow/example_dags/tutorial_etl_dag.py
[2025-02-15 15:21:00,820] {scheduler_job.py:633} INFO - Processing file /home/airflow/.local/lib/python3.6/site-packages/airflow/example_dags/tutorial_etl_dag.py for tasks to queue
[2025-02-15 15:21:00,823] {logging_mixin.py:104} INFO - [2025-02-15 15:21:00,822] {dagbag.py:496} INFO - Filling up the DagBag from /home/airflow/.local/lib/python3.6/site-packages/airflow/example_dags/tutorial_etl_dag.py
[2025-02-15 15:21:00,891] {scheduler_job.py:643} INFO - DAG(s) dict_keys(['tutorial_etl_dag']) retrieved from /home/airflow/.local/lib/python3.6/site-packages/airflow/example_dags/tutorial_etl_dag.py
[2025-02-15 15:21:01,024] {logging_mixin.py:104} INFO - [2025-02-15 15:21:01,021] {dag.py:1833} INFO - Sync 1 DAGs
[2025-02-15 15:21:01,200] {logging_mixin.py:104} INFO - [2025-02-15 15:21:01,199] {dag.py:2306} INFO - Setting next_dagrun for tutorial_etl_dag to None
[2025-02-15 15:21:01,283] {scheduler_job.py:190} INFO - Processing /home/airflow/.local/lib/python3.6/site-packages/airflow/example_dags/tutorial_etl_dag.py took 0.483 seconds
[2025-02-15 15:21:35,501] {scheduler_job.py:182} INFO - Started process (PID=164) to work on /home/airflow/.local/lib/python3.6/site-packages/airflow/example_dags/tutorial_etl_dag.py
[2025-02-15 15:21:35,596] {scheduler_job.py:633} INFO - Processing file /home/airflow/.local/lib/python3.6/site-packages/airflow/example_dags/tutorial_etl_dag.py for tasks to queue
[2025-02-15 15:21:35,598] {logging_mixin.py:104} INFO - [2025-02-15 15:21:35,598] {dagbag.py:496} INFO - Filling up the DagBag from /home/airflow/.local/lib/python3.6/site-packages/airflow/example_dags/tutorial_etl_dag.py
[2025-02-15 15:21:35,702] {scheduler_job.py:643} INFO - DAG(s) dict_keys(['tutorial_etl_dag']) retrieved from /home/airflow/.local/lib/python3.6/site-packages/airflow/example_dags/tutorial_etl_dag.py
[2025-02-15 15:21:36,805] {logging_mixin.py:104} INFO - [2025-02-15 15:21:36,804] {dag.py:1833} INFO - Sync 1 DAGs
[2025-02-15 15:21:36,911] {logging_mixin.py:104} INFO - [2025-02-15 15:21:36,911] {dag.py:2306} INFO - Setting next_dagrun for tutorial_etl_dag to None
[2025-02-15 15:21:37,234] {scheduler_job.py:190} INFO - Processing /home/airflow/.local/lib/python3.6/site-packages/airflow/example_dags/tutorial_etl_dag.py took 1.353 seconds
[2025-02-15 15:22:28,728] {scheduler_job.py:182} INFO - Started process (PID=216) to work on /home/airflow/.local/lib/python3.6/site-packages/airflow/example_dags/tutorial_etl_dag.py
[2025-02-15 15:22:28,772] {scheduler_job.py:633} INFO - Processing file /home/airflow/.local/lib/python3.6/site-packages/airflow/example_dags/tutorial_etl_dag.py for tasks to queue
[2025-02-15 15:22:28,795] {logging_mixin.py:104} INFO - [2025-02-15 15:22:28,794] {dagbag.py:496} INFO - Filling up the DagBag from /home/airflow/.local/lib/python3.6/site-packages/airflow/example_dags/tutorial_etl_dag.py
[2025-02-15 15:22:29,107] {scheduler_job.py:643} INFO - DAG(s) dict_keys(['tutorial_etl_dag']) retrieved from /home/airflow/.local/lib/python3.6/site-packages/airflow/example_dags/tutorial_etl_dag.py
[2025-02-15 15:22:29,607] {logging_mixin.py:104} INFO - [2025-02-15 15:22:29,606] {dag.py:1833} INFO - Sync 1 DAGs
[2025-02-15 15:22:29,852] {logging_mixin.py:104} INFO - [2025-02-15 15:22:29,851] {dag.py:2306} INFO - Setting next_dagrun for tutorial_etl_dag to None
[2025-02-15 15:22:29,912] {scheduler_job.py:190} INFO - Processing /home/airflow/.local/lib/python3.6/site-packages/airflow/example_dags/tutorial_etl_dag.py took 1.325 seconds
