[2025-02-15 13:53:59,385] {scheduler_job.py:182} INFO - Started process (PID=58) to work on /home/airflow/.local/lib/python3.6/site-packages/airflow/example_dags/tutorial.py
[2025-02-15 13:53:59,388] {scheduler_job.py:633} INFO - Processing file /home/airflow/.local/lib/python3.6/site-packages/airflow/example_dags/tutorial.py for tasks to queue
[2025-02-15 13:53:59,391] {logging_mixin.py:104} INFO - [2025-02-15 13:53:59,390] {dagbag.py:496} INFO - Filling up the DagBag from /home/airflow/.local/lib/python3.6/site-packages/airflow/example_dags/tutorial.py
[2025-02-15 13:53:59,477] {scheduler_job.py:643} INFO - DAG(s) dict_keys(['tutorial']) retrieved from /home/airflow/.local/lib/python3.6/site-packages/airflow/example_dags/tutorial.py
[2025-02-15 13:54:00,710] {logging_mixin.py:104} INFO - [2025-02-15 13:54:00,710] {dag.py:1833} INFO - Sync 1 DAGs
[2025-02-15 13:54:00,800] {logging_mixin.py:104} INFO - [2025-02-15 13:54:00,799] {dag.py:2306} INFO - Setting next_dagrun for tutorial to 2025-02-13 00:00:00+00:00
[2025-02-15 13:54:00,896] {scheduler_job.py:190} INFO - Processing /home/airflow/.local/lib/python3.6/site-packages/airflow/example_dags/tutorial.py took 1.532 seconds
[2025-02-15 13:54:31,583] {scheduler_job.py:182} INFO - Started process (PID=99) to work on /home/airflow/.local/lib/python3.6/site-packages/airflow/example_dags/tutorial.py
[2025-02-15 13:54:31,627] {scheduler_job.py:633} INFO - Processing file /home/airflow/.local/lib/python3.6/site-packages/airflow/example_dags/tutorial.py for tasks to queue
[2025-02-15 13:54:31,632] {logging_mixin.py:104} INFO - [2025-02-15 13:54:31,632] {dagbag.py:496} INFO - Filling up the DagBag from /home/airflow/.local/lib/python3.6/site-packages/airflow/example_dags/tutorial.py
[2025-02-15 13:54:31,814] {scheduler_job.py:643} INFO - DAG(s) dict_keys(['tutorial']) retrieved from /home/airflow/.local/lib/python3.6/site-packages/airflow/example_dags/tutorial.py
[2025-02-15 13:54:32,060] {logging_mixin.py:104} INFO - [2025-02-15 13:54:32,059] {dag.py:1833} INFO - Sync 1 DAGs
[2025-02-15 13:54:32,211] {logging_mixin.py:104} INFO - [2025-02-15 13:54:32,210] {dag.py:2306} INFO - Setting next_dagrun for tutorial to 2025-02-13 00:00:00+00:00
[2025-02-15 13:54:32,427] {scheduler_job.py:190} INFO - Processing /home/airflow/.local/lib/python3.6/site-packages/airflow/example_dags/tutorial.py took 0.894 seconds
[2025-02-15 13:55:03,605] {scheduler_job.py:182} INFO - Started process (PID=148) to work on /home/airflow/.local/lib/python3.6/site-packages/airflow/example_dags/tutorial.py
[2025-02-15 13:55:03,667] {scheduler_job.py:633} INFO - Processing file /home/airflow/.local/lib/python3.6/site-packages/airflow/example_dags/tutorial.py for tasks to queue
[2025-02-15 13:55:03,696] {logging_mixin.py:104} INFO - [2025-02-15 13:55:03,693] {dagbag.py:496} INFO - Filling up the DagBag from /home/airflow/.local/lib/python3.6/site-packages/airflow/example_dags/tutorial.py
[2025-02-15 13:55:04,367] {scheduler_job.py:643} INFO - DAG(s) dict_keys(['tutorial']) retrieved from /home/airflow/.local/lib/python3.6/site-packages/airflow/example_dags/tutorial.py
[2025-02-15 13:55:05,016] {logging_mixin.py:104} INFO - [2025-02-15 13:55:05,015] {dag.py:1833} INFO - Sync 1 DAGs
[2025-02-15 13:55:05,955] {logging_mixin.py:104} INFO - [2025-02-15 13:55:05,954] {dag.py:2306} INFO - Setting next_dagrun for tutorial to 2025-02-13 00:00:00+00:00
[2025-02-15 13:55:06,094] {scheduler_job.py:190} INFO - Processing /home/airflow/.local/lib/python3.6/site-packages/airflow/example_dags/tutorial.py took 2.814 seconds
[2025-02-15 13:55:36,617] {scheduler_job.py:182} INFO - Started process (PID=199) to work on /home/airflow/.local/lib/python3.6/site-packages/airflow/example_dags/tutorial.py
[2025-02-15 13:55:36,622] {scheduler_job.py:633} INFO - Processing file /home/airflow/.local/lib/python3.6/site-packages/airflow/example_dags/tutorial.py for tasks to queue
[2025-02-15 13:55:36,623] {logging_mixin.py:104} INFO - [2025-02-15 13:55:36,623] {dagbag.py:496} INFO - Filling up the DagBag from /home/airflow/.local/lib/python3.6/site-packages/airflow/example_dags/tutorial.py
[2025-02-15 13:55:36,638] {scheduler_job.py:643} INFO - DAG(s) dict_keys(['tutorial']) retrieved from /home/airflow/.local/lib/python3.6/site-packages/airflow/example_dags/tutorial.py
[2025-02-15 13:55:36,669] {logging_mixin.py:104} INFO - [2025-02-15 13:55:36,669] {dag.py:1833} INFO - Sync 1 DAGs
[2025-02-15 13:55:36,688] {logging_mixin.py:104} INFO - [2025-02-15 13:55:36,688] {dag.py:2306} INFO - Setting next_dagrun for tutorial to 2025-02-13 00:00:00+00:00
[2025-02-15 13:55:36,700] {scheduler_job.py:190} INFO - Processing /home/airflow/.local/lib/python3.6/site-packages/airflow/example_dags/tutorial.py took 0.087 seconds
[2025-02-15 13:56:07,028] {scheduler_job.py:182} INFO - Started process (PID=250) to work on /home/airflow/.local/lib/python3.6/site-packages/airflow/example_dags/tutorial.py
[2025-02-15 13:56:07,029] {scheduler_job.py:633} INFO - Processing file /home/airflow/.local/lib/python3.6/site-packages/airflow/example_dags/tutorial.py for tasks to queue
[2025-02-15 13:56:07,030] {logging_mixin.py:104} INFO - [2025-02-15 13:56:07,030] {dagbag.py:496} INFO - Filling up the DagBag from /home/airflow/.local/lib/python3.6/site-packages/airflow/example_dags/tutorial.py
[2025-02-15 13:56:07,047] {scheduler_job.py:643} INFO - DAG(s) dict_keys(['tutorial']) retrieved from /home/airflow/.local/lib/python3.6/site-packages/airflow/example_dags/tutorial.py
[2025-02-15 13:56:07,078] {logging_mixin.py:104} INFO - [2025-02-15 13:56:07,078] {dag.py:1833} INFO - Sync 1 DAGs
[2025-02-15 13:56:07,097] {logging_mixin.py:104} INFO - [2025-02-15 13:56:07,097] {dag.py:2306} INFO - Setting next_dagrun for tutorial to 2025-02-13 00:00:00+00:00
[2025-02-15 13:56:07,474] {scheduler_job.py:190} INFO - Processing /home/airflow/.local/lib/python3.6/site-packages/airflow/example_dags/tutorial.py took 0.451 seconds
[2025-02-15 13:56:37,537] {scheduler_job.py:182} INFO - Started process (PID=301) to work on /home/airflow/.local/lib/python3.6/site-packages/airflow/example_dags/tutorial.py
[2025-02-15 13:56:37,539] {scheduler_job.py:633} INFO - Processing file /home/airflow/.local/lib/python3.6/site-packages/airflow/example_dags/tutorial.py for tasks to queue
[2025-02-15 13:56:37,540] {logging_mixin.py:104} INFO - [2025-02-15 13:56:37,540] {dagbag.py:496} INFO - Filling up the DagBag from /home/airflow/.local/lib/python3.6/site-packages/airflow/example_dags/tutorial.py
[2025-02-15 13:56:37,562] {scheduler_job.py:643} INFO - DAG(s) dict_keys(['tutorial']) retrieved from /home/airflow/.local/lib/python3.6/site-packages/airflow/example_dags/tutorial.py
[2025-02-15 13:56:37,609] {logging_mixin.py:104} INFO - [2025-02-15 13:56:37,609] {dag.py:1833} INFO - Sync 1 DAGs
[2025-02-15 13:56:37,635] {logging_mixin.py:104} INFO - [2025-02-15 13:56:37,635] {dag.py:2306} INFO - Setting next_dagrun for tutorial to 2025-02-13 00:00:00+00:00
[2025-02-15 13:56:37,655] {scheduler_job.py:190} INFO - Processing /home/airflow/.local/lib/python3.6/site-packages/airflow/example_dags/tutorial.py took 0.123 seconds
[2025-02-15 13:57:07,703] {scheduler_job.py:182} INFO - Started process (PID=362) to work on /home/airflow/.local/lib/python3.6/site-packages/airflow/example_dags/tutorial.py
[2025-02-15 13:57:07,704] {scheduler_job.py:633} INFO - Processing file /home/airflow/.local/lib/python3.6/site-packages/airflow/example_dags/tutorial.py for tasks to queue
[2025-02-15 13:57:07,705] {logging_mixin.py:104} INFO - [2025-02-15 13:57:07,705] {dagbag.py:496} INFO - Filling up the DagBag from /home/airflow/.local/lib/python3.6/site-packages/airflow/example_dags/tutorial.py
[2025-02-15 13:57:07,723] {scheduler_job.py:643} INFO - DAG(s) dict_keys(['tutorial']) retrieved from /home/airflow/.local/lib/python3.6/site-packages/airflow/example_dags/tutorial.py
[2025-02-15 13:57:07,764] {logging_mixin.py:104} INFO - [2025-02-15 13:57:07,764] {dag.py:1833} INFO - Sync 1 DAGs
[2025-02-15 13:57:07,789] {logging_mixin.py:104} INFO - [2025-02-15 13:57:07,789] {dag.py:2306} INFO - Setting next_dagrun for tutorial to 2025-02-13 00:00:00+00:00
[2025-02-15 13:57:07,808] {scheduler_job.py:190} INFO - Processing /home/airflow/.local/lib/python3.6/site-packages/airflow/example_dags/tutorial.py took 0.111 seconds
[2025-02-15 13:57:38,066] {scheduler_job.py:182} INFO - Started process (PID=403) to work on /home/airflow/.local/lib/python3.6/site-packages/airflow/example_dags/tutorial.py
[2025-02-15 13:57:38,070] {scheduler_job.py:633} INFO - Processing file /home/airflow/.local/lib/python3.6/site-packages/airflow/example_dags/tutorial.py for tasks to queue
[2025-02-15 13:57:38,072] {logging_mixin.py:104} INFO - [2025-02-15 13:57:38,071] {dagbag.py:496} INFO - Filling up the DagBag from /home/airflow/.local/lib/python3.6/site-packages/airflow/example_dags/tutorial.py
[2025-02-15 13:57:38,105] {scheduler_job.py:643} INFO - DAG(s) dict_keys(['tutorial']) retrieved from /home/airflow/.local/lib/python3.6/site-packages/airflow/example_dags/tutorial.py
[2025-02-15 13:57:38,178] {logging_mixin.py:104} INFO - [2025-02-15 13:57:38,178] {dag.py:1833} INFO - Sync 1 DAGs
[2025-02-15 13:57:38,224] {logging_mixin.py:104} INFO - [2025-02-15 13:57:38,223] {dag.py:2306} INFO - Setting next_dagrun for tutorial to 2025-02-13 00:00:00+00:00
[2025-02-15 13:57:38,262] {scheduler_job.py:190} INFO - Processing /home/airflow/.local/lib/python3.6/site-packages/airflow/example_dags/tutorial.py took 0.204 seconds
[2025-02-15 13:58:08,355] {scheduler_job.py:182} INFO - Started process (PID=464) to work on /home/airflow/.local/lib/python3.6/site-packages/airflow/example_dags/tutorial.py
[2025-02-15 13:58:08,358] {scheduler_job.py:633} INFO - Processing file /home/airflow/.local/lib/python3.6/site-packages/airflow/example_dags/tutorial.py for tasks to queue
[2025-02-15 13:58:08,360] {logging_mixin.py:104} INFO - [2025-02-15 13:58:08,359] {dagbag.py:496} INFO - Filling up the DagBag from /home/airflow/.local/lib/python3.6/site-packages/airflow/example_dags/tutorial.py
[2025-02-15 13:58:08,387] {scheduler_job.py:643} INFO - DAG(s) dict_keys(['tutorial']) retrieved from /home/airflow/.local/lib/python3.6/site-packages/airflow/example_dags/tutorial.py
[2025-02-15 13:58:08,421] {logging_mixin.py:104} INFO - [2025-02-15 13:58:08,421] {dag.py:1833} INFO - Sync 1 DAGs
[2025-02-15 13:58:08,443] {logging_mixin.py:104} INFO - [2025-02-15 13:58:08,443] {dag.py:2306} INFO - Setting next_dagrun for tutorial to 2025-02-13 00:00:00+00:00
[2025-02-15 13:58:08,459] {scheduler_job.py:190} INFO - Processing /home/airflow/.local/lib/python3.6/site-packages/airflow/example_dags/tutorial.py took 0.110 seconds
[2025-02-15 13:58:38,533] {scheduler_job.py:182} INFO - Started process (PID=515) to work on /home/airflow/.local/lib/python3.6/site-packages/airflow/example_dags/tutorial.py
[2025-02-15 13:58:38,536] {scheduler_job.py:633} INFO - Processing file /home/airflow/.local/lib/python3.6/site-packages/airflow/example_dags/tutorial.py for tasks to queue
[2025-02-15 13:58:38,537] {logging_mixin.py:104} INFO - [2025-02-15 13:58:38,537] {dagbag.py:496} INFO - Filling up the DagBag from /home/airflow/.local/lib/python3.6/site-packages/airflow/example_dags/tutorial.py
[2025-02-15 13:58:38,554] {scheduler_job.py:643} INFO - DAG(s) dict_keys(['tutorial']) retrieved from /home/airflow/.local/lib/python3.6/site-packages/airflow/example_dags/tutorial.py
[2025-02-15 13:58:38,584] {logging_mixin.py:104} INFO - [2025-02-15 13:58:38,584] {dag.py:1833} INFO - Sync 1 DAGs
[2025-02-15 13:58:38,601] {logging_mixin.py:104} INFO - [2025-02-15 13:58:38,601] {dag.py:2306} INFO - Setting next_dagrun for tutorial to 2025-02-13 00:00:00+00:00
[2025-02-15 13:58:38,615] {scheduler_job.py:190} INFO - Processing /home/airflow/.local/lib/python3.6/site-packages/airflow/example_dags/tutorial.py took 0.087 seconds
[2025-02-15 13:59:08,808] {scheduler_job.py:182} INFO - Started process (PID=577) to work on /home/airflow/.local/lib/python3.6/site-packages/airflow/example_dags/tutorial.py
[2025-02-15 13:59:08,815] {scheduler_job.py:633} INFO - Processing file /home/airflow/.local/lib/python3.6/site-packages/airflow/example_dags/tutorial.py for tasks to queue
[2025-02-15 13:59:08,819] {logging_mixin.py:104} INFO - [2025-02-15 13:59:08,819] {dagbag.py:496} INFO - Filling up the DagBag from /home/airflow/.local/lib/python3.6/site-packages/airflow/example_dags/tutorial.py
[2025-02-15 13:59:08,840] {scheduler_job.py:643} INFO - DAG(s) dict_keys(['tutorial']) retrieved from /home/airflow/.local/lib/python3.6/site-packages/airflow/example_dags/tutorial.py
[2025-02-15 13:59:08,869] {logging_mixin.py:104} INFO - [2025-02-15 13:59:08,869] {dag.py:1833} INFO - Sync 1 DAGs
[2025-02-15 13:59:08,887] {logging_mixin.py:104} INFO - [2025-02-15 13:59:08,887] {dag.py:2306} INFO - Setting next_dagrun for tutorial to 2025-02-13 00:00:00+00:00
[2025-02-15 13:59:08,901] {scheduler_job.py:190} INFO - Processing /home/airflow/.local/lib/python3.6/site-packages/airflow/example_dags/tutorial.py took 0.108 seconds
[2025-02-15 13:59:39,320] {scheduler_job.py:182} INFO - Started process (PID=629) to work on /home/airflow/.local/lib/python3.6/site-packages/airflow/example_dags/tutorial.py
[2025-02-15 13:59:39,326] {scheduler_job.py:633} INFO - Processing file /home/airflow/.local/lib/python3.6/site-packages/airflow/example_dags/tutorial.py for tasks to queue
[2025-02-15 13:59:39,328] {logging_mixin.py:104} INFO - [2025-02-15 13:59:39,328] {dagbag.py:496} INFO - Filling up the DagBag from /home/airflow/.local/lib/python3.6/site-packages/airflow/example_dags/tutorial.py
[2025-02-15 13:59:39,356] {scheduler_job.py:643} INFO - DAG(s) dict_keys(['tutorial']) retrieved from /home/airflow/.local/lib/python3.6/site-packages/airflow/example_dags/tutorial.py
[2025-02-15 13:59:39,405] {logging_mixin.py:104} INFO - [2025-02-15 13:59:39,405] {dag.py:1833} INFO - Sync 1 DAGs
[2025-02-15 13:59:39,430] {logging_mixin.py:104} INFO - [2025-02-15 13:59:39,430] {dag.py:2306} INFO - Setting next_dagrun for tutorial to 2025-02-13 00:00:00+00:00
[2025-02-15 13:59:39,449] {scheduler_job.py:190} INFO - Processing /home/airflow/.local/lib/python3.6/site-packages/airflow/example_dags/tutorial.py took 0.139 seconds
[2025-02-15 14:00:09,717] {scheduler_job.py:182} INFO - Started process (PID=691) to work on /home/airflow/.local/lib/python3.6/site-packages/airflow/example_dags/tutorial.py
[2025-02-15 14:00:09,720] {scheduler_job.py:633} INFO - Processing file /home/airflow/.local/lib/python3.6/site-packages/airflow/example_dags/tutorial.py for tasks to queue
[2025-02-15 14:00:09,721] {logging_mixin.py:104} INFO - [2025-02-15 14:00:09,721] {dagbag.py:496} INFO - Filling up the DagBag from /home/airflow/.local/lib/python3.6/site-packages/airflow/example_dags/tutorial.py
[2025-02-15 14:00:09,749] {scheduler_job.py:643} INFO - DAG(s) dict_keys(['tutorial']) retrieved from /home/airflow/.local/lib/python3.6/site-packages/airflow/example_dags/tutorial.py
[2025-02-15 14:00:09,803] {logging_mixin.py:104} INFO - [2025-02-15 14:00:09,803] {dag.py:1833} INFO - Sync 1 DAGs
[2025-02-15 14:00:09,837] {logging_mixin.py:104} INFO - [2025-02-15 14:00:09,836] {dag.py:2306} INFO - Setting next_dagrun for tutorial to 2025-02-13 00:00:00+00:00
[2025-02-15 14:00:09,861] {scheduler_job.py:190} INFO - Processing /home/airflow/.local/lib/python3.6/site-packages/airflow/example_dags/tutorial.py took 0.155 seconds
[2025-02-15 14:01:28,154] {scheduler_job.py:182} INFO - Started process (PID=58) to work on /home/airflow/.local/lib/python3.6/site-packages/airflow/example_dags/tutorial.py
[2025-02-15 14:01:28,157] {scheduler_job.py:633} INFO - Processing file /home/airflow/.local/lib/python3.6/site-packages/airflow/example_dags/tutorial.py for tasks to queue
[2025-02-15 14:01:28,159] {logging_mixin.py:104} INFO - [2025-02-15 14:01:28,158] {dagbag.py:496} INFO - Filling up the DagBag from /home/airflow/.local/lib/python3.6/site-packages/airflow/example_dags/tutorial.py
[2025-02-15 14:01:28,209] {scheduler_job.py:643} INFO - DAG(s) dict_keys(['tutorial']) retrieved from /home/airflow/.local/lib/python3.6/site-packages/airflow/example_dags/tutorial.py
[2025-02-15 14:01:28,309] {logging_mixin.py:104} INFO - [2025-02-15 14:01:28,309] {dag.py:1833} INFO - Sync 1 DAGs
[2025-02-15 14:01:28,353] {logging_mixin.py:104} INFO - [2025-02-15 14:01:28,353] {dag.py:2306} INFO - Setting next_dagrun for tutorial to 2025-02-13 00:00:00+00:00
[2025-02-15 14:01:28,382] {scheduler_job.py:190} INFO - Processing /home/airflow/.local/lib/python3.6/site-packages/airflow/example_dags/tutorial.py took 0.241 seconds
[2025-02-15 14:01:58,798] {scheduler_job.py:182} INFO - Started process (PID=110) to work on /home/airflow/.local/lib/python3.6/site-packages/airflow/example_dags/tutorial.py
[2025-02-15 14:01:58,802] {scheduler_job.py:633} INFO - Processing file /home/airflow/.local/lib/python3.6/site-packages/airflow/example_dags/tutorial.py for tasks to queue
[2025-02-15 14:01:58,804] {logging_mixin.py:104} INFO - [2025-02-15 14:01:58,804] {dagbag.py:496} INFO - Filling up the DagBag from /home/airflow/.local/lib/python3.6/site-packages/airflow/example_dags/tutorial.py
[2025-02-15 14:01:58,908] {scheduler_job.py:643} INFO - DAG(s) dict_keys(['tutorial']) retrieved from /home/airflow/.local/lib/python3.6/site-packages/airflow/example_dags/tutorial.py
[2025-02-15 14:02:00,356] {logging_mixin.py:104} INFO - [2025-02-15 14:02:00,356] {process_utils.py:207} INFO - Waiting up to 5 seconds for processes to exit...
[2025-02-15 14:06:14,933] {scheduler_job.py:182} INFO - Started process (PID=120) to work on /home/airflow/.local/lib/python3.6/site-packages/airflow/example_dags/tutorial.py
[2025-02-15 14:06:14,937] {scheduler_job.py:633} INFO - Processing file /home/airflow/.local/lib/python3.6/site-packages/airflow/example_dags/tutorial.py for tasks to queue
[2025-02-15 14:06:14,940] {logging_mixin.py:104} INFO - [2025-02-15 14:06:14,939] {dagbag.py:496} INFO - Filling up the DagBag from /home/airflow/.local/lib/python3.6/site-packages/airflow/example_dags/tutorial.py
[2025-02-15 14:06:14,993] {scheduler_job.py:643} INFO - DAG(s) dict_keys(['tutorial']) retrieved from /home/airflow/.local/lib/python3.6/site-packages/airflow/example_dags/tutorial.py
[2025-02-15 14:06:23,995] {logging_mixin.py:104} INFO - [2025-02-15 14:06:23,992] {dag.py:1833} INFO - Sync 1 DAGs
[2025-02-15 14:06:24,031] {logging_mixin.py:104} INFO - [2025-02-15 14:06:24,025] {dag.py:1852} INFO - Creating ORM DAG for tutorial
[2025-02-15 14:06:24,046] {logging_mixin.py:104} INFO - [2025-02-15 14:06:24,046] {dag.py:2306} INFO - Setting next_dagrun for tutorial to 2025-02-13 00:00:00+00:00
[2025-02-15 14:06:24,089] {scheduler_job.py:190} INFO - Processing /home/airflow/.local/lib/python3.6/site-packages/airflow/example_dags/tutorial.py took 10.939 seconds
[2025-02-15 14:07:48,642] {scheduler_job.py:182} INFO - Started process (PID=410) to work on /home/airflow/.local/lib/python3.6/site-packages/airflow/example_dags/tutorial.py
[2025-02-15 14:07:48,645] {scheduler_job.py:633} INFO - Processing file /home/airflow/.local/lib/python3.6/site-packages/airflow/example_dags/tutorial.py for tasks to queue
[2025-02-15 14:07:48,647] {logging_mixin.py:104} INFO - [2025-02-15 14:07:48,646] {dagbag.py:496} INFO - Filling up the DagBag from /home/airflow/.local/lib/python3.6/site-packages/airflow/example_dags/tutorial.py
[2025-02-15 14:07:48,690] {scheduler_job.py:643} INFO - DAG(s) dict_keys(['tutorial']) retrieved from /home/airflow/.local/lib/python3.6/site-packages/airflow/example_dags/tutorial.py
[2025-02-15 14:07:48,753] {logging_mixin.py:104} INFO - [2025-02-15 14:07:48,752] {dag.py:1833} INFO - Sync 1 DAGs
[2025-02-15 14:07:48,789] {logging_mixin.py:104} INFO - [2025-02-15 14:07:48,789] {dag.py:2306} INFO - Setting next_dagrun for tutorial to 2025-02-13 00:00:00+00:00
[2025-02-15 14:07:48,811] {scheduler_job.py:190} INFO - Processing /home/airflow/.local/lib/python3.6/site-packages/airflow/example_dags/tutorial.py took 0.176 seconds
[2025-02-15 14:08:19,072] {scheduler_job.py:182} INFO - Started process (PID=469) to work on /home/airflow/.local/lib/python3.6/site-packages/airflow/example_dags/tutorial.py
[2025-02-15 14:08:19,073] {scheduler_job.py:633} INFO - Processing file /home/airflow/.local/lib/python3.6/site-packages/airflow/example_dags/tutorial.py for tasks to queue
[2025-02-15 14:08:19,075] {logging_mixin.py:104} INFO - [2025-02-15 14:08:19,074] {dagbag.py:496} INFO - Filling up the DagBag from /home/airflow/.local/lib/python3.6/site-packages/airflow/example_dags/tutorial.py
[2025-02-15 14:08:19,097] {scheduler_job.py:643} INFO - DAG(s) dict_keys(['tutorial']) retrieved from /home/airflow/.local/lib/python3.6/site-packages/airflow/example_dags/tutorial.py
[2025-02-15 14:08:19,135] {logging_mixin.py:104} INFO - [2025-02-15 14:08:19,135] {dag.py:1833} INFO - Sync 1 DAGs
[2025-02-15 14:08:19,159] {logging_mixin.py:104} INFO - [2025-02-15 14:08:19,159] {dag.py:2306} INFO - Setting next_dagrun for tutorial to 2025-02-13 00:00:00+00:00
[2025-02-15 14:08:19,176] {scheduler_job.py:190} INFO - Processing /home/airflow/.local/lib/python3.6/site-packages/airflow/example_dags/tutorial.py took 0.108 seconds
[2025-02-15 14:08:49,345] {scheduler_job.py:182} INFO - Started process (PID=523) to work on /home/airflow/.local/lib/python3.6/site-packages/airflow/example_dags/tutorial.py
[2025-02-15 14:08:49,348] {scheduler_job.py:633} INFO - Processing file /home/airflow/.local/lib/python3.6/site-packages/airflow/example_dags/tutorial.py for tasks to queue
[2025-02-15 14:08:49,349] {logging_mixin.py:104} INFO - [2025-02-15 14:08:49,349] {dagbag.py:496} INFO - Filling up the DagBag from /home/airflow/.local/lib/python3.6/site-packages/airflow/example_dags/tutorial.py
[2025-02-15 14:08:49,387] {scheduler_job.py:643} INFO - DAG(s) dict_keys(['tutorial']) retrieved from /home/airflow/.local/lib/python3.6/site-packages/airflow/example_dags/tutorial.py
[2025-02-15 14:08:49,456] {logging_mixin.py:104} INFO - [2025-02-15 14:08:49,455] {dag.py:1833} INFO - Sync 1 DAGs
[2025-02-15 14:08:49,494] {logging_mixin.py:104} INFO - [2025-02-15 14:08:49,494] {dag.py:2306} INFO - Setting next_dagrun for tutorial to 2025-02-13 00:00:00+00:00
[2025-02-15 14:08:49,521] {scheduler_job.py:190} INFO - Processing /home/airflow/.local/lib/python3.6/site-packages/airflow/example_dags/tutorial.py took 0.187 seconds
[2025-02-15 14:09:19,879] {scheduler_job.py:182} INFO - Started process (PID=585) to work on /home/airflow/.local/lib/python3.6/site-packages/airflow/example_dags/tutorial.py
[2025-02-15 14:09:19,880] {scheduler_job.py:633} INFO - Processing file /home/airflow/.local/lib/python3.6/site-packages/airflow/example_dags/tutorial.py for tasks to queue
[2025-02-15 14:09:19,881] {logging_mixin.py:104} INFO - [2025-02-15 14:09:19,881] {dagbag.py:496} INFO - Filling up the DagBag from /home/airflow/.local/lib/python3.6/site-packages/airflow/example_dags/tutorial.py
[2025-02-15 14:09:19,897] {scheduler_job.py:643} INFO - DAG(s) dict_keys(['tutorial']) retrieved from /home/airflow/.local/lib/python3.6/site-packages/airflow/example_dags/tutorial.py
[2025-02-15 14:09:19,926] {logging_mixin.py:104} INFO - [2025-02-15 14:09:19,926] {dag.py:1833} INFO - Sync 1 DAGs
[2025-02-15 14:09:19,944] {logging_mixin.py:104} INFO - [2025-02-15 14:09:19,944] {dag.py:2306} INFO - Setting next_dagrun for tutorial to 2025-02-13 00:00:00+00:00
[2025-02-15 14:09:19,958] {scheduler_job.py:190} INFO - Processing /home/airflow/.local/lib/python3.6/site-packages/airflow/example_dags/tutorial.py took 0.084 seconds
[2025-02-15 14:09:50,243] {scheduler_job.py:182} INFO - Started process (PID=637) to work on /home/airflow/.local/lib/python3.6/site-packages/airflow/example_dags/tutorial.py
[2025-02-15 14:09:50,244] {scheduler_job.py:633} INFO - Processing file /home/airflow/.local/lib/python3.6/site-packages/airflow/example_dags/tutorial.py for tasks to queue
[2025-02-15 14:09:50,245] {logging_mixin.py:104} INFO - [2025-02-15 14:09:50,245] {dagbag.py:496} INFO - Filling up the DagBag from /home/airflow/.local/lib/python3.6/site-packages/airflow/example_dags/tutorial.py
[2025-02-15 14:09:50,261] {scheduler_job.py:643} INFO - DAG(s) dict_keys(['tutorial']) retrieved from /home/airflow/.local/lib/python3.6/site-packages/airflow/example_dags/tutorial.py
[2025-02-15 14:09:50,295] {logging_mixin.py:104} INFO - [2025-02-15 14:09:50,294] {dag.py:1833} INFO - Sync 1 DAGs
[2025-02-15 14:09:50,314] {logging_mixin.py:104} INFO - [2025-02-15 14:09:50,314] {dag.py:2306} INFO - Setting next_dagrun for tutorial to 2025-02-13 00:00:00+00:00
[2025-02-15 14:09:50,328] {scheduler_job.py:190} INFO - Processing /home/airflow/.local/lib/python3.6/site-packages/airflow/example_dags/tutorial.py took 0.093 seconds
[2025-02-15 14:10:20,590] {scheduler_job.py:182} INFO - Started process (PID=698) to work on /home/airflow/.local/lib/python3.6/site-packages/airflow/example_dags/tutorial.py
[2025-02-15 14:10:20,592] {scheduler_job.py:633} INFO - Processing file /home/airflow/.local/lib/python3.6/site-packages/airflow/example_dags/tutorial.py for tasks to queue
[2025-02-15 14:10:20,593] {logging_mixin.py:104} INFO - [2025-02-15 14:10:20,593] {dagbag.py:496} INFO - Filling up the DagBag from /home/airflow/.local/lib/python3.6/site-packages/airflow/example_dags/tutorial.py
[2025-02-15 14:10:20,615] {scheduler_job.py:643} INFO - DAG(s) dict_keys(['tutorial']) retrieved from /home/airflow/.local/lib/python3.6/site-packages/airflow/example_dags/tutorial.py
[2025-02-15 14:10:20,658] {logging_mixin.py:104} INFO - [2025-02-15 14:10:20,658] {dag.py:1833} INFO - Sync 1 DAGs
[2025-02-15 14:10:20,691] {logging_mixin.py:104} INFO - [2025-02-15 14:10:20,691] {dag.py:2306} INFO - Setting next_dagrun for tutorial to 2025-02-13 00:00:00+00:00
[2025-02-15 14:10:20,707] {scheduler_job.py:190} INFO - Processing /home/airflow/.local/lib/python3.6/site-packages/airflow/example_dags/tutorial.py took 0.124 seconds
[2025-02-15 14:10:50,962] {scheduler_job.py:182} INFO - Started process (PID=750) to work on /home/airflow/.local/lib/python3.6/site-packages/airflow/example_dags/tutorial.py
[2025-02-15 14:10:50,964] {scheduler_job.py:633} INFO - Processing file /home/airflow/.local/lib/python3.6/site-packages/airflow/example_dags/tutorial.py for tasks to queue
[2025-02-15 14:10:50,965] {logging_mixin.py:104} INFO - [2025-02-15 14:10:50,965] {dagbag.py:496} INFO - Filling up the DagBag from /home/airflow/.local/lib/python3.6/site-packages/airflow/example_dags/tutorial.py
[2025-02-15 14:10:50,984] {scheduler_job.py:643} INFO - DAG(s) dict_keys(['tutorial']) retrieved from /home/airflow/.local/lib/python3.6/site-packages/airflow/example_dags/tutorial.py
[2025-02-15 14:10:51,020] {logging_mixin.py:104} INFO - [2025-02-15 14:10:51,019] {dag.py:1833} INFO - Sync 1 DAGs
[2025-02-15 14:10:51,045] {logging_mixin.py:104} INFO - [2025-02-15 14:10:51,045] {dag.py:2306} INFO - Setting next_dagrun for tutorial to 2025-02-13 00:00:00+00:00
[2025-02-15 14:10:51,062] {scheduler_job.py:190} INFO - Processing /home/airflow/.local/lib/python3.6/site-packages/airflow/example_dags/tutorial.py took 0.105 seconds
[2025-02-15 14:11:21,272] {scheduler_job.py:182} INFO - Started process (PID=811) to work on /home/airflow/.local/lib/python3.6/site-packages/airflow/example_dags/tutorial.py
[2025-02-15 14:11:21,273] {scheduler_job.py:633} INFO - Processing file /home/airflow/.local/lib/python3.6/site-packages/airflow/example_dags/tutorial.py for tasks to queue
[2025-02-15 14:11:21,274] {logging_mixin.py:104} INFO - [2025-02-15 14:11:21,274] {dagbag.py:496} INFO - Filling up the DagBag from /home/airflow/.local/lib/python3.6/site-packages/airflow/example_dags/tutorial.py
[2025-02-15 14:11:21,289] {scheduler_job.py:643} INFO - DAG(s) dict_keys(['tutorial']) retrieved from /home/airflow/.local/lib/python3.6/site-packages/airflow/example_dags/tutorial.py
[2025-02-15 14:11:21,320] {logging_mixin.py:104} INFO - [2025-02-15 14:11:21,319] {dag.py:1833} INFO - Sync 1 DAGs
[2025-02-15 14:11:21,338] {logging_mixin.py:104} INFO - [2025-02-15 14:11:21,338] {dag.py:2306} INFO - Setting next_dagrun for tutorial to 2025-02-13 00:00:00+00:00
[2025-02-15 14:11:21,351] {scheduler_job.py:190} INFO - Processing /home/airflow/.local/lib/python3.6/site-packages/airflow/example_dags/tutorial.py took 0.084 seconds
[2025-02-15 14:11:52,100] {scheduler_job.py:182} INFO - Started process (PID=864) to work on /home/airflow/.local/lib/python3.6/site-packages/airflow/example_dags/tutorial.py
[2025-02-15 14:11:52,104] {scheduler_job.py:633} INFO - Processing file /home/airflow/.local/lib/python3.6/site-packages/airflow/example_dags/tutorial.py for tasks to queue
[2025-02-15 14:11:52,105] {logging_mixin.py:104} INFO - [2025-02-15 14:11:52,105] {dagbag.py:496} INFO - Filling up the DagBag from /home/airflow/.local/lib/python3.6/site-packages/airflow/example_dags/tutorial.py
[2025-02-15 14:11:52,129] {scheduler_job.py:643} INFO - DAG(s) dict_keys(['tutorial']) retrieved from /home/airflow/.local/lib/python3.6/site-packages/airflow/example_dags/tutorial.py
[2025-02-15 14:11:52,178] {logging_mixin.py:104} INFO - [2025-02-15 14:11:52,178] {dag.py:1833} INFO - Sync 1 DAGs
[2025-02-15 14:11:52,211] {logging_mixin.py:104} INFO - [2025-02-15 14:11:52,211] {dag.py:2306} INFO - Setting next_dagrun for tutorial to 2025-02-13 00:00:00+00:00
[2025-02-15 14:11:52,234] {scheduler_job.py:190} INFO - Processing /home/airflow/.local/lib/python3.6/site-packages/airflow/example_dags/tutorial.py took 0.140 seconds
[2025-02-15 14:12:22,345] {scheduler_job.py:182} INFO - Started process (PID=926) to work on /home/airflow/.local/lib/python3.6/site-packages/airflow/example_dags/tutorial.py
[2025-02-15 14:12:22,347] {scheduler_job.py:633} INFO - Processing file /home/airflow/.local/lib/python3.6/site-packages/airflow/example_dags/tutorial.py for tasks to queue
[2025-02-15 14:12:22,347] {logging_mixin.py:104} INFO - [2025-02-15 14:12:22,347] {dagbag.py:496} INFO - Filling up the DagBag from /home/airflow/.local/lib/python3.6/site-packages/airflow/example_dags/tutorial.py
[2025-02-15 14:12:22,360] {scheduler_job.py:643} INFO - DAG(s) dict_keys(['tutorial']) retrieved from /home/airflow/.local/lib/python3.6/site-packages/airflow/example_dags/tutorial.py
[2025-02-15 14:12:22,387] {logging_mixin.py:104} INFO - [2025-02-15 14:12:22,387] {dag.py:1833} INFO - Sync 1 DAGs
[2025-02-15 14:12:22,402] {logging_mixin.py:104} INFO - [2025-02-15 14:12:22,402] {dag.py:2306} INFO - Setting next_dagrun for tutorial to 2025-02-13 00:00:00+00:00
[2025-02-15 14:12:22,416] {scheduler_job.py:190} INFO - Processing /home/airflow/.local/lib/python3.6/site-packages/airflow/example_dags/tutorial.py took 0.075 seconds
[2025-02-15 14:12:53,128] {scheduler_job.py:182} INFO - Started process (PID=979) to work on /home/airflow/.local/lib/python3.6/site-packages/airflow/example_dags/tutorial.py
[2025-02-15 14:12:53,129] {scheduler_job.py:633} INFO - Processing file /home/airflow/.local/lib/python3.6/site-packages/airflow/example_dags/tutorial.py for tasks to queue
[2025-02-15 14:12:53,130] {logging_mixin.py:104} INFO - [2025-02-15 14:12:53,130] {dagbag.py:496} INFO - Filling up the DagBag from /home/airflow/.local/lib/python3.6/site-packages/airflow/example_dags/tutorial.py
[2025-02-15 14:12:53,144] {scheduler_job.py:643} INFO - DAG(s) dict_keys(['tutorial']) retrieved from /home/airflow/.local/lib/python3.6/site-packages/airflow/example_dags/tutorial.py
[2025-02-15 14:12:53,175] {logging_mixin.py:104} INFO - [2025-02-15 14:12:53,175] {dag.py:1833} INFO - Sync 1 DAGs
[2025-02-15 14:12:53,194] {logging_mixin.py:104} INFO - [2025-02-15 14:12:53,194] {dag.py:2306} INFO - Setting next_dagrun for tutorial to 2025-02-13 00:00:00+00:00
[2025-02-15 14:12:53,209] {scheduler_job.py:190} INFO - Processing /home/airflow/.local/lib/python3.6/site-packages/airflow/example_dags/tutorial.py took 0.086 seconds
[2025-02-15 14:13:23,489] {scheduler_job.py:182} INFO - Started process (PID=1040) to work on /home/airflow/.local/lib/python3.6/site-packages/airflow/example_dags/tutorial.py
[2025-02-15 14:13:23,490] {scheduler_job.py:633} INFO - Processing file /home/airflow/.local/lib/python3.6/site-packages/airflow/example_dags/tutorial.py for tasks to queue
[2025-02-15 14:13:23,491] {logging_mixin.py:104} INFO - [2025-02-15 14:13:23,491] {dagbag.py:496} INFO - Filling up the DagBag from /home/airflow/.local/lib/python3.6/site-packages/airflow/example_dags/tutorial.py
[2025-02-15 14:13:23,507] {scheduler_job.py:643} INFO - DAG(s) dict_keys(['tutorial']) retrieved from /home/airflow/.local/lib/python3.6/site-packages/airflow/example_dags/tutorial.py
[2025-02-15 14:13:23,546] {logging_mixin.py:104} INFO - [2025-02-15 14:13:23,546] {dag.py:1833} INFO - Sync 1 DAGs
[2025-02-15 14:13:23,568] {logging_mixin.py:104} INFO - [2025-02-15 14:13:23,568] {dag.py:2306} INFO - Setting next_dagrun for tutorial to 2025-02-13 00:00:00+00:00
[2025-02-15 14:13:23,584] {scheduler_job.py:190} INFO - Processing /home/airflow/.local/lib/python3.6/site-packages/airflow/example_dags/tutorial.py took 0.099 seconds
[2025-02-15 14:13:54,001] {scheduler_job.py:182} INFO - Started process (PID=1093) to work on /home/airflow/.local/lib/python3.6/site-packages/airflow/example_dags/tutorial.py
[2025-02-15 14:13:54,003] {scheduler_job.py:633} INFO - Processing file /home/airflow/.local/lib/python3.6/site-packages/airflow/example_dags/tutorial.py for tasks to queue
[2025-02-15 14:13:54,004] {logging_mixin.py:104} INFO - [2025-02-15 14:13:54,004] {dagbag.py:496} INFO - Filling up the DagBag from /home/airflow/.local/lib/python3.6/site-packages/airflow/example_dags/tutorial.py
[2025-02-15 14:13:54,025] {scheduler_job.py:643} INFO - DAG(s) dict_keys(['tutorial']) retrieved from /home/airflow/.local/lib/python3.6/site-packages/airflow/example_dags/tutorial.py
[2025-02-15 14:13:54,061] {logging_mixin.py:104} INFO - [2025-02-15 14:13:54,061] {dag.py:1833} INFO - Sync 1 DAGs
[2025-02-15 14:13:54,083] {logging_mixin.py:104} INFO - [2025-02-15 14:13:54,083] {dag.py:2306} INFO - Setting next_dagrun for tutorial to 2025-02-13 00:00:00+00:00
[2025-02-15 14:13:54,100] {scheduler_job.py:190} INFO - Processing /home/airflow/.local/lib/python3.6/site-packages/airflow/example_dags/tutorial.py took 0.107 seconds
[2025-02-15 14:15:04,860] {scheduler_job.py:182} INFO - Started process (PID=59) to work on /home/airflow/.local/lib/python3.6/site-packages/airflow/example_dags/tutorial.py
[2025-02-15 14:15:04,866] {scheduler_job.py:633} INFO - Processing file /home/airflow/.local/lib/python3.6/site-packages/airflow/example_dags/tutorial.py for tasks to queue
[2025-02-15 14:15:04,868] {logging_mixin.py:104} INFO - [2025-02-15 14:15:04,867] {dagbag.py:496} INFO - Filling up the DagBag from /home/airflow/.local/lib/python3.6/site-packages/airflow/example_dags/tutorial.py
[2025-02-15 14:15:04,913] {scheduler_job.py:643} INFO - DAG(s) dict_keys(['tutorial']) retrieved from /home/airflow/.local/lib/python3.6/site-packages/airflow/example_dags/tutorial.py
[2025-02-15 14:15:05,103] {logging_mixin.py:104} INFO - [2025-02-15 14:15:05,102] {dag.py:1833} INFO - Sync 1 DAGs
[2025-02-15 14:15:05,265] {logging_mixin.py:104} INFO - [2025-02-15 14:15:05,265] {dag.py:2306} INFO - Setting next_dagrun for tutorial to 2025-02-13 00:00:00+00:00
[2025-02-15 14:15:05,302] {scheduler_job.py:190} INFO - Processing /home/airflow/.local/lib/python3.6/site-packages/airflow/example_dags/tutorial.py took 0.450 seconds
[2025-02-15 14:15:36,224] {scheduler_job.py:182} INFO - Started process (PID=111) to work on /home/airflow/.local/lib/python3.6/site-packages/airflow/example_dags/tutorial.py
[2025-02-15 14:15:36,229] {scheduler_job.py:633} INFO - Processing file /home/airflow/.local/lib/python3.6/site-packages/airflow/example_dags/tutorial.py for tasks to queue
[2025-02-15 14:15:36,234] {logging_mixin.py:104} INFO - [2025-02-15 14:15:36,231] {dagbag.py:496} INFO - Filling up the DagBag from /home/airflow/.local/lib/python3.6/site-packages/airflow/example_dags/tutorial.py
[2025-02-15 14:15:36,282] {scheduler_job.py:643} INFO - DAG(s) dict_keys(['tutorial']) retrieved from /home/airflow/.local/lib/python3.6/site-packages/airflow/example_dags/tutorial.py
[2025-02-15 14:15:36,401] {logging_mixin.py:104} INFO - [2025-02-15 14:15:36,401] {dag.py:1833} INFO - Sync 1 DAGs
[2025-02-15 14:15:36,525] {logging_mixin.py:104} INFO - [2025-02-15 14:15:36,525] {dag.py:2306} INFO - Setting next_dagrun for tutorial to 2025-02-13 00:00:00+00:00
[2025-02-15 14:15:36,567] {scheduler_job.py:190} INFO - Processing /home/airflow/.local/lib/python3.6/site-packages/airflow/example_dags/tutorial.py took 0.356 seconds
[2025-02-15 14:21:11,613] {scheduler_job.py:182} INFO - Started process (PID=157) to work on /home/airflow/.local/lib/python3.6/site-packages/airflow/example_dags/tutorial.py
[2025-02-15 14:21:11,636] {scheduler_job.py:633} INFO - Processing file /home/airflow/.local/lib/python3.6/site-packages/airflow/example_dags/tutorial.py for tasks to queue
[2025-02-15 14:21:11,640] {logging_mixin.py:104} INFO - [2025-02-15 14:21:11,639] {dagbag.py:496} INFO - Filling up the DagBag from /home/airflow/.local/lib/python3.6/site-packages/airflow/example_dags/tutorial.py
[2025-02-15 14:21:11,811] {scheduler_job.py:643} INFO - DAG(s) dict_keys(['tutorial']) retrieved from /home/airflow/.local/lib/python3.6/site-packages/airflow/example_dags/tutorial.py
[2025-02-15 14:21:11,966] {logging_mixin.py:104} INFO - [2025-02-15 14:21:11,965] {dag.py:1833} INFO - Sync 1 DAGs
[2025-02-15 14:21:12,008] {logging_mixin.py:104} INFO - [2025-02-15 14:21:12,007] {dag.py:2306} INFO - Setting next_dagrun for tutorial to 2025-02-13 00:00:00+00:00
[2025-02-15 14:21:12,049] {scheduler_job.py:190} INFO - Processing /home/airflow/.local/lib/python3.6/site-packages/airflow/example_dags/tutorial.py took 0.483 seconds
[2025-02-15 14:21:42,269] {scheduler_job.py:182} INFO - Started process (PID=209) to work on /home/airflow/.local/lib/python3.6/site-packages/airflow/example_dags/tutorial.py
[2025-02-15 14:21:42,271] {scheduler_job.py:633} INFO - Processing file /home/airflow/.local/lib/python3.6/site-packages/airflow/example_dags/tutorial.py for tasks to queue
[2025-02-15 14:21:42,272] {logging_mixin.py:104} INFO - [2025-02-15 14:21:42,272] {dagbag.py:496} INFO - Filling up the DagBag from /home/airflow/.local/lib/python3.6/site-packages/airflow/example_dags/tutorial.py
[2025-02-15 14:21:42,298] {scheduler_job.py:643} INFO - DAG(s) dict_keys(['tutorial']) retrieved from /home/airflow/.local/lib/python3.6/site-packages/airflow/example_dags/tutorial.py
[2025-02-15 14:21:42,371] {logging_mixin.py:104} INFO - [2025-02-15 14:21:42,371] {dag.py:1833} INFO - Sync 1 DAGs
[2025-02-15 14:21:42,419] {logging_mixin.py:104} INFO - [2025-02-15 14:21:42,419] {dag.py:2306} INFO - Setting next_dagrun for tutorial to 2025-02-13 00:00:00+00:00
[2025-02-15 14:21:42,448] {scheduler_job.py:190} INFO - Processing /home/airflow/.local/lib/python3.6/site-packages/airflow/example_dags/tutorial.py took 0.189 seconds
[2025-02-15 14:22:12,619] {scheduler_job.py:182} INFO - Started process (PID=259) to work on /home/airflow/.local/lib/python3.6/site-packages/airflow/example_dags/tutorial.py
[2025-02-15 14:22:12,622] {scheduler_job.py:633} INFO - Processing file /home/airflow/.local/lib/python3.6/site-packages/airflow/example_dags/tutorial.py for tasks to queue
[2025-02-15 14:22:12,623] {logging_mixin.py:104} INFO - [2025-02-15 14:22:12,623] {dagbag.py:496} INFO - Filling up the DagBag from /home/airflow/.local/lib/python3.6/site-packages/airflow/example_dags/tutorial.py
[2025-02-15 14:22:12,653] {scheduler_job.py:643} INFO - DAG(s) dict_keys(['tutorial']) retrieved from /home/airflow/.local/lib/python3.6/site-packages/airflow/example_dags/tutorial.py
[2025-02-15 14:22:12,744] {logging_mixin.py:104} INFO - [2025-02-15 14:22:12,744] {dag.py:1833} INFO - Sync 1 DAGs
[2025-02-15 14:22:12,804] {logging_mixin.py:104} INFO - [2025-02-15 14:22:12,803] {dag.py:2306} INFO - Setting next_dagrun for tutorial to 2025-02-13 00:00:00+00:00
[2025-02-15 14:22:12,854] {scheduler_job.py:190} INFO - Processing /home/airflow/.local/lib/python3.6/site-packages/airflow/example_dags/tutorial.py took 0.242 seconds
[2025-02-15 14:22:43,733] {scheduler_job.py:182} INFO - Started process (PID=312) to work on /home/airflow/.local/lib/python3.6/site-packages/airflow/example_dags/tutorial.py
[2025-02-15 14:22:43,740] {scheduler_job.py:633} INFO - Processing file /home/airflow/.local/lib/python3.6/site-packages/airflow/example_dags/tutorial.py for tasks to queue
[2025-02-15 14:22:43,742] {logging_mixin.py:104} INFO - [2025-02-15 14:22:43,742] {dagbag.py:496} INFO - Filling up the DagBag from /home/airflow/.local/lib/python3.6/site-packages/airflow/example_dags/tutorial.py
[2025-02-15 14:22:43,792] {scheduler_job.py:643} INFO - DAG(s) dict_keys(['tutorial']) retrieved from /home/airflow/.local/lib/python3.6/site-packages/airflow/example_dags/tutorial.py
[2025-02-15 14:22:43,876] {logging_mixin.py:104} INFO - [2025-02-15 14:22:43,875] {dag.py:1833} INFO - Sync 1 DAGs
[2025-02-15 14:22:43,912] {logging_mixin.py:104} INFO - [2025-02-15 14:22:43,911] {dag.py:2306} INFO - Setting next_dagrun for tutorial to 2025-02-13 00:00:00+00:00
[2025-02-15 14:22:43,945] {scheduler_job.py:190} INFO - Processing /home/airflow/.local/lib/python3.6/site-packages/airflow/example_dags/tutorial.py took 0.223 seconds
[2025-02-15 14:25:00,963] {scheduler_job.py:182} INFO - Started process (PID=56) to work on /home/airflow/.local/lib/python3.6/site-packages/airflow/example_dags/tutorial.py
[2025-02-15 14:25:00,972] {scheduler_job.py:633} INFO - Processing file /home/airflow/.local/lib/python3.6/site-packages/airflow/example_dags/tutorial.py for tasks to queue
[2025-02-15 14:25:00,975] {logging_mixin.py:104} INFO - [2025-02-15 14:25:00,975] {dagbag.py:496} INFO - Filling up the DagBag from /home/airflow/.local/lib/python3.6/site-packages/airflow/example_dags/tutorial.py
[2025-02-15 14:25:01,070] {scheduler_job.py:643} INFO - DAG(s) dict_keys(['tutorial']) retrieved from /home/airflow/.local/lib/python3.6/site-packages/airflow/example_dags/tutorial.py
[2025-02-15 14:25:01,176] {logging_mixin.py:104} INFO - [2025-02-15 14:25:01,176] {dag.py:1833} INFO - Sync 1 DAGs
[2025-02-15 14:25:01,256] {logging_mixin.py:104} INFO - [2025-02-15 14:25:01,255] {dag.py:2306} INFO - Setting next_dagrun for tutorial to 2025-02-13 00:00:00+00:00
[2025-02-15 14:25:01,295] {scheduler_job.py:190} INFO - Processing /home/airflow/.local/lib/python3.6/site-packages/airflow/example_dags/tutorial.py took 0.342 seconds
[2025-02-15 14:25:31,890] {scheduler_job.py:182} INFO - Started process (PID=101) to work on /home/airflow/.local/lib/python3.6/site-packages/airflow/example_dags/tutorial.py
[2025-02-15 14:25:31,895] {scheduler_job.py:633} INFO - Processing file /home/airflow/.local/lib/python3.6/site-packages/airflow/example_dags/tutorial.py for tasks to queue
[2025-02-15 14:25:31,898] {logging_mixin.py:104} INFO - [2025-02-15 14:25:31,897] {dagbag.py:496} INFO - Filling up the DagBag from /home/airflow/.local/lib/python3.6/site-packages/airflow/example_dags/tutorial.py
[2025-02-15 14:25:31,963] {scheduler_job.py:643} INFO - DAG(s) dict_keys(['tutorial']) retrieved from /home/airflow/.local/lib/python3.6/site-packages/airflow/example_dags/tutorial.py
[2025-02-15 14:25:32,142] {logging_mixin.py:104} INFO - [2025-02-15 14:25:32,142] {dag.py:1833} INFO - Sync 1 DAGs
[2025-02-15 14:25:32,253] {logging_mixin.py:104} INFO - [2025-02-15 14:25:32,252] {dag.py:2306} INFO - Setting next_dagrun for tutorial to 2025-02-13 00:00:00+00:00
[2025-02-15 14:25:32,292] {scheduler_job.py:190} INFO - Processing /home/airflow/.local/lib/python3.6/site-packages/airflow/example_dags/tutorial.py took 0.412 seconds
[2025-02-15 14:26:02,525] {scheduler_job.py:182} INFO - Started process (PID=163) to work on /home/airflow/.local/lib/python3.6/site-packages/airflow/example_dags/tutorial.py
[2025-02-15 14:26:02,528] {scheduler_job.py:633} INFO - Processing file /home/airflow/.local/lib/python3.6/site-packages/airflow/example_dags/tutorial.py for tasks to queue
[2025-02-15 14:26:02,530] {logging_mixin.py:104} INFO - [2025-02-15 14:26:02,530] {dagbag.py:496} INFO - Filling up the DagBag from /home/airflow/.local/lib/python3.6/site-packages/airflow/example_dags/tutorial.py
[2025-02-15 14:26:02,562] {scheduler_job.py:643} INFO - DAG(s) dict_keys(['tutorial']) retrieved from /home/airflow/.local/lib/python3.6/site-packages/airflow/example_dags/tutorial.py
[2025-02-15 14:26:02,623] {logging_mixin.py:104} INFO - [2025-02-15 14:26:02,623] {dag.py:1833} INFO - Sync 1 DAGs
[2025-02-15 14:26:02,656] {logging_mixin.py:104} INFO - [2025-02-15 14:26:02,656] {dag.py:2306} INFO - Setting next_dagrun for tutorial to 2025-02-13 00:00:00+00:00
[2025-02-15 14:26:02,681] {scheduler_job.py:190} INFO - Processing /home/airflow/.local/lib/python3.6/site-packages/airflow/example_dags/tutorial.py took 0.162 seconds
[2025-02-15 14:26:32,939] {scheduler_job.py:182} INFO - Started process (PID=216) to work on /home/airflow/.local/lib/python3.6/site-packages/airflow/example_dags/tutorial.py
[2025-02-15 14:26:32,941] {scheduler_job.py:633} INFO - Processing file /home/airflow/.local/lib/python3.6/site-packages/airflow/example_dags/tutorial.py for tasks to queue
[2025-02-15 14:26:32,942] {logging_mixin.py:104} INFO - [2025-02-15 14:26:32,942] {dagbag.py:496} INFO - Filling up the DagBag from /home/airflow/.local/lib/python3.6/site-packages/airflow/example_dags/tutorial.py
[2025-02-15 14:26:32,958] {scheduler_job.py:643} INFO - DAG(s) dict_keys(['tutorial']) retrieved from /home/airflow/.local/lib/python3.6/site-packages/airflow/example_dags/tutorial.py
[2025-02-15 14:26:32,988] {logging_mixin.py:104} INFO - [2025-02-15 14:26:32,988] {dag.py:1833} INFO - Sync 1 DAGs
[2025-02-15 14:26:33,013] {logging_mixin.py:104} INFO - [2025-02-15 14:26:33,013] {dag.py:2306} INFO - Setting next_dagrun for tutorial to 2025-02-13 00:00:00+00:00
[2025-02-15 14:26:33,027] {scheduler_job.py:190} INFO - Processing /home/airflow/.local/lib/python3.6/site-packages/airflow/example_dags/tutorial.py took 0.092 seconds
[2025-02-15 14:27:03,113] {scheduler_job.py:182} INFO - Started process (PID=268) to work on /home/airflow/.local/lib/python3.6/site-packages/airflow/example_dags/tutorial.py
[2025-02-15 14:27:03,115] {scheduler_job.py:633} INFO - Processing file /home/airflow/.local/lib/python3.6/site-packages/airflow/example_dags/tutorial.py for tasks to queue
[2025-02-15 14:27:03,116] {logging_mixin.py:104} INFO - [2025-02-15 14:27:03,115] {dagbag.py:496} INFO - Filling up the DagBag from /home/airflow/.local/lib/python3.6/site-packages/airflow/example_dags/tutorial.py
[2025-02-15 14:27:03,134] {scheduler_job.py:643} INFO - DAG(s) dict_keys(['tutorial']) retrieved from /home/airflow/.local/lib/python3.6/site-packages/airflow/example_dags/tutorial.py
[2025-02-15 14:27:03,165] {logging_mixin.py:104} INFO - [2025-02-15 14:27:03,165] {dag.py:1833} INFO - Sync 1 DAGs
[2025-02-15 14:27:03,181] {logging_mixin.py:104} INFO - [2025-02-15 14:27:03,181] {dag.py:2306} INFO - Setting next_dagrun for tutorial to 2025-02-13 00:00:00+00:00
[2025-02-15 14:27:03,198] {scheduler_job.py:190} INFO - Processing /home/airflow/.local/lib/python3.6/site-packages/airflow/example_dags/tutorial.py took 0.089 seconds
[2025-02-15 14:27:33,388] {scheduler_job.py:182} INFO - Started process (PID=330) to work on /home/airflow/.local/lib/python3.6/site-packages/airflow/example_dags/tutorial.py
[2025-02-15 14:27:33,390] {scheduler_job.py:633} INFO - Processing file /home/airflow/.local/lib/python3.6/site-packages/airflow/example_dags/tutorial.py for tasks to queue
[2025-02-15 14:27:33,391] {logging_mixin.py:104} INFO - [2025-02-15 14:27:33,391] {dagbag.py:496} INFO - Filling up the DagBag from /home/airflow/.local/lib/python3.6/site-packages/airflow/example_dags/tutorial.py
[2025-02-15 14:27:33,416] {scheduler_job.py:643} INFO - DAG(s) dict_keys(['tutorial']) retrieved from /home/airflow/.local/lib/python3.6/site-packages/airflow/example_dags/tutorial.py
[2025-02-15 14:27:33,465] {logging_mixin.py:104} INFO - [2025-02-15 14:27:33,464] {dag.py:1833} INFO - Sync 1 DAGs
[2025-02-15 14:27:33,491] {logging_mixin.py:104} INFO - [2025-02-15 14:27:33,491] {dag.py:2306} INFO - Setting next_dagrun for tutorial to 2025-02-13 00:00:00+00:00
[2025-02-15 14:27:33,512] {scheduler_job.py:190} INFO - Processing /home/airflow/.local/lib/python3.6/site-packages/airflow/example_dags/tutorial.py took 0.129 seconds
[2025-02-15 14:28:03,890] {scheduler_job.py:182} INFO - Started process (PID=382) to work on /home/airflow/.local/lib/python3.6/site-packages/airflow/example_dags/tutorial.py
[2025-02-15 14:28:03,891] {scheduler_job.py:633} INFO - Processing file /home/airflow/.local/lib/python3.6/site-packages/airflow/example_dags/tutorial.py for tasks to queue
[2025-02-15 14:28:03,892] {logging_mixin.py:104} INFO - [2025-02-15 14:28:03,891] {dagbag.py:496} INFO - Filling up the DagBag from /home/airflow/.local/lib/python3.6/site-packages/airflow/example_dags/tutorial.py
[2025-02-15 14:28:03,905] {scheduler_job.py:643} INFO - DAG(s) dict_keys(['tutorial']) retrieved from /home/airflow/.local/lib/python3.6/site-packages/airflow/example_dags/tutorial.py
[2025-02-15 14:28:03,933] {logging_mixin.py:104} INFO - [2025-02-15 14:28:03,933] {dag.py:1833} INFO - Sync 1 DAGs
[2025-02-15 14:28:03,948] {logging_mixin.py:104} INFO - [2025-02-15 14:28:03,948] {dag.py:2306} INFO - Setting next_dagrun for tutorial to 2025-02-13 00:00:00+00:00
[2025-02-15 14:28:03,963] {scheduler_job.py:190} INFO - Processing /home/airflow/.local/lib/python3.6/site-packages/airflow/example_dags/tutorial.py took 0.077 seconds
[2025-02-15 14:28:34,165] {scheduler_job.py:182} INFO - Started process (PID=444) to work on /home/airflow/.local/lib/python3.6/site-packages/airflow/example_dags/tutorial.py
[2025-02-15 14:28:34,168] {scheduler_job.py:633} INFO - Processing file /home/airflow/.local/lib/python3.6/site-packages/airflow/example_dags/tutorial.py for tasks to queue
[2025-02-15 14:28:34,169] {logging_mixin.py:104} INFO - [2025-02-15 14:28:34,169] {dagbag.py:496} INFO - Filling up the DagBag from /home/airflow/.local/lib/python3.6/site-packages/airflow/example_dags/tutorial.py
[2025-02-15 14:28:34,194] {scheduler_job.py:643} INFO - DAG(s) dict_keys(['tutorial']) retrieved from /home/airflow/.local/lib/python3.6/site-packages/airflow/example_dags/tutorial.py
[2025-02-15 14:28:34,230] {logging_mixin.py:104} INFO - [2025-02-15 14:28:34,229] {dag.py:1833} INFO - Sync 1 DAGs
[2025-02-15 14:28:34,250] {logging_mixin.py:104} INFO - [2025-02-15 14:28:34,249] {dag.py:2306} INFO - Setting next_dagrun for tutorial to 2025-02-13 00:00:00+00:00
[2025-02-15 14:28:34,268] {scheduler_job.py:190} INFO - Processing /home/airflow/.local/lib/python3.6/site-packages/airflow/example_dags/tutorial.py took 0.111 seconds
[2025-02-15 14:29:04,686] {scheduler_job.py:182} INFO - Started process (PID=496) to work on /home/airflow/.local/lib/python3.6/site-packages/airflow/example_dags/tutorial.py
[2025-02-15 14:29:04,689] {scheduler_job.py:633} INFO - Processing file /home/airflow/.local/lib/python3.6/site-packages/airflow/example_dags/tutorial.py for tasks to queue
[2025-02-15 14:29:04,690] {logging_mixin.py:104} INFO - [2025-02-15 14:29:04,690] {dagbag.py:496} INFO - Filling up the DagBag from /home/airflow/.local/lib/python3.6/site-packages/airflow/example_dags/tutorial.py
[2025-02-15 14:29:04,715] {scheduler_job.py:643} INFO - DAG(s) dict_keys(['tutorial']) retrieved from /home/airflow/.local/lib/python3.6/site-packages/airflow/example_dags/tutorial.py
[2025-02-15 14:29:04,757] {logging_mixin.py:104} INFO - [2025-02-15 14:29:04,757] {dag.py:1833} INFO - Sync 1 DAGs
[2025-02-15 14:29:04,777] {logging_mixin.py:104} INFO - [2025-02-15 14:29:04,777] {dag.py:2306} INFO - Setting next_dagrun for tutorial to 2025-02-13 00:00:00+00:00
[2025-02-15 14:29:04,797] {scheduler_job.py:190} INFO - Processing /home/airflow/.local/lib/python3.6/site-packages/airflow/example_dags/tutorial.py took 0.119 seconds
[2025-02-15 14:29:35,237] {scheduler_job.py:182} INFO - Started process (PID=556) to work on /home/airflow/.local/lib/python3.6/site-packages/airflow/example_dags/tutorial.py
[2025-02-15 14:29:35,240] {scheduler_job.py:633} INFO - Processing file /home/airflow/.local/lib/python3.6/site-packages/airflow/example_dags/tutorial.py for tasks to queue
[2025-02-15 14:29:35,243] {logging_mixin.py:104} INFO - [2025-02-15 14:29:35,242] {dagbag.py:496} INFO - Filling up the DagBag from /home/airflow/.local/lib/python3.6/site-packages/airflow/example_dags/tutorial.py
[2025-02-15 14:29:35,283] {scheduler_job.py:643} INFO - DAG(s) dict_keys(['tutorial']) retrieved from /home/airflow/.local/lib/python3.6/site-packages/airflow/example_dags/tutorial.py
[2025-02-15 14:29:35,347] {logging_mixin.py:104} INFO - [2025-02-15 14:29:35,346] {dag.py:1833} INFO - Sync 1 DAGs
[2025-02-15 14:29:35,379] {logging_mixin.py:104} INFO - [2025-02-15 14:29:35,378] {dag.py:2306} INFO - Setting next_dagrun for tutorial to 2025-02-13 00:00:00+00:00
[2025-02-15 14:29:35,412] {scheduler_job.py:190} INFO - Processing /home/airflow/.local/lib/python3.6/site-packages/airflow/example_dags/tutorial.py took 0.183 seconds
[2025-02-15 14:30:06,418] {scheduler_job.py:182} INFO - Started process (PID=609) to work on /home/airflow/.local/lib/python3.6/site-packages/airflow/example_dags/tutorial.py
[2025-02-15 14:30:06,422] {scheduler_job.py:633} INFO - Processing file /home/airflow/.local/lib/python3.6/site-packages/airflow/example_dags/tutorial.py for tasks to queue
[2025-02-15 14:30:06,425] {logging_mixin.py:104} INFO - [2025-02-15 14:30:06,425] {dagbag.py:496} INFO - Filling up the DagBag from /home/airflow/.local/lib/python3.6/site-packages/airflow/example_dags/tutorial.py
[2025-02-15 14:30:06,468] {scheduler_job.py:643} INFO - DAG(s) dict_keys(['tutorial']) retrieved from /home/airflow/.local/lib/python3.6/site-packages/airflow/example_dags/tutorial.py
[2025-02-15 14:30:06,543] {logging_mixin.py:104} INFO - [2025-02-15 14:30:06,543] {dag.py:1833} INFO - Sync 1 DAGs
[2025-02-15 14:30:06,589] {logging_mixin.py:104} INFO - [2025-02-15 14:30:06,588] {dag.py:2306} INFO - Setting next_dagrun for tutorial to 2025-02-13 00:00:00+00:00
[2025-02-15 14:30:06,622] {scheduler_job.py:190} INFO - Processing /home/airflow/.local/lib/python3.6/site-packages/airflow/example_dags/tutorial.py took 0.219 seconds
[2025-02-15 14:30:36,769] {scheduler_job.py:182} INFO - Started process (PID=661) to work on /home/airflow/.local/lib/python3.6/site-packages/airflow/example_dags/tutorial.py
[2025-02-15 14:30:36,773] {scheduler_job.py:633} INFO - Processing file /home/airflow/.local/lib/python3.6/site-packages/airflow/example_dags/tutorial.py for tasks to queue
[2025-02-15 14:30:36,776] {logging_mixin.py:104} INFO - [2025-02-15 14:30:36,775] {dagbag.py:496} INFO - Filling up the DagBag from /home/airflow/.local/lib/python3.6/site-packages/airflow/example_dags/tutorial.py
[2025-02-15 14:30:36,805] {scheduler_job.py:643} INFO - DAG(s) dict_keys(['tutorial']) retrieved from /home/airflow/.local/lib/python3.6/site-packages/airflow/example_dags/tutorial.py
[2025-02-15 14:30:36,852] {logging_mixin.py:104} INFO - [2025-02-15 14:30:36,852] {dag.py:1833} INFO - Sync 1 DAGs
[2025-02-15 14:30:36,885] {logging_mixin.py:104} INFO - [2025-02-15 14:30:36,885] {dag.py:2306} INFO - Setting next_dagrun for tutorial to 2025-02-13 00:00:00+00:00
[2025-02-15 14:30:36,907] {scheduler_job.py:190} INFO - Processing /home/airflow/.local/lib/python3.6/site-packages/airflow/example_dags/tutorial.py took 0.151 seconds
[2025-02-15 14:31:07,091] {scheduler_job.py:182} INFO - Started process (PID=713) to work on /home/airflow/.local/lib/python3.6/site-packages/airflow/example_dags/tutorial.py
[2025-02-15 14:31:07,092] {scheduler_job.py:633} INFO - Processing file /home/airflow/.local/lib/python3.6/site-packages/airflow/example_dags/tutorial.py for tasks to queue
[2025-02-15 14:31:07,094] {logging_mixin.py:104} INFO - [2025-02-15 14:31:07,093] {dagbag.py:496} INFO - Filling up the DagBag from /home/airflow/.local/lib/python3.6/site-packages/airflow/example_dags/tutorial.py
[2025-02-15 14:31:07,109] {scheduler_job.py:643} INFO - DAG(s) dict_keys(['tutorial']) retrieved from /home/airflow/.local/lib/python3.6/site-packages/airflow/example_dags/tutorial.py
[2025-02-15 14:31:07,136] {logging_mixin.py:104} INFO - [2025-02-15 14:31:07,136] {dag.py:1833} INFO - Sync 1 DAGs
[2025-02-15 14:31:07,152] {logging_mixin.py:104} INFO - [2025-02-15 14:31:07,152] {dag.py:2306} INFO - Setting next_dagrun for tutorial to 2025-02-13 00:00:00+00:00
[2025-02-15 14:31:07,163] {scheduler_job.py:190} INFO - Processing /home/airflow/.local/lib/python3.6/site-packages/airflow/example_dags/tutorial.py took 0.078 seconds
[2025-02-15 14:31:37,450] {scheduler_job.py:182} INFO - Started process (PID=775) to work on /home/airflow/.local/lib/python3.6/site-packages/airflow/example_dags/tutorial.py
[2025-02-15 14:31:37,452] {scheduler_job.py:633} INFO - Processing file /home/airflow/.local/lib/python3.6/site-packages/airflow/example_dags/tutorial.py for tasks to queue
[2025-02-15 14:31:37,454] {logging_mixin.py:104} INFO - [2025-02-15 14:31:37,453] {dagbag.py:496} INFO - Filling up the DagBag from /home/airflow/.local/lib/python3.6/site-packages/airflow/example_dags/tutorial.py
[2025-02-15 14:31:37,479] {scheduler_job.py:643} INFO - DAG(s) dict_keys(['tutorial']) retrieved from /home/airflow/.local/lib/python3.6/site-packages/airflow/example_dags/tutorial.py
[2025-02-15 14:31:37,525] {logging_mixin.py:104} INFO - [2025-02-15 14:31:37,524] {dag.py:1833} INFO - Sync 1 DAGs
[2025-02-15 14:31:37,550] {logging_mixin.py:104} INFO - [2025-02-15 14:31:37,550] {dag.py:2306} INFO - Setting next_dagrun for tutorial to 2025-02-13 00:00:00+00:00
[2025-02-15 14:31:37,565] {scheduler_job.py:190} INFO - Processing /home/airflow/.local/lib/python3.6/site-packages/airflow/example_dags/tutorial.py took 0.121 seconds
[2025-02-15 14:32:07,820] {scheduler_job.py:182} INFO - Started process (PID=827) to work on /home/airflow/.local/lib/python3.6/site-packages/airflow/example_dags/tutorial.py
[2025-02-15 14:32:07,824] {scheduler_job.py:633} INFO - Processing file /home/airflow/.local/lib/python3.6/site-packages/airflow/example_dags/tutorial.py for tasks to queue
[2025-02-15 14:32:07,826] {logging_mixin.py:104} INFO - [2025-02-15 14:32:07,825] {dagbag.py:496} INFO - Filling up the DagBag from /home/airflow/.local/lib/python3.6/site-packages/airflow/example_dags/tutorial.py
[2025-02-15 14:32:07,857] {scheduler_job.py:643} INFO - DAG(s) dict_keys(['tutorial']) retrieved from /home/airflow/.local/lib/python3.6/site-packages/airflow/example_dags/tutorial.py
[2025-02-15 14:32:07,914] {logging_mixin.py:104} INFO - [2025-02-15 14:32:07,914] {dag.py:1833} INFO - Sync 1 DAGs
[2025-02-15 14:32:07,950] {logging_mixin.py:104} INFO - [2025-02-15 14:32:07,950] {dag.py:2306} INFO - Setting next_dagrun for tutorial to 2025-02-13 00:00:00+00:00
[2025-02-15 14:32:07,971] {scheduler_job.py:190} INFO - Processing /home/airflow/.local/lib/python3.6/site-packages/airflow/example_dags/tutorial.py took 0.158 seconds
[2025-02-15 14:32:38,270] {scheduler_job.py:182} INFO - Started process (PID=886) to work on /home/airflow/.local/lib/python3.6/site-packages/airflow/example_dags/tutorial.py
[2025-02-15 14:32:38,272] {scheduler_job.py:633} INFO - Processing file /home/airflow/.local/lib/python3.6/site-packages/airflow/example_dags/tutorial.py for tasks to queue
[2025-02-15 14:32:38,275] {logging_mixin.py:104} INFO - [2025-02-15 14:32:38,274] {dagbag.py:496} INFO - Filling up the DagBag from /home/airflow/.local/lib/python3.6/site-packages/airflow/example_dags/tutorial.py
[2025-02-15 14:32:38,301] {scheduler_job.py:643} INFO - DAG(s) dict_keys(['tutorial']) retrieved from /home/airflow/.local/lib/python3.6/site-packages/airflow/example_dags/tutorial.py
[2025-02-15 14:32:38,360] {logging_mixin.py:104} INFO - [2025-02-15 14:32:38,360] {dag.py:1833} INFO - Sync 1 DAGs
[2025-02-15 14:32:38,397] {logging_mixin.py:104} INFO - [2025-02-15 14:32:38,397] {dag.py:2306} INFO - Setting next_dagrun for tutorial to 2025-02-13 00:00:00+00:00
[2025-02-15 14:32:38,428] {scheduler_job.py:190} INFO - Processing /home/airflow/.local/lib/python3.6/site-packages/airflow/example_dags/tutorial.py took 0.165 seconds
[2025-02-15 14:33:08,478] {scheduler_job.py:182} INFO - Started process (PID=941) to work on /home/airflow/.local/lib/python3.6/site-packages/airflow/example_dags/tutorial.py
[2025-02-15 14:33:08,480] {scheduler_job.py:633} INFO - Processing file /home/airflow/.local/lib/python3.6/site-packages/airflow/example_dags/tutorial.py for tasks to queue
[2025-02-15 14:33:08,481] {logging_mixin.py:104} INFO - [2025-02-15 14:33:08,481] {dagbag.py:496} INFO - Filling up the DagBag from /home/airflow/.local/lib/python3.6/site-packages/airflow/example_dags/tutorial.py
[2025-02-15 14:33:08,493] {scheduler_job.py:643} INFO - DAG(s) dict_keys(['tutorial']) retrieved from /home/airflow/.local/lib/python3.6/site-packages/airflow/example_dags/tutorial.py
[2025-02-15 14:33:08,521] {logging_mixin.py:104} INFO - [2025-02-15 14:33:08,521] {dag.py:1833} INFO - Sync 1 DAGs
[2025-02-15 14:33:08,536] {logging_mixin.py:104} INFO - [2025-02-15 14:33:08,536] {dag.py:2306} INFO - Setting next_dagrun for tutorial to 2025-02-13 00:00:00+00:00
[2025-02-15 14:33:08,551] {scheduler_job.py:190} INFO - Processing /home/airflow/.local/lib/python3.6/site-packages/airflow/example_dags/tutorial.py took 0.076 seconds
[2025-02-15 14:33:39,229] {scheduler_job.py:182} INFO - Started process (PID=993) to work on /home/airflow/.local/lib/python3.6/site-packages/airflow/example_dags/tutorial.py
[2025-02-15 14:33:39,232] {scheduler_job.py:633} INFO - Processing file /home/airflow/.local/lib/python3.6/site-packages/airflow/example_dags/tutorial.py for tasks to queue
[2025-02-15 14:33:39,234] {logging_mixin.py:104} INFO - [2025-02-15 14:33:39,233] {dagbag.py:496} INFO - Filling up the DagBag from /home/airflow/.local/lib/python3.6/site-packages/airflow/example_dags/tutorial.py
[2025-02-15 14:33:39,292] {scheduler_job.py:643} INFO - DAG(s) dict_keys(['tutorial']) retrieved from /home/airflow/.local/lib/python3.6/site-packages/airflow/example_dags/tutorial.py
[2025-02-15 14:33:39,404] {logging_mixin.py:104} INFO - [2025-02-15 14:33:39,403] {dag.py:1833} INFO - Sync 1 DAGs
[2025-02-15 14:33:39,463] {logging_mixin.py:104} INFO - [2025-02-15 14:33:39,462] {dag.py:2306} INFO - Setting next_dagrun for tutorial to 2025-02-13 00:00:00+00:00
[2025-02-15 14:33:39,508] {scheduler_job.py:190} INFO - Processing /home/airflow/.local/lib/python3.6/site-packages/airflow/example_dags/tutorial.py took 0.293 seconds
[2025-02-15 14:34:09,954] {scheduler_job.py:182} INFO - Started process (PID=1055) to work on /home/airflow/.local/lib/python3.6/site-packages/airflow/example_dags/tutorial.py
[2025-02-15 14:34:09,955] {scheduler_job.py:633} INFO - Processing file /home/airflow/.local/lib/python3.6/site-packages/airflow/example_dags/tutorial.py for tasks to queue
[2025-02-15 14:34:09,956] {logging_mixin.py:104} INFO - [2025-02-15 14:34:09,956] {dagbag.py:496} INFO - Filling up the DagBag from /home/airflow/.local/lib/python3.6/site-packages/airflow/example_dags/tutorial.py
[2025-02-15 14:34:09,969] {scheduler_job.py:643} INFO - DAG(s) dict_keys(['tutorial']) retrieved from /home/airflow/.local/lib/python3.6/site-packages/airflow/example_dags/tutorial.py
[2025-02-15 14:34:09,997] {logging_mixin.py:104} INFO - [2025-02-15 14:34:09,997] {dag.py:1833} INFO - Sync 1 DAGs
[2025-02-15 14:34:10,015] {logging_mixin.py:104} INFO - [2025-02-15 14:34:10,015] {dag.py:2306} INFO - Setting next_dagrun for tutorial to 2025-02-13 00:00:00+00:00
[2025-02-15 14:34:10,032] {scheduler_job.py:190} INFO - Processing /home/airflow/.local/lib/python3.6/site-packages/airflow/example_dags/tutorial.py took 0.082 seconds
[2025-02-15 14:34:40,329] {scheduler_job.py:182} INFO - Started process (PID=1107) to work on /home/airflow/.local/lib/python3.6/site-packages/airflow/example_dags/tutorial.py
[2025-02-15 14:34:40,331] {scheduler_job.py:633} INFO - Processing file /home/airflow/.local/lib/python3.6/site-packages/airflow/example_dags/tutorial.py for tasks to queue
[2025-02-15 14:34:40,332] {logging_mixin.py:104} INFO - [2025-02-15 14:34:40,332] {dagbag.py:496} INFO - Filling up the DagBag from /home/airflow/.local/lib/python3.6/site-packages/airflow/example_dags/tutorial.py
[2025-02-15 14:34:40,356] {scheduler_job.py:643} INFO - DAG(s) dict_keys(['tutorial']) retrieved from /home/airflow/.local/lib/python3.6/site-packages/airflow/example_dags/tutorial.py
[2025-02-15 14:34:40,410] {logging_mixin.py:104} INFO - [2025-02-15 14:34:40,410] {dag.py:1833} INFO - Sync 1 DAGs
[2025-02-15 14:34:40,468] {logging_mixin.py:104} INFO - [2025-02-15 14:34:40,468] {dag.py:2306} INFO - Setting next_dagrun for tutorial to 2025-02-13 00:00:00+00:00
[2025-02-15 14:34:40,505] {scheduler_job.py:190} INFO - Processing /home/airflow/.local/lib/python3.6/site-packages/airflow/example_dags/tutorial.py took 0.183 seconds
[2025-02-15 14:38:19,461] {scheduler_job.py:182} INFO - Started process (PID=1137) to work on /home/airflow/.local/lib/python3.6/site-packages/airflow/example_dags/tutorial.py
[2025-02-15 14:38:19,467] {scheduler_job.py:633} INFO - Processing file /home/airflow/.local/lib/python3.6/site-packages/airflow/example_dags/tutorial.py for tasks to queue
[2025-02-15 14:38:19,469] {logging_mixin.py:104} INFO - [2025-02-15 14:38:19,468] {dagbag.py:496} INFO - Filling up the DagBag from /home/airflow/.local/lib/python3.6/site-packages/airflow/example_dags/tutorial.py
[2025-02-15 14:38:19,507] {scheduler_job.py:643} INFO - DAG(s) dict_keys(['tutorial']) retrieved from /home/airflow/.local/lib/python3.6/site-packages/airflow/example_dags/tutorial.py
[2025-02-15 14:38:19,562] {logging_mixin.py:104} INFO - [2025-02-15 14:38:19,561] {dag.py:1833} INFO - Sync 1 DAGs
[2025-02-15 14:38:19,585] {logging_mixin.py:104} INFO - [2025-02-15 14:38:19,585] {dag.py:2306} INFO - Setting next_dagrun for tutorial to 2025-02-13 00:00:00+00:00
[2025-02-15 14:38:19,604] {scheduler_job.py:190} INFO - Processing /home/airflow/.local/lib/python3.6/site-packages/airflow/example_dags/tutorial.py took 0.152 seconds
[2025-02-15 14:38:49,878] {scheduler_job.py:182} INFO - Started process (PID=1189) to work on /home/airflow/.local/lib/python3.6/site-packages/airflow/example_dags/tutorial.py
[2025-02-15 14:38:49,880] {scheduler_job.py:633} INFO - Processing file /home/airflow/.local/lib/python3.6/site-packages/airflow/example_dags/tutorial.py for tasks to queue
[2025-02-15 14:38:49,881] {logging_mixin.py:104} INFO - [2025-02-15 14:38:49,881] {dagbag.py:496} INFO - Filling up the DagBag from /home/airflow/.local/lib/python3.6/site-packages/airflow/example_dags/tutorial.py
[2025-02-15 14:38:49,907] {scheduler_job.py:643} INFO - DAG(s) dict_keys(['tutorial']) retrieved from /home/airflow/.local/lib/python3.6/site-packages/airflow/example_dags/tutorial.py
[2025-02-15 14:38:49,951] {logging_mixin.py:104} INFO - [2025-02-15 14:38:49,950] {dag.py:1833} INFO - Sync 1 DAGs
[2025-02-15 14:38:49,972] {logging_mixin.py:104} INFO - [2025-02-15 14:38:49,972] {dag.py:2306} INFO - Setting next_dagrun for tutorial to 2025-02-13 00:00:00+00:00
[2025-02-15 14:38:49,990] {scheduler_job.py:190} INFO - Processing /home/airflow/.local/lib/python3.6/site-packages/airflow/example_dags/tutorial.py took 0.118 seconds
[2025-02-15 14:43:58,849] {scheduler_job.py:182} INFO - Started process (PID=1234) to work on /home/airflow/.local/lib/python3.6/site-packages/airflow/example_dags/tutorial.py
[2025-02-15 14:43:58,860] {scheduler_job.py:633} INFO - Processing file /home/airflow/.local/lib/python3.6/site-packages/airflow/example_dags/tutorial.py for tasks to queue
[2025-02-15 14:43:58,864] {logging_mixin.py:104} INFO - [2025-02-15 14:43:58,863] {dagbag.py:496} INFO - Filling up the DagBag from /home/airflow/.local/lib/python3.6/site-packages/airflow/example_dags/tutorial.py
[2025-02-15 14:43:58,922] {scheduler_job.py:643} INFO - DAG(s) dict_keys(['tutorial']) retrieved from /home/airflow/.local/lib/python3.6/site-packages/airflow/example_dags/tutorial.py
[2025-02-15 14:43:59,020] {logging_mixin.py:104} INFO - [2025-02-15 14:43:59,018] {dag.py:1833} INFO - Sync 1 DAGs
[2025-02-15 14:43:59,056] {logging_mixin.py:104} INFO - [2025-02-15 14:43:59,056] {dag.py:2306} INFO - Setting next_dagrun for tutorial to 2025-02-13 00:00:00+00:00
[2025-02-15 14:43:59,102] {scheduler_job.py:190} INFO - Processing /home/airflow/.local/lib/python3.6/site-packages/airflow/example_dags/tutorial.py took 0.262 seconds
[2025-02-15 14:44:29,902] {scheduler_job.py:182} INFO - Started process (PID=1286) to work on /home/airflow/.local/lib/python3.6/site-packages/airflow/example_dags/tutorial.py
[2025-02-15 14:44:29,906] {scheduler_job.py:633} INFO - Processing file /home/airflow/.local/lib/python3.6/site-packages/airflow/example_dags/tutorial.py for tasks to queue
[2025-02-15 14:44:29,909] {logging_mixin.py:104} INFO - [2025-02-15 14:44:29,908] {dagbag.py:496} INFO - Filling up the DagBag from /home/airflow/.local/lib/python3.6/site-packages/airflow/example_dags/tutorial.py
[2025-02-15 14:44:30,026] {scheduler_job.py:643} INFO - DAG(s) dict_keys(['tutorial']) retrieved from /home/airflow/.local/lib/python3.6/site-packages/airflow/example_dags/tutorial.py
[2025-02-15 14:44:30,299] {logging_mixin.py:104} INFO - [2025-02-15 14:44:30,299] {dag.py:1833} INFO - Sync 1 DAGs
[2025-02-15 14:44:30,375] {logging_mixin.py:104} INFO - [2025-02-15 14:44:30,375] {dag.py:2306} INFO - Setting next_dagrun for tutorial to 2025-02-13 00:00:00+00:00
[2025-02-15 14:44:30,487] {scheduler_job.py:190} INFO - Processing /home/airflow/.local/lib/python3.6/site-packages/airflow/example_dags/tutorial.py took 0.601 seconds
[2025-02-15 14:46:09,036] {scheduler_job.py:182} INFO - Started process (PID=49) to work on /home/airflow/.local/lib/python3.6/site-packages/airflow/example_dags/tutorial.py
[2025-02-15 14:46:09,039] {scheduler_job.py:633} INFO - Processing file /home/airflow/.local/lib/python3.6/site-packages/airflow/example_dags/tutorial.py for tasks to queue
[2025-02-15 14:46:09,041] {logging_mixin.py:104} INFO - [2025-02-15 14:46:09,041] {dagbag.py:496} INFO - Filling up the DagBag from /home/airflow/.local/lib/python3.6/site-packages/airflow/example_dags/tutorial.py
[2025-02-15 14:46:09,089] {scheduler_job.py:643} INFO - DAG(s) dict_keys(['tutorial']) retrieved from /home/airflow/.local/lib/python3.6/site-packages/airflow/example_dags/tutorial.py
[2025-02-15 14:46:09,220] {logging_mixin.py:104} INFO - [2025-02-15 14:46:09,220] {dag.py:1833} INFO - Sync 1 DAGs
[2025-02-15 14:46:09,315] {logging_mixin.py:104} INFO - [2025-02-15 14:46:09,315] {dag.py:2306} INFO - Setting next_dagrun for tutorial to 2025-02-13 00:00:00+00:00
[2025-02-15 14:46:09,369] {scheduler_job.py:190} INFO - Processing /home/airflow/.local/lib/python3.6/site-packages/airflow/example_dags/tutorial.py took 0.360 seconds
[2025-02-15 14:46:39,551] {scheduler_job.py:182} INFO - Started process (PID=100) to work on /home/airflow/.local/lib/python3.6/site-packages/airflow/example_dags/tutorial.py
[2025-02-15 14:46:39,559] {scheduler_job.py:633} INFO - Processing file /home/airflow/.local/lib/python3.6/site-packages/airflow/example_dags/tutorial.py for tasks to queue
[2025-02-15 14:46:39,562] {logging_mixin.py:104} INFO - [2025-02-15 14:46:39,561] {dagbag.py:496} INFO - Filling up the DagBag from /home/airflow/.local/lib/python3.6/site-packages/airflow/example_dags/tutorial.py
[2025-02-15 14:46:39,610] {scheduler_job.py:643} INFO - DAG(s) dict_keys(['tutorial']) retrieved from /home/airflow/.local/lib/python3.6/site-packages/airflow/example_dags/tutorial.py
[2025-02-15 14:46:39,710] {logging_mixin.py:104} INFO - [2025-02-15 14:46:39,710] {dag.py:1833} INFO - Sync 1 DAGs
[2025-02-15 14:46:39,762] {logging_mixin.py:104} INFO - [2025-02-15 14:46:39,761] {dag.py:2306} INFO - Setting next_dagrun for tutorial to 2025-02-13 00:00:00+00:00
[2025-02-15 14:46:39,794] {scheduler_job.py:190} INFO - Processing /home/airflow/.local/lib/python3.6/site-packages/airflow/example_dags/tutorial.py took 0.256 seconds
[2025-02-15 14:47:10,194] {scheduler_job.py:182} INFO - Started process (PID=151) to work on /home/airflow/.local/lib/python3.6/site-packages/airflow/example_dags/tutorial.py
[2025-02-15 14:47:10,196] {scheduler_job.py:633} INFO - Processing file /home/airflow/.local/lib/python3.6/site-packages/airflow/example_dags/tutorial.py for tasks to queue
[2025-02-15 14:47:10,196] {logging_mixin.py:104} INFO - [2025-02-15 14:47:10,196] {dagbag.py:496} INFO - Filling up the DagBag from /home/airflow/.local/lib/python3.6/site-packages/airflow/example_dags/tutorial.py
[2025-02-15 14:47:10,208] {scheduler_job.py:643} INFO - DAG(s) dict_keys(['tutorial']) retrieved from /home/airflow/.local/lib/python3.6/site-packages/airflow/example_dags/tutorial.py
[2025-02-15 14:47:10,240] {logging_mixin.py:104} INFO - [2025-02-15 14:47:10,240] {dag.py:1833} INFO - Sync 1 DAGs
[2025-02-15 14:47:10,273] {logging_mixin.py:104} INFO - [2025-02-15 14:47:10,273] {dag.py:2306} INFO - Setting next_dagrun for tutorial to 2025-02-13 00:00:00+00:00
[2025-02-15 14:47:10,288] {scheduler_job.py:190} INFO - Processing /home/airflow/.local/lib/python3.6/site-packages/airflow/example_dags/tutorial.py took 0.098 seconds
[2025-02-15 14:47:40,892] {scheduler_job.py:182} INFO - Started process (PID=203) to work on /home/airflow/.local/lib/python3.6/site-packages/airflow/example_dags/tutorial.py
[2025-02-15 14:47:40,893] {scheduler_job.py:633} INFO - Processing file /home/airflow/.local/lib/python3.6/site-packages/airflow/example_dags/tutorial.py for tasks to queue
[2025-02-15 14:47:40,894] {logging_mixin.py:104} INFO - [2025-02-15 14:47:40,894] {dagbag.py:496} INFO - Filling up the DagBag from /home/airflow/.local/lib/python3.6/site-packages/airflow/example_dags/tutorial.py
[2025-02-15 14:47:40,906] {scheduler_job.py:643} INFO - DAG(s) dict_keys(['tutorial']) retrieved from /home/airflow/.local/lib/python3.6/site-packages/airflow/example_dags/tutorial.py
[2025-02-15 14:47:40,932] {logging_mixin.py:104} INFO - [2025-02-15 14:47:40,932] {dag.py:1833} INFO - Sync 1 DAGs
[2025-02-15 14:47:40,949] {logging_mixin.py:104} INFO - [2025-02-15 14:47:40,949] {dag.py:2306} INFO - Setting next_dagrun for tutorial to 2025-02-13 00:00:00+00:00
[2025-02-15 14:47:40,964] {scheduler_job.py:190} INFO - Processing /home/airflow/.local/lib/python3.6/site-packages/airflow/example_dags/tutorial.py took 0.077 seconds
[2025-02-15 14:48:11,938] {scheduler_job.py:182} INFO - Started process (PID=265) to work on /home/airflow/.local/lib/python3.6/site-packages/airflow/example_dags/tutorial.py
[2025-02-15 14:48:11,946] {scheduler_job.py:633} INFO - Processing file /home/airflow/.local/lib/python3.6/site-packages/airflow/example_dags/tutorial.py for tasks to queue
[2025-02-15 14:48:11,948] {logging_mixin.py:104} INFO - [2025-02-15 14:48:11,947] {dagbag.py:496} INFO - Filling up the DagBag from /home/airflow/.local/lib/python3.6/site-packages/airflow/example_dags/tutorial.py
[2025-02-15 14:48:11,993] {scheduler_job.py:643} INFO - DAG(s) dict_keys(['tutorial']) retrieved from /home/airflow/.local/lib/python3.6/site-packages/airflow/example_dags/tutorial.py
[2025-02-15 14:48:12,065] {logging_mixin.py:104} INFO - [2025-02-15 14:48:12,065] {dag.py:1833} INFO - Sync 1 DAGs
[2025-02-15 14:48:12,123] {logging_mixin.py:104} INFO - [2025-02-15 14:48:12,123] {dag.py:2306} INFO - Setting next_dagrun for tutorial to 2025-02-13 00:00:00+00:00
[2025-02-15 14:48:12,151] {scheduler_job.py:190} INFO - Processing /home/airflow/.local/lib/python3.6/site-packages/airflow/example_dags/tutorial.py took 0.235 seconds
[2025-02-15 14:48:42,272] {scheduler_job.py:182} INFO - Started process (PID=317) to work on /home/airflow/.local/lib/python3.6/site-packages/airflow/example_dags/tutorial.py
[2025-02-15 14:48:42,273] {scheduler_job.py:633} INFO - Processing file /home/airflow/.local/lib/python3.6/site-packages/airflow/example_dags/tutorial.py for tasks to queue
[2025-02-15 14:48:42,274] {logging_mixin.py:104} INFO - [2025-02-15 14:48:42,274] {dagbag.py:496} INFO - Filling up the DagBag from /home/airflow/.local/lib/python3.6/site-packages/airflow/example_dags/tutorial.py
[2025-02-15 14:48:42,285] {scheduler_job.py:643} INFO - DAG(s) dict_keys(['tutorial']) retrieved from /home/airflow/.local/lib/python3.6/site-packages/airflow/example_dags/tutorial.py
[2025-02-15 14:48:42,315] {logging_mixin.py:104} INFO - [2025-02-15 14:48:42,314] {dag.py:1833} INFO - Sync 1 DAGs
[2025-02-15 14:48:42,332] {logging_mixin.py:104} INFO - [2025-02-15 14:48:42,332] {dag.py:2306} INFO - Setting next_dagrun for tutorial to 2025-02-13 00:00:00+00:00
[2025-02-15 14:48:42,343] {scheduler_job.py:190} INFO - Processing /home/airflow/.local/lib/python3.6/site-packages/airflow/example_dags/tutorial.py took 0.074 seconds
[2025-02-15 14:49:12,591] {scheduler_job.py:182} INFO - Started process (PID=378) to work on /home/airflow/.local/lib/python3.6/site-packages/airflow/example_dags/tutorial.py
[2025-02-15 14:49:12,594] {scheduler_job.py:633} INFO - Processing file /home/airflow/.local/lib/python3.6/site-packages/airflow/example_dags/tutorial.py for tasks to queue
[2025-02-15 14:49:12,596] {logging_mixin.py:104} INFO - [2025-02-15 14:49:12,596] {dagbag.py:496} INFO - Filling up the DagBag from /home/airflow/.local/lib/python3.6/site-packages/airflow/example_dags/tutorial.py
[2025-02-15 14:49:12,631] {scheduler_job.py:643} INFO - DAG(s) dict_keys(['tutorial']) retrieved from /home/airflow/.local/lib/python3.6/site-packages/airflow/example_dags/tutorial.py
[2025-02-15 14:49:12,696] {logging_mixin.py:104} INFO - [2025-02-15 14:49:12,696] {dag.py:1833} INFO - Sync 1 DAGs
[2025-02-15 14:49:12,725] {logging_mixin.py:104} INFO - [2025-02-15 14:49:12,724] {dag.py:2306} INFO - Setting next_dagrun for tutorial to 2025-02-13 00:00:00+00:00
[2025-02-15 14:49:12,741] {scheduler_job.py:190} INFO - Processing /home/airflow/.local/lib/python3.6/site-packages/airflow/example_dags/tutorial.py took 0.165 seconds
[2025-02-15 14:49:42,844] {scheduler_job.py:182} INFO - Started process (PID=431) to work on /home/airflow/.local/lib/python3.6/site-packages/airflow/example_dags/tutorial.py
[2025-02-15 14:49:42,845] {scheduler_job.py:633} INFO - Processing file /home/airflow/.local/lib/python3.6/site-packages/airflow/example_dags/tutorial.py for tasks to queue
[2025-02-15 14:49:42,846] {logging_mixin.py:104} INFO - [2025-02-15 14:49:42,846] {dagbag.py:496} INFO - Filling up the DagBag from /home/airflow/.local/lib/python3.6/site-packages/airflow/example_dags/tutorial.py
[2025-02-15 14:49:42,862] {scheduler_job.py:643} INFO - DAG(s) dict_keys(['tutorial']) retrieved from /home/airflow/.local/lib/python3.6/site-packages/airflow/example_dags/tutorial.py
[2025-02-15 14:49:42,892] {logging_mixin.py:104} INFO - [2025-02-15 14:49:42,892] {dag.py:1833} INFO - Sync 1 DAGs
[2025-02-15 14:49:42,911] {logging_mixin.py:104} INFO - [2025-02-15 14:49:42,911] {dag.py:2306} INFO - Setting next_dagrun for tutorial to 2025-02-13 00:00:00+00:00
[2025-02-15 14:49:42,926] {scheduler_job.py:190} INFO - Processing /home/airflow/.local/lib/python3.6/site-packages/airflow/example_dags/tutorial.py took 0.086 seconds
[2025-02-15 14:50:13,037] {scheduler_job.py:182} INFO - Started process (PID=483) to work on /home/airflow/.local/lib/python3.6/site-packages/airflow/example_dags/tutorial.py
[2025-02-15 14:50:13,039] {scheduler_job.py:633} INFO - Processing file /home/airflow/.local/lib/python3.6/site-packages/airflow/example_dags/tutorial.py for tasks to queue
[2025-02-15 14:50:13,040] {logging_mixin.py:104} INFO - [2025-02-15 14:50:13,040] {dagbag.py:496} INFO - Filling up the DagBag from /home/airflow/.local/lib/python3.6/site-packages/airflow/example_dags/tutorial.py
[2025-02-15 14:50:13,057] {scheduler_job.py:643} INFO - DAG(s) dict_keys(['tutorial']) retrieved from /home/airflow/.local/lib/python3.6/site-packages/airflow/example_dags/tutorial.py
[2025-02-15 14:50:13,084] {logging_mixin.py:104} INFO - [2025-02-15 14:50:13,083] {dag.py:1833} INFO - Sync 1 DAGs
[2025-02-15 14:50:13,109] {logging_mixin.py:104} INFO - [2025-02-15 14:50:13,109] {dag.py:2306} INFO - Setting next_dagrun for tutorial to 2025-02-13 00:00:00+00:00
[2025-02-15 14:50:13,124] {scheduler_job.py:190} INFO - Processing /home/airflow/.local/lib/python3.6/site-packages/airflow/example_dags/tutorial.py took 0.092 seconds
[2025-02-15 14:50:43,363] {scheduler_job.py:182} INFO - Started process (PID=545) to work on /home/airflow/.local/lib/python3.6/site-packages/airflow/example_dags/tutorial.py
[2025-02-15 14:50:43,365] {scheduler_job.py:633} INFO - Processing file /home/airflow/.local/lib/python3.6/site-packages/airflow/example_dags/tutorial.py for tasks to queue
[2025-02-15 14:50:43,367] {logging_mixin.py:104} INFO - [2025-02-15 14:50:43,366] {dagbag.py:496} INFO - Filling up the DagBag from /home/airflow/.local/lib/python3.6/site-packages/airflow/example_dags/tutorial.py
[2025-02-15 14:50:43,385] {scheduler_job.py:643} INFO - DAG(s) dict_keys(['tutorial']) retrieved from /home/airflow/.local/lib/python3.6/site-packages/airflow/example_dags/tutorial.py
[2025-02-15 14:50:43,422] {logging_mixin.py:104} INFO - [2025-02-15 14:50:43,422] {dag.py:1833} INFO - Sync 1 DAGs
[2025-02-15 14:50:43,445] {logging_mixin.py:104} INFO - [2025-02-15 14:50:43,445] {dag.py:2306} INFO - Setting next_dagrun for tutorial to 2025-02-13 00:00:00+00:00
[2025-02-15 14:50:43,464] {scheduler_job.py:190} INFO - Processing /home/airflow/.local/lib/python3.6/site-packages/airflow/example_dags/tutorial.py took 0.105 seconds
[2025-02-15 14:51:13,594] {scheduler_job.py:182} INFO - Started process (PID=597) to work on /home/airflow/.local/lib/python3.6/site-packages/airflow/example_dags/tutorial.py
[2025-02-15 14:51:13,595] {scheduler_job.py:633} INFO - Processing file /home/airflow/.local/lib/python3.6/site-packages/airflow/example_dags/tutorial.py for tasks to queue
[2025-02-15 14:51:13,595] {logging_mixin.py:104} INFO - [2025-02-15 14:51:13,595] {dagbag.py:496} INFO - Filling up the DagBag from /home/airflow/.local/lib/python3.6/site-packages/airflow/example_dags/tutorial.py
[2025-02-15 14:51:13,606] {scheduler_job.py:643} INFO - DAG(s) dict_keys(['tutorial']) retrieved from /home/airflow/.local/lib/python3.6/site-packages/airflow/example_dags/tutorial.py
[2025-02-15 14:51:13,631] {logging_mixin.py:104} INFO - [2025-02-15 14:51:13,631] {dag.py:1833} INFO - Sync 1 DAGs
[2025-02-15 14:51:13,648] {logging_mixin.py:104} INFO - [2025-02-15 14:51:13,648] {dag.py:2306} INFO - Setting next_dagrun for tutorial to 2025-02-13 00:00:00+00:00
[2025-02-15 14:51:13,669] {scheduler_job.py:190} INFO - Processing /home/airflow/.local/lib/python3.6/site-packages/airflow/example_dags/tutorial.py took 0.079 seconds
[2025-02-15 14:51:43,947] {scheduler_job.py:182} INFO - Started process (PID=650) to work on /home/airflow/.local/lib/python3.6/site-packages/airflow/example_dags/tutorial.py
[2025-02-15 14:51:43,948] {scheduler_job.py:633} INFO - Processing file /home/airflow/.local/lib/python3.6/site-packages/airflow/example_dags/tutorial.py for tasks to queue
[2025-02-15 14:51:43,949] {logging_mixin.py:104} INFO - [2025-02-15 14:51:43,949] {dagbag.py:496} INFO - Filling up the DagBag from /home/airflow/.local/lib/python3.6/site-packages/airflow/example_dags/tutorial.py
[2025-02-15 14:51:43,961] {scheduler_job.py:643} INFO - DAG(s) dict_keys(['tutorial']) retrieved from /home/airflow/.local/lib/python3.6/site-packages/airflow/example_dags/tutorial.py
[2025-02-15 14:51:43,987] {logging_mixin.py:104} INFO - [2025-02-15 14:51:43,987] {dag.py:1833} INFO - Sync 1 DAGs
[2025-02-15 14:51:44,003] {logging_mixin.py:104} INFO - [2025-02-15 14:51:44,003] {dag.py:2306} INFO - Setting next_dagrun for tutorial to 2025-02-13 00:00:00+00:00
[2025-02-15 14:51:44,017] {scheduler_job.py:190} INFO - Processing /home/airflow/.local/lib/python3.6/site-packages/airflow/example_dags/tutorial.py took 0.073 seconds
[2025-02-15 15:12:32,076] {scheduler_job.py:182} INFO - Started process (PID=708) to work on /home/airflow/.local/lib/python3.6/site-packages/airflow/example_dags/tutorial.py
[2025-02-15 15:12:32,080] {scheduler_job.py:633} INFO - Processing file /home/airflow/.local/lib/python3.6/site-packages/airflow/example_dags/tutorial.py for tasks to queue
[2025-02-15 15:12:32,081] {logging_mixin.py:104} INFO - [2025-02-15 15:12:32,081] {dagbag.py:496} INFO - Filling up the DagBag from /home/airflow/.local/lib/python3.6/site-packages/airflow/example_dags/tutorial.py
[2025-02-15 15:12:32,105] {scheduler_job.py:643} INFO - DAG(s) dict_keys(['tutorial']) retrieved from /home/airflow/.local/lib/python3.6/site-packages/airflow/example_dags/tutorial.py
[2025-02-15 15:12:32,162] {logging_mixin.py:104} INFO - [2025-02-15 15:12:32,162] {dag.py:1833} INFO - Sync 1 DAGs
[2025-02-15 15:12:32,184] {logging_mixin.py:104} INFO - [2025-02-15 15:12:32,184] {dag.py:2306} INFO - Setting next_dagrun for tutorial to 2025-02-13 00:00:00+00:00
[2025-02-15 15:12:32,205] {scheduler_job.py:190} INFO - Processing /home/airflow/.local/lib/python3.6/site-packages/airflow/example_dags/tutorial.py took 0.137 seconds
[2025-02-15 15:13:02,633] {scheduler_job.py:182} INFO - Started process (PID=760) to work on /home/airflow/.local/lib/python3.6/site-packages/airflow/example_dags/tutorial.py
[2025-02-15 15:13:02,634] {scheduler_job.py:633} INFO - Processing file /home/airflow/.local/lib/python3.6/site-packages/airflow/example_dags/tutorial.py for tasks to queue
[2025-02-15 15:13:02,635] {logging_mixin.py:104} INFO - [2025-02-15 15:13:02,635] {dagbag.py:496} INFO - Filling up the DagBag from /home/airflow/.local/lib/python3.6/site-packages/airflow/example_dags/tutorial.py
[2025-02-15 15:13:02,665] {scheduler_job.py:643} INFO - DAG(s) dict_keys(['tutorial']) retrieved from /home/airflow/.local/lib/python3.6/site-packages/airflow/example_dags/tutorial.py
[2025-02-15 15:13:02,714] {logging_mixin.py:104} INFO - [2025-02-15 15:13:02,714] {dag.py:1833} INFO - Sync 1 DAGs
[2025-02-15 15:13:02,734] {logging_mixin.py:104} INFO - [2025-02-15 15:13:02,733] {dag.py:2306} INFO - Setting next_dagrun for tutorial to 2025-02-13 00:00:00+00:00
[2025-02-15 15:13:02,758] {scheduler_job.py:190} INFO - Processing /home/airflow/.local/lib/python3.6/site-packages/airflow/example_dags/tutorial.py took 0.132 seconds
[2025-02-15 15:20:26,878] {scheduler_job.py:182} INFO - Started process (PID=65) to work on /home/airflow/.local/lib/python3.6/site-packages/airflow/example_dags/tutorial.py
[2025-02-15 15:20:26,882] {scheduler_job.py:633} INFO - Processing file /home/airflow/.local/lib/python3.6/site-packages/airflow/example_dags/tutorial.py for tasks to queue
[2025-02-15 15:20:26,886] {logging_mixin.py:104} INFO - [2025-02-15 15:20:26,886] {dagbag.py:496} INFO - Filling up the DagBag from /home/airflow/.local/lib/python3.6/site-packages/airflow/example_dags/tutorial.py
[2025-02-15 15:20:27,031] {scheduler_job.py:643} INFO - DAG(s) dict_keys(['tutorial']) retrieved from /home/airflow/.local/lib/python3.6/site-packages/airflow/example_dags/tutorial.py
[2025-02-15 15:20:27,313] {logging_mixin.py:104} INFO - [2025-02-15 15:20:27,312] {dag.py:1833} INFO - Sync 1 DAGs
[2025-02-15 15:20:27,469] {logging_mixin.py:104} INFO - [2025-02-15 15:20:27,468] {dag.py:2306} INFO - Setting next_dagrun for tutorial to 2025-02-13 00:00:00+00:00
[2025-02-15 15:20:27,610] {scheduler_job.py:190} INFO - Processing /home/airflow/.local/lib/python3.6/site-packages/airflow/example_dags/tutorial.py took 0.758 seconds
[2025-02-15 15:20:58,898] {scheduler_job.py:182} INFO - Started process (PID=110) to work on /home/airflow/.local/lib/python3.6/site-packages/airflow/example_dags/tutorial.py
[2025-02-15 15:20:58,902] {scheduler_job.py:633} INFO - Processing file /home/airflow/.local/lib/python3.6/site-packages/airflow/example_dags/tutorial.py for tasks to queue
[2025-02-15 15:20:58,905] {logging_mixin.py:104} INFO - [2025-02-15 15:20:58,904] {dagbag.py:496} INFO - Filling up the DagBag from /home/airflow/.local/lib/python3.6/site-packages/airflow/example_dags/tutorial.py
[2025-02-15 15:20:59,012] {scheduler_job.py:643} INFO - DAG(s) dict_keys(['tutorial']) retrieved from /home/airflow/.local/lib/python3.6/site-packages/airflow/example_dags/tutorial.py
[2025-02-15 15:20:59,616] {logging_mixin.py:104} INFO - [2025-02-15 15:20:59,615] {dag.py:1833} INFO - Sync 1 DAGs
[2025-02-15 15:20:59,889] {logging_mixin.py:104} INFO - [2025-02-15 15:20:59,889] {dag.py:2306} INFO - Setting next_dagrun for tutorial to 2025-02-13 00:00:00+00:00
[2025-02-15 15:21:00,026] {scheduler_job.py:190} INFO - Processing /home/airflow/.local/lib/python3.6/site-packages/airflow/example_dags/tutorial.py took 1.165 seconds
[2025-02-15 15:21:33,602] {scheduler_job.py:182} INFO - Started process (PID=159) to work on /home/airflow/.local/lib/python3.6/site-packages/airflow/example_dags/tutorial.py
[2025-02-15 15:21:33,608] {scheduler_job.py:633} INFO - Processing file /home/airflow/.local/lib/python3.6/site-packages/airflow/example_dags/tutorial.py for tasks to queue
[2025-02-15 15:21:33,633] {logging_mixin.py:104} INFO - [2025-02-15 15:21:33,618] {dagbag.py:496} INFO - Filling up the DagBag from /home/airflow/.local/lib/python3.6/site-packages/airflow/example_dags/tutorial.py
[2025-02-15 15:21:33,821] {scheduler_job.py:643} INFO - DAG(s) dict_keys(['tutorial']) retrieved from /home/airflow/.local/lib/python3.6/site-packages/airflow/example_dags/tutorial.py
[2025-02-15 15:21:34,306] {logging_mixin.py:104} INFO - [2025-02-15 15:21:34,305] {dag.py:1833} INFO - Sync 1 DAGs
[2025-02-15 15:21:34,860] {logging_mixin.py:104} INFO - [2025-02-15 15:21:34,860] {dag.py:2306} INFO - Setting next_dagrun for tutorial to 2025-02-13 00:00:00+00:00
[2025-02-15 15:21:35,027] {scheduler_job.py:190} INFO - Processing /home/airflow/.local/lib/python3.6/site-packages/airflow/example_dags/tutorial.py took 1.474 seconds
[2025-02-15 15:22:26,610] {scheduler_job.py:182} INFO - Started process (PID=214) to work on /home/airflow/.local/lib/python3.6/site-packages/airflow/example_dags/tutorial.py
[2025-02-15 15:22:26,647] {scheduler_job.py:633} INFO - Processing file /home/airflow/.local/lib/python3.6/site-packages/airflow/example_dags/tutorial.py for tasks to queue
[2025-02-15 15:22:26,677] {logging_mixin.py:104} INFO - [2025-02-15 15:22:26,675] {dagbag.py:496} INFO - Filling up the DagBag from /home/airflow/.local/lib/python3.6/site-packages/airflow/example_dags/tutorial.py
[2025-02-15 15:22:27,135] {scheduler_job.py:643} INFO - DAG(s) dict_keys(['tutorial']) retrieved from /home/airflow/.local/lib/python3.6/site-packages/airflow/example_dags/tutorial.py
[2025-02-15 15:22:27,960] {logging_mixin.py:104} INFO - [2025-02-15 15:22:27,959] {dag.py:1833} INFO - Sync 1 DAGs
[2025-02-15 15:22:28,286] {logging_mixin.py:104} INFO - [2025-02-15 15:22:28,285] {dag.py:2306} INFO - Setting next_dagrun for tutorial to 2025-02-13 00:00:00+00:00
[2025-02-15 15:22:28,434] {scheduler_job.py:190} INFO - Processing /home/airflow/.local/lib/python3.6/site-packages/airflow/example_dags/tutorial.py took 1.873 seconds
