[2025-02-11 18:53:56,173] {scheduler_job.py:182} INFO - Started process (PID=89) to work on /home/airflow/.local/lib/python3.6/site-packages/airflow/example_dags/example_trigger_controller_dag.py
[2025-02-11 18:53:56,175] {scheduler_job.py:633} INFO - Processing file /home/airflow/.local/lib/python3.6/site-packages/airflow/example_dags/example_trigger_controller_dag.py for tasks to queue
[2025-02-11 18:53:56,177] {logging_mixin.py:104} INFO - [2025-02-11 18:53:56,176] {dagbag.py:496} INFO - Filling up the DagBag from /home/airflow/.local/lib/python3.6/site-packages/airflow/example_dags/example_trigger_controller_dag.py
[2025-02-11 18:53:56,229] {scheduler_job.py:643} INFO - DAG(s) dict_keys(['example_trigger_controller_dag']) retrieved from /home/airflow/.local/lib/python3.6/site-packages/airflow/example_dags/example_trigger_controller_dag.py
[2025-02-11 18:53:57,356] {logging_mixin.py:104} INFO - [2025-02-11 18:53:57,356] {dag.py:1833} INFO - Sync 1 DAGs
[2025-02-11 18:53:57,448] {logging_mixin.py:104} INFO - [2025-02-11 18:53:57,447] {dag.py:2306} INFO - Setting next_dagrun for example_trigger_controller_dag to 2025-02-09 00:00:00+00:00
[2025-02-11 18:53:57,608] {scheduler_job.py:190} INFO - Processing /home/airflow/.local/lib/python3.6/site-packages/airflow/example_dags/example_trigger_controller_dag.py took 1.445 seconds
[2025-02-11 18:54:27,907] {scheduler_job.py:182} INFO - Started process (PID=133) to work on /home/airflow/.local/lib/python3.6/site-packages/airflow/example_dags/example_trigger_controller_dag.py
[2025-02-11 18:54:27,913] {scheduler_job.py:633} INFO - Processing file /home/airflow/.local/lib/python3.6/site-packages/airflow/example_dags/example_trigger_controller_dag.py for tasks to queue
[2025-02-11 18:54:27,915] {logging_mixin.py:104} INFO - [2025-02-11 18:54:27,915] {dagbag.py:496} INFO - Filling up the DagBag from /home/airflow/.local/lib/python3.6/site-packages/airflow/example_dags/example_trigger_controller_dag.py
[2025-02-11 18:54:27,972] {scheduler_job.py:643} INFO - DAG(s) dict_keys(['example_trigger_controller_dag']) retrieved from /home/airflow/.local/lib/python3.6/site-packages/airflow/example_dags/example_trigger_controller_dag.py
[2025-02-11 18:54:28,115] {logging_mixin.py:104} INFO - [2025-02-11 18:54:28,114] {dag.py:1833} INFO - Sync 1 DAGs
[2025-02-11 18:54:28,177] {logging_mixin.py:104} INFO - [2025-02-11 18:54:28,176] {dag.py:2306} INFO - Setting next_dagrun for example_trigger_controller_dag to 2025-02-09 00:00:00+00:00
[2025-02-11 18:54:28,215] {scheduler_job.py:190} INFO - Processing /home/airflow/.local/lib/python3.6/site-packages/airflow/example_dags/example_trigger_controller_dag.py took 0.341 seconds
[2025-02-11 18:54:58,730] {scheduler_job.py:182} INFO - Started process (PID=185) to work on /home/airflow/.local/lib/python3.6/site-packages/airflow/example_dags/example_trigger_controller_dag.py
[2025-02-11 18:54:58,733] {scheduler_job.py:633} INFO - Processing file /home/airflow/.local/lib/python3.6/site-packages/airflow/example_dags/example_trigger_controller_dag.py for tasks to queue
[2025-02-11 18:54:58,735] {logging_mixin.py:104} INFO - [2025-02-11 18:54:58,734] {dagbag.py:496} INFO - Filling up the DagBag from /home/airflow/.local/lib/python3.6/site-packages/airflow/example_dags/example_trigger_controller_dag.py
[2025-02-11 18:54:58,761] {scheduler_job.py:643} INFO - DAG(s) dict_keys(['example_trigger_controller_dag']) retrieved from /home/airflow/.local/lib/python3.6/site-packages/airflow/example_dags/example_trigger_controller_dag.py
[2025-02-11 18:54:58,816] {logging_mixin.py:104} INFO - [2025-02-11 18:54:58,816] {dag.py:1833} INFO - Sync 1 DAGs
[2025-02-11 18:54:58,859] {logging_mixin.py:104} INFO - [2025-02-11 18:54:58,859] {dag.py:2306} INFO - Setting next_dagrun for example_trigger_controller_dag to 2025-02-09 00:00:00+00:00
[2025-02-11 18:54:58,885] {scheduler_job.py:190} INFO - Processing /home/airflow/.local/lib/python3.6/site-packages/airflow/example_dags/example_trigger_controller_dag.py took 0.162 seconds
