[2025-02-11 18:54:02,361] {scheduler_job.py:182} INFO - Started process (PID=94) to work on /home/airflow/.local/lib/python3.6/site-packages/airflow/example_dags/example_task_group_decorator.py
[2025-02-11 18:54:02,363] {scheduler_job.py:633} INFO - Processing file /home/airflow/.local/lib/python3.6/site-packages/airflow/example_dags/example_task_group_decorator.py for tasks to queue
[2025-02-11 18:54:02,378] {logging_mixin.py:104} INFO - [2025-02-11 18:54:02,365] {dagbag.py:496} INFO - Filling up the DagBag from /home/airflow/.local/lib/python3.6/site-packages/airflow/example_dags/example_task_group_decorator.py
[2025-02-11 18:54:02,761] {scheduler_job.py:643} INFO - DAG(s) dict_keys(['example_task_group_decorator']) retrieved from /home/airflow/.local/lib/python3.6/site-packages/airflow/example_dags/example_task_group_decorator.py
[2025-02-11 18:54:06,203] {logging_mixin.py:104} INFO - [2025-02-11 18:54:06,203] {dag.py:1833} INFO - Sync 1 DAGs
[2025-02-11 18:54:06,304] {logging_mixin.py:104} INFO - [2025-02-11 18:54:06,304] {dag.py:2306} INFO - Setting next_dagrun for example_task_group_decorator to 2025-02-09 00:00:00+00:00
[2025-02-11 18:54:06,459] {scheduler_job.py:190} INFO - Processing /home/airflow/.local/lib/python3.6/site-packages/airflow/example_dags/example_task_group_decorator.py took 4.132 seconds
[2025-02-11 18:54:37,024] {scheduler_job.py:182} INFO - Started process (PID=146) to work on /home/airflow/.local/lib/python3.6/site-packages/airflow/example_dags/example_task_group_decorator.py
[2025-02-11 18:54:37,034] {scheduler_job.py:633} INFO - Processing file /home/airflow/.local/lib/python3.6/site-packages/airflow/example_dags/example_task_group_decorator.py for tasks to queue
[2025-02-11 18:54:37,036] {logging_mixin.py:104} INFO - [2025-02-11 18:54:37,036] {dagbag.py:496} INFO - Filling up the DagBag from /home/airflow/.local/lib/python3.6/site-packages/airflow/example_dags/example_task_group_decorator.py
[2025-02-11 18:54:37,341] {scheduler_job.py:643} INFO - DAG(s) dict_keys(['example_task_group_decorator']) retrieved from /home/airflow/.local/lib/python3.6/site-packages/airflow/example_dags/example_task_group_decorator.py
[2025-02-11 18:54:38,607] {logging_mixin.py:104} INFO - [2025-02-11 18:54:38,607] {dag.py:1833} INFO - Sync 1 DAGs
[2025-02-11 18:54:38,663] {logging_mixin.py:104} INFO - [2025-02-11 18:54:38,662] {dag.py:2306} INFO - Setting next_dagrun for example_task_group_decorator to 2025-02-09 00:00:00+00:00
[2025-02-11 18:54:38,696] {scheduler_job.py:190} INFO - Processing /home/airflow/.local/lib/python3.6/site-packages/airflow/example_dags/example_task_group_decorator.py took 1.708 seconds
[2025-02-11 18:55:09,112] {scheduler_job.py:182} INFO - Started process (PID=198) to work on /home/airflow/.local/lib/python3.6/site-packages/airflow/example_dags/example_task_group_decorator.py
[2025-02-11 18:55:09,114] {scheduler_job.py:633} INFO - Processing file /home/airflow/.local/lib/python3.6/site-packages/airflow/example_dags/example_task_group_decorator.py for tasks to queue
[2025-02-11 18:55:09,116] {logging_mixin.py:104} INFO - [2025-02-11 18:55:09,116] {dagbag.py:496} INFO - Filling up the DagBag from /home/airflow/.local/lib/python3.6/site-packages/airflow/example_dags/example_task_group_decorator.py
[2025-02-11 18:55:09,178] {scheduler_job.py:643} INFO - DAG(s) dict_keys(['example_task_group_decorator']) retrieved from /home/airflow/.local/lib/python3.6/site-packages/airflow/example_dags/example_task_group_decorator.py
[2025-02-11 18:55:10,044] {logging_mixin.py:104} INFO - [2025-02-11 18:55:10,044] {dag.py:1833} INFO - Sync 1 DAGs
[2025-02-11 18:55:10,092] {logging_mixin.py:104} INFO - [2025-02-11 18:55:10,092] {dag.py:2306} INFO - Setting next_dagrun for example_task_group_decorator to 2025-02-09 00:00:00+00:00
[2025-02-11 18:55:10,152] {scheduler_job.py:190} INFO - Processing /home/airflow/.local/lib/python3.6/site-packages/airflow/example_dags/example_task_group_decorator.py took 1.048 seconds
