[2025-02-11 18:54:02,384] {scheduler_job.py:182} INFO - Started process (PID=95) to work on /home/airflow/.local/lib/python3.6/site-packages/airflow/example_dags/example_branch_datetime_operator.py
[2025-02-11 18:54:02,405] {scheduler_job.py:633} INFO - Processing file /home/airflow/.local/lib/python3.6/site-packages/airflow/example_dags/example_branch_datetime_operator.py for tasks to queue
[2025-02-11 18:54:02,415] {logging_mixin.py:104} INFO - [2025-02-11 18:54:02,407] {dagbag.py:496} INFO - Filling up the DagBag from /home/airflow/.local/lib/python3.6/site-packages/airflow/example_dags/example_branch_datetime_operator.py
[2025-02-11 18:54:02,643] {scheduler_job.py:643} INFO - DAG(s) dict_keys(['example_branch_datetime_operator_2']) retrieved from /home/airflow/.local/lib/python3.6/site-packages/airflow/example_dags/example_branch_datetime_operator.py
[2025-02-11 18:54:06,441] {logging_mixin.py:104} INFO - [2025-02-11 18:54:06,441] {dag.py:1833} INFO - Sync 1 DAGs
[2025-02-11 18:54:06,628] {logging_mixin.py:104} INFO - [2025-02-11 18:54:06,628] {dag.py:2306} INFO - Setting next_dagrun for example_branch_datetime_operator_2 to 2025-02-09 00:00:00+00:00
[2025-02-11 18:54:06,738] {scheduler_job.py:190} INFO - Processing /home/airflow/.local/lib/python3.6/site-packages/airflow/example_dags/example_branch_datetime_operator.py took 4.389 seconds
[2025-02-11 18:54:37,069] {scheduler_job.py:182} INFO - Started process (PID=147) to work on /home/airflow/.local/lib/python3.6/site-packages/airflow/example_dags/example_branch_datetime_operator.py
[2025-02-11 18:54:37,085] {scheduler_job.py:633} INFO - Processing file /home/airflow/.local/lib/python3.6/site-packages/airflow/example_dags/example_branch_datetime_operator.py for tasks to queue
[2025-02-11 18:54:37,089] {logging_mixin.py:104} INFO - [2025-02-11 18:54:37,088] {dagbag.py:496} INFO - Filling up the DagBag from /home/airflow/.local/lib/python3.6/site-packages/airflow/example_dags/example_branch_datetime_operator.py
[2025-02-11 18:54:37,197] {scheduler_job.py:643} INFO - DAG(s) dict_keys(['example_branch_datetime_operator_2']) retrieved from /home/airflow/.local/lib/python3.6/site-packages/airflow/example_dags/example_branch_datetime_operator.py
[2025-02-11 18:54:37,419] {logging_mixin.py:104} INFO - [2025-02-11 18:54:37,418] {dag.py:1833} INFO - Sync 1 DAGs
[2025-02-11 18:54:37,571] {logging_mixin.py:104} INFO - [2025-02-11 18:54:37,571] {dag.py:2306} INFO - Setting next_dagrun for example_branch_datetime_operator_2 to 2025-02-09 00:00:00+00:00
[2025-02-11 18:54:37,628] {scheduler_job.py:190} INFO - Processing /home/airflow/.local/lib/python3.6/site-packages/airflow/example_dags/example_branch_datetime_operator.py took 0.618 seconds
[2025-02-11 18:55:07,985] {scheduler_job.py:182} INFO - Started process (PID=195) to work on /home/airflow/.local/lib/python3.6/site-packages/airflow/example_dags/example_branch_datetime_operator.py
[2025-02-11 18:55:07,988] {scheduler_job.py:633} INFO - Processing file /home/airflow/.local/lib/python3.6/site-packages/airflow/example_dags/example_branch_datetime_operator.py for tasks to queue
[2025-02-11 18:55:07,989] {logging_mixin.py:104} INFO - [2025-02-11 18:55:07,989] {dagbag.py:496} INFO - Filling up the DagBag from /home/airflow/.local/lib/python3.6/site-packages/airflow/example_dags/example_branch_datetime_operator.py
[2025-02-11 18:55:08,028] {scheduler_job.py:643} INFO - DAG(s) dict_keys(['example_branch_datetime_operator_2']) retrieved from /home/airflow/.local/lib/python3.6/site-packages/airflow/example_dags/example_branch_datetime_operator.py
[2025-02-11 18:55:08,142] {logging_mixin.py:104} INFO - [2025-02-11 18:55:08,141] {dag.py:1833} INFO - Sync 1 DAGs
[2025-02-11 18:55:08,223] {logging_mixin.py:104} INFO - [2025-02-11 18:55:08,223] {dag.py:2306} INFO - Setting next_dagrun for example_branch_datetime_operator_2 to 2025-02-09 00:00:00+00:00
[2025-02-11 18:55:08,242] {scheduler_job.py:190} INFO - Processing /home/airflow/.local/lib/python3.6/site-packages/airflow/example_dags/example_branch_datetime_operator.py took 0.268 seconds
