[2025-02-11 18:53:54,273] {scheduler_job.py:182} INFO - Started process (PID=79) to work on /home/airflow/.local/lib/python3.6/site-packages/airflow/example_dags/example_nested_branch_dag.py
[2025-02-11 18:53:54,275] {scheduler_job.py:633} INFO - Processing file /home/airflow/.local/lib/python3.6/site-packages/airflow/example_dags/example_nested_branch_dag.py for tasks to queue
[2025-02-11 18:53:54,276] {logging_mixin.py:104} INFO - [2025-02-11 18:53:54,276] {dagbag.py:496} INFO - Filling up the DagBag from /home/airflow/.local/lib/python3.6/site-packages/airflow/example_dags/example_nested_branch_dag.py
[2025-02-11 18:53:54,314] {scheduler_job.py:643} INFO - DAG(s) dict_keys(['example_nested_branch_dag']) retrieved from /home/airflow/.local/lib/python3.6/site-packages/airflow/example_dags/example_nested_branch_dag.py
[2025-02-11 18:53:55,244] {logging_mixin.py:104} INFO - [2025-02-11 18:53:55,244] {dag.py:1833} INFO - Sync 1 DAGs
[2025-02-11 18:53:55,387] {logging_mixin.py:104} INFO - [2025-02-11 18:53:55,386] {dag.py:2306} INFO - Setting next_dagrun for example_nested_branch_dag to 2025-02-09 00:00:00+00:00
[2025-02-11 18:53:55,582] {scheduler_job.py:190} INFO - Processing /home/airflow/.local/lib/python3.6/site-packages/airflow/example_dags/example_nested_branch_dag.py took 1.318 seconds
[2025-02-11 18:54:25,763] {scheduler_job.py:182} INFO - Started process (PID=130) to work on /home/airflow/.local/lib/python3.6/site-packages/airflow/example_dags/example_nested_branch_dag.py
[2025-02-11 18:54:25,766] {scheduler_job.py:633} INFO - Processing file /home/airflow/.local/lib/python3.6/site-packages/airflow/example_dags/example_nested_branch_dag.py for tasks to queue
[2025-02-11 18:54:25,769] {logging_mixin.py:104} INFO - [2025-02-11 18:54:25,768] {dagbag.py:496} INFO - Filling up the DagBag from /home/airflow/.local/lib/python3.6/site-packages/airflow/example_dags/example_nested_branch_dag.py
[2025-02-11 18:54:25,908] {scheduler_job.py:643} INFO - DAG(s) dict_keys(['example_nested_branch_dag']) retrieved from /home/airflow/.local/lib/python3.6/site-packages/airflow/example_dags/example_nested_branch_dag.py
[2025-02-11 18:54:26,033] {logging_mixin.py:104} INFO - [2025-02-11 18:54:26,033] {dag.py:1833} INFO - Sync 1 DAGs
[2025-02-11 18:54:26,158] {logging_mixin.py:104} INFO - [2025-02-11 18:54:26,158] {dag.py:2306} INFO - Setting next_dagrun for example_nested_branch_dag to 2025-02-09 00:00:00+00:00
[2025-02-11 18:54:26,200] {scheduler_job.py:190} INFO - Processing /home/airflow/.local/lib/python3.6/site-packages/airflow/example_dags/example_nested_branch_dag.py took 0.451 seconds
[2025-02-11 18:54:56,320] {scheduler_job.py:182} INFO - Started process (PID=181) to work on /home/airflow/.local/lib/python3.6/site-packages/airflow/example_dags/example_nested_branch_dag.py
[2025-02-11 18:54:56,324] {scheduler_job.py:633} INFO - Processing file /home/airflow/.local/lib/python3.6/site-packages/airflow/example_dags/example_nested_branch_dag.py for tasks to queue
[2025-02-11 18:54:56,326] {logging_mixin.py:104} INFO - [2025-02-11 18:54:56,325] {dagbag.py:496} INFO - Filling up the DagBag from /home/airflow/.local/lib/python3.6/site-packages/airflow/example_dags/example_nested_branch_dag.py
[2025-02-11 18:54:56,384] {scheduler_job.py:643} INFO - DAG(s) dict_keys(['example_nested_branch_dag']) retrieved from /home/airflow/.local/lib/python3.6/site-packages/airflow/example_dags/example_nested_branch_dag.py
[2025-02-11 18:54:56,463] {logging_mixin.py:104} INFO - [2025-02-11 18:54:56,463] {dag.py:1833} INFO - Sync 1 DAGs
[2025-02-11 18:54:56,548] {logging_mixin.py:104} INFO - [2025-02-11 18:54:56,548] {dag.py:2306} INFO - Setting next_dagrun for example_nested_branch_dag to 2025-02-09 00:00:00+00:00
[2025-02-11 18:54:56,584] {scheduler_job.py:190} INFO - Processing /home/airflow/.local/lib/python3.6/site-packages/airflow/example_dags/example_nested_branch_dag.py took 0.277 seconds
