[2025-02-11 18:53:50,946] {scheduler_job.py:182} INFO - Started process (PID=74) to work on /home/airflow/.local/lib/python3.6/site-packages/airflow/example_dags/example_branch_labels.py
[2025-02-11 18:53:50,949] {scheduler_job.py:633} INFO - Processing file /home/airflow/.local/lib/python3.6/site-packages/airflow/example_dags/example_branch_labels.py for tasks to queue
[2025-02-11 18:53:50,956] {logging_mixin.py:104} INFO - [2025-02-11 18:53:50,955] {dagbag.py:496} INFO - Filling up the DagBag from /home/airflow/.local/lib/python3.6/site-packages/airflow/example_dags/example_branch_labels.py
[2025-02-11 18:53:50,997] {scheduler_job.py:643} INFO - DAG(s) dict_keys(['example_branch_labels']) retrieved from /home/airflow/.local/lib/python3.6/site-packages/airflow/example_dags/example_branch_labels.py
[2025-02-11 18:53:51,846] {logging_mixin.py:104} INFO - [2025-02-11 18:53:51,846] {dag.py:1833} INFO - Sync 1 DAGs
[2025-02-11 18:53:51,971] {logging_mixin.py:104} INFO - [2025-02-11 18:53:51,971] {dag.py:2306} INFO - Setting next_dagrun for example_branch_labels to 2025-02-09 00:00:00+00:00
[2025-02-11 18:53:52,032] {scheduler_job.py:190} INFO - Processing /home/airflow/.local/lib/python3.6/site-packages/airflow/example_dags/example_branch_labels.py took 1.094 seconds
[2025-02-11 18:54:23,322] {scheduler_job.py:182} INFO - Started process (PID=125) to work on /home/airflow/.local/lib/python3.6/site-packages/airflow/example_dags/example_branch_labels.py
[2025-02-11 18:54:23,324] {scheduler_job.py:633} INFO - Processing file /home/airflow/.local/lib/python3.6/site-packages/airflow/example_dags/example_branch_labels.py for tasks to queue
[2025-02-11 18:54:23,327] {logging_mixin.py:104} INFO - [2025-02-11 18:54:23,326] {dagbag.py:496} INFO - Filling up the DagBag from /home/airflow/.local/lib/python3.6/site-packages/airflow/example_dags/example_branch_labels.py
[2025-02-11 18:54:23,384] {scheduler_job.py:643} INFO - DAG(s) dict_keys(['example_branch_labels']) retrieved from /home/airflow/.local/lib/python3.6/site-packages/airflow/example_dags/example_branch_labels.py
[2025-02-11 18:54:23,505] {logging_mixin.py:104} INFO - [2025-02-11 18:54:23,504] {dag.py:1833} INFO - Sync 1 DAGs
[2025-02-11 18:54:23,591] {logging_mixin.py:104} INFO - [2025-02-11 18:54:23,590] {dag.py:2306} INFO - Setting next_dagrun for example_branch_labels to 2025-02-09 00:00:00+00:00
[2025-02-11 18:54:23,637] {scheduler_job.py:190} INFO - Processing /home/airflow/.local/lib/python3.6/site-packages/airflow/example_dags/example_branch_labels.py took 0.328 seconds
[2025-02-11 18:54:54,670] {scheduler_job.py:182} INFO - Started process (PID=176) to work on /home/airflow/.local/lib/python3.6/site-packages/airflow/example_dags/example_branch_labels.py
[2025-02-11 18:54:54,674] {scheduler_job.py:633} INFO - Processing file /home/airflow/.local/lib/python3.6/site-packages/airflow/example_dags/example_branch_labels.py for tasks to queue
[2025-02-11 18:54:54,675] {logging_mixin.py:104} INFO - [2025-02-11 18:54:54,675] {dagbag.py:496} INFO - Filling up the DagBag from /home/airflow/.local/lib/python3.6/site-packages/airflow/example_dags/example_branch_labels.py
[2025-02-11 18:54:54,707] {scheduler_job.py:643} INFO - DAG(s) dict_keys(['example_branch_labels']) retrieved from /home/airflow/.local/lib/python3.6/site-packages/airflow/example_dags/example_branch_labels.py
[2025-02-11 18:54:54,778] {logging_mixin.py:104} INFO - [2025-02-11 18:54:54,777] {dag.py:1833} INFO - Sync 1 DAGs
[2025-02-11 18:54:54,856] {logging_mixin.py:104} INFO - [2025-02-11 18:54:54,856] {dag.py:2306} INFO - Setting next_dagrun for example_branch_labels to 2025-02-09 00:00:00+00:00
[2025-02-11 18:54:54,885] {scheduler_job.py:190} INFO - Processing /home/airflow/.local/lib/python3.6/site-packages/airflow/example_dags/example_branch_labels.py took 0.224 seconds
