[2025-02-11 18:54:16,415] {scheduler_job.py:182} INFO - Started process (PID=112) to work on /home/airflow/.local/lib/python3.6/site-packages/airflow/example_dags/example_latest_only_with_trigger.py
[2025-02-11 18:54:16,419] {scheduler_job.py:633} INFO - Processing file /home/airflow/.local/lib/python3.6/site-packages/airflow/example_dags/example_latest_only_with_trigger.py for tasks to queue
[2025-02-11 18:54:16,421] {logging_mixin.py:104} INFO - [2025-02-11 18:54:16,421] {dagbag.py:496} INFO - Filling up the DagBag from /home/airflow/.local/lib/python3.6/site-packages/airflow/example_dags/example_latest_only_with_trigger.py
[2025-02-11 18:54:16,484] {scheduler_job.py:643} INFO - DAG(s) dict_keys(['latest_only_with_trigger']) retrieved from /home/airflow/.local/lib/python3.6/site-packages/airflow/example_dags/example_latest_only_with_trigger.py
[2025-02-11 18:54:16,785] {logging_mixin.py:104} INFO - [2025-02-11 18:54:16,776] {dag.py:1833} INFO - Sync 1 DAGs
[2025-02-11 18:54:16,900] {logging_mixin.py:104} INFO - [2025-02-11 18:54:16,899] {dag.py:2306} INFO - Setting next_dagrun for latest_only_with_trigger to 2025-02-09 00:00:00+00:00
[2025-02-11 18:54:16,958] {scheduler_job.py:190} INFO - Processing /home/airflow/.local/lib/python3.6/site-packages/airflow/example_dags/example_latest_only_with_trigger.py took 1.624 seconds
[2025-02-11 18:54:45,370] {scheduler_job.py:182} INFO - Started process (PID=157) to work on /home/airflow/.local/lib/python3.6/site-packages/airflow/example_dags/example_latest_only_with_trigger.py
[2025-02-11 18:54:45,374] {scheduler_job.py:633} INFO - Processing file /home/airflow/.local/lib/python3.6/site-packages/airflow/example_dags/example_latest_only_with_trigger.py for tasks to queue
[2025-02-11 18:54:45,376] {logging_mixin.py:104} INFO - [2025-02-11 18:54:45,376] {dagbag.py:496} INFO - Filling up the DagBag from /home/airflow/.local/lib/python3.6/site-packages/airflow/example_dags/example_latest_only_with_trigger.py
[2025-02-11 18:54:45,418] {scheduler_job.py:643} INFO - DAG(s) dict_keys(['latest_only_with_trigger']) retrieved from /home/airflow/.local/lib/python3.6/site-packages/airflow/example_dags/example_latest_only_with_trigger.py
[2025-02-11 18:54:45,460] {logging_mixin.py:104} INFO - [2025-02-11 18:54:45,460] {dag.py:1833} INFO - Sync 1 DAGs
[2025-02-11 18:54:45,511] {logging_mixin.py:104} INFO - [2025-02-11 18:54:45,511] {dag.py:2306} INFO - Setting next_dagrun for latest_only_with_trigger to 2025-02-09 00:00:00+00:00
[2025-02-11 18:54:45,559] {scheduler_job.py:190} INFO - Processing /home/airflow/.local/lib/python3.6/site-packages/airflow/example_dags/example_latest_only_with_trigger.py took 0.201 seconds
[2025-02-11 18:55:15,666] {scheduler_job.py:182} INFO - Started process (PID=204) to work on /home/airflow/.local/lib/python3.6/site-packages/airflow/example_dags/example_latest_only_with_trigger.py
[2025-02-11 18:55:15,669] {scheduler_job.py:633} INFO - Processing file /home/airflow/.local/lib/python3.6/site-packages/airflow/example_dags/example_latest_only_with_trigger.py for tasks to queue
[2025-02-11 18:55:15,672] {logging_mixin.py:104} INFO - [2025-02-11 18:55:15,671] {dagbag.py:496} INFO - Filling up the DagBag from /home/airflow/.local/lib/python3.6/site-packages/airflow/example_dags/example_latest_only_with_trigger.py
[2025-02-11 18:55:15,697] {scheduler_job.py:643} INFO - DAG(s) dict_keys(['latest_only_with_trigger']) retrieved from /home/airflow/.local/lib/python3.6/site-packages/airflow/example_dags/example_latest_only_with_trigger.py
[2025-02-11 18:55:15,764] {logging_mixin.py:104} INFO - [2025-02-11 18:55:15,764] {dag.py:1833} INFO - Sync 1 DAGs
[2025-02-11 18:55:15,808] {logging_mixin.py:104} INFO - [2025-02-11 18:55:15,808] {dag.py:2306} INFO - Setting next_dagrun for latest_only_with_trigger to 2025-02-09 00:00:00+00:00
[2025-02-11 18:55:15,831] {scheduler_job.py:190} INFO - Processing /home/airflow/.local/lib/python3.6/site-packages/airflow/example_dags/example_latest_only_with_trigger.py took 0.173 seconds
