[2025-02-11 18:53:49,303] {scheduler_job.py:182} INFO - Started process (PID=73) to work on /home/airflow/.local/lib/python3.6/site-packages/airflow/example_dags/example_skip_dag.py
[2025-02-11 18:53:49,306] {scheduler_job.py:633} INFO - Processing file /home/airflow/.local/lib/python3.6/site-packages/airflow/example_dags/example_skip_dag.py for tasks to queue
[2025-02-11 18:53:49,309] {logging_mixin.py:104} INFO - [2025-02-11 18:53:49,308] {dagbag.py:496} INFO - Filling up the DagBag from /home/airflow/.local/lib/python3.6/site-packages/airflow/example_dags/example_skip_dag.py
[2025-02-11 18:53:49,383] {scheduler_job.py:643} INFO - DAG(s) dict_keys(['example_skip_dag']) retrieved from /home/airflow/.local/lib/python3.6/site-packages/airflow/example_dags/example_skip_dag.py
[2025-02-11 18:53:50,800] {logging_mixin.py:104} INFO - [2025-02-11 18:53:50,799] {dag.py:1833} INFO - Sync 1 DAGs
[2025-02-11 18:53:50,849] {logging_mixin.py:104} INFO - [2025-02-11 18:53:50,849] {dag.py:2306} INFO - Setting next_dagrun for example_skip_dag to 2025-02-09 00:00:00+00:00
[2025-02-11 18:53:50,893] {scheduler_job.py:190} INFO - Processing /home/airflow/.local/lib/python3.6/site-packages/airflow/example_dags/example_skip_dag.py took 1.603 seconds
[2025-02-11 18:54:22,854] {scheduler_job.py:182} INFO - Started process (PID=124) to work on /home/airflow/.local/lib/python3.6/site-packages/airflow/example_dags/example_skip_dag.py
[2025-02-11 18:54:22,858] {scheduler_job.py:633} INFO - Processing file /home/airflow/.local/lib/python3.6/site-packages/airflow/example_dags/example_skip_dag.py for tasks to queue
[2025-02-11 18:54:22,866] {logging_mixin.py:104} INFO - [2025-02-11 18:54:22,865] {dagbag.py:496} INFO - Filling up the DagBag from /home/airflow/.local/lib/python3.6/site-packages/airflow/example_dags/example_skip_dag.py
[2025-02-11 18:54:22,923] {scheduler_job.py:643} INFO - DAG(s) dict_keys(['example_skip_dag']) retrieved from /home/airflow/.local/lib/python3.6/site-packages/airflow/example_dags/example_skip_dag.py
[2025-02-11 18:54:23,115] {logging_mixin.py:104} INFO - [2025-02-11 18:54:23,114] {dag.py:1833} INFO - Sync 1 DAGs
[2025-02-11 18:54:23,214] {logging_mixin.py:104} INFO - [2025-02-11 18:54:23,214] {dag.py:2306} INFO - Setting next_dagrun for example_skip_dag to 2025-02-09 00:00:00+00:00
[2025-02-11 18:54:23,253] {scheduler_job.py:190} INFO - Processing /home/airflow/.local/lib/python3.6/site-packages/airflow/example_dags/example_skip_dag.py took 0.414 seconds
[2025-02-11 18:54:53,389] {scheduler_job.py:182} INFO - Started process (PID=174) to work on /home/airflow/.local/lib/python3.6/site-packages/airflow/example_dags/example_skip_dag.py
[2025-02-11 18:54:53,393] {scheduler_job.py:633} INFO - Processing file /home/airflow/.local/lib/python3.6/site-packages/airflow/example_dags/example_skip_dag.py for tasks to queue
[2025-02-11 18:54:53,395] {logging_mixin.py:104} INFO - [2025-02-11 18:54:53,395] {dagbag.py:496} INFO - Filling up the DagBag from /home/airflow/.local/lib/python3.6/site-packages/airflow/example_dags/example_skip_dag.py
[2025-02-11 18:54:53,448] {scheduler_job.py:643} INFO - DAG(s) dict_keys(['example_skip_dag']) retrieved from /home/airflow/.local/lib/python3.6/site-packages/airflow/example_dags/example_skip_dag.py
[2025-02-11 18:54:53,559] {logging_mixin.py:104} INFO - [2025-02-11 18:54:53,558] {dag.py:1833} INFO - Sync 1 DAGs
[2025-02-11 18:54:53,626] {logging_mixin.py:104} INFO - [2025-02-11 18:54:53,626] {dag.py:2306} INFO - Setting next_dagrun for example_skip_dag to 2025-02-09 00:00:00+00:00
[2025-02-11 18:54:53,658] {scheduler_job.py:190} INFO - Processing /home/airflow/.local/lib/python3.6/site-packages/airflow/example_dags/example_skip_dag.py took 0.289 seconds
