[2025-02-11 18:53:57,224] {scheduler_job.py:182} INFO - Started process (PID=92) to work on /home/airflow/.local/lib/python3.6/site-packages/airflow/example_dags/example_branch_operator.py
[2025-02-11 18:53:57,227] {scheduler_job.py:633} INFO - Processing file /home/airflow/.local/lib/python3.6/site-packages/airflow/example_dags/example_branch_operator.py for tasks to queue
[2025-02-11 18:53:57,229] {logging_mixin.py:104} INFO - [2025-02-11 18:53:57,228] {dagbag.py:496} INFO - Filling up the DagBag from /home/airflow/.local/lib/python3.6/site-packages/airflow/example_dags/example_branch_operator.py
[2025-02-11 18:53:57,411] {scheduler_job.py:643} INFO - DAG(s) dict_keys(['example_branch_operator']) retrieved from /home/airflow/.local/lib/python3.6/site-packages/airflow/example_dags/example_branch_operator.py
[2025-02-11 18:54:01,565] {logging_mixin.py:104} INFO - [2025-02-11 18:54:01,565] {dag.py:1833} INFO - Sync 1 DAGs
[2025-02-11 18:54:01,888] {logging_mixin.py:104} INFO - [2025-02-11 18:54:01,888] {dag.py:2306} INFO - Setting next_dagrun for example_branch_operator to 2025-02-09 00:00:00+00:00
[2025-02-11 18:54:02,163] {scheduler_job.py:190} INFO - Processing /home/airflow/.local/lib/python3.6/site-packages/airflow/example_dags/example_branch_operator.py took 4.982 seconds
[2025-02-11 18:54:32,794] {scheduler_job.py:182} INFO - Started process (PID=135) to work on /home/airflow/.local/lib/python3.6/site-packages/airflow/example_dags/example_branch_operator.py
[2025-02-11 18:54:32,808] {scheduler_job.py:633} INFO - Processing file /home/airflow/.local/lib/python3.6/site-packages/airflow/example_dags/example_branch_operator.py for tasks to queue
[2025-02-11 18:54:32,810] {logging_mixin.py:104} INFO - [2025-02-11 18:54:32,810] {dagbag.py:496} INFO - Filling up the DagBag from /home/airflow/.local/lib/python3.6/site-packages/airflow/example_dags/example_branch_operator.py
[2025-02-11 18:54:32,911] {scheduler_job.py:643} INFO - DAG(s) dict_keys(['example_branch_operator']) retrieved from /home/airflow/.local/lib/python3.6/site-packages/airflow/example_dags/example_branch_operator.py
[2025-02-11 18:54:33,022] {logging_mixin.py:104} INFO - [2025-02-11 18:54:33,022] {dag.py:1833} INFO - Sync 1 DAGs
[2025-02-11 18:54:33,133] {logging_mixin.py:104} INFO - [2025-02-11 18:54:33,133] {dag.py:2306} INFO - Setting next_dagrun for example_branch_operator to 2025-02-09 00:00:00+00:00
[2025-02-11 18:54:33,172] {scheduler_job.py:190} INFO - Processing /home/airflow/.local/lib/python3.6/site-packages/airflow/example_dags/example_branch_operator.py took 0.454 seconds
[2025-02-11 18:55:03,958] {scheduler_job.py:182} INFO - Started process (PID=187) to work on /home/airflow/.local/lib/python3.6/site-packages/airflow/example_dags/example_branch_operator.py
[2025-02-11 18:55:03,960] {scheduler_job.py:633} INFO - Processing file /home/airflow/.local/lib/python3.6/site-packages/airflow/example_dags/example_branch_operator.py for tasks to queue
[2025-02-11 18:55:03,961] {logging_mixin.py:104} INFO - [2025-02-11 18:55:03,961] {dagbag.py:496} INFO - Filling up the DagBag from /home/airflow/.local/lib/python3.6/site-packages/airflow/example_dags/example_branch_operator.py
[2025-02-11 18:55:03,985] {scheduler_job.py:643} INFO - DAG(s) dict_keys(['example_branch_operator']) retrieved from /home/airflow/.local/lib/python3.6/site-packages/airflow/example_dags/example_branch_operator.py
[2025-02-11 18:55:04,022] {logging_mixin.py:104} INFO - [2025-02-11 18:55:04,022] {dag.py:1833} INFO - Sync 1 DAGs
[2025-02-11 18:55:04,047] {logging_mixin.py:104} INFO - [2025-02-11 18:55:04,047] {dag.py:2306} INFO - Setting next_dagrun for example_branch_operator to 2025-02-09 00:00:00+00:00
[2025-02-11 18:55:04,063] {scheduler_job.py:190} INFO - Processing /home/airflow/.local/lib/python3.6/site-packages/airflow/example_dags/example_branch_operator.py took 0.111 seconds
