[2025-02-11 18:53:53,077] {scheduler_job.py:182} INFO - Started process (PID=77) to work on /home/airflow/.local/lib/python3.6/site-packages/airflow/example_dags/example_xcomargs.py
[2025-02-11 18:53:53,079] {scheduler_job.py:633} INFO - Processing file /home/airflow/.local/lib/python3.6/site-packages/airflow/example_dags/example_xcomargs.py for tasks to queue
[2025-02-11 18:53:53,081] {logging_mixin.py:104} INFO - [2025-02-11 18:53:53,081] {dagbag.py:496} INFO - Filling up the DagBag from /home/airflow/.local/lib/python3.6/site-packages/airflow/example_dags/example_xcomargs.py
[2025-02-11 18:53:53,190] {scheduler_job.py:643} INFO - DAG(s) dict_keys(['example_xcom_args', 'example_xcom_args_with_operators']) retrieved from /home/airflow/.local/lib/python3.6/site-packages/airflow/example_dags/example_xcomargs.py
[2025-02-11 18:53:54,168] {logging_mixin.py:104} INFO - [2025-02-11 18:53:54,167] {dag.py:1833} INFO - Sync 2 DAGs
[2025-02-11 18:53:54,205] {logging_mixin.py:104} INFO - [2025-02-11 18:53:54,205] {dag.py:2306} INFO - Setting next_dagrun for example_xcom_args to None
[2025-02-11 18:53:54,207] {logging_mixin.py:104} INFO - [2025-02-11 18:53:54,207] {dag.py:2306} INFO - Setting next_dagrun for example_xcom_args_with_operators to None
[2025-02-11 18:53:54,237] {scheduler_job.py:190} INFO - Processing /home/airflow/.local/lib/python3.6/site-packages/airflow/example_dags/example_xcomargs.py took 1.170 seconds
[2025-02-11 18:54:24,412] {scheduler_job.py:182} INFO - Started process (PID=128) to work on /home/airflow/.local/lib/python3.6/site-packages/airflow/example_dags/example_xcomargs.py
[2025-02-11 18:54:24,423] {scheduler_job.py:633} INFO - Processing file /home/airflow/.local/lib/python3.6/site-packages/airflow/example_dags/example_xcomargs.py for tasks to queue
[2025-02-11 18:54:24,426] {logging_mixin.py:104} INFO - [2025-02-11 18:54:24,426] {dagbag.py:496} INFO - Filling up the DagBag from /home/airflow/.local/lib/python3.6/site-packages/airflow/example_dags/example_xcomargs.py
[2025-02-11 18:54:24,530] {scheduler_job.py:643} INFO - DAG(s) dict_keys(['example_xcom_args', 'example_xcom_args_with_operators']) retrieved from /home/airflow/.local/lib/python3.6/site-packages/airflow/example_dags/example_xcomargs.py
[2025-02-11 18:54:26,096] {logging_mixin.py:104} INFO - [2025-02-11 18:54:26,096] {dag.py:1833} INFO - Sync 2 DAGs
[2025-02-11 18:54:26,177] {logging_mixin.py:104} INFO - [2025-02-11 18:54:26,176] {dag.py:2306} INFO - Setting next_dagrun for example_xcom_args to None
[2025-02-11 18:54:26,182] {logging_mixin.py:104} INFO - [2025-02-11 18:54:26,180] {dag.py:2306} INFO - Setting next_dagrun for example_xcom_args_with_operators to None
[2025-02-11 18:54:26,375] {scheduler_job.py:190} INFO - Processing /home/airflow/.local/lib/python3.6/site-packages/airflow/example_dags/example_xcomargs.py took 1.983 seconds
[2025-02-11 18:54:56,627] {scheduler_job.py:182} INFO - Started process (PID=182) to work on /home/airflow/.local/lib/python3.6/site-packages/airflow/example_dags/example_xcomargs.py
[2025-02-11 18:54:56,630] {scheduler_job.py:633} INFO - Processing file /home/airflow/.local/lib/python3.6/site-packages/airflow/example_dags/example_xcomargs.py for tasks to queue
[2025-02-11 18:54:56,633] {logging_mixin.py:104} INFO - [2025-02-11 18:54:56,632] {dagbag.py:496} INFO - Filling up the DagBag from /home/airflow/.local/lib/python3.6/site-packages/airflow/example_dags/example_xcomargs.py
[2025-02-11 18:54:56,701] {scheduler_job.py:643} INFO - DAG(s) dict_keys(['example_xcom_args', 'example_xcom_args_with_operators']) retrieved from /home/airflow/.local/lib/python3.6/site-packages/airflow/example_dags/example_xcomargs.py
[2025-02-11 18:54:57,658] {logging_mixin.py:104} INFO - [2025-02-11 18:54:57,658] {dag.py:1833} INFO - Sync 2 DAGs
[2025-02-11 18:54:57,694] {logging_mixin.py:104} INFO - [2025-02-11 18:54:57,694] {dag.py:2306} INFO - Setting next_dagrun for example_xcom_args to None
[2025-02-11 18:54:57,697] {logging_mixin.py:104} INFO - [2025-02-11 18:54:57,696] {dag.py:2306} INFO - Setting next_dagrun for example_xcom_args_with_operators to None
[2025-02-11 18:54:57,724] {scheduler_job.py:190} INFO - Processing /home/airflow/.local/lib/python3.6/site-packages/airflow/example_dags/example_xcomargs.py took 1.107 seconds
