[2025-02-11 18:54:06,883] {scheduler_job.py:182} INFO - Started process (PID=98) to work on /home/airflow/.local/lib/python3.6/site-packages/airflow/example_dags/example_latest_only.py
[2025-02-11 18:54:06,886] {scheduler_job.py:633} INFO - Processing file /home/airflow/.local/lib/python3.6/site-packages/airflow/example_dags/example_latest_only.py for tasks to queue
[2025-02-11 18:54:06,888] {logging_mixin.py:104} INFO - [2025-02-11 18:54:06,887] {dagbag.py:496} INFO - Filling up the DagBag from /home/airflow/.local/lib/python3.6/site-packages/airflow/example_dags/example_latest_only.py
[2025-02-11 18:54:07,009] {scheduler_job.py:643} INFO - DAG(s) dict_keys(['latest_only']) retrieved from /home/airflow/.local/lib/python3.6/site-packages/airflow/example_dags/example_latest_only.py
[2025-02-11 18:54:08,895] {logging_mixin.py:104} INFO - [2025-02-11 18:54:08,895] {dag.py:1833} INFO - Sync 1 DAGs
[2025-02-11 18:54:09,024] {logging_mixin.py:104} INFO - [2025-02-11 18:54:09,024] {dag.py:2306} INFO - Setting next_dagrun for latest_only to 2025-02-09 00:00:00+00:00
[2025-02-11 18:54:09,161] {scheduler_job.py:190} INFO - Processing /home/airflow/.local/lib/python3.6/site-packages/airflow/example_dags/example_latest_only.py took 2.298 seconds
[2025-02-11 18:54:39,794] {scheduler_job.py:182} INFO - Started process (PID=150) to work on /home/airflow/.local/lib/python3.6/site-packages/airflow/example_dags/example_latest_only.py
[2025-02-11 18:54:39,798] {scheduler_job.py:633} INFO - Processing file /home/airflow/.local/lib/python3.6/site-packages/airflow/example_dags/example_latest_only.py for tasks to queue
[2025-02-11 18:54:39,800] {logging_mixin.py:104} INFO - [2025-02-11 18:54:39,799] {dagbag.py:496} INFO - Filling up the DagBag from /home/airflow/.local/lib/python3.6/site-packages/airflow/example_dags/example_latest_only.py
[2025-02-11 18:54:39,854] {scheduler_job.py:643} INFO - DAG(s) dict_keys(['latest_only']) retrieved from /home/airflow/.local/lib/python3.6/site-packages/airflow/example_dags/example_latest_only.py
[2025-02-11 18:54:39,950] {logging_mixin.py:104} INFO - [2025-02-11 18:54:39,949] {dag.py:1833} INFO - Sync 1 DAGs
[2025-02-11 18:54:40,015] {logging_mixin.py:104} INFO - [2025-02-11 18:54:40,015] {dag.py:2306} INFO - Setting next_dagrun for latest_only to 2025-02-09 00:00:00+00:00
[2025-02-11 18:54:40,049] {scheduler_job.py:190} INFO - Processing /home/airflow/.local/lib/python3.6/site-packages/airflow/example_dags/example_latest_only.py took 0.271 seconds
[2025-02-11 18:55:10,134] {scheduler_job.py:182} INFO - Started process (PID=200) to work on /home/airflow/.local/lib/python3.6/site-packages/airflow/example_dags/example_latest_only.py
[2025-02-11 18:55:10,142] {scheduler_job.py:633} INFO - Processing file /home/airflow/.local/lib/python3.6/site-packages/airflow/example_dags/example_latest_only.py for tasks to queue
[2025-02-11 18:55:10,144] {logging_mixin.py:104} INFO - [2025-02-11 18:55:10,144] {dagbag.py:496} INFO - Filling up the DagBag from /home/airflow/.local/lib/python3.6/site-packages/airflow/example_dags/example_latest_only.py
[2025-02-11 18:55:10,192] {scheduler_job.py:643} INFO - DAG(s) dict_keys(['latest_only']) retrieved from /home/airflow/.local/lib/python3.6/site-packages/airflow/example_dags/example_latest_only.py
[2025-02-11 18:55:10,270] {logging_mixin.py:104} INFO - [2025-02-11 18:55:10,270] {dag.py:1833} INFO - Sync 1 DAGs
[2025-02-11 18:55:10,325] {logging_mixin.py:104} INFO - [2025-02-11 18:55:10,324] {dag.py:2306} INFO - Setting next_dagrun for latest_only to 2025-02-09 00:00:00+00:00
[2025-02-11 18:55:10,350] {scheduler_job.py:190} INFO - Processing /home/airflow/.local/lib/python3.6/site-packages/airflow/example_dags/example_latest_only.py took 0.228 seconds
