[2025-02-11 18:54:12,913] {scheduler_job.py:182} INFO - Started process (PID=101) to work on /home/airflow/.local/lib/python3.6/site-packages/airflow/example_dags/example_trigger_target_dag.py
[2025-02-11 18:54:12,915] {scheduler_job.py:633} INFO - Processing file /home/airflow/.local/lib/python3.6/site-packages/airflow/example_dags/example_trigger_target_dag.py for tasks to queue
[2025-02-11 18:54:12,932] {logging_mixin.py:104} INFO - [2025-02-11 18:54:12,932] {dagbag.py:496} INFO - Filling up the DagBag from /home/airflow/.local/lib/python3.6/site-packages/airflow/example_dags/example_trigger_target_dag.py
[2025-02-11 18:54:13,061] {scheduler_job.py:643} INFO - DAG(s) dict_keys(['example_trigger_target_dag']) retrieved from /home/airflow/.local/lib/python3.6/site-packages/airflow/example_dags/example_trigger_target_dag.py
[2025-02-11 18:54:14,837] {logging_mixin.py:104} INFO - [2025-02-11 18:54:14,837] {dag.py:1833} INFO - Sync 1 DAGs
[2025-02-11 18:54:14,951] {logging_mixin.py:104} INFO - [2025-02-11 18:54:14,951] {dag.py:2306} INFO - Setting next_dagrun for example_trigger_target_dag to None
[2025-02-11 18:54:14,991] {scheduler_job.py:190} INFO - Processing /home/airflow/.local/lib/python3.6/site-packages/airflow/example_dags/example_trigger_target_dag.py took 2.097 seconds
[2025-02-11 18:54:45,873] {scheduler_job.py:182} INFO - Started process (PID=153) to work on /home/airflow/.local/lib/python3.6/site-packages/airflow/example_dags/example_trigger_target_dag.py
[2025-02-11 18:54:45,878] {scheduler_job.py:633} INFO - Processing file /home/airflow/.local/lib/python3.6/site-packages/airflow/example_dags/example_trigger_target_dag.py for tasks to queue
[2025-02-11 18:54:45,884] {logging_mixin.py:104} INFO - [2025-02-11 18:54:45,880] {dagbag.py:496} INFO - Filling up the DagBag from /home/airflow/.local/lib/python3.6/site-packages/airflow/example_dags/example_trigger_target_dag.py
[2025-02-11 18:54:45,954] {scheduler_job.py:643} INFO - DAG(s) dict_keys(['example_trigger_target_dag']) retrieved from /home/airflow/.local/lib/python3.6/site-packages/airflow/example_dags/example_trigger_target_dag.py
[2025-02-11 18:54:46,057] {logging_mixin.py:104} INFO - [2025-02-11 18:54:46,056] {dag.py:1833} INFO - Sync 1 DAGs
[2025-02-11 18:54:46,165] {logging_mixin.py:104} INFO - [2025-02-11 18:54:46,165] {dag.py:2306} INFO - Setting next_dagrun for example_trigger_target_dag to None
[2025-02-11 18:54:46,199] {scheduler_job.py:190} INFO - Processing /home/airflow/.local/lib/python3.6/site-packages/airflow/example_dags/example_trigger_target_dag.py took 0.344 seconds
[2025-02-11 18:55:17,043] {scheduler_job.py:182} INFO - Started process (PID=206) to work on /home/airflow/.local/lib/python3.6/site-packages/airflow/example_dags/example_trigger_target_dag.py
[2025-02-11 18:55:17,046] {scheduler_job.py:633} INFO - Processing file /home/airflow/.local/lib/python3.6/site-packages/airflow/example_dags/example_trigger_target_dag.py for tasks to queue
[2025-02-11 18:55:17,049] {logging_mixin.py:104} INFO - [2025-02-11 18:55:17,048] {dagbag.py:496} INFO - Filling up the DagBag from /home/airflow/.local/lib/python3.6/site-packages/airflow/example_dags/example_trigger_target_dag.py
[2025-02-11 18:55:17,093] {scheduler_job.py:643} INFO - DAG(s) dict_keys(['example_trigger_target_dag']) retrieved from /home/airflow/.local/lib/python3.6/site-packages/airflow/example_dags/example_trigger_target_dag.py
[2025-02-11 18:55:17,164] {logging_mixin.py:104} INFO - [2025-02-11 18:55:17,163] {dag.py:1833} INFO - Sync 1 DAGs
[2025-02-11 18:55:17,224] {logging_mixin.py:104} INFO - [2025-02-11 18:55:17,224] {dag.py:2306} INFO - Setting next_dagrun for example_trigger_target_dag to None
[2025-02-11 18:55:17,254] {scheduler_job.py:190} INFO - Processing /home/airflow/.local/lib/python3.6/site-packages/airflow/example_dags/example_trigger_target_dag.py took 0.222 seconds
