[2025-02-11 18:53:49,284] {scheduler_job.py:182} INFO - Started process (PID=72) to work on /home/airflow/.local/lib/python3.6/site-packages/airflow/example_dags/example_task_group.py
[2025-02-11 18:53:49,290] {scheduler_job.py:633} INFO - Processing file /home/airflow/.local/lib/python3.6/site-packages/airflow/example_dags/example_task_group.py for tasks to queue
[2025-02-11 18:53:49,292] {logging_mixin.py:104} INFO - [2025-02-11 18:53:49,292] {dagbag.py:496} INFO - Filling up the DagBag from /home/airflow/.local/lib/python3.6/site-packages/airflow/example_dags/example_task_group.py
[2025-02-11 18:53:49,385] {scheduler_job.py:643} INFO - DAG(s) dict_keys(['example_task_group']) retrieved from /home/airflow/.local/lib/python3.6/site-packages/airflow/example_dags/example_task_group.py
[2025-02-11 18:53:50,805] {logging_mixin.py:104} INFO - [2025-02-11 18:53:50,805] {dag.py:1833} INFO - Sync 1 DAGs
[2025-02-11 18:53:50,848] {logging_mixin.py:104} INFO - [2025-02-11 18:53:50,847] {dag.py:2306} INFO - Setting next_dagrun for example_task_group to 2025-02-09 00:00:00+00:00
[2025-02-11 18:53:50,893] {scheduler_job.py:190} INFO - Processing /home/airflow/.local/lib/python3.6/site-packages/airflow/example_dags/example_task_group.py took 1.620 seconds
[2025-02-11 18:54:21,910] {scheduler_job.py:182} INFO - Started process (PID=123) to work on /home/airflow/.local/lib/python3.6/site-packages/airflow/example_dags/example_task_group.py
[2025-02-11 18:54:21,922] {scheduler_job.py:633} INFO - Processing file /home/airflow/.local/lib/python3.6/site-packages/airflow/example_dags/example_task_group.py for tasks to queue
[2025-02-11 18:54:21,926] {logging_mixin.py:104} INFO - [2025-02-11 18:54:21,926] {dagbag.py:496} INFO - Filling up the DagBag from /home/airflow/.local/lib/python3.6/site-packages/airflow/example_dags/example_task_group.py
[2025-02-11 18:54:22,322] {scheduler_job.py:643} INFO - DAG(s) dict_keys(['example_task_group']) retrieved from /home/airflow/.local/lib/python3.6/site-packages/airflow/example_dags/example_task_group.py
[2025-02-11 18:54:22,544] {logging_mixin.py:104} INFO - [2025-02-11 18:54:22,543] {dag.py:1833} INFO - Sync 1 DAGs
[2025-02-11 18:54:22,658] {logging_mixin.py:104} INFO - [2025-02-11 18:54:22,658] {dag.py:2306} INFO - Setting next_dagrun for example_task_group to 2025-02-09 00:00:00+00:00
[2025-02-11 18:54:22,754] {scheduler_job.py:190} INFO - Processing /home/airflow/.local/lib/python3.6/site-packages/airflow/example_dags/example_task_group.py took 0.906 seconds
[2025-02-11 18:54:53,366] {scheduler_job.py:182} INFO - Started process (PID=173) to work on /home/airflow/.local/lib/python3.6/site-packages/airflow/example_dags/example_task_group.py
[2025-02-11 18:54:53,369] {scheduler_job.py:633} INFO - Processing file /home/airflow/.local/lib/python3.6/site-packages/airflow/example_dags/example_task_group.py for tasks to queue
[2025-02-11 18:54:53,372] {logging_mixin.py:104} INFO - [2025-02-11 18:54:53,371] {dagbag.py:496} INFO - Filling up the DagBag from /home/airflow/.local/lib/python3.6/site-packages/airflow/example_dags/example_task_group.py
[2025-02-11 18:54:53,431] {scheduler_job.py:643} INFO - DAG(s) dict_keys(['example_task_group']) retrieved from /home/airflow/.local/lib/python3.6/site-packages/airflow/example_dags/example_task_group.py
[2025-02-11 18:54:53,536] {logging_mixin.py:104} INFO - [2025-02-11 18:54:53,536] {dag.py:1833} INFO - Sync 1 DAGs
[2025-02-11 18:54:53,598] {logging_mixin.py:104} INFO - [2025-02-11 18:54:53,598] {dag.py:2306} INFO - Setting next_dagrun for example_task_group to 2025-02-09 00:00:00+00:00
[2025-02-11 18:54:53,631] {scheduler_job.py:190} INFO - Processing /home/airflow/.local/lib/python3.6/site-packages/airflow/example_dags/example_task_group.py took 0.275 seconds
