[2025-02-11 18:54:18,557] {scheduler_job.py:182} INFO - Started process (PID=118) to work on /home/airflow/.local/lib/python3.6/site-packages/airflow/example_dags/example_subdag_operator.py
[2025-02-11 18:54:18,572] {scheduler_job.py:633} INFO - Processing file /home/airflow/.local/lib/python3.6/site-packages/airflow/example_dags/example_subdag_operator.py for tasks to queue
[2025-02-11 18:54:18,613] {logging_mixin.py:104} INFO - [2025-02-11 18:54:18,612] {dagbag.py:496} INFO - Filling up the DagBag from /home/airflow/.local/lib/python3.6/site-packages/airflow/example_dags/example_subdag_operator.py
[2025-02-11 18:54:19,004] {scheduler_job.py:643} INFO - DAG(s) dict_keys(['example_subdag_operator.section-1', 'example_subdag_operator.section-2', 'example_subdag_operator']) retrieved from /home/airflow/.local/lib/python3.6/site-packages/airflow/example_dags/example_subdag_operator.py
[2025-02-11 18:54:20,528] {logging_mixin.py:104} INFO - [2025-02-11 18:54:20,527] {dag.py:1833} INFO - Sync 3 DAGs
[2025-02-11 18:54:20,728] {logging_mixin.py:104} INFO - [2025-02-11 18:54:20,728] {dag.py:2306} INFO - Setting next_dagrun for example_subdag_operator to 2025-02-09 00:00:00+00:00
[2025-02-11 18:54:20,732] {logging_mixin.py:104} INFO - [2025-02-11 18:54:20,731] {dag.py:2306} INFO - Setting next_dagrun for example_subdag_operator.section-1 to None
[2025-02-11 18:54:20,733] {logging_mixin.py:104} INFO - [2025-02-11 18:54:20,732] {dag.py:2306} INFO - Setting next_dagrun for example_subdag_operator.section-2 to None
[2025-02-11 18:54:20,809] {logging_mixin.py:104} INFO - [2025-02-11 18:54:20,808] {dag.py:1833} INFO - Sync 2 DAGs
[2025-02-11 18:54:20,838] {logging_mixin.py:104} INFO - [2025-02-11 18:54:20,838] {dag.py:2306} INFO - Setting next_dagrun for example_subdag_operator.section-1 to None
[2025-02-11 18:54:20,838] {logging_mixin.py:104} INFO - [2025-02-11 18:54:20,838] {dag.py:2306} INFO - Setting next_dagrun for example_subdag_operator.section-2 to None
[2025-02-11 18:54:20,877] {scheduler_job.py:190} INFO - Processing /home/airflow/.local/lib/python3.6/site-packages/airflow/example_dags/example_subdag_operator.py took 2.329 seconds
[2025-02-11 18:54:51,126] {scheduler_job.py:182} INFO - Started process (PID=161) to work on /home/airflow/.local/lib/python3.6/site-packages/airflow/example_dags/example_subdag_operator.py
[2025-02-11 18:54:51,129] {scheduler_job.py:633} INFO - Processing file /home/airflow/.local/lib/python3.6/site-packages/airflow/example_dags/example_subdag_operator.py for tasks to queue
[2025-02-11 18:54:51,130] {logging_mixin.py:104} INFO - [2025-02-11 18:54:51,130] {dagbag.py:496} INFO - Filling up the DagBag from /home/airflow/.local/lib/python3.6/site-packages/airflow/example_dags/example_subdag_operator.py
[2025-02-11 18:54:51,207] {scheduler_job.py:643} INFO - DAG(s) dict_keys(['example_subdag_operator.section-1', 'example_subdag_operator.section-2', 'example_subdag_operator']) retrieved from /home/airflow/.local/lib/python3.6/site-packages/airflow/example_dags/example_subdag_operator.py
[2025-02-11 18:54:51,234] {logging_mixin.py:104} INFO - [2025-02-11 18:54:51,233] {dag.py:1833} INFO - Sync 3 DAGs
[2025-02-11 18:54:51,274] {logging_mixin.py:104} INFO - [2025-02-11 18:54:51,273] {dag.py:2306} INFO - Setting next_dagrun for example_subdag_operator to 2025-02-09 00:00:00+00:00
[2025-02-11 18:54:51,276] {logging_mixin.py:104} INFO - [2025-02-11 18:54:51,276] {dag.py:2306} INFO - Setting next_dagrun for example_subdag_operator.section-1 to None
[2025-02-11 18:54:51,276] {logging_mixin.py:104} INFO - [2025-02-11 18:54:51,276] {dag.py:2306} INFO - Setting next_dagrun for example_subdag_operator.section-2 to None
[2025-02-11 18:54:51,293] {logging_mixin.py:104} INFO - [2025-02-11 18:54:51,293] {dag.py:1833} INFO - Sync 2 DAGs
[2025-02-11 18:54:51,310] {logging_mixin.py:104} INFO - [2025-02-11 18:54:51,310] {dag.py:2306} INFO - Setting next_dagrun for example_subdag_operator.section-1 to None
[2025-02-11 18:54:51,311] {logging_mixin.py:104} INFO - [2025-02-11 18:54:51,310] {dag.py:2306} INFO - Setting next_dagrun for example_subdag_operator.section-2 to None
[2025-02-11 18:54:51,325] {scheduler_job.py:190} INFO - Processing /home/airflow/.local/lib/python3.6/site-packages/airflow/example_dags/example_subdag_operator.py took 0.205 seconds
