[2025-02-11 18:53:58,024] {scheduler_job.py:182} INFO - Started process (PID=93) to work on /home/airflow/.local/lib/python3.6/site-packages/airflow/example_dags/example_python_operator.py
[2025-02-11 18:53:58,047] {scheduler_job.py:633} INFO - Processing file /home/airflow/.local/lib/python3.6/site-packages/airflow/example_dags/example_python_operator.py for tasks to queue
[2025-02-11 18:53:58,058] {logging_mixin.py:104} INFO - [2025-02-11 18:53:58,057] {dagbag.py:496} INFO - Filling up the DagBag from /home/airflow/.local/lib/python3.6/site-packages/airflow/example_dags/example_python_operator.py
[2025-02-11 18:53:58,309] {scheduler_job.py:643} INFO - DAG(s) dict_keys(['example_python_operator']) retrieved from /home/airflow/.local/lib/python3.6/site-packages/airflow/example_dags/example_python_operator.py
[2025-02-11 18:54:01,936] {logging_mixin.py:104} INFO - [2025-02-11 18:54:01,936] {dag.py:1833} INFO - Sync 1 DAGs
[2025-02-11 18:54:02,056] {logging_mixin.py:104} INFO - [2025-02-11 18:54:02,056] {dag.py:2306} INFO - Setting next_dagrun for example_python_operator to None
[2025-02-11 18:54:02,160] {scheduler_job.py:190} INFO - Processing /home/airflow/.local/lib/python3.6/site-packages/airflow/example_dags/example_python_operator.py took 4.187 seconds
[2025-02-11 18:54:32,316] {scheduler_job.py:182} INFO - Started process (PID=134) to work on /home/airflow/.local/lib/python3.6/site-packages/airflow/example_dags/example_python_operator.py
[2025-02-11 18:54:32,323] {scheduler_job.py:633} INFO - Processing file /home/airflow/.local/lib/python3.6/site-packages/airflow/example_dags/example_python_operator.py for tasks to queue
[2025-02-11 18:54:32,356] {logging_mixin.py:104} INFO - [2025-02-11 18:54:32,356] {dagbag.py:496} INFO - Filling up the DagBag from /home/airflow/.local/lib/python3.6/site-packages/airflow/example_dags/example_python_operator.py
[2025-02-11 18:54:32,468] {scheduler_job.py:643} INFO - DAG(s) dict_keys(['example_python_operator']) retrieved from /home/airflow/.local/lib/python3.6/site-packages/airflow/example_dags/example_python_operator.py
[2025-02-11 18:54:32,650] {logging_mixin.py:104} INFO - [2025-02-11 18:54:32,650] {dag.py:1833} INFO - Sync 1 DAGs
[2025-02-11 18:54:32,810] {logging_mixin.py:104} INFO - [2025-02-11 18:54:32,810] {dag.py:2306} INFO - Setting next_dagrun for example_python_operator to None
[2025-02-11 18:54:32,861] {scheduler_job.py:190} INFO - Processing /home/airflow/.local/lib/python3.6/site-packages/airflow/example_dags/example_python_operator.py took 0.572 seconds
[2025-02-11 18:55:02,972] {scheduler_job.py:182} INFO - Started process (PID=186) to work on /home/airflow/.local/lib/python3.6/site-packages/airflow/example_dags/example_python_operator.py
[2025-02-11 18:55:02,976] {scheduler_job.py:633} INFO - Processing file /home/airflow/.local/lib/python3.6/site-packages/airflow/example_dags/example_python_operator.py for tasks to queue
[2025-02-11 18:55:02,978] {logging_mixin.py:104} INFO - [2025-02-11 18:55:02,977] {dagbag.py:496} INFO - Filling up the DagBag from /home/airflow/.local/lib/python3.6/site-packages/airflow/example_dags/example_python_operator.py
[2025-02-11 18:55:03,037] {scheduler_job.py:643} INFO - DAG(s) dict_keys(['example_python_operator']) retrieved from /home/airflow/.local/lib/python3.6/site-packages/airflow/example_dags/example_python_operator.py
[2025-02-11 18:55:03,090] {logging_mixin.py:104} INFO - [2025-02-11 18:55:03,090] {dag.py:1833} INFO - Sync 1 DAGs
[2025-02-11 18:55:03,116] {logging_mixin.py:104} INFO - [2025-02-11 18:55:03,116] {dag.py:2306} INFO - Setting next_dagrun for example_python_operator to None
[2025-02-11 18:55:03,133] {scheduler_job.py:190} INFO - Processing /home/airflow/.local/lib/python3.6/site-packages/airflow/example_dags/example_python_operator.py took 0.179 seconds
