[2025-02-11 18:54:13,831] {scheduler_job.py:182} INFO - Started process (PID=102) to work on /home/airflow/.local/lib/python3.6/site-packages/airflow/example_dags/example_kubernetes_executor_config.py
[2025-02-11 18:54:13,846] {scheduler_job.py:633} INFO - Processing file /home/airflow/.local/lib/python3.6/site-packages/airflow/example_dags/example_kubernetes_executor_config.py for tasks to queue
[2025-02-11 18:54:13,848] {logging_mixin.py:104} INFO - [2025-02-11 18:54:13,847] {dagbag.py:496} INFO - Filling up the DagBag from /home/airflow/.local/lib/python3.6/site-packages/airflow/example_dags/example_kubernetes_executor_config.py
[2025-02-11 18:54:13,949] {scheduler_job.py:643} INFO - DAG(s) dict_keys(['example_kubernetes_executor_config']) retrieved from /home/airflow/.local/lib/python3.6/site-packages/airflow/example_dags/example_kubernetes_executor_config.py
[2025-02-11 18:54:15,153] {logging_mixin.py:104} INFO - [2025-02-11 18:54:15,152] {dag.py:1833} INFO - Sync 1 DAGs
[2025-02-11 18:54:15,249] {logging_mixin.py:104} INFO - [2025-02-11 18:54:15,248] {dag.py:2306} INFO - Setting next_dagrun for example_kubernetes_executor_config to None
[2025-02-11 18:54:15,303] {scheduler_job.py:190} INFO - Processing /home/airflow/.local/lib/python3.6/site-packages/airflow/example_dags/example_kubernetes_executor_config.py took 1.483 seconds
[2025-02-11 18:54:45,879] {scheduler_job.py:182} INFO - Started process (PID=154) to work on /home/airflow/.local/lib/python3.6/site-packages/airflow/example_dags/example_kubernetes_executor_config.py
[2025-02-11 18:54:45,881] {scheduler_job.py:633} INFO - Processing file /home/airflow/.local/lib/python3.6/site-packages/airflow/example_dags/example_kubernetes_executor_config.py for tasks to queue
[2025-02-11 18:54:45,883] {logging_mixin.py:104} INFO - [2025-02-11 18:54:45,883] {dagbag.py:496} INFO - Filling up the DagBag from /home/airflow/.local/lib/python3.6/site-packages/airflow/example_dags/example_kubernetes_executor_config.py
[2025-02-11 18:54:46,187] {scheduler_job.py:643} INFO - DAG(s) dict_keys(['example_kubernetes_executor_config']) retrieved from /home/airflow/.local/lib/python3.6/site-packages/airflow/example_dags/example_kubernetes_executor_config.py
[2025-02-11 18:54:46,423] {logging_mixin.py:104} INFO - [2025-02-11 18:54:46,423] {dag.py:1833} INFO - Sync 1 DAGs
[2025-02-11 18:54:46,487] {logging_mixin.py:104} INFO - [2025-02-11 18:54:46,486] {dag.py:2306} INFO - Setting next_dagrun for example_kubernetes_executor_config to None
[2025-02-11 18:54:46,517] {scheduler_job.py:190} INFO - Processing /home/airflow/.local/lib/python3.6/site-packages/airflow/example_dags/example_kubernetes_executor_config.py took 0.649 seconds
[2025-02-11 18:55:17,051] {scheduler_job.py:182} INFO - Started process (PID=207) to work on /home/airflow/.local/lib/python3.6/site-packages/airflow/example_dags/example_kubernetes_executor_config.py
[2025-02-11 18:55:17,054] {scheduler_job.py:633} INFO - Processing file /home/airflow/.local/lib/python3.6/site-packages/airflow/example_dags/example_kubernetes_executor_config.py for tasks to queue
[2025-02-11 18:55:17,056] {logging_mixin.py:104} INFO - [2025-02-11 18:55:17,056] {dagbag.py:496} INFO - Filling up the DagBag from /home/airflow/.local/lib/python3.6/site-packages/airflow/example_dags/example_kubernetes_executor_config.py
[2025-02-11 18:55:17,104] {scheduler_job.py:643} INFO - DAG(s) dict_keys(['example_kubernetes_executor_config']) retrieved from /home/airflow/.local/lib/python3.6/site-packages/airflow/example_dags/example_kubernetes_executor_config.py
[2025-02-11 18:55:17,194] {logging_mixin.py:104} INFO - [2025-02-11 18:55:17,193] {dag.py:1833} INFO - Sync 1 DAGs
[2025-02-11 18:55:17,245] {logging_mixin.py:104} INFO - [2025-02-11 18:55:17,245] {dag.py:2306} INFO - Setting next_dagrun for example_kubernetes_executor_config to None
[2025-02-11 18:55:17,280] {scheduler_job.py:190} INFO - Processing /home/airflow/.local/lib/python3.6/site-packages/airflow/example_dags/example_kubernetes_executor_config.py took 0.240 seconds
