[2025-02-11 18:54:06,591] {scheduler_job.py:182} INFO - Started process (PID=97) to work on /home/airflow/.local/lib/python3.6/site-packages/airflow/example_dags/example_short_circuit_operator.py
[2025-02-11 18:54:06,602] {scheduler_job.py:633} INFO - Processing file /home/airflow/.local/lib/python3.6/site-packages/airflow/example_dags/example_short_circuit_operator.py for tasks to queue
[2025-02-11 18:54:06,606] {logging_mixin.py:104} INFO - [2025-02-11 18:54:06,605] {dagbag.py:496} INFO - Filling up the DagBag from /home/airflow/.local/lib/python3.6/site-packages/airflow/example_dags/example_short_circuit_operator.py
[2025-02-11 18:54:06,754] {scheduler_job.py:643} INFO - DAG(s) dict_keys(['example_short_circuit_operator']) retrieved from /home/airflow/.local/lib/python3.6/site-packages/airflow/example_dags/example_short_circuit_operator.py
[2025-02-11 18:54:09,040] {logging_mixin.py:104} INFO - [2025-02-11 18:54:09,027] {dag.py:1833} INFO - Sync 1 DAGs
[2025-02-11 18:54:09,189] {logging_mixin.py:104} INFO - [2025-02-11 18:54:09,189] {dag.py:2306} INFO - Setting next_dagrun for example_short_circuit_operator to 2025-02-09 00:00:00+00:00
[2025-02-11 18:54:09,361] {scheduler_job.py:190} INFO - Processing /home/airflow/.local/lib/python3.6/site-packages/airflow/example_dags/example_short_circuit_operator.py took 2.806 seconds
[2025-02-11 18:54:39,787] {scheduler_job.py:182} INFO - Started process (PID=149) to work on /home/airflow/.local/lib/python3.6/site-packages/airflow/example_dags/example_short_circuit_operator.py
[2025-02-11 18:54:39,791] {scheduler_job.py:633} INFO - Processing file /home/airflow/.local/lib/python3.6/site-packages/airflow/example_dags/example_short_circuit_operator.py for tasks to queue
[2025-02-11 18:54:39,793] {logging_mixin.py:104} INFO - [2025-02-11 18:54:39,792] {dagbag.py:496} INFO - Filling up the DagBag from /home/airflow/.local/lib/python3.6/site-packages/airflow/example_dags/example_short_circuit_operator.py
[2025-02-11 18:54:39,846] {scheduler_job.py:643} INFO - DAG(s) dict_keys(['example_short_circuit_operator']) retrieved from /home/airflow/.local/lib/python3.6/site-packages/airflow/example_dags/example_short_circuit_operator.py
[2025-02-11 18:54:40,014] {logging_mixin.py:104} INFO - [2025-02-11 18:54:40,014] {dag.py:1833} INFO - Sync 1 DAGs
[2025-02-11 18:54:40,071] {logging_mixin.py:104} INFO - [2025-02-11 18:54:40,071] {dag.py:2306} INFO - Setting next_dagrun for example_short_circuit_operator to 2025-02-09 00:00:00+00:00
[2025-02-11 18:54:40,103] {scheduler_job.py:190} INFO - Processing /home/airflow/.local/lib/python3.6/site-packages/airflow/example_dags/example_short_circuit_operator.py took 0.370 seconds
[2025-02-11 18:55:10,204] {scheduler_job.py:182} INFO - Started process (PID=201) to work on /home/airflow/.local/lib/python3.6/site-packages/airflow/example_dags/example_short_circuit_operator.py
[2025-02-11 18:55:10,209] {scheduler_job.py:633} INFO - Processing file /home/airflow/.local/lib/python3.6/site-packages/airflow/example_dags/example_short_circuit_operator.py for tasks to queue
[2025-02-11 18:55:10,212] {logging_mixin.py:104} INFO - [2025-02-11 18:55:10,211] {dagbag.py:496} INFO - Filling up the DagBag from /home/airflow/.local/lib/python3.6/site-packages/airflow/example_dags/example_short_circuit_operator.py
[2025-02-11 18:55:10,255] {scheduler_job.py:643} INFO - DAG(s) dict_keys(['example_short_circuit_operator']) retrieved from /home/airflow/.local/lib/python3.6/site-packages/airflow/example_dags/example_short_circuit_operator.py
[2025-02-11 18:55:10,331] {logging_mixin.py:104} INFO - [2025-02-11 18:55:10,331] {dag.py:1833} INFO - Sync 1 DAGs
[2025-02-11 18:55:10,372] {logging_mixin.py:104} INFO - [2025-02-11 18:55:10,372] {dag.py:2306} INFO - Setting next_dagrun for example_short_circuit_operator to 2025-02-09 00:00:00+00:00
[2025-02-11 18:55:10,396] {scheduler_job.py:190} INFO - Processing /home/airflow/.local/lib/python3.6/site-packages/airflow/example_dags/example_short_circuit_operator.py took 0.203 seconds
