[2025-02-11 18:54:15,376] {scheduler_job.py:182} INFO - Started process (PID=111) to work on /home/airflow/.local/lib/python3.6/site-packages/airflow/example_dags/example_branch_day_of_week_operator.py
[2025-02-11 18:54:15,379] {scheduler_job.py:633} INFO - Processing file /home/airflow/.local/lib/python3.6/site-packages/airflow/example_dags/example_branch_day_of_week_operator.py for tasks to queue
[2025-02-11 18:54:15,380] {logging_mixin.py:104} INFO - [2025-02-11 18:54:15,380] {dagbag.py:496} INFO - Filling up the DagBag from /home/airflow/.local/lib/python3.6/site-packages/airflow/example_dags/example_branch_day_of_week_operator.py
[2025-02-11 18:54:15,432] {scheduler_job.py:643} INFO - DAG(s) dict_keys(['example_weekday_branch_operator']) retrieved from /home/airflow/.local/lib/python3.6/site-packages/airflow/example_dags/example_branch_day_of_week_operator.py
[2025-02-11 18:54:16,382] {logging_mixin.py:104} INFO - [2025-02-11 18:54:16,382] {dag.py:1833} INFO - Sync 1 DAGs
[2025-02-11 18:54:16,450] {logging_mixin.py:104} INFO - [2025-02-11 18:54:16,450] {dag.py:2306} INFO - Setting next_dagrun for example_weekday_branch_operator to 2025-02-09 00:00:00+00:00
[2025-02-11 18:54:16,507] {scheduler_job.py:190} INFO - Processing /home/airflow/.local/lib/python3.6/site-packages/airflow/example_dags/example_branch_day_of_week_operator.py took 1.158 seconds
[2025-02-11 18:54:46,817] {scheduler_job.py:182} INFO - Started process (PID=156) to work on /home/airflow/.local/lib/python3.6/site-packages/airflow/example_dags/example_branch_day_of_week_operator.py
[2025-02-11 18:54:46,820] {scheduler_job.py:633} INFO - Processing file /home/airflow/.local/lib/python3.6/site-packages/airflow/example_dags/example_branch_day_of_week_operator.py for tasks to queue
[2025-02-11 18:54:46,822] {logging_mixin.py:104} INFO - [2025-02-11 18:54:46,821] {dagbag.py:496} INFO - Filling up the DagBag from /home/airflow/.local/lib/python3.6/site-packages/airflow/example_dags/example_branch_day_of_week_operator.py
[2025-02-11 18:54:46,872] {scheduler_job.py:643} INFO - DAG(s) dict_keys(['example_weekday_branch_operator']) retrieved from /home/airflow/.local/lib/python3.6/site-packages/airflow/example_dags/example_branch_day_of_week_operator.py
[2025-02-11 18:54:46,921] {logging_mixin.py:104} INFO - [2025-02-11 18:54:46,921] {dag.py:1833} INFO - Sync 1 DAGs
[2025-02-11 18:54:46,957] {logging_mixin.py:104} INFO - [2025-02-11 18:54:46,957] {dag.py:2306} INFO - Setting next_dagrun for example_weekday_branch_operator to 2025-02-09 00:00:00+00:00
[2025-02-11 18:54:46,979] {scheduler_job.py:190} INFO - Processing /home/airflow/.local/lib/python3.6/site-packages/airflow/example_dags/example_branch_day_of_week_operator.py took 0.171 seconds
[2025-02-11 18:55:17,330] {scheduler_job.py:182} INFO - Started process (PID=209) to work on /home/airflow/.local/lib/python3.6/site-packages/airflow/example_dags/example_branch_day_of_week_operator.py
[2025-02-11 18:55:17,332] {scheduler_job.py:633} INFO - Processing file /home/airflow/.local/lib/python3.6/site-packages/airflow/example_dags/example_branch_day_of_week_operator.py for tasks to queue
[2025-02-11 18:55:17,334] {logging_mixin.py:104} INFO - [2025-02-11 18:55:17,334] {dagbag.py:496} INFO - Filling up the DagBag from /home/airflow/.local/lib/python3.6/site-packages/airflow/example_dags/example_branch_day_of_week_operator.py
[2025-02-11 18:55:17,366] {scheduler_job.py:643} INFO - DAG(s) dict_keys(['example_weekday_branch_operator']) retrieved from /home/airflow/.local/lib/python3.6/site-packages/airflow/example_dags/example_branch_day_of_week_operator.py
[2025-02-11 18:55:17,416] {logging_mixin.py:104} INFO - [2025-02-11 18:55:17,416] {dag.py:1833} INFO - Sync 1 DAGs
[2025-02-11 18:55:17,444] {logging_mixin.py:104} INFO - [2025-02-11 18:55:17,444] {dag.py:2306} INFO - Setting next_dagrun for example_weekday_branch_operator to 2025-02-09 00:00:00+00:00
[2025-02-11 18:55:17,459] {scheduler_job.py:190} INFO - Processing /home/airflow/.local/lib/python3.6/site-packages/airflow/example_dags/example_branch_day_of_week_operator.py took 0.137 seconds
