[2025-02-11 18:54:09,330] {scheduler_job.py:182} INFO - Started process (PID=99) to work on /home/airflow/.local/lib/python3.6/site-packages/airflow/example_dags/example_bash_operator.py
[2025-02-11 18:54:09,332] {scheduler_job.py:633} INFO - Processing file /home/airflow/.local/lib/python3.6/site-packages/airflow/example_dags/example_bash_operator.py for tasks to queue
[2025-02-11 18:54:09,347] {logging_mixin.py:104} INFO - [2025-02-11 18:54:09,347] {dagbag.py:496} INFO - Filling up the DagBag from /home/airflow/.local/lib/python3.6/site-packages/airflow/example_dags/example_bash_operator.py
[2025-02-11 18:54:09,630] {scheduler_job.py:643} INFO - DAG(s) dict_keys(['example_bash_operator']) retrieved from /home/airflow/.local/lib/python3.6/site-packages/airflow/example_dags/example_bash_operator.py
[2025-02-11 18:54:12,486] {logging_mixin.py:104} INFO - [2025-02-11 18:54:12,486] {dag.py:1833} INFO - Sync 1 DAGs
[2025-02-11 18:54:12,650] {logging_mixin.py:104} INFO - [2025-02-11 18:54:12,650] {dag.py:2306} INFO - Setting next_dagrun for example_bash_operator to 2025-02-09 00:00:00+00:00
[2025-02-11 18:54:12,736] {scheduler_job.py:190} INFO - Processing /home/airflow/.local/lib/python3.6/site-packages/airflow/example_dags/example_bash_operator.py took 3.456 seconds
[2025-02-11 18:54:43,224] {scheduler_job.py:182} INFO - Started process (PID=151) to work on /home/airflow/.local/lib/python3.6/site-packages/airflow/example_dags/example_bash_operator.py
[2025-02-11 18:54:43,245] {scheduler_job.py:633} INFO - Processing file /home/airflow/.local/lib/python3.6/site-packages/airflow/example_dags/example_bash_operator.py for tasks to queue
[2025-02-11 18:54:43,246] {logging_mixin.py:104} INFO - [2025-02-11 18:54:43,246] {dagbag.py:496} INFO - Filling up the DagBag from /home/airflow/.local/lib/python3.6/site-packages/airflow/example_dags/example_bash_operator.py
[2025-02-11 18:54:43,406] {scheduler_job.py:643} INFO - DAG(s) dict_keys(['example_bash_operator']) retrieved from /home/airflow/.local/lib/python3.6/site-packages/airflow/example_dags/example_bash_operator.py
[2025-02-11 18:54:43,580] {logging_mixin.py:104} INFO - [2025-02-11 18:54:43,579] {dag.py:1833} INFO - Sync 1 DAGs
[2025-02-11 18:54:43,701] {logging_mixin.py:104} INFO - [2025-02-11 18:54:43,700] {dag.py:2306} INFO - Setting next_dagrun for example_bash_operator to 2025-02-09 00:00:00+00:00
[2025-02-11 18:54:43,763] {scheduler_job.py:190} INFO - Processing /home/airflow/.local/lib/python3.6/site-packages/airflow/example_dags/example_bash_operator.py took 0.573 seconds
[2025-02-11 18:55:14,424] {scheduler_job.py:182} INFO - Started process (PID=202) to work on /home/airflow/.local/lib/python3.6/site-packages/airflow/example_dags/example_bash_operator.py
[2025-02-11 18:55:14,426] {scheduler_job.py:633} INFO - Processing file /home/airflow/.local/lib/python3.6/site-packages/airflow/example_dags/example_bash_operator.py for tasks to queue
[2025-02-11 18:55:14,427] {logging_mixin.py:104} INFO - [2025-02-11 18:55:14,427] {dagbag.py:496} INFO - Filling up the DagBag from /home/airflow/.local/lib/python3.6/site-packages/airflow/example_dags/example_bash_operator.py
[2025-02-11 18:55:14,492] {scheduler_job.py:643} INFO - DAG(s) dict_keys(['example_bash_operator']) retrieved from /home/airflow/.local/lib/python3.6/site-packages/airflow/example_dags/example_bash_operator.py
[2025-02-11 18:55:14,564] {logging_mixin.py:104} INFO - [2025-02-11 18:55:14,564] {dag.py:1833} INFO - Sync 1 DAGs
[2025-02-11 18:55:14,611] {logging_mixin.py:104} INFO - [2025-02-11 18:55:14,611] {dag.py:2306} INFO - Setting next_dagrun for example_bash_operator to 2025-02-09 00:00:00+00:00
[2025-02-11 18:55:14,633] {scheduler_job.py:190} INFO - Processing /home/airflow/.local/lib/python3.6/site-packages/airflow/example_dags/example_bash_operator.py took 0.220 seconds
