[2025-02-11 18:53:54,525] {scheduler_job.py:182} INFO - Started process (PID=80) to work on /home/airflow/.local/lib/python3.6/site-packages/airflow/example_dags/example_complex.py
[2025-02-11 18:53:54,528] {scheduler_job.py:633} INFO - Processing file /home/airflow/.local/lib/python3.6/site-packages/airflow/example_dags/example_complex.py for tasks to queue
[2025-02-11 18:53:54,530] {logging_mixin.py:104} INFO - [2025-02-11 18:53:54,529] {dagbag.py:496} INFO - Filling up the DagBag from /home/airflow/.local/lib/python3.6/site-packages/airflow/example_dags/example_complex.py
[2025-02-11 18:53:54,581] {scheduler_job.py:643} INFO - DAG(s) dict_keys(['example_complex']) retrieved from /home/airflow/.local/lib/python3.6/site-packages/airflow/example_dags/example_complex.py
[2025-02-11 18:53:56,007] {logging_mixin.py:104} INFO - [2025-02-11 18:53:56,006] {dag.py:1833} INFO - Sync 1 DAGs
[2025-02-11 18:53:56,063] {logging_mixin.py:104} INFO - [2025-02-11 18:53:56,063] {dag.py:2306} INFO - Setting next_dagrun for example_complex to None
[2025-02-11 18:53:56,105] {scheduler_job.py:190} INFO - Processing /home/airflow/.local/lib/python3.6/site-packages/airflow/example_dags/example_complex.py took 1.589 seconds
[2025-02-11 18:54:26,337] {scheduler_job.py:182} INFO - Started process (PID=131) to work on /home/airflow/.local/lib/python3.6/site-packages/airflow/example_dags/example_complex.py
[2025-02-11 18:54:26,345] {scheduler_job.py:633} INFO - Processing file /home/airflow/.local/lib/python3.6/site-packages/airflow/example_dags/example_complex.py for tasks to queue
[2025-02-11 18:54:26,346] {logging_mixin.py:104} INFO - [2025-02-11 18:54:26,346] {dagbag.py:496} INFO - Filling up the DagBag from /home/airflow/.local/lib/python3.6/site-packages/airflow/example_dags/example_complex.py
[2025-02-11 18:54:26,521] {scheduler_job.py:643} INFO - DAG(s) dict_keys(['example_complex']) retrieved from /home/airflow/.local/lib/python3.6/site-packages/airflow/example_dags/example_complex.py
[2025-02-11 18:54:26,674] {logging_mixin.py:104} INFO - [2025-02-11 18:54:26,670] {dag.py:1833} INFO - Sync 1 DAGs
[2025-02-11 18:54:26,770] {logging_mixin.py:104} INFO - [2025-02-11 18:54:26,768] {dag.py:2306} INFO - Setting next_dagrun for example_complex to None
[2025-02-11 18:54:26,810] {scheduler_job.py:190} INFO - Processing /home/airflow/.local/lib/python3.6/site-packages/airflow/example_dags/example_complex.py took 0.499 seconds
[2025-02-11 18:54:57,364] {scheduler_job.py:182} INFO - Started process (PID=183) to work on /home/airflow/.local/lib/python3.6/site-packages/airflow/example_dags/example_complex.py
[2025-02-11 18:54:57,368] {scheduler_job.py:633} INFO - Processing file /home/airflow/.local/lib/python3.6/site-packages/airflow/example_dags/example_complex.py for tasks to queue
[2025-02-11 18:54:57,371] {logging_mixin.py:104} INFO - [2025-02-11 18:54:57,371] {dagbag.py:496} INFO - Filling up the DagBag from /home/airflow/.local/lib/python3.6/site-packages/airflow/example_dags/example_complex.py
[2025-02-11 18:54:57,473] {scheduler_job.py:643} INFO - DAG(s) dict_keys(['example_complex']) retrieved from /home/airflow/.local/lib/python3.6/site-packages/airflow/example_dags/example_complex.py
[2025-02-11 18:54:57,619] {logging_mixin.py:104} INFO - [2025-02-11 18:54:57,619] {dag.py:1833} INFO - Sync 1 DAGs
[2025-02-11 18:54:57,664] {logging_mixin.py:104} INFO - [2025-02-11 18:54:57,663] {dag.py:2306} INFO - Setting next_dagrun for example_complex to None
[2025-02-11 18:54:57,692] {scheduler_job.py:190} INFO - Processing /home/airflow/.local/lib/python3.6/site-packages/airflow/example_dags/example_complex.py took 0.347 seconds
