[2025-02-11 18:54:15,105] {scheduler_job.py:182} INFO - Started process (PID=109) to work on /home/airflow/.local/lib/python3.6/site-packages/airflow/example_dags/example_xcom.py
[2025-02-11 18:54:15,113] {scheduler_job.py:633} INFO - Processing file /home/airflow/.local/lib/python3.6/site-packages/airflow/example_dags/example_xcom.py for tasks to queue
[2025-02-11 18:54:15,132] {logging_mixin.py:104} INFO - [2025-02-11 18:54:15,114] {dagbag.py:496} INFO - Filling up the DagBag from /home/airflow/.local/lib/python3.6/site-packages/airflow/example_dags/example_xcom.py
[2025-02-11 18:54:15,292] {scheduler_job.py:643} INFO - DAG(s) dict_keys(['example_xcom']) retrieved from /home/airflow/.local/lib/python3.6/site-packages/airflow/example_dags/example_xcom.py
[2025-02-11 18:54:16,256] {logging_mixin.py:104} INFO - [2025-02-11 18:54:16,253] {dag.py:1833} INFO - Sync 1 DAGs
[2025-02-11 18:54:16,311] {logging_mixin.py:104} INFO - [2025-02-11 18:54:16,311] {dag.py:2306} INFO - Setting next_dagrun for example_xcom to 2025-02-09 00:00:00+00:00
[2025-02-11 18:54:16,364] {scheduler_job.py:190} INFO - Processing /home/airflow/.local/lib/python3.6/site-packages/airflow/example_dags/example_xcom.py took 1.295 seconds
[2025-02-11 18:54:46,547] {scheduler_job.py:182} INFO - Started process (PID=155) to work on /home/airflow/.local/lib/python3.6/site-packages/airflow/example_dags/example_xcom.py
[2025-02-11 18:54:46,551] {scheduler_job.py:633} INFO - Processing file /home/airflow/.local/lib/python3.6/site-packages/airflow/example_dags/example_xcom.py for tasks to queue
[2025-02-11 18:54:46,554] {logging_mixin.py:104} INFO - [2025-02-11 18:54:46,554] {dagbag.py:496} INFO - Filling up the DagBag from /home/airflow/.local/lib/python3.6/site-packages/airflow/example_dags/example_xcom.py
[2025-02-11 18:54:46,616] {scheduler_job.py:643} INFO - DAG(s) dict_keys(['example_xcom']) retrieved from /home/airflow/.local/lib/python3.6/site-packages/airflow/example_dags/example_xcom.py
[2025-02-11 18:54:46,689] {logging_mixin.py:104} INFO - [2025-02-11 18:54:46,689] {dag.py:1833} INFO - Sync 1 DAGs
[2025-02-11 18:54:46,738] {logging_mixin.py:104} INFO - [2025-02-11 18:54:46,738] {dag.py:2306} INFO - Setting next_dagrun for example_xcom to 2025-02-09 00:00:00+00:00
[2025-02-11 18:54:46,772] {scheduler_job.py:190} INFO - Processing /home/airflow/.local/lib/python3.6/site-packages/airflow/example_dags/example_xcom.py took 0.232 seconds
[2025-02-11 18:55:17,303] {scheduler_job.py:182} INFO - Started process (PID=208) to work on /home/airflow/.local/lib/python3.6/site-packages/airflow/example_dags/example_xcom.py
[2025-02-11 18:55:17,306] {scheduler_job.py:633} INFO - Processing file /home/airflow/.local/lib/python3.6/site-packages/airflow/example_dags/example_xcom.py for tasks to queue
[2025-02-11 18:55:17,308] {logging_mixin.py:104} INFO - [2025-02-11 18:55:17,307] {dagbag.py:496} INFO - Filling up the DagBag from /home/airflow/.local/lib/python3.6/site-packages/airflow/example_dags/example_xcom.py
[2025-02-11 18:55:17,345] {scheduler_job.py:643} INFO - DAG(s) dict_keys(['example_xcom']) retrieved from /home/airflow/.local/lib/python3.6/site-packages/airflow/example_dags/example_xcom.py
[2025-02-11 18:55:17,402] {logging_mixin.py:104} INFO - [2025-02-11 18:55:17,402] {dag.py:1833} INFO - Sync 1 DAGs
[2025-02-11 18:55:17,428] {logging_mixin.py:104} INFO - [2025-02-11 18:55:17,428] {dag.py:2306} INFO - Setting next_dagrun for example_xcom to 2025-02-09 00:00:00+00:00
[2025-02-11 18:55:17,444] {scheduler_job.py:190} INFO - Processing /home/airflow/.local/lib/python3.6/site-packages/airflow/example_dags/example_xcom.py took 0.156 seconds
