[2025-02-11 18:54:09,748] {scheduler_job.py:182} INFO - Started process (PID=100) to work on /home/airflow/.local/lib/python3.6/site-packages/airflow/example_dags/tutorial_taskflow_api_etl_virtualenv.py
[2025-02-11 18:54:09,762] {scheduler_job.py:633} INFO - Processing file /home/airflow/.local/lib/python3.6/site-packages/airflow/example_dags/tutorial_taskflow_api_etl_virtualenv.py for tasks to queue
[2025-02-11 18:54:09,764] {logging_mixin.py:104} INFO - [2025-02-11 18:54:09,764] {dagbag.py:496} INFO - Filling up the DagBag from /home/airflow/.local/lib/python3.6/site-packages/airflow/example_dags/tutorial_taskflow_api_etl_virtualenv.py
[2025-02-11 18:54:10,208] {scheduler_job.py:643} INFO - DAG(s) dict_keys(['tutorial_taskflow_api_etl_virtualenv']) retrieved from /home/airflow/.local/lib/python3.6/site-packages/airflow/example_dags/tutorial_taskflow_api_etl_virtualenv.py
[2025-02-11 18:54:13,043] {logging_mixin.py:104} INFO - [2025-02-11 18:54:13,043] {dag.py:1833} INFO - Sync 1 DAGs
[2025-02-11 18:54:13,178] {logging_mixin.py:104} INFO - [2025-02-11 18:54:13,178] {dag.py:2306} INFO - Setting next_dagrun for tutorial_taskflow_api_etl_virtualenv to None
[2025-02-11 18:54:13,551] {scheduler_job.py:190} INFO - Processing /home/airflow/.local/lib/python3.6/site-packages/airflow/example_dags/tutorial_taskflow_api_etl_virtualenv.py took 3.963 seconds
[2025-02-11 18:54:43,827] {scheduler_job.py:182} INFO - Started process (PID=152) to work on /home/airflow/.local/lib/python3.6/site-packages/airflow/example_dags/tutorial_taskflow_api_etl_virtualenv.py
[2025-02-11 18:54:43,839] {scheduler_job.py:633} INFO - Processing file /home/airflow/.local/lib/python3.6/site-packages/airflow/example_dags/tutorial_taskflow_api_etl_virtualenv.py for tasks to queue
[2025-02-11 18:54:43,842] {logging_mixin.py:104} INFO - [2025-02-11 18:54:43,841] {dagbag.py:496} INFO - Filling up the DagBag from /home/airflow/.local/lib/python3.6/site-packages/airflow/example_dags/tutorial_taskflow_api_etl_virtualenv.py
[2025-02-11 18:54:43,928] {scheduler_job.py:643} INFO - DAG(s) dict_keys(['tutorial_taskflow_api_etl_virtualenv']) retrieved from /home/airflow/.local/lib/python3.6/site-packages/airflow/example_dags/tutorial_taskflow_api_etl_virtualenv.py
[2025-02-11 18:54:44,742] {logging_mixin.py:104} INFO - [2025-02-11 18:54:44,742] {dag.py:1833} INFO - Sync 1 DAGs
[2025-02-11 18:54:44,786] {logging_mixin.py:104} INFO - [2025-02-11 18:54:44,786] {dag.py:2306} INFO - Setting next_dagrun for tutorial_taskflow_api_etl_virtualenv to None
[2025-02-11 18:54:44,828] {scheduler_job.py:190} INFO - Processing /home/airflow/.local/lib/python3.6/site-packages/airflow/example_dags/tutorial_taskflow_api_etl_virtualenv.py took 1.016 seconds
[2025-02-11 18:55:15,443] {scheduler_job.py:182} INFO - Started process (PID=203) to work on /home/airflow/.local/lib/python3.6/site-packages/airflow/example_dags/tutorial_taskflow_api_etl_virtualenv.py
[2025-02-11 18:55:15,444] {scheduler_job.py:633} INFO - Processing file /home/airflow/.local/lib/python3.6/site-packages/airflow/example_dags/tutorial_taskflow_api_etl_virtualenv.py for tasks to queue
[2025-02-11 18:55:15,446] {logging_mixin.py:104} INFO - [2025-02-11 18:55:15,446] {dagbag.py:496} INFO - Filling up the DagBag from /home/airflow/.local/lib/python3.6/site-packages/airflow/example_dags/tutorial_taskflow_api_etl_virtualenv.py
[2025-02-11 18:55:15,488] {scheduler_job.py:643} INFO - DAG(s) dict_keys(['tutorial_taskflow_api_etl_virtualenv']) retrieved from /home/airflow/.local/lib/python3.6/site-packages/airflow/example_dags/tutorial_taskflow_api_etl_virtualenv.py
[2025-02-11 18:55:15,953] {logging_mixin.py:104} INFO - [2025-02-11 18:55:15,953] {dag.py:1833} INFO - Sync 1 DAGs
[2025-02-11 18:55:15,985] {logging_mixin.py:104} INFO - [2025-02-11 18:55:15,985] {dag.py:2306} INFO - Setting next_dagrun for tutorial_taskflow_api_etl_virtualenv to None
[2025-02-11 18:55:16,007] {scheduler_job.py:190} INFO - Processing /home/airflow/.local/lib/python3.6/site-packages/airflow/example_dags/tutorial_taskflow_api_etl_virtualenv.py took 0.571 seconds
