[2025-02-11 18:53:55,686] {scheduler_job.py:182} INFO - Started process (PID=88) to work on /home/airflow/.local/lib/python3.6/site-packages/airflow/example_dags/tutorial_taskflow_api_etl.py
[2025-02-11 18:53:55,689] {scheduler_job.py:633} INFO - Processing file /home/airflow/.local/lib/python3.6/site-packages/airflow/example_dags/tutorial_taskflow_api_etl.py for tasks to queue
[2025-02-11 18:53:55,690] {logging_mixin.py:104} INFO - [2025-02-11 18:53:55,690] {dagbag.py:496} INFO - Filling up the DagBag from /home/airflow/.local/lib/python3.6/site-packages/airflow/example_dags/tutorial_taskflow_api_etl.py
[2025-02-11 18:53:55,794] {scheduler_job.py:643} INFO - DAG(s) dict_keys(['tutorial_taskflow_api_etl']) retrieved from /home/airflow/.local/lib/python3.6/site-packages/airflow/example_dags/tutorial_taskflow_api_etl.py
[2025-02-11 18:53:56,836] {logging_mixin.py:104} INFO - [2025-02-11 18:53:56,836] {dag.py:1833} INFO - Sync 1 DAGs
[2025-02-11 18:53:56,910] {logging_mixin.py:104} INFO - [2025-02-11 18:53:56,909] {dag.py:2306} INFO - Setting next_dagrun for tutorial_taskflow_api_etl to None
[2025-02-11 18:53:57,066] {scheduler_job.py:190} INFO - Processing /home/airflow/.local/lib/python3.6/site-packages/airflow/example_dags/tutorial_taskflow_api_etl.py took 1.421 seconds
[2025-02-11 18:54:27,591] {scheduler_job.py:182} INFO - Started process (PID=132) to work on /home/airflow/.local/lib/python3.6/site-packages/airflow/example_dags/tutorial_taskflow_api_etl.py
[2025-02-11 18:54:27,604] {scheduler_job.py:633} INFO - Processing file /home/airflow/.local/lib/python3.6/site-packages/airflow/example_dags/tutorial_taskflow_api_etl.py for tasks to queue
[2025-02-11 18:54:27,607] {logging_mixin.py:104} INFO - [2025-02-11 18:54:27,606] {dagbag.py:496} INFO - Filling up the DagBag from /home/airflow/.local/lib/python3.6/site-packages/airflow/example_dags/tutorial_taskflow_api_etl.py
[2025-02-11 18:54:27,696] {scheduler_job.py:643} INFO - DAG(s) dict_keys(['tutorial_taskflow_api_etl']) retrieved from /home/airflow/.local/lib/python3.6/site-packages/airflow/example_dags/tutorial_taskflow_api_etl.py
[2025-02-11 18:54:28,533] {logging_mixin.py:104} INFO - [2025-02-11 18:54:28,533] {dag.py:1833} INFO - Sync 1 DAGs
[2025-02-11 18:54:28,573] {logging_mixin.py:104} INFO - [2025-02-11 18:54:28,572] {dag.py:2306} INFO - Setting next_dagrun for tutorial_taskflow_api_etl to None
[2025-02-11 18:54:28,605] {scheduler_job.py:190} INFO - Processing /home/airflow/.local/lib/python3.6/site-packages/airflow/example_dags/tutorial_taskflow_api_etl.py took 1.072 seconds
[2025-02-11 18:54:58,724] {scheduler_job.py:182} INFO - Started process (PID=184) to work on /home/airflow/.local/lib/python3.6/site-packages/airflow/example_dags/tutorial_taskflow_api_etl.py
[2025-02-11 18:54:58,726] {scheduler_job.py:633} INFO - Processing file /home/airflow/.local/lib/python3.6/site-packages/airflow/example_dags/tutorial_taskflow_api_etl.py for tasks to queue
[2025-02-11 18:54:58,727] {logging_mixin.py:104} INFO - [2025-02-11 18:54:58,727] {dagbag.py:496} INFO - Filling up the DagBag from /home/airflow/.local/lib/python3.6/site-packages/airflow/example_dags/tutorial_taskflow_api_etl.py
[2025-02-11 18:54:58,761] {scheduler_job.py:643} INFO - DAG(s) dict_keys(['tutorial_taskflow_api_etl']) retrieved from /home/airflow/.local/lib/python3.6/site-packages/airflow/example_dags/tutorial_taskflow_api_etl.py
[2025-02-11 18:54:59,150] {logging_mixin.py:104} INFO - [2025-02-11 18:54:59,149] {dag.py:1833} INFO - Sync 1 DAGs
[2025-02-11 18:54:59,177] {logging_mixin.py:104} INFO - [2025-02-11 18:54:59,176] {dag.py:2306} INFO - Setting next_dagrun for tutorial_taskflow_api_etl to None
[2025-02-11 18:54:59,201] {scheduler_job.py:190} INFO - Processing /home/airflow/.local/lib/python3.6/site-packages/airflow/example_dags/tutorial_taskflow_api_etl.py took 0.482 seconds
