[2025-02-11 18:53:53,768] {scheduler_job.py:182} INFO - Started process (PID=78) to work on /home/airflow/.local/lib/python3.6/site-packages/airflow/example_dags/tutorial_etl_dag.py
[2025-02-11 18:53:53,771] {scheduler_job.py:633} INFO - Processing file /home/airflow/.local/lib/python3.6/site-packages/airflow/example_dags/tutorial_etl_dag.py for tasks to queue
[2025-02-11 18:53:53,777] {logging_mixin.py:104} INFO - [2025-02-11 18:53:53,777] {dagbag.py:496} INFO - Filling up the DagBag from /home/airflow/.local/lib/python3.6/site-packages/airflow/example_dags/tutorial_etl_dag.py
[2025-02-11 18:53:53,843] {scheduler_job.py:643} INFO - DAG(s) dict_keys(['tutorial_etl_dag']) retrieved from /home/airflow/.local/lib/python3.6/site-packages/airflow/example_dags/tutorial_etl_dag.py
[2025-02-11 18:53:54,421] {logging_mixin.py:104} INFO - [2025-02-11 18:53:54,421] {dag.py:1833} INFO - Sync 1 DAGs
[2025-02-11 18:53:54,457] {logging_mixin.py:104} INFO - [2025-02-11 18:53:54,457] {dag.py:2306} INFO - Setting next_dagrun for tutorial_etl_dag to None
[2025-02-11 18:53:54,489] {scheduler_job.py:190} INFO - Processing /home/airflow/.local/lib/python3.6/site-packages/airflow/example_dags/tutorial_etl_dag.py took 0.739 seconds
[2025-02-11 18:54:25,213] {scheduler_job.py:182} INFO - Started process (PID=129) to work on /home/airflow/.local/lib/python3.6/site-packages/airflow/example_dags/tutorial_etl_dag.py
[2025-02-11 18:54:25,220] {scheduler_job.py:633} INFO - Processing file /home/airflow/.local/lib/python3.6/site-packages/airflow/example_dags/tutorial_etl_dag.py for tasks to queue
[2025-02-11 18:54:25,231] {logging_mixin.py:104} INFO - [2025-02-11 18:54:25,222] {dagbag.py:496} INFO - Filling up the DagBag from /home/airflow/.local/lib/python3.6/site-packages/airflow/example_dags/tutorial_etl_dag.py
[2025-02-11 18:54:25,391] {scheduler_job.py:643} INFO - DAG(s) dict_keys(['tutorial_etl_dag']) retrieved from /home/airflow/.local/lib/python3.6/site-packages/airflow/example_dags/tutorial_etl_dag.py
[2025-02-11 18:54:25,544] {logging_mixin.py:104} INFO - [2025-02-11 18:54:25,543] {dag.py:1833} INFO - Sync 1 DAGs
[2025-02-11 18:54:25,640] {logging_mixin.py:104} INFO - [2025-02-11 18:54:25,640] {dag.py:2306} INFO - Setting next_dagrun for tutorial_etl_dag to None
[2025-02-11 18:54:25,685] {scheduler_job.py:190} INFO - Processing /home/airflow/.local/lib/python3.6/site-packages/airflow/example_dags/tutorial_etl_dag.py took 0.561 seconds
[2025-02-11 18:54:55,979] {scheduler_job.py:182} INFO - Started process (PID=180) to work on /home/airflow/.local/lib/python3.6/site-packages/airflow/example_dags/tutorial_etl_dag.py
[2025-02-11 18:54:55,994] {scheduler_job.py:633} INFO - Processing file /home/airflow/.local/lib/python3.6/site-packages/airflow/example_dags/tutorial_etl_dag.py for tasks to queue
[2025-02-11 18:54:55,996] {logging_mixin.py:104} INFO - [2025-02-11 18:54:55,995] {dagbag.py:496} INFO - Filling up the DagBag from /home/airflow/.local/lib/python3.6/site-packages/airflow/example_dags/tutorial_etl_dag.py
[2025-02-11 18:54:56,053] {scheduler_job.py:643} INFO - DAG(s) dict_keys(['tutorial_etl_dag']) retrieved from /home/airflow/.local/lib/python3.6/site-packages/airflow/example_dags/tutorial_etl_dag.py
[2025-02-11 18:54:56,155] {logging_mixin.py:104} INFO - [2025-02-11 18:54:56,155] {dag.py:1833} INFO - Sync 1 DAGs
[2025-02-11 18:54:56,232] {logging_mixin.py:104} INFO - [2025-02-11 18:54:56,232] {dag.py:2306} INFO - Setting next_dagrun for tutorial_etl_dag to None
[2025-02-11 18:54:56,276] {scheduler_job.py:190} INFO - Processing /home/airflow/.local/lib/python3.6/site-packages/airflow/example_dags/tutorial_etl_dag.py took 0.352 seconds
