[2025-02-11 18:53:52,096] {scheduler_job.py:182} INFO - Started process (PID=76) to work on /home/airflow/.local/lib/python3.6/site-packages/airflow/example_dags/tutorial.py
[2025-02-11 18:53:52,107] {scheduler_job.py:633} INFO - Processing file /home/airflow/.local/lib/python3.6/site-packages/airflow/example_dags/tutorial.py for tasks to queue
[2025-02-11 18:53:52,109] {logging_mixin.py:104} INFO - [2025-02-11 18:53:52,108] {dagbag.py:496} INFO - Filling up the DagBag from /home/airflow/.local/lib/python3.6/site-packages/airflow/example_dags/tutorial.py
[2025-02-11 18:53:52,194] {scheduler_job.py:643} INFO - DAG(s) dict_keys(['tutorial']) retrieved from /home/airflow/.local/lib/python3.6/site-packages/airflow/example_dags/tutorial.py
[2025-02-11 18:53:53,541] {logging_mixin.py:104} INFO - [2025-02-11 18:53:53,540] {dag.py:1833} INFO - Sync 1 DAGs
[2025-02-11 18:53:53,599] {logging_mixin.py:104} INFO - [2025-02-11 18:53:53,599] {dag.py:2306} INFO - Setting next_dagrun for tutorial to 2025-02-09 00:00:00+00:00
[2025-02-11 18:53:53,670] {scheduler_job.py:190} INFO - Processing /home/airflow/.local/lib/python3.6/site-packages/airflow/example_dags/tutorial.py took 1.583 seconds
[2025-02-11 18:54:24,081] {scheduler_job.py:182} INFO - Started process (PID=127) to work on /home/airflow/.local/lib/python3.6/site-packages/airflow/example_dags/tutorial.py
[2025-02-11 18:54:24,083] {scheduler_job.py:633} INFO - Processing file /home/airflow/.local/lib/python3.6/site-packages/airflow/example_dags/tutorial.py for tasks to queue
[2025-02-11 18:54:24,086] {logging_mixin.py:104} INFO - [2025-02-11 18:54:24,085] {dagbag.py:496} INFO - Filling up the DagBag from /home/airflow/.local/lib/python3.6/site-packages/airflow/example_dags/tutorial.py
[2025-02-11 18:54:24,134] {scheduler_job.py:643} INFO - DAG(s) dict_keys(['tutorial']) retrieved from /home/airflow/.local/lib/python3.6/site-packages/airflow/example_dags/tutorial.py
[2025-02-11 18:54:24,231] {logging_mixin.py:104} INFO - [2025-02-11 18:54:24,230] {dag.py:1833} INFO - Sync 1 DAGs
[2025-02-11 18:54:24,307] {logging_mixin.py:104} INFO - [2025-02-11 18:54:24,306] {dag.py:2306} INFO - Setting next_dagrun for tutorial to 2025-02-09 00:00:00+00:00
[2025-02-11 18:54:24,343] {scheduler_job.py:190} INFO - Processing /home/airflow/.local/lib/python3.6/site-packages/airflow/example_dags/tutorial.py took 0.272 seconds
[2025-02-11 18:54:54,931] {scheduler_job.py:182} INFO - Started process (PID=178) to work on /home/airflow/.local/lib/python3.6/site-packages/airflow/example_dags/tutorial.py
[2025-02-11 18:54:54,934] {scheduler_job.py:633} INFO - Processing file /home/airflow/.local/lib/python3.6/site-packages/airflow/example_dags/tutorial.py for tasks to queue
[2025-02-11 18:54:54,939] {logging_mixin.py:104} INFO - [2025-02-11 18:54:54,938] {dagbag.py:496} INFO - Filling up the DagBag from /home/airflow/.local/lib/python3.6/site-packages/airflow/example_dags/tutorial.py
[2025-02-11 18:54:54,982] {scheduler_job.py:643} INFO - DAG(s) dict_keys(['tutorial']) retrieved from /home/airflow/.local/lib/python3.6/site-packages/airflow/example_dags/tutorial.py
[2025-02-11 18:54:55,077] {logging_mixin.py:104} INFO - [2025-02-11 18:54:55,077] {dag.py:1833} INFO - Sync 1 DAGs
[2025-02-11 18:54:55,129] {logging_mixin.py:104} INFO - [2025-02-11 18:54:55,129] {dag.py:2306} INFO - Setting next_dagrun for tutorial to 2025-02-09 00:00:00+00:00
[2025-02-11 18:54:55,159] {scheduler_job.py:190} INFO - Processing /home/airflow/.local/lib/python3.6/site-packages/airflow/example_dags/tutorial.py took 0.238 seconds
